Nodos Aristas Frontera |CMF| Segundos
4500 8998 4500 2 0.00109300000000000
4500 8998 4500 2 0.00110800000000000
4500 8998 4500 2 0.00109700000000000
4500 8998 4500 2 0.00110100000000000
4500 8998 4500 2 0.00110700000000000
4500 8998 4500 2 0.00109500000000000
4500 8998 4500 2 0.00109300000000000
5000 9998 5000 2 0.00122400000000000
5000 9998 5000 2 0.00123700000000000
5000 9998 5000 2 0.00124000000000000
5000 9998 5000 2 0.00121800000000000
5000 9998 5000 2 0.00128000000000000
4000 7998 4000 2 0.00068500000000000
4000 7998 4000 2 0.00084000000000000
4000 7998 4000 2 0.00069300000000000
4000 7998 4000 2 0.00068600000000000
4000 7998 4000 2 0.00076800000000000
4000 7998 4000 2 0.00070700000000000
4000 7998 4000 2 0.00083500000000000
4000 7998 4000 2 0.00084800000000000
4000 7998 4000 2 0.00102200000000000
4000 7998 4000 2 0.00100700000000000
5000 9998 5000 2 0.00148200000000000
3500 6998 3500 2 0.02676800000000000
3500 6998 3500 2 0.02768500000000000
3500 6998 3500 2 0.02888300000000000
3500 6998 3500 2 0.02838200000000000
3500 6998 3500 2 0.03595300000000000
3500 6998 3500 2 0.03806700000000000
3500 6998 3500 2 0.03783700000000000
3500 6998 3500 2 0.03670100000000000
3500 6998 3500 2 0.03862700000000000
3500 6998 3500 2 0.03879200000000000
5500 10998 5500 2 0.00141300000000000
4500 8998 4500 2 0.00087300000000000
4500 8998 4500 2 0.00087800000000000
4500 8998 4500 2 0.00088200000000000
6500 12998 6500 2 0.00164200000000000
6500 12998 6500 2 0.00162800000000000
6500 12998 6500 2 0.00163100000000000
6500 12998 6500 2 0.00162500000000000
6500 12998 6500 2 0.00164700000000000
6500 12998 6500 2 0.00165300000000000
6500 12998 6500 2 0.00163500000000000
6500 12998 6500 2 0.00167900000000000
6500 12998 6500 2 0.00176600000000000
6000 11998 6000 2 0.00128500000000000
6000 11998 6000 2 0.00129200000000000
6000 11998 6000 2 0.00124400000000000
6500 12998 6500 2 0.00176400000000000
5000 9998 5000 2 0.06479000000000000
5000 9998 5000 2 0.06568400000000001
5000 9998 5000 2 0.06558799999999999
5000 9998 5000 2 0.06626600000000001
7000 13998 7000 2 0.00186700000000000
7000 13998 7000 2 0.00185200000000000
5500 10998 5500 2 0.07373800000000000
5500 10998 5500 2 0.07370200000000000
5500 10998 5500 2 0.07364100000000000
5500 10998 5500 2 0.07368600000000000
7000 13998 7000 2 0.00180500000000000
5500 10998 5500 2 0.07264500000000000
5500 10998 5500 2 0.07245799999999999
6000 11998 6000 2 0.00123100000000000
6000 11998 6000 2 0.00151200000000000
6000 11998 6000 2 0.00157500000000000
6000 11998 6000 2 0.00175500000000000
6000 11998 6000 2 0.00178500000000000
6000 11998 6000 2 0.00176500000000000
6000 11998 6000 2 0.00249600000000000
7500 14998 7500 2 0.00204900000000000
5500 10998 5500 2 0.07466399999999999
5500 10998 5500 2 0.07506500000000001
5500 10998 5500 2 0.07526200000000000
8000 15998 8000 2 0.00230000000000000
8000 15998 8000 2 0.00226800000000000
8000 15998 8000 2 0.00223400000000000
8500 16998 8500 2 0.00243100000000000
8500 16998 8500 2 0.00249300000000000
8500 16998 8500 2 0.00247200000000000
7000 13998 7000 2 0.11063199999999999
7000 13998 7000 2 0.10996900000000000
7000 13998 7000 2 0.11079200000000000
8500 16998 8500 2 0.00246800000000000
8500 16998 8500 2 0.00242800000000000
8500 16998 8500 2 0.00248000000000000
8500 16998 8500 2 0.00256100000000000
9000 17998 9000 2 0.00228900000000000
7000 13998 7000 2 0.09082000000000000
7000 13998 7000 2 0.08827500000000001
7000 13998 7000 2 0.09175300000000000
7000 13998 7000 2 0.09282899999999999
9000 17998 9000 2 0.00215600000000000
7500 14998 7500 2 0.09596399999999999
7500 14998 7500 2 0.10109700000000001
9000 17998 9000 2 0.00221700000000000
7500 14998 7500 2 0.10274600000000000
9000 17998 9000 2 0.00215400000000000
7500 14998 7500 2 0.09480400000000000
7500 14998 7500 2 0.09801799999999999
7500 14998 7500 2 0.09841600000000000
7500 14998 7500 2 0.09799099999999999
7500 14998 7500 2 0.09988100000000000
7500 14998 7500 2 0.10144300000000001
9500 18998 9500 2 0.00260300000000000
8000 15998 8000 2 0.11157499999999999
8000 15998 8000 2 0.11132200000000000
8000 15998 8000 2 0.11043799999999999
8000 15998 8000 2 0.11252700000000000
9500 18998 9500 2 0.00245200000000000
10000 19998 10000 2 0.00256100000000000
10000 19998 10000 2 0.00257900000000000
10000 19998 10000 2 0.00258600000000000
8000 15998 8000 2 0.10554100000000000
10000 19998 10000 2 0.00257500000000000
8000 15998 8000 2 0.10456000000000000
8000 15998 8000 2 0.10788000000000000
10000 19998 10000 2 0.00332700000000000
8500 16998 8500 2 0.11226300000000000
8500 16998 8500 2 0.11149600000000000
8500 16998 8500 2 0.11141400000000000
9500 18998 9500 2 0.00316700000000000
9500 18998 9500 2 0.00308300000000000
9500 18998 9500 2 0.00265800000000000
9500 18998 9500 2 0.00313300000000000
9500 18998 9500 2 0.00257200000000000
9500 18998 9500 2 0.00379500000000000
9500 18998 9500 2 0.00386400000000000
9500 18998 9500 2 0.00259800000000000
9000 17998 9000 2 0.05210500000000000
9000 17998 9000 2 0.05314100000000000
9000 17998 9000 2 0.03892800000000000
9000 17998 9000 2 0.03619800000000000
9000 17998 9000 2 0.04598700000000000
9000 17998 9000 2 0.04383900000000000
10000 19998 10000 2 0.00623500000000000
10000 19998 10000 2 0.00627100000000000
10000 19998 10000 2 0.00683700000000000
10000 19998 10000 2 0.00484300000000000
10000 19998 10000 2 0.00487300000000000
