Nodos Aristas Frontera |CMF| Segundos
2 1 1 1 0.00001100000000000
2 1 1 1 0.00001100000000000
3 3 2 1 0.00000100000000000
3 3 2 1 0.00000100000000000
2 1 1 1 0.00000800000000000
4 6 4 2 0.00000200000000000
4 6 4 2 0.00000200000000000
4 6 4 2 0.00001100000000000
4 6 4 2 0.00000200000000000
5 8 5 2 0.00002700000000000
3 3 2 1 0.00000100000000000
3 3 2 1 0.00082200000000000
3 3 2 1 0.00000600000000000
5 8 5 2 0.00001000000000000
4 6 4 2 0.00000100000000000
3 3 2 1 0.00000200000000000
2 1 1 1 0.00001100000000000
4 6 4 2 0.00015400000000000
5 8 5 2 0.00000800000000000
5 8 5 2 0.00000800000000000
2 1 1 1 0.00000800000000000
6 10 6 2 0.00002200000000000
3 3 2 1 0.00000300000000000
5 8 5 2 0.00001000000000000
6 10 6 2 0.00002300000000000
4 6 4 2 0.00000200000000000
5 8 5 2 0.00001100000000000
6 10 6 2 0.00001800000000000
5 8 5 2 0.00002100000000000
6 10 6 2 0.00001200000000000
6 10 6 2 0.00001600000000000
4 6 4 2 0.00000100000000000
7 12 7 2 0.00001200000000000
2 1 1 1 0.00000700000000000
4 6 4 2 0.00000100000000000
2 1 1 1 0.00016800000000000
6 10 6 2 0.00001400000000000
2 1 1 1 0.00001100000000000
3 3 2 1 0.00000100000000000
7 12 7 2 0.00001300000000000
3 3 2 1 0.00000100000000000
8 14 8 2 0.00002200000000000
5 8 5 2 0.00002000000000000
7 12 7 2 0.00001200000000000
7 12 7 2 0.00001500000000000
4 6 4 2 0.00000200000000000
3 3 2 1 0.00000200000000000
8 14 8 2 0.00002000000000000
6 10 6 2 0.00001800000000000
8 14 8 2 0.00001600000000000
7 12 7 2 0.00001800000000000
8 14 8 2 0.00002000000000000
8 14 8 2 0.00001600000000000
5 8 5 2 0.00000900000000000
9 16 9 2 0.00002100000000000
8 14 8 2 0.00002000000000000
9 16 9 2 0.00002100000000000
9 16 9 2 0.00002600000000000
9 16 9 2 0.00002500000000000
7 12 7 2 0.00001500000000000
9 16 9 2 0.00002400000000000
7 12 7 2 0.00001200000000000
6 10 6 2 0.00001100000000000
9 16 9 2 0.00002100000000000
10 18 10 2 0.00003500000000000
10 18 10 2 0.00003000000000000
7 12 7 2 0.00001600000000000
10 18 10 2 0.00002900000000000
10 18 10 2 0.00002900000000000
10 18 10 2 0.00003200000000000
10 18 10 2 0.00004100000000000
10 18 10 2 0.00002500000000000
9 16 9 2 0.00002600000000000
8 14 8 2 0.00001900000000000
11 20 11 2 0.00003300000000000
6 10 6 2 0.00002000000000000
11 20 11 2 0.00003300000000000
8 14 8 2 0.00001900000000000
11 20 11 2 0.00004100000000000
11 20 11 2 0.00003300000000000
10 18 10 2 0.00003100000000000
12 22 12 2 0.00004000000000000
11 20 11 2 0.00005100000000000
7 12 7 2 0.00001800000000000
9 16 9 2 0.00002700000000000
8 14 8 2 0.00001500000000000
10 18 10 2 0.00003300000000000
12 22 12 2 0.00004900000000000
12 22 12 2 0.00004900000000000
11 20 11 2 0.00003600000000000
8 14 8 2 0.00001800000000000
12 22 12 2 0.00003900000000000
12 22 12 2 0.00004900000000000
12 22 12 2 0.00003900000000000
13 24 13 2 0.00006000000000000
11 20 11 2 0.00003300000000000
12 22 12 2 0.00004000000000000
11 20 11 2 0.00005300000000000
5 8 5 2 0.00001700000000000
6 10 6 2 0.00002800000000000
2 1 1 1 0.00000900000000000
12 22 12 2 0.00004700000000000
13 24 13 2 0.00004800000000000
13 24 13 2 0.00006000000000000
9 16 9 2 0.00002600000000000
13 24 13 2 0.00006100000000000
13 24 13 2 0.00004600000000000
9 16 9 2 0.00002700000000000
13 24 13 2 0.00005900000000000
13 24 13 2 0.00006400000000000
13 24 13 2 0.00005000000000000
2 1 1 1 0.00000400000000000
14 26 14 2 0.00007300000000000
14 26 14 2 0.00005400000000000
14 26 14 2 0.00007300000000000
10 18 10 2 0.00002500000000000
13 24 13 2 0.00005600000000000
13 24 13 2 0.00006200000000000
15 28 15 2 0.00007800000000000
15 28 15 2 0.00009000000000000
15 28 15 2 0.00007200000000000
7 12 7 2 0.00001600000000000
14 26 14 2 0.00007300000000000
15 28 15 2 0.00008800000000000
15 28 15 2 0.00007700000000000
14 26 14 2 0.00007400000000000
14 26 14 2 0.00007000000000000
11 20 11 2 0.00005500000000000
14 26 14 2 0.00005300000000000
15 28 15 2 0.00008700000000000
15 28 15 2 0.00009500000000000
14 26 14 2 0.00008100000000000
11 20 11 2 0.00004100000000000
16 30 16 2 0.00007900000000000
16 30 16 2 0.00009600000000000
15 28 15 2 0.00007300000000000
16 30 16 2 0.00007800000000000
16 30 16 2 0.00007700000000000
17 32 17 2 0.00011400000000000
17 32 17 2 0.00009100000000000
16 30 16 2 0.00007700000000000
15 28 15 2 0.00009000000000000
17 32 17 2 0.00009400000000000
17 32 17 2 0.00011300000000000
17 32 17 2 0.00009200000000000
15 28 15 2 0.00008800000000000
18 34 18 2 0.00012400000000000
16 30 16 2 0.00009600000000000
14 26 14 2 0.00006900000000000
18 34 18 2 0.00011900000000000
17 32 17 2 0.00011200000000000
12 22 12 2 0.00005100000000000
18 34 18 2 0.00012000000000000
18 34 18 2 0.00012000000000000
18 34 18 2 0.00014100000000000
18 34 18 2 0.00012100000000000
18 34 18 2 0.00010800000000000
16 30 16 2 0.00009700000000000
18 34 18 2 0.00015200000000000
17 32 17 2 0.00011400000000000
19 36 19 2 0.00013400000000000
12 22 12 2 0.00004600000000000
18 34 18 2 0.00014800000000000
17 32 17 2 0.00011500000000000
16 30 16 2 0.00010000000000000
19 36 19 2 0.00014400000000000
16 30 16 2 0.00009800000000000
19 36 19 2 0.00017000000000000
19 36 19 2 0.00017000000000000
19 36 19 2 0.00013300000000000
19 36 19 2 0.00017200000000000
19 36 19 2 0.00016800000000000
19 36 19 2 0.00013500000000000
20 38 20 2 0.00013600000000000
16 30 16 2 0.00009700000000000
20 38 20 2 0.00018200000000000
20 38 20 2 0.00014800000000000
19 36 19 2 0.00017100000000000
19 36 19 2 0.00013600000000000
20 38 20 2 0.00017600000000000
20 38 20 2 0.00019300000000000
20 38 20 2 0.00014800000000000
18 34 18 2 0.00015100000000000
20 38 20 2 0.00019800000000000
20 38 20 2 0.00019400000000000
17 32 17 2 0.00011300000000000
21 40 21 2 0.00017700000000000
21 40 21 2 0.00021000000000000
21 40 21 2 0.00022100000000000
21 40 21 2 0.00017100000000000
21 40 21 2 0.00021900000000000
21 40 21 2 0.00017200000000000
21 40 21 2 0.00021600000000000
14 26 14 2 0.00006900000000000
22 42 22 2 0.00018600000000000
21 40 21 2 0.00021400000000000
21 40 21 2 0.00021700000000000
22 42 22 2 0.00018600000000000
22 42 22 2 0.00023400000000000
22 42 22 2 0.00018100000000000
22 42 22 2 0.00023600000000000
17 32 17 2 0.00011300000000000
20 38 20 2 0.00018200000000000
22 42 22 2 0.00023300000000000
20 38 20 2 0.00019500000000000
22 42 22 2 0.00023500000000000
23 44 23 2 0.00021900000000000
22 42 22 2 0.00024000000000000
23 44 23 2 0.00021500000000000
21 40 21 2 0.00021000000000000
23 44 23 2 0.00021400000000000
23 44 23 2 0.00026700000000000
22 42 22 2 0.00022700000000000
22 42 22 2 0.00022400000000000
23 44 23 2 0.00026200000000000
23 44 23 2 0.00021100000000000
23 44 23 2 0.00026300000000000
23 44 23 2 0.00026300000000000
23 44 23 2 0.00026800000000000
24 46 24 2 0.00023100000000000
23 44 23 2 0.00026300000000000
24 46 24 2 0.00023700000000000
24 46 24 2 0.00029300000000000
24 46 24 2 0.00028100000000000
24 46 24 2 0.00028100000000000
24 46 24 2 0.00026900000000000
24 46 24 2 0.00027800000000000
24 46 24 2 0.00028000000000000
25 48 25 2 0.00025700000000000
24 46 24 2 0.00029700000000000
25 48 25 2 0.00026000000000000
24 46 24 2 0.00029400000000000
25 48 25 2 0.00025700000000000
25 48 25 2 0.00032200000000000
25 48 25 2 0.00025600000000000
25 48 25 2 0.00032900000000000
25 48 25 2 0.00032800000000000
25 48 25 2 0.00032600000000000
25 48 25 2 0.00032600000000000
25 48 25 2 0.00032300000000000
26 50 26 2 0.00028000000000000
26 50 26 2 0.00026600000000000
26 50 26 2 0.00033600000000000
26 50 26 2 0.00033500000000000
26 50 26 2 0.00033700000000000
26 50 26 2 0.00035000000000000
26 50 26 2 0.00032300000000000
26 50 26 2 0.00035000000000000
26 50 26 2 0.00033200000000000
26 50 26 2 0.00035300000000000
27 52 27 2 0.00032000000000000
27 52 27 2 0.00031200000000000
27 52 27 2 0.00039300000000000
27 52 27 2 0.00031500000000000
27 52 27 2 0.00038500000000000
27 52 27 2 0.00039100000000000
27 52 27 2 0.00031500000000000
27 52 27 2 0.00039100000000000
27 52 27 2 0.00039000000000000
28 54 28 2 0.00032300000000000
27 52 27 2 0.00038700000000000
28 54 28 2 0.00032500000000000
28 54 28 2 0.00039500000000000
28 54 28 2 0.00040900000000000
28 54 28 2 0.00042700000000000
28 54 28 2 0.00042900000000000
28 54 28 2 0.00039600000000000
28 54 28 2 0.00043000000000000
28 54 28 2 0.00042600000000000
28 54 28 2 0.00040800000000000
29 56 29 2 0.00037200000000000
29 56 29 2 0.00038000000000000
29 56 29 2 0.00047500000000000
29 56 29 2 0.00046700000000000
29 56 29 2 0.00038000000000000
29 56 29 2 0.00046800000000000
29 56 29 2 0.00046900000000000
30 58 30 2 0.00039100000000000
29 56 29 2 0.00046500000000000
29 56 29 2 0.00046800000000000
29 56 29 2 0.00046900000000000
30 58 30 2 0.00039100000000000
30 58 30 2 0.00038800000000000
30 58 30 2 0.00049400000000000
30 58 30 2 0.00049100000000000
30 58 30 2 0.00049000000000000
30 58 30 2 0.00048700000000000
30 58 30 2 0.00048400000000000
30 58 30 2 0.00049400000000000
30 58 30 2 0.00049300000000000
31 60 31 2 0.00043300000000000
31 60 31 2 0.00054400000000000
31 60 31 2 0.00043600000000000
31 60 31 2 0.00054200000000000
31 60 31 2 0.00054200000000000
31 60 31 2 0.00043700000000000
31 60 31 2 0.00054000000000000
32 62 32 2 0.00047100000000000
31 60 31 2 0.00054000000000000
31 60 31 2 0.00054800000000000
31 60 31 2 0.00054000000000000
32 62 32 2 0.00046600000000000
32 62 32 2 0.00059300000000000
32 62 32 2 0.00048600000000000
32 62 32 2 0.00057600000000000
32 62 32 2 0.00060700000000000
32 62 32 2 0.00061300000000000
32 62 32 2 0.00058800000000000
32 62 32 2 0.00058900000000000
32 62 32 2 0.00059100000000000
33 64 33 2 0.00052700000000000
33 64 33 2 0.00067000000000000
33 64 33 2 0.00053400000000000
33 64 33 2 0.00066800000000000
33 64 33 2 0.00066800000000000
33 64 33 2 0.00066900000000000
33 64 33 2 0.00053800000000000
33 64 33 2 0.00067200000000000
33 64 33 2 0.00066500000000000
34 66 34 2 0.00058100000000000
33 64 33 2 0.00066700000000000
34 66 34 2 0.00058200000000000
34 66 34 2 0.00072700000000000
34 66 34 2 0.00060300000000000
34 66 34 2 0.00073600000000000
34 66 34 2 0.00075200000000000
34 66 34 2 0.00075100000000000
34 66 34 2 0.00075700000000000
34 66 34 2 0.00073000000000000
34 66 34 2 0.00072700000000000
35 68 35 2 0.00087900000000000
35 68 35 2 0.00070700000000000
35 68 35 2 0.00087700000000000
35 68 35 2 0.00071500000000000
35 68 35 2 0.00088100000000000
35 68 35 2 0.00089100000000000
36 70 36 2 0.00075900000000000
35 68 35 2 0.00088800000000000
35 68 35 2 0.00088300000000000
36 70 36 2 0.00073200000000000
35 68 35 2 0.00088500000000000
35 68 35 2 0.00087800000000000
36 70 36 2 0.00075000000000000
36 70 36 2 0.00075000000000000
36 70 36 2 0.00094700000000000
36 70 36 2 0.00091100000000000
36 70 36 2 0.00093800000000000
36 70 36 2 0.00093700000000000
36 70 36 2 0.00091100000000000
36 70 36 2 0.00093800000000000
37 72 37 2 0.00102900000000000
37 72 37 2 0.00103900000000000
37 72 37 2 0.00104100000000000
37 72 37 2 0.00082200000000000
37 72 37 2 0.00102600000000000
37 72 37 2 0.00082400000000000
38 74 38 2 0.00082900000000000
37 72 37 2 0.00102900000000000
37 72 37 2 0.00102800000000000
37 72 37 2 0.00103200000000000
38 74 38 2 0.00089000000000000
37 72 37 2 0.00103000000000000
38 74 38 2 0.00088000000000000
38 74 38 2 0.00088500000000000
38 74 38 2 0.00108100000000000
38 74 38 2 0.00107200000000000
38 74 38 2 0.00107000000000000
38 74 38 2 0.00110700000000000
38 74 38 2 0.00107700000000000
38 74 38 2 0.00110900000000000
39 76 39 2 0.00115000000000000
39 76 39 2 0.00115200000000000
39 76 39 2 0.00115900000000000
39 76 39 2 0.00115500000000000
39 76 39 2 0.00092900000000000
39 76 39 2 0.00092800000000000
39 76 39 2 0.00115200000000000
39 76 39 2 0.00116100000000000
40 78 40 2 0.00099000000000000
39 76 39 2 0.00116500000000000
39 76 39 2 0.00114700000000000
40 78 40 2 0.00093500000000000
40 78 40 2 0.00098000000000000
40 78 40 2 0.00115300000000000
40 78 40 2 0.00094800000000000
40 78 40 2 0.00122200000000000
40 78 40 2 0.00123200000000000
40 78 40 2 0.00122200000000000
40 78 40 2 0.00123700000000000
40 78 40 2 0.00123200000000000
41 80 41 2 0.00129600000000000
41 80 41 2 0.00129400000000000
41 80 41 2 0.00131600000000000
41 80 41 2 0.00132200000000000
41 80 41 2 0.00105500000000000
41 80 41 2 0.00107500000000000
41 80 41 2 0.00130900000000000
41 80 41 2 0.00131100000000000
41 80 41 2 0.00132200000000000
41 80 41 2 0.00130900000000000
42 82 42 2 0.00112400000000000
42 82 42 2 0.00109100000000000
42 82 42 2 0.00138900000000000
42 82 42 2 0.00105400000000000
42 82 42 2 0.00111300000000000
42 82 42 2 0.00135700000000000
42 82 42 2 0.00135500000000000
42 82 42 2 0.00139200000000000
42 82 42 2 0.00135600000000000
42 82 42 2 0.00134900000000000
43 84 43 2 0.00149100000000000
43 84 43 2 0.00148900000000000
43 84 43 2 0.00151300000000000
43 84 43 2 0.00149500000000000
43 84 43 2 0.00119000000000000
43 84 43 2 0.00121400000000000
43 84 43 2 0.00150500000000000
43 84 43 2 0.00149500000000000
43 84 43 2 0.00149200000000000
43 84 43 2 0.00150200000000000
44 86 44 2 0.00127300000000000
44 86 44 2 0.00152100000000000
44 86 44 2 0.00128800000000000
44 86 44 2 0.00125700000000000
44 86 44 2 0.00158400000000000
44 86 44 2 0.00128900000000000
44 86 44 2 0.00153800000000000
44 86 44 2 0.00157200000000000
44 86 44 2 0.00157500000000000
44 86 44 2 0.00153400000000000
45 88 45 2 0.00167500000000000
45 88 45 2 0.00166700000000000
45 88 45 2 0.00169200000000000
45 88 45 2 0.00166200000000000
45 88 45 2 0.00135200000000000
45 88 45 2 0.00135100000000000
45 88 45 2 0.00166900000000000
45 88 45 2 0.00166900000000000
45 88 45 2 0.00167600000000000
45 88 45 2 0.00168900000000000
46 90 46 2 0.00145800000000000
46 90 46 2 0.00142500000000000
46 90 46 2 0.00181700000000000
46 90 46 2 0.00141200000000000
46 90 46 2 0.00183300000000000
46 90 46 2 0.00142700000000000
46 90 46 2 0.00172700000000000
46 90 46 2 0.00180900000000000
46 90 46 2 0.00176000000000000
46 90 46 2 0.00177700000000000
47 92 47 2 0.00191600000000000
47 92 47 2 0.00189600000000000
47 92 47 2 0.00189000000000000
47 92 47 2 0.00190100000000000
47 92 47 2 0.00189700000000000
47 92 47 2 0.00152700000000000
47 92 47 2 0.00189700000000000
47 92 47 2 0.00155000000000000
47 92 47 2 0.00192000000000000
47 92 47 2 0.00189800000000000
48 94 48 2 0.00155600000000000
48 94 48 2 0.00198700000000000
48 94 48 2 0.00194600000000000
48 94 48 2 0.00160300000000000
48 94 48 2 0.00159500000000000
48 94 48 2 0.00160300000000000
48 94 48 2 0.00193000000000000
48 94 48 2 0.00194400000000000
48 94 48 2 0.00200100000000000
48 94 48 2 0.00199500000000000
49 96 49 2 0.00212100000000000
49 96 49 2 0.00211300000000000
49 96 49 2 0.00210400000000000
49 96 49 2 0.00210400000000000
49 96 49 2 0.00211600000000000
49 96 49 2 0.00208900000000000
49 96 49 2 0.00170000000000000
50 98 50 2 0.00179900000000000
49 96 49 2 0.00209400000000000
49 96 49 2 0.00209100000000000
49 96 49 2 0.00209300000000000
50 98 50 2 0.00215000000000000
50 98 50 2 0.00173200000000000
50 98 50 2 0.00178700000000000
50 98 50 2 0.00172900000000000
50 98 50 2 0.00178300000000000
50 98 50 2 0.00223500000000000
50 98 50 2 0.00223000000000000
50 98 50 2 0.00215500000000000
50 98 50 2 0.00216600000000000
51 100 51 2 0.00240300000000000
51 100 51 2 0.00239300000000000
51 100 51 2 0.00238300000000000
51 100 51 2 0.00238800000000000
51 100 51 2 0.00239200000000000
51 100 51 2 0.00239300000000000
51 100 51 2 0.00238800000000000
52 102 52 2 0.00203700000000000
52 102 52 2 0.00202900000000000
51 100 51 2 0.00238800000000000
51 100 51 2 0.00239900000000000
51 100 51 2 0.00237300000000000
52 102 52 2 0.00198300000000000
52 102 52 2 0.00239100000000000
52 102 52 2 0.00204700000000000
52 102 52 2 0.00197100000000000
52 102 52 2 0.00204000000000000
52 102 52 2 0.00253100000000000
52 102 52 2 0.00252300000000000
52 102 52 2 0.00246400000000000
53 104 53 2 0.00260100000000000
53 104 53 2 0.00258600000000000
53 104 53 2 0.00259300000000000
53 104 53 2 0.00258400000000000
53 104 53 2 0.00259300000000000
53 104 53 2 0.00260700000000000
54 106 54 2 0.00206600000000000
53 104 53 2 0.00256900000000000
53 104 53 2 0.00257300000000000
54 106 54 2 0.00221800000000000
53 104 53 2 0.00258500000000000
53 104 53 2 0.00260300000000000
54 106 54 2 0.00259300000000000
54 106 54 2 0.00212700000000000
54 106 54 2 0.00217100000000000
54 106 54 2 0.00216800000000000
54 106 54 2 0.00272200000000000
55 108 55 2 0.00230100000000000
54 106 54 2 0.00274000000000000
54 106 54 2 0.00272400000000000
54 106 54 2 0.00272500000000000
55 108 55 2 0.00286500000000000
55 108 55 2 0.00285700000000000
55 108 55 2 0.00287700000000000
55 108 55 2 0.00286400000000000
55 108 55 2 0.00289600000000000
55 108 55 2 0.00286700000000000
55 108 55 2 0.00287100000000000
56 110 56 2 0.00240000000000000
56 110 56 2 0.00248500000000000
55 108 55 2 0.00290400000000000
55 108 55 2 0.00288400000000000
56 110 56 2 0.00241100000000000
56 110 56 2 0.00232800000000000
56 110 56 2 0.00232500000000000
56 110 56 2 0.00291400000000000
56 110 56 2 0.00298000000000000
56 110 56 2 0.00301900000000000
56 110 56 2 0.00291500000000000
56 110 56 2 0.00303000000000000
57 112 57 2 0.00261700000000000
57 112 57 2 0.00325400000000000
57 112 57 2 0.00327700000000000
57 112 57 2 0.00326500000000000
57 112 57 2 0.00328500000000000
57 112 57 2 0.00325900000000000
57 112 57 2 0.00328600000000000
57 112 57 2 0.00324700000000000
58 114 58 2 0.00269900000000000
58 114 58 2 0.00263400000000000
57 112 57 2 0.00330400000000000
57 112 57 2 0.00330600000000000
58 114 58 2 0.00260700000000000
58 114 58 2 0.00260100000000000
58 114 58 2 0.00339200000000000
58 114 58 2 0.00338600000000000
58 114 58 2 0.00265800000000000
58 114 58 2 0.00332100000000000
58 114 58 2 0.00335800000000000
59 116 59 2 0.00280900000000000
58 114 58 2 0.00327800000000000
59 116 59 2 0.00351200000000000
59 116 59 2 0.00353800000000000
59 116 59 2 0.00347000000000000
59 116 59 2 0.00353300000000000
59 116 59 2 0.00348900000000000
59 116 59 2 0.00345400000000000
59 116 59 2 0.00348500000000000
59 116 59 2 0.00348800000000000
60 118 60 2 0.00287300000000000
60 118 60 2 0.00278200000000000
59 116 59 2 0.00351000000000000
60 118 60 2 0.00292900000000000
60 118 60 2 0.00293100000000000
60 118 60 2 0.00365900000000000
60 118 60 2 0.00375300000000000
61 120 61 2 0.00300800000000000
60 118 60 2 0.00358000000000000
60 118 60 2 0.00379000000000000
60 118 60 2 0.00365700000000000
60 118 60 2 0.00367500000000000
61 120 61 2 0.00307200000000000
61 120 61 2 0.00383900000000000
61 120 61 2 0.00381700000000000
61 120 61 2 0.00384600000000000
61 120 61 2 0.00378300000000000
61 120 61 2 0.00381300000000000
61 120 61 2 0.00383300000000000
61 120 61 2 0.00384400000000000
62 122 62 2 0.00314100000000000
62 122 62 2 0.00305300000000000
61 120 61 2 0.00378200000000000
62 122 62 2 0.00387700000000000
62 122 62 2 0.00311800000000000
62 122 62 2 0.00397600000000000
62 122 62 2 0.00313100000000000
62 122 62 2 0.00389000000000000
63 124 63 2 0.00334400000000000
62 122 62 2 0.00388100000000000
62 122 62 2 0.00386400000000000
62 122 62 2 0.00392700000000000
63 124 63 2 0.00337100000000000
63 124 63 2 0.00419200000000000
63 124 63 2 0.00414200000000000
63 124 63 2 0.00418900000000000
63 124 63 2 0.00416700000000000
63 124 63 2 0.00416800000000000
63 124 63 2 0.00419300000000000
63 124 63 2 0.00415400000000000
64 126 64 2 0.00341000000000000
63 124 63 2 0.00414300000000000
64 126 64 2 0.00350100000000000
64 126 64 2 0.00408500000000000
64 126 64 2 0.00416700000000000
64 126 64 2 0.00428300000000000
64 126 64 2 0.00340700000000000
64 126 64 2 0.00331000000000000
64 126 64 2 0.00427800000000000
65 128 65 2 0.00364200000000000
64 126 64 2 0.00409000000000000
64 126 64 2 0.00424900000000000
65 128 65 2 0.00459300000000000
65 128 65 2 0.00366600000000000
65 128 65 2 0.00458300000000000
65 128 65 2 0.00456800000000000
65 128 65 2 0.00456900000000000
65 128 65 2 0.00456500000000000
65 128 65 2 0.00459400000000000
65 128 65 2 0.00457800000000000
65 128 65 2 0.00456200000000000
66 130 66 2 0.00392000000000000
66 130 66 2 0.00395400000000000
66 130 66 2 0.00393500000000000
66 130 66 2 0.00494500000000000
66 130 66 2 0.00506600000000000
66 130 66 2 0.00494400000000000
67 132 67 2 0.00427300000000000
66 130 66 2 0.00495100000000000
66 130 66 2 0.00493500000000000
66 130 66 2 0.00507900000000000
67 132 67 2 0.00427800000000000
66 130 66 2 0.00505800000000000
67 132 67 2 0.00429100000000000
67 132 67 2 0.00537400000000000
67 132 67 2 0.00538400000000000
67 132 67 2 0.00537600000000000
67 132 67 2 0.00538200000000000
67 132 67 2 0.00534800000000000
67 132 67 2 0.00540300000000000
67 132 67 2 0.00540500000000000
68 134 68 2 0.00448200000000000
68 134 68 2 0.00461200000000000
68 134 68 2 0.00450400000000000
68 134 68 2 0.00576000000000000
68 134 68 2 0.00575800000000000
68 134 68 2 0.00560500000000000
68 134 68 2 0.00574600000000000
69 136 69 2 0.00499400000000000
68 134 68 2 0.00563500000000000
68 134 68 2 0.00565500000000000
68 134 68 2 0.00563400000000000
69 136 69 2 0.00501000000000000
69 136 69 2 0.00502700000000000
69 136 69 2 0.00626700000000000
69 136 69 2 0.00627200000000000
69 136 69 2 0.00628200000000000
69 136 69 2 0.00628100000000000
69 136 69 2 0.00627400000000000
69 136 69 2 0.00630700000000000
69 136 69 2 0.00628400000000000
70 138 70 2 0.00516400000000000
70 138 70 2 0.00648200000000000
70 138 70 2 0.00634900000000000
70 138 70 2 0.00520200000000000
70 138 70 2 0.00518900000000000
70 138 70 2 0.00637400000000000
70 138 70 2 0.00648300000000000
71 140 71 2 0.00551900000000000
70 138 70 2 0.00649600000000000
70 138 70 2 0.00634000000000000
70 138 70 2 0.00648600000000000
71 140 71 2 0.00553900000000000
71 140 71 2 0.00692100000000000
71 140 71 2 0.00556400000000000
71 140 71 2 0.00693300000000000
71 140 71 2 0.00693100000000000
71 140 71 2 0.00694000000000000
71 140 71 2 0.00695200000000000
71 140 71 2 0.00691300000000000
71 140 71 2 0.00694500000000000
72 142 72 2 0.00702000000000000
72 142 72 2 0.00545900000000000
72 142 72 2 0.00557700000000000
72 142 72 2 0.00549800000000000
72 142 72 2 0.00699900000000000
72 142 72 2 0.00682400000000000
72 142 72 2 0.00687300000000000
72 142 72 2 0.00699100000000000
72 142 72 2 0.00699600000000000
73 144 73 2 0.00578100000000000
72 142 72 2 0.00686700000000000
73 144 73 2 0.00725300000000000
73 144 73 2 0.00580600000000000
73 144 73 2 0.00579200000000000
73 144 73 2 0.00723700000000000
73 144 73 2 0.00728200000000000
73 144 73 2 0.00722800000000000
73 144 73 2 0.00721000000000000
73 144 73 2 0.00723100000000000
73 144 73 2 0.00722100000000000
74 146 74 2 0.00603900000000000
74 146 74 2 0.00772600000000000
74 146 74 2 0.00603000000000000
74 146 74 2 0.00759200000000000
74 146 74 2 0.00620000000000000
74 146 74 2 0.00756900000000000
74 146 74 2 0.00770600000000000
74 146 74 2 0.00774200000000000
74 146 74 2 0.00757800000000000
74 146 74 2 0.00751500000000000
75 148 75 2 0.00627500000000000
75 148 75 2 0.00788100000000000
75 148 75 2 0.00628900000000000
75 148 75 2 0.00785200000000000
75 148 75 2 0.00785100000000000
75 148 75 2 0.00628800000000000
75 148 75 2 0.00789600000000000
75 148 75 2 0.00786400000000000
75 148 75 2 0.00782400000000000
75 148 75 2 0.00789000000000000
76 150 76 2 0.00797800000000000
76 150 76 2 0.00797000000000000
76 150 76 2 0.00653400000000000
76 150 76 2 0.00633700000000000
76 150 76 2 0.00795500000000000
76 150 76 2 0.00653500000000000
76 150 76 2 0.00821700000000000
76 150 76 2 0.00820700000000000
76 150 76 2 0.00804000000000000
77 152 77 2 0.00669000000000000
76 150 76 2 0.00797600000000000
77 152 77 2 0.00840900000000000
77 152 77 2 0.00671100000000000
77 152 77 2 0.00843900000000000
77 152 77 2 0.00671000000000000
77 152 77 2 0.00838200000000000
77 152 77 2 0.00836400000000000
77 152 77 2 0.00839100000000000
77 152 77 2 0.00840000000000000
77 152 77 2 0.00841500000000000
78 154 78 2 0.00849900000000000
78 154 78 2 0.00846700000000000
78 154 78 2 0.00674400000000000
78 154 78 2 0.00694200000000000
78 154 78 2 0.00858900000000000
78 154 78 2 0.00862600000000000
78 154 78 2 0.00689000000000000
78 154 78 2 0.00862900000000000
78 154 78 2 0.00848200000000000
78 154 78 2 0.00848300000000000
79 156 79 2 0.00716400000000000
79 156 79 2 0.00904000000000000
79 156 79 2 0.00721700000000000
79 156 79 2 0.00903700000000000
79 156 79 2 0.00716200000000000
79 156 79 2 0.00903800000000000
79 156 79 2 0.00898000000000000
79 156 79 2 0.00902800000000000
79 156 79 2 0.00902700000000000
79 156 79 2 0.00901400000000000
80 158 80 2 0.00911100000000000
80 158 80 2 0.00914300000000000
80 158 80 2 0.00742400000000000
80 158 80 2 0.00931600000000000
80 158 80 2 0.00763100000000000
80 158 80 2 0.00935200000000000
80 158 80 2 0.00937400000000000
81 160 81 2 0.00770200000000000
80 158 80 2 0.00909700000000000
80 158 80 2 0.00929200000000000
80 158 80 2 0.00935900000000000
81 160 81 2 0.00769300000000000
81 160 81 2 0.00961300000000000
81 160 81 2 0.00961600000000000
81 160 81 2 0.00769000000000000
81 160 81 2 0.00960300000000000
81 160 81 2 0.00767900000000000
81 160 81 2 0.00958600000000000
81 160 81 2 0.00954900000000000
81 160 81 2 0.00959600000000000
82 162 82 2 0.00992500000000000
82 162 82 2 0.00764300000000000
82 162 82 2 0.00975900000000000
82 162 82 2 0.00977800000000000
82 162 82 2 0.00972800000000000
82 162 82 2 0.00795800000000000
82 162 82 2 0.00972400000000000
82 162 82 2 0.00976400000000000
83 164 83 2 0.00829400000000000
82 162 82 2 0.00993000000000000
82 162 82 2 0.00995400000000000
83 164 83 2 0.00824800000000000
83 164 83 2 0.01035400000000000
83 164 83 2 0.01032900000000000
83 164 83 2 0.00827500000000000
83 164 83 2 0.01030000000000000
84 166 84 2 0.00847200000000000
83 164 83 2 0.01033100000000000
83 164 83 2 0.01030700000000000
83 164 83 2 0.01031700000000000
83 164 83 2 0.01030500000000000
84 166 84 2 0.00832600000000000
84 166 84 2 0.01059600000000000
84 166 84 2 0.01036000000000000
84 166 84 2 0.01038700000000000
84 166 84 2 0.00855200000000000
84 166 84 2 0.01060300000000000
84 166 84 2 0.01037100000000000
85 168 85 2 0.00903500000000000
84 166 84 2 0.01061900000000000
84 166 84 2 0.01058000000000000
85 168 85 2 0.01123900000000000
85 168 85 2 0.00899600000000000
85 168 85 2 0.01124700000000000
85 168 85 2 0.00900000000000000
85 168 85 2 0.01126900000000000
86 170 86 2 0.00872600000000000
85 168 85 2 0.01127200000000000
85 168 85 2 0.01127500000000000
85 168 85 2 0.01123500000000000
85 168 85 2 0.01122600000000000
86 170 86 2 0.01131700000000000
86 170 86 2 0.00889900000000000
86 170 86 2 0.01126700000000000
86 170 86 2 0.01108300000000000
86 170 86 2 0.00888600000000000
86 170 86 2 0.01127900000000000
86 170 86 2 0.01131200000000000
86 170 86 2 0.01109700000000000
87 172 87 2 0.00936500000000000
86 170 86 2 0.01105900000000000
87 172 87 2 0.01164000000000000
87 172 87 2 0.00929800000000000
87 172 87 2 0.01167100000000000
87 172 87 2 0.01168000000000000
87 172 87 2 0.00935500000000000
87 172 87 2 0.01166700000000000
87 172 87 2 0.01164100000000000
88 174 88 2 0.00987400000000000
87 172 87 2 0.01164900000000000
87 172 87 2 0.01167400000000000
88 174 88 2 0.01211100000000000
88 174 88 2 0.00971100000000000
88 174 88 2 0.01212000000000000
88 174 88 2 0.01212700000000000
88 174 88 2 0.00946800000000000
88 174 88 2 0.01209800000000000
88 174 88 2 0.01237800000000000
88 174 88 2 0.01230600000000000
88 174 88 2 0.01234200000000000
89 176 89 2 0.00987800000000000
89 176 89 2 0.01231000000000000
89 176 89 2 0.00991900000000000
89 176 89 2 0.01239700000000000
89 176 89 2 0.01235100000000000
89 176 89 2 0.00989800000000000
89 176 89 2 0.01235000000000000
89 176 89 2 0.01232500000000000
89 176 89 2 0.01237300000000000
90 178 90 2 0.01050500000000000
89 176 89 2 0.01241600000000000
90 178 90 2 0.01313500000000000
90 178 90 2 0.01311600000000000
90 178 90 2 0.01051900000000000
90 178 90 2 0.01315500000000000
90 178 90 2 0.01003400000000000
90 178 90 2 0.01288800000000000
90 178 90 2 0.01590400000000000
90 178 90 2 0.01560300000000000
90 178 90 2 0.01594100000000000
91 180 91 2 0.01334200000000000
91 180 91 2 0.01542300000000000
91 180 91 2 0.01515900000000000
91 180 91 2 0.01603700000000000
91 180 91 2 0.01337900000000000
91 180 91 2 0.01596600000000000
91 180 91 2 0.01335300000000000
91 180 91 2 0.01595800000000000
91 180 91 2 0.01471300000000000
91 180 91 2 0.01470200000000000
92 182 92 2 0.01339200000000000
92 182 92 2 0.01453700000000000
92 182 92 2 0.01431100000000000
92 182 92 2 0.01633100000000000
92 182 92 2 0.01440000000000000
92 182 92 2 0.01389900000000000
92 182 92 2 0.01376800000000000
92 182 92 2 0.01346900000000000
92 182 92 2 0.01386600000000000
92 182 92 2 0.01394400000000000
93 184 93 2 0.01409700000000000
93 184 93 2 0.01125000000000000
93 184 93 2 0.01128200000000000
93 184 93 2 0.01127800000000000
93 184 93 2 0.01127200000000000
93 184 93 2 0.01407000000000000
93 184 93 2 0.01123300000000000
93 184 93 2 0.01415400000000000
94 186 94 2 0.01148300000000000
94 186 94 2 0.01131200000000000
94 186 94 2 0.01127500000000000
94 186 94 2 0.01125000000000000
93 184 93 2 0.01407700000000000
93 184 93 2 0.01407900000000000
94 186 94 2 0.01147000000000000
94 186 94 2 0.01145700000000000
94 186 94 2 0.01412000000000000
94 186 94 2 0.01151600000000000
94 186 94 2 0.01142600000000000
95 188 95 2 0.01186500000000000
95 188 95 2 0.01186000000000000
94 186 94 2 0.01406100000000000
95 188 95 2 0.01189300000000000
95 188 95 2 0.01192600000000000
95 188 95 2 0.01191000000000000
95 188 95 2 0.01189700000000000
95 188 95 2 0.01191600000000000
95 188 95 2 0.01192600000000000
95 188 95 2 0.01191200000000000
96 190 96 2 0.01197700000000000
96 190 96 2 0.01197700000000000
96 190 96 2 0.01199400000000000
96 190 96 2 0.01219600000000000
96 190 96 2 0.01199200000000000
95 188 95 2 0.01488900000000000
96 190 96 2 0.01200300000000000
96 190 96 2 0.01217500000000000
96 190 96 2 0.01527700000000000
97 192 97 2 0.01259200000000000
97 192 97 2 0.01260000000000000
96 190 96 2 0.01524100000000000
96 190 96 2 0.01519900000000000
97 192 97 2 0.01254900000000000
97 192 97 2 0.01256900000000000
97 192 97 2 0.01256300000000000
97 192 97 2 0.01273500000000000
97 192 97 2 0.01569000000000000
97 192 97 2 0.01257100000000000
97 192 97 2 0.01257500000000000
97 192 97 2 0.01570700000000000
98 194 98 2 0.01296900000000000
98 194 98 2 0.01272700000000000
98 194 98 2 0.01298800000000000
98 194 98 2 0.01295800000000000
98 194 98 2 0.01295400000000000
98 194 98 2 0.01297400000000000
98 194 98 2 0.01291400000000000
98 194 98 2 0.01298200000000000
98 194 98 2 0.01300300000000000
99 196 99 2 0.01334000000000000
99 196 99 2 0.01341600000000000
98 194 98 2 0.01592700000000000
99 196 99 2 0.01334300000000000
99 196 99 2 0.01335300000000000
99 196 99 2 0.01337900000000000
99 196 99 2 0.01336700000000000
99 196 99 2 0.01676300000000000
99 196 99 2 0.01356200000000000
100 198 100 2 0.01358900000000000
99 196 99 2 0.01676800000000000
99 196 99 2 0.01670700000000000
100 198 100 2 0.01342300000000000
100 198 100 2 0.01669600000000000
100 198 100 2 0.01365900000000000
100 198 100 2 0.01366300000000000
100 198 100 2 0.01363000000000000
100 198 100 2 0.01363800000000000
100 198 100 2 0.01676200000000000
100 198 100 2 0.01364300000000000
100 198 100 2 0.01365500000000000
105 208 105 2 0.01553600000000000
105 208 105 2 0.01559000000000000
105 208 105 2 0.01564500000000000
105 208 105 2 0.01552000000000000
105 208 105 2 0.01559800000000000
105 208 105 2 0.01554300000000000
105 208 105 2 0.01556000000000000
105 208 105 2 0.01558200000000000
105 208 105 2 0.01556700000000000
105 208 105 2 0.01952100000000000
110 218 110 2 0.01802700000000000
110 218 110 2 0.01759100000000000
110 218 110 2 0.01772000000000000
110 218 110 2 0.01786700000000000
110 218 110 2 0.02203200000000000
110 218 110 2 0.01788700000000000
110 218 110 2 0.01770300000000000
110 218 110 2 0.02203400000000000
110 218 110 2 0.02232200000000000
115 228 115 2 0.02039900000000000
110 218 110 2 0.02233400000000000
115 228 115 2 0.02047200000000000
115 228 115 2 0.02054100000000000
115 228 115 2 0.02046700000000000
115 228 115 2 0.02035700000000000
115 228 115 2 0.02557600000000000
115 228 115 2 0.02049700000000000
115 228 115 2 0.02034400000000000
115 228 115 2 0.02035100000000000
115 228 115 2 0.02037900000000000
120 238 120 2 0.02251600000000000
120 238 120 2 0.02254200000000000
120 238 120 2 0.02260000000000000
120 238 120 2 0.02218300000000000
120 238 120 2 0.02327000000000000
120 238 120 2 0.02259400000000000
120 238 120 2 0.02229800000000000
120 238 120 2 0.02231300000000000
120 238 120 2 0.02788900000000000
125 248 125 2 0.02588800000000000
120 238 120 2 0.02837100000000000
125 248 125 2 0.02587400000000000
125 248 125 2 0.02591500000000000
125 248 125 2 0.02583700000000000
125 248 125 2 0.02571400000000000
125 248 125 2 0.03237000000000000
125 248 125 2 0.02588000000000000
125 248 125 2 0.03230100000000000
125 248 125 2 0.03224900000000000
130 258 130 2 0.02858700000000000
130 258 130 2 0.02917900000000000
130 258 130 2 0.02920700000000000
130 258 130 2 0.02870700000000000
125 248 125 2 0.03226700000000000
130 258 130 2 0.02909500000000000
130 258 130 2 0.02914400000000000
130 258 130 2 0.02866400000000000
130 258 130 2 0.02904600000000000
130 258 130 2 0.02874200000000000
130 258 130 2 0.02910300000000000
135 268 135 2 0.03620600000000000
135 268 135 2 0.03613500000000000
135 268 135 2 0.03606500000000000
135 268 135 2 0.03627500000000000
135 268 135 2 0.03626900000000000
135 268 135 2 0.03616400000000000
135 268 135 2 0.04534400000000000
135 268 135 2 0.03625300000000000
135 268 135 2 0.04530900000000000
140 278 140 2 0.04094700000000000
135 268 135 2 0.04528000000000000
140 278 140 2 0.04103000000000000
140 278 140 2 0.04147100000000000
140 278 140 2 0.04148800000000000
140 278 140 2 0.04156300000000000
140 278 140 2 0.04100100000000000
140 278 140 2 0.04151500000000000
140 278 140 2 0.05123000000000000
140 278 140 2 0.05193100000000000
145 288 145 2 0.04570900000000000
145 288 145 2 0.04559200000000000
140 278 140 2 0.05196100000000000
145 288 145 2 0.04670500000000000
145 288 145 2 0.04578900000000000
145 288 145 2 0.04584100000000000
145 288 145 2 0.04572400000000000
145 288 145 2 0.04564000000000000
145 288 145 2 0.04570000000000000
145 288 145 2 0.04587400000000000
145 288 145 2 0.04569100000000000
150 298 150 2 0.04994200000000000
150 298 150 2 0.04997100000000000
150 298 150 2 0.05005100000000000
150 298 150 2 0.06192200000000000
150 298 150 2 0.05069700000000000
150 298 150 2 0.05053900000000000
150 298 150 2 0.05057600000000000
150 298 150 2 0.05005600000000000
150 298 150 2 0.06270700000000000
155 308 155 2 0.05557100000000000
150 298 150 2 0.06342200000000001
155 308 155 2 0.05560200000000000
155 308 155 2 0.05553800000000000
155 308 155 2 0.05562600000000000
155 308 155 2 0.05714500000000000
155 308 155 2 0.06966200000000000
155 308 155 2 0.06955300000000000
155 308 155 2 0.05569400000000000
155 308 155 2 0.05564600000000000
155 308 155 2 0.06963500000000000
160 318 160 2 0.06178200000000000
160 318 160 2 0.06123600000000000
160 318 160 2 0.06109200000000000
160 318 160 2 0.06185900000000000
160 318 160 2 0.06118300000000000
160 318 160 2 0.06193300000000000
160 318 160 2 0.06122500000000000
160 318 160 2 0.06184800000000000
160 318 160 2 0.06046300000000000
165 328 165 2 0.07069499999999999
165 328 165 2 0.07073900000000000
160 318 160 2 0.07733700000000000
165 328 165 2 0.07078100000000000
165 328 165 2 0.07076499999999999
165 328 165 2 0.08298999999999999
165 328 165 2 0.07073599999999999
165 328 165 2 0.07063600000000000
165 328 165 2 0.07001700000000000
165 328 165 2 0.08147799999999999
165 328 165 2 0.07885499999999999
170 338 170 2 0.07488000000000000
170 338 170 2 0.07481000000000000
170 338 170 2 0.08171200000000001
170 338 170 2 0.08119700000000001
170 338 170 2 0.07460700000000001
170 338 170 2 0.07448000000000000
170 338 170 2 0.07459399999999999
170 338 170 2 0.07462700000000000
170 338 170 2 0.07474500000000001
170 338 170 2 0.07381500000000001
175 348 175 2 0.08144000000000000
175 348 175 2 0.08166800000000000
175 348 175 2 0.08157300000000001
175 348 175 2 0.07869100000000000
175 348 175 2 0.07923900000000000
175 348 175 2 0.07869700000000000
175 348 175 2 0.07877700000000000
175 348 175 2 0.07880500000000000
175 348 175 2 0.07890300000000000
175 348 175 2 0.07891800000000000
180 358 180 2 0.08441500000000000
180 358 180 2 0.08512500000000001
180 358 180 2 0.08453200000000000
180 358 180 2 0.08362000000000000
180 358 180 2 0.08442400000000000
180 358 180 2 0.08547200000000001
180 358 180 2 0.08533499999999999
180 358 180 2 0.08441200000000000
180 358 180 2 0.08464400000000000
180 358 180 2 0.08371500000000000
185 368 185 2 0.09228500000000001
185 368 185 2 0.09259900000000000
185 368 185 2 0.09235200000000000
185 368 185 2 0.09256900000000000
185 368 185 2 0.09248099999999999
185 368 185 2 0.09282600000000001
185 368 185 2 0.09255600000000000
185 368 185 2 0.09263700000000000
185 368 185 2 0.09260800000000000
185 368 185 2 0.09254000000000000
190 378 190 2 0.09858300000000000
190 378 190 2 0.10520100000000000
190 378 190 2 0.09761200000000000
190 378 190 2 0.09889500000000000
190 378 190 2 0.09673300000000000
190 378 190 2 0.09851000000000000
190 378 190 2 0.09797599999999999
190 378 190 2 0.09788600000000000
190 378 190 2 0.09872200000000000
190 378 190 2 0.09800100000000000
195 388 195 2 0.10673800000000000
195 388 195 2 0.10680500000000000
195 388 195 2 0.10673100000000001
195 388 195 2 0.10689300000000000
195 388 195 2 0.10667500000000001
195 388 195 2 0.10686200000000000
195 388 195 2 0.10667400000000000
195 388 195 2 0.10674900000000000
195 388 195 2 0.10930300000000000
195 388 195 2 0.10909000000000001
200 398 200 2 0.11662200000000000
200 398 200 2 0.11665499999999999
200 398 200 2 0.11691200000000000
200 398 200 2 0.11667100000000000
200 398 200 2 0.11669499999999999
200 398 200 2 0.11577400000000000
200 398 200 2 0.11670600000000000
200 398 200 2 0.11778500000000000
200 398 200 2 0.11458000000000000
200 398 200 2 0.11661100000000001
205 408 205 2 0.12534799999999999
205 408 205 2 0.12531200000000001
205 408 205 2 0.12526000000000001
205 408 205 2 0.12523799999999999
205 408 205 2 0.12404800000000001
205 408 205 2 0.12408300000000000
205 408 205 2 0.12529699999999999
205 408 205 2 0.12395800000000000
205 408 205 2 0.12501899999999999
205 408 205 2 0.12446699999999999
210 418 210 2 0.13061800000000001
210 418 210 2 0.13077200000000000
210 418 210 2 0.12804499999999999
210 418 210 2 0.12898899999999999
210 418 210 2 0.12888200000000000
210 418 210 2 0.12882800000000000
210 418 210 2 0.12699600000000000
210 418 210 2 0.12776699999999999
210 418 210 2 0.12921199999999999
210 418 210 2 0.12842400000000001
215 428 215 2 0.13872000000000001
215 428 215 2 0.14002600000000001
215 428 215 2 0.13845600000000000
215 428 215 2 0.13860300000000000
215 428 215 2 0.13842199999999999
215 428 215 2 0.14902199999999999
215 428 215 2 0.13853699999999999
215 428 215 2 0.17395400000000000
215 428 215 2 0.13836100000000001
215 428 215 2 0.13814399999999999
220 438 220 2 0.14982200000000001
220 438 220 2 0.15132599999999999
220 438 220 2 0.14918600000000001
220 438 220 2 0.15078200000000000
220 438 220 2 0.14945600000000001
220 438 220 2 0.15268399999999999
220 438 220 2 0.15208099999999999
220 438 220 2 0.15178200000000000
220 438 220 2 0.15337200000000001
220 438 220 2 0.15198900000000001
225 448 225 2 0.16286800000000001
225 448 225 2 0.16234899999999999
225 448 225 2 0.16238600000000000
225 448 225 2 0.16251699999999999
225 448 225 2 0.16282900000000000
225 448 225 2 0.16313500000000000
225 448 225 2 0.16292200000000001
225 448 225 2 0.16261700000000001
225 448 225 2 0.16231100000000001
225 448 225 2 0.16296099999999999
230 458 230 2 0.17087200000000000
230 458 230 2 0.17308799999999999
230 458 230 2 0.17214499999999999
230 458 230 2 0.17320800000000000
230 458 230 2 0.17137100000000000
230 458 230 2 0.17133100000000001
230 458 230 2 0.17114199999999999
230 458 230 2 0.17153399999999999
230 458 230 2 0.17166799999999999
230 458 230 2 0.16738600000000001
235 468 235 2 0.17899899999999999
235 468 235 2 0.17954000000000001
235 468 235 2 0.17882899999999999
235 468 235 2 0.17893100000000001
235 468 235 2 0.17874999999999999
235 468 235 2 0.17946100000000001
235 468 235 2 0.17878500000000000
235 468 235 2 0.17860000000000001
235 468 235 2 0.17865100000000000
235 468 235 2 0.17930599999999999
240 478 240 2 0.18925300000000000
240 478 240 2 0.18944900000000001
240 478 240 2 0.19053600000000001
240 478 240 2 0.19131200000000001
240 478 240 2 0.18966800000000000
240 478 240 2 0.19101699999999999
240 478 240 2 0.19013500000000000
240 478 240 2 0.19023999999999999
240 478 240 2 0.19092300000000001
240 478 240 2 0.19036000000000000
245 488 245 2 0.20813899999999999
245 488 245 2 0.20887700000000001
245 488 245 2 0.20859200000000000
245 488 245 2 0.20783099999999999
245 488 245 2 0.20879400000000001
245 488 245 2 0.20830399999999999
245 488 245 2 0.20805499999999999
245 488 245 2 0.20856400000000000
245 488 245 2 0.20889199999999999
245 488 245 2 0.20842700000000000
250 498 250 2 0.21915799999999999
250 498 250 2 0.21879199999999999
250 498 250 2 0.21876999999999999
250 498 250 2 0.21795999999999999
250 498 250 2 0.21631900000000001
250 498 250 2 0.21597000000000000
250 498 250 2 0.21789300000000000
250 498 250 2 0.21846699999999999
250 498 250 2 0.21842600000000001
250 498 250 2 0.21634200000000001
260 518 260 2 0.24722800000000000
260 518 260 2 0.24736400000000000
260 518 260 2 0.24784999999999999
260 518 260 2 0.24948999999999999
260 518 260 2 0.24746699999999999
260 518 260 2 0.24771199999999999
260 518 260 2 0.24938800000000000
260 518 260 2 0.24931600000000001
260 518 260 2 0.24962400000000001
260 518 260 2 0.24999099999999999
270 538 270 2 0.30906699999999998
270 538 270 2 0.30472800000000000
270 538 270 2 0.30453300000000000
270 538 270 2 0.30767800000000001
270 538 270 2 0.30594600000000000
270 538 270 2 0.30791499999999999
270 538 270 2 0.30826700000000001
270 538 270 2 0.31007600000000002
270 538 270 2 0.30789000000000000
270 538 270 2 0.30979600000000002
280 558 280 2 0.35702899999999999
280 558 280 2 0.35541699999999998
280 558 280 2 0.35728399999999999
280 558 280 2 0.35449599999999998
280 558 280 2 0.35147299999999998
280 558 280 2 0.35208200000000001
280 558 280 2 0.35260399999999997
280 558 280 2 0.35470200000000002
280 558 280 2 0.35069699999999998
280 558 280 2 0.35065800000000003
290 578 290 2 0.38946300000000000
290 578 290 2 0.39106800000000003
290 578 290 2 0.38389000000000001
290 578 290 2 0.38672400000000001
290 578 290 2 0.39042100000000002
290 578 290 2 0.39407599999999998
290 578 290 2 0.38801999999999998
290 578 290 2 0.39069199999999998
290 578 290 2 0.39103599999999999
290 578 290 2 0.39374500000000001
300 598 300 2 0.43764199999999998
300 598 300 2 0.43180099999999999
300 598 300 2 0.43689600000000001
300 598 300 2 0.43463299999999999
300 598 300 2 0.43372200000000000
300 598 300 2 0.43641500000000000
300 598 300 2 0.43380600000000002
300 598 300 2 0.43686000000000003
300 598 300 2 0.43467000000000000
300 598 300 2 0.43493100000000001
310 618 310 2 0.47067799999999999
310 618 310 2 0.47319000000000000
310 618 310 2 0.47185899999999997
310 618 310 2 0.47216900000000001
310 618 310 2 0.47086000000000000
310 618 310 2 0.46957599999999999
310 618 310 2 0.46944300000000000
310 618 310 2 0.47028300000000001
310 618 310 2 0.46721699999999999
310 618 310 2 0.46131499999999998
320 638 320 2 0.51179900000000000
320 638 320 2 0.51194600000000001
320 638 320 2 0.51312100000000005
320 638 320 2 0.51293900000000003
320 638 320 2 0.51375199999999999
320 638 320 2 0.51656899999999994
320 638 320 2 0.51276600000000006
320 638 320 2 0.53494100000000000
320 638 320 2 0.50897099999999995
320 638 320 2 0.51368700000000000
330 658 330 2 0.57094900000000004
330 658 330 2 0.59678600000000004
330 658 330 2 0.57048100000000002
330 658 330 2 0.56650500000000004
330 658 330 2 0.56981599999999999
330 658 330 2 0.57528500000000005
330 658 330 2 0.57089699999999999
330 658 330 2 0.57491599999999998
330 658 330 2 0.57448500000000002
330 658 330 2 0.57452599999999998
340 678 340 2 0.62410900000000002
340 678 340 2 0.62448400000000004
340 678 340 2 0.63133799999999995
340 678 340 2 0.63642900000000002
340 678 340 2 0.63626600000000000
340 678 340 2 0.63062300000000004
340 678 340 2 0.63215100000000002
340 678 340 2 0.63518100000000000
340 678 340 2 0.61921499999999996
340 678 340 2 0.63288000000000000
350 698 350 2 0.67325800000000002
350 698 350 2 0.67671499999999996
350 698 350 2 0.67547900000000005
350 698 350 2 0.67866300000000002
350 698 350 2 0.67423599999999995
350 698 350 2 0.66613100000000003
350 698 350 2 0.66973199999999999
350 698 350 2 0.67346799999999996
350 698 350 2 0.67488000000000004
350 698 350 2 0.66739300000000001
360 718 360 2 0.72929600000000006
360 718 360 2 0.73002800000000001
360 718 360 2 0.72905299999999995
360 718 360 2 0.73503499999999999
360 718 360 2 0.72879899999999997
360 718 360 2 0.73444900000000002
360 718 360 2 0.73002299999999998
360 718 360 2 0.72955599999999998
360 718 360 2 0.73120200000000002
360 718 360 2 0.73109500000000005
370 738 370 2 0.80391900000000005
370 738 370 2 0.80661099999999997
370 738 370 2 0.80640800000000001
370 738 370 2 0.81844200000000000
370 738 370 2 0.80700200000000000
370 738 370 2 0.80813100000000004
370 738 370 2 0.80663700000000005
370 738 370 2 0.81396999999999997
370 738 370 2 0.80760699999999996
370 738 370 2 0.81040599999999996
380 758 380 2 0.87792199999999998
380 758 380 2 0.92702399999999996
380 758 380 2 0.88557799999999998
380 758 380 2 0.88286299999999995
380 758 380 2 0.87882600000000000
380 758 380 2 0.88217699999999999
380 758 380 2 0.87850200000000001
380 758 380 2 0.88068199999999996
380 758 380 2 0.88341899999999995
380 758 380 2 0.88455200000000000
390 778 390 2 0.93829899999999999
390 778 390 2 0.93364599999999998
390 778 390 2 0.92745999999999995
390 778 390 2 0.92977100000000001
390 778 390 2 0.92923000000000000
390 778 390 2 0.93711100000000003
390 778 390 2 0.93309399999999998
390 778 390 2 0.93529700000000005
390 778 390 2 0.93349800000000005
390 778 390 2 0.93805000000000005
400 798 400 2 1.01023799999999997
400 798 400 2 1.01715800000000001
400 798 400 2 1.00850499999999998
400 798 400 2 1.00872000000000006
400 798 400 2 1.01416400000000007
400 798 400 2 1.00078700000000009
400 798 400 2 1.00529099999999993
400 798 400 2 1.04696799999999990
400 798 400 2 1.00882000000000005
400 798 400 2 1.00958100000000006
410 818 410 2 1.10210300000000005
410 818 410 2 1.10197499999999993
410 818 410 2 1.10188400000000009
410 818 410 2 1.10886700000000005
410 818 410 2 1.10055199999999997
410 818 410 2 1.10585099999999992
410 818 410 2 1.09939800000000010
410 818 410 2 1.10929499999999992
410 818 410 2 1.10388899999999990
410 818 410 2 1.10581599999999991
420 838 420 2 1.16861400000000004
420 838 420 2 1.19825599999999999
420 838 420 2 1.19833900000000004
420 838 420 2 1.19483800000000007
420 838 420 2 1.20291499999999996
420 838 420 2 1.19504100000000002
420 838 420 2 1.19818699999999989
420 838 420 2 1.18922100000000008
420 838 420 2 1.19507500000000011
420 838 420 2 1.20051299999999994
430 858 430 2 1.26916300000000004
430 858 430 2 1.26718500000000001
430 858 430 2 1.26728499999999999
430 858 430 2 1.26661500000000005
430 858 430 2 1.27045100000000000
430 858 430 2 1.27281599999999995
430 858 430 2 1.26516500000000010
430 858 430 2 1.26964600000000005
430 858 430 2 1.26715800000000001
430 858 430 2 1.27383200000000008
440 878 440 2 1.35663899999999993
440 878 440 2 1.36332000000000009
440 878 440 2 1.35577400000000003
440 878 440 2 1.35671800000000009
440 878 440 2 1.37085900000000005
440 878 440 2 1.35792299999999999
440 878 440 2 1.36267800000000006
440 878 440 2 1.36445599999999989
440 878 440 2 1.36290599999999995
440 878 440 2 1.36522999999999994
450 898 450 2 1.45736800000000000
450 898 450 2 1.46240199999999998
450 898 450 2 1.46530999999999989
450 898 450 2 1.46159200000000000
450 898 450 2 1.46031599999999995
450 898 450 2 1.50732800000000000
450 898 450 2 1.46527999999999992
450 898 450 2 1.45374000000000003
450 898 450 2 1.45945999999999998
450 898 450 2 1.45391399999999993
460 918 460 2 1.57419500000000001
460 918 460 2 1.58494200000000007
460 918 460 2 1.58339099999999999
460 918 460 2 1.58276700000000003
460 918 460 2 1.58828700000000000
460 918 460 2 1.57601499999999994
460 918 460 2 1.57662400000000003
460 918 460 2 1.57869100000000007
460 918 460 2 1.58657699999999990
460 918 460 2 1.58549399999999996
470 938 470 2 1.68994700000000009
470 938 470 2 1.71738100000000005
470 938 470 2 1.68822600000000000
470 938 470 2 1.70554999999999990
470 938 470 2 1.69724399999999997
470 938 470 2 1.68916200000000005
470 938 470 2 1.69627299999999992
470 938 470 2 1.68886599999999998
470 938 470 2 1.68896200000000007
470 938 470 2 1.69767800000000002
480 958 480 2 1.76720600000000005
480 958 480 2 1.77770399999999995
480 958 480 2 1.77889800000000009
480 958 480 2 1.78166800000000003
480 958 480 2 1.77687299999999992
480 958 480 2 1.78169599999999995
480 958 480 2 1.78031699999999993
480 958 480 2 1.77135400000000010
480 958 480 2 1.78080700000000003
480 958 480 2 1.77523699999999995
490 978 490 2 1.90486700000000009
490 978 490 2 1.89361700000000011
490 978 490 2 1.91636399999999996
490 978 490 2 1.91350799999999999
490 978 490 2 1.90915900000000005
490 978 490 2 1.94843999999999995
490 978 490 2 1.90883000000000003
490 978 490 2 1.90359799999999990
490 978 490 2 1.90272400000000008
490 978 490 2 1.91480500000000009
500 998 500 2 2.04395199999999999
500 998 500 2 2.04626399999999986
500 998 500 2 2.04572500000000002
500 998 500 2 2.05370199999999992
500 998 500 2 2.03958100000000009
500 998 500 2 2.04885200000000012
500 998 500 2 2.04413700000000009
500 998 500 2 2.04330699999999998
500 998 500 2 2.03400900000000018
500 998 500 2 2.04635599999999984
525 1048 525 2 2.51368299999999989
525 1048 525 2 2.51257000000000019
525 1048 525 2 2.50620399999999988
525 1048 525 2 2.50968700000000000
525 1048 525 2 2.51486700000000019
525 1048 525 2 2.50861599999999996
525 1048 525 2 2.51236499999999996
525 1048 525 2 2.50971300000000008
525 1048 525 2 2.50328000000000017
525 1048 525 2 2.55743400000000021
550 1098 550 2 3.11434400000000000
550 1098 550 2 3.15953499999999998
550 1098 550 2 3.11600799999999989
550 1098 550 2 3.10089600000000010
550 1098 550 2 3.11637500000000012
550 1098 550 2 3.12445599999999990
550 1098 550 2 3.11014200000000018
550 1098 550 2 3.13124799999999981
550 1098 550 2 3.10588400000000009
550 1098 550 2 3.10822999999999983
575 1148 575 2 3.57805799999999996
575 1148 575 2 3.58580100000000002
575 1148 575 2 3.58251600000000003
575 1148 575 2 3.57298200000000010
575 1148 575 2 3.57383300000000004
575 1148 575 2 3.57701000000000002
575 1148 575 2 3.57583399999999996
575 1148 575 2 3.58216899999999994
575 1148 575 2 3.57582099999999992
575 1148 575 2 3.57558400000000010
600 1198 600 2 4.08127700000000004
600 1198 600 2 4.09208000000000016
600 1198 600 2 4.07858300000000007
600 1198 600 2 4.09301400000000015
600 1198 600 2 4.08627300000000027
600 1198 600 2 4.07776899999999998
600 1198 600 2 4.07497799999999977
600 1198 600 2 4.20087899999999959
600 1198 600 2 4.08808900000000008
600 1198 600 2 4.09516100000000005
625 1248 625 2 4.59352900000000020
625 1248 625 2 4.63323600000000013
625 1248 625 2 4.59428199999999975
625 1248 625 2 4.58991699999999980
625 1248 625 2 4.60494900000000040
625 1248 625 2 4.60485100000000003
625 1248 625 2 4.58308200000000010
625 1248 625 2 4.60091400000000039
625 1248 625 2 4.59572599999999998
625 1248 625 2 4.59758599999999973
650 1298 650 2 5.14000699999999977
650 1298 650 2 5.16086199999999984
650 1298 650 2 5.15184999999999960
650 1298 650 2 5.16467600000000004
650 1298 650 2 5.14423600000000025
650 1298 650 2 5.16465300000000038
650 1298 650 2 5.14217999999999975
650 1298 650 2 5.28013300000000019
650 1298 650 2 5.15207100000000029
650 1298 650 2 5.15945799999999988
675 1348 675 2 5.75276999999999994
675 1348 675 2 5.77439799999999970
675 1348 675 2 5.76229200000000041
675 1348 675 2 5.76058200000000031
675 1348 675 2 5.78765299999999971
675 1348 675 2 5.77101400000000009
675 1348 675 2 5.77004499999999965
675 1348 675 2 5.76544599999999985
675 1348 675 2 5.75971600000000006
675 1348 675 2 5.75543199999999988
700 1398 700 2 6.38090500000000027
700 1398 700 2 6.39837699999999998
700 1398 700 2 6.37492500000000017
700 1398 700 2 6.39156499999999994
700 1398 700 2 6.40523000000000042
700 1398 700 2 6.38109899999999985
700 1398 700 2 6.37531499999999962
700 1398 700 2 6.39513200000000026
700 1398 700 2 6.37842399999999987
700 1398 700 2 6.40241400000000027
725 1448 725 2 7.15942200000000017
725 1448 725 2 7.21863000000000010
725 1448 725 2 7.18791099999999972
725 1448 725 2 7.18266100000000041
725 1448 725 2 7.19446799999999964
725 1448 725 2 7.20655200000000029
725 1448 725 2 7.18574200000000030
725 1448 725 2 7.18017699999999959
725 1448 725 2 7.20330699999999968
725 1448 725 2 7.41408299999999976
750 1498 750 2 7.87943100000000030
750 1498 750 2 7.88549399999999956
750 1498 750 2 7.89798600000000040
750 1498 750 2 7.89908199999999994
750 1498 750 2 7.91573200000000021
750 1498 750 2 7.90715300000000010
750 1498 750 2 7.88262800000000041
750 1498 750 2 7.92390599999999967
750 1498 750 2 7.91105699999999956
750 1498 750 2 7.95301300000000033
800 1598 800 2 9.57343000000000011
800 1598 800 2 9.58004200000000061
800 1598 800 2 9.55724599999999924
800 1598 800 2 9.66903600000000019
800 1598 800 2 9.55562499999999915
800 1598 800 2 9.78866200000000042
800 1598 800 2 9.58473299999999995
800 1598 800 2 9.56627899999999975
800 1598 800 2 9.56795600000000057
800 1598 800 2 9.65302199999999999
850 1698 850 2 11.51641599999999954
850 1698 850 2 11.52699199999999990
850 1698 850 2 11.53125000000000000
850 1698 850 2 11.54647899999999971
850 1698 850 2 11.53652600000000028
850 1698 850 2 11.52151800000000037
850 1698 850 2 11.53364499999999992
850 1698 850 2 11.56338299999999997
850 1698 850 2 11.51526600000000045
850 1698 850 2 11.54320300000000010
900 1798 900 2 13.59983500000000056
900 1798 900 2 13.63233999999999924
900 1798 900 2 13.64421300000000059
900 1798 900 2 13.67106099999999991
900 1798 900 2 13.64902000000000015
900 1798 900 2 13.67140700000000031
900 1798 900 2 13.65422599999999953
900 1798 900 2 13.61392200000000052
900 1798 900 2 13.61956499999999970
900 1798 900 2 13.94315500000000085
950 1898 950 2 16.12001400000000118
950 1898 950 2 16.12013599999999869
950 1898 950 2 16.11158800000000113
950 1898 950 2 16.33923300000000012
950 1898 950 2 16.10549400000000020
950 1898 950 2 16.11990300000000076
950 1898 950 2 16.04726300000000094
950 1898 950 2 16.14900000000000091
950 1898 950 2 16.11877099999999885
950 1898 950 2 16.12570300000000145
1000 1998 1000 2 18.83785100000000057
1000 1998 1000 2 18.93672899999999970
1000 1998 1000 2 18.78068999999999988
1000 1998 1000 2 18.86546500000000037
1000 1998 1000 2 18.77069699999999841
1000 1998 1000 2 18.80446900000000099
1000 1998 1000 2 18.85911899999999974
1000 1998 1000 2 18.81509199999999993
1000 1998 1000 2 18.77957299999999918
1000 1998 1000 2 18.81629999999999825
1100 2198 1100 2 28.59946400000000111
1100 2198 1100 2 28.62283499999999847
1100 2198 1100 2 28.53776399999999924
1100 2198 1100 2 29.25003399999999942
1100 2198 1100 2 28.56046200000000113
1100 2198 1100 2 28.55035600000000073
1100 2198 1100 2 28.59259600000000034
1100 2198 1100 2 28.89811800000000019
1100 2198 1100 2 28.65727499999999850
1100 2198 1100 2 28.74537000000000120
1200 2398 1200 2 37.19242700000000212
1200 2398 1200 2 37.26986099999999880
1200 2398 1200 2 37.11604700000000179
1200 2398 1200 2 37.13898700000000019
1200 2398 1200 2 37.13761900000000082
1200 2398 1200 2 37.17963999999999913
1200 2398 1200 2 37.10773499999999814
1200 2398 1200 2 37.09050100000000327
1200 2398 1200 2 37.13992199999999855
1200 2398 1200 2 37.12148499999999984
1300 2598 1300 2 47.39214100000000229
1300 2598 1300 2 47.46504999999999797
1300 2598 1300 2 47.39232299999999753
1300 2598 1300 2 47.62118099999999998
1300 2598 1300 2 47.58684499999999673
1300 2598 1300 2 48.06020199999999676
1300 2598 1300 2 47.63458800000000082
1300 2598 1300 2 48.18685500000000133
1300 2598 1300 2 47.66489899999999835
1300 2598 1300 2 47.55984500000000281
1400 2798 1400 2 59.78147500000000036
1400 2798 1400 2 60.11292699999999911
1400 2798 1400 2 59.84351199999999693
1400 2798 1400 2 59.93669400000000280
1400 2798 1400 2 59.75275700000000256
1400 2798 1400 2 59.86547999999999803
1400 2798 1400 2 59.89465700000000226
1400 2798 1400 2 60.70967999999999876
1400 2798 1400 2 59.86039499999999691
1400 2798 1400 2 59.95822799999999830
1500 2998 1500 2 74.67776999999999532
1500 2998 1500 2 74.79113800000000367
1500 2998 1500 2 74.60672499999999729
1500 2998 1500 2 74.62079599999999857
1500 2998 1500 2 74.74787399999999593
1500 2998 1500 2 74.87784100000000365
1500 2998 1500 2 74.73308299999999349
1500 2998 1500 2 74.98557300000000225
1500 2998 1500 2 74.79144499999999596
1500 2998 1500 2 74.74360799999999472
1600 3198 1600 2 92.84719400000000178
1600 3198 1600 2 93.21738600000000474
1600 3198 1600 2 92.85850899999999797
1600 3198 1600 2 92.94898000000000593
1600 3198 1600 2 92.98487599999999986
1600 3198 1600 2 93.98242999999999370
1600 3198 1600 2 92.74472500000000252
1600 3198 1600 2 93.22330800000000295
1600 3198 1600 2 93.07517699999999650
1600 3198 1600 2 92.96590600000000393
1700 3398 1700 2 113.28054799999999602
1700 3398 1700 2 115.71691699999999514
1700 3398 1700 2 114.01214400000000637
1700 3398 1700 2 114.01516700000000526
1700 3398 1700 2 113.83146200000000192
1700 3398 1700 2 113.94834799999999575
1700 3398 1700 2 113.86700899999999592
1700 3398 1700 2 113.90068800000000238
1700 3398 1700 2 113.56361900000000276
1700 3398 1700 2 114.14003700000000663
1800 3598 1800 2 136.64288400000000934
1800 3598 1800 2 137.70254399999998896
1800 3598 1800 2 137.38629099999999994
1800 3598 1800 2 136.97976499999998623
1800 3598 1800 2 136.96668299999998908
1800 3598 1800 2 137.10089999999999577
1800 3598 1800 2 137.22202999999998951
1800 3598 1800 2 138.56671800000000871
1800 3598 1800 2 137.60818800000001261
1800 3598 1800 2 137.96689900000001217
1900 3798 1900 2 163.29964300000000321
1900 3798 1900 2 163.21213900000000763
1900 3798 1900 2 163.07579799999999182
1900 3798 1900 2 163.46709799999999291
1900 3798 1900 2 163.63486900000000901
1900 3798 1900 2 163.07939400000000774
1900 3798 1900 2 163.51686100000000579
1900 3798 1900 2 165.54741500000000087
1900 3798 1900 2 163.27581499999999437
1900 3798 1900 2 164.28696099999999092
2000 3998 2000 2 193.55927299999999036
2000 3998 2000 2 193.42551000000000272
2000 3998 2000 2 193.75699000000000183
2000 3998 2000 2 194.48827399999998988
2000 3998 2000 2 193.72672900000000595
2000 3998 2000 2 193.66992500000000632
2000 3998 2000 2 193.30225999999998976
2000 3998 2000 2 193.53774899999999093
2000 3998 2000 2 193.74161300000000097
2000 3998 2000 2 193.64943900000000099
2250 4498 2250 2 311.24695100000002412
2250 4498 2250 2 313.58919200000002547
2250 4498 2250 2 311.54829599999999346
2250 4498 2250 2 313.71467200000000730
2250 4498 2250 2 312.44936899999999014
2250 4498 2250 2 312.54221100000000888
2250 4498 2250 2 311.49110400000000709
2250 4498 2250 2 314.25286599999998316
2250 4498 2250 2 310.96209499999997661
2250 4498 2250 2 312.98960099999999329
2500 4998 2500 2 434.21705200000002378
2500 4998 2500 2 438.93251099999997678
2500 4998 2500 2 432.85018800000000283
2500 4998 2500 2 434.69700599999998758
2500 4998 2500 2 434.34351299999997309
2500 4998 2500 2 435.89996700000000374
2500 4998 2500 2 434.48425200000002633
2500 4998 2500 2 437.13525900000001911
2500 4998 2500 2 435.48140999999998257
2500 4998 2500 2 436.06624699999997574
2750 5498 2750 2 584.64332899999999427
2750 5498 2750 2 589.41597100000001319
2750 5498 2750 2 584.78026299999999083
2750 5498 2750 2 589.22512700000004315
2750 5498 2750 2 587.34969100000000708
2750 5498 2750 2 584.79690500000003794
2750 5498 2750 2 585.82654800000000250
2750 5498 2750 2 588.99807399999997415
2750 5498 2750 2 588.01206899999999678
2750 5498 2750 2 590.61557200000004286
3000 5998 3000 2 769.71767199999999320
3000 5998 3000 2 767.90806699999995999
3000 5998 3000 2 768.90145600000005288
3000 5998 3000 2 772.21717100000000755
3000 5998 3000 2 776.20827099999996790
3000 5998 3000 2 777.39048900000000231
3000 5998 3000 2 772.28664500000002135
3000 5998 3000 2 769.36226599999997688
3000 5998 3000 2 768.12297999999998410
3000 5998 3000 2 776.99452799999994568
