Nodos Aristas Frontera |CMF| Segundos
2 1 1 1 0.00070500000000000
3 2 1 1 0.00000600000000000
4 3 3 1 0.00000900000000000
4 3 3 1 0.00001000000000000
4 3 3 1 0.00000400000000000
3 2 1 1 0.00046800000000000
3 2 1 1 0.00001900000000000
2 1 1 1 0.00007600000000000
4 3 3 1 0.00000500000000000
3 2 1 1 0.00046800000000000
4 3 3 1 0.00001100000000000
3 2 2 1 0.00046700000000000
4 3 3 1 0.00000600000000000
2 1 1 1 0.00000700000000000
4 3 3 1 0.00000800000000000
4 3 3 1 0.00000600000000000
5 4 4 1 0.00000700000000000
4 3 3 1 0.00000400000000000
3 2 1 1 0.00000800000000000
2 1 1 1 0.00000600000000000
5 4 4 1 0.00000700000000000
5 4 4 1 0.00000700000000000
2 1 1 1 0.00017200000000000
3 2 1 1 0.00000400000000000
3 2 1 1 0.00052500000000000
6 5 5 1 0.00001300000000000
6 5 5 1 0.00002200000000000
5 4 4 1 0.00000700000000000
5 4 4 1 0.00000800000000000
2 1 1 1 0.00000800000000000
6 5 5 1 0.00000800000000000
6 5 5 1 0.00001500000000000
7 6 6 1 0.00001600000000000
3 2 1 1 0.00000400000000000
6 5 5 1 0.00001300000000000
2 1 1 1 0.00000400000000000
6 5 5 1 0.00001200000000000
6 5 5 1 0.00001300000000000
7 6 6 1 0.00001100000000000
5 4 4 1 0.00000800000000000
8 7 7 1 0.00001700000000000
8 7 7 1 0.00001400000000000
4 3 3 1 0.00002200000000000
8 7 7 1 0.00001400000000000
6 5 5 1 0.00002200000000000
5 4 4 1 0.00000900000000000
3 2 1 1 0.00000600000000000
8 7 7 1 0.00001500000000000
8 7 7 1 0.00001800000000000
5 4 4 1 0.00000800000000000
8 7 7 1 0.00001400000000000
7 6 6 1 0.00002200000000000
7 6 6 1 0.00002300000000000
7 6 6 1 0.00001100000000000
8 7 7 1 0.00001800000000000
7 6 6 1 0.00002000000000000
9 8 8 1 0.00001900000000000
6 5 5 1 0.00002300000000000
7 6 6 1 0.00001100000000000
7 6 6 1 0.00001900000000000
5 4 4 1 0.00002200000000000
9 8 8 1 0.00002400000000000
10 9 9 1 0.00002500000000000
7 6 6 1 0.00002200000000000
2 1 1 1 0.00014500000000000
10 9 9 1 0.00003400000000000
2 1 1 1 0.00001100000000000
8 7 7 1 0.00001900000000000
9 8 8 1 0.00002400000000000
10 9 9 1 0.00002300000000000
7 6 6 1 0.00001400000000000
9 8 8 1 0.00001900000000000
10 9 9 1 0.00003400000000000
10 9 9 1 0.00003000000000000
9 8 8 1 0.00002400000000000
5 4 4 1 0.00000600000000000
8 7 7 1 0.00001800000000000
11 10 10 1 0.00003000000000000
9 8 8 1 0.00002400000000000
10 9 9 1 0.00003700000000000
10 9 9 1 0.00003700000000000
11 10 10 1 0.00003700000000000
6 5 5 1 0.00001700000000000
11 10 10 1 0.00004400000000000
10 9 9 1 0.00003100000000000
12 11 11 1 0.00003600000000000
11 10 10 1 0.00004800000000000
11 10 10 1 0.00004100000000000
9 8 8 1 0.00002500000000000
12 11 11 1 0.00003500000000000
12 11 11 1 0.00004600000000000
9 8 8 1 0.00002400000000000
12 11 11 1 0.00005400000000000
12 11 11 1 0.00003600000000000
13 12 12 1 0.00005400000000000
12 11 11 1 0.00004500000000000
9 8 8 1 0.00002000000000000
11 10 10 1 0.00003700000000000
11 10 10 1 0.00003900000000000
13 12 12 1 0.00005400000000000
13 12 12 1 0.00004300000000000
12 11 11 1 0.00004400000000000
8 7 7 1 0.00001800000000000
11 10 10 1 0.00003500000000000
11 10 10 1 0.00004900000000000
12 11 11 1 0.00004400000000000
13 12 12 1 0.00006100000000000
14 13 13 1 0.00006800000000000
13 12 12 1 0.00005500000000000
14 13 13 1 0.00005200000000000
14 13 13 1 0.00006500000000000
13 12 12 1 0.00004200000000000
12 11 11 1 0.00004400000000000
14 13 13 1 0.00006500000000000
14 13 13 1 0.00005500000000000
15 14 14 1 0.00008200000000000
12 11 11 1 0.00003500000000000
13 12 12 1 0.00005700000000000
14 13 13 1 0.00006600000000000
10 9 9 1 0.00003000000000000
15 14 14 1 0.00006000000000000
15 14 14 1 0.00007600000000000
11 10 10 1 0.00004600000000000
15 14 14 1 0.00006900000000000
14 13 13 1 0.00006500000000000
13 12 12 1 0.00005400000000000
16 15 15 1 0.00008100000000000
16 15 15 1 0.00009400000000000
16 15 15 1 0.00008000000000000
10 9 9 1 0.00003400000000000
15 14 14 1 0.00006100000000000
9 8 8 1 0.00002900000000000
16 15 15 1 0.00009000000000000
16 15 15 1 0.00007300000000000
16 15 15 1 0.00011400000000000
2 1 1 1 0.00006100000000000
17 16 16 1 0.00010400000000000
17 16 16 1 0.00008300000000000
16 15 15 1 0.00009400000000000
17 16 16 1 0.00008400000000000
15 14 14 1 0.00007500000000000
16 15 15 1 0.00009800000000000
17 16 16 1 0.00008600000000000
16 15 15 1 0.00009600000000000
13 12 12 1 0.00005300000000000
17 16 16 1 0.00010400000000000
18 17 17 1 0.00011400000000000
15 14 14 1 0.00007600000000000
14 13 13 1 0.00005300000000000
17 16 16 1 0.00010300000000000
18 17 17 1 0.00013900000000000
17 16 16 1 0.00008300000000000
13 12 12 1 0.00005300000000000
14 13 13 1 0.00006400000000000
18 17 17 1 0.00013800000000000
18 17 17 1 0.00011600000000000
18 17 17 1 0.00013900000000000
17 16 16 1 0.00011000000000000
14 13 13 1 0.00005200000000000
15 14 14 1 0.00008500000000000
18 17 17 1 0.00011300000000000
18 17 17 1 0.00013700000000000
19 18 18 1 0.00012600000000000
19 18 18 1 0.00012700000000000
19 18 18 1 0.00012500000000000
19 18 18 1 0.00015800000000000
19 18 18 1 0.00015600000000000
19 18 18 1 0.00012800000000000
18 17 17 1 0.00013600000000000
17 16 16 1 0.00011400000000000
19 18 18 1 0.00015800000000000
19 18 18 1 0.00016000000000000
18 17 17 1 0.00014000000000000
20 19 19 1 0.00018300000000000
16 15 15 1 0.00009800000000000
20 19 19 1 0.00014400000000000
19 18 18 1 0.00015900000000000
20 19 19 1 0.00018200000000000
15 14 14 1 0.00007600000000000
20 19 19 1 0.00014800000000000
20 19 19 1 0.00018300000000000
20 19 19 1 0.00017500000000000
20 19 19 1 0.00014500000000000
15 14 14 1 0.00007600000000000
20 19 19 1 0.00014000000000000
21 20 20 1 0.00020600000000000
20 19 19 1 0.00014900000000000
21 20 20 1 0.00016500000000000
21 20 20 1 0.00020900000000000
21 20 20 1 0.00020300000000000
21 20 20 1 0.00016300000000000
21 20 20 1 0.00020100000000000
21 20 20 1 0.00020700000000000
21 20 20 1 0.00020400000000000
19 18 18 1 0.00015800000000000
21 20 20 1 0.00020600000000000
21 20 20 1 0.00020800000000000
22 21 21 1 0.00018100000000000
17 16 16 1 0.00010900000000000
22 21 21 1 0.00022900000000000
22 21 21 1 0.00017700000000000
22 21 21 1 0.00017900000000000
22 21 21 1 0.00022100000000000
22 21 21 1 0.00022300000000000
22 21 21 1 0.00022700000000000
23 22 22 1 0.00020300000000000
23 22 22 1 0.00019900000000000
22 21 21 1 0.00022300000000000
22 21 21 1 0.00022400000000000
20 19 19 1 0.00017800000000000
23 22 22 1 0.00020800000000000
22 21 21 1 0.00022100000000000
23 22 22 1 0.00024900000000000
23 22 22 1 0.00024800000000000
18 17 17 1 0.00013900000000000
23 22 22 1 0.00024900000000000
23 22 22 1 0.00025000000000000
23 22 22 1 0.00024600000000000
23 22 22 1 0.00024500000000000
24 23 23 1 0.00022200000000000
23 22 22 1 0.00025100000000000
24 23 23 1 0.00022500000000000
24 23 23 1 0.00022300000000000
24 23 23 1 0.00027700000000000
24 23 23 1 0.00028000000000000
24 23 23 1 0.00027800000000000
24 23 23 1 0.00022100000000000
24 23 23 1 0.00027700000000000
24 23 23 1 0.00027200000000000
25 24 24 1 0.00024400000000000
24 23 23 1 0.00028800000000000
25 24 24 1 0.00025100000000000
25 24 24 1 0.00031300000000000
25 24 24 1 0.00031000000000000
25 24 24 1 0.00031300000000000
25 24 24 1 0.00030200000000000
25 24 24 1 0.00030400000000000
25 24 24 1 0.00031100000000000
25 24 24 1 0.00031000000000000
25 24 24 1 0.00031400000000000
26 25 25 1 0.00027500000000000
26 25 25 1 0.00027600000000000
26 25 25 1 0.00034400000000000
26 25 25 1 0.00028000000000000
26 25 25 1 0.00034600000000000
26 25 25 1 0.00033800000000000
26 25 25 1 0.00034000000000000
27 26 26 1 0.00030100000000000
26 25 25 1 0.00034400000000000
26 25 25 1 0.00034400000000000
26 25 25 1 0.00034300000000000
27 26 26 1 0.00030400000000000
27 26 26 1 0.00030600000000000
27 26 26 1 0.00037500000000000
27 26 26 1 0.00039800000000000
27 26 26 1 0.00038100000000000
27 26 26 1 0.00038000000000000
27 26 26 1 0.00037500000000000
27 26 26 1 0.00038200000000000
27 26 26 1 0.00037900000000000
28 27 27 1 0.00032600000000000
28 27 27 1 0.00032600000000000
28 27 27 1 0.00032300000000000
28 27 27 1 0.00041200000000000
28 27 27 1 0.00040700000000000
28 27 27 1 0.00041200000000000
28 27 27 1 0.00040500000000000
28 27 27 1 0.00040900000000000
28 27 27 1 0.00040500000000000
29 28 28 1 0.00035900000000000
28 27 27 1 0.00041000000000000
29 28 28 1 0.00036000000000000
29 28 28 1 0.00045400000000000
29 28 28 1 0.00036000000000000
29 28 28 1 0.00044800000000000
29 28 28 1 0.00045000000000000
29 28 28 1 0.00045500000000000
29 28 28 1 0.00045100000000000
29 28 28 1 0.00044900000000000
29 28 28 1 0.00044900000000000
30 29 29 1 0.00039300000000000
30 29 29 1 0.00039500000000000
30 29 29 1 0.00039700000000000
30 29 29 1 0.00049300000000000
30 29 29 1 0.00049600000000000
30 29 29 1 0.00049600000000000
30 29 29 1 0.00049200000000000
30 29 29 1 0.00049300000000000
30 29 29 1 0.00049400000000000
30 29 29 1 0.00049300000000000
31 30 30 1 0.00042700000000000
31 30 30 1 0.00042300000000000
31 30 30 1 0.00053500000000000
31 30 30 1 0.00042400000000000
31 30 30 1 0.00054100000000000
31 30 30 1 0.00054800000000000
31 30 30 1 0.00052600000000000
31 30 30 1 0.00052800000000000
31 30 30 1 0.00053000000000000
31 30 30 1 0.00055800000000000
32 31 31 1 0.00055800000000000
32 31 31 1 0.00045000000000000
32 31 31 1 0.00045200000000000
32 31 31 1 0.00056400000000000
32 31 31 1 0.00045800000000000
32 31 31 1 0.00056000000000000
32 31 31 1 0.00058200000000000
32 31 31 1 0.00056500000000000
32 31 31 1 0.00056300000000000
32 31 31 1 0.00056300000000000
33 32 32 1 0.00049300000000000
33 32 32 1 0.00061800000000000
33 32 32 1 0.00049400000000000
33 32 32 1 0.00049300000000000
33 32 32 1 0.00061600000000000
33 32 32 1 0.00061800000000000
33 32 32 1 0.00061800000000000
33 32 32 1 0.00061200000000000
33 32 32 1 0.00061700000000000
33 32 32 1 0.00061400000000000
34 33 33 1 0.00073600000000000
34 33 33 1 0.00059200000000000
34 33 33 1 0.00059000000000000
34 33 33 1 0.00074500000000000
34 33 33 1 0.00059300000000000
34 33 33 1 0.00074500000000000
34 33 33 1 0.00074000000000000
34 33 33 1 0.00073500000000000
34 33 33 1 0.00074300000000000
34 33 33 1 0.00073900000000000
35 34 34 1 0.00069600000000000
35 34 34 1 0.00087800000000000
35 34 34 1 0.00069600000000000
35 34 34 1 0.00069800000000000
35 34 34 1 0.00087600000000000
35 34 34 1 0.00087000000000000
35 34 34 1 0.00087000000000000
35 34 34 1 0.00087600000000000
35 34 34 1 0.00087600000000000
35 34 34 1 0.00087400000000000
36 35 35 1 0.00092300000000000
36 35 35 1 0.00091600000000000
36 35 35 1 0.00074300000000000
36 35 35 1 0.00092900000000000
36 35 35 1 0.00073900000000000
36 35 35 1 0.00072300000000000
36 35 35 1 0.00092700000000000
36 35 35 1 0.00091200000000000
36 35 35 1 0.00092400000000000
36 35 35 1 0.00092300000000000
37 36 36 1 0.00098200000000000
37 36 36 1 0.00098400000000000
37 36 36 1 0.00077700000000000
37 36 36 1 0.00097900000000000
37 36 36 1 0.00077400000000000
37 36 36 1 0.00078100000000000
37 36 36 1 0.00098400000000000
37 36 36 1 0.00098300000000000
37 36 36 1 0.00098400000000000
37 36 36 1 0.00098000000000000
38 37 37 1 0.00106100000000000
38 37 37 1 0.00106200000000000
38 37 37 1 0.00084500000000000
38 37 37 1 0.00085300000000000
38 37 37 1 0.00085100000000000
38 37 37 1 0.00106300000000000
38 37 37 1 0.00106600000000000
38 37 37 1 0.00106600000000000
38 37 37 1 0.00106700000000000
38 37 37 1 0.00105800000000000
39 38 38 1 0.00113200000000000
39 38 38 1 0.00090300000000000
39 38 38 1 0.00113500000000000
39 38 38 1 0.00090100000000000
39 38 38 1 0.00090000000000000
39 38 38 1 0.00112700000000000
39 38 38 1 0.00113100000000000
39 38 38 1 0.00113700000000000
39 38 38 1 0.00113100000000000
39 38 38 1 0.00113100000000000
40 39 39 1 0.00122100000000000
40 39 39 1 0.00122900000000000
40 39 39 1 0.00098500000000000
40 39 39 1 0.00098200000000000
40 39 39 1 0.00099300000000000
40 39 39 1 0.00122400000000000
40 39 39 1 0.00122400000000000
40 39 39 1 0.00121700000000000
40 39 39 1 0.00122200000000000
40 39 39 1 0.00123100000000000
41 40 40 1 0.00128200000000000
41 40 40 1 0.00128500000000000
41 40 40 1 0.00101900000000000
41 40 40 1 0.00128000000000000
41 40 40 1 0.00102100000000000
41 40 40 1 0.00102000000000000
41 40 40 1 0.00128300000000000
41 40 40 1 0.00127300000000000
41 40 40 1 0.00127000000000000
41 40 40 1 0.00127800000000000
42 41 41 1 0.00136700000000000
42 41 41 1 0.00135300000000000
42 41 41 1 0.00137300000000000
42 41 41 1 0.00137100000000000
42 41 41 1 0.00109200000000000
42 41 41 1 0.00108700000000000
42 41 41 1 0.00109300000000000
42 41 41 1 0.00137300000000000
42 41 41 1 0.00138000000000000
42 41 41 1 0.00136600000000000
43 42 42 1 0.00148700000000000
43 42 42 1 0.00145800000000000
43 42 42 1 0.00116800000000000
43 42 42 1 0.00116800000000000
43 42 42 1 0.00116700000000000
43 42 42 1 0.00146600000000000
43 42 42 1 0.00146800000000000
43 42 42 1 0.00147000000000000
43 42 42 1 0.00145900000000000
43 42 42 1 0.00146600000000000
44 43 43 1 0.00154200000000000
44 43 43 1 0.00154500000000000
44 43 43 1 0.00153500000000000
44 43 43 1 0.00153400000000000
44 43 43 1 0.00122200000000000
44 43 43 1 0.00123000000000000
44 43 43 1 0.00153300000000000
45 44 44 1 0.00133100000000000
44 43 43 1 0.00154400000000000
44 43 43 1 0.00155200000000000
44 43 43 1 0.00154200000000000
45 44 44 1 0.00165500000000000
45 44 44 1 0.00131800000000000
45 44 44 1 0.00131600000000000
45 44 44 1 0.00133100000000000
45 44 44 1 0.00165400000000000
45 44 44 1 0.00167100000000000
45 44 44 1 0.00165600000000000
45 44 44 1 0.00164500000000000
45 44 44 1 0.00164900000000000
46 45 45 1 0.00174900000000000
46 45 45 1 0.00174300000000000
46 45 45 1 0.00174200000000000
46 45 45 1 0.00175000000000000
46 45 45 1 0.00142600000000000
46 45 45 1 0.00143500000000000
46 45 45 1 0.00174400000000000
46 45 45 1 0.00174300000000000
47 46 46 1 0.00147300000000000
46 45 45 1 0.00173600000000000
46 45 45 1 0.00174300000000000
47 46 46 1 0.00184600000000000
47 46 46 1 0.00183800000000000
47 46 46 1 0.00185000000000000
47 46 46 1 0.00147800000000000
47 46 46 1 0.00184300000000000
47 46 46 1 0.00147200000000000
47 46 46 1 0.00148000000000000
47 46 46 1 0.00184900000000000
47 46 46 1 0.00185200000000000
48 47 47 1 0.00199000000000000
48 47 47 1 0.00198500000000000
48 47 47 1 0.00196600000000000
48 47 47 1 0.00196200000000000
48 47 47 1 0.00154400000000000
48 47 47 1 0.00158700000000000
48 47 47 1 0.00198800000000000
48 47 47 1 0.00198700000000000
49 48 48 1 0.00165700000000000
48 47 47 1 0.00197900000000000
48 47 47 1 0.00198400000000000
49 48 48 1 0.00203700000000000
49 48 48 1 0.00205100000000000
49 48 48 1 0.00206100000000000
49 48 48 1 0.00165800000000000
49 48 48 1 0.00206100000000000
50 49 49 1 0.00174700000000000
50 49 49 1 0.00175300000000000
49 48 48 1 0.00206300000000000
49 48 48 1 0.00205800000000000
49 48 48 1 0.00205600000000000
49 48 48 1 0.00205100000000000
50 49 49 1 0.00219200000000000
50 49 49 1 0.00219500000000000
50 49 49 1 0.00177200000000000
50 49 49 1 0.00175700000000000
50 49 49 1 0.00219900000000000
50 49 49 1 0.00219200000000000
50 49 49 1 0.00219100000000000
51 50 50 1 0.00183800000000000
50 49 49 1 0.00218900000000000
51 50 50 1 0.00229100000000000
51 50 50 1 0.00228800000000000
51 50 50 1 0.00228500000000000
51 50 50 1 0.00184000000000000
51 50 50 1 0.00229400000000000
51 50 50 1 0.00228800000000000
52 51 51 1 0.00191100000000000
52 51 51 1 0.00192600000000000
51 50 50 1 0.00229100000000000
51 50 50 1 0.00229900000000000
51 50 50 1 0.00228900000000000
52 51 51 1 0.00240600000000000
52 51 51 1 0.00240400000000000
52 51 51 1 0.00241400000000000
52 51 51 1 0.00240700000000000
52 51 51 1 0.00192200000000000
52 51 51 1 0.00193600000000000
52 51 51 1 0.00240700000000000
52 51 51 1 0.00242000000000000
53 52 52 1 0.00207600000000000
53 52 52 1 0.00259300000000000
53 52 52 1 0.00259700000000000
53 52 52 1 0.00207500000000000
53 52 52 1 0.00259300000000000
53 52 52 1 0.00257700000000000
54 53 53 1 0.00213100000000000
54 53 53 1 0.00214200000000000
53 52 52 1 0.00259000000000000
53 52 52 1 0.00258700000000000
53 52 52 1 0.00257500000000000
53 52 52 1 0.00259000000000000
54 53 53 1 0.00268200000000000
54 53 53 1 0.00266900000000000
54 53 53 1 0.00267500000000000
54 53 53 1 0.00266300000000000
55 54 54 1 0.00223700000000000
55 54 54 1 0.00226400000000000
54 53 53 1 0.00267300000000000
54 53 53 1 0.00267600000000000
54 53 53 1 0.00268700000000000
54 53 53 1 0.00266900000000000
55 54 54 1 0.00225000000000000
55 54 54 1 0.00280100000000000
55 54 54 1 0.00226100000000000
55 54 54 1 0.00281800000000000
56 55 55 1 0.00233900000000000
56 55 55 1 0.00233600000000000
55 54 54 1 0.00281100000000000
55 54 54 1 0.00280300000000000
55 54 54 1 0.00284900000000000
55 54 54 1 0.00281300000000000
56 55 55 1 0.00294700000000000
56 55 55 1 0.00294300000000000
56 55 55 1 0.00292600000000000
56 55 55 1 0.00292200000000000
57 56 56 1 0.00243100000000000
56 55 55 1 0.00293200000000000
57 56 56 1 0.00246300000000000
56 55 55 1 0.00291400000000000
56 55 55 1 0.00291600000000000
56 55 55 1 0.00293700000000000
57 56 56 1 0.00251500000000000
57 56 56 1 0.00310800000000000
57 56 56 1 0.00315700000000000
57 56 56 1 0.00313200000000000
57 56 56 1 0.00313100000000000
57 56 56 1 0.00246100000000000
57 56 56 1 0.00307200000000000
58 57 57 1 0.00267500000000000
58 57 57 1 0.00270500000000000
57 56 56 1 0.00312900000000000
58 57 57 1 0.00348000000000000
58 57 57 1 0.00337800000000000
58 57 57 1 0.00334800000000000
58 57 57 1 0.00337900000000000
59 58 58 1 0.00268100000000000
59 58 58 1 0.00273800000000000
58 57 57 1 0.00338900000000000
58 57 57 1 0.00335900000000000
58 57 57 1 0.00337100000000000
58 57 57 1 0.00337200000000000
59 58 58 1 0.00275900000000000
59 58 58 1 0.00344300000000000
59 58 58 1 0.00343900000000000
59 58 58 1 0.00340500000000000
59 58 58 1 0.00341600000000000
60 59 59 1 0.00286000000000000
59 58 58 1 0.00346000000000000
59 58 58 1 0.00347600000000000
59 58 58 1 0.00344300000000000
60 59 59 1 0.00290100000000000
60 59 59 1 0.00286700000000000
60 59 59 1 0.00362100000000000
60 59 59 1 0.00356800000000000
60 59 59 1 0.00359300000000000
61 60 60 1 0.00300100000000000
61 60 60 1 0.00297400000000000
60 59 59 1 0.00358200000000000
60 59 59 1 0.00362500000000000
60 59 59 1 0.00359300000000000
60 59 59 1 0.00360800000000000
61 60 60 1 0.00298700000000000
61 60 60 1 0.00373200000000000
61 60 60 1 0.00371600000000000
61 60 60 1 0.00377200000000000
61 60 60 1 0.00375200000000000
62 61 61 1 0.00311200000000000
61 60 60 1 0.00373600000000000
61 60 60 1 0.00374500000000000
61 60 60 1 0.00371300000000000
62 61 61 1 0.00388000000000000
62 61 61 1 0.00311900000000000
62 61 61 1 0.00314200000000000
62 61 61 1 0.00390400000000000
62 61 61 1 0.00390300000000000
62 61 61 1 0.00394400000000000
62 61 61 1 0.00385400000000000
63 62 62 1 0.00316800000000000
62 61 61 1 0.00388000000000000
63 62 62 1 0.00332700000000000
62 61 61 1 0.00390700000000000
63 62 62 1 0.00335200000000000
63 62 62 1 0.00413800000000000
63 62 62 1 0.00416200000000000
63 62 62 1 0.00414900000000000
64 63 63 1 0.00330100000000000
63 62 62 1 0.00420300000000000
63 62 62 1 0.00411200000000000
63 62 62 1 0.00411000000000000
63 62 62 1 0.00411200000000000
64 63 63 1 0.00330700000000000
64 63 63 1 0.00331100000000000
64 63 63 1 0.00416100000000000
64 63 63 1 0.00414200000000000
64 63 63 1 0.00414800000000000
64 63 63 1 0.00414900000000000
64 63 63 1 0.00412900000000000
65 64 64 1 0.00343800000000000
64 63 63 1 0.00412500000000000
64 63 63 1 0.00408300000000000
65 64 64 1 0.00350900000000000
65 64 64 1 0.00435500000000000
65 64 64 1 0.00434200000000000
65 64 64 1 0.00351100000000000
65 64 64 1 0.00435600000000000
65 64 64 1 0.00436500000000000
66 65 65 1 0.00384900000000000
65 64 64 1 0.00435700000000000
65 64 64 1 0.00435700000000000
65 64 64 1 0.00437300000000000
66 65 65 1 0.00382600000000000
66 65 65 1 0.00385500000000000
66 65 65 1 0.00482200000000000
66 65 65 1 0.00479200000000000
66 65 65 1 0.00479400000000000
66 65 65 1 0.00478100000000000
66 65 65 1 0.00478100000000000
66 65 65 1 0.00478900000000000
66 65 65 1 0.00481000000000000
67 66 66 1 0.00419000000000000
67 66 66 1 0.00525900000000000
67 66 66 1 0.00423400000000000
67 66 66 1 0.00525600000000000
67 66 66 1 0.00420900000000000
67 66 66 1 0.00525500000000000
67 66 66 1 0.00525000000000000
67 66 66 1 0.00525500000000000
67 66 66 1 0.00523500000000000
67 66 66 1 0.00524800000000000
68 67 67 1 0.00458600000000000
68 67 67 1 0.00460000000000000
68 67 67 1 0.00461200000000000
68 67 67 1 0.00577800000000000
68 67 67 1 0.00576500000000000
68 67 67 1 0.00576900000000000
68 67 67 1 0.00581100000000000
68 67 67 1 0.00578200000000000
68 67 67 1 0.00573400000000000
69 68 68 1 0.00495300000000000
68 67 67 1 0.00576500000000000
69 68 68 1 0.00494900000000000
69 68 68 1 0.00614000000000000
69 68 68 1 0.00615400000000000
69 68 68 1 0.00613000000000000
69 68 68 1 0.00493900000000000
69 68 68 1 0.00617000000000000
69 68 68 1 0.00615100000000000
69 68 68 1 0.00613600000000000
69 68 68 1 0.00615800000000000
70 69 69 1 0.00509600000000000
70 69 69 1 0.00636800000000000
70 69 69 1 0.00635400000000000
70 69 69 1 0.00634800000000000
70 69 69 1 0.00509000000000000
70 69 69 1 0.00509200000000000
70 69 69 1 0.00633300000000000
70 69 69 1 0.00636900000000000
70 69 69 1 0.00640500000000000
70 69 69 1 0.00637700000000000
71 70 70 1 0.00539400000000000
71 70 70 1 0.00659900000000000
71 70 70 1 0.00531400000000000
71 70 70 1 0.00664300000000000
71 70 70 1 0.00530900000000000
71 70 70 1 0.00661500000000000
71 70 70 1 0.00661200000000000
71 70 70 1 0.00923300000000000
71 70 70 1 0.00921600000000000
71 70 70 1 0.00920300000000000
72 71 71 1 0.00945700000000000
72 71 71 1 0.00806600000000000
72 71 71 1 0.00945900000000000
72 71 71 1 0.00808800000000000
72 71 71 1 0.00808700000000000
72 71 71 1 0.00947700000000000
72 71 71 1 0.00947700000000000
72 71 71 1 0.00946700000000000
72 71 71 1 0.00944700000000000
72 71 71 1 0.00945400000000000
73 72 72 1 0.00971800000000000
73 72 72 1 0.00833500000000000
73 72 72 1 0.00831900000000000
73 72 72 1 0.00974100000000000
73 72 72 1 0.00836000000000000
73 72 72 1 0.00978200000000000
73 72 72 1 0.00976700000000000
73 72 72 1 0.00976700000000000
73 72 72 1 0.00980300000000000
73 72 72 1 0.00977500000000000
74 73 73 1 0.00603600000000000
74 73 73 1 0.01014500000000000
74 73 73 1 0.00600100000000000
74 73 73 1 0.00746700000000000
74 73 73 1 0.00598800000000000
74 73 73 1 0.00748100000000000
74 73 73 1 0.00747200000000000
74 73 73 1 0.00749900000000000
74 73 73 1 0.00752600000000000
74 73 73 1 0.00749200000000000
75 74 74 1 0.00768700000000000
75 74 74 1 0.00770500000000000
75 74 74 1 0.00621000000000000
75 74 74 1 0.00772000000000000
75 74 74 1 0.00767300000000000
75 74 74 1 0.00619700000000000
75 74 74 1 0.00617500000000000
75 74 74 1 0.00770200000000000
75 74 74 1 0.00768000000000000
75 74 74 1 0.00767000000000000
76 75 75 1 0.00636000000000000
76 75 75 1 0.00797900000000000
76 75 75 1 0.00798100000000000
76 75 75 1 0.00637100000000000
76 75 75 1 0.00636300000000000
76 75 75 1 0.00798300000000000
76 75 75 1 0.00795800000000000
76 75 75 1 0.00793800000000000
76 75 75 1 0.00796000000000000
76 75 75 1 0.00793600000000000
77 76 76 1 0.00822700000000000
77 76 76 1 0.00824200000000000
77 76 76 1 0.00666100000000000
77 76 76 1 0.00822400000000000
77 76 76 1 0.00659900000000000
77 76 76 1 0.00820000000000000
78 77 77 1 0.00685800000000000
77 76 76 1 0.00822100000000000
77 76 76 1 0.00823600000000000
77 76 76 1 0.00820100000000000
77 76 76 1 0.00820100000000000
78 77 77 1 0.00854800000000000
78 77 77 1 0.00681900000000000
78 77 77 1 0.00854600000000000
78 77 77 1 0.00683200000000000
78 77 77 1 0.00684800000000000
78 77 77 1 0.00854600000000000
78 77 77 1 0.00853900000000000
78 77 77 1 0.00857900000000000
78 77 77 1 0.00858700000000000
79 78 78 1 0.00896500000000000
79 78 78 1 0.00899500000000000
79 78 78 1 0.00733800000000000
79 78 78 1 0.00720300000000000
79 78 78 1 0.00897800000000000
79 78 78 1 0.00900900000000000
79 78 78 1 0.00896700000000000
80 79 79 1 0.00729000000000000
79 78 78 1 0.00904800000000000
79 78 78 1 0.00893700000000000
79 78 78 1 0.00892000000000000
80 79 79 1 0.00908100000000000
80 79 79 1 0.00726900000000000
80 79 79 1 0.00911100000000000
80 79 79 1 0.00908300000000000
80 79 79 1 0.00911600000000000
80 79 79 1 0.00725300000000000
80 79 79 1 0.00725100000000000
80 79 79 1 0.00908200000000000
80 79 79 1 0.00909600000000000
81 80 80 1 0.01118700000000000
81 80 80 1 0.01116600000000000
81 80 80 1 0.01118100000000000
81 80 80 1 0.00927300000000000
81 80 80 1 0.00954400000000000
81 80 80 1 0.01124100000000000
81 80 80 1 0.01117700000000000
82 81 81 1 0.00967100000000000
81 80 80 1 0.01115600000000000
81 80 80 1 0.01116000000000000
81 80 80 1 0.01117900000000000
82 81 81 1 0.01155700000000000
82 81 81 1 0.00959300000000000
82 81 81 1 0.01157200000000000
82 81 81 1 0.01158200000000000
82 81 81 1 0.01159500000000000
83 82 82 1 0.00983200000000000
83 82 82 1 0.00983700000000000
82 81 81 1 0.01158600000000000
82 81 81 1 0.01159300000000000
82 81 81 1 0.01157100000000000
82 81 81 1 0.01156200000000000
83 82 82 1 0.01190300000000000
83 82 82 1 0.01187000000000000
83 82 82 1 0.00807400000000000
83 82 82 1 0.00810100000000000
83 82 82 1 0.01011700000000000
83 82 82 1 0.01008300000000000
84 83 83 1 0.00856900000000000
83 82 82 1 0.01009700000000000
83 82 82 1 0.01012700000000000
84 83 83 1 0.00852900000000000
84 83 83 1 0.01069200000000000
84 83 83 1 0.01065500000000000
84 83 83 1 0.01067600000000000
84 83 83 1 0.01064600000000000
85 84 84 1 0.00860900000000000
85 84 84 1 0.00860400000000000
84 83 83 1 0.01067600000000000
84 83 83 1 0.01068700000000000
84 83 83 1 0.01068900000000000
84 83 83 1 0.01064500000000000
85 84 84 1 0.01073100000000000
85 84 84 1 0.01075300000000000
85 84 84 1 0.01073900000000000
85 84 84 1 0.01074200000000000
85 84 84 1 0.00876000000000000
85 84 84 1 0.00861600000000000
85 84 84 1 0.01072500000000000
86 85 85 1 0.00884800000000000
85 84 84 1 0.01076800000000000
86 85 85 1 0.01116500000000000
86 85 85 1 0.00886800000000000
86 85 85 1 0.01108500000000000
86 85 85 1 0.01108300000000000
86 85 85 1 0.01115700000000000
87 86 86 1 0.00941000000000000
87 86 86 1 0.00939900000000000
86 85 85 1 0.01111600000000000
86 85 85 1 0.01111500000000000
86 85 85 1 0.01112600000000000
86 85 85 1 0.01108500000000000
87 86 86 1 0.01176900000000000
88 87 87 1 0.00945200000000000
88 87 87 1 0.00942100000000000
87 86 86 1 0.01180100000000000
87 86 86 1 0.01174000000000000
87 86 86 1 0.01175300000000000
87 86 86 1 0.01185100000000000
88 87 87 1 0.00945600000000000
87 86 86 1 0.01177400000000000
87 86 86 1 0.01180800000000000
88 87 87 1 0.01174100000000000
88 87 87 1 0.00943000000000000
88 87 87 1 0.01180100000000000
89 88 88 1 0.00993500000000000
89 88 88 1 0.00996300000000000
88 87 87 1 0.01178300000000000
88 87 87 1 0.01179500000000000
88 87 87 1 0.01177300000000000
88 87 87 1 0.01189800000000000
89 88 88 1 0.01245900000000000
89 88 88 1 0.01248800000000000
89 88 88 1 0.00998900000000000
89 88 88 1 0.01246800000000000
89 88 88 1 0.00996800000000000
89 88 88 1 0.01249400000000000
90 89 89 1 0.01016900000000000
89 88 88 1 0.01249500000000000
89 88 88 1 0.01250100000000000
90 89 89 1 0.01261900000000000
90 89 89 1 0.01012400000000000
90 89 89 1 0.01265900000000000
90 89 89 1 0.01274500000000000
90 89 89 1 0.01266500000000000
90 89 89 1 0.01272000000000000
90 89 89 1 0.01008900000000000
90 89 89 1 0.01266200000000000
91 90 90 1 0.01040600000000000
87 86 86 1 0.02920600000000000
90 89 89 1 0.01268900000000000
91 90 90 1 0.01301800000000000
91 90 90 1 0.01295600000000000
91 90 90 1 0.01304600000000000
91 90 90 1 0.01038400000000000
91 90 90 1 0.01304600000000000
91 90 90 1 0.01071800000000000
91 90 90 1 0.01297800000000000
91 90 90 1 0.01297800000000000
91 90 90 1 0.01301400000000000
92 91 91 1 0.01098500000000000
92 91 91 1 0.01372200000000000
92 91 91 1 0.01097200000000000
92 91 91 1 0.01374100000000000
92 91 91 1 0.01376300000000000
92 91 91 1 0.01374000000000000
93 92 92 1 0.01103400000000000
93 92 92 1 0.01095900000000000
92 91 91 1 0.01371200000000000
92 91 91 1 0.01373400000000000
92 91 91 1 0.01368900000000000
92 91 91 1 0.01375600000000000
93 92 92 1 0.01374000000000000
93 92 92 1 0.01374800000000000
93 92 92 1 0.01096800000000000
94 93 93 1 0.01165800000000000
93 92 92 1 0.01372800000000000
93 92 92 1 0.01372900000000000
93 92 92 1 0.01371300000000000
93 92 92 1 0.01380100000000000
94 93 93 1 0.01166900000000000
94 93 93 1 0.01160800000000000
94 93 93 1 0.01452800000000000
94 93 93 1 0.01451200000000000
94 93 93 1 0.01456000000000000
94 93 93 1 0.01458500000000000
95 94 94 1 0.01171200000000000
95 94 94 1 0.01166100000000000
94 93 93 1 0.01456600000000000
94 93 93 1 0.01452800000000000
94 93 93 1 0.01452200000000000
93 92 92 1 0.02490200000000000
95 94 94 1 0.01468500000000000
95 94 94 1 0.01467800000000000
95 94 94 1 0.01466200000000000
95 94 94 1 0.01176300000000000
95 94 94 1 0.01470200000000000
95 94 94 1 0.01169000000000000
95 94 94 1 0.01466100000000000
95 94 94 1 0.01466000000000000
96 95 95 1 0.01192700000000000
96 95 95 1 0.01493600000000000
96 95 95 1 0.01490900000000000
96 95 95 1 0.01496000000000000
96 95 95 1 0.01193100000000000
96 95 95 1 0.01498600000000000
97 96 96 1 0.01261400000000000
97 96 96 1 0.01266600000000000
96 95 95 1 0.01495600000000000
96 95 95 1 0.01492100000000000
96 95 95 1 0.01493800000000000
96 95 95 1 0.01490100000000000
97 96 96 1 0.01267800000000000
97 96 96 1 0.01581700000000000
97 96 96 1 0.01578500000000000
98 97 97 1 0.01275500000000000
97 96 96 1 0.01583200000000000
97 96 96 1 0.01579700000000000
97 96 96 1 0.01582400000000000
97 96 96 1 0.01581900000000000
98 97 97 1 0.01596500000000000
98 97 97 1 0.01276700000000000
98 97 97 1 0.01593900000000000
98 97 97 1 0.01272900000000000
98 97 97 1 0.01599000000000000
98 97 97 1 0.01590100000000000
98 97 97 1 0.01594500000000000
98 97 97 1 0.01599000000000000
99 98 98 1 0.01346800000000000
99 98 98 1 0.01344700000000000
98 97 97 1 0.01603500000000000
99 98 98 1 0.01684800000000000
99 98 98 1 0.01683800000000000
99 98 98 1 0.01349000000000000
99 98 98 1 0.01680000000000000
99 98 98 1 0.01321100000000000
99 98 98 1 0.01684300000000000
97 96 96 1 0.03091000000000000
100 99 99 1 0.01348800000000000
99 98 98 1 0.01687000000000000
99 98 98 1 0.01681900000000000
100 99 99 1 0.01687200000000000
100 99 99 1 0.01346400000000000
100 99 99 1 0.01685600000000000
100 99 99 1 0.01681500000000000
100 99 99 1 0.01690400000000000
100 99 99 1 0.01693100000000000
100 99 99 1 0.01685500000000000
100 99 99 1 0.01687300000000000
105 104 104 1 0.01531500000000000
105 104 104 1 0.01534400000000000
100 99 99 1 0.01687900000000000
105 104 104 1 0.01917100000000000
105 104 104 1 0.01921300000000000
105 104 104 1 0.01530700000000000
105 104 104 1 0.01936100000000000
105 104 104 1 0.01533000000000000
105 104 104 1 0.01915200000000000
105 104 104 1 0.01916800000000000
105 104 104 1 0.01914200000000000
110 109 109 1 0.01771900000000000
110 109 109 1 0.01761600000000000
110 109 109 1 0.02222200000000000
110 109 109 1 0.02232800000000000
110 109 109 1 0.02214400000000000
110 109 109 1 0.02208300000000000
110 109 109 1 0.02208000000000000
110 109 109 1 0.02222000000000000
110 109 109 1 0.02225300000000000
115 114 114 1 0.02012700000000000
115 114 114 1 0.02007700000000000
115 114 114 1 0.02529600000000000
115 114 114 1 0.02536900000000000
115 114 114 1 0.02515700000000000
115 114 114 1 0.02009700000000000
115 114 114 1 0.02534600000000000
110 109 109 1 0.03400600000000000
120 119 119 1 0.02232100000000000
115 114 114 1 0.02518900000000000
115 114 114 1 0.02512600000000000
115 114 114 1 0.02523600000000000
120 119 119 1 0.02247800000000000
120 119 119 1 0.02225200000000000
120 119 119 1 0.02801600000000000
120 119 119 1 0.02798700000000000
120 119 119 1 0.02800200000000000
120 119 119 1 0.02800000000000000
120 119 119 1 0.02783500000000000
120 119 119 1 0.02802500000000000
120 119 119 1 0.02784500000000000
125 124 124 1 0.02489900000000000
125 124 124 1 0.02498200000000000
125 124 124 1 0.03120800000000000
125 124 124 1 0.03111500000000000
125 124 124 1 0.03124200000000000
125 124 124 1 0.02498100000000000
125 124 124 1 0.03122300000000000
125 124 124 1 0.03114200000000000
125 124 124 1 0.03130900000000000
125 124 124 1 0.03125100000000000
130 129 129 1 0.02964700000000000
130 129 129 1 0.02881100000000000
130 129 129 1 0.03572700000000000
130 129 129 1 0.02870700000000000
130 129 129 1 0.03591400000000000
130 129 129 1 0.03583500000000000
130 129 129 1 0.03604700000000000
130 129 129 1 0.03586100000000000
130 129 129 1 0.03580500000000000
130 129 129 1 0.03593800000000000
135 134 134 1 0.03593300000000000
135 134 134 1 0.03596900000000000
135 134 134 1 0.04497700000000000
135 134 134 1 0.03604000000000000
135 134 134 1 0.04491800000000000
135 134 134 1 0.04501500000000000
135 134 134 1 0.04504800000000000
135 134 134 1 0.04503800000000000
135 134 134 1 0.04487300000000000
135 134 134 1 0.04509100000000000
140 139 139 1 0.04119500000000000
140 139 139 1 0.04192100000000000
140 139 139 1 0.05238400000000000
140 139 139 1 0.04197300000000000
140 139 139 1 0.05231800000000000
140 139 139 1 0.05229200000000000
140 139 139 1 0.05231500000000000
140 139 139 1 0.05231200000000000
140 139 139 1 0.05219800000000000
140 139 139 1 0.05241300000000000
145 144 144 1 0.05775300000000000
145 144 144 1 0.04852300000000000
145 144 144 1 0.04861700000000000
145 144 144 1 0.05942800000000000
145 144 144 1 0.05934400000000000
145 144 144 1 0.05926600000000000
145 144 144 1 0.04864900000000000
145 144 144 1 0.05670300000000000
145 144 144 1 0.05613200000000000
145 144 144 1 0.05620200000000000
150 149 149 1 0.06097800000000000
150 149 149 1 0.05281100000000000
150 149 149 1 0.05999800000000000
150 149 149 1 0.05998500000000000
150 149 149 1 0.05995600000000000
150 149 149 1 0.05371600000000000
150 149 149 1 0.05375100000000000
150 149 149 1 0.05773800000000000
150 149 149 1 0.05766500000000000
150 149 149 1 0.05754700000000000
155 154 154 1 0.06171200000000000
155 154 154 1 0.06063700000000000
155 154 154 1 0.06029200000000000
155 154 154 1 0.06027200000000000
155 154 154 1 0.05901800000000000
155 154 154 1 0.05585000000000000
155 154 154 1 0.05585100000000000
155 154 154 1 0.05585100000000000
155 154 154 1 0.05583700000000000
155 154 154 1 0.05578500000000000
160 159 159 1 0.06053600000000000
160 159 159 1 0.06085600000000000
160 159 159 1 0.06053100000000000
160 159 159 1 0.06101000000000000
160 159 159 1 0.06067400000000000
160 159 159 1 0.05956800000000000
160 159 159 1 0.06056200000000000
160 159 159 1 0.06045600000000000
160 159 159 1 0.06069200000000000
160 159 159 1 0.06049600000000000
165 164 164 1 0.06615400000000000
165 164 164 1 0.06605400000000000
165 164 164 1 0.06605100000000000
165 164 164 1 0.06619400000000000
165 164 164 1 0.06614500000000000
165 164 164 1 0.06638300000000000
165 164 164 1 0.06614299999999999
165 164 164 1 0.06599900000000000
165 164 164 1 0.06627800000000000
165 164 164 1 0.06630100000000000
170 169 169 1 0.07136600000000000
170 169 169 1 0.07156200000000000
170 169 169 1 0.07144200000000001
170 169 169 1 0.07136600000000000
170 169 169 1 0.07136199999999999
170 169 169 1 0.07127200000000000
170 169 169 1 0.07141800000000000
170 169 169 1 0.07138100000000000
170 169 169 1 0.07098300000000000
170 169 169 1 0.07149500000000000
175 174 174 1 0.07733800000000000
175 174 174 1 0.07761300000000000
175 174 174 1 0.07741900000000000
175 174 174 1 0.07752500000000000
175 174 174 1 0.07742499999999999
175 174 174 1 0.07736100000000000
175 174 174 1 0.07740400000000000
175 174 174 1 0.07751400000000000
175 174 174 1 0.07746000000000000
175 174 174 1 0.07735100000000000
180 179 179 1 0.08331400000000000
180 179 179 1 0.08342100000000000
180 179 179 1 0.08352300000000000
180 179 179 1 0.08329900000000000
180 179 179 1 0.08324900000000000
180 179 179 1 0.08328700000000000
180 179 179 1 0.08347900000000000
180 179 179 1 0.08322000000000000
180 179 179 1 0.08345400000000000
180 179 179 1 0.08338900000000000
185 184 184 1 0.08988800000000000
185 184 184 1 0.08993100000000000
185 184 184 1 0.08991499999999999
185 184 184 1 0.09146500000000000
185 184 184 1 0.08978899999999999
185 184 184 1 0.08994099999999999
185 184 184 1 0.08996700000000001
185 184 184 1 0.08994000000000001
185 184 184 1 0.08991300000000001
185 184 184 1 0.09249300000000001
190 189 189 1 0.09902100000000000
190 189 189 1 0.09924800000000000
190 189 189 1 0.09941600000000000
190 189 189 1 0.09935700000000000
190 189 189 1 0.09915700000000000
190 189 189 1 0.09904800000000000
190 189 189 1 0.09934800000000001
190 189 189 1 0.09941000000000000
190 189 189 1 0.09913300000000000
190 189 189 1 0.09947800000000000
195 194 194 1 0.10871300000000000
195 194 194 1 0.10867400000000001
195 194 194 1 0.10866900000000000
195 194 194 1 0.10870100000000001
195 194 194 1 0.10865700000000000
195 194 194 1 0.10866199999999999
195 194 194 1 0.10850899999999999
195 194 194 1 0.10930100000000000
195 194 194 1 0.10888500000000000
195 194 194 1 0.10886500000000000
200 199 199 1 0.11656700000000000
200 199 199 1 0.11673500000000001
200 199 199 1 0.11655300000000000
200 199 199 1 0.11395900000000000
200 199 199 1 0.11389000000000001
200 199 199 1 0.11376600000000001
200 199 199 1 0.11346100000000001
200 199 199 1 0.11334600000000000
200 199 199 1 0.11392900000000000
200 199 199 1 0.11361599999999999
205 204 204 1 0.12062700000000000
205 204 204 1 0.12048600000000000
205 204 204 1 0.12049799999999999
205 204 204 1 0.12045699999999999
205 204 204 1 0.12009599999999999
205 204 204 1 0.12014800000000000
205 204 204 1 0.12010500000000000
205 204 204 1 0.12008300000000000
205 204 204 1 0.12055200000000001
205 204 204 1 0.12034900000000000
210 209 209 1 0.12781200000000001
210 209 209 1 0.13066900000000001
210 209 209 1 0.12806100000000001
210 209 209 1 0.12804599999999999
210 209 209 1 0.12809899999999999
210 209 209 1 0.12822500000000001
210 209 209 1 0.12786600000000001
210 209 209 1 0.12796299999999999
210 209 209 1 0.12819300000000000
210 209 209 1 0.12813300000000000
215 214 214 1 0.13980899999999999
215 214 214 1 0.14004600000000000
215 214 214 1 0.13974700000000001
215 214 214 1 0.14014199999999999
215 214 214 1 0.14007100000000000
215 214 214 1 0.14001800000000000
215 214 214 1 0.13993100000000000
215 214 214 1 0.13990300000000000
215 214 214 1 0.14005100000000001
215 214 214 1 0.14028700000000000
220 219 219 1 0.14962800000000001
220 219 219 1 0.14988000000000001
220 219 219 1 0.14969800000000000
220 219 219 1 0.14972400000000000
220 219 219 1 0.14944299999999999
220 219 219 1 0.15094199999999999
220 219 219 1 0.14940200000000001
220 219 219 1 0.14988699999999999
220 219 219 1 0.15007699999999999
220 219 219 1 0.15005299999999999
225 224 224 1 0.15886400000000001
225 224 224 1 0.15858000000000000
225 224 224 1 0.15866500000000000
225 224 224 1 0.15892000000000001
225 224 224 1 0.15579499999999999
225 224 224 1 0.15579000000000001
225 224 224 1 0.15565300000000001
225 224 224 1 0.15619100000000000
225 224 224 1 0.15607799999999999
225 224 224 1 0.15618599999999999
230 229 229 1 0.16664699999999999
230 229 229 1 0.16643500000000000
230 229 229 1 0.16664599999999999
230 229 229 1 0.16675400000000001
230 229 229 1 0.16719600000000001
230 229 229 1 0.16854200000000000
230 229 229 1 0.16830800000000001
230 229 229 1 0.16924600000000001
230 229 229 1 0.16869899999999999
230 229 229 1 0.17479700000000001
235 234 234 1 0.18147500000000000
235 234 234 1 0.18181400000000000
235 234 234 1 0.18169800000000000
235 234 234 1 0.18263799999999999
235 234 234 1 0.18182899999999999
235 234 234 1 0.18183099999999999
235 234 234 1 0.18201600000000001
235 234 234 1 0.18217600000000000
235 234 234 1 0.18214300000000000
235 234 234 1 0.18184800000000001
240 239 239 1 0.19052800000000000
240 239 239 1 0.19112499999999999
240 239 239 1 0.19092500000000001
240 239 239 1 0.19065799999999999
240 239 239 1 0.19052200000000000
240 239 239 1 0.19134399999999999
240 239 239 1 0.19143700000000000
240 239 239 1 0.19119500000000000
240 239 239 1 0.19330200000000000
240 239 239 1 0.18919100000000000
245 244 244 1 0.20099000000000000
245 244 244 1 0.20155500000000001
245 244 244 1 0.20067199999999999
245 244 244 1 0.19956800000000000
245 244 244 1 0.19865400000000000
245 244 244 1 0.19874000000000000
245 244 244 1 0.19921400000000000
245 244 244 1 0.19876800000000000
245 244 244 1 0.19859499999999999
245 244 244 1 0.19844700000000001
250 249 249 1 0.20926900000000001
250 249 249 1 0.20998200000000000
250 249 249 1 0.21210599999999999
250 249 249 1 0.21211099999999999
250 249 249 1 0.21216900000000000
250 249 249 1 0.21210899999999999
250 249 249 1 0.21227699999999999
250 249 249 1 0.21215200000000001
250 249 249 1 0.21209500000000001
250 249 249 1 0.21230099999999999
260 259 259 1 0.24925600000000001
260 259 259 1 0.24974600000000000
260 259 259 1 0.24949399999999999
260 259 259 1 0.24989600000000001
260 259 259 1 0.24957599999999999
260 259 259 1 0.24963500000000000
260 259 259 1 0.24950100000000000
260 259 259 1 0.24664800000000001
260 259 259 1 0.25070500000000001
260 259 259 1 0.24911400000000000
270 269 269 1 0.30995899999999998
270 269 269 1 0.31005100000000002
270 269 269 1 0.31464199999999998
270 269 269 1 0.31300299999999998
270 269 269 1 0.31418400000000002
270 269 269 1 0.31410700000000003
270 269 269 1 0.31201299999999998
270 269 269 1 0.31096400000000002
270 269 269 1 0.31036300000000000
270 269 269 1 0.34152600000000000
280 279 279 1 0.35544399999999998
280 279 279 1 0.35494599999999998
280 279 279 1 0.35442899999999999
280 279 279 1 0.35479300000000003
280 279 279 1 0.35302899999999998
280 279 279 1 0.35318500000000003
280 279 279 1 0.35421799999999998
280 279 279 1 0.35392899999999999
280 279 279 1 0.35398800000000002
280 279 279 1 0.35538199999999998
290 289 289 1 0.39244400000000002
290 289 289 1 0.39110200000000001
290 289 289 1 0.39178000000000002
290 289 289 1 0.39201399999999997
290 289 289 1 0.39272299999999999
290 289 289 1 0.39387299999999997
290 289 289 1 0.38906800000000002
290 289 289 1 0.39020199999999999
290 289 289 1 0.38942700000000002
290 289 289 1 0.39093899999999998
300 299 299 1 0.43333100000000002
300 299 299 1 0.42761600000000000
300 299 299 1 0.42990499999999998
300 299 299 1 0.44664100000000001
300 299 299 1 0.43170399999999998
300 299 299 1 0.43346000000000001
300 299 299 1 0.43215799999999999
300 299 299 1 0.43157600000000002
300 299 299 1 0.43540800000000002
300 299 299 1 0.43626700000000002
310 309 309 1 0.46942000000000000
310 309 309 1 0.46993099999999999
310 309 309 1 0.46871000000000002
310 309 309 1 0.46989700000000001
310 309 309 1 0.46528500000000000
310 309 309 1 0.47162399999999999
310 309 309 1 0.46654800000000002
310 309 309 1 0.46698800000000001
310 309 309 1 0.47093499999999999
310 309 309 1 0.47084999999999999
320 319 319 1 0.50940900000000000
320 319 319 1 0.50779799999999997
320 319 319 1 0.50976100000000002
320 319 319 1 0.50785700000000000
320 319 319 1 0.50580999999999998
320 319 319 1 0.50599400000000005
320 319 319 1 0.50620500000000002
320 319 319 1 0.50568199999999996
320 319 319 1 0.50460400000000005
320 319 319 1 0.50565499999999997
330 329 329 1 0.56476800000000005
330 329 329 1 0.56584699999999999
330 329 329 1 0.56702399999999997
330 329 329 1 0.56719399999999998
330 329 329 1 0.56628999999999996
330 329 329 1 0.56525800000000004
330 329 329 1 0.56614299999999995
330 329 329 1 0.56443299999999996
330 329 329 1 0.56621299999999997
330 329 329 1 0.56284599999999996
340 339 339 1 0.62742100000000001
340 339 339 1 0.62840900000000000
340 339 339 1 0.62704000000000004
340 339 339 1 0.62764399999999998
340 339 339 1 0.62631599999999998
340 339 339 1 0.62670099999999995
340 339 339 1 0.62922699999999998
340 339 339 1 0.64377399999999996
340 339 339 1 0.62927699999999998
340 339 339 1 0.63076399999999999
350 349 349 1 0.68666799999999995
350 349 349 1 0.68741300000000005
350 349 349 1 0.68541399999999997
350 349 349 1 0.68920800000000004
350 349 349 1 0.68424499999999999
350 349 349 1 0.68581700000000001
350 349 349 1 0.68408500000000005
350 349 349 1 0.68371199999999999
350 349 349 1 0.68800300000000003
350 349 349 1 0.71787999999999996
360 359 359 1 0.74124400000000001
360 359 359 1 0.74093799999999999
360 359 359 1 0.73971299999999995
360 359 359 1 0.74075299999999999
360 359 359 1 0.73705500000000002
360 359 359 1 0.73797100000000004
