Nodos Aristas Frontera |CMF| Segundos
3 3 2 1 0.00097100000000000
5 5 2 1 0.00001700000000000
3 3 2 1 0.00000100000000000
5 5 2 1 0.00002100000000000
3 3 2 1 0.00000400000000000
5 5 2 1 0.00000600000000000
5 5 2 1 0.00000500000000000
4 4 2 1 0.00049100000000000
5 5 2 1 0.00000300000000000
4 4 2 1 0.00152300000000000
6 6 2 1 0.00000800000000000
6 6 2 1 0.00001000000000000
3 3 2 1 0.00000200000000000
3 3 2 1 0.00000200000000000
5 5 2 1 0.00000300000000000
3 3 2 1 0.00000100000000000
5 5 2 1 0.00000800000000000
4 4 2 1 0.00152800000000000
3 3 2 1 0.00000200000000000
5 5 2 1 0.00000300000000000
7 7 2 1 0.00000600000000000
6 6 2 1 0.00000800000000000
6 6 2 1 0.00000800000000000
3 3 2 1 0.00000100000000000
6 6 2 1 0.00000900000000000
5 5 2 1 0.00000600000000000
7 7 2 1 0.00000300000000000
7 7 2 1 0.00000800000000000
7 7 2 1 0.00002000000000000
7 7 2 1 0.00000800000000000
3 3 2 1 0.00000100000000000
7 7 2 1 0.00000400000000000
8 8 2 1 0.00000300000000000
8 8 2 1 0.00000700000000000
8 8 2 1 0.00001000000000000
6 6 2 1 0.00001300000000000
8 8 2 1 0.00000300000000000
4 4 2 1 0.00153100000000000
6 6 2 1 0.00000900000000000
8 8 2 1 0.00000300000000000
4 4 2 1 0.00001800000000000
3 3 2 1 0.00000100000000000
5 5 2 1 0.00000400000000000
4 4 2 1 0.00001800000000000
6 6 2 1 0.00000300000000000
8 8 2 1 0.00001400000000000
9 9 2 1 0.00000400000000000
4 4 2 1 0.00059200000000000
9 9 2 1 0.00000300000000000
9 9 2 1 0.00000700000000000
9 9 2 1 0.00000500000000000
9 9 2 1 0.00000300000000000
9 9 2 1 0.00000500000000000
10 10 2 1 0.00001400000000000
9 9 2 1 0.00000400000000000
8 8 2 1 0.00000300000000000
6 6 2 1 0.00000500000000000
10 10 2 1 0.00000300000000000
8 8 2 1 0.00000400000000000
7 7 2 1 0.00001200000000000
10 10 2 1 0.00000800000000000
10 10 2 1 0.00001300000000000
9 9 2 1 0.00000600000000000
10 10 2 1 0.00000900000000000
11 11 2 1 0.00000400000000000
7 7 2 1 0.00000400000000000
10 10 2 1 0.00000400000000000
10 10 2 1 0.00000500000000000
8 8 2 1 0.00001400000000000
10 10 2 1 0.00000900000000000
7 7 2 1 0.00000400000000000
11 11 2 1 0.00001000000000000
12 12 2 1 0.00000500000000000
9 9 2 1 0.00000500000000000
11 11 2 1 0.00000600000000000
11 11 2 1 0.00000700000000000
11 11 2 1 0.00000700000000000
7 7 2 1 0.00001600000000000
10 10 2 1 0.00000500000000000
12 12 2 1 0.00000500000000000
11 11 2 1 0.00000400000000000
9 9 2 1 0.00000500000000000
13 13 2 1 0.00000500000000000
11 11 2 1 0.00001600000000000
12 12 2 1 0.00000400000000000
4 4 2 1 0.00001600000000000
12 12 2 1 0.00000700000000000
13 13 2 1 0.00000600000000000
12 12 2 1 0.00000400000000000
13 13 2 1 0.00000500000000000
12 12 2 1 0.00000500000000000
13 13 2 1 0.00000500000000000
12 12 2 1 0.00000600000000000
14 14 2 1 0.00000600000000000
11 11 2 1 0.00001500000000000
14 14 2 1 0.00000600000000000
13 13 2 1 0.00000500000000000
14 14 2 1 0.00000900000000000
14 14 2 1 0.00000500000000000
11 11 2 1 0.00001500000000000
12 12 2 1 0.00000400000000000
13 13 2 1 0.00000500000000000
4 4 2 1 0.00176200000000000
15 15 2 1 0.00000700000000000
14 14 2 1 0.00000600000000000
14 14 2 1 0.00000400000000000
13 13 2 1 0.00000700000000000
14 14 2 1 0.00000500000000000
13 13 2 1 0.00000600000000000
15 15 2 1 0.00000700000000000
16 16 2 1 0.00001000000000000
15 15 2 1 0.00000500000000000
14 14 2 1 0.00000600000000000
13 13 2 1 0.00000600000000000
16 16 2 1 0.00000500000000000
11 11 2 1 0.00000700000000000
12 12 2 1 0.00000600000000000
15 15 2 1 0.00000500000000000
16 16 2 1 0.00000400000000000
13 13 2 1 0.00000600000000000
15 15 2 1 0.00001000000000000
16 16 2 1 0.00001200000000000
17 17 2 1 0.00000600000000000
16 16 2 1 0.00000800000000000
17 17 2 1 0.00000500000000000
15 15 2 1 0.00001900000000000
8 8 2 1 0.00000400000000000
17 17 2 1 0.00000500000000000
17 17 2 1 0.00000700000000000
17 17 2 1 0.00000500000000000
16 16 2 1 0.00001100000000000
14 14 2 1 0.00000500000000000
12 12 2 1 0.00000600000000000
16 16 2 1 0.00000400000000000
15 15 2 1 0.00000700000000000
17 17 2 1 0.00000600000000000
18 18 2 1 0.00000500000000000
6 6 2 1 0.00000400000000000
17 17 2 1 0.00000700000000000
18 18 2 1 0.00000500000000000
15 15 2 1 0.00000600000000000
16 16 2 1 0.00000700000000000
18 18 2 1 0.00000600000000000
18 18 2 1 0.00000600000000000
16 16 2 1 0.00001700000000000
18 18 2 1 0.00001100000000000
19 19 2 1 0.00000700000000000
18 18 2 1 0.00000600000000000
18 18 2 1 0.00000500000000000
18 18 2 1 0.00000700000000000
17 17 2 1 0.00000500000000000
19 19 2 1 0.00000700000000000
20 20 2 1 0.00000600000000000
19 19 2 1 0.00001400000000000
19 19 2 1 0.00000600000000000
15 15 2 1 0.00001800000000000
19 19 2 1 0.00000900000000000
20 20 2 1 0.00000600000000000
20 20 2 1 0.00000900000000000
20 20 2 1 0.00000600000000000
18 18 2 1 0.00000800000000000
20 20 2 1 0.00000500000000000
15 15 2 1 0.00001100000000000
19 19 2 1 0.00000600000000000
21 21 2 1 0.00000600000000000
20 20 2 1 0.00001000000000000
21 21 2 1 0.00001000000000000
20 20 2 1 0.00001900000000000
19 19 2 1 0.00000700000000000
19 19 2 1 0.00000800000000000
21 21 2 1 0.00001400000000000
20 20 2 1 0.00001000000000000
21 21 2 1 0.00002200000000000
21 21 2 1 0.00000900000000000
17 17 2 1 0.00000700000000000
19 19 2 1 0.00000600000000000
18 18 2 1 0.00000700000000000
21 21 2 1 0.00000600000000000
20 20 2 1 0.00004600000000000
22 22 2 1 0.00000800000000000
21 21 2 1 0.00001300000000000
22 22 2 1 0.00000700000000000
22 22 2 1 0.00001100000000000
23 23 2 1 0.00000600000000000
23 23 2 1 0.00000600000000000
23 23 2 1 0.00000700000000000
21 21 2 1 0.00000600000000000
23 23 2 1 0.00000600000000000
14 14 2 1 0.00000600000000000
23 23 2 1 0.00000600000000000
23 23 2 1 0.00000600000000000
22 22 2 1 0.00000800000000000
22 22 2 1 0.00000600000000000
23 23 2 1 0.00001300000000000
24 24 2 1 0.00000700000000000
22 22 2 1 0.00000900000000000
24 24 2 1 0.00000800000000000
24 24 2 1 0.00000600000000000
23 23 2 1 0.00000600000000000
24 24 2 1 0.00000600000000000
24 24 2 1 0.00001800000000000
22 22 2 1 0.00000800000000000
22 22 2 1 0.00001000000000000
23 23 2 1 0.00000700000000000
25 25 2 1 0.00000900000000000
21 21 2 1 0.00001200000000000
17 17 2 1 0.00001600000000000
23 23 2 1 0.00000800000000000
25 25 2 1 0.00000900000000000
25 25 2 1 0.00001800000000000
24 24 2 1 0.00000900000000000
25 25 2 1 0.00001200000000000
24 24 2 1 0.00000700000000000
21 21 2 1 0.00001000000000000
25 25 2 1 0.00003100000000000
24 24 2 1 0.00000600000000000
26 26 2 1 0.00000700000000000
26 26 2 1 0.00001400000000000
24 24 2 1 0.00002200000000000
26 26 2 1 0.00000700000000000
25 25 2 1 0.00000900000000000
26 26 2 1 0.00001600000000000
26 26 2 1 0.00000700000000000
25 25 2 1 0.00000700000000000
25 25 2 1 0.00000900000000000
26 26 2 1 0.00000600000000000
20 20 2 1 0.00001500000000000
27 27 2 1 0.00000700000000000
26 26 2 1 0.00001200000000000
26 26 2 1 0.00001200000000000
27 27 2 1 0.00000700000000000
25 25 2 1 0.00000800000000000
28 28 2 1 0.00000700000000000
28 28 2 1 0.00000900000000000
27 27 2 1 0.00001700000000000
16 16 2 1 0.00001500000000000
27 27 2 1 0.00000700000000000
28 28 2 1 0.00000700000000000
10 10 2 1 0.00001300000000000
25 25 2 1 0.00006400000000000
27 27 2 1 0.00000700000000000
22 22 2 1 0.00000800000000000
27 27 2 1 0.00000700000000000
22 22 2 1 0.00000800000000000
29 29 2 1 0.00000700000000000
28 28 2 1 0.00000900000000000
27 27 2 1 0.00000700000000000
28 28 2 1 0.00000900000000000
29 29 2 1 0.00001000000000000
19 19 2 1 0.00000700000000000
27 27 2 1 0.00001900000000000
29 29 2 1 0.00001000000000000
28 28 2 1 0.00000700000000000
29 29 2 1 0.00000800000000000
29 29 2 1 0.00000700000000000
29 29 2 1 0.00000700000000000
30 30 2 1 0.00001000000000000
30 30 2 1 0.00000700000000000
29 29 2 1 0.00001000000000000
29 29 2 1 0.00000700000000000
27 27 2 1 0.00001400000000000
30 30 2 1 0.00000800000000000
31 31 2 1 0.00001500000000000
30 30 2 1 0.00000800000000000
30 30 2 1 0.00000900000000000
30 30 2 1 0.00000900000000000
30 30 2 1 0.00001000000000000
31 31 2 1 0.00001300000000000
31 31 2 1 0.00001000000000000
31 31 2 1 0.00001100000000000
31 31 2 1 0.00001300000000000
31 31 2 1 0.00002000000000000
4 4 2 1 0.00000500000000000
32 32 2 1 0.00000600000000000
30 30 2 1 0.00000900000000000
28 28 2 1 0.00000900000000000
26 26 2 1 0.00011100000000000
32 32 2 1 0.00000900000000000
30 30 2 1 0.00001000000000000
31 31 2 1 0.00001500000000000
24 24 2 1 0.00000900000000000
30 30 2 1 0.00000800000000000
26 26 2 1 0.00001800000000000
29 29 2 1 0.00000800000000000
31 31 2 1 0.00001800000000000
32 32 2 1 0.00000800000000000
32 32 2 1 0.00001400000000000
27 27 2 1 0.00016000000000000
28 28 2 1 0.00006000000000000
33 33 2 1 0.00001000000000000
31 31 2 1 0.00001300000000000
29 29 2 1 0.00000900000000000
33 33 2 1 0.00000800000000000
33 33 2 1 0.00001000000000000
33 33 2 1 0.00000900000000000
32 32 2 1 0.00000800000000000
34 34 2 1 0.00000900000000000
34 34 2 1 0.00001000000000000
34 34 2 1 0.00000900000000000
32 32 2 1 0.00000700000000000
34 34 2 1 0.00000800000000000
34 34 2 1 0.00000800000000000
32 32 2 1 0.00001400000000000
32 32 2 1 0.00000700000000000
28 28 2 1 0.00000900000000000
35 35 2 1 0.00001500000000000
33 33 2 1 0.00001100000000000
33 33 2 1 0.00000900000000000
33 33 2 1 0.00001100000000000
33 33 2 1 0.00001000000000000
35 35 2 1 0.00001900000000000
36 36 2 1 0.00002000000000000
33 33 2 1 0.00001000000000000
28 28 2 1 0.00003800000000000
35 35 2 1 0.00001500000000000
35 35 2 1 0.00001200000000000
35 35 2 1 0.00000900000000000
36 36 2 1 0.00000900000000000
36 36 2 1 0.00001200000000000
35 35 2 1 0.00001600000000000
34 34 2 1 0.00001000000000000
36 36 2 1 0.00001100000000000
37 37 2 1 0.00000900000000000
35 35 2 1 0.00002000000000000
36 36 2 1 0.00002000000000000
37 37 2 1 0.00001100000000000
32 32 2 1 0.00001300000000000
32 32 2 1 0.00001400000000000
36 36 2 1 0.00001900000000000
37 37 2 1 0.00000800000000000
37 37 2 1 0.00001100000000000
37 37 2 1 0.00000900000000000
31 31 2 1 0.00012900000000000
38 38 2 1 0.00001200000000000
36 36 2 1 0.00000900000000000
37 37 2 1 0.00001700000000000
33 33 2 1 0.00001000000000000
37 37 2 1 0.00001100000000000
37 37 2 1 0.00001100000000000
38 38 2 1 0.00001200000000000
38 38 2 1 0.00000900000000000
38 38 2 1 0.00001200000000000
39 39 2 1 0.00001200000000000
36 36 2 1 0.00000900000000000
39 39 2 1 0.00000900000000000
38 38 2 1 0.00001000000000000
39 39 2 1 0.00001200000000000
38 38 2 1 0.00001000000000000
36 36 2 1 0.00000900000000000
39 39 2 1 0.00001000000000000
34 34 2 1 0.00001000000000000
37 37 2 1 0.00000900000000000
39 39 2 1 0.00001200000000000
39 39 2 1 0.00000900000000000
35 35 2 1 0.00002000000000000
39 39 2 1 0.00001100000000000
38 38 2 1 0.00001300000000000
39 39 2 1 0.00001000000000000
40 40 2 1 0.00002100000000000
39 39 2 1 0.00001200000000000
40 40 2 1 0.00001900000000000
38 38 2 1 0.00001200000000000
40 40 2 1 0.00001800000000000
41 41 2 1 0.00001200000000000
34 34 2 1 0.00001100000000000
38 38 2 1 0.00001200000000000
40 40 2 1 0.00001500000000000
41 41 2 1 0.00002000000000000
41 41 2 1 0.00001200000000000
40 40 2 1 0.00001700000000000
40 40 2 1 0.00002400000000000
34 34 2 1 0.00003900000000000
42 42 2 1 0.00001000000000000
40 40 2 1 0.00001700000000000
42 42 2 1 0.00001000000000000
34 34 2 1 0.00001100000000000
42 42 2 1 0.00001000000000000
41 41 2 1 0.00001300000000000
41 41 2 1 0.00002400000000000
38 38 2 1 0.00001200000000000
42 42 2 1 0.00001000000000000
36 36 2 1 0.00001600000000000
40 40 2 1 0.00001900000000000
35 35 2 1 0.00006800000000000
40 40 2 1 0.00001500000000000
43 43 2 1 0.00001100000000000
43 43 2 1 0.00001300000000000
37 37 2 1 0.00002500000000000
42 42 2 1 0.00001000000000000
43 43 2 1 0.00001400000000000
42 42 2 1 0.00001000000000000
43 43 2 1 0.00001100000000000
42 42 2 1 0.00001200000000000
44 44 2 1 0.00001000000000000
43 43 2 1 0.00001400000000000
44 44 2 1 0.00001100000000000
41 41 2 1 0.00001700000000000
41 41 2 1 0.00001000000000000
44 44 2 1 0.00001000000000000
35 35 2 1 0.00006200000000000
43 43 2 1 0.00001300000000000
44 44 2 1 0.00001200000000000
44 44 2 1 0.00001000000000000
42 42 2 1 0.00001300000000000
41 41 2 1 0.00002100000000000
39 39 2 1 0.00001200000000000
45 45 2 1 0.00001600000000000
44 44 2 1 0.00001200000000000
45 45 2 1 0.00001700000000000
43 43 2 1 0.00001100000000000
45 45 2 1 0.00002200000000000
45 45 2 1 0.00001700000000000
43 43 2 1 0.00001300000000000
45 45 2 1 0.00001100000000000
45 45 2 1 0.00002500000000000
46 46 2 1 0.00001700000000000
45 45 2 1 0.00001900000000000
46 46 2 1 0.00001100000000000
44 44 2 1 0.00001000000000000
44 44 2 1 0.00001300000000000
41 41 2 1 0.00001900000000000
46 46 2 1 0.00001100000000000
44 44 2 1 0.00001300000000000
46 46 2 1 0.00001300000000000
44 44 2 1 0.00001100000000000
47 47 2 1 0.00001100000000000
47 47 2 1 0.00001100000000000
47 47 2 1 0.00001300000000000
47 47 2 1 0.00001000000000000
46 46 2 1 0.00001000000000000
47 47 2 1 0.00001400000000000
47 47 2 1 0.00001400000000000
47 47 2 1 0.00001300000000000
46 46 2 1 0.00001400000000000
48 48 2 1 0.00001100000000000
46 46 2 1 0.00001400000000000
47 47 2 1 0.00001100000000000
46 46 2 1 0.00001800000000000
43 43 2 1 0.00001100000000000
48 48 2 1 0.00001400000000000
47 47 2 1 0.00001100000000000
46 46 2 1 0.00001900000000000
40 40 2 1 0.00006400000000000
46 46 2 1 0.00001300000000000
47 47 2 1 0.00001100000000000
41 41 2 1 0.00001900000000000
49 49 2 1 0.00001100000000000
49 49 2 1 0.00001200000000000
49 49 2 1 0.00001400000000000
48 48 2 1 0.00001600000000000
48 48 2 1 0.00001500000000000
49 49 2 1 0.00001200000000000
49 49 2 1 0.00001400000000000
49 49 2 1 0.00001400000000000
48 48 2 1 0.00001400000000000
49 49 2 1 0.00001100000000000
42 42 2 1 0.00001300000000000
50 50 2 1 0.00001600000000000
45 45 2 1 0.00001800000000000
49 49 2 1 0.00001500000000000
50 50 2 1 0.00002100000000000
50 50 2 1 0.00001800000000000
50 50 2 1 0.00001600000000000
48 48 2 1 0.00001400000000000
50 50 2 1 0.00002200000000000
48 48 2 1 0.00001100000000000
49 49 2 1 0.00001400000000000
51 51 2 1 0.00001200000000000
48 48 2 1 0.00001400000000000
50 50 2 1 0.00001600000000000
51 51 2 1 0.00001500000000000
51 51 2 1 0.00001500000000000
51 51 2 1 0.00002100000000000
48 48 2 1 0.00001400000000000
52 52 2 1 0.00001200000000000
51 51 2 1 0.00001400000000000
43 43 2 1 0.00008900000000000
50 50 2 1 0.00002400000000000
52 52 2 1 0.00001200000000000
51 51 2 1 0.00001500000000000
51 51 2 1 0.00001500000000000
51 51 2 1 0.00001800000000000
52 52 2 1 0.00001200000000000
52 52 2 1 0.00001500000000000
51 51 2 1 0.00001100000000000
50 50 2 1 0.00001500000000000
53 53 2 1 0.00001500000000000
45 45 2 1 0.00012700000000000
53 53 2 1 0.00001200000000000
42 42 2 1 0.00001300000000000
53 53 2 1 0.00001200000000000
52 52 2 1 0.00001200000000000
52 52 2 1 0.00001500000000000
53 53 2 1 0.00001300000000000
54 54 2 1 0.00001200000000000
50 50 2 1 0.00002200000000000
51 51 2 1 0.00002500000000000
54 54 2 1 0.00001300000000000
53 53 2 1 0.00001300000000000
50 50 2 1 0.00002200000000000
54 54 2 1 0.00001200000000000
53 53 2 1 0.00001600000000000
54 54 2 1 0.00001200000000000
48 48 2 1 0.00009200000000000
53 53 2 1 0.00001600000000000
52 52 2 1 0.00001500000000000
55 55 2 1 0.00001900000000000
54 54 2 1 0.00001600000000000
54 54 2 1 0.00001500000000000
55 55 2 1 0.00002500000000000
55 55 2 1 0.00001800000000000
54 54 2 1 0.00001300000000000
45 45 2 1 0.00007100000000000
52 52 2 1 0.00001500000000000
49 49 2 1 0.00001400000000000
53 53 2 1 0.00001300000000000
55 55 2 1 0.00002400000000000
56 56 2 1 0.00002300000000000
55 55 2 1 0.00002400000000000
56 56 2 1 0.00002800000000000
54 54 2 1 0.00001200000000000
54 54 2 1 0.00001600000000000
56 56 2 1 0.00003000000000000
56 56 2 1 0.00001300000000000
56 56 2 1 0.00002200000000000
52 52 2 1 0.00001500000000000
57 57 2 1 0.00001200000000000
53 53 2 1 0.00001500000000000
56 56 2 1 0.00001800000000000
57 57 2 1 0.00001600000000000
57 57 2 1 0.00001600000000000
56 56 2 1 0.00001600000000000
55 55 2 1 0.00002800000000000
56 56 2 1 0.00001900000000000
55 55 2 1 0.00002400000000000
56 56 2 1 0.00001600000000000
57 57 2 1 0.00001600000000000
57 57 2 1 0.00001300000000000
57 57 2 1 0.00001200000000000
55 55 2 1 0.00001300000000000
58 58 2 1 0.00001700000000000
58 58 2 1 0.00001300000000000
58 58 2 1 0.00001700000000000
59 59 2 1 0.00001300000000000
58 58 2 1 0.00001700000000000
58 58 2 1 0.00001700000000000
57 57 2 1 0.00001600000000000
59 59 2 1 0.00001300000000000
52 52 2 1 0.00001500000000000
58 58 2 1 0.00001600000000000
57 57 2 1 0.00001600000000000
54 54 2 1 0.00001600000000000
59 59 2 1 0.00001400000000000
60 60 2 1 0.00002700000000000
59 59 2 1 0.00001300000000000
59 59 2 1 0.00001700000000000
59 59 2 1 0.00001700000000000
59 59 2 1 0.00001700000000000
60 60 2 1 0.00002200000000000
60 60 2 1 0.00002100000000000
59 59 2 1 0.00001300000000000
58 58 2 1 0.00001600000000000
60 60 2 1 0.00001700000000000
60 60 2 1 0.00001300000000000
61 61 2 1 0.00002300000000000
61 61 2 1 0.00001400000000000
57 57 2 1 0.00001300000000000
57 57 2 1 0.00001700000000000
56 56 2 1 0.00001600000000000
61 61 2 1 0.00001400000000000
61 61 2 1 0.00001300000000000
60 60 2 1 0.00002700000000000
61 61 2 1 0.00002900000000000
61 61 2 1 0.00002300000000000
62 62 2 1 0.00001400000000000
60 60 2 1 0.00002400000000000
62 62 2 1 0.00001400000000000
61 61 2 1 0.00002600000000000
61 61 2 1 0.00001300000000000
60 60 2 1 0.00003000000000000
61 61 2 1 0.00001700000000000
62 62 2 1 0.00001800000000000
62 62 2 1 0.00001800000000000
63 63 2 1 0.00001400000000000
61 61 2 1 0.00001700000000000
63 63 2 1 0.00001400000000000
62 62 2 1 0.00001700000000000
58 58 2 1 0.00001400000000000
63 63 2 1 0.00001800000000000
62 62 2 1 0.00001400000000000
58 58 2 1 0.00001600000000000
62 62 2 1 0.00001700000000000
63 63 2 1 0.00001400000000000
64 64 2 1 0.00001500000000000
62 62 2 1 0.00001400000000000
63 63 2 1 0.00001700000000000
60 60 2 1 0.00003300000000000
64 64 2 1 0.00001500000000000
64 64 2 1 0.00001200000000000
63 63 2 1 0.00001400000000000
64 64 2 1 0.00001200000000000
63 63 2 1 0.00001800000000000
64 64 2 1 0.00001100000000000
64 64 2 1 0.00001200000000000
59 59 2 1 0.00001800000000000
65 65 2 1 0.00002200000000000
64 64 2 1 0.00001500000000000
65 65 2 1 0.00002200000000000
64 64 2 1 0.00001400000000000
65 65 2 1 0.00002000000000000
65 65 2 1 0.00001800000000000
65 65 2 1 0.00002400000000000
65 65 2 1 0.00001500000000000
64 64 2 1 0.00001500000000000
66 66 2 1 0.00002600000000000
66 66 2 1 0.00001500000000000
66 66 2 1 0.00002900000000000
64 64 2 1 0.00001500000000000
62 62 2 1 0.00001700000000000
66 66 2 1 0.00001900000000000
65 65 2 1 0.00002300000000000
66 66 2 1 0.00001900000000000
65 65 2 1 0.00001800000000000
63 63 2 1 0.00001800000000000
66 66 2 1 0.00002400000000000
66 66 2 1 0.00001500000000000
67 67 2 1 0.00002000000000000
53 53 2 1 0.00010800000000000
66 66 2 1 0.00001400000000000
67 67 2 1 0.00001900000000000
55 55 2 1 0.00007300000000000
67 67 2 1 0.00001500000000000
67 67 2 1 0.00001500000000000
66 66 2 1 0.00001500000000000
62 62 2 1 0.00001400000000000
55 55 2 1 0.00008500000000000
66 66 2 1 0.00001500000000000
65 65 2 1 0.00002700000000000
68 68 2 1 0.00001600000000000
67 67 2 1 0.00001900000000000
68 68 2 1 0.00001900000000000
59 59 2 1 0.00007600000000000
68 68 2 1 0.00001600000000000
67 67 2 1 0.00001800000000000
63 63 2 1 0.00001800000000000
68 68 2 1 0.00002500000000000
68 68 2 1 0.00001600000000000
69 69 2 1 0.00001900000000000
68 68 2 1 0.00001900000000000
67 67 2 1 0.00001900000000000
67 67 2 1 0.00001900000000000
68 68 2 1 0.00002200000000000
60 60 2 1 0.00003600000000000
69 69 2 1 0.00002000000000000
58 58 2 1 0.00010100000000000
69 69 2 1 0.00001900000000000
69 69 2 1 0.00001900000000000
68 68 2 1 0.00001600000000000
69 69 2 1 0.00001600000000000
69 69 2 1 0.00001500000000000
67 67 2 1 0.00001900000000000
70 70 2 1 0.00002000000000000
68 68 2 1 0.00001600000000000
70 70 2 1 0.00002500000000000
68 68 2 1 0.00001600000000000
70 70 2 1 0.00002100000000000
69 69 2 1 0.00002000000000000
71 71 2 1 0.00002400000000000
70 70 2 1 0.00002200000000000
69 69 2 1 0.00001900000000000
65 65 2 1 0.00002400000000000
71 71 2 1 0.00002000000000000
71 71 2 1 0.00002100000000000
71 71 2 1 0.00001600000000000
70 70 2 1 0.00002600000000000
70 70 2 1 0.00003100000000000
72 72 2 1 0.00001600000000000
71 71 2 1 0.00002900000000000
71 71 2 1 0.00001600000000000
72 72 2 1 0.00001600000000000
63 63 2 1 0.00001700000000000
72 72 2 1 0.00001600000000000
71 71 2 1 0.00001600000000000
72 72 2 1 0.00001700000000000
72 72 2 1 0.00001600000000000
72 72 2 1 0.00002000000000000
73 73 2 1 0.00001600000000000
73 73 2 1 0.00001600000000000
71 71 2 1 0.00002800000000000
73 73 2 1 0.00001600000000000
73 73 2 1 0.00001600000000000
73 73 2 1 0.00001600000000000
73 73 2 1 0.00002000000000000
73 73 2 1 0.00001700000000000
70 70 2 1 0.00004300000000000
72 72 2 1 0.00002000000000000
72 72 2 1 0.00002000000000000
74 74 2 1 0.00002600000000000
74 74 2 1 0.00002600000000000
74 74 2 1 0.00002200000000000
70 70 2 1 0.00003000000000000
74 74 2 1 0.00002000000000000
73 73 2 1 0.00001600000000000
72 72 2 1 0.00002000000000000
74 74 2 1 0.00002800000000000
75 75 2 1 0.00002600000000000
70 70 2 1 0.00002900000000000
74 74 2 1 0.00002600000000000
67 67 2 1 0.00001900000000000
74 74 2 1 0.00002700000000000
75 75 2 1 0.00002100000000000
75 75 2 1 0.00001600000000000
75 75 2 1 0.00002600000000000
75 75 2 1 0.00002100000000000
75 75 2 1 0.00001700000000000
75 75 2 1 0.00003000000000000
76 76 2 1 0.00001700000000000
73 73 2 1 0.00002100000000000
75 75 2 1 0.00002600000000000
75 75 2 1 0.00001700000000000
71 71 2 1 0.00002000000000000
76 76 2 1 0.00002100000000000
74 74 2 1 0.00002100000000000
76 76 2 1 0.00001700000000000
76 76 2 1 0.00002200000000000
76 76 2 1 0.00002500000000000
76 76 2 1 0.00001700000000000
75 75 2 1 0.00002200000000000
76 76 2 1 0.00002100000000000
77 77 2 1 0.00001700000000000
77 77 2 1 0.00002200000000000
77 77 2 1 0.00002300000000000
77 77 2 1 0.00001800000000000
77 77 2 1 0.00002200000000000
78 78 2 1 0.00001700000000000
77 77 2 1 0.00001800000000000
78 78 2 1 0.00001700000000000
69 69 2 1 0.00002100000000000
78 78 2 1 0.00001800000000000
77 77 2 1 0.00001800000000000
78 78 2 1 0.00002200000000000
78 78 2 1 0.00001700000000000
78 78 2 1 0.00001800000000000
76 76 2 1 0.00002100000000000
79 79 2 1 0.00002100000000000
74 74 2 1 0.00002900000000000
78 78 2 1 0.00001700000000000
72 72 2 1 0.00002000000000000
76 76 2 1 0.00002100000000000
79 79 2 1 0.00002600000000000
78 78 2 1 0.00002200000000000
78 78 2 1 0.00002200000000000
79 79 2 1 0.00002300000000000
77 77 2 1 0.00002300000000000
80 80 2 1 0.00002000000000000
80 80 2 1 0.00002600000000000
79 79 2 1 0.00003200000000000
77 77 2 1 0.00002200000000000
79 79 2 1 0.00002400000000000
79 79 2 1 0.00002700000000000
79 79 2 1 0.00002900000000000
80 80 2 1 0.00002900000000000
80 80 2 1 0.00001700000000000
80 80 2 1 0.00001700000000000
77 77 2 1 0.00002100000000000
80 80 2 1 0.00001700000000000
81 81 2 1 0.00001800000000000
79 79 2 1 0.00002900000000000
81 81 2 1 0.00002800000000000
81 81 2 1 0.00001800000000000
79 79 2 1 0.00001700000000000
80 80 2 1 0.00002700000000000
81 81 2 1 0.00002200000000000
81 81 2 1 0.00001800000000000
78 78 2 1 0.00002100000000000
81 81 2 1 0.00001800000000000
76 76 2 1 0.00002800000000000
82 82 2 1 0.00001900000000000
80 80 2 1 0.00003100000000000
70 70 2 1 0.00022400000000000
81 81 2 1 0.00001800000000000
81 81 2 1 0.00002300000000000
82 82 2 1 0.00001900000000000
80 80 2 1 0.00002200000000000
82 82 2 1 0.00001800000000000
83 83 2 1 0.00001900000000000
80 80 2 1 0.00002700000000000
83 83 2 1 0.00001700000000000
82 82 2 1 0.00002300000000000
82 82 2 1 0.00001900000000000
79 79 2 1 0.00002700000000000
82 82 2 1 0.00002300000000000
83 83 2 1 0.00001800000000000
82 82 2 1 0.00002300000000000
83 83 2 1 0.00001800000000000
81 81 2 1 0.00002200000000000
83 83 2 1 0.00001800000000000
84 84 2 1 0.00002400000000000
82 82 2 1 0.00003200000000000
84 84 2 1 0.00002300000000000
83 83 2 1 0.00002300000000000
84 84 2 1 0.00002900000000000
82 82 2 1 0.00002400000000000
82 82 2 1 0.00001800000000000
83 83 2 1 0.00002300000000000
84 84 2 1 0.00003000000000000
84 84 2 1 0.00002400000000000
85 85 2 1 0.00002700000000000
83 83 2 1 0.00002300000000000
85 85 2 1 0.00003000000000000
84 84 2 1 0.00002400000000000
85 85 2 1 0.00001800000000000
85 85 2 1 0.00001900000000000
85 85 2 1 0.00002400000000000
84 84 2 1 0.00002200000000000
85 85 2 1 0.00003100000000000
85 85 2 1 0.00001800000000000
84 84 2 1 0.00003300000000000
74 74 2 1 0.00009100000000000
73 73 2 1 0.00009000000000000
86 86 2 1 0.00002300000000000
84 84 2 1 0.00002900000000000
86 86 2 1 0.00001800000000000
86 86 2 1 0.00003200000000000
87 87 2 1 0.00002400000000000
86 86 2 1 0.00001900000000000
85 85 2 1 0.00002400000000000
83 83 2 1 0.00002300000000000
87 87 2 1 0.00002000000000000
86 86 2 1 0.00002400000000000
83 83 2 1 0.00002200000000000
86 86 2 1 0.00001800000000000
85 85 2 1 0.00003100000000000
87 87 2 1 0.00001900000000000
86 86 2 1 0.00001900000000000
85 85 2 1 0.00002400000000000
86 86 2 1 0.00001900000000000
88 88 2 1 0.00002400000000000
88 88 2 1 0.00001900000000000
87 87 2 1 0.00002500000000000
88 88 2 1 0.00002000000000000
86 86 2 1 0.00001900000000000
86 86 2 1 0.00002300000000000
88 88 2 1 0.00001900000000000
87 87 2 1 0.00002400000000000
88 88 2 1 0.00001900000000000
87 87 2 1 0.00002500000000000
88 88 2 1 0.00002400000000000
88 88 2 1 0.00001900000000000
87 87 2 1 0.00002400000000000
89 89 2 1 0.00002900000000000
88 88 2 1 0.00002400000000000
89 89 2 1 0.00002800000000000
89 89 2 1 0.00002300000000000
89 89 2 1 0.00003300000000000
89 89 2 1 0.00003400000000000
89 89 2 1 0.00002500000000000
89 89 2 1 0.00002500000000000
90 90 2 1 0.00002700000000000
90 90 2 1 0.00003100000000000
89 89 2 1 0.00003000000000000
90 90 2 1 0.00001900000000000
90 90 2 1 0.00003900000000000
84 84 2 1 0.00003200000000000
90 90 2 1 0.00002000000000000
90 90 2 1 0.00002400000000000
90 90 2 1 0.00002400000000000
91 91 2 1 0.00002000000000000
91 91 2 1 0.00002000000000000
90 90 2 1 0.00002400000000000
90 90 2 1 0.00003200000000000
91 91 2 1 0.00001900000000000
91 91 2 1 0.00002000000000000
91 91 2 1 0.00001900000000000
91 91 2 1 0.00002000000000000
87 87 2 1 0.00002400000000000
92 92 2 1 0.00002000000000000
71 71 2 1 0.00007000000000000
92 92 2 1 0.00002100000000000
69 69 2 1 0.00006500000000000
92 92 2 1 0.00002000000000000
81 81 2 1 0.00002800000000000
92 92 2 1 0.00002000000000000
92 92 2 1 0.00002000000000000
91 91 2 1 0.00003100000000000
92 92 2 1 0.00002000000000000
89 89 2 1 0.00003000000000000
92 92 2 1 0.00002800000000000
93 93 2 1 0.00002000000000000
91 91 2 1 0.00002400000000000
87 87 2 1 0.00002400000000000
93 93 2 1 0.00002000000000000
91 91 2 1 0.00002400000000000
93 93 2 1 0.00002100000000000
92 92 2 1 0.00002600000000000
93 93 2 1 0.00002500000000000
93 93 2 1 0.00002000000000000
92 92 2 1 0.00002600000000000
93 93 2 1 0.00001900000000000
93 93 2 1 0.00002000000000000
88 88 2 1 0.00002400000000000
88 88 2 1 0.00002400000000000
92 92 2 1 0.00002600000000000
94 94 2 1 0.00002900000000000
94 94 2 1 0.00003400000000000
94 94 2 1 0.00002400000000000
91 91 2 1 0.00002500000000000
95 95 2 1 0.00002400000000000
94 94 2 1 0.00002400000000000
94 94 2 1 0.00003300000000000
94 94 2 1 0.00003200000000000
94 94 2 1 0.00003200000000000
95 95 2 1 0.00002400000000000
94 94 2 1 0.00002600000000000
93 93 2 1 0.00002500000000000
95 95 2 1 0.00002000000000000
95 95 2 1 0.00002100000000000
96 96 2 1 0.00002100000000000
95 95 2 1 0.00002600000000000
94 94 2 1 0.00003200000000000
96 96 2 1 0.00002600000000000
96 96 2 1 0.00002000000000000
95 95 2 1 0.00003000000000000
96 96 2 1 0.00002600000000000
95 95 2 1 0.00003200000000000
96 96 2 1 0.00002100000000000
96 96 2 1 0.00002500000000000
97 97 2 1 0.00002100000000000
97 97 2 1 0.00002700000000000
97 97 2 1 0.00002100000000000
95 95 2 1 0.00003300000000000
96 96 2 1 0.00002100000000000
97 97 2 1 0.00002700000000000
95 95 2 1 0.00003300000000000
96 96 2 1 0.00002100000000000
96 96 2 1 0.00003100000000000
98 98 2 1 0.00002200000000000
97 97 2 1 0.00003400000000000
97 97 2 1 0.00002700000000000
93 93 2 1 0.00002600000000000
98 98 2 1 0.00002100000000000
96 96 2 1 0.00002000000000000
98 98 2 1 0.00002500000000000
98 98 2 1 0.00002600000000000
97 97 2 1 0.00002600000000000
97 97 2 1 0.00002100000000000
99 99 2 1 0.00002800000000000
98 98 2 1 0.00002200000000000
98 98 2 1 0.00002600000000000
98 98 2 1 0.00002600000000000
98 98 2 1 0.00002700000000000
99 99 2 1 0.00002700000000000
98 98 2 1 0.00002600000000000
99 99 2 1 0.00002500000000000
98 98 2 1 0.00002700000000000
99 99 2 1 0.00002500000000000
99 99 2 1 0.00003500000000000
99 99 2 1 0.00003200000000000
94 94 2 1 0.00003200000000000
100 100 2 1 0.00002200000000000
100 100 2 1 0.00003500000000000
100 100 2 1 0.00002200000000000
100 100 2 1 0.00003500000000000
100 100 2 1 0.00002700000000000
100 100 2 1 0.00003300000000000
100 100 2 1 0.00002200000000000
105 105 2 1 0.00003700000000000
99 99 2 1 0.00003400000000000
105 105 2 1 0.00002600000000000
99 99 2 1 0.00003300000000000
87 87 2 1 0.00016300000000000
105 105 2 1 0.00002600000000000
105 105 2 1 0.00003600000000000
105 105 2 1 0.00003300000000000
105 105 2 1 0.00003300000000000
105 105 2 1 0.00003400000000000
100 100 2 1 0.00002200000000000
99 99 2 1 0.00002500000000000
110 110 2 1 0.00003000000000000
93 93 2 1 0.00002500000000000
105 105 2 1 0.00002600000000000
110 110 2 1 0.00003700000000000
99 99 2 1 0.00003400000000000
110 110 2 1 0.00002900000000000
100 100 2 1 0.00003100000000000
110 110 2 1 0.00003100000000000
110 110 2 1 0.00003500000000000
110 110 2 1 0.00003600000000000
105 105 2 1 0.00003600000000000
110 110 2 1 0.00002600000000000
105 105 2 1 0.00003800000000000
115 115 2 1 0.00002700000000000
110 110 2 1 0.00004800000000000
115 115 2 1 0.00002800000000000
110 110 2 1 0.00003600000000000
115 115 2 1 0.00003000000000000
115 115 2 1 0.00003600000000000
115 115 2 1 0.00002800000000000
115 115 2 1 0.00002900000000000
115 115 2 1 0.00003600000000000
115 115 2 1 0.00003600000000000
115 115 2 1 0.00003500000000000
120 120 2 1 0.00003700000000000
120 120 2 1 0.00002900000000000
120 120 2 1 0.00002900000000000
120 120 2 1 0.00003100000000000
120 120 2 1 0.00003600000000000
110 110 2 1 0.00003500000000000
120 120 2 1 0.00003900000000000
120 120 2 1 0.00003000000000000
100 100 2 1 0.00003200000000000
120 120 2 1 0.00004500000000000
120 120 2 1 0.00003700000000000
120 120 2 1 0.00004000000000000
115 115 2 1 0.00003600000000000
125 125 2 1 0.00004000000000000
125 125 2 1 0.00003900000000000
125 125 2 1 0.00004300000000000
125 125 2 1 0.00003200000000000
89 89 2 1 0.00010400000000000
125 125 2 1 0.00003300000000000
125 125 2 1 0.00003000000000000
97 97 2 1 0.00002700000000000
130 130 2 1 0.00004500000000000
130 130 2 1 0.00004400000000000
125 125 2 1 0.00003300000000000
125 125 2 1 0.00004700000000000
125 125 2 1 0.00004200000000000
130 130 2 1 0.00004000000000000
125 125 2 1 0.00002900000000000
130 130 2 1 0.00005000000000000
130 130 2 1 0.00004400000000000
130 130 2 1 0.00004700000000000
130 130 2 1 0.00004200000000000
135 135 2 1 0.00004100000000000
135 135 2 1 0.00003300000000000
135 135 2 1 0.00003200000000000
135 135 2 1 0.00003300000000000
135 135 2 1 0.00004300000000000
135 135 2 1 0.00003100000000000
130 130 2 1 0.00005600000000000
135 135 2 1 0.00003400000000000
135 135 2 1 0.00004200000000000
140 140 2 1 0.00004200000000000
140 140 2 1 0.00004300000000000
140 140 2 1 0.00003300000000000
140 140 2 1 0.00004500000000000
140 140 2 1 0.00004400000000000
130 130 2 1 0.00004700000000000
130 130 2 1 0.00004800000000000
135 135 2 1 0.00004100000000000
140 140 2 1 0.00004500000000000
140 140 2 1 0.00004400000000000
140 140 2 1 0.00003700000000000
145 145 2 1 0.00003600000000000
145 145 2 1 0.00004800000000000
145 145 2 1 0.00003400000000000
140 140 2 1 0.00004500000000000
140 140 2 1 0.00003300000000000
90 90 2 1 0.00012500000000000
145 145 2 1 0.00004700000000000
145 145 2 1 0.00005500000000000
145 145 2 1 0.00003500000000000
145 145 2 1 0.00004400000000000
145 145 2 1 0.00004500000000000
145 145 2 1 0.00004700000000000
150 150 2 1 0.00005000000000000
150 150 2 1 0.00004800000000000
145 145 2 1 0.00003200000000000
155 155 2 1 0.00003900000000000
150 150 2 1 0.00004400000000000
150 150 2 1 0.00006500000000000
150 150 2 1 0.00004900000000000
150 150 2 1 0.00004700000000000
150 150 2 1 0.00006100000000000
150 150 2 1 0.00003800000000000
155 155 2 1 0.00004700000000000
150 150 2 1 0.00003600000000000
155 155 2 1 0.00005500000000000
155 155 2 1 0.00004700000000000
155 155 2 1 0.00003700000000000
155 155 2 1 0.00005600000000000
150 150 2 1 0.00006100000000000
155 155 2 1 0.00005200000000000
155 155 2 1 0.00006000000000000
155 155 2 1 0.00012400000000000
160 160 2 1 0.00026900000000000
160 160 2 1 0.00034800000000000
160 160 2 1 0.00035300000000000
160 160 2 1 0.00042900000000000
160 160 2 1 0.00050300000000000
160 160 2 1 0.00052500000000000
160 160 2 1 0.00052300000000000
160 160 2 1 0.00053000000000000
160 160 2 1 0.00053300000000000
95 95 2 1 0.00014000000000000
160 160 2 1 0.00052700000000000
165 165 2 1 0.00048600000000000
165 165 2 1 0.00049000000000000
165 165 2 1 0.00049500000000000
165 165 2 1 0.00050400000000000
165 165 2 1 0.00051900000000000
165 165 2 1 0.00050200000000000
165 165 2 1 0.00051700000000000
165 165 2 1 0.00054800000000000
165 165 2 1 0.00054000000000000
165 165 2 1 0.00051200000000000
170 170 2 1 0.00044800000000000
97 97 2 1 0.00011800000000000
170 170 2 1 0.00049900000000000
170 170 2 1 0.00047200000000000
170 170 2 1 0.00037500000000000
170 170 2 1 0.00044400000000000
170 170 2 1 0.00044000000000000
170 170 2 1 0.00046700000000000
170 170 2 1 0.00045000000000000
170 170 2 1 0.00047700000000000
175 175 2 1 0.00043600000000000
175 175 2 1 0.00043900000000000
175 175 2 1 0.00043500000000000
175 175 2 1 0.00043800000000000
175 175 2 1 0.00047000000000000
175 175 2 1 0.00046500000000000
175 175 2 1 0.00046400000000000
175 175 2 1 0.00048600000000000
175 175 2 1 0.00046300000000000
180 180 2 1 0.00047900000000000
180 180 2 1 0.00042800000000000
180 180 2 1 0.00045400000000000
180 180 2 1 0.00041300000000000
180 180 2 1 0.00047200000000000
180 180 2 1 0.00050000000000000
180 180 2 1 0.00046400000000000
180 180 2 1 0.00047900000000000
180 180 2 1 0.00047800000000000
180 180 2 1 0.00050400000000000
185 185 2 1 0.00047700000000000
185 185 2 1 0.00045700000000000
185 185 2 1 0.00044500000000000
185 185 2 1 0.00037700000000000
185 185 2 1 0.00041400000000000
185 185 2 1 0.00044700000000000
185 185 2 1 0.00038600000000000
185 185 2 1 0.00038700000000000
190 190 2 1 0.00045100000000000
185 185 2 1 0.00046900000000000
190 190 2 1 0.00043900000000000
190 190 2 1 0.00044700000000000
190 190 2 1 0.00044000000000000
190 190 2 1 0.00044000000000000
190 190 2 1 0.00045600000000000
190 190 2 1 0.00040500000000000
190 190 2 1 0.00041200000000000
190 190 2 1 0.00044000000000000
190 190 2 1 0.00043800000000000
195 195 2 1 0.00044500000000000
195 195 2 1 0.00048800000000000
195 195 2 1 0.00046600000000000
195 195 2 1 0.00048300000000000
195 195 2 1 0.00048500000000000
195 195 2 1 0.00048500000000000
195 195 2 1 0.00047200000000000
195 195 2 1 0.00045000000000000
195 195 2 1 0.00045900000000000
195 195 2 1 0.00048200000000000
200 200 2 1 0.00047400000000000
200 200 2 1 0.00046800000000000
200 200 2 1 0.00043700000000000
200 200 2 1 0.00044800000000000
200 200 2 1 0.00040600000000000
200 200 2 1 0.00044600000000000
200 200 2 1 0.00043300000000000
200 200 2 1 0.00044100000000000
200 200 2 1 0.00042100000000000
200 200 2 1 0.00039200000000000
205 205 2 1 0.00038300000000000
205 205 2 1 0.00040600000000000
205 205 2 1 0.00043800000000000
205 205 2 1 0.00043900000000000
205 205 2 1 0.00045200000000000
205 205 2 1 0.00041000000000000
205 205 2 1 0.00037500000000000
205 205 2 1 0.00037400000000000
205 205 2 1 0.00042000000000000
205 205 2 1 0.00038200000000000
210 210 2 1 0.00039100000000000
210 210 2 1 0.00038500000000000
210 210 2 1 0.00039800000000000
210 210 2 1 0.00041100000000000
210 210 2 1 0.00041300000000000
210 210 2 1 0.00040200000000000
210 210 2 1 0.00041000000000000
210 210 2 1 0.00037100000000000
210 210 2 1 0.00036100000000000
210 210 2 1 0.00036700000000000
215 215 2 1 0.00038200000000000
215 215 2 1 0.00034700000000000
215 215 2 1 0.00039200000000000
215 215 2 1 0.00037500000000000
215 215 2 1 0.00038200000000000
215 215 2 1 0.00042100000000000
215 215 2 1 0.00039500000000000
215 215 2 1 0.00037700000000000
215 215 2 1 0.00043200000000000
215 215 2 1 0.00037900000000000
220 220 2 1 0.00038400000000000
220 220 2 1 0.00038500000000000
220 220 2 1 0.00041300000000000
220 220 2 1 0.00039900000000000
220 220 2 1 0.00041600000000000
220 220 2 1 0.00039800000000000
220 220 2 1 0.00043800000000000
220 220 2 1 0.00042900000000000
220 220 2 1 0.00042000000000000
220 220 2 1 0.00041300000000000
225 225 2 1 0.00039000000000000
225 225 2 1 0.00038900000000000
225 225 2 1 0.00042000000000000
225 225 2 1 0.00040800000000000
225 225 2 1 0.00040900000000000
225 225 2 1 0.00038600000000000
225 225 2 1 0.00037800000000000
225 225 2 1 0.00038700000000000
225 225 2 1 0.00039800000000000
225 225 2 1 0.00040100000000000
230 230 2 1 0.00033900000000000
230 230 2 1 0.00035800000000000
230 230 2 1 0.00031100000000000
230 230 2 1 0.00037200000000000
230 230 2 1 0.00034200000000000
230 230 2 1 0.00034100000000000
230 230 2 1 0.00033400000000000
230 230 2 1 0.00036800000000000
230 230 2 1 0.00039300000000000
230 230 2 1 0.00034100000000000
235 235 2 1 0.00032300000000000
235 235 2 1 0.00033700000000000
235 235 2 1 0.00036600000000000
235 235 2 1 0.00035600000000000
235 235 2 1 0.00039900000000000
235 235 2 1 0.00036100000000000
235 235 2 1 0.00041900000000000
235 235 2 1 0.00041000000000000
235 235 2 1 0.00040500000000000
235 235 2 1 0.00040200000000000
240 240 2 1 0.00068900000000000
240 240 2 1 0.00079800000000000
240 240 2 1 0.00079800000000000
240 240 2 1 0.00079900000000000
240 240 2 1 0.00079000000000000
240 240 2 1 0.00079300000000000
240 240 2 1 0.00080000000000000
240 240 2 1 0.00086300000000000
240 240 2 1 0.00085900000000000
240 240 2 1 0.00090000000000000
245 245 2 1 0.00044500000000000
245 245 2 1 0.00083600000000000
245 245 2 1 0.00080200000000000
245 245 2 1 0.00082500000000000
245 245 2 1 0.00082400000000000
245 245 2 1 0.00080400000000000
245 245 2 1 0.00075400000000000
245 245 2 1 0.00073000000000000
245 245 2 1 0.00070400000000000
250 250 2 1 0.00073600000000000
245 245 2 1 0.00074500000000000
250 250 2 1 0.00072300000000000
250 250 2 1 0.00075400000000000
250 250 2 1 0.00040900000000000
250 250 2 1 0.00078700000000000
250 250 2 1 0.00074600000000000
250 250 2 1 0.00075500000000000
250 250 2 1 0.00073700000000000
250 250 2 1 0.00080900000000000
250 250 2 1 0.00075100000000000
260 260 2 1 0.00068900000000000
260 260 2 1 0.00067500000000000
260 260 2 1 0.00069000000000000
260 260 2 1 0.00073800000000000
260 260 2 1 0.00077700000000000
260 260 2 1 0.00073800000000000
260 260 2 1 0.00074000000000000
260 260 2 1 0.00078200000000000
260 260 2 1 0.00076800000000000
260 260 2 1 0.00080700000000000
270 270 2 1 0.00082400000000000
270 270 2 1 0.00085700000000000
270 270 2 1 0.00086300000000000
270 270 2 1 0.00083200000000000
270 270 2 1 0.00080600000000000
270 270 2 1 0.00083900000000000
270 270 2 1 0.00086000000000000
270 270 2 1 0.00084300000000000
270 270 2 1 0.00081200000000000
270 270 2 1 0.00085200000000000
280 280 2 1 0.00080800000000000
280 280 2 1 0.00077800000000000
280 280 2 1 0.00073500000000000
280 280 2 1 0.00080600000000000
280 280 2 1 0.00079000000000000
280 280 2 1 0.00080600000000000
280 280 2 1 0.00079000000000000
280 280 2 1 0.00082100000000000
280 280 2 1 0.00083700000000000
280 280 2 1 0.00084900000000000
290 290 2 1 0.00048500000000000
290 290 2 1 0.00050900000000000
290 290 2 1 0.00051300000000000
290 290 2 1 0.00045500000000000
290 290 2 1 0.00045400000000000
290 290 2 1 0.00047300000000000
290 290 2 1 0.00045100000000000
290 290 2 1 0.00044800000000000
290 290 2 1 0.00047200000000000
135 135 2 1 0.00030300000000000
290 290 2 1 0.00049200000000000
300 300 2 1 0.00049300000000000
300 300 2 1 0.00049400000000000
300 300 2 1 0.00047700000000000
300 300 2 1 0.00044000000000000
300 300 2 1 0.00042500000000000
175 175 2 1 0.00027200000000000
300 300 2 1 0.00041900000000000
155 155 2 1 0.00011000000000000
300 300 2 1 0.00039600000000000
300 300 2 1 0.00040200000000000
300 300 2 1 0.00039700000000000
170 170 2 1 0.00011600000000000
300 300 2 1 0.00045000000000000
310 310 2 1 0.00054100000000000
310 310 2 1 0.00055900000000000
310 310 2 1 0.00054900000000000
310 310 2 1 0.00056100000000000
310 310 2 1 0.00049400000000000
310 310 2 1 0.00049200000000000
310 310 2 1 0.00049600000000000
310 310 2 1 0.00050800000000000
310 310 2 1 0.00052700000000000
310 310 2 1 0.00047600000000000
320 320 2 1 0.00049700000000000
320 320 2 1 0.00046200000000000
320 320 2 1 0.00044900000000000
320 320 2 1 0.00048400000000000
320 320 2 1 0.00048200000000000
320 320 2 1 0.00047400000000000
320 320 2 1 0.00049300000000000
320 320 2 1 0.00048300000000000
320 320 2 1 0.00048300000000000
330 330 2 1 0.00113700000000000
330 330 2 1 0.00113400000000000
330 330 2 1 0.00112800000000000
330 330 2 1 0.00110200000000000
330 330 2 1 0.00099800000000000
330 330 2 1 0.00100400000000000
330 330 2 1 0.00098000000000000
340 340 2 1 0.00092400000000000
340 340 2 1 0.00090600000000000
340 340 2 1 0.00085400000000000
340 340 2 1 0.00080600000000000
340 340 2 1 0.00080700000000000
340 340 2 1 0.00081600000000000
340 340 2 1 0.00086500000000000
340 340 2 1 0.00080300000000000
340 340 2 1 0.00078800000000000
340 340 2 1 0.00081200000000000
350 350 2 1 0.00075300000000000
350 350 2 1 0.00077300000000000
350 350 2 1 0.00072400000000000
350 350 2 1 0.00083700000000000
350 350 2 1 0.00073900000000000
350 350 2 1 0.00076100000000000
350 350 2 1 0.00082000000000000
350 350 2 1 0.00075600000000000
350 350 2 1 0.00073500000000000
350 350 2 1 0.00080100000000000
360 360 2 1 0.00072400000000000
360 360 2 1 0.00072100000000000
360 360 2 1 0.00076800000000000
360 360 2 1 0.00077500000000000
360 360 2 1 0.00081400000000000
360 360 2 1 0.00079500000000000
360 360 2 1 0.00078300000000000
360 360 2 1 0.00081900000000000
360 360 2 1 0.00084400000000000
360 360 2 1 0.00082500000000000
370 370 2 1 0.00085600000000000
370 370 2 1 0.00083300000000000
370 370 2 1 0.00085600000000000
370 370 2 1 0.00084300000000000
370 370 2 1 0.00081700000000000
370 370 2 1 0.00080800000000000
370 370 2 1 0.00081000000000000
370 370 2 1 0.00081800000000000
370 370 2 1 0.00077100000000000
370 370 2 1 0.00077600000000000
380 380 2 1 0.00080800000000000
380 380 2 1 0.00083000000000000
380 380 2 1 0.00085900000000000
380 380 2 1 0.00090700000000000
380 380 2 1 0.00087200000000000
380 380 2 1 0.00081900000000000
380 380 2 1 0.00086200000000000
380 380 2 1 0.00089600000000000
380 380 2 1 0.00085400000000000
380 380 2 1 0.00090300000000000
390 390 2 1 0.00048400000000000
390 390 2 1 0.00044100000000000
390 390 2 1 0.00042500000000000
390 390 2 1 0.00042600000000000
390 390 2 1 0.00043600000000000
390 390 2 1 0.00043500000000000
390 390 2 1 0.00047400000000000
390 390 2 1 0.00038900000000000
390 390 2 1 0.00041500000000000
390 390 2 1 0.00041300000000000
400 400 2 1 0.00088900000000000
400 400 2 1 0.00087000000000000
400 400 2 1 0.00089400000000000
400 400 2 1 0.00093700000000000
400 400 2 1 0.00090900000000000
400 400 2 1 0.00097500000000000
400 400 2 1 0.00091900000000000
400 400 2 1 0.00087500000000000
400 400 2 1 0.00095300000000000
400 400 2 1 0.00091800000000000
410 410 2 1 0.00088700000000000
410 410 2 1 0.00085600000000000
410 410 2 1 0.00085200000000000
410 410 2 1 0.00085500000000000
410 410 2 1 0.00084800000000000
410 410 2 1 0.00088200000000000
410 410 2 1 0.00090500000000000
410 410 2 1 0.00084600000000000
410 410 2 1 0.00092100000000000
410 410 2 1 0.00086800000000000
420 420 2 1 0.00074600000000000
420 420 2 1 0.00077300000000000
420 420 2 1 0.00072400000000000
420 420 2 1 0.00074900000000000
420 420 2 1 0.00074200000000000
420 420 2 1 0.00075700000000000
420 420 2 1 0.00082200000000000
420 420 2 1 0.00073700000000000
420 420 2 1 0.00082900000000000
420 420 2 1 0.00072600000000000
430 430 2 1 0.00077900000000000
430 430 2 1 0.00080300000000000
430 430 2 1 0.00083900000000000
430 430 2 1 0.00081900000000000
430 430 2 1 0.00084400000000000
430 430 2 1 0.00082600000000000
430 430 2 1 0.00082900000000000
430 430 2 1 0.00080200000000000
430 430 2 1 0.00081200000000000
430 430 2 1 0.00088100000000000
440 440 2 1 0.00092400000000000
440 440 2 1 0.00096100000000000
440 440 2 1 0.00095000000000000
440 440 2 1 0.00093800000000000
440 440 2 1 0.00094300000000000
440 440 2 1 0.00091700000000000
440 440 2 1 0.00091000000000000
440 440 2 1 0.00085200000000000
440 440 2 1 0.00081900000000000
440 440 2 1 0.00083900000000000
450 450 2 1 0.00107300000000000
450 450 2 1 0.00107400000000000
450 450 2 1 0.00103300000000000
450 450 2 1 0.00110800000000000
450 450 2 1 0.00106500000000000
450 450 2 1 0.00102400000000000
450 450 2 1 0.00102100000000000
450 450 2 1 0.00098600000000000
450 450 2 1 0.00089500000000000
450 450 2 1 0.00081400000000000
460 460 2 1 0.00073000000000000
460 460 2 1 0.00077900000000000
460 460 2 1 0.00079500000000000
460 460 2 1 0.00081900000000000
460 460 2 1 0.00083900000000000
460 460 2 1 0.00085600000000000
460 460 2 1 0.00086600000000000
460 460 2 1 0.00085400000000000
460 460 2 1 0.00080100000000000
460 460 2 1 0.00078700000000000
470 470 2 1 0.00070300000000000
470 470 2 1 0.00075100000000000
470 470 2 1 0.00070600000000000
470 470 2 1 0.00084000000000000
470 470 2 1 0.00083700000000000
470 470 2 1 0.00083400000000000
470 470 2 1 0.00084900000000000
470 470 2 1 0.00083200000000000
470 470 2 1 0.00083700000000000
470 470 2 1 0.00083100000000000
480 480 2 1 0.00077300000000000
480 480 2 1 0.00079900000000000
480 480 2 1 0.00086700000000000
480 480 2 1 0.00082600000000000
480 480 2 1 0.00089600000000000
480 480 2 1 0.00082900000000000
480 480 2 1 0.00089200000000000
480 480 2 1 0.00079700000000000
480 480 2 1 0.00083700000000000
480 480 2 1 0.00079700000000000
490 490 2 1 0.00108300000000000
490 490 2 1 0.00110500000000000
490 490 2 1 0.00116600000000000
490 490 2 1 0.00119800000000000
490 490 2 1 0.00120900000000000
490 490 2 1 0.00120800000000000
490 490 2 1 0.00123500000000000
490 490 2 1 0.00126300000000000
490 490 2 1 0.00127500000000000
500 500 2 1 0.00084600000000000
500 500 2 1 0.00085700000000000
490 490 2 1 0.00120100000000000
500 500 2 1 0.00086000000000000
500 500 2 1 0.00086800000000000
500 500 2 1 0.00091200000000000
500 500 2 1 0.00092000000000000
500 500 2 1 0.00092700000000000
500 500 2 1 0.00088100000000000
500 500 2 1 0.00089500000000000
500 500 2 1 0.00089200000000000
525 525 2 1 0.00097500000000000
525 525 2 1 0.00101500000000000
525 525 2 1 0.00098300000000000
525 525 2 1 0.00097900000000000
525 525 2 1 0.00098600000000000
525 525 2 1 0.00100900000000000
525 525 2 1 0.00096800000000000
525 525 2 1 0.00094500000000000
525 525 2 1 0.00094300000000000
525 525 2 1 0.00083500000000000
550 550 2 1 0.00148900000000000
550 550 2 1 0.00149200000000000
550 550 2 1 0.00147900000000000
550 550 2 1 0.00146000000000000
550 550 2 1 0.00146300000000000
550 550 2 1 0.00147300000000000
550 550 2 1 0.00240300000000000
550 550 2 1 0.00237500000000000
550 550 2 1 0.00240600000000000
550 550 2 1 0.00243700000000000
575 575 2 1 0.00151500000000000
575 575 2 1 0.00148900000000000
575 575 2 1 0.00150800000000000
575 575 2 1 0.00149800000000000
575 575 2 1 0.00143700000000000
575 575 2 1 0.00155200000000000
575 575 2 1 0.00144100000000000
575 575 2 1 0.00143300000000000
575 575 2 1 0.00139500000000000
575 575 2 1 0.00144400000000000
600 600 2 1 0.00165800000000000
600 600 2 1 0.00159000000000000
600 600 2 1 0.00166500000000000
600 600 2 1 0.00163900000000000
600 600 2 1 0.00158000000000000
600 600 2 1 0.00153100000000000
600 600 2 1 0.00139700000000000
600 600 2 1 0.00137800000000000
600 600 2 1 0.00140400000000000
600 600 2 1 0.00133100000000000
625 625 2 1 0.00102400000000000
625 625 2 1 0.00097900000000000
625 625 2 1 0.00101700000000000
625 625 2 1 0.00097400000000000
625 625 2 1 0.00097400000000000
625 625 2 1 0.00093400000000000
625 625 2 1 0.00095700000000000
625 625 2 1 0.00094300000000000
625 625 2 1 0.00101100000000000
625 625 2 1 0.00102600000000000
185 185 2 1 0.00063700000000000
650 650 2 1 0.00151500000000000
650 650 2 1 0.00161500000000000
650 650 2 1 0.00155100000000000
320 320 2 1 0.00014700000000000
650 650 2 1 0.00154800000000000
650 650 2 1 0.00154200000000000
330 330 2 1 0.00017200000000000
330 330 2 1 0.00023000000000000
330 330 2 1 0.00017200000000000
650 650 2 1 0.00273700000000000
650 650 2 1 0.00272100000000000
650 650 2 1 0.00275500000000000
650 650 2 1 0.00271800000000000
650 650 2 1 0.00277800000000000
675 675 2 1 0.00148900000000000
675 675 2 1 0.00145400000000000
675 675 2 1 0.00143500000000000
675 675 2 1 0.00143500000000000
675 675 2 1 0.00153500000000000
675 675 2 1 0.00145700000000000
675 675 2 1 0.00146400000000000
675 675 2 1 0.00149000000000000
675 675 2 1 0.00157200000000000
675 675 2 1 0.00151700000000000
700 700 2 1 0.00161600000000000
700 700 2 1 0.00163500000000000
700 700 2 1 0.00166900000000000
700 700 2 1 0.00266900000000000
700 700 2 1 0.00276800000000000
700 700 2 1 0.00275500000000000
700 700 2 1 0.00275800000000000
700 700 2 1 0.00269800000000000
700 700 2 1 0.00176400000000000
725 725 2 1 0.00154000000000000
725 725 2 1 0.00155800000000000
725 725 2 1 0.00155400000000000
725 725 2 1 0.00151600000000000
725 725 2 1 0.00145300000000000
725 725 2 1 0.00127100000000000
750 750 2 1 0.00159500000000000
750 750 2 1 0.00164300000000000
750 750 2 1 0.00163100000000000
750 750 2 1 0.00145300000000000
750 750 2 1 0.00145900000000000
750 750 2 1 0.00141000000000000
750 750 2 1 0.00144300000000000
750 750 2 1 0.00147400000000000
750 750 2 1 0.00147200000000000
750 750 2 1 0.00144300000000000
800 800 2 1 0.00161300000000000
800 800 2 1 0.00161100000000000
800 800 2 1 0.00153700000000000
800 800 2 1 0.00152100000000000
800 800 2 1 0.00153200000000000
800 800 2 1 0.00139900000000000
800 800 2 1 0.00138000000000000
800 800 2 1 0.00134900000000000
800 800 2 1 0.00122700000000000
800 800 2 1 0.00123500000000000
850 850 2 1 0.00204900000000000
850 850 2 1 0.00190700000000000
850 850 2 1 0.00200600000000000
850 850 2 1 0.00191100000000000
850 850 2 1 0.00183300000000000
850 850 2 1 0.00181100000000000
850 850 2 1 0.00183300000000000
850 850 2 1 0.00182400000000000
850 850 2 1 0.00179200000000000
850 850 2 1 0.00175200000000000
900 900 2 1 0.00192700000000000
900 900 2 1 0.00188500000000000
900 900 2 1 0.00188500000000000
900 900 2 1 0.00193000000000000
900 900 2 1 0.00190600000000000
900 900 2 1 0.00188400000000000
900 900 2 1 0.00179400000000000
900 900 2 1 0.00169200000000000
900 900 2 1 0.00168800000000000
900 900 2 1 0.00167100000000000
950 950 2 1 0.00201900000000000
950 950 2 1 0.00203100000000000
950 950 2 1 0.00194900000000000
950 950 2 1 0.00195000000000000
950 950 2 1 0.00178500000000000
950 950 2 1 0.00174500000000000
950 950 2 1 0.00180500000000000
950 950 2 1 0.00182300000000000
950 950 2 1 0.00180700000000000
950 950 2 1 0.00181100000000000
1000 1000 2 1 0.00203200000000000
1000 1000 2 1 0.00202800000000000
1000 1000 2 1 0.00197200000000000
1000 1000 2 1 0.00189400000000000
1000 1000 2 1 0.00191000000000000
1000 1000 2 1 0.00193300000000000
1000 1000 2 1 0.00195200000000000
1000 1000 2 1 0.00208700000000000
1000 1000 2 1 0.00223500000000000
1000 1000 2 1 0.00247800000000000
1100 1100 2 1 0.00159800000000000
1100 1100 2 1 0.00195900000000000
1100 1100 2 1 0.00183500000000000
1100 1100 2 1 0.00192800000000000
1100 1100 2 1 0.00181800000000000
1100 1100 2 1 0.00184300000000000
1100 1100 2 1 0.00190900000000000
1100 1100 2 1 0.00204900000000000
1100 1100 2 1 0.00196300000000000
1100 1100 2 1 0.00160100000000000
1200 1200 2 1 0.00185200000000000
1200 1200 2 1 0.00182000000000000
1200 1200 2 1 0.00199300000000000
1200 1200 2 1 0.00182000000000000
1200 1200 2 1 0.00223000000000000
1200 1200 2 1 0.00184300000000000
1200 1200 2 1 0.00188000000000000
1200 1200 2 1 0.00193100000000000
1200 1200 2 1 0.00163400000000000
1200 1200 2 1 0.00443200000000000
1300 1300 2 1 0.00160500000000000
1300 1300 2 1 0.00180800000000000
1300 1300 2 1 0.00184400000000000
1300 1300 2 1 0.00193100000000000
725 725 2 1 0.00209800000000000
725 725 2 1 0.00126200000000000
725 725 2 1 0.00082600000000000
700 700 2 1 0.00049500000000000
725 725 2 1 0.00046600000000000
1300 1300 2 1 0.00187400000000000
1300 1300 2 1 0.00211800000000000
1300 1300 2 1 0.00178700000000000
1300 1300 2 1 0.00172000000000000
1300 1300 2 1 0.00169700000000000
1300 1300 2 1 0.00161100000000000
1400 1400 2 1 0.00181200000000000
1400 1400 2 1 0.00199500000000000
1400 1400 2 1 0.00199400000000000
1400 1400 2 1 0.00203600000000000
1400 1400 2 1 0.00202100000000000
1400 1400 2 1 0.00192400000000000
1400 1400 2 1 0.00187300000000000
1400 1400 2 1 0.00174900000000000
1400 1400 2 1 0.00185000000000000
1400 1400 2 1 0.00206100000000000
1500 1500 2 1 0.00211000000000000
1500 1500 2 1 0.00198400000000000
1500 1500 2 1 0.00207200000000000
1500 1500 2 1 0.00183000000000000
1500 1500 2 1 0.00205600000000000
1600 1600 2 1 0.00217200000000000
1600 1600 2 1 0.00218300000000000
1600 1600 2 1 0.00236300000000000
1600 1600 2 1 0.00215500000000000
1600 1600 2 1 0.00229700000000000
1600 1600 2 1 0.00213000000000000
1600 1600 2 1 0.00210400000000000
1600 1600 2 1 0.00210600000000000
1600 1600 2 1 0.00212800000000000
1600 1600 2 1 0.00181100000000000
1700 1700 2 1 0.00222700000000000
1700 1700 2 1 0.00236400000000000
1700 1700 2 1 0.00229600000000000
1700 1700 2 1 0.00224400000000000
1700 1700 2 1 0.00234400000000000
1700 1700 2 1 0.00229400000000000
1700 1700 2 1 0.00227100000000000
1700 1700 2 1 0.00250300000000000
1700 1700 2 1 0.00231600000000000
1700 1700 2 1 0.00269500000000000
1800 1800 2 1 0.00217400000000000
1800 1800 2 1 0.00201100000000000
1800 1800 2 1 0.00228700000000000
1800 1800 2 1 0.00246900000000000
1800 1800 2 1 0.00222500000000000
1800 1800 2 1 0.00201400000000000
1800 1800 2 1 0.00214200000000000
1800 1800 2 1 0.00197100000000000
1800 1800 2 1 0.00214300000000000
1800 1800 2 1 0.00203400000000000
1900 1900 2 1 0.00212500000000000
1900 1900 2 1 0.00197100000000000
1500 1500 2 1 0.00426200000000000
1500 1500 2 1 0.00507600000000000
1500 1500 2 1 0.00302000000000000
1500 1500 2 1 0.00267900000000000
1900 1900 2 1 0.00270000000000000
1500 1500 2 1 0.00134100000000000
1900 1900 2 1 0.00192000000000000
1900 1900 2 1 0.00220800000000000
1900 1900 2 1 0.00215800000000000
1900 1900 2 1 0.00222200000000000
1900 1900 2 1 0.00222900000000000
1900 1900 2 1 0.00241800000000000
1900 1900 2 1 0.00250900000000000
2000 2000 2 1 0.00238600000000000
2000 2000 2 1 0.00219200000000000
2000 2000 2 1 0.00277500000000000
2000 2000 2 1 0.00543000000000000
2000 2000 2 1 0.00215700000000000
2000 2000 2 1 0.00223700000000000
2000 2000 2 1 0.00228500000000000
2000 2000 2 1 0.00221800000000000
2000 2000 2 1 0.00221400000000000
2000 2000 2 1 0.00213000000000000
2000 2000 2 1 0.00212100000000000
2000 2000 2 1 0.00240200000000000
2000 2000 2 1 0.00271000000000000
2000 2000 2 1 0.00233200000000000
2000 2000 2 1 0.00230500000000000
2250 2250 2 1 0.00262500000000000
2250 2250 2 1 0.00246300000000000
2250 2250 2 1 0.00341500000000000
2250 2250 2 1 0.00318200000000000
2250 2250 2 1 0.00340300000000000
2250 2250 2 1 0.00274300000000000
2250 2250 2 1 0.00220600000000000
2250 2250 2 1 0.00274500000000000
2250 2250 2 1 0.00233700000000000
2250 2250 2 1 0.00229500000000000
2500 2500 2 1 0.00286800000000000
2000 2000 2 1 0.00482900000000000
2000 2000 2 1 0.00392000000000000
2000 2000 2 1 0.00310000000000000
2000 2000 2 1 0.00356700000000000
2000 2000 2 1 0.00194500000000000
2500 2500 2 1 0.00281700000000000
2500 2500 2 1 0.00323100000000000
2500 2500 2 1 0.00275400000000000
2500 2500 2 1 0.00345600000000000
2500 2500 2 1 0.00332700000000000
2500 2500 2 1 0.00240200000000000
2500 2500 2 1 0.00296700000000000
2500 2500 2 1 0.00280700000000000
2500 2500 2 1 0.00278300000000000
2750 2750 2 1 0.00234800000000000
2750 2750 2 1 0.00233200000000000
2750 2750 2 1 0.00224300000000000
2750 2750 2 1 0.00260300000000000
2750 2750 2 1 0.00261300000000000
2750 2750 2 1 0.00310400000000000
2750 2750 2 1 0.00315400000000000
2750 2750 2 1 0.00193300000000000
2750 2750 2 1 0.00260400000000000
2750 2750 2 1 0.00198000000000000
3000 3000 2 1 0.00174900000000000
3000 3000 2 1 0.00185300000000000
3000 3000 2 1 0.00165700000000000
3000 3000 2 1 0.00181100000000000
3000 3000 2 1 0.00106400000000000
3000 3000 2 1 0.00096500000000000
3000 3000 2 1 0.00117300000000000
3000 3000 2 1 0.00287000000000000
3000 3000 2 1 0.00294000000000000
3000 3000 2 1 0.00292100000000000
