Nodos Aristas Frontera |CMF| Segundos
4 6 4 4 0.00256900000000000
3 3 2 2 0.00000600000000000
4 6 4 4 0.00054600000000000
3 3 2 2 0.00000200000000000
3 3 2 2 0.00000100000000000
3 3 2 2 0.00001200000000000
3 3 2 2 0.00000100000000000
4 6 4 4 0.00000300000000000
5 9 6 2 0.00086800000000000
5 9 6 2 0.00001100000000000
5 9 6 2 0.00001900000000000
4 6 4 4 0.00034000000000000
5 9 6 2 0.00001900000000000
6 12 8 2 0.00001600000000000
3 3 2 2 0.00000200000000000
5 9 6 2 0.00083300000000000
5 9 6 2 0.00001200000000000
4 6 4 4 0.00000200000000000
3 3 2 2 0.00055200000000000
5 9 6 2 0.00084100000000000
4 6 4 4 0.00000200000000000
6 12 8 2 0.00002300000000000
4 6 4 4 0.00055100000000000
7 15 10 3 0.00002300000000000
5 9 6 2 0.00000900000000000
4 6 4 4 0.00000300000000000
7 15 10 3 0.00001800000000000
6 12 8 2 0.00002800000000000
7 15 10 3 0.00002200000000000
4 6 4 4 0.00000400000000000
7 15 10 3 0.00002100000000000
8 18 12 3 0.00002400000000000
7 15 10 2 0.00002400000000000
6 12 8 2 0.00002700000000000
5 9 6 2 0.00078200000000000
7 15 10 3 0.00001900000000000
6 12 8 2 0.00001800000000000
4 6 4 4 0.00000200000000000
6 12 8 2 0.00002100000000000
8 18 12 3 0.00002800000000000
7 15 10 2 0.00001600000000000
9 21 13 3 0.00004300000000000
6 12 8 2 0.00001800000000000
8 18 12 3 0.00002800000000000
9 21 13 3 0.00003900000000000
6 12 8 2 0.00001500000000000
7 15 10 2 0.00002000000000000
8 18 10 3 0.00002600000000000
7 15 10 2 0.00002200000000000
7 15 10 3 0.00002300000000000
6 12 8 2 0.00001000000000000
9 21 14 3 0.00003800000000000
8 18 12 3 0.00002900000000000
8 18 12 3 0.00002100000000000
8 18 12 2 0.00002400000000000
9 21 13 3 0.00003700000000000
10 24 15 3 0.00005100000000000
9 21 13 3 0.00003400000000000
9 21 13 3 0.00003800000000000
8 18 12 3 0.00003100000000000
9 21 14 3 0.00003900000000000
9 21 14 3 0.00003600000000000
10 24 15 3 0.00005600000000000
11 27 17 3 0.00005800000000000
10 24 15 3 0.00005700000000000
5 9 6 2 0.00001300000000000
10 24 14 3 0.00004500000000000
11 27 15 3 0.00004500000000000
11 27 16 3 0.00006800000000000
11 27 15 3 0.00004600000000000
11 27 16 3 0.00006000000000000
11 27 16 3 0.00004700000000000
10 24 15 3 0.00005500000000000
12 30 16 3 0.00005700000000000
10 24 15 3 0.00005400000000000
11 27 16 3 0.00006000000000000
10 24 15 3 0.00006000000000000
8 18 12 3 0.00003200000000000
12 30 18 3 0.00005900000000000
3 3 2 2 0.00000100000000000
12 30 17 3 0.00005600000000000
10 24 15 3 0.00005400000000000
12 30 16 3 0.00005400000000000
10 24 14 3 0.00005800000000000
11 27 17 3 0.00006600000000000
13 33 18 3 0.00006500000000000
12 30 13 3 0.00006200000000000
6 12 8 2 0.00001700000000000
11 27 16 3 0.00006200000000000
13 33 20 4 0.00007400000000000
12 30 19 4 0.00008300000000000
13 33 19 3 0.00007600000000000
12 30 17 3 0.00007300000000000
9 21 13 3 0.00003100000000000
13 33 19 3 0.00009200000000000
10 24 15 3 0.00005100000000000
12 30 19 3 0.00006200000000000
13 33 17 3 0.00006600000000000
14 36 20 3 0.00010300000000000
14 36 21 3 0.00008500000000000
13 33 19 3 0.00008800000000000
14 36 20 3 0.00010400000000000
13 33 18 3 0.00009000000000000
14 36 18 3 0.00008000000000000
12 30 17 4 0.00007200000000000
14 36 23 4 0.00011400000000000
14 36 21 4 0.00009600000000000
8 18 12 3 0.00003400000000000
13 33 20 3 0.00009300000000000
14 36 17 3 0.00009400000000000
15 39 22 4 0.00011600000000000
14 36 19 3 0.00010000000000000
15 39 22 3 0.00010500000000000
3 3 2 2 0.00000400000000000
15 39 21 3 0.00010400000000000
12 30 17 3 0.00006800000000000
15 39 21 3 0.00010400000000000
13 33 16 3 0.00009100000000000
15 39 20 3 0.00012000000000000
16 42 20 4 0.00011300000000000
15 39 20 3 0.00011900000000000
14 36 21 3 0.00010600000000000
9 21 13 3 0.00004000000000000
16 42 17 3 0.00010200000000000
14 36 21 3 0.00008900000000000
15 39 19 3 0.00011800000000000
16 42 24 3 0.00014700000000000
16 42 21 3 0.00011500000000000
16 42 21 3 0.00010500000000000
17 45 27 4 0.00015300000000000
3 3 2 2 0.00000200000000000
17 45 20 3 0.00012800000000000
16 42 21 3 0.00013600000000000
17 45 21 3 0.00015600000000000
15 39 19 3 0.00011500000000000
16 42 21 4 0.00014500000000000
17 45 19 3 0.00015600000000000
17 45 23 4 0.00014000000000000
17 45 24 4 0.00013300000000000
17 45 24 3 0.00017500000000000
18 48 25 3 0.00014800000000000
18 48 22 4 0.00018800000000000
18 48 29 4 0.00018100000000000
15 39 22 4 0.00013500000000000
18 48 27 4 0.00016800000000000
15 39 20 4 0.00012400000000000
18 48 23 3 0.00014700000000000
16 42 23 3 0.00015000000000000
11 27 17 3 0.00006300000000000
18 48 28 3 0.00020700000000000
18 48 23 3 0.00019400000000000
17 45 19 3 0.00016000000000000
18 48 24 3 0.00020000000000000
19 51 23 4 0.00016900000000000
19 51 28 3 0.00019000000000000
19 51 25 4 0.00021200000000000
19 51 25 4 0.00018100000000000
19 51 24 3 0.00016800000000000
18 48 24 3 0.00018700000000000
19 51 25 3 0.00021800000000000
17 45 22 3 0.00016500000000000
19 51 25 4 0.00017800000000000
17 45 25 3 0.00017400000000000
19 51 24 3 0.00021200000000000
19 51 24 3 0.00020900000000000
20 54 25 4 0.00019300000000000
18 48 24 3 0.00018300000000000
19 51 22 3 0.00019500000000000
13 33 20 4 0.00009600000000000
16 42 22 3 0.00013300000000000
16 42 20 3 0.00013500000000000
20 54 21 3 0.00017600000000000
20 54 22 3 0.00022200000000000
20 54 27 4 0.00020500000000000
20 54 31 4 0.00028900000000000
21 57 21 4 0.00019200000000000
21 57 25 3 0.00020700000000000
20 54 28 4 0.00025800000000000
20 54 27 4 0.00025700000000000
20 54 22 3 0.00021200000000000
20 54 31 4 0.00028100000000000
21 57 22 3 0.00019500000000000
20 54 25 4 0.00025000000000000
21 57 25 3 0.00025300000000000
21 57 29 3 0.00028100000000000
21 57 26 4 0.00021900000000000
21 57 25 3 0.00029400000000000
21 57 27 3 0.00027300000000000
21 57 25 3 0.00025900000000000
21 57 29 4 0.00028500000000000
22 60 28 3 0.00030500000000000
22 60 25 4 0.00030100000000000
22 60 30 4 0.00026200000000000
22 60 27 4 0.00031500000000000
22 60 20 4 0.00027900000000000
22 60 31 4 0.00027700000000000
22 60 28 4 0.00031200000000000
23 63 22 3 0.00024300000000000
22 60 28 4 0.00032200000000000
22 60 29 4 0.00025700000000000
23 63 25 3 0.00025600000000000
22 60 34 4 0.00035400000000000
23 63 25 4 0.00031800000000000
23 63 30 4 0.00034300000000000
23 63 24 3 0.00031000000000000
23 63 25 3 0.00026000000000000
23 63 32 3 0.00035900000000000
23 63 30 4 0.00036100000000000
23 63 32 4 0.00036100000000000
23 63 34 4 0.00040400000000000
24 66 24 3 0.00031700000000000
24 66 25 3 0.00034000000000000
24 66 30 4 0.00039000000000000
24 66 27 4 0.00037800000000000
24 66 30 4 0.00032300000000000
25 69 24 3 0.00028400000000000
24 66 26 3 0.00035300000000000
24 66 33 4 0.00034300000000000
24 66 31 3 0.00038600000000000
25 69 25 3 0.00029100000000000
24 66 27 4 0.00037100000000000
25 69 24 3 0.00029900000000000
24 66 25 4 0.00035900000000000
25 69 27 3 0.00038100000000000
25 69 23 3 0.00035300000000000
25 69 22 3 0.00034500000000000
25 69 30 4 0.00035100000000000
25 69 32 4 0.00044000000000000
25 69 27 4 0.00039100000000000
25 69 32 3 0.00042300000000000
26 72 22 3 0.00035600000000000
26 72 33 3 0.00047800000000000
26 72 29 3 0.00042700000000000
26 72 28 4 0.00043900000000000
26 72 24 3 0.00039300000000000
26 72 27 4 0.00034200000000000
26 72 37 4 0.00050500000000000
26 72 31 4 0.00044400000000000
26 72 35 4 0.00040500000000000
26 72 33 4 0.00047400000000000
27 75 29 4 0.00039400000000000
27 75 32 4 0.00042300000000000
27 75 28 3 0.00038600000000000
27 75 24 3 0.00042500000000000
27 75 36 4 0.00050900000000000
27 75 34 4 0.00051400000000000
27 75 26 4 0.00044200000000000
28 78 35 3 0.00043600000000000
27 75 30 4 0.00049000000000000
27 75 28 3 0.00048300000000000
27 75 38 4 0.00055800000000000
28 78 25 3 0.00046200000000000
28 78 31 4 0.00053200000000000
28 78 31 4 0.00054600000000000
28 78 27 3 0.00047700000000000
28 78 29 3 0.00050700000000000
28 78 28 3 0.00048200000000000
28 78 26 3 0.00047400000000000
28 78 38 3 0.00047100000000000
28 78 29 4 0.00051100000000000
29 81 35 3 0.00049900000000000
29 81 33 3 0.00046500000000000
29 81 37 3 0.00048500000000000
29 81 18 3 0.00041000000000000
29 81 37 4 0.00051900000000000
29 81 34 4 0.00062700000000000
29 81 36 4 0.00065100000000000
29 81 34 4 0.00060900000000000
30 84 30 3 0.00047000000000000
29 81 29 3 0.00053300000000000
29 81 32 4 0.00056700000000000
30 84 25 3 0.00052500000000000
30 84 29 4 0.00058200000000000
30 84 26 4 0.00055700000000000
30 84 28 3 0.00056600000000000
30 84 31 4 0.00058900000000000
30 84 31 3 0.00058600000000000
31 87 30 4 0.00052400000000000
30 84 36 3 0.00066400000000000
30 84 32 3 0.00060700000000000
31 87 29 4 0.00063600000000000
31 87 30 4 0.00053900000000000
31 87 31 3 0.00052300000000000
30 84 39 4 0.00071200000000000
31 87 29 3 0.00050000000000000
31 87 32 3 0.00069200000000000
31 87 37 3 0.00056900000000000
31 87 36 4 0.00073300000000000
31 87 33 4 0.00069800000000000
32 90 27 3 0.00066000000000000
32 90 35 4 0.00062300000000000
31 87 30 3 0.00068800000000000
32 90 30 4 0.00068600000000000
32 90 37 4 0.00077700000000000
32 90 33 4 0.00075900000000000
32 90 31 3 0.00068400000000000
32 90 31 4 0.00070600000000000
33 93 28 3 0.00054400000000000
32 90 31 4 0.00071700000000000
32 90 32 4 0.00074400000000000
32 90 31 3 0.00069600000000000
33 93 31 3 0.00074500000000000
33 93 34 4 0.00061900000000000
33 93 32 4 0.00062100000000000
34 96 29 3 0.00062200000000000
33 93 35 3 0.00079200000000000
33 93 39 4 0.00067600000000000
33 93 33 3 0.00072900000000000
33 93 33 4 0.00076600000000000
33 93 41 4 0.00087000000000000
33 93 31 4 0.00075500000000000
34 96 31 3 0.00061500000000000
34 96 34 4 0.00084200000000000
34 96 27 3 0.00075600000000000
34 96 33 4 0.00086900000000000
34 96 37 4 0.00085200000000000
34 96 33 3 0.00077800000000000
34 96 25 3 0.00072900000000000
34 96 30 3 0.00077400000000000
35 99 40 3 0.00077600000000000
34 96 34 4 0.00081800000000000
35 99 30 4 0.00079500000000000
35 99 31 3 0.00069000000000000
35 99 33 3 0.00090100000000000
35 99 31 3 0.00066200000000000
35 99 33 3 0.00085600000000000
35 99 37 4 0.00074200000000000
36 102 29 3 0.00066500000000000
35 99 34 4 0.00090100000000000
35 99 31 3 0.00081000000000000
35 99 30 3 0.00085100000000000
36 102 25 3 0.00078000000000000
36 102 27 4 0.00086600000000000
36 102 42 4 0.00085500000000000
36 102 37 4 0.00093200000000000
36 102 39 3 0.00099700000000000
36 102 24 4 0.00075200000000000
36 102 35 4 0.00090200000000000
36 102 39 3 0.00094400000000000
37 105 34 4 0.00075900000000000
36 102 37 3 0.00093700000000000
37 105 28 3 0.00087700000000000
37 105 32 4 0.00072200000000000
37 105 31 3 0.00094500000000000
38 108 28 4 0.00076500000000000
37 105 36 4 0.00102700000000000
37 105 31 4 0.00095300000000000
37 105 33 3 0.00083000000000000
38 108 32 3 0.00083700000000000
37 105 32 4 0.00097100000000000
38 108 27 3 0.00087800000000000
37 105 33 4 0.00097300000000000
37 105 37 3 0.00101500000000000
38 108 36 4 0.00105800000000000
38 108 34 3 0.00103700000000000
38 108 33 3 0.00103000000000000
38 108 32 4 0.00101000000000000
38 108 37 4 0.00092800000000000
38 108 30 3 0.00091400000000000
39 111 31 4 0.00083200000000000
39 111 31 4 0.00106500000000000
39 111 33 3 0.00110000000000000
39 111 37 4 0.00094100000000000
40 114 28 3 0.00075800000000000
39 111 31 4 0.00104400000000000
38 108 41 4 0.00119800000000000
39 111 38 4 0.00091700000000000
39 111 39 4 0.00117000000000000
39 111 41 4 0.00119700000000000
40 114 28 3 0.00105400000000000
39 111 33 4 0.00109100000000000
40 114 43 4 0.00110100000000000
39 111 40 4 0.00126700000000000
40 114 37 4 0.00122600000000000
40 114 37 3 0.00118200000000000
40 114 33 3 0.00116200000000000
40 114 31 3 0.00116200000000000
41 117 42 4 0.00113300000000000
40 114 37 3 0.00123200000000000
40 114 37 4 0.00127300000000000
41 117 38 4 0.00110400000000000
41 117 35 3 0.00127200000000000
41 117 29 3 0.00086600000000000
42 120 32 3 0.00094900000000000
41 117 40 4 0.00141100000000000
41 117 40 3 0.00106800000000000
41 117 32 3 0.00118100000000000
41 117 36 3 0.00124000000000000
41 117 36 4 0.00124100000000000
41 117 41 4 0.00139500000000000
42 120 32 3 0.00101400000000000
42 120 32 4 0.00123500000000000
42 120 32 4 0.00124400000000000
42 120 39 4 0.00139100000000000
42 120 30 3 0.00125800000000000
42 120 40 4 0.00142300000000000
42 120 27 3 0.00119700000000000
43 123 30 3 0.00102500000000000
43 123 24 3 0.00085600000000000
43 123 36 3 0.00136100000000000
42 120 40 3 0.00150600000000000
43 123 35 4 0.00115600000000000
42 120 50 4 0.00162400000000000
43 123 29 4 0.00120500000000000
43 123 26 3 0.00110100000000000
43 123 35 4 0.00138200000000000
43 123 46 4 0.00134900000000000
43 123 40 4 0.00151100000000000
43 123 41 4 0.00129200000000000
44 126 32 4 0.00109400000000000
44 126 21 3 0.00107800000000000
44 126 34 3 0.00143200000000000
44 126 39 4 0.00151500000000000
44 126 40 3 0.00153400000000000
44 126 41 4 0.00158900000000000
44 126 35 4 0.00143300000000000
44 126 34 3 0.00132100000000000
44 126 29 3 0.00124000000000000
44 126 30 3 0.00132500000000000
45 129 35 4 0.00118800000000000
45 129 34 4 0.00113600000000000
45 129 32 4 0.00139700000000000
45 129 28 3 0.00121200000000000
45 129 37 3 0.00123500000000000
45 129 32 3 0.00132100000000000
45 129 29 4 0.00130200000000000
46 132 34 4 0.00120400000000000
45 129 32 3 0.00134800000000000
45 129 40 3 0.00163800000000000
46 132 35 3 0.00123000000000000
45 129 35 3 0.00149000000000000
46 132 39 3 0.00140000000000000
47 135 24 3 0.00099400000000000
46 132 39 4 0.00171100000000000
46 132 29 3 0.00133900000000000
46 132 37 3 0.00158300000000000
47 135 33 4 0.00128100000000000
46 132 39 3 0.00151400000000000
46 132 42 4 0.00182400000000000
46 132 42 4 0.00171500000000000
47 135 34 4 0.00155100000000000
46 132 36 4 0.00165200000000000
47 135 32 3 0.00124300000000000
47 135 43 4 0.00181700000000000
48 138 32 3 0.00126900000000000
48 138 27 3 0.00118200000000000
47 135 39 4 0.00179700000000000
47 135 45 4 0.00205300000000000
48 138 29 3 0.00148200000000000
47 135 39 4 0.00173400000000000
47 135 38 3 0.00175500000000000
48 138 39 3 0.00142400000000000
48 138 38 4 0.00180000000000000
47 135 49 4 0.00203800000000000
48 138 35 3 0.00139700000000000
48 138 42 4 0.00191000000000000
48 138 43 3 0.00183700000000000
48 138 33 4 0.00170600000000000
49 141 49 4 0.00158500000000000
48 138 33 4 0.00161100000000000
49 141 28 3 0.00150000000000000
49 141 32 3 0.00128700000000000
49 141 37 3 0.00166500000000000
49 141 44 4 0.00161500000000000
49 141 33 4 0.00174500000000000
49 141 47 3 0.00198200000000000
49 141 36 3 0.00198700000000000
49 141 43 3 0.00159400000000000
49 141 41 4 0.00206800000000000
50 144 38 3 0.00196100000000000
50 144 40 3 0.00200100000000000
50 144 47 3 0.00166700000000000
50 144 50 4 0.00187500000000000
50 144 39 3 0.00206100000000000
50 144 35 4 0.00190700000000000
50 144 43 4 0.00215700000000000
50 144 33 4 0.00185700000000000
50 144 32 3 0.00171000000000000
50 144 40 4 0.00209500000000000
55 159 34 3 0.00169700000000000
55 159 32 3 0.00168900000000000
55 159 43 4 0.00193900000000000
55 159 39 3 0.00226500000000000
55 159 40 4 0.00240600000000000
55 159 36 3 0.00224500000000000
55 159 38 3 0.00232800000000000
60 174 34 3 0.00206700000000000
55 159 36 3 0.00230100000000000
55 159 45 4 0.00267800000000000
55 159 46 4 0.00278500000000000
60 174 37 3 0.00275100000000000
60 174 43 4 0.00258500000000000
60 174 33 4 0.00275900000000000
60 174 52 3 0.00266200000000000
60 174 43 3 0.00313300000000000
60 174 45 4 0.00319000000000000
60 174 38 3 0.00295400000000000
60 174 42 3 0.00298800000000000
65 189 34 3 0.00247000000000000
60 174 39 3 0.00317600000000000
65 189 38 3 0.00333300000000000
65 189 40 3 0.00280700000000000
65 189 42 3 0.00330800000000000
65 189 44 3 0.00352500000000000
65 189 45 3 0.00295700000000000
65 189 32 3 0.00286700000000000
40 114 41 4 0.01233000000000000
70 204 37 3 0.00299800000000000
65 189 33 3 0.00326800000000000
65 189 42 3 0.00356500000000000
70 204 38 3 0.00385200000000000
65 189 58 4 0.00436800000000000
70 204 40 3 0.00412300000000000
70 204 53 3 0.00426600000000000
70 204 45 4 0.00341900000000000
70 204 45 4 0.00351200000000000
70 204 43 3 0.00427000000000000
75 219 36 3 0.00335500000000000
70 204 41 4 0.00384300000000000
70 204 43 4 0.00424700000000000
75 219 33 3 0.00326500000000000
75 219 37 4 0.00414500000000000
75 219 42 3 0.00364800000000000
75 219 44 3 0.00438500000000000
70 204 50 4 0.00465800000000000
75 219 42 4 0.00472100000000000
80 234 34 4 0.00355100000000000
75 219 48 3 0.00505900000000000
75 219 38 4 0.00446100000000000
75 219 49 4 0.00516500000000000
75 219 53 4 0.00542600000000000
80 234 36 3 0.00480100000000000
80 234 42 4 0.00379800000000000
80 234 39 3 0.00512600000000000
80 234 34 3 0.00455900000000000
80 234 43 3 0.00446300000000000
80 234 39 3 0.00510900000000000
80 234 41 4 0.00537500000000000
80 234 49 4 0.00617300000000000
85 249 49 3 0.00528400000000000
85 249 33 3 0.00533500000000000
85 249 43 3 0.00529200000000000
85 249 42 3 0.00474200000000000
85 249 34 3 0.00487700000000000
85 249 42 4 0.00621800000000000
90 264 34 3 0.00473000000000000
85 249 41 3 0.00564200000000000
85 249 51 4 0.00662000000000000
85 249 52 4 0.00697200000000000
85 249 47 4 0.00674300000000000
90 264 33 3 0.00587400000000000
90 264 42 3 0.00681300000000000
90 264 43 3 0.00650500000000000
90 264 47 4 0.00547700000000000
90 264 41 3 0.00694900000000000
90 264 38 3 0.00633100000000000
90 264 55 4 0.00771600000000000
90 264 53 4 0.00661000000000000
90 264 43 4 0.00711500000000000
95 279 35 3 0.00680000000000000
95 279 33 3 0.00563700000000000
95 279 42 3 0.00637600000000000
95 279 40 3 0.00608200000000000
95 279 32 3 0.00643900000000000
80 234 54 4 0.01465400000000000
95 279 43 4 0.00631100000000000
95 279 41 3 0.00656300000000000
95 279 46 3 0.00771300000000000
95 279 48 3 0.00887800000000000
95 279 43 4 0.00795900000000000
100 294 36 3 0.00744800000000000
100 294 35 3 0.00721600000000000
100 294 51 4 0.00961700000000000
100 294 48 4 0.00870000000000000
100 294 49 3 0.00734600000000000
100 294 49 3 0.00922200000000000
100 294 42 3 0.00819500000000000
100 294 40 3 0.00812700000000000
100 294 55 4 0.01030300000000000
110 324 43 4 0.00861500000000000
110 324 39 3 0.00796000000000000
100 294 46 4 0.00938900000000000
110 324 40 3 0.00764500000000000
110 324 47 4 0.01051600000000000
110 324 54 4 0.00948700000000000
110 324 45 3 0.01041000000000000
110 324 58 3 0.00992800000000000
110 324 51 3 0.01094300000000000
110 324 61 4 0.01233300000000000
120 354 44 3 0.01215700000000000
120 354 46 4 0.01253700000000000
120 354 40 4 0.00899400000000000
120 354 40 3 0.01180800000000000
120 354 37 3 0.01059200000000000
120 354 45 3 0.01396100000000000
120 354 47 3 0.01366100000000000
120 354 35 3 0.01074200000000000
130 384 39 3 0.01011600000000000
120 354 52 4 0.01307000000000000
120 354 49 4 0.01335100000000000
110 324 50 3 0.01830100000000000
130 384 48 4 0.01170800000000000
130 384 38 3 0.01281400000000000
130 384 52 3 0.01167400000000000
130 384 45 3 0.01189100000000000
130 384 46 4 0.01533200000000000
130 384 39 3 0.01353400000000000
130 384 66 3 0.01865900000000000
130 384 53 4 0.01773800000000000
140 414 61 3 0.01651500000000000
130 384 59 3 0.01786300000000000
140 414 40 3 0.01665300000000000
140 414 39 3 0.01504100000000000
140 414 51 3 0.01531100000000000
140 414 41 3 0.01589700000000000
140 414 38 3 0.01600400000000000
140 414 58 3 0.02083200000000000
140 414 44 3 0.01852300000000000
140 414 58 4 0.02185600000000000
140 414 51 3 0.02078000000000000
150 444 35 4 0.01363300000000000
150 444 52 3 0.02074500000000000
150 444 62 4 0.02046400000000000
150 444 49 3 0.01658900000000000
150 444 41 3 0.01876500000000000
150 444 60 3 0.02367200000000000
150 444 56 4 0.01978600000000000
150 444 58 4 0.02393700000000000
150 444 42 3 0.02137700000000000
160 474 35 3 0.01523400000000000
150 444 46 3 0.02213100000000000
160 474 29 3 0.01797900000000000
160 474 38 3 0.02195700000000000
160 474 44 3 0.02434700000000000
160 474 38 3 0.02146800000000000
160 474 46 4 0.02467200000000000
160 474 57 4 0.02254800000000000
160 474 63 3 0.02762700000000000
160 474 51 3 0.02532300000000000
160 474 51 3 0.02413700000000000
180 534 40 3 0.02066300000000000
170 504 46 4 0.02114000000000000
170 504 39 3 0.02185500000000000
170 504 41 3 0.02427600000000000
180 534 50 4 0.02550000000000000
170 504 63 4 0.02687500000000000
170 504 66 4 0.02635600000000000
170 504 51 3 0.02742800000000000
180 534 45 4 0.02923200000000000
170 504 53 3 0.02975700000000000
170 504 65 4 0.03097800000000000
170 504 56 3 0.03114300000000000
180 534 44 3 0.02996100000000000
170 504 65 4 0.03375000000000000
180 534 53 3 0.03286600000000000
180 534 50 4 0.03065200000000000
180 534 35 3 0.02751800000000000
180 534 49 3 0.02847200000000000
180 534 51 4 0.02970000000000000
190 564 51 3 0.02756800000000000
180 534 54 4 0.03376900000000000
190 564 53 3 0.02813600000000000
190 564 52 4 0.02933700000000000
190 564 46 3 0.02558600000000000
190 564 48 4 0.03337000000000000
190 564 61 3 0.03963700000000000
190 564 52 4 0.04024700000000000
190 564 51 3 0.03010400000000000
190 564 60 3 0.04112700000000000
190 564 51 3 0.03691500000000000
200 594 62 4 0.03685000000000000
200 594 50 4 0.03584200000000000
200 594 42 3 0.03196600000000000
200 594 48 3 0.03830800000000000
200 594 46 3 0.03747100000000000
200 594 47 4 0.03635300000000000
200 594 53 4 0.03975400000000000
200 594 46 3 0.03837800000000000
200 594 53 3 0.04054500000000000
200 594 59 3 0.04125500000000000
225 669 46 4 0.03688900000000000
225 669 45 3 0.04324700000000000
225 669 44 3 0.04810400000000000
225 669 53 4 0.04194100000000000
225 669 57 4 0.05497900000000000
225 669 53 3 0.04395600000000000
225 669 40 3 0.04065700000000000
225 669 63 4 0.04637800000000000
225 669 54 3 0.04850300000000000
250 744 46 3 0.04361000000000000
225 669 80 3 0.06845100000000000
250 744 67 4 0.05875500000000000
250 744 57 3 0.06170400000000000
250 744 53 4 0.06109900000000000
250 744 58 3 0.06860300000000000
250 744 59 4 0.06460000000000000
250 744 51 3 0.06092300000000000
250 744 66 4 0.06606600000000000
275 819 41 3 0.06154000000000000
250 744 55 3 0.07000300000000000
250 744 64 3 0.07016400000000000
275 819 56 3 0.07019000000000000
275 819 46 3 0.06015600000000000
275 819 55 4 0.07959300000000000
275 819 58 3 0.08081600000000000
275 819 59 3 0.07884300000000000
275 819 50 4 0.07382200000000000
275 819 46 3 0.06606600000000000
300 894 45 3 0.06682600000000000
275 819 71 4 0.07677400000000000
275 819 67 3 0.08920800000000000
300 894 65 3 0.08283699999999999
300 894 67 3 0.08765800000000000
300 894 46 3 0.06660900000000000
300 894 62 4 0.10119499999999999
300 894 51 3 0.07401000000000001
325 969 41 4 0.07257200000000000
300 894 68 4 0.09123800000000000
300 894 63 3 0.09608700000000001
325 969 41 3 0.07887800000000000
300 894 68 4 0.09393799999999999
325 969 49 3 0.07801000000000000
300 894 76 3 0.09947800000000000
325 969 51 3 0.07846200000000000
325 969 55 3 0.08315000000000000
325 969 59 3 0.08084100000000000
325 969 49 3 0.08171900000000000
325 969 64 3 0.09569400000000000
325 969 69 4 0.11701000000000000
350 1044 47 3 0.09184600000000000
325 969 70 3 0.10599699999999999
350 1044 56 3 0.10398499999999999
350 1044 54 4 0.09387700000000000
350 1044 73 3 0.11981300000000000
350 1044 51 3 0.09314000000000000
350 1044 52 3 0.09347800000000001
350 1044 56 3 0.10613900000000000
350 1044 55 3 0.10395799999999999
350 1044 54 3 0.09777600000000000
350 1044 62 3 0.10698400000000000
375 1119 47 3 0.10382900000000000
375 1119 49 3 0.10316900000000000
375 1119 47 3 0.11210299999999999
375 1119 45 3 0.10138300000000000
375 1119 54 3 0.12237300000000000
375 1119 52 3 0.11525800000000000
375 1119 60 3 0.13077700000000000
375 1119 82 3 0.16301499999999999
400 1194 63 3 0.13641900000000001
400 1194 54 3 0.12879800000000000
375 1119 71 4 0.15213199999999999
400 1194 40 3 0.10436200000000000
375 1119 77 4 0.15534999999999999
400 1194 55 3 0.13125400000000001
425 1269 40 3 0.11134500000000000
400 1194 62 3 0.14515300000000000
400 1194 54 3 0.13170200000000001
400 1194 74 4 0.17538000000000001
400 1194 57 3 0.15750000000000000
400 1194 83 4 0.18944900000000001
400 1194 63 3 0.16032900000000000
425 1269 61 4 0.14912700000000001
425 1269 57 4 0.15433200000000000
425 1269 63 3 0.16144500000000001
425 1269 59 3 0.16730300000000001
425 1269 52 3 0.15584899999999999
425 1269 70 3 0.16965500000000000
425 1269 65 3 0.17830900000000000
425 1269 58 3 0.16550300000000001
425 1269 64 3 0.16268600000000000
450 1344 46 3 0.15210299999999999
450 1344 63 4 0.19847799999999999
450 1344 48 3 0.16561699999999999
450 1344 52 3 0.17560600000000001
450 1344 60 3 0.18956100000000001
450 1344 62 3 0.18796499999999999
450 1344 65 3 0.19538000000000000
450 1344 58 4 0.18672700000000000
450 1344 57 3 0.17962500000000001
450 1344 53 3 0.17905299999999999
475 1419 45 3 0.17021300000000000
475 1419 57 3 0.17847399999999999
475 1419 49 3 0.15939600000000001
475 1419 56 4 0.19358800000000001
475 1419 61 3 0.18416099999999999
475 1419 61 3 0.20357000000000000
475 1419 59 3 0.19894899999999999
475 1419 58 3 0.19479399999999999
475 1419 65 3 0.21228600000000000
475 1419 67 3 0.20651400000000000
500 1494 52 3 0.19566800000000001
500 1494 49 3 0.19295999999999999
500 1494 52 3 0.20854900000000001
500 1494 54 4 0.19955800000000001
500 1494 48 3 0.18819200000000000
500 1494 77 4 0.25907799999999997
500 1494 56 4 0.22788900000000001
500 1494 79 4 0.27559200000000000
500 1494 88 4 0.27294900000000000
500 1494 83 4 0.28807600000000000
550 1644 54 3 0.26407199999999997
550 1644 58 3 0.27306399999999997
550 1644 66 3 0.27886100000000003
550 1644 50 3 0.23639299999999999
550 1644 61 4 0.26822000000000001
550 1644 76 3 0.31419799999999998
550 1644 82 4 0.34622999999999998
550 1644 57 3 0.27867199999999998
550 1644 69 3 0.34133400000000003
550 1644 79 4 0.33053300000000002
600 1794 50 3 0.29075499999999999
600 1794 62 4 0.32880999999999999
600 1794 53 3 0.30292999999999998
600 1794 59 3 0.32751999999999998
600 1794 69 3 0.33187000000000000
600 1794 59 3 0.30742399999999998
600 1794 60 3 0.31188300000000002
600 1794 56 4 0.31130500000000000
600 1794 68 3 0.30815300000000001
650 1944 45 3 0.30120100000000000
600 1794 64 3 0.34005400000000002
650 1944 55 3 0.32332400000000000
650 1944 53 3 0.32302399999999998
650 1944 49 3 0.33917000000000003
650 1944 60 3 0.37891100000000000
650 1944 55 3 0.36923099999999998
650 1944 67 3 0.39698600000000001
650 1944 70 3 0.44819100000000001
700 2094 48 3 0.38594000000000001
650 1944 69 3 0.42024699999999998
650 1944 82 3 0.52433900000000000
700 2094 51 3 0.40077400000000002
700 2094 54 3 0.45328600000000002
700 2094 55 3 0.42452299999999998
700 2094 66 3 0.51627400000000001
700 2094 60 4 0.44468299999999999
700 2094 68 3 0.46288899999999999
700 2094 76 4 0.55826200000000004
700 2094 75 4 0.49233900000000003
750 2244 51 4 0.44258799999999998
750 2244 59 3 0.48259299999999999
700 2094 74 3 0.57945100000000005
750 2244 54 3 0.47663400000000000
750 2244 55 4 0.44932200000000000
750 2244 55 4 0.48678900000000003
750 2244 79 4 0.65177399999999996
750 2244 79 3 0.57065600000000005
750 2244 64 4 0.53960100000000000
750 2244 87 3 0.72513799999999995
800 2394 63 3 0.59736500000000003
800 2394 55 3 0.51235200000000003
800 2394 57 3 0.50275300000000001
800 2394 78 3 0.68019399999999997
750 2244 102 3 0.77832699999999999
850 2544 55 3 0.53686599999999995
800 2394 77 4 0.72453599999999996
800 2394 86 3 0.76665200000000000
800 2394 77 4 0.64219999999999999
800 2394 67 3 0.62087199999999998
850 2544 52 3 0.56367100000000003
800 2394 73 3 0.66103900000000004
850 2544 70 3 0.68861700000000003
850 2544 51 3 0.58432799999999996
850 2544 60 3 0.68470799999999998
800 2394 94 4 0.88140200000000002
850 2544 67 3 0.73764700000000005
850 2544 75 3 0.74026400000000003
850 2544 69 3 0.77213600000000004
850 2544 64 3 0.65251000000000003
850 2544 63 3 0.73245400000000005
900 2694 62 3 0.72430399999999995
900 2694 62 3 0.70745100000000005
900 2694 54 3 0.61295200000000005
900 2694 69 3 0.81068099999999998
900 2694 62 3 0.70870900000000003
900 2694 65 3 0.74661900000000003
900 2694 62 3 0.70556500000000000
900 2694 66 3 0.75826099999999996
950 2844 55 3 0.73190400000000000
900 2694 78 4 0.91718900000000003
950 2844 52 3 0.65624099999999996
950 2844 50 3 0.66753099999999999
950 2844 59 3 0.82557700000000001
950 2844 70 4 0.90250900000000001
950 2844 67 3 0.89002199999999998
950 2844 68 3 0.84111000000000002
900 2694 81 3 0.96439500000000000
950 2844 78 3 1.00653499999999996
1000 2994 54 4 0.79656700000000003
950 2844 74 4 0.93839700000000004
1000 2994 66 3 0.94679100000000005
950 2844 75 3 1.09876799999999997
1000 2994 71 4 1.08210699999999993
1000 2994 61 3 0.91720299999999999
1000 2994 64 3 1.00169500000000000
1000 2994 58 3 1.07259900000000008
1000 2994 70 3 1.12762099999999998
1000 2994 68 3 1.01934100000000005
1000 2994 73 3 1.10106700000000002
1100 3294 55 4 1.00464400000000009
1100 3294 66 3 1.11644699999999997
1100 3294 56 3 1.04406899999999991
1100 3294 57 3 0.96483500000000000
1000 2994 81 3 1.24140300000000003
1100 3294 62 3 1.13952600000000004
1100 3294 66 3 1.12233999999999989
1100 3294 71 3 1.29748700000000006
1100 3294 81 3 1.32610600000000001
1100 3294 70 3 1.20931499999999992
1100 3294 75 4 1.35198100000000010
1200 3594 63 3 1.37455700000000003
1200 3594 70 3 1.48440499999999997
1200 3594 56 4 1.19874700000000001
1200 3594 73 3 1.43008800000000003
1200 3594 71 3 1.45382699999999998
1200 3594 62 4 1.36869900000000011
1200 3594 79 3 1.85779999999999990
1200 3594 93 4 1.86080800000000002
1200 3594 70 3 1.51455099999999998
1300 3894 51 3 1.27119300000000002
1200 3594 85 3 1.76147600000000004
1300 3894 67 4 1.59240000000000004
1300 3894 61 3 1.54145299999999996
1300 3894 68 4 1.74477499999999996
1300 3894 72 4 1.68950299999999998
1300 3894 94 4 1.82283499999999998
