Nodos Aristas Frontera |CMF| Segundos
2 1 1 1 0.00084300000000000
2 1 1 1 0.00001200000000000
2 1 1 1 0.00000800000000000
4 3 3 1 0.00001600000000000
4 3 2 1 0.00000700000000000
4 3 3 1 0.00000600000000000
4 3 3 1 0.00001600000000000
3 2 2 1 0.00004400000000000
3 2 2 1 0.00006300000000000
2 1 1 1 0.00020500000000000
4 3 2 1 0.00002000000000000
4 3 2 1 0.00000500000000000
4 3 2 1 0.00000700000000000
3 2 2 1 0.00005000000000000
3 2 2 1 0.00006200000000000
5 4 3 2 0.00001000000000000
5 4 3 1 0.00000900000000000
3 2 2 1 0.00003600000000000
2 1 1 1 0.00001200000000000
5 4 3 2 0.00000800000000000
3 2 2 1 0.00005700000000000
4 3 2 1 0.00000800000000000
6 5 3 2 0.00001600000000000
2 1 1 1 0.00010300000000000
4 3 2 1 0.00000600000000000
6 5 3 1 0.00001400000000000
6 5 3 1 0.00001800000000000
5 4 3 1 0.00001000000000000
6 5 3 2 0.00001400000000000
2 1 1 1 0.00010000000000000
6 5 2 1 0.00000900000000000
6 5 2 1 0.00001200000000000
5 4 3 1 0.00001000000000000
6 5 3 2 0.00001800000000000
3 2 2 1 0.00005900000000000
7 6 4 2 0.00001300000000000
3 2 2 1 0.00007900000000000
7 6 2 1 0.00000500000000000
5 4 3 1 0.00001000000000000
7 6 4 2 0.00002500000000000
7 6 3 2 0.00001500000000000
7 6 4 2 0.00002000000000000
8 7 6 2 0.00001900000000000
2 1 1 1 0.00019900000000000
8 7 5 2 0.00001500000000000
5 4 3 2 0.00000900000000000
8 7 5 2 0.00001900000000000
8 7 5 1 0.00001900000000000
8 7 4 2 0.00001500000000000
5 4 3 1 0.00001000000000000
8 7 4 1 0.00001900000000000
9 8 5 2 0.00002700000000000
6 5 3 2 0.00001600000000000
6 5 4 1 0.00001800000000000
7 6 4 2 0.00001300000000000
5 4 3 2 0.00001500000000000
7 6 3 2 0.00001600000000000
9 8 4 2 0.00002600000000000
2 1 1 1 0.00022500000000000
8 7 4 2 0.00001800000000000
8 7 3 1 0.00001700000000000
9 8 4 1 0.00002700000000000
9 8 4 1 0.00002100000000000
9 8 5 2 0.00002700000000000
8 7 4 1 0.00001800000000000
9 8 5 2 0.00002400000000000
10 9 4 2 0.00003200000000000
7 6 4 2 0.00001700000000000
9 8 4 2 0.00002100000000000
10 9 6 2 0.00004000000000000
10 9 5 2 0.00002800000000000
11 10 4 2 0.00004600000000000
7 6 5 2 0.00001900000000000
9 8 4 2 0.00002600000000000
10 9 5 2 0.00003300000000000
10 9 3 1 0.00002700000000000
10 9 5 2 0.00003300000000000
11 10 6 2 0.00004100000000000
9 8 3 1 0.00002600000000000
6 5 5 1 0.00001500000000000
3 2 2 1 0.00004500000000000
11 10 5 2 0.00003400000000000
3 2 2 1 0.00009200000000000
10 9 5 2 0.00002700000000000
11 10 4 2 0.00004100000000000
7 6 4 2 0.00002100000000000
8 7 4 2 0.00001800000000000
11 10 6 2 0.00004300000000000
12 11 5 2 0.00003500000000000
10 9 4 1 0.00003200000000000
9 8 5 2 0.00002600000000000
12 11 6 2 0.00004400000000000
12 11 7 2 0.00005300000000000
12 11 5 2 0.00004600000000000
11 10 5 2 0.00003200000000000
12 11 4 2 0.00004400000000000
4 3 2 1 0.00006000000000000
11 10 4 1 0.00003800000000000
12 11 4 2 0.00004100000000000
13 12 6 2 0.00005900000000000
5 4 4 1 0.00001200000000000
13 12 6 2 0.00004600000000000
12 11 3 2 0.00004300000000000
13 12 3 2 0.00004200000000000
11 10 4 2 0.00003800000000000
13 12 3 1 0.00003800000000000
14 13 6 2 0.00006800000000000
14 13 6 2 0.00005400000000000
2 1 1 1 0.00016200000000000
14 13 8 2 0.00006200000000000
13 12 4 2 0.00005100000000000
14 13 5 2 0.00005100000000000
10 9 5 1 0.00003300000000000
12 11 6 2 0.00005200000000000
14 13 5 2 0.00005000000000000
13 12 5 2 0.00005200000000000
15 14 7 2 0.00005900000000000
14 13 5 2 0.00006200000000000
15 14 7 2 0.00007100000000000
11 10 6 2 0.00004400000000000
15 14 5 2 0.00006200000000000
13 12 6 2 0.00005500000000000
15 14 6 2 0.00005800000000000
10 9 3 1 0.00003100000000000
11 10 6 2 0.00004200000000000
12 11 7 2 0.00003900000000000
15 14 7 2 0.00007500000000000
16 15 7 2 0.00006000000000000
15 14 6 2 0.00007200000000000
13 12 5 2 0.00005300000000000
16 15 6 2 0.00006300000000000
16 15 6 2 0.00007600000000000
16 15 7 2 0.00006700000000000
16 15 3 1 0.00006900000000000
16 15 6 2 0.00007400000000000
16 15 5 2 0.00005200000000000
15 14 7 2 0.00007500000000000
16 15 3 2 0.00005300000000000
16 15 8 2 0.00008000000000000
17 16 4 2 0.00006900000000000
13 12 5 2 0.00005500000000000
15 14 6 2 0.00008000000000000
17 16 6 2 0.00007300000000000
14 13 8 2 0.00007200000000000
17 16 7 2 0.00008300000000000
17 16 5 2 0.00009000000000000
15 14 3 1 0.00006500000000000
17 16 4 2 0.00006800000000000
18 17 5 2 0.00009900000000000
17 16 5 2 0.00008800000000000
18 17 5 2 0.00008100000000000
17 16 7 2 0.00009800000000000
18 17 4 2 0.00008100000000000
17 16 5 2 0.00009600000000000
13 12 5 2 0.00005400000000000
18 17 5 2 0.00008100000000000
17 16 6 2 0.00009300000000000
19 18 5 2 0.00011400000000000
18 17 7 2 0.00010800000000000
19 18 6 2 0.00009200000000000
14 13 5 2 0.00006200000000000
18 17 6 2 0.00010400000000000
18 17 3 1 0.00009300000000000
19 18 4 2 0.00010900000000000
17 16 6 2 0.00009100000000000
19 18 9 2 0.00010500000000000
14 13 6 2 0.00006300000000000
14 13 6 2 0.00005100000000000
16 15 5 2 0.00007000000000000
19 18 5 2 0.00011400000000000
20 19 7 2 0.00013200000000000
20 19 4 2 0.00010400000000000
15 14 7 2 0.00007600000000000
19 18 9 2 0.00012400000000000
19 18 5 2 0.00009000000000000
20 19 6 2 0.00013500000000000
19 18 7 2 0.00012000000000000
20 19 10 2 0.00015200000000000
18 17 5 2 0.00008000000000000
20 19 6 2 0.00013300000000000
20 19 6 2 0.00014300000000000
19 18 5 2 0.00009700000000000
21 20 9 2 0.00015800000000000
21 20 9 2 0.00015600000000000
21 20 4 2 0.00013800000000000
21 20 3 1 0.00010300000000000
21 20 6 2 0.00014400000000000
20 19 7 2 0.00013700000000000
21 20 4 1 0.00013000000000000
21 20 5 2 0.00011400000000000
20 19 5 2 0.00012500000000000
20 19 6 2 0.00010500000000000
22 21 9 2 0.00017100000000000
22 21 7 2 0.00015400000000000
19 18 4 2 0.00010900000000000
20 19 3 2 0.00011500000000000
18 17 6 2 0.00010800000000000
22 21 9 2 0.00013600000000000
22 21 8 2 0.00015900000000000
22 21 5 2 0.00014600000000000
21 20 6 2 0.00011400000000000
22 21 7 2 0.00013600000000000
21 20 8 2 0.00015900000000000
23 22 5 2 0.00015900000000000
23 22 7 2 0.00017800000000000
23 22 9 2 0.00017800000000000
22 21 5 2 0.00014900000000000
23 22 6 2 0.00013000000000000
22 21 6 2 0.00015100000000000
23 22 10 2 0.00015700000000000
23 22 8 2 0.00017500000000000
22 21 5 2 0.00012000000000000
24 23 5 2 0.00014400000000000
23 22 6 2 0.00016900000000000
24 23 3 1 0.00012800000000000
23 22 9 2 0.00018200000000000
24 23 7 2 0.00014600000000000
24 23 3 1 0.00016300000000000
24 23 4 2 0.00016900000000000
22 21 7 2 0.00016000000000000
21 20 8 2 0.00015100000000000
18 17 4 1 0.00009600000000000
24 23 7 2 0.00019200000000000
24 23 7 2 0.00018200000000000
24 23 5 2 0.00017500000000000
24 23 8 2 0.00019200000000000
25 24 9 2 0.00017900000000000
25 24 4 2 0.00017700000000000
23 22 8 2 0.00018700000000000
25 24 8 2 0.00017600000000000
23 22 7 2 0.00017100000000000
25 24 6 2 0.00019500000000000
25 24 3 1 0.00014200000000000
25 24 6 2 0.00021200000000000
25 24 7 2 0.00015700000000000
25 24 8 2 0.00016900000000000
24 23 8 2 0.00019900000000000
25 24 6 2 0.00019600000000000
12 11 5 2 0.00004900000000000
30 29 6 2 0.00022500000000000
25 24 7 2 0.00020600000000000
30 29 7 2 0.00030100000000000
30 29 9 2 0.00030300000000000
30 29 6 2 0.00028700000000000
30 29 7 2 0.00030200000000000
30 29 6 2 0.00028200000000000
30 29 9 2 0.00030900000000000
30 29 8 2 0.00030800000000000
30 29 7 2 0.00029800000000000
30 29 8 2 0.00031700000000000
35 34 8 2 0.00032700000000000
35 34 6 2 0.00031700000000000
35 34 3 2 0.00028500000000000
35 34 5 2 0.00029400000000000
35 34 6 2 0.00038900000000000
35 34 7 2 0.00033700000000000
35 34 10 2 0.00042300000000000
35 34 8 2 0.00041200000000000
35 34 8 2 0.00042500000000000
35 34 9 2 0.00044900000000000
40 39 7 2 0.00042400000000000
40 39 6 2 0.00049900000000000
40 39 7 2 0.00052000000000000
40 39 6 2 0.00050000000000000
40 39 5 2 0.00046800000000000
40 39 8 2 0.00053300000000000
40 39 5 2 0.00049600000000000
40 39 6 2 0.00049300000000000
40 39 5 2 0.00047800000000000
40 39 10 2 0.00057300000000000
45 44 9 2 0.00056200000000000
45 44 5 2 0.00059000000000000
45 44 9 2 0.00056000000000000
45 44 6 2 0.00052800000000000
45 44 7 1 0.00067200000000000
45 44 7 2 0.00063600000000000
45 44 8 2 0.00068000000000000
45 44 10 2 0.00056000000000000
45 44 10 2 0.00058800000000000
45 44 5 2 0.00059400000000000
50 49 3 1 0.00067500000000000
50 49 10 2 0.00070200000000000
50 49 9 2 0.00087500000000000
50 49 12 2 0.00093500000000000
50 49 10 2 0.00095300000000000
50 49 9 2 0.00086100000000000
50 49 11 2 0.00090700000000000
50 49 9 2 0.00085200000000000
50 49 8 2 0.00090300000000000
50 49 11 2 0.00095300000000000
60 59 6 2 0.00107400000000000
60 59 3 1 0.00101000000000000
60 59 8 2 0.00097200000000000
60 59 7 2 0.00118900000000000
60 59 8 2 0.00100800000000000
60 59 10 2 0.00104300000000000
60 59 5 2 0.00107100000000000
60 59 11 2 0.00124600000000000
60 59 7 2 0.00113100000000000
70 69 3 2 0.00109100000000000
60 59 6 2 0.00115700000000000
70 69 6 2 0.00124500000000000
70 69 5 2 0.00116900000000000
70 69 7 2 0.00155900000000000
70 69 3 1 0.00139700000000000
70 69 12 2 0.00179800000000000
70 69 9 2 0.00177900000000000
70 69 4 2 0.00138900000000000
70 69 7 2 0.00155400000000000
70 69 6 2 0.00150000000000000
80 79 7 2 0.00158600000000000
80 79 5 2 0.00156900000000000
80 79 8 2 0.00169300000000000
80 79 8 2 0.00215000000000000
80 79 9 2 0.00217600000000000
80 79 9 2 0.00226800000000000
80 79 7 2 0.00205200000000000
80 79 9 2 0.00226500000000000
80 79 11 2 0.00226000000000000
80 79 11 2 0.00240800000000000
90 89 9 2 0.00220700000000000
90 89 5 2 0.00234800000000000
90 89 10 2 0.00257700000000000
90 89 8 2 0.00228000000000000
90 89 9 2 0.00279100000000000
90 89 8 2 0.00268700000000000
90 89 11 2 0.00289300000000000
90 89 8 2 0.00270300000000000
100 99 3 1 0.00272600000000000
90 89 9 2 0.00283500000000000
90 89 12 2 0.00301500000000000
100 99 4 1 0.00288300000000000
100 99 7 2 0.00259900000000000
100 99 7 2 0.00328700000000000
100 99 11 2 0.00299400000000000
100 99 10 2 0.00287400000000000
100 99 9 2 0.00357500000000000
100 99 10 2 0.00338300000000000
100 99 12 2 0.00358600000000000
100 99 12 2 0.00419300000000000
110 109 7 2 0.00372900000000000
110 109 11 2 0.00352900000000000
110 109 9 2 0.00331100000000000
110 109 9 2 0.00418600000000000
110 109 3 2 0.00339900000000000
110 109 6 2 0.00373500000000000
110 109 4 2 0.00345000000000000
110 109 13 2 0.00391300000000000
110 109 12 2 0.00476800000000000
110 109 13 2 0.00451500000000000
120 119 3 2 0.00404900000000000
120 119 9 2 0.00386800000000000
120 119 4 1 0.00417000000000000
120 119 9 2 0.00510200000000000
120 119 8 2 0.00462900000000000
120 119 7 2 0.00375800000000000
120 119 12 2 0.00549900000000000
120 119 11 2 0.00521100000000000
120 119 10 2 0.00459000000000000
120 119 12 2 0.00542000000000000
130 129 5 2 0.00396200000000000
130 129 6 2 0.00515200000000000
130 129 11 2 0.00598300000000000
130 129 11 2 0.00471400000000000
130 129 7 2 0.00554500000000000
130 129 12 2 0.00631500000000000
140 139 3 2 0.00548300000000000
130 129 9 2 0.00584200000000000
130 129 13 2 0.00624000000000000
140 139 4 2 0.00546200000000000
130 129 11 2 0.00609600000000000
140 139 12 2 0.00583300000000000
130 129 13 2 0.00633400000000000
140 139 8 2 0.00636000000000000
140 139 12 2 0.00587200000000000
140 139 11 2 0.00571200000000000
140 139 7 2 0.00630700000000000
140 139 7 2 0.00640300000000000
150 149 3 1 0.00503800000000000
140 139 12 2 0.00784700000000000
140 139 12 2 0.00724700000000000
150 149 4 2 0.00527600000000000
150 149 7 2 0.00773600000000000
150 149 15 2 0.00786800000000000
150 149 10 2 0.00822400000000000
150 149 9 2 0.00795300000000000
150 149 11 2 0.00877800000000000
150 149 12 2 0.00876300000000000
150 149 10 2 0.00842600000000000
150 149 12 2 0.00884700000000000
175 174 4 1 0.00784800000000000
175 174 3 1 0.00909500000000000
175 174 4 2 0.00964100000000000
175 174 5 2 0.00969400000000000
175 174 6 2 0.00856300000000000
175 174 7 2 0.01072500000000000
175 174 11 2 0.01264000000000000
175 174 11 2 0.01252000000000000
175 174 17 2 0.01136000000000000
175 174 12 2 0.01314500000000000
200 199 4 2 0.00997800000000000
200 199 14 2 0.01350500000000000
200 199 12 2 0.01520500000000000
200 199 5 2 0.01278800000000000
200 199 16 2 0.01448300000000000
200 199 10 2 0.01510900000000000
200 199 9 2 0.01495400000000000
200 199 13 2 0.01743700000000000
200 199 10 2 0.01448800000000000
200 199 11 2 0.01646800000000000
225 224 6 2 0.01584900000000000
225 224 6 2 0.01662600000000000
225 224 10 2 0.01455200000000000
225 224 4 2 0.01554100000000000
225 224 4 2 0.01521600000000000
225 224 6 2 0.01713700000000000
225 224 11 2 0.01961500000000000
225 224 16 2 0.01836800000000000
225 224 11 2 0.01944800000000000
250 249 6 2 0.01752400000000000
250 249 6 2 0.01609200000000000
225 224 14 2 0.02234200000000000
250 249 5 2 0.02013200000000000
250 249 7 2 0.01661700000000000
250 249 4 1 0.01889600000000000
250 249 16 2 0.02279500000000000
250 249 5 2 0.01961400000000000
250 249 12 2 0.02443300000000000
250 249 14 2 0.02643200000000000
250 249 11 2 0.02375700000000000
275 274 3 2 0.02181200000000000
275 274 9 2 0.02685300000000000
275 274 9 2 0.02719900000000000
275 274 8 2 0.02467100000000000
275 274 8 2 0.02638400000000000
275 274 12 2 0.03073400000000000
275 274 19 2 0.02860100000000000
275 274 11 2 0.02901700000000000
275 274 15 2 0.03342200000000000
300 299 9 2 0.02365600000000000
275 274 14 2 0.03029100000000000
300 299 6 2 0.02971100000000000
300 299 8 2 0.02503900000000000
300 299 11 2 0.02918800000000000
300 299 7 2 0.02351400000000000
300 299 16 2 0.03097700000000000
300 299 16 2 0.03807400000000000
300 299 11 2 0.03570300000000000
325 324 6 2 0.03542700000000000
300 299 14 2 0.03702000000000000
300 299 15 2 0.04210900000000000
325 324 11 2 0.03894800000000000
325 324 5 2 0.03160200000000000
325 324 5 2 0.03133600000000000
325 324 11 2 0.04229100000000000
350 349 5 2 0.03032500000000000
325 324 9 2 0.03574900000000000
325 324 11 2 0.03939100000000000
325 324 14 2 0.04301200000000000
325 324 10 2 0.03895300000000000
350 349 8 2 0.03237600000000000
350 349 6 2 0.03198200000000000
350 349 12 2 0.03851600000000000
325 324 13 2 0.04312100000000000
350 349 7 2 0.04040900000000000
350 349 10 2 0.03616800000000000
350 349 12 2 0.04811600000000000
350 349 12 2 0.03831600000000000
350 349 14 2 0.05032300000000000
350 349 14 2 0.05067400000000000
375 374 3 2 0.04084400000000000
375 374 6 2 0.04400100000000000
375 374 6 2 0.04357000000000000
375 374 9 2 0.05046700000000000
375 374 10 2 0.04218900000000000
375 374 8 2 0.05027600000000000
375 374 15 2 0.05907000000000000
400 399 9 2 0.04432300000000000
375 374 15 2 0.06211500000000000
400 399 8 2 0.04245800000000000
400 399 11 2 0.05010000000000000
375 374 14 2 0.05882300000000000
375 374 16 2 0.06190500000000000
400 399 11 2 0.05970000000000000
400 399 15 2 0.05804300000000000
400 399 12 2 0.06566700000000000
400 399 16 2 0.06784800000000001
400 399 8 2 0.05691500000000000
400 399 11 2 0.06071200000000000
400 399 16 2 0.07333099999999999
425 424 8 2 0.06141800000000000
425 424 6 2 0.05658900000000000
425 424 14 2 0.06104900000000000
425 424 8 2 0.06056100000000000
425 424 8 2 0.06364499999999999
425 424 13 2 0.05495100000000000
425 424 13 2 0.07031200000000000
425 424 8 2 0.05754700000000000
450 449 5 2 0.04827800000000000
450 449 6 2 0.05121800000000000
450 449 7 2 0.05203100000000000
425 424 12 2 0.07290600000000000
450 449 7 2 0.06656500000000000
425 424 20 2 0.08851299999999999
450 449 7 2 0.07879800000000001
450 449 9 2 0.07386900000000000
450 449 15 2 0.08288200000000000
475 474 6 2 0.05893900000000000
475 474 5 2 0.07413200000000000
450 449 15 2 0.08471400000000000
450 449 21 2 0.08136300000000000
475 474 3 1 0.06548000000000000
450 449 13 2 0.08284800000000000
475 474 11 2 0.08556500000000000
475 474 7 2 0.06121700000000000
475 474 11 2 0.09009600000000000
500 499 3 2 0.07366800000000000
475 474 12 2 0.09817700000000000
475 474 16 2 0.09807399999999999
475 474 20 2 0.10957000000000000
500 499 13 2 0.08754199999999999
475 474 15 2 0.09901400000000000
500 499 9 2 0.06821199999999999
500 499 21 2 0.09814800000000000
500 499 10 2 0.09307500000000000
500 499 4 2 0.07628699999999999
500 499 20 2 0.10475800000000000
500 499 21 2 0.11018200000000000
500 499 11 2 0.09020800000000000
500 499 18 2 0.09805800000000001
550 549 8 2 0.08066500000000000
550 549 8 2 0.07568900000000001
550 549 3 1 0.08346900000000000
550 549 10 2 0.08753900000000001
550 549 4 2 0.07119300000000001
550 549 5 2 0.10770399999999999
550 549 8 2 0.10563200000000000
600 599 7 2 0.09138900000000000
550 549 11 2 0.11224700000000000
600 599 5 1 0.11143699999999999
600 599 7 2 0.11378000000000001
600 599 11 2 0.10655600000000000
600 599 13 2 0.13486200000000001
600 599 10 2 0.12868499999999999
550 549 22 2 0.16122600000000001
600 599 14 2 0.11647800000000000
600 599 8 2 0.12205299999999999
550 549 17 2 0.15860399999999999
650 649 6 2 0.10514999999999999
650 649 7 2 0.10452900000000000
650 649 13 2 0.12738500000000000
650 649 13 2 0.13296900000000000
600 599 12 2 0.14341499999999999
650 649 11 2 0.12850200000000001
650 649 12 2 0.14024600000000001
600 599 14 2 0.15625100000000000
650 649 15 2 0.13996400000000001
650 649 8 2 0.14226100000000000
650 649 9 2 0.12043300000000000
650 649 18 2 0.15714800000000001
700 699 6 2 0.12871500000000000
700 699 3 1 0.11193300000000000
700 699 6 2 0.14519099999999999
700 699 14 2 0.19442100000000001
750 749 7 2 0.14404900000000001
700 699 11 2 0.16340499999999999
700 699 16 2 0.19895399999999999
750 749 10 2 0.16997799999999999
700 699 13 2 0.18082899999999999
750 749 5 2 0.14417400000000000
750 749 4 1 0.13362599999999999
750 749 8 2 0.13734800000000000
750 749 4 2 0.13463900000000001
700 699 18 2 0.18872200000000000
700 699 14 2 0.19718300000000000
700 699 22 2 0.21706100000000000
750 749 9 2 0.15997900000000001
800 799 7 2 0.17605799999999999
750 749 20 2 0.24074899999999999
800 799 9 2 0.18836900000000001
750 749 20 2 0.24245200000000000
750 749 18 2 0.22662299999999999
800 799 14 2 0.20901200000000000
800 799 3 2 0.14580599999999999
800 799 12 2 0.20281900000000000
800 799 12 2 0.19240499999999999
800 799 3 1 0.14401200000000000
800 799 18 2 0.24642800000000001
800 799 13 2 0.20234300000000000
850 849 3 1 0.16012599999999999
850 849 6 2 0.17512900000000001
850 849 7 2 0.19065799999999999
850 849 5 2 0.17753900000000000
850 849 6 2 0.19569900000000001
850 849 8 2 0.20298800000000000
800 799 16 2 0.24431700000000001
850 849 16 2 0.27056300000000000
850 849 16 2 0.26140600000000003
850 849 15 2 0.26352100000000001
900 899 9 2 0.22862499999999999
850 849 20 2 0.29744399999999999
900 899 9 2 0.22782100000000000
900 899 11 2 0.23323600000000000
900 899 6 2 0.19951900000000000
950 949 3 1 0.20058300000000001
900 899 19 2 0.31872899999999998
900 899 15 2 0.28331699999999999
900 899 16 2 0.28207300000000002
950 949 4 2 0.21830800000000000
950 949 10 2 0.26570800000000000
900 899 18 2 0.31259599999999998
900 899 20 2 0.33319599999999999
950 949 3 2 0.20384200000000000
900 899 15 2 0.28563100000000002
950 949 10 2 0.26565200000000000
950 949 10 2 0.25191300000000000
950 949 9 2 0.26295900000000000
950 949 18 2 0.35224400000000000
950 949 14 2 0.29493100000000000
1000 999 4 1 0.23979200000000001
1000 999 9 2 0.27821200000000001
1000 999 8 2 0.26957399999999998
950 949 18 2 0.33342200000000000
1000 999 9 2 0.28066700000000000
1000 999 9 2 0.27506100000000000
1000 999 8 2 0.27031699999999997
1000 999 15 2 0.35210300000000000
1000 999 21 2 0.38330999999999998
1100 1099 3 1 0.27069399999999999
1100 1099 6 2 0.30245000000000000
1000 999 16 2 0.35444199999999998
1100 1099 5 2 0.29067700000000002
1100 1099 9 2 0.33864000000000000
1100 1099 6 2 0.30689899999999998
1000 999 21 2 0.42893700000000001
1200 1199 5 2 0.33818900000000002
1100 1099 18 2 0.44229099999999999
1100 1099 19 2 0.45103199999999999
1100 1099 18 2 0.47911799999999999
1100 1099 17 2 0.46878900000000001
1100 1099 18 2 0.48245800000000000
1200 1199 8 2 0.39238899999999999
1200 1199 5 1 0.36183999999999999
1200 1199 8 2 0.40812199999999998
1200 1199 12 2 0.43960300000000002
1200 1199 11 2 0.43014000000000002
1200 1199 14 2 0.46840199999999999
1300 1299 3 2 0.38947100000000001
1200 1199 20 2 0.58611000000000002
1300 1299 5 2 0.40510699999999999
1300 1299 10 2 0.48795400000000000
1200 1199 21 2 0.60034799999999999
1300 1299 8 2 0.46457199999999998
1300 1299 3 1 0.37620900000000002
1300 1299 11 2 0.52690499999999996
1300 1299 9 2 0.50700699999999999
1200 1199 21 2 0.60935899999999998
1300 1299 13 2 0.54581900000000005
1400 1399 4 2 0.45042700000000002
1300 1299 15 2 0.61962899999999999
1300 1299 14 2 0.54176800000000003
1400 1399 3 1 0.47105700000000000
1400 1399 5 2 0.46749400000000002
1400 1399 7 2 0.49366900000000002
1400 1399 7 2 0.51244199999999995
1400 1399 10 2 0.56716299999999997
1400 1399 3 1 0.44077499999999997
1400 1399 13 2 0.63161100000000003
1500 1499 3 2 0.52651700000000001
1400 1399 10 2 0.58443599999999996
1400 1399 16 2 0.74969300000000005
1500 1499 7 2 0.58199800000000002
1500 1499 5 2 0.53911200000000004
1500 1499 3 1 0.50126999999999999
1500 1499 3 2 0.51815599999999995
1500 1499 9 2 0.60605399999999998
1500 1499 9 2 0.62090100000000004
1500 1499 12 2 0.72078699999999996
1500 1499 17 2 0.81840700000000000
1600 1599 9 2 0.74280100000000004
1500 1499 14 2 0.79643200000000003
1600 1599 4 2 0.60011999999999999
1600 1599 5 2 0.63165600000000000
1600 1599 5 2 0.62160099999999996
1600 1599 11 2 0.76754000000000000
1600 1599 11 2 0.81104399999999999
1600 1599 10 2 0.70817399999999997
1600 1599 14 2 0.88815400000000000
1700 1699 7 2 0.74957499999999999
1600 1599 14 2 0.89846400000000004
1600 1599 13 2 0.84887199999999996
1700 1699 9 2 0.80863200000000002
1700 1699 7 2 0.76368300000000000
1700 1699 7 2 0.77758499999999997
1700 1699 9 2 0.77718399999999999
1700 1699 11 2 0.83271799999999996
1700 1699 6 2 0.76084099999999999
1700 1699 18 2 1.07418100000000005
1800 1799 5 2 0.76651700000000000
1700 1699 17 2 1.02123399999999998
1800 1799 5 2 0.81618100000000005
1800 1799 7 2 0.87104999999999999
1800 1799 5 2 0.80057400000000001
1700 1699 24 2 1.28787399999999996
1800 1799 11 2 0.96145599999999998
1800 1799 16 2 1.16966100000000006
1800 1799 10 2 1.01400200000000007
1900 1899 8 2 0.97868500000000003
1800 1799 15 2 1.02957999999999994
1800 1799 15 2 1.12105900000000003
1900 1899 4 1 0.84098200000000001
1800 1799 16 2 1.15043199999999990
1900 1899 5 2 0.91383499999999995
1900 1899 10 2 1.07363199999999992
1900 1899 3 2 0.83530199999999999
1900 1899 10 2 1.04815299999999989
1900 1899 13 2 1.18330200000000008
1900 1899 12 2 1.21720500000000009
2000 1999 3 1 0.90619799999999995
2000 1999 7 2 1.07283400000000007
1900 1899 18 2 1.45901400000000003
1900 1899 13 2 1.21042800000000006
2000 1999 8 2 1.07780000000000009
2000 1999 11 2 1.29088399999999992
2000 1999 10 2 1.15835700000000008
2000 1999 13 2 1.24514100000000005
2000 1999 14 2 1.36614400000000002
2200 2199 5 2 1.15824100000000008
2000 1999 17 2 1.58362899999999995
2200 2199 7 2 1.24912500000000004
2000 1999 20 2 1.55427500000000007
2200 2199 5 2 1.16534300000000002
2200 2199 7 2 1.25764900000000002
2200 2199 5 2 1.20525400000000005
2200 2199 11 2 1.45216900000000004
2000 1999 20 2 1.68795800000000007
2200 2199 11 2 1.41959499999999994
2200 2199 12 2 1.58266900000000010
2200 2199 20 2 1.91190199999999999
2200 2199 17 2 1.88318800000000008
2400 2399 6 2 1.45804700000000009
2400 2399 10 2 1.67128600000000005
2400 2399 11 2 1.69562999999999997
2400 2399 13 2 1.77838199999999991
2400 2399 19 2 2.11933999999999978
2400 2399 7 2 1.56039200000000000
2400 2399 15 2 1.98678099999999991
2400 2399 14 2 1.91950799999999999
2400 2399 21 2 2.32954499999999998
2600 2599 6 2 1.64904399999999995
2600 2599 8 2 1.79128400000000010
2600 2599 6 2 1.65293500000000004
2600 2599 5 2 1.60446099999999992
2400 2399 17 2 2.08020799999999983
2600 2599 7 2 1.72632199999999991
2800 2799 4 2 1.86335099999999998
2800 2799 4 2 1.85677699999999990
2600 2599 18 2 2.37435600000000013
2600 2599 19 2 2.45426099999999980
2800 2799 7 2 2.00466800000000012
2600 2599 17 2 2.59463499999999980
2600 2599 18 2 2.61903100000000011
2600 2599 17 2 2.49633400000000005
2800 2799 14 2 2.61939300000000008
2800 2799 12 2 2.42259899999999995
2800 2799 7 2 2.01997800000000005
2800 2799 13 2 2.52071800000000001
2800 2799 8 2 2.21875499999999981
2800 2799 17 2 2.75479900000000022
3000 2999 3 2 2.05980000000000008
3000 2999 8 2 2.43855000000000022
3000 2999 11 2 2.59291099999999997
3000 2999 13 2 2.76691600000000015
3000 2999 14 2 2.97497400000000001
2800 2799 21 2 3.37567599999999990
3000 2999 8 2 2.59205299999999994
3000 2999 13 2 2.89436500000000008
3000 2999 15 2 3.22755400000000003
3000 2999 12 2 2.80991999999999997
3000 2999 22 2 4.01929699999999990
