Nodos Aristas Frontera |CMF| Segundos
2 1 1 1 0.00014300000000000
4 6 4 2 0.00000300000000000
2 1 1 1 0.00011100000000000
3 3 2 1 0.00000100000000000
3 3 2 1 0.00000100000000000
2 1 1 1 0.00001800000000000
3 3 2 1 0.00000200000000000
3 3 2 1 0.00000200000000000
2 1 1 1 0.00009800000000000
5 8 5 2 0.00001200000000000
4 6 4 2 0.00000100000000000
4 6 4 2 0.00000200000000000
2 1 1 1 0.00080900000000000
3 3 2 1 0.00000100000000000
4 6 4 2 0.00000100000000000
4 6 4 2 0.00000200000000000
5 8 5 2 0.00000800000000000
4 6 4 2 0.00000100000000000
4 6 4 2 0.00000500000000000
3 3 2 1 0.00000200000000000
5 8 5 2 0.00004200000000000
3 3 2 1 0.00000200000000000
6 10 6 2 0.00001300000000000
4 6 4 2 0.00000200000000000
6 10 6 2 0.00001200000000000
2 1 1 1 0.00000600000000000
5 8 5 2 0.00000600000000000
6 10 6 2 0.00001900000000000
6 10 6 2 0.00001200000000000
5 8 5 2 0.00000600000000000
5 8 5 2 0.00001300000000000
7 12 7 2 0.00000700000000000
2 1 1 1 0.00000800000000000
6 10 6 2 0.00000600000000000
6 10 6 2 0.00001600000000000
7 12 7 2 0.00001100000000000
2 1 1 1 0.00012300000000000
7 12 7 2 0.00001000000000000
7 12 7 2 0.00000700000000000
6 10 6 2 0.00000700000000000
7 12 7 2 0.00000800000000000
7 12 7 2 0.00000700000000000
8 14 8 2 0.00000700000000000
2 1 1 1 0.00017500000000000
8 14 8 2 0.00001000000000000
5 8 5 2 0.00001200000000000
8 14 8 2 0.00000900000000000
3 3 2 1 0.00000500000000000
8 14 8 2 0.00000800000000000
5 8 5 2 0.00001300000000000
6 10 6 2 0.00001700000000000
8 14 8 2 0.00001100000000000
9 16 9 2 0.00001300000000000
9 16 9 2 0.00001000000000000
7 12 7 2 0.00001000000000000
6 10 6 2 0.00001000000000000
8 14 8 2 0.00001400000000000
5 8 5 2 0.00001000000000000
5 8 5 2 0.00001600000000000
4 6 4 2 0.00000300000000000
9 16 9 2 0.00001100000000000
10 18 10 2 0.00001900000000000
8 14 8 2 0.00001100000000000
8 14 8 2 0.00000700000000000
10 18 10 2 0.00001700000000000
9 16 9 2 0.00001400000000000
9 16 9 2 0.00001000000000000
10 18 10 2 0.00001900000000000
9 16 9 2 0.00001300000000000
10 18 10 2 0.00001300000000000
11 20 11 2 0.00002200000000000
10 18 10 2 0.00001600000000000
7 12 7 2 0.00001000000000000
10 18 10 2 0.00002500000000000
9 16 9 2 0.00001100000000000
11 20 11 2 0.00001400000000000
7 12 7 2 0.00000900000000000
10 18 10 2 0.00001500000000000
10 18 10 2 0.00001900000000000
11 20 11 2 0.00001800000000000
8 14 8 2 0.00001000000000000
7 12 7 2 0.00001100000000000
11 20 11 2 0.00001900000000000
6 10 6 2 0.00002100000000000
11 20 11 2 0.00002700000000000
11 20 11 2 0.00001400000000000
10 18 10 2 0.00001600000000000
9 16 9 2 0.00001300000000000
12 22 12 2 0.00001500000000000
9 16 9 2 0.00001900000000000
12 22 12 2 0.00002000000000000
10 18 10 2 0.00001600000000000
12 22 12 2 0.00002000000000000
13 24 13 2 0.00002300000000000
12 22 12 2 0.00001600000000000
12 22 12 2 0.00001800000000000
12 22 12 2 0.00001700000000000
11 20 11 2 0.00002800000000000
13 24 13 2 0.00001800000000000
13 24 13 2 0.00002000000000000
12 22 12 2 0.00002000000000000
9 16 9 2 0.00001300000000000
12 22 12 2 0.00002000000000000
14 26 14 2 0.00002400000000000
12 22 12 2 0.00002000000000000
13 24 13 2 0.00001800000000000
14 26 14 2 0.00002700000000000
13 24 13 2 0.00002800000000000
14 26 14 2 0.00003000000000000
11 20 11 2 0.00001800000000000
14 26 14 2 0.00002500000000000
14 26 14 2 0.00002600000000000
8 14 8 2 0.00000700000000000
13 24 13 2 0.00002300000000000
12 22 12 2 0.00002000000000000
15 28 15 2 0.00002300000000000
11 20 11 2 0.00001500000000000
14 26 14 2 0.00002800000000000
14 26 14 2 0.00002600000000000
15 28 15 2 0.00003500000000000
15 28 15 2 0.00003000000000000
13 24 13 2 0.00002300000000000
15 28 15 2 0.00003800000000000
16 30 16 2 0.00002100000000000
16 30 16 2 0.00002900000000000
16 30 16 2 0.00002100000000000
15 28 15 2 0.00003700000000000
16 30 16 2 0.00003900000000000
14 26 14 2 0.00002000000000000
13 24 13 2 0.00002200000000000
16 30 16 2 0.00002300000000000
13 24 13 2 0.00002200000000000
16 30 16 2 0.00002100000000000
16 30 16 2 0.00002900000000000
14 26 14 2 0.00002600000000000
17 32 17 2 0.00003400000000000
15 28 15 2 0.00003500000000000
15 28 15 2 0.00003500000000000
17 32 17 2 0.00002800000000000
2 1 1 1 0.00000800000000000
14 26 14 2 0.00002700000000000
16 30 16 2 0.00002200000000000
18 34 18 2 0.00003900000000000
17 32 17 2 0.00003500000000000
17 32 17 2 0.00003400000000000
16 30 16 2 0.00002700000000000
17 32 17 2 0.00003500000000000
18 34 18 2 0.00003400000000000
15 28 15 2 0.00003600000000000
17 32 17 2 0.00003500000000000
15 28 15 2 0.00002300000000000
18 34 18 2 0.00004200000000000
17 32 17 2 0.00003500000000000
17 32 17 2 0.00002700000000000
16 30 16 2 0.00002700000000000
18 34 18 2 0.00004600000000000
15 28 15 2 0.00003900000000000
18 34 18 2 0.00004100000000000
4 6 4 2 0.00000200000000000
17 32 17 2 0.00003200000000000
19 36 19 2 0.00005000000000000
19 36 19 2 0.00003600000000000
17 32 17 2 0.00003400000000000
18 34 18 2 0.00003300000000000
20 38 20 2 0.00004800000000000
19 36 19 2 0.00004600000000000
20 38 20 2 0.00004600000000000
18 34 18 2 0.00004300000000000
20 38 20 2 0.00003900000000000
18 34 18 2 0.00004200000000000
19 36 19 2 0.00004400000000000
20 38 20 2 0.00004500000000000
20 38 20 2 0.00004900000000000
18 34 18 2 0.00005200000000000
20 38 20 2 0.00004300000000000
19 36 19 2 0.00004600000000000
21 40 21 2 0.00004200000000000
19 36 19 2 0.00005100000000000
21 40 21 2 0.00004700000000000
21 40 21 2 0.00004200000000000
20 38 20 2 0.00005600000000000
20 38 20 2 0.00005600000000000
21 40 21 2 0.00004300000000000
21 40 21 2 0.00005600000000000
21 40 21 2 0.00005300000000000
19 36 19 2 0.00004900000000000
22 42 22 2 0.00005100000000000
21 40 21 2 0.00006500000000000
19 36 19 2 0.00004000000000000
21 40 21 2 0.00004300000000000
22 42 22 2 0.00006000000000000
22 42 22 2 0.00004700000000000
22 42 22 2 0.00005700000000000
23 44 23 2 0.00004900000000000
22 42 22 2 0.00004700000000000
19 36 19 2 0.00004700000000000
22 42 22 2 0.00004600000000000
20 38 20 2 0.00004600000000000
23 44 23 2 0.00006300000000000
20 38 20 2 0.00005300000000000
22 42 22 2 0.00005900000000000
11 20 11 2 0.00001800000000000
23 44 23 2 0.00005000000000000
3 3 2 1 0.00000200000000000
23 44 23 2 0.00006300000000000
24 46 24 2 0.00005600000000000
21 40 21 2 0.00005300000000000
23 44 23 2 0.00005000000000000
24 46 24 2 0.00005600000000000
23 44 23 2 0.00005000000000000
23 44 23 2 0.00006100000000000
22 42 22 2 0.00005700000000000
22 42 22 2 0.00005800000000000
13 24 13 2 0.00002300000000000
24 46 24 2 0.00006900000000000
24 46 24 2 0.00007000000000000
25 48 25 2 0.00005900000000000
25 48 25 2 0.00005700000000000
25 48 25 2 0.00007400000000000
21 40 21 2 0.00005200000000000
23 44 23 2 0.00005200000000000
25 48 25 2 0.00006100000000000
24 46 24 2 0.00007500000000000
23 44 23 2 0.00006000000000000
26 50 26 2 0.00006000000000000
25 48 25 2 0.00007100000000000
24 46 24 2 0.00006800000000000
25 48 25 2 0.00006500000000000
26 50 26 2 0.00006000000000000
24 46 24 2 0.00008000000000000
26 50 26 2 0.00006000000000000
26 50 26 2 0.00007500000000000
18 34 18 2 0.00004900000000000
23 44 23 2 0.00004900000000000
27 52 27 2 0.00008000000000000
24 46 24 2 0.00007800000000000
27 52 27 2 0.00008000000000000
25 48 25 2 0.00007800000000000
26 50 26 2 0.00006000000000000
25 48 25 2 0.00007000000000000
24 46 24 2 0.00005300000000000
26 50 26 2 0.00007500000000000
27 52 27 2 0.00008100000000000
25 48 25 2 0.00006100000000000
26 50 26 2 0.00005900000000000
27 52 27 2 0.00008000000000000
27 52 27 2 0.00006400000000000
19 36 19 2 0.00005000000000000
22 42 22 2 0.00006000000000000
28 54 28 2 0.00007200000000000
28 54 28 2 0.00008400000000000
27 52 27 2 0.00006500000000000
24 46 24 2 0.00007800000000000
26 50 26 2 0.00007400000000000
27 52 27 2 0.00008000000000000
27 52 27 2 0.00006200000000000
26 50 26 2 0.00007500000000000
29 56 29 2 0.00007500000000000
28 54 28 2 0.00008500000000000
29 56 29 2 0.00006900000000000
28 54 28 2 0.00008400000000000
28 54 28 2 0.00006800000000000
29 56 29 2 0.00009600000000000
29 56 29 2 0.00009600000000000
29 56 29 2 0.00009400000000000
29 56 29 2 0.00007800000000000
27 52 27 2 0.00008100000000000
30 58 30 2 0.00007400000000000
28 54 28 2 0.00008400000000000
28 54 28 2 0.00007500000000000
30 58 30 2 0.00008000000000000
28 54 28 2 0.00006400000000000
26 50 26 2 0.00007300000000000
30 58 30 2 0.00008200000000000
30 58 30 2 0.00009900000000000
30 58 30 2 0.00008000000000000
31 60 31 2 0.00007800000000000
30 58 30 2 0.00009300000000000
30 58 30 2 0.00009900000000000
29 56 29 2 0.00008100000000000
28 54 28 2 0.00007300000000000
31 60 31 2 0.00008300000000000
31 60 31 2 0.00010900000000000
31 60 31 2 0.00008100000000000
31 60 31 2 0.00008000000000000
32 62 32 2 0.00008100000000000
31 60 31 2 0.00008800000000000
29 56 29 2 0.00009200000000000
31 60 31 2 0.00010500000000000
32 62 32 2 0.00008000000000000
30 58 30 2 0.00009200000000000
32 62 32 2 0.00007500000000000
31 60 31 2 0.00010400000000000
32 62 32 2 0.00009000000000000
29 56 29 2 0.00008800000000000
27 52 27 2 0.00008100000000000
32 62 32 2 0.00010100000000000
32 62 32 2 0.00008000000000000
32 62 32 2 0.00008000000000000
33 64 33 2 0.00009600000000000
32 62 32 2 0.00008100000000000
33 64 33 2 0.00011500000000000
33 64 33 2 0.00009400000000000
32 62 32 2 0.00010200000000000
33 64 33 2 0.00009100000000000
32 62 32 2 0.00010100000000000
33 64 33 2 0.00011500000000000
33 64 33 2 0.00011500000000000
33 64 33 2 0.00011400000000000
30 58 30 2 0.00009700000000000
34 66 34 2 0.00010600000000000
34 66 34 2 0.00010700000000000
34 66 34 2 0.00013100000000000
33 64 33 2 0.00011500000000000
33 64 33 2 0.00011500000000000
34 66 34 2 0.00010500000000000
34 66 34 2 0.00012900000000000
34 66 34 2 0.00010600000000000
28 54 28 2 0.00008400000000000
34 66 34 2 0.00010600000000000
34 66 34 2 0.00010700000000000
34 66 34 2 0.00013300000000000
35 68 35 2 0.00014600000000000
33 64 33 2 0.00011500000000000
35 68 35 2 0.00011400000000000
34 66 34 2 0.00013200000000000
35 68 35 2 0.00011400000000000
35 68 35 2 0.00014200000000000
35 68 35 2 0.00011300000000000
35 68 35 2 0.00014700000000000
25 48 25 2 0.00007400000000000
36 70 36 2 0.00012000000000000
35 68 35 2 0.00014400000000000
36 70 36 2 0.00012100000000000
35 68 35 2 0.00014900000000000
36 70 36 2 0.00012400000000000
35 68 35 2 0.00014600000000000
36 70 36 2 0.00015000000000000
36 70 36 2 0.00015000000000000
36 70 36 2 0.00012100000000000
37 72 37 2 0.00012700000000000
29 56 29 2 0.00009700000000000
37 72 37 2 0.00012800000000000
36 70 36 2 0.00015000000000000
36 70 36 2 0.00015000000000000
31 60 31 2 0.00010000000000000
37 72 37 2 0.00012700000000000
37 72 37 2 0.00016000000000000
37 72 37 2 0.00012700000000000
37 72 37 2 0.00012800000000000
37 72 37 2 0.00015900000000000
37 72 37 2 0.00016000000000000
30 58 30 2 0.00010400000000000
37 72 37 2 0.00015900000000000
38 74 38 2 0.00016300000000000
38 74 38 2 0.00013400000000000
37 72 37 2 0.00016100000000000
38 74 38 2 0.00017200000000000
36 70 36 2 0.00015000000000000
38 74 38 2 0.00016900000000000
38 74 38 2 0.00016900000000000
38 74 38 2 0.00014100000000000
38 74 38 2 0.00013500000000000
31 60 31 2 0.00011000000000000
39 76 39 2 0.00014600000000000
38 74 38 2 0.00016700000000000
39 76 39 2 0.00014200000000000
39 76 39 2 0.00013900000000000
35 68 35 2 0.00015100000000000
38 74 38 2 0.00017100000000000
39 76 39 2 0.00014600000000000
39 76 39 2 0.00018000000000000
39 76 39 2 0.00017700000000000
36 70 36 2 0.00014100000000000
39 76 39 2 0.00017600000000000
40 78 40 2 0.00019000000000000
38 74 38 2 0.00017000000000000
39 76 39 2 0.00018100000000000
40 78 40 2 0.00014900000000000
40 78 40 2 0.00018600000000000
40 78 40 2 0.00015000000000000
40 78 40 2 0.00016200000000000
40 78 40 2 0.00014300000000000
41 80 41 2 0.00015100000000000
39 76 39 2 0.00017800000000000
41 80 41 2 0.00015000000000000
40 78 40 2 0.00016400000000000
41 80 41 2 0.00014800000000000
40 78 40 2 0.00018200000000000
40 78 40 2 0.00018800000000000
41 80 41 2 0.00018600000000000
39 76 39 2 0.00018500000000000
41 80 41 2 0.00018800000000000
41 80 41 2 0.00018800000000000
41 80 41 2 0.00018700000000000
41 80 41 2 0.00016600000000000
41 80 41 2 0.00017700000000000
42 82 42 2 0.00015600000000000
40 78 40 2 0.00019100000000000
42 82 42 2 0.00015700000000000
42 82 42 2 0.00015600000000000
42 82 42 2 0.00016200000000000
42 82 42 2 0.00019500000000000
42 82 42 2 0.00015600000000000
42 82 42 2 0.00019500000000000
42 82 42 2 0.00019400000000000
43 84 43 2 0.00016800000000000
42 82 42 2 0.00019700000000000
42 82 42 2 0.00019400000000000
41 80 41 2 0.00018700000000000
43 84 43 2 0.00021100000000000
43 84 43 2 0.00020900000000000
43 84 43 2 0.00020900000000000
43 84 43 2 0.00021100000000000
43 84 43 2 0.00021100000000000
43 84 43 2 0.00021000000000000
43 84 43 2 0.00021300000000000
44 86 44 2 0.00017500000000000
43 84 43 2 0.00021200000000000
44 86 44 2 0.00020600000000000
44 86 44 2 0.00017500000000000
43 84 43 2 0.00021200000000000
44 86 44 2 0.00017700000000000
44 86 44 2 0.00022100000000000
44 86 44 2 0.00017600000000000
44 86 44 2 0.00017800000000000
44 86 44 2 0.00021900000000000
45 88 45 2 0.00017700000000000
44 86 44 2 0.00021700000000000
45 88 45 2 0.00021100000000000
45 88 45 2 0.00021300000000000
45 88 45 2 0.00021400000000000
44 86 44 2 0.00021900000000000
45 88 45 2 0.00022500000000000
45 88 45 2 0.00022200000000000
45 88 45 2 0.00022600000000000
45 88 45 2 0.00022200000000000
45 88 45 2 0.00022600000000000
46 90 46 2 0.00019200000000000
45 88 45 2 0.00022700000000000
46 90 46 2 0.00018800000000000
46 90 46 2 0.00024400000000000
46 90 46 2 0.00023400000000000
46 90 46 2 0.00018900000000000
46 90 46 2 0.00019100000000000
46 90 46 2 0.00024300000000000
46 90 46 2 0.00019200000000000
46 90 46 2 0.00024300000000000
46 90 46 2 0.00023500000000000
47 92 47 2 0.00019700000000000
47 92 47 2 0.00024400000000000
47 92 47 2 0.00024500000000000
47 92 47 2 0.00025100000000000
47 92 47 2 0.00025800000000000
47 92 47 2 0.00024500000000000
47 92 47 2 0.00024400000000000
48 94 48 2 0.00020400000000000
47 92 47 2 0.00025000000000000
48 94 48 2 0.00019500000000000
48 94 48 2 0.00025700000000000
47 92 47 2 0.00024300000000000
47 92 47 2 0.00024800000000000
48 94 48 2 0.00025400000000000
48 94 48 2 0.00025400000000000
48 94 48 2 0.00020700000000000
48 94 48 2 0.00020800000000000
49 96 49 2 0.00021200000000000
48 94 48 2 0.00026000000000000
49 96 49 2 0.00021100000000000
48 94 48 2 0.00025700000000000
48 94 48 2 0.00025700000000000
49 96 49 2 0.00026500000000000
49 96 49 2 0.00025000000000000
49 96 49 2 0.00026700000000000
49 96 49 2 0.00026200000000000
49 96 49 2 0.00025200000000000
50 98 50 2 0.00021500000000000
49 96 49 2 0.00026700000000000
49 96 49 2 0.00026200000000000
50 98 50 2 0.00022200000000000
49 96 49 2 0.00026500000000000
50 98 50 2 0.00027000000000000
50 98 50 2 0.00026900000000000
50 98 50 2 0.00027100000000000
50 98 50 2 0.00026800000000000
50 98 50 2 0.00026900000000000
50 98 50 2 0.00027100000000000
50 98 50 2 0.00021500000000000
51 100 51 2 0.00022400000000000
51 100 51 2 0.00022400000000000
50 98 50 2 0.00021700000000000
51 100 51 2 0.00028600000000000
51 100 51 2 0.00028800000000000
51 100 51 2 0.00028600000000000
51 100 51 2 0.00028100000000000
51 100 51 2 0.00028500000000000
51 100 51 2 0.00029100000000000
52 102 52 2 0.00024700000000000
51 100 51 2 0.00028300000000000
52 102 52 2 0.00023900000000000
51 100 51 2 0.00028700000000000
52 102 52 2 0.00030300000000000
52 102 52 2 0.00027700000000000
52 102 52 2 0.00031100000000000
52 102 52 2 0.00029200000000000
53 104 53 2 0.00022900000000000
52 102 52 2 0.00030000000000000
53 104 53 2 0.00024300000000000
52 102 52 2 0.00030800000000000
52 102 52 2 0.00030600000000000
53 104 53 2 0.00024700000000000
52 102 52 2 0.00028900000000000
53 104 53 2 0.00025000000000000
53 104 53 2 0.00030600000000000
53 104 53 2 0.00030700000000000
53 104 53 2 0.00027300000000000
53 104 53 2 0.00030900000000000
53 104 53 2 0.00031300000000000
53 104 53 2 0.00030800000000000
54 106 54 2 0.00024300000000000
54 106 54 2 0.00025400000000000
54 106 54 2 0.00031000000000000
54 106 54 2 0.00031600000000000
54 106 54 2 0.00031500000000000
54 106 54 2 0.00024900000000000
54 106 54 2 0.00031100000000000
54 106 54 2 0.00031000000000000
54 106 54 2 0.00032700000000000
54 106 54 2 0.00031100000000000
55 108 55 2 0.00025700000000000
55 108 55 2 0.00025900000000000
55 108 55 2 0.00025800000000000
55 108 55 2 0.00032000000000000
55 108 55 2 0.00032000000000000
55 108 55 2 0.00032100000000000
55 108 55 2 0.00032100000000000
55 108 55 2 0.00032100000000000
55 108 55 2 0.00032300000000000
55 108 55 2 0.00032400000000000
56 110 56 2 0.00027600000000000
56 110 56 2 0.00033400000000000
56 110 56 2 0.00026500000000000
56 110 56 2 0.00033100000000000
56 110 56 2 0.00031700000000000
56 110 56 2 0.00033200000000000
56 110 56 2 0.00026700000000000
56 110 56 2 0.00033100000000000
56 110 56 2 0.00033300000000000
56 110 56 2 0.00031600000000000
57 112 57 2 0.00027600000000000
57 112 57 2 0.00029200000000000
57 112 57 2 0.00027400000000000
57 112 57 2 0.00034400000000000
57 112 57 2 0.00036600000000000
57 112 57 2 0.00036100000000000
57 112 57 2 0.00034600000000000
57 112 57 2 0.00032900000000000
57 112 57 2 0.00037100000000000
58 114 58 2 0.00029200000000000
57 112 57 2 0.00037200000000000
58 114 58 2 0.00037200000000000
58 114 58 2 0.00030100000000000
58 114 58 2 0.00036400000000000
58 114 58 2 0.00037600000000000
58 114 58 2 0.00029700000000000
58 114 58 2 0.00038100000000000
58 114 58 2 0.00036600000000000
58 114 58 2 0.00036800000000000
58 114 58 2 0.00036300000000000
59 116 59 2 0.00037800000000000
59 116 59 2 0.00030100000000000
59 116 59 2 0.00029800000000000
59 116 59 2 0.00029500000000000
59 116 59 2 0.00037900000000000
59 116 59 2 0.00038200000000000
60 118 60 2 0.00027400000000000
59 116 59 2 0.00039300000000000
59 116 59 2 0.00037500000000000
59 116 59 2 0.00037500000000000
59 116 59 2 0.00037800000000000
60 118 60 2 0.00028500000000000
60 118 60 2 0.00039800000000000
60 118 60 2 0.00037500000000000
60 118 60 2 0.00038000000000000
60 118 60 2 0.00031300000000000
60 118 60 2 0.00039300000000000
60 118 60 2 0.00037600000000000
60 118 60 2 0.00037700000000000
61 120 61 2 0.00031300000000000
61 120 61 2 0.00039300000000000
61 120 61 2 0.00038900000000000
61 120 61 2 0.00031400000000000
61 120 61 2 0.00031100000000000
61 120 61 2 0.00039300000000000
61 120 61 2 0.00039300000000000
60 118 60 2 0.00039800000000000
61 120 61 2 0.00039200000000000
61 120 61 2 0.00031700000000000
61 120 61 2 0.00037700000000000
62 122 62 2 0.00033000000000000
62 122 62 2 0.00032400000000000
62 122 62 2 0.00041400000000000
62 122 62 2 0.00041300000000000
62 122 62 2 0.00040600000000000
62 122 62 2 0.00041000000000000
62 122 62 2 0.00041400000000000
62 122 62 2 0.00041100000000000
62 122 62 2 0.00041100000000000
63 124 63 2 0.00033300000000000
62 122 62 2 0.00041000000000000
63 124 63 2 0.00043000000000000
63 124 63 2 0.00042700000000000
63 124 63 2 0.00034600000000000
63 124 63 2 0.00034000000000000
63 124 63 2 0.00042500000000000
64 126 64 2 0.00029800000000000
63 124 63 2 0.00042400000000000
63 124 63 2 0.00042600000000000
63 124 63 2 0.00041900000000000
64 126 64 2 0.00040500000000000
64 126 64 2 0.00032700000000000
63 124 63 2 0.00042700000000000
64 126 64 2 0.00032600000000000
64 126 64 2 0.00040800000000000
64 126 64 2 0.00040300000000000
64 126 64 2 0.00037400000000000
64 126 64 2 0.00041100000000000
65 128 65 2 0.00035500000000000
64 126 64 2 0.00040300000000000
64 126 64 2 0.00040900000000000
65 128 65 2 0.00045100000000000
65 128 65 2 0.00035300000000000
65 128 65 2 0.00042400000000000
65 128 65 2 0.00044500000000000
65 128 65 2 0.00035500000000000
65 128 65 2 0.00044700000000000
65 128 65 2 0.00033400000000000
65 128 65 2 0.00044000000000000
65 128 65 2 0.00044400000000000
66 130 66 2 0.00049100000000000
66 130 66 2 0.00039500000000000
66 130 66 2 0.00049000000000000
66 130 66 2 0.00039500000000000
66 130 66 2 0.00049300000000000
66 130 66 2 0.00049000000000000
66 130 66 2 0.00049300000000000
66 130 66 2 0.00049300000000000
66 130 66 2 0.00049200000000000
67 132 67 2 0.00041600000000000
66 130 66 2 0.00049200000000000
67 132 67 2 0.00041600000000000
67 132 67 2 0.00041000000000000
67 132 67 2 0.00052100000000000
67 132 67 2 0.00051000000000000
3 3 2 1 0.00000200000000000
68 134 68 2 0.00044700000000000
67 132 67 2 0.00053000000000000
67 132 67 2 0.00053300000000000
67 132 67 2 0.00052400000000000
67 132 67 2 0.00052200000000000
68 134 68 2 0.00041700000000000
67 132 67 2 0.00051700000000000
68 134 68 2 0.00054400000000000
68 134 68 2 0.00054700000000000
68 134 68 2 0.00043300000000000
68 134 68 2 0.00052000000000000
68 134 68 2 0.00052100000000000
68 134 68 2 0.00055200000000000
69 136 69 2 0.00046100000000000
68 134 68 2 0.00054400000000000
68 134 68 2 0.00054600000000000
69 136 69 2 0.00046500000000000
69 136 69 2 0.00058100000000000
69 136 69 2 0.00046800000000000
69 136 69 2 0.00057800000000000
69 136 69 2 0.00058400000000000
69 136 69 2 0.00046700000000000
69 136 69 2 0.00057800000000000
69 136 69 2 0.00058300000000000
70 138 70 2 0.00047500000000000
69 136 69 2 0.00053200000000000
70 138 70 2 0.00059500000000000
70 138 70 2 0.00059200000000000
70 138 70 2 0.00047300000000000
70 138 70 2 0.00059000000000000
70 138 70 2 0.00059200000000000
70 138 70 2 0.00059500000000000
70 138 70 2 0.00059600000000000
70 138 70 2 0.00059200000000000
70 138 70 2 0.00059200000000000
71 140 71 2 0.00050700000000000
71 140 71 2 0.00050800000000000
71 140 71 2 0.00063500000000000
71 140 71 2 0.00063800000000000
71 140 71 2 0.00050800000000000
71 140 71 2 0.00063200000000000
71 140 71 2 0.00063500000000000
71 140 71 2 0.00063500000000000
72 142 72 2 0.00052700000000000
71 140 71 2 0.00063700000000000
71 140 71 2 0.00063800000000000
72 142 72 2 0.00050700000000000
72 142 72 2 0.00063100000000000
72 142 72 2 0.00050700000000000
72 142 72 2 0.00061200000000000
72 142 72 2 0.00062800000000000
72 142 72 2 0.00063400000000000
73 144 73 2 0.00050800000000000
73 144 73 2 0.00059400000000000
72 142 72 2 0.00064000000000000
73 144 73 2 0.00064100000000000
73 144 73 2 0.00065200000000000
73 144 73 2 0.00051200000000000
72 142 72 2 0.00062700000000000
73 144 73 2 0.00064400000000000
73 144 73 2 0.00051500000000000
73 144 73 2 0.00064000000000000
73 144 73 2 0.00064300000000000
74 146 74 2 0.00053300000000000
73 144 73 2 0.00064200000000000
74 146 74 2 0.00067600000000000
74 146 74 2 0.00054100000000000
74 146 74 2 0.00068200000000000
74 146 74 2 0.00067400000000000
74 146 74 2 0.00054300000000000
74 146 74 2 0.00067700000000000
74 146 74 2 0.00067800000000000
74 146 74 2 0.00068100000000000
75 148 75 2 0.00054800000000000
74 146 74 2 0.00068000000000000
75 148 75 2 0.00054600000000000
75 148 75 2 0.00055000000000000
75 148 75 2 0.00068200000000000
75 148 75 2 0.00068400000000000
75 148 75 2 0.00068400000000000
76 150 76 2 0.00055900000000000
75 148 75 2 0.00067800000000000
75 148 75 2 0.00068200000000000
75 148 75 2 0.00068400000000000
75 148 75 2 0.00068900000000000
76 150 76 2 0.00067600000000000
76 150 76 2 0.00071000000000000
76 150 76 2 0.00056800000000000
76 150 76 2 0.00070900000000000
76 150 76 2 0.00056400000000000
76 150 76 2 0.00070700000000000
76 150 76 2 0.00067300000000000
76 150 76 2 0.00067700000000000
77 152 77 2 0.00054600000000000
76 150 76 2 0.00067600000000000
77 152 77 2 0.00057700000000000
77 152 77 2 0.00071500000000000
77 152 77 2 0.00057300000000000
77 152 77 2 0.00071600000000000
77 152 77 2 0.00072100000000000
77 152 77 2 0.00057600000000000
77 152 77 2 0.00069100000000000
77 152 77 2 0.00071900000000000
77 152 77 2 0.00072500000000000
78 154 78 2 0.00058800000000000
78 154 78 2 0.00073200000000000
78 154 78 2 0.00073500000000000
78 154 78 2 0.00058400000000000
78 154 78 2 0.00073700000000000
78 154 78 2 0.00072900000000000
78 154 78 2 0.00072800000000000
78 154 78 2 0.00073700000000000
72 142 72 2 0.00263800000000000
78 154 78 2 0.00072600000000000
78 154 78 2 0.00073300000000000
79 156 79 2 0.00060100000000000
79 156 79 2 0.00059300000000000
79 156 79 2 0.00075300000000000
79 156 79 2 0.00060400000000000
79 156 79 2 0.00075200000000000
79 156 79 2 0.00075100000000000
79 156 79 2 0.00074600000000000
79 156 79 2 0.00059700000000000
79 156 79 2 0.00075600000000000
79 156 79 2 0.00075500000000000
80 158 80 2 0.00062200000000000
80 158 80 2 0.00074000000000000
80 158 80 2 0.00076400000000000
80 158 80 2 0.00062000000000000
80 158 80 2 0.00078100000000000
80 158 80 2 0.00077300000000000
80 158 80 2 0.00077800000000000
81 160 81 2 0.00064000000000000
80 158 80 2 0.00077800000000000
81 160 81 2 0.00063600000000000
81 160 81 2 0.00079000000000000
81 160 81 2 0.00063300000000000
80 158 80 2 0.00077300000000000
80 158 80 2 0.00077900000000000
81 160 81 2 0.00079400000000000
81 160 81 2 0.00079300000000000
81 160 81 2 0.00076000000000000
81 160 81 2 0.00079400000000000
81 160 81 2 0.00075900000000000
82 162 82 2 0.00064000000000000
81 160 81 2 0.00079100000000000
82 162 82 2 0.00063800000000000
82 162 82 2 0.00081100000000000
82 162 82 2 0.00080700000000000
82 162 82 2 0.00080700000000000
82 162 82 2 0.00064200000000000
82 162 82 2 0.00080200000000000
82 162 82 2 0.00080500000000000
82 162 82 2 0.00080100000000000
82 162 82 2 0.00080400000000000
83 164 83 2 0.00066000000000000
83 164 83 2 0.00066700000000000
83 164 83 2 0.00066700000000000
83 164 83 2 0.00083200000000000
83 164 83 2 0.00083000000000000
84 166 84 2 0.00066900000000000
83 164 83 2 0.00083100000000000
83 164 83 2 0.00083800000000000
83 164 83 2 0.00082700000000000
84 166 84 2 0.00065300000000000
83 164 83 2 0.00083600000000000
84 166 84 2 0.00084600000000000
84 166 84 2 0.00081100000000000
84 166 84 2 0.00084400000000000
84 166 84 2 0.00083600000000000
84 166 84 2 0.00067100000000000
84 166 84 2 0.00081300000000000
84 166 84 2 0.00084600000000000
84 166 84 2 0.00083700000000000
85 168 85 2 0.00084900000000000
85 168 85 2 0.00089200000000000
85 168 85 2 0.00071200000000000
85 168 85 2 0.00071300000000000
85 168 85 2 0.00071000000000000
85 168 85 2 0.00088900000000000
85 168 85 2 0.00088800000000000
85 168 85 2 0.00069400000000000
85 168 85 2 0.00085300000000000
86 170 86 2 0.00071500000000000
85 168 85 2 0.00088900000000000
86 170 86 2 0.00088100000000000
86 170 86 2 0.00071000000000000
86 170 86 2 0.00088900000000000
86 170 86 2 0.00089000000000000
86 170 86 2 0.00088600000000000
86 170 86 2 0.00088800000000000
86 170 86 2 0.00089000000000000
86 170 86 2 0.00088500000000000
86 170 86 2 0.00088500000000000
87 172 87 2 0.00091000000000000
87 172 87 2 0.00090400000000000
87 172 87 2 0.00090500000000000
87 172 87 2 0.00071900000000000
87 172 87 2 0.00072000000000000
87 172 87 2 0.00071900000000000
87 172 87 2 0.00090600000000000
88 174 88 2 0.00074000000000000
87 172 87 2 0.00090200000000000
87 172 87 2 0.00090500000000000
87 172 87 2 0.00089700000000000
88 174 88 2 0.00076000000000000
88 174 88 2 0.00090800000000000
88 174 88 2 0.00075700000000000
88 174 88 2 0.00092200000000000
88 174 88 2 0.00091500000000000
88 174 88 2 0.00094800000000000
89 176 89 2 0.00093700000000000
88 174 88 2 0.00095200000000000
88 174 88 2 0.00094400000000000
89 176 89 2 0.00094100000000000
88 174 88 2 0.00095100000000000
89 176 89 2 0.00075100000000000
89 176 89 2 0.00093600000000000
89 176 89 2 0.00072600000000000
89 176 89 2 0.00074600000000000
89 176 89 2 0.00093700000000000
89 176 89 2 0.00093900000000000
90 178 90 2 0.00077400000000000
89 176 89 2 0.00093900000000000
89 176 89 2 0.00094000000000000
90 178 90 2 0.00079500000000000
90 178 90 2 0.00098800000000000
90 178 90 2 0.00099800000000000
90 178 90 2 0.00079100000000000
90 178 90 2 0.00099000000000000
90 178 90 2 0.00099100000000000
90 178 90 2 0.00099100000000000
91 180 91 2 0.00079300000000000
90 178 90 2 0.00099100000000000
91 180 91 2 0.00079700000000000
91 180 91 2 0.00078900000000000
90 178 90 2 0.00098500000000000
91 180 91 2 0.00099600000000000
91 180 91 2 0.00100000000000000
92 182 92 2 0.00080100000000000
91 180 91 2 0.00099500000000000
91 180 91 2 0.00099700000000000
91 180 91 2 0.00098800000000000
91 180 91 2 0.00099400000000000
91 180 91 2 0.00098600000000000
92 182 92 2 0.00101100000000000
92 182 92 2 0.00080600000000000
92 182 92 2 0.00101000000000000
92 182 92 2 0.00101000000000000
92 182 92 2 0.00077000000000000
92 182 92 2 0.00100100000000000
92 182 92 2 0.00100900000000000
92 182 92 2 0.00100500000000000
92 182 92 2 0.00100500000000000
93 184 93 2 0.00082500000000000
93 184 93 2 0.00076300000000000
83 164 83 2 0.00485900000000000
93 184 93 2 0.00079600000000000
93 184 93 2 0.00103100000000000
93 184 93 2 0.00082100000000000
93 184 93 2 0.00099700000000000
93 184 93 2 0.00095600000000000
93 184 93 2 0.00102900000000000
94 186 94 2 0.00084100000000000
93 184 93 2 0.00103200000000000
93 184 93 2 0.00103700000000000
94 186 94 2 0.00105100000000000
94 186 94 2 0.00083700000000000
94 186 94 2 0.00105300000000000
94 186 94 2 0.00105100000000000
94 186 94 2 0.00104600000000000
94 186 94 2 0.00103900000000000
94 186 94 2 0.00104500000000000
94 186 94 2 0.00104000000000000
94 186 94 2 0.00104300000000000
95 188 95 2 0.00086300000000000
95 188 95 2 0.00086800000000000
95 188 95 2 0.00086200000000000
95 188 95 2 0.00107900000000000
95 188 95 2 0.00107200000000000
95 188 95 2 0.00107600000000000
95 188 95 2 0.00085900000000000
95 188 95 2 0.00107700000000000
96 190 96 2 0.00087000000000000
95 188 95 2 0.00109400000000000
95 188 95 2 0.00109600000000000
96 190 96 2 0.00107000000000000
96 190 96 2 0.00109600000000000
96 190 96 2 0.00086600000000000
96 190 96 2 0.00105600000000000
96 190 96 2 0.00110400000000000
96 190 96 2 0.00109200000000000
96 190 96 2 0.00108600000000000
96 190 96 2 0.00109300000000000
96 190 96 2 0.00109100000000000
97 192 97 2 0.00108200000000000
97 192 97 2 0.00086700000000000
97 192 97 2 0.00087200000000000
97 192 97 2 0.00112600000000000
97 192 97 2 0.00108600000000000
97 192 97 2 0.00089800000000000
97 192 97 2 0.00111800000000000
98 194 98 2 0.00093600000000000
97 192 97 2 0.00108000000000000
97 192 97 2 0.00112100000000000
97 192 97 2 0.00111800000000000
98 194 98 2 0.00090700000000000
98 194 98 2 0.00114700000000000
98 194 98 2 0.00090900000000000
98 194 98 2 0.00113100000000000
98 194 98 2 0.00113900000000000
98 194 98 2 0.00114200000000000
98 194 98 2 0.00113200000000000
98 194 98 2 0.00113600000000000
98 194 98 2 0.00113500000000000
99 196 99 2 0.00095400000000000
99 196 99 2 0.00095400000000000
99 196 99 2 0.00118000000000000
99 196 99 2 0.00094900000000000
99 196 99 2 0.00118100000000000
99 196 99 2 0.00118300000000000
99 196 99 2 0.00119100000000000
100 198 100 2 0.00096900000000000
99 196 99 2 0.00118700000000000
99 196 99 2 0.00118400000000000
99 196 99 2 0.00118400000000000
100 198 100 2 0.00118000000000000
100 198 100 2 0.00095200000000000
100 198 100 2 0.00114400000000000
100 198 100 2 0.00118300000000000
100 198 100 2 0.00094300000000000
100 198 100 2 0.00118400000000000
100 198 100 2 0.00118000000000000
100 198 100 2 0.00118700000000000
100 198 100 2 0.00118000000000000
105 208 105 2 0.00103800000000000
105 208 105 2 0.00100400000000000
105 208 105 2 0.00130100000000000
105 208 105 2 0.00100400000000000
105 208 105 2 0.00129000000000000
105 208 105 2 0.00129300000000000
105 208 105 2 0.00129000000000000
105 208 105 2 0.00129400000000000
105 208 105 2 0.00129400000000000
110 218 110 2 0.00113300000000000
105 208 105 2 0.00129800000000000
110 218 110 2 0.00114500000000000
110 218 110 2 0.00142200000000000
110 218 110 2 0.00114100000000000
110 218 110 2 0.00142900000000000
110 218 110 2 0.00142800000000000
110 218 110 2 0.00142700000000000
110 218 110 2 0.00143500000000000
110 218 110 2 0.00142200000000000
110 218 110 2 0.00142100000000000
115 228 115 2 0.00156000000000000
115 228 115 2 0.00155800000000000
115 228 115 2 0.00125800000000000
115 228 115 2 0.00125700000000000
115 228 115 2 0.00125400000000000
115 228 115 2 0.00156400000000000
115 228 115 2 0.00157500000000000
115 228 115 2 0.00155300000000000
115 228 115 2 0.00155900000000000
115 228 115 2 0.00156900000000000
120 238 120 2 0.00131500000000000
120 238 120 2 0.00130200000000000
120 238 120 2 0.00167700000000000
120 238 120 2 0.00167000000000000
120 238 120 2 0.00133900000000000
120 238 120 2 0.00167400000000000
120 238 120 2 0.00167500000000000
120 238 120 2 0.00167600000000000
120 238 120 2 0.00167300000000000
120 238 120 2 0.00168400000000000
125 248 125 2 0.00180300000000000
125 248 125 2 0.00184400000000000
125 248 125 2 0.00186300000000000
125 248 125 2 0.00143800000000000
125 248 125 2 0.00184900000000000
125 248 125 2 0.00147900000000000
125 248 125 2 0.00147700000000000
125 248 125 2 0.00184800000000000
125 248 125 2 0.00184400000000000
125 248 125 2 0.00184700000000000
130 258 130 2 0.00168000000000000
130 258 130 2 0.00162700000000000
130 258 130 2 0.00202000000000000
130 258 130 2 0.00201000000000000
130 258 130 2 0.00162200000000000
130 258 130 2 0.00202600000000000
130 258 130 2 0.00202000000000000
130 258 130 2 0.00202600000000000
130 258 130 2 0.00202900000000000
130 258 130 2 0.00202600000000000
135 268 135 2 0.00241300000000000
135 268 135 2 0.00242300000000000
135 268 135 2 0.00193800000000000
135 268 135 2 0.00193700000000000
135 268 135 2 0.00241900000000000
135 268 135 2 0.00242300000000000
140 278 140 2 0.00210300000000000
135 268 135 2 0.00241700000000000
135 268 135 2 0.00242800000000000
135 268 135 2 0.00243400000000000
135 268 135 2 0.00242900000000000
140 278 140 2 0.00215600000000000
140 278 140 2 0.00217900000000000
140 278 140 2 0.00270500000000000
140 278 140 2 0.00270000000000000
140 278 140 2 0.00229100000000000
140 278 140 2 0.00272700000000000
140 278 140 2 0.00272700000000000
140 278 140 2 0.00271400000000000
140 278 140 2 0.00271900000000000
145 288 145 2 0.00290500000000000
145 288 145 2 0.00290100000000000
145 288 145 2 0.00291500000000000
145 288 145 2 0.00228000000000000
145 288 145 2 0.00290700000000000
145 288 145 2 0.00232300000000000
145 288 145 2 0.00291500000000000
150 298 150 2 0.00249600000000000
145 288 145 2 0.00292400000000000
145 288 145 2 0.00292100000000000
145 288 145 2 0.00291200000000000
150 298 150 2 0.00317100000000000
150 298 150 2 0.00319300000000000
150 298 150 2 0.00266800000000000
150 298 150 2 0.00269900000000000
150 298 150 2 0.00388400000000000
150 298 150 2 0.00337000000000000
150 298 150 2 0.00335600000000000
150 298 150 2 0.00362500000000000
150 298 150 2 0.00436100000000000
155 308 155 2 0.00306400000000000
155 308 155 2 0.00300800000000000
160 318 160 2 0.00328000000000000
155 308 155 2 0.00377800000000000
155 308 155 2 0.00381100000000000
155 308 155 2 0.00384000000000000
155 308 155 2 0.00380900000000000
155 308 155 2 0.00377300000000000
155 308 155 2 0.00379000000000000
155 308 155 2 0.00376400000000000
155 308 155 2 0.00376100000000000
160 318 160 2 0.00300800000000000
160 318 160 2 0.00324300000000000
160 318 160 2 0.00515300000000000
160 318 160 2 0.00514900000000000
160 318 160 2 0.00396200000000000
160 318 160 2 0.00422000000000000
165 328 165 2 0.00317500000000000
165 328 165 2 0.00324200000000000
165 328 165 2 0.00326300000000000
160 318 160 2 0.00487000000000000
160 318 160 2 0.00514000000000000
160 318 160 2 0.00504300000000000
165 328 165 2 0.00401100000000000
165 328 165 2 0.00409300000000000
165 328 165 2 0.00478100000000000
170 338 170 2 0.00517400000000000
170 338 170 2 0.00360700000000000
165 328 165 2 0.00588800000000000
165 328 165 2 0.00570300000000000
165 328 165 2 0.00583300000000000
165 328 165 2 0.00582700000000000
175 348 175 2 0.00381800000000000
170 338 170 2 0.00444500000000000
170 338 170 2 0.00441700000000000
170 338 170 2 0.00442800000000000
170 338 170 2 0.00441300000000000
170 338 170 2 0.00442600000000000
170 338 170 2 0.00439500000000000
170 338 170 2 0.00443200000000000
170 338 170 2 0.00443600000000000
175 348 175 2 0.00703300000000000
175 348 175 2 0.00704200000000000
175 348 175 2 0.00687800000000000
180 358 180 2 0.00376300000000000
175 348 175 2 0.00368200000000000
175 348 175 2 0.00466100000000000
175 348 175 2 0.00466900000000000
175 348 175 2 0.00462400000000000
175 348 175 2 0.00467000000000000
175 348 175 2 0.00459100000000000
180 358 180 2 0.00693300000000000
180 358 180 2 0.00703800000000000
185 368 185 2 0.00396400000000000
185 368 185 2 0.00414700000000000
185 368 185 2 0.00423000000000000
185 368 185 2 0.00416400000000000
180 358 180 2 0.00499200000000000
180 358 180 2 0.00474700000000000
180 358 180 2 0.00491200000000000
180 358 180 2 0.00494000000000000
180 358 180 2 0.00493500000000000
180 358 180 2 0.00492000000000000
180 358 180 2 0.00492400000000000
185 368 185 2 0.00504000000000000
185 368 185 2 0.00503100000000000
185 368 185 2 0.00731500000000000
185 368 185 2 0.00737200000000000
185 368 185 2 0.00738300000000000
185 368 185 2 0.00736100000000000
190 378 190 2 0.00407400000000000
190 378 190 2 0.00418500000000000
190 378 190 2 0.00397100000000000
190 378 190 2 0.00524800000000000
190 378 190 2 0.00526900000000000
190 378 190 2 0.00521600000000000
190 378 190 2 0.00525400000000000
190 378 190 2 0.00796000000000000
190 378 190 2 0.00803800000000000
190 378 190 2 0.00926100000000000
200 398 200 2 0.00470300000000000
195 388 195 2 0.00468300000000000
200 398 200 2 0.00480000000000000
200 398 200 2 0.00491000000000000
195 388 195 2 0.00574200000000000
195 388 195 2 0.00577700000000000
195 388 195 2 0.00573000000000000
195 388 195 2 0.00572100000000000
195 388 195 2 0.00575800000000000
195 388 195 2 0.00570300000000000
195 388 195 2 0.00569300000000000
195 388 195 2 0.00568700000000000
200 398 200 2 0.00593600000000000
200 398 200 2 0.00591700000000000
200 398 200 2 0.00596400000000000
195 388 195 2 0.00755500000000000
200 398 200 2 0.00884900000000000
205 408 205 2 0.00543800000000000
205 408 205 2 0.00482100000000000
205 408 205 2 0.00477000000000000
205 408 205 2 0.00490300000000000
200 398 200 2 0.00585400000000000
200 398 200 2 0.00592500000000000
200 398 200 2 0.00601100000000000
205 408 205 2 0.00494100000000000
205 408 205 2 0.00714900000000000
205 408 205 2 0.00608900000000000
205 408 205 2 0.00636200000000000
205 408 205 2 0.00621600000000000
205 408 205 2 0.00622100000000000
210 418 210 2 0.00659900000000000
210 418 210 2 0.00663900000000000
210 418 210 2 0.00673200000000000
210 418 210 2 0.00646800000000000
210 418 210 2 0.00643500000000000
210 418 210 2 0.00648100000000000
210 418 210 2 0.00651800000000000
210 418 210 2 0.00650800000000000
210 418 210 2 0.00847600000000000
215 428 215 2 0.00530900000000000
210 418 210 2 0.00529600000000000
215 428 215 2 0.00550900000000000
215 428 215 2 0.00556400000000000
215 428 215 2 0.00558400000000000
215 428 215 2 0.00675600000000000
215 428 215 2 0.00760800000000000
215 428 215 2 0.00768900000000000
215 428 215 2 0.00759400000000000
215 428 215 2 0.00663900000000000
215 428 215 2 0.00796700000000000
220 438 220 2 0.00742900000000000
220 438 220 2 0.00745700000000000
220 438 220 2 0.00747700000000000
220 438 220 2 0.00739500000000000
220 438 220 2 0.00736600000000000
220 438 220 2 0.00740500000000000
220 438 220 2 0.00696900000000000
220 438 220 2 0.00714700000000000
220 438 220 2 0.00709900000000000
225 448 225 2 0.00716300000000000
225 448 225 2 0.00717200000000000
220 438 220 2 0.00846300000000000
225 448 225 2 0.00567900000000000
225 448 225 2 0.00919800000000000
225 448 225 2 0.00920900000000000
225 448 225 2 0.00923000000000000
225 448 225 2 0.00588400000000000
230 458 230 2 0.00607100000000000
225 448 225 2 0.00722200000000000
225 448 225 2 0.00726900000000000
225 448 225 2 0.00725400000000000
230 458 230 2 0.00753700000000000
230 458 230 2 0.00757600000000000
230 458 230 2 0.00757900000000000
230 458 230 2 0.00758800000000000
230 458 230 2 0.00755700000000000
230 458 230 2 0.00876200000000000
230 458 230 2 0.00889900000000000
230 458 230 2 0.00755300000000000
235 468 235 2 0.01138100000000000
235 468 235 2 0.00627900000000000
235 468 235 2 0.00630100000000000
230 458 230 2 0.01282500000000000
235 468 235 2 0.01310700000000000
235 468 235 2 0.01309000000000000
235 468 235 2 0.01310300000000000
235 468 235 2 0.01315800000000000
235 468 235 2 0.00801200000000000
235 468 235 2 0.00785900000000000
235 468 235 2 0.00799400000000000
240 478 240 2 0.00817800000000000
240 478 240 2 0.00654800000000000
240 478 240 2 0.00822200000000000
240 478 240 2 0.00810300000000000
240 478 240 2 0.00823600000000000
240 478 240 2 0.00957300000000000
240 478 240 2 0.00957800000000000
240 478 240 2 0.00959300000000000
240 478 240 2 0.00958400000000000
245 488 245 2 0.00680800000000000
245 488 245 2 0.00694800000000000
240 478 240 2 0.01202500000000000
245 488 245 2 0.00812800000000000
245 488 245 2 0.01129500000000000
245 488 245 2 0.00844100000000000
245 488 245 2 0.00865800000000000
250 498 250 2 0.00729300000000000
250 498 250 2 0.00733200000000000
245 488 245 2 0.01235400000000000
245 488 245 2 0.01246500000000000
245 488 245 2 0.01246100000000000
245 488 245 2 0.00872900000000000
250 498 250 2 0.00917500000000000
250 498 250 2 0.00919500000000000
250 498 250 2 0.00922000000000000
250 498 250 2 0.00921000000000000
250 498 250 2 0.00918900000000000
250 498 250 2 0.00923300000000000
250 498 250 2 0.00911200000000000
250 498 250 2 0.00923200000000000
260 518 260 2 0.00966100000000000
260 518 260 2 0.00982000000000000
260 518 260 2 0.01146900000000000
260 518 260 2 0.01001300000000000
260 518 260 2 0.00997100000000000
260 518 260 2 0.01004400000000000
260 518 260 2 0.01007300000000000
270 538 270 2 0.01136800000000000
270 538 270 2 0.01146600000000000
260 518 260 2 0.01204100000000000
260 518 260 2 0.01203200000000000
260 518 260 2 0.01565900000000000
270 538 270 2 0.01224000000000000
270 538 270 2 0.01223800000000000
270 538 270 2 0.01225600000000000
270 538 270 2 0.01221500000000000
270 538 270 2 0.01229000000000000
270 538 270 2 0.01222300000000000
270 538 270 2 0.01213500000000000
270 538 270 2 0.01204100000000000
280 558 280 2 0.01230900000000000
280 558 280 2 0.01375300000000000
280 558 280 2 0.01374800000000000
280 558 280 2 0.01382000000000000
280 558 280 2 0.01313400000000000
280 558 280 2 0.01341400000000000
280 558 280 2 0.01338700000000000
280 558 280 2 0.01263600000000000
280 558 280 2 0.01055800000000000
280 558 280 2 0.01076900000000000
290 578 290 2 0.01133700000000000
290 578 290 2 0.01143600000000000
290 578 290 2 0.02138300000000000
300 598 300 2 0.01229000000000000
290 578 290 2 0.01416400000000000
290 578 290 2 0.01420400000000000
290 578 290 2 0.01412800000000000
290 578 290 2 0.01419500000000000
290 578 290 2 0.01421000000000000
290 578 290 2 0.01427600000000000
290 578 290 2 0.01419600000000000
310 618 310 2 0.01280400000000000
310 618 310 2 0.01260800000000000
310 618 310 2 0.01258100000000000
310 618 310 2 0.01262100000000000
300 598 300 2 0.01541500000000000
300 598 300 2 0.01522900000000000
300 598 300 2 0.01569300000000000
300 598 300 2 0.01842700000000000
300 598 300 2 0.01836000000000000
300 598 300 2 0.01792100000000000
300 598 300 2 0.01797700000000000
300 598 300 2 0.01771700000000000
300 598 300 2 0.01777300000000000
310 618 310 2 0.01842200000000000
310 618 310 2 0.01552400000000000
310 618 310 2 0.01553700000000000
320 638 320 2 0.01629900000000000
320 638 320 2 0.01646600000000000
320 638 320 2 0.01650100000000000
320 638 320 2 0.01633300000000000
310 618 310 2 0.01873900000000000
320 638 320 2 0.01335900000000000
310 618 310 2 0.01884000000000000
310 618 310 2 0.01907500000000000
330 658 330 2 0.01509400000000000
320 638 320 2 0.01991800000000000
320 638 320 2 0.02005300000000000
320 638 320 2 0.02008900000000000
330 658 330 2 0.01493300000000000
330 658 330 2 0.01492700000000000
330 658 330 2 0.01496500000000000
320 638 320 2 0.02004500000000000
330 658 330 2 0.01470300000000000
320 638 320 2 0.01731800000000000
330 658 330 2 0.01889400000000000
330 658 330 2 0.01886200000000000
330 658 330 2 0.01879600000000000
330 658 330 2 0.01854700000000000
330 658 330 2 0.01487300000000000
340 678 340 2 0.01543200000000000
340 678 340 2 0.01587600000000000
340 678 340 2 0.01563500000000000
340 678 340 2 0.01579000000000000
340 678 340 2 0.01577600000000000
340 678 340 2 0.01563800000000000
340 678 340 2 0.01561800000000000
340 678 340 2 0.01937300000000000
350 698 350 2 0.01659500000000000
350 698 350 2 0.01654900000000000
350 698 350 2 0.01650700000000000
350 698 350 2 0.01658700000000000
340 678 340 2 0.01973600000000000
340 678 340 2 0.01950300000000000
350 698 350 2 0.02060500000000000
350 698 350 2 0.02061400000000000
350 698 350 2 0.02079800000000000
350 698 350 2 0.02047700000000000
350 698 350 2 0.02057500000000000
360 718 360 2 0.01724700000000000
350 698 350 2 0.02060000000000000
360 718 360 2 0.02177500000000000
360 718 360 2 0.02190600000000000
360 718 360 2 0.02178800000000000
360 718 360 2 0.01743300000000000
360 718 360 2 0.01726300000000000
360 718 360 2 0.01747400000000000
360 718 360 2 0.01722300000000000
360 718 360 2 0.01742300000000000
360 718 360 2 0.01725700000000000
370 738 370 2 0.01880300000000000
370 738 370 2 0.01886100000000000
370 738 370 2 0.01883800000000000
370 738 370 2 0.01881600000000000
370 738 370 2 0.01888100000000000
370 738 370 2 0.02350300000000000
370 738 370 2 0.02351300000000000
370 738 370 2 0.02358900000000000
380 758 380 2 0.01992500000000000
370 738 370 2 0.02356100000000000
370 738 370 2 0.02350900000000000
380 758 380 2 0.02500700000000000
380 758 380 2 0.02510300000000000
380 758 380 2 0.02000200000000000
380 758 380 2 0.02501200000000000
380 758 380 2 0.01985000000000000
380 758 380 2 0.02509400000000000
390 778 390 2 0.02076000000000000
380 758 380 2 0.02509400000000000
390 778 390 2 0.02082700000000000
390 778 390 2 0.02073400000000000
390 778 390 2 0.02070600000000000
380 758 380 2 0.02510200000000000
380 758 380 2 0.02508300000000000
390 778 390 2 0.02071300000000000
390 778 390 2 0.02079100000000000
390 778 390 2 0.02081900000000000
390 778 390 2 0.02080300000000000
390 778 390 2 0.02076700000000000
400 798 400 2 0.02200600000000000
390 778 390 2 0.02591200000000000
400 798 400 2 0.02757600000000000
400 798 400 2 0.02195400000000000
400 798 400 2 0.02757800000000000
400 798 400 2 0.02184800000000000
400 798 400 2 0.02753200000000000
400 798 400 2 0.02754100000000000
400 798 400 2 0.02756900000000000
410 818 410 2 0.02346400000000000
400 798 400 2 0.02735100000000000
400 798 400 2 0.02752400000000000
410 818 410 2 0.02373500000000000
410 818 410 2 0.02373000000000000
410 818 410 2 0.02382100000000000
410 818 410 2 0.02335400000000000
410 818 410 2 0.02942700000000000
410 818 410 2 0.02348000000000000
410 818 410 2 0.02976100000000000
410 818 410 2 0.02948500000000000
410 818 410 2 0.02950900000000000
420 838 420 2 0.02493100000000000
420 838 420 2 0.02452700000000000
420 838 420 2 0.02495500000000000
420 838 420 2 0.02492800000000000
420 838 420 2 0.02499700000000000
420 838 420 2 0.02452900000000000
420 838 420 2 0.03116200000000000
430 858 430 2 0.02577300000000000
420 838 420 2 0.03126100000000000
420 838 420 2 0.03123600000000000
430 858 430 2 0.02575300000000000
430 858 430 2 0.02569200000000000
430 858 430 2 0.02572700000000000
420 838 420 2 0.03119900000000000
430 858 430 2 0.02581500000000000
430 858 430 2 0.03234900000000000
430 858 430 2 0.03226800000000000
430 858 430 2 0.03245700000000000
430 858 430 2 0.03225000000000000
440 878 440 2 0.02726700000000000
440 878 440 2 0.02721600000000000
440 878 440 2 0.02723300000000000
440 878 440 2 0.02724600000000000
430 858 430 2 0.03246000000000000
440 878 440 2 0.03387500000000000
440 878 440 2 0.03419800000000000
440 878 440 2 0.03412600000000000
440 878 440 2 0.02732200000000000
440 878 440 2 0.02730900000000000
440 878 440 2 0.02700200000000000
450 898 450 2 0.02860400000000000
450 898 450 2 0.02882700000000000
450 898 450 2 0.02872800000000000
450 898 450 2 0.02865900000000000
450 898 450 2 0.02869100000000000
450 898 450 2 0.03583600000000000
450 898 450 2 0.03590600000000000
450 898 450 2 0.03605900000000000
460 918 460 2 0.03032000000000000
450 898 450 2 0.03571200000000000
460 918 460 2 0.03006500000000000
450 898 450 2 0.03572700000000000
460 918 460 2 0.03002100000000000
460 918 460 2 0.03037300000000000
460 918 460 2 0.03809300000000000
460 918 460 2 0.03775700000000000
460 918 460 2 0.03802800000000000
460 918 460 2 0.03764700000000000
470 938 470 2 0.03188800000000000
470 938 470 2 0.03181800000000000
460 918 460 2 0.03809100000000000
460 918 460 2 0.03797100000000000
470 938 470 2 0.03180500000000000
470 938 470 2 0.03986800000000000
470 938 470 2 0.03190800000000000
470 938 470 2 0.03190800000000000
470 938 470 2 0.03189900000000000
470 938 470 2 0.03188400000000000
470 938 470 2 0.03195200000000000
480 958 480 2 0.03282600000000000
480 958 480 2 0.03284200000000000
480 958 480 2 0.03259000000000000
480 958 480 2 0.03285900000000000
470 938 470 2 0.03991700000000000
480 958 480 2 0.04119700000000000
480 958 480 2 0.04113400000000000
480 958 480 2 0.04120200000000000
480 958 480 2 0.04124000000000000
490 978 490 2 0.03466400000000000
480 958 480 2 0.04122100000000000
480 958 480 2 0.04116800000000000
490 978 490 2 0.03473100000000000
490 978 490 2 0.04346200000000000
490 978 490 2 0.03455400000000000
490 978 490 2 0.04339100000000000
490 978 490 2 0.03468000000000000
490 978 490 2 0.03468200000000000
490 978 490 2 0.04352200000000000
490 978 490 2 0.04347100000000000
500 998 500 2 0.03670900000000000
500 998 500 2 0.03661800000000000
490 978 490 2 0.04346400000000000
500 998 500 2 0.03660300000000000
500 998 500 2 0.03670800000000000
500 998 500 2 0.03650000000000000
500 998 500 2 0.03677300000000000
500 998 500 2 0.03673400000000000
500 998 500 2 0.04584000000000000
500 998 500 2 0.04598500000000000
500 998 500 2 0.04565900000000000
525 1048 525 2 0.04298000000000000
525 1048 525 2 0.04325100000000000
525 1048 525 2 0.04306100000000000
525 1048 525 2 0.05412400000000000
525 1048 525 2 0.05420800000000000
525 1048 525 2 0.04296300000000000
525 1048 525 2 0.05376100000000000
525 1048 525 2 0.05413300000000000
525 1048 525 2 0.05407000000000000
525 1048 525 2 0.05410000000000000
550 1098 550 2 0.05444000000000000
550 1098 550 2 0.05436700000000000
550 1098 550 2 0.05438400000000000
550 1098 550 2 0.05431300000000000
550 1098 550 2 0.05439200000000000
550 1098 550 2 0.06459100000000000
550 1098 550 2 0.06438600000000000
550 1098 550 2 0.06403100000000000
550 1098 550 2 0.05456100000000000
550 1098 550 2 0.05454900000000000
575 1148 575 2 0.06002400000000000
575 1148 575 2 0.06538200000000000
575 1148 575 2 0.05990400000000000
575 1148 575 2 0.06468400000000001
575 1148 575 2 0.06431199999999999
575 1148 575 2 0.06002600000000000
575 1148 575 2 0.05990000000000000
575 1148 575 2 0.06246900000000000
575 1148 575 2 0.06215000000000000
575 1148 575 2 0.05998300000000000
600 1198 600 2 0.06706900000000000
600 1198 600 2 0.06690699999999999
600 1198 600 2 0.06620500000000000
600 1198 600 2 0.06283999999999999
600 1198 600 2 0.06277900000000000
600 1198 600 2 0.06271400000000001
600 1198 600 2 0.06285399999999999
600 1198 600 2 0.06276500000000000
600 1198 600 2 0.06291300000000000
600 1198 600 2 0.06308500000000000
625 1248 625 2 0.06782800000000000
625 1248 625 2 0.06825800000000000
625 1248 625 2 0.06817900000000000
625 1248 625 2 0.06818299999999999
625 1248 625 2 0.06826699999999999
625 1248 625 2 0.06772599999999999
625 1248 625 2 0.06838200000000000
625 1248 625 2 0.06777200000000000
625 1248 625 2 0.06800500000000000
625 1248 625 2 0.06832900000000000
650 1298 650 2 0.07371600000000000
650 1298 650 2 0.07388900000000000
650 1298 650 2 0.07394600000000000
650 1298 650 2 0.07383400000000000
650 1298 650 2 0.07381600000000001
650 1298 650 2 0.07414000000000000
650 1298 650 2 0.07380700000000000
650 1298 650 2 0.07408400000000000
650 1298 650 2 0.07397900000000000
650 1298 650 2 0.07393200000000000
675 1348 675 2 0.07981600000000000
675 1348 675 2 0.07974000000000001
675 1348 675 2 0.07995800000000000
675 1348 675 2 0.07994700000000000
675 1348 675 2 0.08007599999999999
675 1348 675 2 0.07977900000000000
675 1348 675 2 0.07981800000000000
675 1348 675 2 0.07985700000000000
675 1348 675 2 0.07994800000000001
675 1348 675 2 0.07985200000000001
700 1398 700 2 0.08538800000000001
700 1398 700 2 0.08637200000000000
700 1398 700 2 0.08617100000000000
700 1398 700 2 0.08611600000000000
700 1398 700 2 0.08662499999999999
700 1398 700 2 0.08536400000000000
700 1398 700 2 0.08570800000000001
700 1398 700 2 0.08594700000000000
700 1398 700 2 0.08599000000000000
700 1398 700 2 0.08613999999999999
725 1448 725 2 0.09352500000000000
725 1448 725 2 0.09383600000000000
725 1448 725 2 0.09313399999999999
725 1448 725 2 0.09332799999999999
725 1448 725 2 0.09415600000000000
725 1448 725 2 0.09386899999999999
725 1448 725 2 0.09375600000000001
725 1448 725 2 0.09412200000000000
725 1448 725 2 0.09364900000000000
725 1448 725 2 0.09414900000000000
750 1498 750 2 0.10023500000000000
750 1498 750 2 0.10048799999999999
750 1498 750 2 0.10365600000000000
750 1498 750 2 0.10337000000000000
750 1498 750 2 0.10390099999999999
750 1498 750 2 0.10357500000000000
750 1498 750 2 0.10358400000000000
750 1498 750 2 0.10364500000000000
750 1498 750 2 0.10348800000000000
750 1498 750 2 0.10402400000000001
800 1598 800 2 0.11828900000000001
800 1598 800 2 0.11776000000000000
800 1598 800 2 0.11815900000000000
800 1598 800 2 0.11860000000000000
800 1598 800 2 0.11781999999999999
800 1598 800 2 0.11856100000000000
800 1598 800 2 0.11819200000000001
800 1598 800 2 0.11854800000000000
800 1598 800 2 0.11792900000000001
800 1598 800 2 0.11839600000000000
850 1698 850 2 0.13522000000000001
850 1698 850 2 0.13508300000000001
850 1698 850 2 0.13500699999999999
850 1698 850 2 0.13494300000000001
850 1698 850 2 0.13503499999999999
850 1698 850 2 0.13486300000000001
850 1698 850 2 0.13217799999999999
850 1698 850 2 0.13181899999999999
850 1698 850 2 0.13222800000000001
850 1698 850 2 0.13247100000000001
900 1798 900 2 0.14717000000000000
900 1798 900 2 0.14849999999999999
900 1798 900 2 0.14901800000000001
900 1798 900 2 0.14800600000000000
900 1798 900 2 0.14775400000000000
900 1798 900 2 0.14838799999999999
900 1798 900 2 0.14808199999999999
900 1798 900 2 0.14751600000000001
900 1798 900 2 0.14832100000000001
900 1798 900 2 0.14803100000000000
950 1898 950 2 0.16705800000000001
950 1898 950 2 0.16745900000000000
950 1898 950 2 0.16769700000000001
950 1898 950 2 0.16689899999999999
950 1898 950 2 0.17008699999999999
950 1898 950 2 0.17096500000000001
950 1898 950 2 0.17039599999999999
950 1898 950 2 0.17007500000000000
950 1898 950 2 0.17047200000000001
950 1898 950 2 0.17058699999999999
1000 1998 1000 2 0.19004099999999999
1000 1998 1000 2 0.18987799999999999
1000 1998 1000 2 0.18959100000000001
1000 1998 1000 2 0.19004299999999999
1000 1998 1000 2 0.19040199999999999
1000 1998 1000 2 0.18914600000000001
1000 1998 1000 2 0.19064900000000001
1000 1998 1000 2 0.18998399999999999
1000 1998 1000 2 0.18952100000000000
1000 1998 1000 2 0.19114700000000001
1100 2198 1100 2 0.26656000000000002
1100 2198 1100 2 0.26664300000000002
1100 2198 1100 2 0.26671400000000001
1100 2198 1100 2 0.26654800000000001
1100 2198 1100 2 0.26567400000000002
1100 2198 1100 2 0.26686700000000002
1100 2198 1100 2 0.26663199999999998
1100 2198 1100 2 0.26626100000000003
1100 2198 1100 2 0.26606000000000002
1100 2198 1100 2 0.26782499999999998
1200 2398 1200 2 0.31951700000000000
1200 2398 1200 2 0.32208300000000001
1200 2398 1200 2 0.31975500000000001
1200 2398 1200 2 0.31885000000000002
1200 2398 1200 2 0.32075199999999998
1200 2398 1200 2 0.31973099999999999
1200 2398 1200 2 0.31908999999999998
1200 2398 1200 2 0.32082200000000000
1200 2398 1200 2 0.32030999999999998
1200 2398 1200 2 0.32210499999999997
1300 2598 1300 2 0.38157300000000000
1300 2598 1300 2 0.38020199999999998
1300 2598 1300 2 0.37884000000000001
1300 2598 1300 2 0.38261000000000001
1300 2598 1300 2 0.38317299999999999
1300 2598 1300 2 0.38410699999999998
1300 2598 1300 2 0.38345899999999999
1300 2598 1300 2 0.38258500000000001
1300 2598 1300 2 0.38135700000000000
1300 2598 1300 2 0.38287399999999999
1400 2798 1400 2 0.44614500000000001
1400 2798 1400 2 0.44861499999999999
1400 2798 1400 2 0.44551099999999999
1400 2798 1400 2 0.44790900000000000
1400 2798 1400 2 0.44614500000000001
1400 2798 1400 2 0.44796599999999998
1400 2798 1400 2 0.44512699999999999
1400 2798 1400 2 0.44551099999999999
1400 2798 1400 2 0.44894699999999998
1400 2798 1400 2 0.46059000000000000
1500 2998 1500 2 0.52837400000000001
1500 2998 1500 2 0.53935200000000005
1500 2998 1500 2 0.52446700000000002
1500 2998 1500 2 0.52654699999999999
1500 2998 1500 2 0.52741400000000005
1500 2998 1500 2 0.52501600000000004
1500 2998 1500 2 0.52652299999999996
1500 2998 1500 2 0.52833300000000005
1500 2998 1500 2 0.52521499999999999
1500 2998 1500 2 0.55435100000000004
1600 3198 1600 2 0.62058899999999995
1600 3198 1600 2 0.61808799999999997
1600 3198 1600 2 0.61896099999999998
1600 3198 1600 2 0.61840300000000004
1600 3198 1600 2 0.61924199999999996
1600 3198 1600 2 0.61797000000000002
1600 3198 1600 2 0.62281500000000001
1600 3198 1600 2 0.62395699999999998
1600 3198 1600 2 0.62351699999999999
1600 3198 1600 2 0.61947700000000006
1700 3398 1700 2 0.71695500000000001
1700 3398 1700 2 0.72004500000000005
1700 3398 1700 2 0.71781700000000004
1700 3398 1700 2 0.72060100000000005
1700 3398 1700 2 0.72384400000000004
1700 3398 1700 2 0.72158599999999995
1700 3398 1700 2 0.72549399999999997
1700 3398 1700 2 0.72312799999999999
1700 3398 1700 2 0.72383600000000003
1700 3398 1700 2 0.72142200000000001
1800 3598 1800 2 0.82447499999999996
1800 3598 1800 2 0.82519900000000002
1800 3598 1800 2 0.82719100000000001
1800 3598 1800 2 0.82513199999999998
1800 3598 1800 2 0.82198499999999997
1800 3598 1800 2 0.82151500000000000
1800 3598 1800 2 0.82221599999999995
1800 3598 1800 2 0.82295600000000002
1800 3598 1800 2 0.82335400000000003
1800 3598 1800 2 0.82758500000000002
1900 3798 1900 2 0.93748900000000002
1900 3798 1900 2 0.93906599999999996
1900 3798 1900 2 0.93591700000000000
1900 3798 1900 2 0.93859199999999998
1900 3798 1900 2 0.94077699999999997
1900 3798 1900 2 0.93978300000000004
1900 3798 1900 2 0.94145000000000001
1900 3798 1900 2 0.97216599999999997
1900 3798 1900 2 0.93736600000000003
1900 3798 1900 2 0.93951200000000001
2000 3998 2000 2 1.06322500000000009
2000 3998 2000 2 1.11773199999999995
2000 3998 2000 2 1.06658000000000008
2000 3998 2000 2 1.06449199999999999
2000 3998 2000 2 1.06479300000000010
2000 3998 2000 2 1.06509300000000007
2000 3998 2000 2 1.06367900000000004
2000 3998 2000 2 1.06409599999999993
2000 3998 2000 2 1.06570699999999996
2000 3998 2000 2 1.06446499999999999
2250 4498 2250 2 1.54702300000000004
2250 4498 2250 2 1.54710299999999989
2250 4498 2250 2 1.54510400000000003
2250 4498 2250 2 1.55086600000000008
2250 4498 2250 2 1.54613500000000004
2250 4498 2250 2 1.55485500000000010
2250 4498 2250 2 1.54756000000000005
2250 4498 2250 2 1.54975200000000002
2250 4498 2250 2 1.54459900000000006
2250 4498 2250 2 1.54661200000000010
2500 4998 2500 2 1.96514499999999992
2500 4998 2500 2 1.96966899999999989
2500 4998 2500 2 1.96307699999999996
2500 4998 2500 2 1.96503000000000005
2500 4998 2500 2 1.97000599999999992
2500 4998 2500 2 1.96697400000000000
2500 4998 2500 2 1.97115799999999997
2500 4998 2500 2 2.02827400000000013
2500 4998 2500 2 1.97003700000000004
2500 4998 2500 2 1.97442300000000004
2750 5498 2750 2 2.42239599999999999
2750 5498 2750 2 2.42821800000000021
2750 5498 2750 2 2.43414900000000012
2750 5498 2750 2 2.45005499999999987
2750 5498 2750 2 2.41121900000000000
2750 5498 2750 2 2.44770600000000016
2750 5498 2750 2 2.44443700000000019
2750 5498 2750 2 2.44225300000000001
2750 5498 2750 2 2.44183400000000006
2750 5498 2750 2 2.45252699999999990
3000 5998 3000 2 2.95677499999999993
3000 5998 3000 2 2.98119200000000006
3000 5998 3000 2 2.96472900000000017
3000 5998 3000 2 2.98950499999999986
3000 5998 3000 2 2.97465299999999999
3000 5998 3000 2 2.95862500000000006
3000 5998 3000 2 2.96769799999999995
3000 5998 3000 2 2.97197900000000015
3000 5998 3000 2 2.96117199999999992
3000 5998 3000 2 2.96770999999999985
