Nodos Aristas Frontera |CMF| Segundos
19 33 19 4 0.00004200000000000
18 32 19 4 0.00003700000000000
19 33 19 4 0.00002400000000000
18 32 19 4 0.00005300000000000
19 33 19 4 0.00002400000000000
18 32 19 4 0.00003300000000000
19 33 19 4 0.00002300000000000
18 32 19 4 0.00004800000000000
17 31 18 4 0.00003300000000000
19 33 19 4 0.00041600000000000
17 31 18 4 0.00003700000000000
17 31 18 4 0.00003700000000000
19 33 19 4 0.00003000000000000
19 33 19 4 0.00026900000000000
17 31 18 4 0.00003100000000000
20 34 20 4 0.00003600000000000
18 32 19 4 0.00003200000000000
18 32 19 4 0.00003800000000000
17 31 18 4 0.00025200000000000
18 32 19 4 0.00006400000000000
17 31 18 4 0.00005300000000000
21 46 27 5 0.00002900000000000
20 34 20 4 0.00003100000000000
20 34 20 4 0.00003100000000000
18 32 19 4 0.00003700000000000
17 31 18 4 0.00178200000000000
19 33 19 4 0.00003000000000000
21 46 27 5 0.00003100000000000
19 33 19 4 0.00003000000000000
20 34 20 4 0.00003700000000000
21 46 27 5 0.00002900000000000
20 34 20 4 0.00003600000000000
22 47 28 5 0.00003000000000000
20 34 20 4 0.00003600000000000
17 31 18 4 0.00003400000000000
21 46 27 5 0.00003600000000000
21 46 27 5 0.00003600000000000
22 47 28 5 0.00004100000000000
17 31 18 4 0.00003000000000000
21 46 27 5 0.00003700000000000
22 47 28 5 0.00003700000000000
20 34 20 4 0.00003000000000000
22 47 28 5 0.00003800000000000
19 33 19 4 0.00071100000000000
21 46 27 5 0.00003800000000000
22 47 28 5 0.00003300000000000
23 48 28 5 0.00003900000000000
22 47 28 5 0.00002900000000000
20 34 20 4 0.00003700000000000
21 46 27 5 0.00003900000000000
21 46 27 5 0.00003800000000000
23 48 28 5 0.00003800000000000
22 47 28 5 0.00003700000000000
24 49 29 5 0.00004100000000000
24 49 29 5 0.00005300000000000
23 48 28 5 0.00003800000000000
24 49 29 5 0.00005300000000000
24 49 29 5 0.00003700000000000
22 47 28 5 0.00003000000000000
23 48 28 5 0.00003200000000000
23 48 28 5 0.00003900000000000
24 49 29 5 0.00003100000000000
23 48 28 5 0.00003900000000000
20 34 20 4 0.00003000000000000
24 49 29 5 0.00003900000000000
25 64 38 6 0.00004000000000000
25 64 38 6 0.00004400000000000
24 49 29 5 0.00005100000000000
25 64 38 6 0.00003500000000000
22 47 28 5 0.00003800000000000
25 64 38 6 0.00003500000000000
25 64 38 6 0.00004400000000000
25 64 38 6 0.00004000000000000
18 32 19 4 0.00003700000000000
26 65 39 6 0.00003600000000000
18 32 19 4 0.00003400000000000
23 48 28 5 0.00003200000000000
26 65 39 6 0.00004900000000000
21 46 27 5 0.00003800000000000
24 49 29 5 0.00005000000000000
26 65 39 6 0.00004100000000000
26 65 39 6 0.00005600000000000
26 65 39 6 0.00004500000000000
26 65 39 6 0.00004100000000000
23 48 28 5 0.00004000000000000
20 34 20 4 0.00003700000000000
25 64 38 6 0.00003500000000000
26 65 39 6 0.00004600000000000
27 66 39 6 0.00004700000000000
26 65 39 6 0.00003700000000000
23 48 28 5 0.00003900000000000
27 66 39 6 0.00003700000000000
23 48 28 5 0.00004000000000000
27 66 39 6 0.00003900000000000
27 66 39 6 0.00004700000000000
28 67 40 6 0.00004000000000000
24 49 29 5 0.00005300000000000
25 64 38 6 0.00004100000000000
26 65 39 6 0.00004600000000000
27 66 39 6 0.00003700000000000
27 66 39 6 0.00004900000000000
28 67 40 6 0.00003900000000000
28 67 40 6 0.00005000000000000
27 66 39 6 0.00004700000000000
28 67 40 6 0.00004900000000000
28 67 40 6 0.00004600000000000
28 67 40 6 0.00005000000000000
27 66 39 6 0.00004700000000000
17 31 18 4 0.00003900000000000
29 85 51 7 0.00005400000000000
28 67 40 6 0.00004900000000000
27 66 39 6 0.00004800000000000
29 85 51 7 0.00005000000000000
28 67 40 6 0.00004900000000000
25 64 38 6 0.00005900000000000
29 85 51 7 0.00006200000000000
28 67 40 6 0.00004000000000000
22 47 28 5 0.00003800000000000
30 86 52 7 0.00004700000000000
26 65 39 6 0.00004700000000000
24 49 29 5 0.00005300000000000
29 85 51 7 0.00006600000000000
25 64 38 6 0.00005600000000000
29 85 51 7 0.00005600000000000
29 85 51 7 0.00006100000000000
29 85 51 7 0.00005000000000000
30 86 52 7 0.00005900000000000
31 87 52 7 0.00004700000000000
30 86 52 7 0.00006000000000000
31 87 52 7 0.00006100000000000
30 86 52 7 0.00005300000000000
30 86 52 7 0.00006200000000000
31 87 52 7 0.00004900000000000
30 86 52 7 0.00005800000000000
29 85 51 7 0.00006500000000000
32 88 53 7 0.00006100000000000
31 87 52 7 0.00004700000000000
27 66 39 6 0.00004800000000000
31 87 52 7 0.00005900000000000
32 88 53 7 0.00004900000000000
30 86 52 7 0.00005800000000000
31 87 52 7 0.00006000000000000
32 88 53 7 0.00004900000000000
32 88 53 7 0.00005900000000000
32 88 53 7 0.00005400000000000
32 88 53 7 0.00005700000000000
31 87 52 7 0.00004700000000000
30 86 52 7 0.00005800000000000
33 109 66 8 0.00006300000000000
33 109 66 8 0.00007900000000000
33 109 66 8 0.00005900000000000
32 88 53 7 0.00005700000000000
33 109 66 8 0.00008900000000000
30 86 52 7 0.00005800000000000
28 67 40 6 0.00003900000000000
33 109 66 8 0.00007400000000000
34 110 67 8 0.00005700000000000
33 109 66 8 0.00008200000000000
31 87 52 7 0.00006000000000000
34 110 67 8 0.00005800000000000
34 110 67 8 0.00007300000000000
33 109 66 8 0.00006200000000000
32 88 53 7 0.00005600000000000
33 109 66 8 0.00006200000000000
32 88 53 7 0.00006500000000000
34 110 67 8 0.00005800000000000
35 111 67 8 0.00006300000000000
34 110 67 8 0.00005800000000000
30 86 52 7 0.00005800000000000
33 109 66 8 0.00008000000000000
29 85 51 7 0.00006100000000000
35 111 67 8 0.00006000000000000
35 111 67 8 0.00006000000000000
35 111 67 8 0.00006100000000000
34 110 67 8 0.00007200000000000
31 87 52 7 0.00006000000000000
35 111 67 8 0.00005900000000000
36 112 68 8 0.00006200000000000
34 110 67 8 0.00007100000000000
35 111 67 8 0.00007500000000000
35 111 67 8 0.00007600000000000
35 111 67 8 0.00007500000000000
31 87 52 7 0.00006000000000000
36 112 68 8 0.00006400000000000
34 110 67 8 0.00007200000000000
36 112 68 8 0.00006600000000000
36 112 68 8 0.00006200000000000
36 112 68 8 0.00007800000000000
29 85 51 7 0.00006300000000000
33 109 66 8 0.00008000000000000
32 88 53 7 0.00005900000000000
37 136 83 9 0.00008000000000000
36 112 68 8 0.00007900000000000
36 112 68 8 0.00006200000000000
36 112 68 8 0.00008100000000000
37 136 83 9 0.00007900000000000
38 137 84 9 0.00007700000000000
35 111 67 8 0.00007500000000000
36 112 68 8 0.00008300000000000
37 136 83 9 0.00010400000000000
37 136 83 9 0.00008500000000000
37 136 83 9 0.00008300000000000
37 136 83 9 0.00010900000000000
38 137 84 9 0.00007700000000000
38 137 84 9 0.00009700000000000
38 137 84 9 0.00010000000000000
38 137 84 9 0.00007600000000000
38 137 84 9 0.00007700000000000
39 138 84 9 0.00007700000000000
37 136 83 9 0.00010300000000000
38 137 84 9 0.00009700000000000
37 136 83 9 0.00010500000000000
38 137 84 9 0.00009500000000000
39 138 84 9 0.00007700000000000
38 137 84 9 0.00009700000000000
39 138 84 9 0.00008000000000000
37 136 83 9 0.00009900000000000
34 110 67 8 0.00007200000000000
37 136 83 9 0.00011200000000000
35 111 67 8 0.00007700000000000
39 138 84 9 0.00009600000000000
40 139 85 9 0.00008500000000000
40 139 85 9 0.00010600000000000
40 139 85 9 0.00008600000000000
40 139 85 9 0.00010600000000000
36 112 68 8 0.00007800000000000
40 139 85 9 0.00008300000000000
39 138 84 9 0.00009700000000000
39 138 84 9 0.00009700000000000
39 138 84 9 0.00010200000000000
38 137 84 9 0.00010200000000000
39 138 84 9 0.00008100000000000
41 166 102 10 0.00011000000000000
41 166 102 10 0.00008700000000000
40 139 85 9 0.00010700000000000
40 139 85 9 0.00008600000000000
41 166 102 10 0.00011000000000000
41 166 102 10 0.00010900000000000
42 167 103 10 0.00009800000000000
41 166 102 10 0.00010900000000000
34 110 67 8 0.00007200000000000
41 166 102 10 0.00011000000000000
40 139 85 9 0.00009000000000000
40 139 85 9 0.00011000000000000
42 167 103 10 0.00009100000000000
41 166 102 10 0.00011000000000000
42 167 103 10 0.00011400000000000
42 167 103 10 0.00011400000000000
42 167 103 10 0.00009100000000000
39 138 84 9 0.00010100000000000
39 138 84 9 0.00009600000000000
43 168 103 10 0.00009500000000000
42 167 103 10 0.00009100000000000
43 168 103 10 0.00011300000000000
42 167 103 10 0.00011300000000000
41 166 102 10 0.00011000000000000
43 168 103 10 0.00009300000000000
43 168 103 10 0.00011300000000000
43 168 103 10 0.00011500000000000
41 166 102 10 0.00008700000000000
44 169 104 10 0.00011000000000000
43 168 103 10 0.00009000000000000
44 169 104 10 0.00010100000000000
44 169 104 10 0.00013000000000000
43 168 103 10 0.00011400000000000
44 169 104 10 0.00009700000000000
43 168 103 10 0.00011300000000000
43 168 103 10 0.00011500000000000
45 199 123 11 0.00010400000000000
44 169 104 10 0.00013000000000000
44 169 104 10 0.00012500000000000
45 199 123 11 0.00012900000000000
43 168 103 10 0.00011300000000000
44 169 104 10 0.00013100000000000
45 199 123 11 0.00013500000000000
45 199 123 11 0.00010800000000000
42 167 103 10 0.00011400000000000
45 199 123 11 0.00010300000000000
45 199 123 11 0.00010600000000000
42 167 103 10 0.00011400000000000
45 199 123 11 0.00012900000000000
40 139 85 9 0.00010900000000000
45 199 123 11 0.00010800000000000
46 200 124 11 0.00010900000000000
44 169 104 10 0.00012200000000000
45 199 123 11 0.00010300000000000
45 199 123 11 0.00012900000000000
46 200 124 11 0.00013300000000000
46 200 124 11 0.00013300000000000
46 200 124 11 0.00013300000000000
47 201 124 11 0.00010800000000000
47 201 124 11 0.00010800000000000
46 200 124 11 0.00011000000000000
46 200 124 11 0.00013300000000000
46 200 124 11 0.00013300000000000
46 200 124 11 0.00013300000000000
42 167 103 10 0.00011400000000000
41 166 102 10 0.00010900000000000
47 201 124 11 0.00013600000000000
47 201 124 11 0.00011000000000000
44 169 104 10 0.00012800000000000
47 201 124 11 0.00010900000000000
47 201 124 11 0.00010900000000000
47 201 124 11 0.00013600000000000
47 201 124 11 0.00013600000000000
46 200 124 11 0.00013300000000000
47 201 124 11 0.00013600000000000
44 169 104 10 0.00013500000000000
48 202 125 11 0.00014600000000000
47 201 124 11 0.00013600000000000
48 202 125 11 0.00011600000000000
48 202 125 11 0.00011800000000000
48 202 125 11 0.00014600000000000
48 202 125 11 0.00012500000000000
48 202 125 11 0.00014400000000000
49 235 146 12 0.00012700000000000
48 202 125 11 0.00014300000000000
48 202 125 11 0.00014300000000000
48 202 125 11 0.00014500000000000
46 200 124 11 0.00013200000000000
48 202 125 11 0.00014200000000000
49 235 146 12 0.00016500000000000
49 235 146 12 0.00012700000000000
49 235 146 12 0.00013600000000000
49 235 146 12 0.00016700000000000
49 235 146 12 0.00016100000000000
49 235 146 12 0.00015900000000000
49 235 146 12 0.00015800000000000
49 235 146 12 0.00016200000000000
50 236 147 12 0.00016600000000000
50 236 147 12 0.00016100000000000
49 235 146 12 0.00016600000000000
50 236 147 12 0.00012900000000000
50 236 147 12 0.00016000000000000
50 236 147 12 0.00013400000000000
50 236 147 12 0.00013300000000000
50 236 147 12 0.00016100000000000
50 236 147 12 0.00013500000000000
50 236 147 12 0.00016100000000000
55 276 172 13 0.00019700000000000
55 276 172 13 0.00020300000000000
55 276 172 13 0.00019900000000000
50 236 147 12 0.00016800000000000
55 276 172 13 0.00015700000000000
55 276 172 13 0.00020000000000000
55 276 172 13 0.00015600000000000
55 276 172 13 0.00020500000000000
55 276 172 13 0.00020100000000000
55 276 172 13 0.00019300000000000
55 276 172 13 0.00020400000000000
60 319 200 14 0.00018300000000000
60 319 200 14 0.00018200000000000
60 319 200 14 0.00022800000000000
60 319 200 14 0.00018200000000000
60 319 200 14 0.00023100000000000
60 319 200 14 0.00022800000000000
60 319 200 14 0.00022700000000000
60 319 200 14 0.00022800000000000
60 319 200 14 0.00022900000000000
60 319 200 14 0.00022900000000000
65 409 258 16 0.00023700000000000
65 409 258 16 0.00029300000000000
65 409 258 16 0.00029200000000000
65 409 258 16 0.00023900000000000
65 409 258 16 0.00029500000000000
65 409 258 16 0.00030100000000000
65 409 258 16 0.00022800000000000
65 409 258 16 0.00030800000000000
65 409 258 16 0.00030900000000000
70 461 292 17 0.00029500000000000
70 461 292 17 0.00029100000000000
65 409 258 16 0.00029900000000000
70 461 292 17 0.00036400000000000
70 461 292 17 0.00028300000000000
75 516 327 18 0.00032100000000000
70 461 292 17 0.00035000000000000
70 461 292 17 0.00035800000000000
70 461 292 17 0.00035500000000000
70 461 292 17 0.00035300000000000
70 461 292 17 0.00035900000000000
75 516 327 18 0.00039500000000000
75 516 327 18 0.00039800000000000
75 516 327 18 0.00031300000000000
75 516 327 18 0.00040100000000000
70 461 292 17 0.00034800000000000
75 516 327 18 0.00039800000000000
75 516 327 18 0.00039200000000000
75 516 327 18 0.00039500000000000
75 516 327 18 0.00039600000000000
80 574 365 19 0.00036200000000000
75 516 327 18 0.00040400000000000
80 574 365 19 0.00046000000000000
80 574 365 19 0.00037700000000000
80 574 365 19 0.00046100000000000
80 574 365 19 0.00037500000000000
80 574 365 19 0.00046900000000000
80 574 365 19 0.00037700000000000
80 574 365 19 0.00037400000000000
80 574 365 19 0.00047400000000000
80 574 365 19 0.00046200000000000
85 694 443 21 0.00043300000000000
85 694 443 21 0.00054600000000000
85 694 443 21 0.00054100000000000
90 761 487 22 0.00047500000000000
85 694 443 21 0.00058100000000000
85 694 443 21 0.00054200000000000
85 694 443 21 0.00053400000000000
85 694 443 21 0.00053700000000000
90 761 487 22 0.00046200000000000
85 694 443 21 0.00053900000000000
85 694 443 21 0.00052700000000000
90 761 487 22 0.00058400000000000
85 694 443 21 0.00053300000000000
90 761 487 22 0.00058400000000000
90 761 487 22 0.00046400000000000
90 761 487 22 0.00058300000000000
95 831 532 23 0.00053000000000000
90 761 487 22 0.00058100000000000
90 761 487 22 0.00058800000000000
90 761 487 22 0.00058200000000000
95 831 532 23 0.00053700000000000
95 831 532 23 0.00052900000000000
100 904 580 24 0.00057000000000000
90 761 487 22 0.00057600000000000
95 831 532 23 0.00055600000000000
95 831 532 23 0.00066000000000000
95 831 532 23 0.00067700000000000
95 831 532 23 0.00066000000000000
95 831 532 23 0.00067500000000000
95 831 532 23 0.00068800000000000
100 904 580 24 0.00058100000000000
100 904 580 24 0.00073700000000000
95 831 532 23 0.00067300000000000
100 904 580 24 0.00072900000000000
100 904 580 24 0.00075900000000000
100 904 580 24 0.00074400000000000
100 904 580 24 0.00073100000000000
110 1136 732 27 0.00083700000000000
100 904 580 24 0.00073300000000000
100 904 580 24 0.00073900000000000
100 904 580 24 0.00072400000000000
110 1136 732 27 0.00079000000000000
110 1136 732 27 0.00105800000000000
110 1136 732 27 0.00107300000000000
110 1136 732 27 0.00115000000000000
110 1136 732 27 0.00100800000000000
110 1136 732 27 0.00128100000000000
110 1136 732 27 0.00132500000000000
110 1136 732 27 0.00111000000000000
110 1136 732 27 0.00111800000000000
120 1309 845 29 0.00149100000000000
130 1586 1027 32 0.00115500000000000
120 1309 845 29 0.00173400000000000
120 1309 845 29 0.00172200000000000
120 1309 845 29 0.00161300000000000
120 1309 845 29 0.00164900000000000
120 1309 845 29 0.00164700000000000
120 1309 845 29 0.00161300000000000
120 1309 845 29 0.00162700000000000
120 1309 845 29 0.00161000000000000
120 1309 845 29 0.00166100000000000
130 1586 1027 32 0.00151300000000000
130 1586 1027 32 0.00426400000000000
130 1586 1027 32 0.00446000000000000
130 1586 1027 32 0.00444600000000000
130 1586 1027 32 0.00454100000000000
130 1586 1027 32 0.00451100000000000
130 1586 1027 32 0.00449300000000000
130 1586 1027 32 0.00449500000000000
140 1789 1160 34 0.00420100000000000
130 1586 1027 32 0.00453200000000000
140 1789 1160 34 0.00183400000000000
140 1789 1160 34 0.00224500000000000
140 1789 1160 34 0.00225900000000000
140 1789 1160 34 0.00259600000000000
140 1789 1160 34 0.00258100000000000
140 1789 1160 34 0.00234000000000000
140 1789 1160 34 0.00235500000000000
140 1789 1160 34 0.00227700000000000
140 1789 1160 34 0.00229500000000000
150 2111 1372 37 0.00220700000000000
160 2344 1525 39 0.00228800000000000
150 2111 1372 37 0.00235600000000000
150 2111 1372 37 0.00282600000000000
150 2111 1372 37 0.00276700000000000
150 2111 1372 37 0.00278200000000000
150 2111 1372 37 0.00272000000000000
150 2111 1372 37 0.00272900000000000
150 2111 1372 37 0.00276000000000000
150 2111 1372 37 0.00271700000000000
150 2111 1372 37 0.00265100000000000
160 2344 1525 39 0.00202200000000000
160 2344 1525 39 0.00203800000000000
160 2344 1525 39 0.00202800000000000
160 2344 1525 39 0.00255800000000000
160 2344 1525 39 0.00256700000000000
160 2344 1525 39 0.00257700000000000
170 2711 1767 42 0.00264200000000000
160 2344 1525 39 0.00256900000000000
160 2344 1525 39 0.00256900000000000
160 2344 1525 39 0.00254100000000000
170 2711 1767 42 0.00284200000000000
170 2711 1767 42 0.00308400000000000
170 2711 1767 42 0.00361700000000000
170 2711 1767 42 0.00366500000000000
170 2711 1767 42 0.00366800000000000
170 2711 1767 42 0.00379700000000000
170 2711 1767 42 0.00355900000000000
170 2711 1767 42 0.00351500000000000
170 2711 1767 42 0.00355900000000000
190 3386 2212 47 0.00333800000000000
180 2974 1940 44 0.00319100000000000
180 2974 1940 44 0.00305000000000000
180 2974 1940 44 0.00397900000000000
180 2974 1940 44 0.00308700000000000
180 2974 1940 44 0.00391500000000000
180 2974 1940 44 0.00380800000000000
180 2974 1940 44 0.00379100000000000
180 2974 1940 44 0.00376000000000000
180 2974 1940 44 0.00375500000000000
180 2974 1940 44 0.00378100000000000
190 3386 2212 47 0.00421000000000000
190 3386 2212 47 0.00390100000000000
190 3386 2212 47 0.00473000000000000
190 3386 2212 47 0.00461900000000000
190 3386 2212 47 0.00462900000000000
190 3386 2212 47 0.00471700000000000
200 3679 2405 49 0.00382500000000000
190 3386 2212 47 0.00469900000000000
190 3386 2212 47 0.00477300000000000
190 3386 2212 47 0.00482900000000000
200 3679 2405 49 0.00401700000000000
200 3679 2405 49 0.00494700000000000
200 3679 2405 49 0.00405300000000000
200 3679 2405 49 0.00501000000000000
200 3679 2405 49 0.00435500000000000
200 3679 2405 49 0.00532500000000000
200 3679 2405 49 0.00525200000000000
200 3679 2405 49 0.00508200000000000
200 3679 2405 49 0.00507300000000000
225 4789 3138 56 0.00555800000000000
225 4789 3138 56 0.00546500000000000
250 5861 3847 62 0.00690900000000000
225 4789 3138 56 0.00683100000000000
225 4789 3138 56 0.00681800000000000
225 4789 3138 56 0.00681200000000000
225 4789 3138 56 0.00679500000000000
225 4789 3138 56 0.00679400000000000
225 4789 3138 56 0.00668800000000000
225 4789 3138 56 0.00671000000000000
225 4789 3138 56 0.00658500000000000
250 5861 3847 62 0.00721600000000000
250 5861 3847 62 0.00882400000000000
250 5861 3847 62 0.00892500000000000
250 5861 3847 62 0.00718400000000000
250 5861 3847 62 0.00896600000000000
250 5861 3847 62 0.00904400000000000
250 5861 3847 62 0.00903400000000000
250 5861 3847 62 0.00720300000000000
250 5861 3847 62 0.00907000000000000
275 7041 4627 68 0.00897600000000000
275 7041 4627 68 0.00982300000000000
275 7041 4627 68 0.01201300000000000
275 7041 4627 68 0.01215500000000000
275 7041 4627 68 0.00975900000000000
275 7041 4627 68 0.01202800000000000
275 7041 4627 68 0.01219800000000000
275 7041 4627 68 0.01191100000000000
275 7041 4627 68 0.01199500000000000
275 7041 4627 68 0.01183300000000000
300 8329 5480 74 0.01169500000000000
325 9964 6563 81 0.01493400000000000
300 8329 5480 74 0.01182500000000000
300 8329 5480 74 0.01469700000000000
300 8329 5480 74 0.01462000000000000
300 8329 5480 74 0.01468400000000000
300 8329 5480 74 0.01468200000000000
300 8329 5480 74 0.01473800000000000
300 8329 5480 74 0.01444800000000000
300 8329 5480 74 0.01449700000000000
300 8329 5480 74 0.01451400000000000
325 9964 6563 81 0.01491900000000000
325 9964 6563 81 0.01470400000000000
325 9964 6563 81 0.01876600000000000
325 9964 6563 81 0.01861200000000000
325 9964 6563 81 0.01858900000000000
325 9964 6563 81 0.01477900000000000
325 9964 6563 81 0.01879600000000000
325 9964 6563 81 0.01864600000000000
350 11486 7572 87 0.01795100000000000
325 9964 6563 81 0.01856600000000000
350 11486 7572 87 0.02220800000000000
350 11486 7572 87 0.02208300000000000
350 11486 7572 87 0.02209400000000000
350 11486 7572 87 0.02206600000000000
350 11486 7572 87 0.01783800000000000
350 11486 7572 87 0.01772800000000000
350 11486 7572 87 0.02220000000000000
350 11486 7572 87 0.02225600000000000
350 11486 7572 87 0.02218800000000000
400 14854 9805 99 0.02491500000000000
375 13116 8652 93 0.02669200000000000
375 13116 8652 93 0.02688100000000000
375 13116 8652 93 0.02131300000000000
375 13116 8652 93 0.02689800000000000
375 13116 8652 93 0.02683900000000000
375 13116 8652 93 0.02672200000000000
375 13116 8652 93 0.02126400000000000
375 13116 8652 93 0.02655500000000000
375 13116 8652 93 0.02644700000000000
375 13116 8652 93 0.02656000000000000
400 14854 9805 99 0.02569500000000000
425 17014 11238 106 0.02958300000000000
400 14854 9805 99 0.03238500000000000
400 14854 9805 99 0.03224700000000000
400 14854 9805 99 0.03235600000000000
400 14854 9805 99 0.03228800000000000
400 14854 9805 99 0.03248200000000000
400 14854 9805 99 0.03207100000000000
400 14854 9805 99 0.03220400000000000
400 14854 9805 99 0.02560100000000000
425 17014 11238 106 0.03076300000000000
425 17014 11238 106 0.03067400000000000
425 17014 11238 106 0.03874600000000000
425 17014 11238 106 0.03874300000000000
425 17014 11238 106 0.03875500000000000
425 17014 11238 106 0.03829500000000000
425 17014 11238 106 0.03859500000000000
425 17014 11238 106 0.03805200000000000
450 18986 12547 112 0.03586100000000000
425 17014 11238 106 0.03852800000000000
450 18986 12547 112 0.03549800000000000
450 18986 12547 112 0.04456200000000000
450 18986 12547 112 0.03536700000000000
450 18986 12547 112 0.04471700000000000
450 18986 12547 112 0.04451400000000000
450 18986 12547 112 0.04473200000000000
450 18986 12547 112 0.04445400000000000
450 18986 12547 112 0.04428600000000000
450 18986 12547 112 0.04413000000000000
475 21066 13927 118 0.04123800000000000
475 21066 13927 118 0.05163400000000000
475 21066 13927 118 0.05159200000000000
475 21066 13927 118 0.05411000000000000
475 21066 13927 118 0.05386600000000000
475 21066 13927 118 0.04405800000000000
475 21066 13927 118 0.04388400000000000
475 21066 13927 118 0.05106300000000000
500 23254 15380 124 0.05264100000000000
475 21066 13927 118 0.05457100000000000
475 21066 13927 118 0.04867600000000000
500 23254 15380 124 0.05115700000000000
500 23254 15380 124 0.05502500000000000
500 23254 15380 124 0.05353600000000000
500 23254 15380 124 0.05396500000000000
500 23254 15380 124 0.05349600000000000
500 23254 15380 124 0.06322600000000000
500 23254 15380 124 0.04890900000000000
500 23254 15380 124 0.04874800000000000
550 28361 18772 137 0.06782299999999999
500 23254 15380 124 0.06157600000000000
550 28361 18772 137 0.06822499999999999
550 28361 18772 137 0.06823600000000000
550 28361 18772 137 0.06842300000000000
550 28361 18772 137 0.06843800000000000
550 28361 18772 137 0.08634400000000000
600 33529 22205 149 0.08326900000000000
550 28361 18772 137 0.06884800000000001
550 28361 18772 137 0.06850000000000001
550 28361 18772 137 0.08481700000000000
550 28361 18772 137 0.08623699999999999
600 33529 22205 149 0.08942000000000000
600 33529 22205 149 0.08916800000000000
600 33529 22205 149 0.08795699999999999
600 33529 22205 149 0.08866400000000001
600 33529 22205 149 0.08817600000000000
600 33529 22205 149 0.08847600000000000
600 33529 22205 149 0.08865400000000000
600 33529 22205 149 0.08824000000000000
600 33529 22205 149 0.11195700000000000
650 39611 26247 162 0.11461100000000000
650 39611 26247 162 0.11475100000000001
650 39611 26247 162 0.11537000000000000
650 39611 26247 162 0.14402499999999999
700 45679 30280 174 0.13636799999999999
650 39611 26247 162 0.11498999999999999
650 39611 26247 162 0.11430600000000000
650 39611 26247 162 0.11454600000000000
650 39611 26247 162 0.11389299999999999
650 39611 26247 162 0.14186799999999999
700 45679 30280 174 0.13307800000000000
650 39611 26247 162 0.14345600000000000
700 45679 30280 174 0.13332900000000000
700 45679 30280 174 0.13416200000000000
700 45679 30280 174 0.13310300000000000
700 45679 30280 174 0.13142100000000001
700 45679 30280 174 0.13057500000000000
700 45679 30280 174 0.16517000000000001
700 45679 30280 174 0.16674600000000001
700 45679 30280 174 0.13037299999999999
750 52736 34972 187 0.16988600000000001
750 52736 34972 187 0.16938200000000000
750 52736 34972 187 0.17020500000000000
750 52736 34972 187 0.16936999999999999
750 52736 34972 187 0.17100399999999999
750 52736 34972 187 0.21468799999999999
750 52736 34972 187 0.17254400000000000
750 52736 34972 187 0.17376800000000001
750 52736 34972 187 0.17351100000000000
750 52736 34972 187 0.21812000000000001
850 67736 44947 212 0.24020600000000000
850 67736 44947 212 0.23969199999999999
850 67736 44947 212 0.24029300000000001
850 67736 44947 212 0.24083900000000000
850 67736 44947 212 0.24021899999999999
850 67736 44947 212 0.24048800000000001
850 67736 44947 212 0.23930299999999999
850 67736 44947 212 0.29803800000000003
850 67736 44947 212 0.23912200000000000
850 67736 44947 212 0.30109100000000000
950 84611 56172 237 0.36241099999999998
950 84611 56172 237 0.34670000000000001
950 84611 56172 237 0.34711199999999998
950 84611 56172 237 0.39011899999999999
950 84611 56172 237 0.39017000000000002
950 84611 56172 237 0.34751900000000002
950 84611 56172 237 0.34715200000000002
950 84611 56172 237 0.34375899999999998
950 84611 56172 237 0.34626000000000001
950 84611 56172 237 0.35013000000000000
1050 103361 68647 262 0.47316300000000000
1050 103361 68647 262 0.46513300000000002
1050 103361 68647 262 0.46072400000000002
1050 103361 68647 262 0.47174199999999999
1050 103361 68647 262 0.46863500000000002
1050 103361 68647 262 0.46911900000000001
1050 103361 68647 262 0.46765800000000002
1050 103361 68647 262 0.46751500000000001
1050 103361 68647 262 0.46245399999999998
1050 103361 68647 262 0.46744400000000003
1150 123986 82372 287 0.61208499999999999
1150 123986 82372 287 0.64371699999999998
1150 123986 82372 287 0.63926700000000003
1150 123986 82372 287 0.64029800000000003
1150 123986 82372 287 0.64892099999999997
1150 123986 82372 287 0.63201099999999999
1150 123986 82372 287 0.63385899999999995
1150 123986 82372 287 0.64003600000000005
1150 123986 82372 287 0.63941199999999998
1150 123986 82372 287 0.66391699999999998
1250 146486 97347 312 0.79776000000000002
1250 146486 97347 312 0.80167200000000005
1250 146486 97347 312 0.80527400000000005
1250 146486 97347 312 0.80353300000000005
1250 146486 97347 312 0.80166899999999996
1250 146486 97347 312 0.80702499999999999
1250 146486 97347 312 0.79442500000000005
1250 146486 97347 312 0.80935000000000001
1250 146486 97347 312 0.80752400000000002
1250 146486 97347 312 0.80697500000000000
1500 210379 139880 374 1.45813700000000002
1500 210379 139880 374 1.44549499999999997
1500 210379 139880 374 1.44798899999999997
1500 210379 139880 374 1.45789300000000011
1500 210379 139880 374 1.41916099999999989
1500 210379 139880 374 1.44173599999999991
1500 210379 139880 374 1.45644100000000010
1500 210379 139880 374 1.44786199999999998
1500 210379 139880 374 1.45284400000000002
1500 210379 139880 374 1.43391599999999997
1750 287111 190972 437 2.39468000000000014
1750 287111 190972 437 2.36369499999999988
1750 287111 190972 437 2.38681600000000005
1750 287111 190972 437 2.41449500000000006
1750 287111 190972 437 2.37008399999999986
1750 287111 190972 437 2.37945399999999996
1750 287111 190972 437 2.38854299999999986
1750 287111 190972 437 2.39259200000000005
1750 287111 190972 437 2.37557399999999985
1750 287111 190972 437 2.39067300000000005
2000 374254 249005 499 3.68166100000000007
2000 374254 249005 499 3.64682299999999993
2000 374254 249005 499 3.66022699999999990
2000 374254 249005 499 3.69251299999999993
2000 374254 249005 499 3.67330900000000016
2000 374254 249005 499 3.70677099999999982
2000 374254 249005 499 3.67528400000000000
2000 374254 249005 499 3.65265800000000018
2000 374254 249005 499 3.66073700000000013
2000 374254 249005 499 3.67271999999999998
2500 585004 389380 624 7.30019699999999983
2500 585004 389380 624 7.23074100000000008
2500 585004 389380 624 7.33855599999999964
2500 585004 389380 624 7.32510399999999962
2500 585004 389380 624 7.23408300000000004
2500 585004 389380 624 7.28124099999999963
2500 585004 389380 624 7.25119100000000039
2500 585004 389380 624 7.30926499999999990
2500 585004 389380 624 7.19403799999999993
2500 585004 389380 624 7.20253399999999999
3000 842629 561005 749 12.69958300000000051
3000 842629 561005 749 12.77258499999999941
3000 842629 561005 749 12.73957500000000032
3000 842629 561005 749 12.79392099999999921
3000 842629 561005 749 12.69644699999999915
3000 842629 561005 749 12.52742499999999914
3000 842629 561005 749 12.59956500000000013
3000 842629 561005 749 12.66818300000000086
3000 842629 561005 749 12.66198999999999941
3000 842629 561005 749 12.63154699999999941
