Nodos Aristas Frontera |CMF| Segundos
3 3 2 1 0.00055500000000000
3 3 2 1 0.00081000000000000
2 1 1 1 0.00000900000000000
4 6 4 2 0.00000300000000000
2 1 1 1 0.00000700000000000
3 3 2 1 0.00000200000000000
2 1 1 1 0.00000800000000000
4 6 4 2 0.00000200000000000
4 6 4 2 0.00000100000000000
4 6 4 2 0.00000100000000000
5 8 5 2 0.00002700000000000
4 6 4 2 0.00000200000000000
4 6 4 2 0.00000100000000000
3 3 2 1 0.00000200000000000
5 8 5 2 0.00000700000000000
2 1 1 1 0.00001100000000000
3 3 2 1 0.00000100000000000
5 8 5 2 0.00000600000000000
5 8 5 2 0.00001800000000000
4 6 4 2 0.00000200000000000
2 1 1 1 0.00000700000000000
2 1 1 1 0.00000800000000000
3 3 2 1 0.00078700000000000
3 3 2 1 0.00000100000000000
6 10 6 2 0.00002500000000000
5 8 5 2 0.00001100000000000
5 8 5 2 0.00001200000000000
6 10 6 2 0.00001900000000000
2 1 1 1 0.00001100000000000
3 3 2 1 0.00000100000000000
4 6 4 2 0.00000500000000000
3 3 2 1 0.00000200000000000
6 10 6 2 0.00001700000000000
6 10 6 2 0.00001600000000000
6 10 6 2 0.00001600000000000
7 12 7 2 0.00003500000000000
6 10 6 2 0.00001800000000000
6 10 6 2 0.00001100000000000
2 1 1 1 0.00000800000000000
6 10 6 2 0.00001400000000000
6 10 6 2 0.00001700000000000
4 6 4 2 0.00000100000000000
7 12 7 2 0.00001600000000000
8 14 8 2 0.00002700000000000
6 10 6 2 0.00001400000000000
7 12 7 2 0.00001500000000000
8 14 8 2 0.00002000000000000
8 14 8 2 0.00001500000000000
8 14 8 2 0.00001800000000000
7 12 7 2 0.00001500000000000
5 8 5 2 0.00001000000000000
9 16 9 2 0.00002100000000000
9 16 9 2 0.00002800000000000
7 12 7 2 0.00001300000000000
5 8 5 2 0.00002500000000000
7 12 7 2 0.00001200000000000
7 12 7 2 0.00001900000000000
7 12 7 2 0.00001800000000000
3 3 2 1 0.00000100000000000
8 14 8 2 0.00002000000000000
8 14 8 2 0.00001500000000000
9 16 9 2 0.00002600000000000
9 16 9 2 0.00002100000000000
8 14 8 2 0.00001800000000000
9 16 9 2 0.00002500000000000
9 16 9 2 0.00003200000000000
10 18 10 2 0.00003900000000000
4 6 4 2 0.00000200000000000
7 12 7 2 0.00001600000000000
9 16 9 2 0.00002000000000000
10 18 10 2 0.00004400000000000
10 18 10 2 0.00003000000000000
8 14 8 2 0.00002000000000000
10 18 10 2 0.00005700000000000
11 20 11 2 0.00003800000000000
10 18 10 2 0.00003000000000000
10 18 10 2 0.00003100000000000
11 20 11 2 0.00005400000000000
11 20 11 2 0.00004100000000000
9 16 9 2 0.00002200000000000
11 20 11 2 0.00004100000000000
11 20 11 2 0.00005300000000000
8 14 8 2 0.00002800000000000
9 16 9 2 0.00002500000000000
12 22 12 2 0.00004900000000000
5 8 5 2 0.00001200000000000
12 22 12 2 0.00003900000000000
7 12 7 2 0.00002300000000000
11 20 11 2 0.00004100000000000
5 8 5 2 0.00001800000000000
10 18 10 2 0.00004400000000000
12 22 12 2 0.00004000000000000
12 22 12 2 0.00005000000000000
12 22 12 2 0.00005100000000000
13 24 13 2 0.00006000000000000
13 24 13 2 0.00004900000000000
13 24 13 2 0.00006200000000000
11 20 11 2 0.00003200000000000
12 22 12 2 0.00004900000000000
2 1 1 1 0.00055900000000000
12 22 12 2 0.00004000000000000
11 20 11 2 0.00005400000000000
12 22 12 2 0.00004800000000000
10 18 10 2 0.00011200000000000
10 18 10 2 0.00003600000000000
8 14 8 2 0.00002000000000000
14 26 14 2 0.00007500000000000
13 24 13 2 0.00004800000000000
13 24 13 2 0.00006300000000000
12 22 12 2 0.00004500000000000
13 24 13 2 0.00006200000000000
9 16 9 2 0.00003000000000000
14 26 14 2 0.00007000000000000
14 26 14 2 0.00005700000000000
13 24 13 2 0.00006100000000000
14 26 14 2 0.00005600000000000
14 26 14 2 0.00007600000000000
14 26 14 2 0.00007100000000000
15 28 15 2 0.00009100000000000
14 26 14 2 0.00006700000000000
15 28 15 2 0.00009100000000000
10 18 10 2 0.00003800000000000
14 26 14 2 0.00023300000000000
15 28 15 2 0.00010700000000000
15 28 15 2 0.00009800000000000
16 30 16 2 0.00009200000000000
11 20 11 2 0.00003300000000000
2 1 1 1 0.00017100000000000
15 28 15 2 0.00007700000000000
14 26 14 2 0.00007100000000000
15 28 15 2 0.00007700000000000
15 28 15 2 0.00007200000000000
13 24 13 2 0.00006700000000000
13 24 13 2 0.00004900000000000
16 30 16 2 0.00010000000000000
17 32 17 2 0.00009100000000000
13 24 13 2 0.00006100000000000
16 30 16 2 0.00009700000000000
17 32 17 2 0.00009200000000000
16 30 16 2 0.00009700000000000
17 32 17 2 0.00009000000000000
12 22 12 2 0.00005100000000000
17 32 17 2 0.00009100000000000
16 30 16 2 0.00009700000000000
17 32 17 2 0.00009400000000000
14 26 14 2 0.00006800000000000
17 32 17 2 0.00009100000000000
16 30 16 2 0.00009600000000000
11 20 11 2 0.00004600000000000
18 34 18 2 0.00011500000000000
17 32 17 2 0.00011300000000000
17 32 17 2 0.00011300000000000
18 34 18 2 0.00012000000000000
15 28 15 2 0.00009100000000000
18 34 18 2 0.00011900000000000
15 28 15 2 0.00009000000000000
18 34 18 2 0.00011100000000000
18 34 18 2 0.00015100000000000
18 34 18 2 0.00014800000000000
18 34 18 2 0.00014900000000000
18 34 18 2 0.00014900000000000
15 28 15 2 0.00009200000000000
16 30 16 2 0.00010500000000000
17 32 17 2 0.00011400000000000
19 36 19 2 0.00013200000000000
16 30 16 2 0.00009700000000000
16 30 16 2 0.00029000000000000
18 34 18 2 0.00014500000000000
17 32 17 2 0.00011600000000000
19 36 19 2 0.00013400000000000
19 36 19 2 0.00016700000000000
19 36 19 2 0.00017000000000000
19 36 19 2 0.00013600000000000
19 36 19 2 0.00016500000000000
20 38 20 2 0.00014400000000000
19 36 19 2 0.00013500000000000
20 38 20 2 0.00018400000000000
19 36 19 2 0.00017600000000000
20 38 20 2 0.00014300000000000
20 38 20 2 0.00018400000000000
20 38 20 2 0.00019500000000000
20 38 20 2 0.00019000000000000
20 38 20 2 0.00019800000000000
20 38 20 2 0.00019900000000000
20 38 20 2 0.00018300000000000
16 30 16 2 0.00025900000000000
21 40 21 2 0.00016600000000000
20 38 20 2 0.00019300000000000
21 40 21 2 0.00022300000000000
21 40 21 2 0.00017300000000000
19 36 19 2 0.00016900000000000
21 40 21 2 0.00020900000000000
21 40 21 2 0.00021400000000000
21 40 21 2 0.00016700000000000
21 40 21 2 0.00021100000000000
21 40 21 2 0.00016900000000000
22 42 22 2 0.00019000000000000
21 40 21 2 0.00021400000000000
21 40 21 2 0.00021500000000000
22 42 22 2 0.00022700000000000
22 42 22 2 0.00023200000000000
22 42 22 2 0.00023400000000000
22 42 22 2 0.00022200000000000
22 42 22 2 0.00023400000000000
22 42 22 2 0.00018700000000000
22 42 22 2 0.00022200000000000
22 42 22 2 0.00023900000000000
18 34 18 2 0.00051600000000000
23 44 23 2 0.00021100000000000
23 44 23 2 0.00026700000000000
23 44 23 2 0.00026300000000000
23 44 23 2 0.00020800000000000
23 44 23 2 0.00026000000000000
23 44 23 2 0.00021400000000000
23 44 23 2 0.00026900000000000
23 44 23 2 0.00026500000000000
24 46 24 2 0.00023500000000000
23 44 23 2 0.00026800000000000
24 46 24 2 0.00028000000000000
24 46 24 2 0.00028000000000000
19 36 19 2 0.00051500000000000
24 46 24 2 0.00029100000000000
24 46 24 2 0.00023700000000000
24 46 24 2 0.00028000000000000
24 46 24 2 0.00028000000000000
24 46 24 2 0.00028300000000000
24 46 24 2 0.00027000000000000
24 46 24 2 0.00029400000000000
25 48 25 2 0.00026400000000000
25 48 25 2 0.00032600000000000
25 48 25 2 0.00026200000000000
25 48 25 2 0.00026300000000000
25 48 25 2 0.00031900000000000
25 48 25 2 0.00032600000000000
26 50 26 2 0.00026700000000000
25 48 25 2 0.00031700000000000
25 48 25 2 0.00032600000000000
25 48 25 2 0.00033100000000000
26 50 26 2 0.00033400000000000
26 50 26 2 0.00026800000000000
26 50 26 2 0.00033400000000000
26 50 26 2 0.00035100000000000
26 50 26 2 0.00035000000000000
26 50 26 2 0.00032600000000000
26 50 26 2 0.00035400000000000
26 50 26 2 0.00033900000000000
27 52 27 2 0.00031300000000000
26 50 26 2 0.00035600000000000
27 52 27 2 0.00033300000000000
27 52 27 2 0.00031500000000000
27 52 27 2 0.00039400000000000
27 52 27 2 0.00031200000000000
27 52 27 2 0.00039300000000000
27 52 27 2 0.00039400000000000
27 52 27 2 0.00039700000000000
27 52 27 2 0.00039100000000000
28 54 28 2 0.00041100000000000
28 54 28 2 0.00034200000000000
28 54 28 2 0.00039500000000000
28 54 28 2 0.00042100000000000
28 54 28 2 0.00040900000000000
28 54 28 2 0.00040600000000000
22 42 22 2 0.00071400000000000
28 54 28 2 0.00039000000000000
29 56 29 2 0.00037200000000000
28 54 28 2 0.00042700000000000
28 54 28 2 0.00040400000000000
28 54 28 2 0.00042200000000000
29 56 29 2 0.00037700000000000
29 56 29 2 0.00037800000000000
29 56 29 2 0.00037200000000000
29 56 29 2 0.00046700000000000
29 56 29 2 0.00046500000000000
29 56 29 2 0.00046800000000000
23 44 23 2 0.00105000000000000
29 56 29 2 0.00046500000000000
29 56 29 2 0.00047100000000000
30 58 30 2 0.00039900000000000
29 56 29 2 0.00046800000000000
30 58 30 2 0.00048700000000000
30 58 30 2 0.00049600000000000
30 58 30 2 0.00048400000000000
30 58 30 2 0.00038300000000000
30 58 30 2 0.00048400000000000
30 58 30 2 0.00048400000000000
31 60 31 2 0.00044100000000000
30 58 30 2 0.00051000000000000
31 60 31 2 0.00043800000000000
31 60 31 2 0.00043300000000000
30 58 30 2 0.00049600000000000
30 58 30 2 0.00049800000000000
31 60 31 2 0.00054500000000000
31 60 31 2 0.00055100000000000
25 48 25 2 0.00109700000000000
31 60 31 2 0.00054400000000000
31 60 31 2 0.00054800000000000
32 62 32 2 0.00047300000000000
31 60 31 2 0.00055000000000000
31 60 31 2 0.00055200000000000
32 62 32 2 0.00059300000000000
32 62 32 2 0.00049000000000000
32 62 32 2 0.00061800000000000
32 62 32 2 0.00047200000000000
32 62 32 2 0.00061800000000000
32 62 32 2 0.00058200000000000
32 62 32 2 0.00058900000000000
32 62 32 2 0.00058800000000000
33 64 33 2 0.00053900000000000
33 64 33 2 0.00052800000000000
33 64 33 2 0.00066800000000000
33 64 33 2 0.00065800000000000
33 64 33 2 0.00066000000000000
33 64 33 2 0.00065700000000000
33 64 33 2 0.00053200000000000
33 64 33 2 0.00066100000000000
33 64 33 2 0.00066100000000000
27 52 27 2 0.00153200000000000
33 64 33 2 0.00066500000000000
34 66 34 2 0.00072700000000000
34 66 34 2 0.00060300000000000
34 66 34 2 0.00073600000000000
34 66 34 2 0.00061500000000000
34 66 34 2 0.00073300000000000
34 66 34 2 0.00073400000000000
34 66 34 2 0.00072800000000000
34 66 34 2 0.00073000000000000
34 66 34 2 0.00076400000000000
35 68 35 2 0.00071300000000000
35 68 35 2 0.00071000000000000
35 68 35 2 0.00088700000000000
35 68 35 2 0.00071200000000000
35 68 35 2 0.00089800000000000
35 68 35 2 0.00087800000000000
35 68 35 2 0.00088100000000000
35 68 35 2 0.00087900000000000
35 68 35 2 0.00088800000000000
35 68 35 2 0.00088200000000000
36 70 36 2 0.00072000000000000
36 70 36 2 0.00075900000000000
36 70 36 2 0.00094400000000000
36 70 36 2 0.00094100000000000
36 70 36 2 0.00090800000000000
36 70 36 2 0.00094900000000000
37 72 37 2 0.00083000000000000
37 72 37 2 0.00083000000000000
36 70 36 2 0.00090100000000000
36 70 36 2 0.00094500000000000
36 70 36 2 0.00094000000000000
37 72 37 2 0.00103000000000000
37 72 37 2 0.00083000000000000
37 72 37 2 0.00102900000000000
31 60 31 2 0.00210100000000000
32 62 32 2 0.00193800000000000
37 72 37 2 0.00103700000000000
38 74 38 2 0.00085700000000000
37 72 37 2 0.00103400000000000
37 72 37 2 0.00102800000000000
37 72 37 2 0.00103300000000000
38 74 38 2 0.00086100000000000
37 72 37 2 0.00103400000000000
38 74 38 2 0.00103900000000000
38 74 38 2 0.00110400000000000
38 74 38 2 0.00086200000000000
38 74 38 2 0.00089100000000000
38 74 38 2 0.00108400000000000
38 74 38 2 0.00110400000000000
38 74 38 2 0.00111600000000000
38 74 38 2 0.00110300000000000
39 76 39 2 0.00093200000000000
39 76 39 2 0.00115300000000000
39 76 39 2 0.00115200000000000
34 66 34 2 0.00259300000000000
39 76 39 2 0.00115900000000000
39 76 39 2 0.00092400000000000
39 76 39 2 0.00115900000000000
40 78 40 2 0.00099300000000000
39 76 39 2 0.00115200000000000
39 76 39 2 0.00116300000000000
39 76 39 2 0.00119800000000000
39 76 39 2 0.00116300000000000
40 78 40 2 0.00116200000000000
40 78 40 2 0.00095400000000000
40 78 40 2 0.00098700000000000
40 78 40 2 0.00124600000000000
40 78 40 2 0.00122400000000000
40 78 40 2 0.00122500000000000
40 78 40 2 0.00124000000000000
41 80 41 2 0.00105400000000000
41 80 41 2 0.00132300000000000
41 80 41 2 0.00130500000000000
41 80 41 2 0.00104300000000000
41 80 41 2 0.00130500000000000
41 80 41 2 0.00130800000000000
41 80 41 2 0.00130300000000000
41 80 41 2 0.00105900000000000
36 70 36 2 0.00303300000000000
41 80 41 2 0.00132600000000000
42 82 42 2 0.00108600000000000
42 82 42 2 0.00112500000000000
42 82 42 2 0.00136300000000000
42 82 42 2 0.00139600000000000
42 82 42 2 0.00136600000000000
42 82 42 2 0.00141100000000000
42 82 42 2 0.00140600000000000
42 82 42 2 0.00136300000000000
42 82 42 2 0.00131100000000000
43 84 43 2 0.00120600000000000
42 82 42 2 0.00135000000000000
43 84 43 2 0.00119900000000000
43 84 43 2 0.00150800000000000
43 84 43 2 0.00121300000000000
43 84 43 2 0.00150900000000000
43 84 43 2 0.00150100000000000
43 84 43 2 0.00151100000000000
43 84 43 2 0.00149500000000000
43 84 43 2 0.00149700000000000
44 86 44 2 0.00126300000000000
44 86 44 2 0.00122600000000000
43 84 43 2 0.00150200000000000
44 86 44 2 0.00159800000000000
44 86 44 2 0.00158300000000000
44 86 44 2 0.00154800000000000
44 86 44 2 0.00159500000000000
45 88 45 2 0.00134900000000000
44 86 44 2 0.00158500000000000
44 86 44 2 0.00159400000000000
44 86 44 2 0.00153400000000000
45 88 45 2 0.00132900000000000
45 88 45 2 0.00166500000000000
45 88 45 2 0.00135200000000000
45 88 45 2 0.00167600000000000
40 78 40 2 0.00319300000000000
40 78 40 2 0.00370900000000000
45 88 45 2 0.00168500000000000
45 88 45 2 0.00166900000000000
46 90 46 2 0.00144400000000000
46 90 46 2 0.00145500000000000
45 88 45 2 0.00168300000000000
45 88 45 2 0.00166300000000000
45 88 45 2 0.00167700000000000
46 90 46 2 0.00172600000000000
46 90 46 2 0.00142700000000000
46 90 46 2 0.00177800000000000
46 90 46 2 0.00180800000000000
46 90 46 2 0.00183000000000000
46 90 46 2 0.00179400000000000
47 92 47 2 0.00151900000000000
46 90 46 2 0.00177900000000000
46 90 46 2 0.00178400000000000
41 80 41 2 0.00424900000000000
47 92 47 2 0.00152800000000000
47 92 47 2 0.00190200000000000
47 92 47 2 0.00189500000000000
47 92 47 2 0.00152000000000000
47 92 47 2 0.00152100000000000
47 92 47 2 0.00191200000000000
47 92 47 2 0.00189100000000000
47 92 47 2 0.00190500000000000
47 92 47 2 0.00191300000000000
48 94 48 2 0.00199400000000000
48 94 48 2 0.00194600000000000
48 94 48 2 0.00160900000000000
48 94 48 2 0.00196000000000000
49 96 49 2 0.00168700000000000
48 94 48 2 0.00199100000000000
49 96 49 2 0.00169400000000000
48 94 48 2 0.00201300000000000
48 94 48 2 0.00200900000000000
48 94 48 2 0.00201600000000000
49 96 49 2 0.00212000000000000
49 96 49 2 0.00212700000000000
49 96 49 2 0.00167500000000000
49 96 49 2 0.00168100000000000
49 96 49 2 0.00210000000000000
44 86 44 2 0.00530800000000000
49 96 49 2 0.00210400000000000
49 96 49 2 0.00211800000000000
50 98 50 2 0.00173400000000000
50 98 50 2 0.00214600000000000
50 98 50 2 0.00216000000000000
50 98 50 2 0.00222900000000000
50 98 50 2 0.00222800000000000
50 98 50 2 0.00217200000000000
50 98 50 2 0.00178300000000000
50 98 50 2 0.00216900000000000
50 98 50 2 0.00172500000000000
50 98 50 2 0.00222000000000000
51 100 51 2 0.00191600000000000
51 100 51 2 0.00190900000000000
51 100 51 2 0.00239200000000000
51 100 51 2 0.00239400000000000
51 100 51 2 0.00239600000000000
51 100 51 2 0.00238900000000000
51 100 51 2 0.00240600000000000
51 100 51 2 0.00239100000000000
51 100 51 2 0.00238400000000000
52 102 52 2 0.00203000000000000
52 102 52 2 0.00255500000000000
52 102 52 2 0.00240400000000000
52 102 52 2 0.00203200000000000
52 102 52 2 0.00197500000000000
52 102 52 2 0.00254300000000000
52 102 52 2 0.00254900000000000
52 102 52 2 0.00247600000000000
52 102 52 2 0.00246700000000000
52 102 52 2 0.00254800000000000
53 104 53 2 0.00207900000000000
53 104 53 2 0.00207400000000000
53 104 53 2 0.00258700000000000
53 104 53 2 0.00258900000000000
48 94 48 2 0.00632700000000000
53 104 53 2 0.00260600000000000
53 104 53 2 0.00259700000000000
48 94 48 2 0.00638900000000000
54 106 54 2 0.00206700000000000
53 104 53 2 0.00260800000000000
53 104 53 2 0.00260800000000000
53 104 53 2 0.00259100000000000
53 104 53 2 0.00259100000000000
54 106 54 2 0.00216400000000000
54 106 54 2 0.00217700000000000
54 106 54 2 0.00258700000000000
49 96 49 2 0.00672800000000000
54 106 54 2 0.00272700000000000
54 106 54 2 0.00272600000000000
54 106 54 2 0.00265900000000000
55 108 55 2 0.00228900000000000
55 108 55 2 0.00229700000000000
54 106 54 2 0.00272900000000000
54 106 54 2 0.00271400000000000
54 106 54 2 0.00272900000000000
55 108 55 2 0.00230400000000000
55 108 55 2 0.00286600000000000
55 108 55 2 0.00289500000000000
55 108 55 2 0.00288500000000000
55 108 55 2 0.00289900000000000
55 108 55 2 0.00288500000000000
56 110 56 2 0.00237800000000000
55 108 55 2 0.00290900000000000
56 110 56 2 0.00239600000000000
56 110 56 2 0.00300600000000000
56 110 56 2 0.00292800000000000
56 110 56 2 0.00303400000000000
56 110 56 2 0.00291000000000000
57 112 57 2 0.00260700000000000
57 112 57 2 0.00262800000000000
56 110 56 2 0.00292700000000000
56 110 56 2 0.00293700000000000
51 100 51 2 0.00788900000000000
57 112 57 2 0.00328100000000000
57 112 57 2 0.00324900000000000
57 112 57 2 0.00262100000000000
57 112 57 2 0.00328200000000000
58 114 58 2 0.00269500000000000
57 112 57 2 0.00328800000000000
58 114 58 2 0.00270900000000000
57 112 57 2 0.00327000000000000
57 112 57 2 0.00330700000000000
57 112 57 2 0.00330300000000000
58 114 58 2 0.00339900000000000
58 114 58 2 0.00338400000000000
58 114 58 2 0.00326600000000000
58 114 58 2 0.00262700000000000
58 114 58 2 0.00266900000000000
58 114 58 2 0.00334700000000000
58 114 58 2 0.00325500000000000
58 114 58 2 0.00327800000000000
59 116 59 2 0.00280200000000000
59 116 59 2 0.00353900000000000
59 116 59 2 0.00352400000000000
59 116 59 2 0.00345200000000000
59 116 59 2 0.00348900000000000
59 116 59 2 0.00275500000000000
59 116 59 2 0.00347400000000000
59 116 59 2 0.00281700000000000
59 116 59 2 0.00348400000000000
60 118 60 2 0.00358900000000000
60 118 60 2 0.00293300000000000
60 118 60 2 0.00293700000000000
60 118 60 2 0.00367900000000000
60 118 60 2 0.00377200000000000
60 118 60 2 0.00373600000000000
60 118 60 2 0.00357100000000000
60 118 60 2 0.00380000000000000
60 118 60 2 0.00366000000000000
61 120 61 2 0.00305100000000000
55 108 55 2 0.00889000000000000
60 118 60 2 0.00368600000000000
61 120 61 2 0.00377900000000000
61 120 61 2 0.00301900000000000
61 120 61 2 0.00379500000000000
61 120 61 2 0.00383500000000000
61 120 61 2 0.00307700000000000
56 110 56 2 0.00964500000000000
61 120 61 2 0.00381000000000000
61 120 61 2 0.00379100000000000
61 120 61 2 0.00381500000000000
56 110 56 2 0.01011700000000000
62 122 62 2 0.00310000000000000
62 122 62 2 0.00319400000000000
61 120 61 2 0.00378700000000000
62 122 62 2 0.00389100000000000
62 122 62 2 0.00392200000000000
62 122 62 2 0.00396700000000000
62 122 62 2 0.00310000000000000
62 122 62 2 0.00388700000000000
62 122 62 2 0.00390200000000000
62 122 62 2 0.00393900000000000
62 122 62 2 0.00393700000000000
63 124 63 2 0.00334500000000000
63 124 63 2 0.00335100000000000
63 124 63 2 0.00421200000000000
63 124 63 2 0.00415500000000000
63 124 63 2 0.00415700000000000
63 124 63 2 0.00416500000000000
64 126 64 2 0.00325800000000000
63 124 63 2 0.00414300000000000
63 124 63 2 0.00418200000000000
64 126 64 2 0.00333400000000000
64 126 64 2 0.00428500000000000
64 126 64 2 0.00326800000000000
64 126 64 2 0.00423900000000000
59 116 59 2 0.01189400000000000
64 126 64 2 0.00429500000000000
64 126 64 2 0.00428800000000000
64 126 64 2 0.00429400000000000
64 126 64 2 0.00416800000000000
65 128 65 2 0.00364700000000000
65 128 65 2 0.00458600000000000
65 128 65 2 0.00459000000000000
65 128 65 2 0.00366400000000000
65 128 65 2 0.00460200000000000
65 128 65 2 0.00459300000000000
65 128 65 2 0.00365200000000000
65 128 65 2 0.00458400000000000
66 130 66 2 0.00395200000000000
65 128 65 2 0.00460900000000000
65 128 65 2 0.00457600000000000
66 130 66 2 0.00394800000000000
66 130 66 2 0.00492500000000000
66 130 66 2 0.00506300000000000
66 130 66 2 0.00492500000000000
66 130 66 2 0.00504500000000000
67 132 67 2 0.00428000000000000
66 130 66 2 0.00494900000000000
66 130 66 2 0.00492200000000000
66 130 66 2 0.00507300000000000
67 132 67 2 0.00431900000000000
67 132 67 2 0.00537100000000000
67 132 67 2 0.00537500000000000
67 132 67 2 0.00430400000000000
67 132 67 2 0.00540600000000000
67 132 67 2 0.00534400000000000
67 132 67 2 0.00432900000000000
67 132 67 2 0.00540100000000000
67 132 67 2 0.00538800000000000
68 134 68 2 0.00463500000000000
68 134 68 2 0.00578100000000000
68 134 68 2 0.00576500000000000
68 134 68 2 0.00563400000000000
68 134 68 2 0.00561300000000000
63 124 63 2 0.01423800000000000
68 134 68 2 0.00447900000000000
68 134 68 2 0.00575000000000000
68 134 68 2 0.00560300000000000
69 136 69 2 0.00503300000000000
63 124 63 2 0.01394400000000000
68 134 68 2 0.00564500000000000
68 134 68 2 0.00565700000000000
69 136 69 2 0.00503200000000000
69 136 69 2 0.00627600000000000
69 136 69 2 0.00503800000000000
69 136 69 2 0.00624100000000000
64 126 64 2 0.01534400000000000
69 136 69 2 0.00628700000000000
69 136 69 2 0.00630200000000000
69 136 69 2 0.00625900000000000
70 138 70 2 0.00518900000000000
69 136 69 2 0.00631000000000000
69 136 69 2 0.00627200000000000
70 138 70 2 0.00517900000000000
70 138 70 2 0.00634400000000000
70 138 70 2 0.00632500000000000
70 138 70 2 0.00518800000000000
70 138 70 2 0.00646500000000000
70 138 70 2 0.00646500000000000
70 138 70 2 0.00650000000000000
70 138 70 2 0.00633400000000000
71 140 71 2 0.00556000000000000
71 140 71 2 0.00555200000000000
71 140 71 2 0.00697000000000000
71 140 71 2 0.00694100000000000
66 130 66 2 0.01685800000000000
71 140 71 2 0.00693200000000000
72 142 72 2 0.00560700000000000
71 140 71 2 0.00692800000000000
71 140 71 2 0.00691600000000000
71 140 71 2 0.00695700000000000
72 142 72 2 0.00700000000000000
72 142 72 2 0.00546100000000000
72 142 72 2 0.00686500000000000
72 142 72 2 0.00685000000000000
72 142 72 2 0.00561900000000000
72 142 72 2 0.00701200000000000
72 142 72 2 0.00701200000000000
72 142 72 2 0.00684800000000000
72 142 72 2 0.00684200000000000
73 144 73 2 0.00581600000000000
73 144 73 2 0.00581300000000000
73 144 73 2 0.00726400000000000
73 144 73 2 0.00725700000000000
73 144 73 2 0.00580600000000000
73 144 73 2 0.00726900000000000
73 144 73 2 0.00727900000000000
73 144 73 2 0.00725800000000000
73 144 73 2 0.00723400000000000
74 146 74 2 0.00603900000000000
74 146 74 2 0.00777000000000000
74 146 74 2 0.00758900000000000
74 146 74 2 0.00620600000000000
74 146 74 2 0.00773200000000000
74 146 74 2 0.00758300000000000
74 146 74 2 0.00774700000000000
75 148 75 2 0.00629300000000000
74 146 74 2 0.00757200000000000
74 146 74 2 0.00772500000000000
75 148 75 2 0.00629000000000000
74 146 74 2 0.00755100000000000
70 138 70 2 0.01873500000000000
75 148 75 2 0.00790000000000000
75 148 75 2 0.00629900000000000
75 148 75 2 0.00784100000000000
75 148 75 2 0.00786800000000000
71 140 71 2 0.01934200000000000
71 140 71 2 0.01860800000000000
76 150 76 2 0.00636000000000000
75 148 75 2 0.00789200000000000
75 148 75 2 0.00787300000000000
75 148 75 2 0.00784700000000000
76 150 76 2 0.00653600000000000
75 148 75 2 0.00787300000000000
76 150 76 2 0.00799600000000000
76 150 76 2 0.00803500000000000
76 150 76 2 0.00638100000000000
76 150 76 2 0.00815800000000000
77 152 77 2 0.00673300000000000
76 150 76 2 0.00799500000000000
76 150 76 2 0.00819600000000000
76 150 76 2 0.00797800000000000
76 150 76 2 0.00819000000000000
77 152 77 2 0.00671900000000000
77 152 77 2 0.00842200000000000
77 152 77 2 0.00839000000000000
77 152 77 2 0.00672100000000000
77 152 77 2 0.00839300000000000
77 152 77 2 0.00837800000000000
78 154 78 2 0.00689700000000000
73 144 73 2 0.02167900000000000
78 154 78 2 0.00850700000000000
78 154 78 2 0.00849100000000000
78 154 78 2 0.00861900000000000
78 154 78 2 0.00678300000000000
78 154 78 2 0.00865900000000000
78 154 78 2 0.00689100000000000
78 154 78 2 0.00850500000000000
78 154 78 2 0.00850700000000000
78 154 78 2 0.00846600000000000
79 156 79 2 0.00721800000000000
79 156 79 2 0.00903200000000000
79 156 79 2 0.00903900000000000
79 156 79 2 0.00899600000000000
79 156 79 2 0.00720600000000000
79 156 79 2 0.00900900000000000
79 156 79 2 0.00903800000000000
79 156 79 2 0.00906700000000000
80 158 80 2 0.00731600000000000
79 156 79 2 0.00901500000000000
79 156 79 2 0.00900800000000000
80 158 80 2 0.00730500000000000
80 158 80 2 0.00913600000000000
80 158 80 2 0.00746900000000000
80 158 80 2 0.00934700000000000
80 158 80 2 0.00930900000000000
80 158 80 2 0.00934400000000000
81 160 81 2 0.00771400000000000
80 158 80 2 0.00935400000000000
80 158 80 2 0.00934900000000000
81 160 81 2 0.00965600000000000
81 160 81 2 0.00768600000000000
81 160 81 2 0.00965400000000000
81 160 81 2 0.00965700000000000
81 160 81 2 0.00770800000000000
81 160 81 2 0.00961900000000000
81 160 81 2 0.00956500000000000
81 160 81 2 0.00961900000000000
82 162 82 2 0.00779900000000000
81 160 81 2 0.00962000000000000
77 152 77 2 0.02558900000000000
82 162 82 2 0.00780900000000000
82 162 82 2 0.00992100000000000
82 162 82 2 0.00975300000000000
77 152 77 2 0.02574900000000000
82 162 82 2 0.00972200000000000
82 162 82 2 0.00797700000000000
82 162 82 2 0.00975700000000000
82 162 82 2 0.00956900000000000
77 152 77 2 0.02677500000000000
82 162 82 2 0.00995500000000000
83 164 83 2 0.00825400000000000
82 162 82 2 0.00997500000000000
83 164 83 2 0.01039100000000000
83 164 83 2 0.00826000000000000
83 164 83 2 0.01034000000000000
83 164 83 2 0.01032400000000000
83 164 83 2 0.01036300000000000
83 164 83 2 0.00826800000000000
83 164 83 2 0.01033600000000000
83 164 83 2 0.01035600000000000
84 166 84 2 0.00831000000000000
83 164 83 2 0.01036700000000000
84 166 84 2 0.01064700000000000
84 166 84 2 0.01045700000000000
84 166 84 2 0.00847900000000000
84 166 84 2 0.01061600000000000
84 166 84 2 0.01043700000000000
84 166 84 2 0.01062600000000000
85 168 85 2 0.00898100000000000
84 166 84 2 0.01062000000000000
80 158 80 2 0.03005500000000000
85 168 85 2 0.00902500000000000
85 168 85 2 0.01123700000000000
85 168 85 2 0.01128900000000000
85 168 85 2 0.00903900000000000
85 168 85 2 0.01135300000000000
85 168 85 2 0.01123900000000000
86 170 86 2 0.00906200000000000
85 168 85 2 0.01126600000000000
85 168 85 2 0.01127500000000000
86 170 86 2 0.01088400000000000
86 170 86 2 0.01130300000000000
86 170 86 2 0.00905800000000000
86 170 86 2 0.01114400000000000
86 170 86 2 0.01133000000000000
86 170 86 2 0.01118500000000000
86 170 86 2 0.01111000000000000
87 172 87 2 0.00930000000000000
86 170 86 2 0.01118800000000000
86 170 86 2 0.01112100000000000
87 172 87 2 0.00935900000000000
87 172 87 2 0.01171200000000000
87 172 87 2 0.00936400000000000
87 172 87 2 0.01168600000000000
87 172 87 2 0.00933700000000000
87 172 87 2 0.01169400000000000
87 172 87 2 0.01174100000000000
87 172 87 2 0.01164900000000000
88 174 88 2 0.00965300000000000
88 174 88 2 0.01213100000000000
88 174 88 2 0.01235300000000000
88 174 88 2 0.01210200000000000
88 174 88 2 0.01215700000000000
88 174 88 2 0.00966500000000000
88 174 88 2 0.01241800000000000
88 174 88 2 0.01210600000000000
89 176 89 2 0.00989300000000000
88 174 88 2 0.01241700000000000
88 174 88 2 0.01232100000000000
89 176 89 2 0.00992200000000000
89 176 89 2 0.01239900000000000
84 166 84 2 0.03520300000000000
89 176 89 2 0.01237100000000000
89 176 89 2 0.00990400000000000
84 166 84 2 0.03336000000000000
89 176 89 2 0.01234400000000000
89 176 89 2 0.01241900000000000
90 178 90 2 0.01048300000000000
89 176 89 2 0.01238600000000000
89 176 89 2 0.01248800000000000
89 176 89 2 0.01238400000000000
85 168 85 2 0.03654100000000000
90 178 90 2 0.01048400000000000
90 178 90 2 0.01318900000000000
90 178 90 2 0.01314200000000000
90 178 90 2 0.01306700000000000
90 178 90 2 0.01291100000000000
90 178 90 2 0.01052700000000000
90 178 90 2 0.01316900000000000
91 180 91 2 0.01060000000000000
90 178 90 2 0.01309700000000000
90 178 90 2 0.01293400000000000
91 180 91 2 0.01059300000000000
91 180 91 2 0.01320600000000000
91 180 91 2 0.01322300000000000
91 180 91 2 0.01327400000000000
91 180 91 2 0.01054400000000000
91 180 91 2 0.01323900000000000
87 172 87 2 0.03498300000000000
91 180 91 2 0.01328000000000000
92 182 92 2 0.01080200000000000
92 182 92 2 0.01358300000000000
92 182 92 2 0.01361100000000000
92 182 92 2 0.01331900000000000
92 182 92 2 0.01089600000000000
92 182 92 2 0.01327700000000000
92 182 92 2 0.01331300000000000
93 184 93 2 0.01126800000000000
92 182 92 2 0.01332000000000000
92 182 92 2 0.01355200000000000
93 184 93 2 0.01128000000000000
93 184 93 2 0.01409500000000000
93 184 93 2 0.01403200000000000
93 184 93 2 0.01414300000000000
93 184 93 2 0.01123200000000000
93 184 93 2 0.01404500000000000
93 184 93 2 0.01411500000000000
93 184 93 2 0.01408600000000000
94 186 94 2 0.01124700000000000
93 184 93 2 0.01412200000000000
94 186 94 2 0.01415100000000000
94 186 94 2 0.01154400000000000
94 186 94 2 0.01410300000000000
94 186 94 2 0.01409400000000000
94 186 94 2 0.01434400000000000
94 186 94 2 0.01145400000000000
95 188 95 2 0.01190900000000000
94 186 94 2 0.01407600000000000
94 186 94 2 0.01437300000000000
95 188 95 2 0.01483500000000000
95 188 95 2 0.01489400000000000
95 188 95 2 0.01185900000000000
91 180 91 2 0.03526700000000000
91 180 91 2 0.03471400000000000
95 188 95 2 0.01491700000000000
95 188 95 2 0.01489700000000000
95 188 95 2 0.01487400000000000
96 190 96 2 0.01197500000000000
95 188 95 2 0.01487000000000000
95 188 95 2 0.01491900000000000
95 188 95 2 0.01491800000000000
96 190 96 2 0.01200500000000000
96 190 96 2 0.01524700000000000
96 190 96 2 0.01220000000000000
96 190 96 2 0.01503200000000000
92 182 92 2 0.03813700000000000
96 190 96 2 0.01199700000000000
96 190 96 2 0.01524900000000000
96 190 96 2 0.01505900000000000
96 190 96 2 0.01517600000000000
97 192 97 2 0.01256100000000000
96 190 96 2 0.01522800000000000
97 192 97 2 0.01571200000000000
97 192 97 2 0.01565400000000000
97 192 97 2 0.01575900000000000
97 192 97 2 0.01253400000000000
97 192 97 2 0.01577500000000000
97 192 97 2 0.01568200000000000
97 192 97 2 0.01572400000000000
98 194 98 2 0.01294400000000000
98 194 98 2 0.01616900000000000
94 186 94 2 0.04074500000000000
98 194 98 2 0.01293800000000000
98 194 98 2 0.01595300000000000
98 194 98 2 0.01625300000000000
98 194 98 2 0.01274200000000000
98 194 98 2 0.01619100000000000
98 194 98 2 0.01624200000000000
98 194 98 2 0.01617700000000000
99 196 99 2 0.01334100000000000
99 196 99 2 0.01675900000000000
99 196 99 2 0.01680300000000000
99 196 99 2 0.01336300000000000
99 196 99 2 0.01669300000000000
99 196 99 2 0.01679300000000000
99 196 99 2 0.01690000000000000
99 196 99 2 0.01672700000000000
100 198 100 2 0.01365300000000000
100 198 100 2 0.01339600000000000
99 196 99 2 0.01678800000000000
99 196 99 2 0.01698000000000000
100 198 100 2 0.01672400000000000
100 198 100 2 0.01364700000000000
100 198 100 2 0.01674900000000000
100 198 100 2 0.01712200000000000
100 198 100 2 0.01707200000000000
100 198 100 2 0.01704800000000000
100 198 100 2 0.01950500000000000
105 208 105 2 0.01829200000000000
105 208 105 2 0.02116200000000000
105 208 105 2 0.01825800000000000
105 208 105 2 0.02101200000000000
105 208 105 2 0.02082300000000000
105 208 105 2 0.02041200000000000
105 208 105 2 0.01835000000000000
97 192 97 2 0.04786400000000000
105 208 105 2 0.01994800000000000
97 192 97 2 0.04811400000000000
105 208 105 2 0.02220800000000000
110 218 110 2 0.02033500000000000
105 208 105 2 0.02225600000000000
110 218 110 2 0.02147300000000000
110 218 110 2 0.02069200000000000
110 218 110 2 0.02129800000000000
110 218 110 2 0.02115200000000000
110 218 110 2 0.02108200000000000
110 218 110 2 0.02518900000000000
110 218 110 2 0.02091200000000000
110 218 110 2 0.02064200000000000
110 218 110 2 0.01777800000000000
98 194 98 2 0.05401500000000000
115 228 115 2 0.02040200000000000
115 228 115 2 0.02033700000000000
115 228 115 2 0.02042500000000000
115 228 115 2 0.02043900000000000
115 228 115 2 0.02053500000000000
115 228 115 2 0.02037700000000000
115 228 115 2 0.02050700000000000
115 228 115 2 0.02040700000000000
100 198 100 2 0.05232700000000000
120 238 120 2 0.02258500000000000
120 238 120 2 0.02246600000000000
120 238 120 2 0.02220500000000000
120 238 120 2 0.02260400000000000
120 238 120 2 0.02253900000000000
120 238 120 2 0.02822200000000000
120 238 120 2 0.02232100000000000
120 238 120 2 0.02238300000000000
120 238 120 2 0.02827900000000000
125 248 125 2 0.02588500000000000
125 248 125 2 0.02590700000000000
120 238 120 2 0.02836600000000000
125 248 125 2 0.02581500000000000
125 248 125 2 0.02578700000000000
125 248 125 2 0.02582100000000000
125 248 125 2 0.02603000000000000
125 248 125 2 0.02576100000000000
125 248 125 2 0.02585400000000000
125 248 125 2 0.02589600000000000
130 258 130 2 0.02905900000000000
130 258 130 2 0.02910600000000000
130 258 130 2 0.02868800000000000
130 258 130 2 0.02902900000000000
130 258 130 2 0.02910100000000000
130 258 130 2 0.02858100000000000
130 258 130 2 0.02871000000000000
130 258 130 2 0.02921900000000000
130 258 130 2 0.03633500000000000
135 268 135 2 0.03619400000000000
135 268 135 2 0.03612600000000000
135 268 135 2 0.03609900000000000
115 228 115 2 0.07287200000000001
135 268 135 2 0.04524400000000000
115 228 115 2 0.07358199999999999
135 268 135 2 0.03612700000000000
135 268 135 2 0.03608500000000000
135 268 135 2 0.03616800000000000
135 268 135 2 0.03618400000000000
135 268 135 2 0.03612500000000000
135 268 135 2 0.04529400000000000
140 278 140 2 0.04108100000000000
140 278 140 2 0.04090700000000000
140 278 140 2 0.04156700000000000
140 278 140 2 0.04156600000000000
140 278 140 2 0.04095800000000000
140 278 140 2 0.04151100000000000
140 278 140 2 0.04147200000000000
140 278 140 2 0.04157300000000000
140 278 140 2 0.04166800000000000
125 248 125 2 0.09771299999999999
145 288 145 2 0.04575900000000000
140 278 140 2 0.05128900000000000
145 288 145 2 0.04563800000000000
145 288 145 2 0.04590800000000000
130 258 130 2 0.09563700000000000
145 288 145 2 0.04567500000000000
145 288 145 2 0.04567500000000000
145 288 145 2 0.04570700000000000
145 288 145 2 0.04591300000000000
150 298 150 2 0.04945600000000000
145 288 145 2 0.05727200000000000
150 298 150 2 0.05012400000000000
150 298 150 2 0.04996100000000000
150 298 150 2 0.06263900000000000
150 298 150 2 0.05062800000000000
150 298 150 2 0.05009500000000000
150 298 150 2 0.05048400000000000
150 298 150 2 0.05065300000000000
150 298 150 2 0.05052800000000000
150 298 150 2 0.05011300000000000
155 308 155 2 0.05557500000000000
155 308 155 2 0.05556800000000000
155 308 155 2 0.05554200000000000
155 308 155 2 0.05549800000000000
155 308 155 2 0.05563400000000000
155 308 155 2 0.05551000000000000
155 308 155 2 0.05559500000000000
155 308 155 2 0.06956500000000000
160 318 160 2 0.06250600000000001
160 318 160 2 0.06127000000000000
160 318 160 2 0.06122800000000000
160 318 160 2 0.06116900000000000
160 318 160 2 0.06173600000000000
160 318 160 2 0.06136600000000000
160 318 160 2 0.06028700000000000
160 318 160 2 0.06129600000000000
160 318 160 2 0.07763700000000000
145 288 145 2 0.13324600000000000
145 288 145 2 0.13245000000000001
165 328 165 2 0.06906800000000000
160 318 160 2 0.07764900000000000
165 328 165 2 0.06817300000000000
165 328 165 2 0.06981999999999999
165 328 165 2 0.06959899999999999
165 328 165 2 0.06965600000000000
165 328 165 2 0.06980600000000001
165 328 165 2 0.06967900000000000
165 328 165 2 0.06992700000000000
170 338 170 2 0.07629000000000000
165 328 165 2 0.11847600000000000
170 338 170 2 0.07677000000000000
165 328 165 2 0.08670700000000001
170 338 170 2 0.07696400000000000
170 338 170 2 0.07668500000000000
155 308 155 2 0.15948999999999999
170 338 170 2 0.07606000000000000
170 338 170 2 0.07660900000000000
170 338 170 2 0.07668800000000001
170 338 170 2 0.07678300000000000
155 308 155 2 0.17741299999999999
170 338 170 2 0.08592900000000001
175 348 175 2 0.08350800000000000
175 348 175 2 0.08368000000000000
175 348 175 2 0.09043000000000000
175 348 175 2 0.08217300000000000
175 348 175 2 0.08169899999999999
175 348 175 2 0.08172400000000000
175 348 175 2 0.08168000000000000
175 348 175 2 0.08181500000000000
175 348 175 2 0.08212500000000000
180 358 180 2 0.08452800000000001
180 358 180 2 0.08443299999999999
180 358 180 2 0.08431300000000000
180 358 180 2 0.08467500000000000
180 358 180 2 0.08544000000000000
180 358 180 2 0.08369400000000000
180 358 180 2 0.08362500000000000
180 358 180 2 0.08442200000000000
180 358 180 2 0.08473300000000000
185 368 185 2 0.09228300000000000
185 368 185 2 0.09269500000000000
185 368 185 2 0.09252800000000000
185 368 185 2 0.09253900000000000
170 338 170 2 0.18353900000000001
185 368 185 2 0.09271799999999999
185 368 185 2 0.09255400000000000
185 368 185 2 0.09267400000000001
185 368 185 2 0.09258500000000000
175 348 175 2 0.20250399999999999
185 368 185 2 0.09257300000000000
190 378 190 2 0.09884600000000000
190 378 190 2 0.09858300000000000
190 378 190 2 0.09881700000000000
190 378 190 2 0.09773000000000000
190 378 190 2 0.09858500000000001
190 378 190 2 0.09903700000000000
190 378 190 2 0.09776300000000000
190 378 190 2 0.09774400000000000
190 378 190 2 0.09804000000000000
190 378 190 2 0.09872300000000001
195 388 195 2 0.10679300000000000
195 388 195 2 0.10685900000000000
195 388 195 2 0.10696799999999999
180 358 180 2 0.21068300000000001
195 388 195 2 0.10659500000000000
195 388 195 2 0.10659700000000000
195 388 195 2 0.10667500000000001
195 388 195 2 0.10652700000000000
195 388 195 2 0.10662500000000000
195 388 195 2 0.10634100000000000
200 398 200 2 0.11679200000000001
200 398 200 2 0.11695100000000000
200 398 200 2 0.11702400000000000
200 398 200 2 0.11673900000000000
200 398 200 2 0.11669100000000000
200 398 200 2 0.11586100000000001
200 398 200 2 0.11682500000000000
200 398 200 2 0.11831500000000000
200 398 200 2 0.11680900000000000
205 408 205 2 0.12509400000000001
205 408 205 2 0.12527900000000000
185 368 185 2 0.29759999999999998
205 408 205 2 0.12432000000000000
205 408 205 2 0.12509999999999999
205 408 205 2 0.12432400000000000
205 408 205 2 0.12529799999999999
205 408 205 2 0.12497200000000000
205 408 205 2 0.12526300000000001
205 408 205 2 0.12523400000000001
210 418 210 2 0.13062299999999999
210 418 210 2 0.13046600000000000
210 418 210 2 0.12896099999999999
210 418 210 2 0.12809400000000001
195 388 195 2 0.27063300000000001
210 418 210 2 0.12912199999999999
210 418 210 2 0.12908500000000001
210 418 210 2 0.12709500000000001
210 418 210 2 0.12829099999999999
210 418 210 2 0.12842500000000001
210 418 210 2 0.12938400000000000
200 398 200 2 0.28545100000000001
215 428 215 2 0.13824000000000000
215 428 215 2 0.13857800000000001
215 428 215 2 0.13851800000000000
215 428 215 2 0.13847300000000001
215 428 215 2 0.13855600000000001
215 428 215 2 0.13841600000000001
215 428 215 2 0.13896500000000001
215 428 215 2 0.13895399999999999
215 428 215 2 0.13900699999999999
220 438 220 2 0.14777899999999999
220 438 220 2 0.15148600000000001
220 438 220 2 0.15008199999999999
220 438 220 2 0.15141700000000000
220 438 220 2 0.15103900000000001
205 408 205 2 0.32613500000000001
220 438 220 2 0.15093300000000001
220 438 220 2 0.15133400000000000
220 438 220 2 0.15263699999999999
220 438 220 2 0.15099000000000001
225 448 225 2 0.16101499999999999
225 448 225 2 0.16100999999999999
225 448 225 2 0.16096199999999999
225 448 225 2 0.16104499999999999
225 448 225 2 0.16077500000000000
225 448 225 2 0.16129599999999999
225 448 225 2 0.16103400000000001
225 448 225 2 0.16061200000000000
225 448 225 2 0.16145699999999999
230 458 230 2 0.16877500000000001
230 458 230 2 0.17173300000000000
230 458 230 2 0.16740099999999999
230 458 230 2 0.16926400000000000
230 458 230 2 0.16852300000000001
230 458 230 2 0.16860100000000000
230 458 230 2 0.16864699999999999
230 458 230 2 0.16882700000000000
230 458 230 2 0.16751500000000000
235 468 235 2 0.17879900000000001
235 468 235 2 0.17891099999999999
235 468 235 2 0.17869199999999999
235 468 235 2 0.17878900000000000
220 438 220 2 0.37018299999999998
215 428 215 2 0.45532400000000001
235 468 235 2 0.17855399999999999
235 468 235 2 0.18153800000000000
235 468 235 2 0.18173800000000001
235 468 235 2 0.18241399999999999
235 468 235 2 0.18169500000000000
235 468 235 2 0.18227499999999999
225 448 225 2 0.39746799999999999
240 478 240 2 0.18976699999999999
240 478 240 2 0.19110600000000000
240 478 240 2 0.18995100000000001
240 478 240 2 0.19095699999999999
240 478 240 2 0.18978800000000001
240 478 240 2 0.19121299999999999
240 478 240 2 0.19071800000000000
240 478 240 2 0.19124800000000000
240 478 240 2 0.19104699999999999
240 478 240 2 0.19112899999999999
230 458 230 2 0.39906300000000000
245 488 245 2 0.20822499999999999
245 488 245 2 0.20848600000000000
245 488 245 2 0.21049399999999999
245 488 245 2 0.21051700000000001
245 488 245 2 0.21040800000000001
245 488 245 2 0.20705599999999999
245 488 245 2 0.20724200000000001
245 488 245 2 0.20777100000000001
250 498 250 2 0.21815599999999999
250 498 250 2 0.21868799999999999
250 498 250 2 0.22283800000000001
250 498 250 2 0.22105500000000000
250 498 250 2 0.22082099999999999
250 498 250 2 0.22269000000000000
250 498 250 2 0.22282600000000000
250 498 250 2 0.22267999999999999
250 498 250 2 0.22091200000000000
260 518 260 2 0.24816800000000000
260 518 260 2 0.24869600000000000
260 518 260 2 0.25015399999999999
260 518 260 2 0.24838800000000000
260 518 260 2 0.24904399999999999
260 518 260 2 0.24870200000000001
260 518 260 2 0.24949800000000000
260 518 260 2 0.24934400000000001
245 488 245 2 0.46375600000000000
260 518 260 2 0.24874800000000000
250 498 250 2 0.47417300000000001
270 538 270 2 0.30810799999999999
270 538 270 2 0.30599900000000002
270 538 270 2 0.30736100000000000
270 538 270 2 0.31059799999999999
245 488 245 2 0.58001199999999997
270 538 270 2 0.30733899999999997
270 538 270 2 0.30852099999999999
270 538 270 2 0.30875399999999997
270 538 270 2 0.30839200000000000
270 538 270 2 0.30916399999999999
270 538 270 2 0.30775000000000002
280 558 280 2 0.35339399999999999
260 518 260 2 0.54581299999999999
280 558 280 2 0.35139100000000001
280 558 280 2 0.35413800000000001
280 558 280 2 0.35172399999999998
280 558 280 2 0.35222100000000001
280 558 280 2 0.35383799999999999
280 558 280 2 0.35436899999999999
280 558 280 2 0.35131699999999999
280 558 280 2 0.39988699999999999
290 578 290 2 0.39116000000000001
290 578 290 2 0.38572899999999999
290 578 290 2 0.38860800000000001
290 578 290 2 0.38638400000000001
290 578 290 2 0.38962300000000000
290 578 290 2 0.38742100000000002
290 578 290 2 0.38866099999999998
290 578 290 2 0.38910600000000001
300 598 300 2 0.43211699999999997
300 598 300 2 0.43213900000000000
300 598 300 2 0.43478899999999998
300 598 300 2 0.43413700000000000
280 558 280 2 0.69127300000000003
300 598 300 2 0.43391600000000002
300 598 300 2 0.43494100000000002
300 598 300 2 0.43796600000000002
300 598 300 2 0.43681199999999998
300 598 300 2 0.43699399999999999
310 618 310 2 0.47338999999999998
310 618 310 2 0.48050100000000001
290 578 290 2 0.75888000000000000
310 618 310 2 0.47058000000000000
310 618 310 2 0.46885500000000002
310 618 310 2 0.47274699999999997
310 618 310 2 0.47169699999999998
310 618 310 2 0.47113200000000000
310 618 310 2 0.47350599999999998
310 618 310 2 0.47222599999999998
310 618 310 2 0.46683700000000000
290 578 290 2 0.91105800000000003
320 638 320 2 0.51380999999999999
300 598 300 2 0.84569000000000005
320 638 320 2 0.51389700000000005
320 638 320 2 0.51672600000000002
320 638 320 2 0.51673700000000000
320 638 320 2 0.51530500000000001
320 638 320 2 0.51495800000000003
320 638 320 2 0.51661000000000001
320 638 320 2 0.51125399999999999
320 638 320 2 0.51219800000000004
330 658 330 2 0.57176800000000005
330 658 330 2 0.56890499999999999
330 658 330 2 0.57208199999999998
330 658 330 2 0.56995899999999999
330 658 330 2 0.57708400000000004
330 658 330 2 0.57094199999999995
330 658 330 2 0.57298800000000005
330 658 330 2 0.57404800000000000
330 658 330 2 0.57394999999999996
340 678 340 2 0.62247200000000003
340 678 340 2 0.62288500000000002
340 678 340 2 0.63432699999999997
320 638 320 2 1.03885600000000000
340 678 340 2 0.63408200000000003
340 678 340 2 0.63359100000000002
340 678 340 2 0.63901500000000000
340 678 340 2 0.63242100000000001
340 678 340 2 0.63241899999999995
350 698 350 2 0.67395200000000000
350 698 350 2 0.67418299999999998
350 698 350 2 0.67333299999999996
330 658 330 2 1.11665600000000009
350 698 350 2 0.67829799999999996
350 698 350 2 0.67620599999999997
350 698 350 2 0.67516399999999999
350 698 350 2 0.71484300000000001
350 698 350 2 0.67521799999999998
350 698 350 2 0.67447400000000002
350 698 350 2 0.66924399999999995
360 718 360 2 0.73123499999999997
360 718 360 2 0.73306700000000002
340 678 340 2 1.19506500000000004
360 718 360 2 0.73803200000000002
360 718 360 2 0.73281600000000002
360 718 360 2 0.73779099999999997
340 678 340 2 1.42668799999999996
360 718 360 2 0.73127200000000003
360 718 360 2 0.73083799999999999
360 718 360 2 0.72659099999999999
360 718 360 2 0.72972099999999995
370 738 370 2 0.80358300000000005
370 738 370 2 0.80582500000000001
370 738 370 2 0.81251499999999999
370 738 370 2 0.80849899999999997
370 738 370 2 0.81068499999999999
370 738 370 2 0.80647599999999997
370 738 370 2 0.81543900000000002
370 738 370 2 0.81186800000000003
370 738 370 2 0.83858400000000000
360 718 360 2 1.30719699999999994
380 758 380 2 0.88636099999999995
380 758 380 2 0.88252799999999998
380 758 380 2 0.88588299999999998
380 758 380 2 0.88295599999999996
380 758 380 2 0.88543400000000005
380 758 380 2 0.88138399999999995
380 758 380 2 0.88693000000000000
380 758 380 2 0.90256099999999995
370 738 370 2 1.43615500000000007
390 778 390 2 0.93306699999999998
390 778 390 2 0.93969199999999997
