Nodos Aristas Frontera |CMF| Segundos
2 1 1 1 0.00079400000000000
3 2 2 1 0.00073400000000000
3 2 2 1 0.00073000000000000
3 2 2 1 0.00000500000000000
2 1 1 1 0.00000400000000000
4 3 3 1 0.00000600000000000
2 1 1 1 0.00000800000000000
4 3 3 1 0.00000700000000000
2 1 1 1 0.00000800000000000
4 3 3 1 0.00000900000000000
3 2 2 1 0.00074200000000000
4 3 3 1 0.00000700000000000
5 4 4 1 0.00001600000000000
5 4 4 1 0.00000900000000000
4 3 3 1 0.00000700000000000
4 3 3 1 0.00001000000000000
3 2 2 1 0.00073900000000000
5 4 4 1 0.00000800000000000
4 3 3 1 0.00000700000000000
2 1 1 1 0.00000600000000000
2 1 1 1 0.00018800000000000
3 2 2 1 0.00055800000000000
3 2 2 1 0.00000700000000000
6 5 5 1 0.00002600000000000
6 5 5 1 0.00002100000000000
2 1 1 1 0.00000800000000000
4 3 3 1 0.00002500000000000
5 4 4 1 0.00000900000000000
3 2 2 1 0.00073300000000000
5 4 4 1 0.00000800000000000
6 5 5 1 0.00001300000000000
5 4 4 1 0.00001000000000000
3 2 2 1 0.00095900000000000
7 6 6 1 0.00001800000000000
6 5 5 1 0.00001100000000000
6 5 5 1 0.00002000000000000
6 5 5 1 0.00001900000000000
4 3 3 1 0.00000400000000000
5 4 4 1 0.00001000000000000
7 6 6 1 0.00002000000000000
4 3 3 1 0.00001100000000000
8 7 7 1 0.00001600000000000
6 5 5 1 0.00002100000000000
7 6 6 1 0.00002000000000000
2 1 1 1 0.00000700000000000
7 6 6 1 0.00002500000000000
5 4 4 1 0.00000900000000000
5 4 4 1 0.00001400000000000
7 6 6 1 0.00002200000000000
2 1 1 1 0.00000600000000000
8 7 7 1 0.00001600000000000
8 7 7 1 0.00002100000000000
9 8 8 1 0.00002900000000000
2 1 1 1 0.00000600000000000
8 7 7 1 0.00001700000000000
3 2 2 1 0.00003500000000000
9 8 8 1 0.00002500000000000
6 5 5 1 0.00002400000000000
9 8 8 1 0.00002400000000000
8 7 7 1 0.00002000000000000
10 9 9 1 0.00003200000000000
8 7 7 1 0.00002100000000000
10 9 9 1 0.00003100000000000
7 6 6 1 0.00001800000000000
9 8 8 1 0.00002500000000000
9 8 8 1 0.00003300000000000
9 8 8 1 0.00003300000000000
6 5 5 1 0.00001300000000000
8 7 7 1 0.00001700000000000
8 7 7 1 0.00002500000000000
10 9 9 1 0.00002900000000000
10 9 9 1 0.00003800000000000
6 5 5 1 0.00001700000000000
7 6 6 1 0.00001800000000000
11 10 10 1 0.00004200000000000
11 10 10 1 0.00005800000000000
11 10 10 1 0.00005000000000000
7 6 6 1 0.00002300000000000
11 10 10 1 0.00004300000000000
10 9 9 1 0.00004200000000000
10 9 9 1 0.00003100000000000
7 6 6 1 0.00002500000000000
11 10 10 1 0.00005900000000000
10 9 9 1 0.00003500000000000
11 10 10 1 0.00004700000000000
11 10 10 1 0.00004400000000000
8 7 7 1 0.00002100000000000
12 11 11 1 0.00005800000000000
12 11 11 1 0.00004600000000000
11 10 10 1 0.00006000000000000
9 8 8 1 0.00003000000000000
12 11 11 1 0.00005700000000000
12 11 11 1 0.00005000000000000
10 9 9 1 0.00003800000000000
9 8 8 1 0.00002400000000000
12 11 11 1 0.00005600000000000
13 12 12 1 0.00005800000000000
12 11 11 1 0.00005800000000000
11 10 10 1 0.00003800000000000
13 12 12 1 0.00006800000000000
12 11 11 1 0.00004500000000000
12 11 11 1 0.00005700000000000
13 12 12 1 0.00005400000000000
5 4 4 1 0.00001000000000000
14 13 13 1 0.00006600000000000
14 13 13 1 0.00008300000000000
14 13 13 1 0.00006500000000000
13 12 12 1 0.00006800000000000
13 12 12 1 0.00005500000000000
14 13 13 1 0.00008100000000000
13 12 12 1 0.00006900000000000
10 9 9 1 0.00004900000000000
13 12 12 1 0.00007000000000000
14 13 13 1 0.00006500000000000
12 11 11 1 0.00005600000000000
12 11 11 1 0.00004500000000000
14 13 13 1 0.00008100000000000
9 8 8 1 0.00003100000000000
14 13 13 1 0.00006600000000000
13 12 12 1 0.00006900000000000
15 14 14 1 0.00008300000000000
11 10 10 1 0.00005700000000000
15 14 14 1 0.00007500000000000
15 14 14 1 0.00009400000000000
14 13 13 1 0.00008200000000000
15 14 14 1 0.00010300000000000
13 12 12 1 0.00007000000000000
14 13 13 1 0.00006500000000000
13 12 12 1 0.00006900000000000
7 6 6 1 0.00002500000000000
16 15 15 1 0.00007600000000000
16 15 15 1 0.00010000000000000
15 14 14 1 0.00007600000000000
9 8 8 1 0.00003200000000000
15 14 14 1 0.00009500000000000
16 15 15 1 0.00010100000000000
16 15 15 1 0.00008500000000000
16 15 15 1 0.00009500000000000
17 16 16 1 0.00010700000000000
15 14 14 1 0.00007800000000000
16 15 15 1 0.00010100000000000
16 15 15 1 0.00010200000000000
14 13 13 1 0.00008200000000000
17 16 16 1 0.00010600000000000
8 7 7 1 0.00002000000000000
17 16 16 1 0.00013600000000000
15 14 14 1 0.00009500000000000
18 17 17 1 0.00014000000000000
16 15 15 1 0.00010200000000000
10 9 9 1 0.00003900000000000
18 17 17 1 0.00013700000000000
17 16 16 1 0.00012900000000000
17 16 16 1 0.00010300000000000
18 17 17 1 0.00016500000000000
18 17 17 1 0.00013200000000000
17 16 16 1 0.00013800000000000
18 17 17 1 0.00016900000000000
16 15 15 1 0.00008500000000000
17 16 16 1 0.00012900000000000
18 17 17 1 0.00013000000000000
17 16 16 1 0.00012900000000000
19 18 18 1 0.00015200000000000
18 17 17 1 0.00016900000000000
18 17 17 1 0.00016300000000000
15 14 14 1 0.00009500000000000
17 16 16 1 0.00012900000000000
19 18 18 1 0.00015000000000000
17 16 16 1 0.00012900000000000
19 18 18 1 0.00015200000000000
19 18 18 1 0.00018700000000000
19 18 18 1 0.00018700000000000
19 18 18 1 0.00018600000000000
19 18 18 1 0.00014900000000000
18 17 17 1 0.00016300000000000
20 19 19 1 0.00017000000000000
19 18 18 1 0.00018900000000000
19 18 18 1 0.00019200000000000
20 19 19 1 0.00021000000000000
20 19 19 1 0.00016600000000000
20 19 19 1 0.00017100000000000
20 19 19 1 0.00021000000000000
20 19 19 1 0.00021200000000000
20 19 19 1 0.00021300000000000
21 20 20 1 0.00019100000000000
20 19 19 1 0.00021100000000000
21 20 20 1 0.00018900000000000
18 17 17 1 0.00016800000000000
20 19 19 1 0.00021100000000000
19 18 18 1 0.00018600000000000
21 20 20 1 0.00023900000000000
21 20 20 1 0.00019100000000000
21 20 20 1 0.00024200000000000
21 20 20 1 0.00023800000000000
21 20 20 1 0.00018600000000000
21 20 20 1 0.00023700000000000
21 20 20 1 0.00023900000000000
15 14 14 1 0.00009600000000000
16 15 15 1 0.00009900000000000
22 21 21 1 0.00021000000000000
22 21 21 1 0.00021100000000000
20 19 19 1 0.00020900000000000
21 20 20 1 0.00024300000000000
22 21 21 1 0.00026300000000000
22 21 21 1 0.00020900000000000
22 21 21 1 0.00026700000000000
22 21 21 1 0.00021100000000000
22 21 21 1 0.00026700000000000
22 21 21 1 0.00026900000000000
22 21 21 1 0.00026200000000000
22 21 21 1 0.00026400000000000
23 22 22 1 0.00023800000000000
23 22 22 1 0.00029300000000000
23 22 22 1 0.00029500000000000
23 22 22 1 0.00023500000000000
23 22 22 1 0.00029500000000000
23 22 22 1 0.00029100000000000
23 22 22 1 0.00029800000000000
23 22 22 1 0.00029300000000000
23 22 22 1 0.00029200000000000
24 23 23 1 0.00026300000000000
24 23 23 1 0.00026400000000000
23 22 22 1 0.00030400000000000
24 23 23 1 0.00033500000000000
24 23 23 1 0.00026500000000000
24 23 23 1 0.00033000000000000
24 23 23 1 0.00026900000000000
24 23 23 1 0.00032400000000000
24 23 23 1 0.00033400000000000
24 23 23 1 0.00032800000000000
24 23 23 1 0.00032900000000000
25 24 24 1 0.00029000000000000
25 24 24 1 0.00036900000000000
25 24 24 1 0.00036200000000000
25 24 24 1 0.00036700000000000
25 24 24 1 0.00029100000000000
25 24 24 1 0.00036300000000000
25 24 24 1 0.00036200000000000
25 24 24 1 0.00036200000000000
25 24 24 1 0.00036400000000000
25 24 24 1 0.00036800000000000
26 25 25 1 0.00031900000000000
26 25 25 1 0.00031600000000000
26 25 25 1 0.00040000000000000
26 25 25 1 0.00040200000000000
26 25 25 1 0.00031900000000000
26 25 25 1 0.00040000000000000
26 25 25 1 0.00031700000000000
26 25 25 1 0.00040000000000000
26 25 25 1 0.00040700000000000
26 25 25 1 0.00040300000000000
27 26 26 1 0.00034600000000000
27 26 26 1 0.00043800000000000
27 26 26 1 0.00043900000000000
27 26 26 1 0.00043800000000000
27 26 26 1 0.00043900000000000
27 26 26 1 0.00035200000000000
27 26 26 1 0.00043500000000000
27 26 26 1 0.00043700000000000
27 26 26 1 0.00043300000000000
27 26 26 1 0.00043800000000000
28 27 27 1 0.00037800000000000
28 27 27 1 0.00037700000000000
28 27 27 1 0.00047300000000000
28 27 27 1 0.00047300000000000
28 27 27 1 0.00037800000000000
28 27 27 1 0.00047600000000000
28 27 27 1 0.00047300000000000
28 27 27 1 0.00047300000000000
29 28 28 1 0.00042800000000000
28 27 27 1 0.00046900000000000
28 27 27 1 0.00047100000000000
29 28 28 1 0.00042100000000000
29 28 28 1 0.00052800000000000
29 28 28 1 0.00052600000000000
29 28 28 1 0.00052600000000000
29 28 28 1 0.00041600000000000
29 28 28 1 0.00052500000000000
29 28 28 1 0.00052900000000000
29 28 28 1 0.00052600000000000
29 28 28 1 0.00052600000000000
30 29 29 1 0.00046000000000000
30 29 29 1 0.00045800000000000
30 29 29 1 0.00057600000000000
30 29 29 1 0.00057400000000000
30 29 29 1 0.00057400000000000
30 29 29 1 0.00046000000000000
30 29 29 1 0.00057200000000000
30 29 29 1 0.00057200000000000
30 29 29 1 0.00056900000000000
31 30 30 1 0.00048800000000000
30 29 29 1 0.00056700000000000
31 30 30 1 0.00061800000000000
31 30 30 1 0.00061400000000000
31 30 30 1 0.00049300000000000
31 30 30 1 0.00061800000000000
31 30 30 1 0.00061700000000000
31 30 30 1 0.00049500000000000
31 30 30 1 0.00061200000000000
31 30 30 1 0.00061400000000000
31 30 30 1 0.00061100000000000
32 31 31 1 0.00047900000000000
32 31 31 1 0.00048100000000000
32 31 31 1 0.00059500000000000
32 31 31 1 0.00059800000000000
32 31 31 1 0.00059800000000000
32 31 31 1 0.00059700000000000
32 31 31 1 0.00047400000000000
32 31 31 1 0.00060400000000000
32 31 31 1 0.00059900000000000
32 31 31 1 0.00060200000000000
33 32 32 1 0.00058700000000000
33 32 32 1 0.00071400000000000
33 32 32 1 0.00057200000000000
33 32 32 1 0.00071800000000000
33 32 32 1 0.00071500000000000
33 32 32 1 0.00071500000000000
33 32 32 1 0.00071600000000000
33 32 32 1 0.00071700000000000
34 33 33 1 0.00066800000000000
33 32 32 1 0.00071200000000000
33 32 32 1 0.00070800000000000
34 33 33 1 0.00066900000000000
34 33 33 1 0.00066700000000000
34 33 33 1 0.00084000000000000
34 33 33 1 0.00084000000000000
34 33 33 1 0.00083600000000000
34 33 33 1 0.00083300000000000
35 34 34 1 0.00078300000000000
34 33 33 1 0.00083600000000000
34 33 33 1 0.00083300000000000
34 33 33 1 0.00083500000000000
35 34 34 1 0.00076600000000000
35 34 34 1 0.00098200000000000
35 34 34 1 0.00097600000000000
35 34 34 1 0.00078200000000000
35 34 34 1 0.00097700000000000
35 34 34 1 0.00097600000000000
36 35 35 1 0.00082400000000000
35 34 34 1 0.00097800000000000
35 34 34 1 0.00097600000000000
35 34 34 1 0.00097800000000000
36 35 35 1 0.00082500000000000
36 35 35 1 0.00103400000000000
36 35 35 1 0.00082900000000000
36 35 35 1 0.00103700000000000
36 35 35 1 0.00103200000000000
36 35 35 1 0.00103700000000000
37 36 36 1 0.00088200000000000
36 35 35 1 0.00104000000000000
36 35 35 1 0.00103400000000000
36 35 35 1 0.00103300000000000
37 36 36 1 0.00088000000000000
37 36 36 1 0.00110900000000000
37 36 36 1 0.00111100000000000
37 36 36 1 0.00110700000000000
37 36 36 1 0.00110800000000000
37 36 36 1 0.00088400000000000
37 36 36 1 0.00110300000000000
37 36 36 1 0.00110200000000000
37 36 36 1 0.00110100000000000
38 37 37 1 0.00094600000000000
38 37 37 1 0.00095000000000000
38 37 37 1 0.00094800000000000
38 37 37 1 0.00118500000000000
38 37 37 1 0.00118400000000000
38 37 37 1 0.00118500000000000
38 37 37 1 0.00118600000000000
38 37 37 1 0.00118800000000000
38 37 37 1 0.00118900000000000
38 37 37 1 0.00118300000000000
39 38 38 1 0.00101500000000000
39 38 38 1 0.00126500000000000
39 38 38 1 0.00103400000000000
39 38 38 1 0.00127500000000000
39 38 38 1 0.00126900000000000
39 38 38 1 0.00126200000000000
40 39 39 1 0.00109400000000000
39 38 38 1 0.00125400000000000
39 38 38 1 0.00127100000000000
39 38 38 1 0.00126100000000000
39 38 38 1 0.00126700000000000
40 39 39 1 0.00109500000000000
40 39 39 1 0.00109300000000000
40 39 39 1 0.00109200000000000
40 39 39 1 0.00136600000000000
40 39 39 1 0.00136300000000000
40 39 39 1 0.00137200000000000
40 39 39 1 0.00136800000000000
41 40 40 1 0.00114400000000000
40 39 39 1 0.00137000000000000
40 39 39 1 0.00136500000000000
41 40 40 1 0.00143500000000000
41 40 40 1 0.00113900000000000
41 40 40 1 0.00144100000000000
41 40 40 1 0.00143800000000000
41 40 40 1 0.00143300000000000
41 40 40 1 0.00143300000000000
42 41 41 1 0.00121200000000000
41 40 40 1 0.00143200000000000
41 40 40 1 0.00142800000000000
41 40 40 1 0.00143700000000000
42 41 41 1 0.00121800000000000
42 41 41 1 0.00152300000000000
42 41 41 1 0.00121700000000000
42 41 41 1 0.00121400000000000
42 41 41 1 0.00153100000000000
42 41 41 1 0.00152800000000000
42 41 41 1 0.00152800000000000
42 41 41 1 0.00152400000000000
42 41 41 1 0.00152300000000000
43 42 42 1 0.00130900000000000
43 42 42 1 0.00163300000000000
43 42 42 1 0.00129700000000000
43 42 42 1 0.00163700000000000
43 42 42 1 0.00163500000000000
43 42 42 1 0.00163700000000000
43 42 42 1 0.00164000000000000
44 43 43 1 0.00136700000000000
43 42 42 1 0.00163900000000000
43 42 42 1 0.00163800000000000
43 42 42 1 0.00164100000000000
44 43 43 1 0.00136600000000000
44 43 43 1 0.00171200000000000
44 43 43 1 0.00138700000000000
44 43 43 1 0.00137900000000000
44 43 43 1 0.00172800000000000
44 43 43 1 0.00171800000000000
44 43 43 1 0.00171700000000000
44 43 43 1 0.00172100000000000
44 43 43 1 0.00172000000000000
45 44 44 1 0.00184100000000000
45 44 44 1 0.00184200000000000
45 44 44 1 0.00147200000000000
45 44 44 1 0.00145100000000000
45 44 44 1 0.00184000000000000
45 44 44 1 0.00184900000000000
45 44 44 1 0.00184200000000000
46 45 45 1 0.00155400000000000
45 44 44 1 0.00184500000000000
45 44 44 1 0.00185200000000000
45 44 44 1 0.00184900000000000
46 45 45 1 0.00155400000000000
46 45 45 1 0.00194400000000000
46 45 45 1 0.00155000000000000
46 45 45 1 0.00154900000000000
46 45 45 1 0.00194300000000000
46 45 45 1 0.00195100000000000
46 45 45 1 0.00193300000000000
46 45 45 1 0.00193900000000000
46 45 45 1 0.00194000000000000
47 46 46 1 0.00205100000000000
47 46 46 1 0.00206200000000000
47 46 46 1 0.00164800000000000
47 46 46 1 0.00163200000000000
47 46 46 1 0.00205200000000000
47 46 46 1 0.00206000000000000
47 46 46 1 0.00204800000000000
47 46 46 1 0.00205500000000000
47 46 46 1 0.00205600000000000
48 47 47 1 0.00176500000000000
47 46 46 1 0.00205400000000000
48 47 47 1 0.00176000000000000
48 47 47 1 0.00219700000000000
48 47 47 1 0.00175100000000000
48 47 47 1 0.00175700000000000
48 47 47 1 0.00217900000000000
48 47 47 1 0.00219200000000000
48 47 47 1 0.00219100000000000
48 47 47 1 0.00219500000000000
48 47 47 1 0.00219300000000000
49 48 48 1 0.00230000000000000
49 48 48 1 0.00229400000000000
49 48 48 1 0.00183300000000000
49 48 48 1 0.00228100000000000
49 48 48 1 0.00187000000000000
49 48 48 1 0.00229500000000000
49 48 48 1 0.00228700000000000
49 48 48 1 0.00229800000000000
49 48 48 1 0.00228000000000000
49 48 48 1 0.00228800000000000
50 49 49 1 0.00194100000000000
50 49 49 1 0.00243800000000000
50 49 49 1 0.00243300000000000
50 49 49 1 0.00193700000000000
50 49 49 1 0.00193900000000000
50 49 49 1 0.00194000000000000
50 49 49 1 0.00244200000000000
50 49 49 1 0.00242700000000000
50 49 49 1 0.00243000000000000
50 49 49 1 0.00243100000000000
51 50 50 1 0.00255100000000000
51 50 50 1 0.00254000000000000
51 50 50 1 0.00203000000000000
51 50 50 1 0.00254200000000000
51 50 50 1 0.00208700000000000
51 50 50 1 0.00256500000000000
51 50 50 1 0.00255400000000000
51 50 50 1 0.00255400000000000
51 50 50 1 0.00254400000000000
51 50 50 1 0.00255700000000000
52 51 51 1 0.00213400000000000
52 51 51 1 0.00267200000000000
52 51 51 1 0.00267800000000000
52 51 51 1 0.00213300000000000
52 51 51 1 0.00267000000000000
52 51 51 1 0.00213200000000000
52 51 51 1 0.00266800000000000
52 51 51 1 0.00213200000000000
52 51 51 1 0.00267100000000000
52 51 51 1 0.00267400000000000
53 52 52 1 0.00288100000000000
53 52 52 1 0.00287300000000000
53 52 52 1 0.00229000000000000
53 52 52 1 0.00286700000000000
53 52 52 1 0.00227900000000000
53 52 52 1 0.00287300000000000
53 52 52 1 0.00286400000000000
53 52 52 1 0.00287000000000000
53 52 52 1 0.00286500000000000
53 52 52 1 0.00286600000000000
54 53 53 1 0.00237300000000000
54 53 53 1 0.00297800000000000
54 53 53 1 0.00296500000000000
54 53 53 1 0.00236300000000000
54 53 53 1 0.00296000000000000
54 53 53 1 0.00237700000000000
54 53 53 1 0.00296800000000000
55 54 54 1 0.00250300000000000
54 53 53 1 0.00294600000000000
54 53 53 1 0.00296200000000000
54 53 53 1 0.00297000000000000
55 54 54 1 0.00312800000000000
55 54 54 1 0.00311700000000000
55 54 54 1 0.00312200000000000
55 54 54 1 0.00250100000000000
55 54 54 1 0.00247400000000000
55 54 54 1 0.00311200000000000
55 54 54 1 0.00311700000000000
55 54 54 1 0.00310800000000000
55 54 54 1 0.00312000000000000
56 55 55 1 0.00261400000000000
56 55 55 1 0.00325200000000000
56 55 55 1 0.00325300000000000
56 55 55 1 0.00258800000000000
56 55 55 1 0.00324600000000000
56 55 55 1 0.00258700000000000
56 55 55 1 0.00325300000000000
56 55 55 1 0.00325600000000000
57 56 56 1 0.00278100000000000
56 55 55 1 0.00327100000000000
56 55 55 1 0.00325200000000000
57 56 56 1 0.00343800000000000
57 56 56 1 0.00344800000000000
57 56 56 1 0.00272400000000000
57 56 56 1 0.00346900000000000
57 56 56 1 0.00345400000000000
57 56 56 1 0.00274600000000000
57 56 56 1 0.00339500000000000
57 56 56 1 0.00340600000000000
57 56 56 1 0.00345200000000000
58 57 57 1 0.00296200000000000
58 57 57 1 0.00372300000000000
58 57 57 1 0.00371700000000000
58 57 57 1 0.00296600000000000
58 57 57 1 0.00296600000000000
58 57 57 1 0.00378400000000000
58 57 57 1 0.00370000000000000
59 58 58 1 0.00302600000000000
58 57 57 1 0.00371600000000000
58 57 57 1 0.00373500000000000
58 57 57 1 0.00371400000000000
59 58 58 1 0.00381300000000000
59 58 58 1 0.00380800000000000
59 58 58 1 0.00381300000000000
59 58 58 1 0.00303900000000000
59 58 58 1 0.00380600000000000
60 59 59 1 0.00310100000000000
59 58 58 1 0.00379100000000000
59 58 58 1 0.00382900000000000
59 58 58 1 0.00377500000000000
59 58 58 1 0.00380000000000000
60 59 59 1 0.00397100000000000
60 59 59 1 0.00319500000000000
60 59 59 1 0.00397800000000000
60 59 59 1 0.00396700000000000
60 59 59 1 0.00319700000000000
60 59 59 1 0.00315400000000000
60 59 59 1 0.00399800000000000
61 60 60 1 0.00331600000000000
60 59 59 1 0.00398700000000000
60 59 59 1 0.00407200000000000
61 60 60 1 0.00413400000000000
61 60 60 1 0.00326700000000000
61 60 60 1 0.00413600000000000
61 60 60 1 0.00413300000000000
61 60 60 1 0.00412900000000000
62 61 61 1 0.00347000000000000
61 60 60 1 0.00414600000000000
61 60 60 1 0.00408500000000000
61 60 60 1 0.00410900000000000
61 60 60 1 0.00411500000000000
62 61 61 1 0.00430600000000000
62 61 61 1 0.00344300000000000
62 61 61 1 0.00430900000000000
62 61 61 1 0.00432700000000000
62 61 61 1 0.00342100000000000
62 61 61 1 0.00433300000000000
63 62 62 1 0.00363300000000000
62 61 61 1 0.00433700000000000
62 61 61 1 0.00426900000000000
62 61 61 1 0.00427600000000000
63 62 62 1 0.00363100000000000
63 62 62 1 0.00364900000000000
63 62 62 1 0.00453800000000000
63 62 62 1 0.00459600000000000
64 63 63 1 0.00353100000000000
63 62 62 1 0.00453100000000000
63 62 62 1 0.00451000000000000
63 62 62 1 0.00453400000000000
63 62 62 1 0.00454100000000000
63 62 62 1 0.00453700000000000
64 63 63 1 0.00431900000000000
64 63 63 1 0.00435300000000000
64 63 63 1 0.00439300000000000
64 63 63 1 0.00348600000000000
64 63 63 1 0.00435000000000000
64 63 63 1 0.00347900000000000
64 63 63 1 0.00437800000000000
65 64 64 1 0.00384600000000000
64 63 63 1 0.00435000000000000
64 63 63 1 0.00436600000000000
65 64 64 1 0.00386600000000000
65 64 64 1 0.00480700000000000
65 64 64 1 0.00484500000000000
65 64 64 1 0.00482400000000000
65 64 64 1 0.00480600000000000
65 64 64 1 0.00385600000000000
65 64 64 1 0.00381900000000000
65 64 64 1 0.00482400000000000
65 64 64 1 0.00483400000000000
66 65 65 1 0.00529400000000000
66 65 65 1 0.00423700000000000
66 65 65 1 0.00533000000000000
66 65 65 1 0.00526500000000000
67 66 66 1 0.00461500000000000
66 65 65 1 0.00531400000000000
66 65 65 1 0.00528700000000000
66 65 65 1 0.00528800000000000
66 65 65 1 0.00528700000000000
66 65 65 1 0.00529100000000000
66 65 65 1 0.00529700000000000
67 66 66 1 0.00464600000000000
67 66 66 1 0.00461800000000000
67 66 66 1 0.00576900000000000
67 66 66 1 0.00578400000000000
67 66 66 1 0.00577900000000000
68 67 67 1 0.00504800000000000
67 66 66 1 0.00576900000000000
68 67 67 1 0.00492100000000000
67 66 66 1 0.00579200000000000
67 66 66 1 0.00576800000000000
67 66 66 1 0.00575900000000000
68 67 67 1 0.00506100000000000
68 67 67 1 0.00630200000000000
68 67 67 1 0.00629600000000000
68 67 67 1 0.00503300000000000
68 67 67 1 0.00630500000000000
68 67 67 1 0.00635700000000000
69 68 68 1 0.00535700000000000
68 67 67 1 0.00630700000000000
68 67 67 1 0.00633500000000000
69 68 68 1 0.00537800000000000
69 68 68 1 0.00668000000000000
69 68 68 1 0.00671700000000000
69 68 68 1 0.00671400000000000
69 68 68 1 0.00669900000000000
69 68 68 1 0.00668900000000000
70 69 69 1 0.00555000000000000
70 69 69 1 0.00554700000000000
69 68 68 1 0.00669900000000000
69 68 68 1 0.00671500000000000
69 68 68 1 0.00668900000000000
70 69 69 1 0.00695800000000000
70 69 69 1 0.00695100000000000
70 69 69 1 0.00553800000000000
70 69 69 1 0.00694800000000000
70 69 69 1 0.00697000000000000
70 69 69 1 0.00556900000000000
70 69 69 1 0.00697000000000000
71 70 70 1 0.00579700000000000
70 69 69 1 0.00695300000000000
71 70 70 1 0.00576400000000000
71 70 70 1 0.00717900000000000
71 70 70 1 0.00725100000000000
71 70 70 1 0.00720500000000000
71 70 70 1 0.00722700000000000
71 70 70 1 0.00720900000000000
72 71 71 1 0.00596100000000000
71 70 70 1 0.00723000000000000
71 70 70 1 0.00721600000000000
71 70 70 1 0.00720300000000000
72 71 71 1 0.00610800000000000
72 71 71 1 0.00748800000000000
72 71 71 1 0.00746600000000000
72 71 71 1 0.00597400000000000
72 71 71 1 0.00742400000000000
72 71 71 1 0.00743400000000000
73 72 72 1 0.00619600000000000
72 71 71 1 0.00744900000000000
72 71 71 1 0.00749800000000000
72 71 71 1 0.00743900000000000
73 72 72 1 0.00775800000000000
73 72 72 1 0.00620900000000000
73 72 72 1 0.00621100000000000
73 72 72 1 0.00779000000000000
73 72 72 1 0.00775700000000000
74 73 73 1 0.00649000000000000
73 72 72 1 0.00777800000000000
73 72 72 1 0.00775100000000000
73 72 72 1 0.00775800000000000
74 73 73 1 0.00745000000000000
74 73 73 1 0.00811700000000000
74 73 73 1 0.00813600000000000
74 73 73 1 0.00812600000000000
74 73 73 1 0.00815900000000000
74 73 73 1 0.00654100000000000
74 73 73 1 0.00818200000000000
75 74 74 1 0.00670400000000000
74 73 73 1 0.00816700000000000
74 73 73 1 0.00810600000000000
75 74 74 1 0.00838700000000000
75 74 74 1 0.00674100000000000
75 74 74 1 0.00837700000000000
75 74 74 1 0.00671200000000000
75 74 74 1 0.00841600000000000
75 74 74 1 0.00838000000000000
75 74 74 1 0.00841000000000000
76 75 75 1 0.00693200000000000
75 74 74 1 0.00839200000000000
75 74 74 1 0.00840600000000000
76 75 75 1 0.00697200000000000
76 75 75 1 0.00693600000000000
76 75 75 1 0.00874400000000000
76 75 75 1 0.00871500000000000
76 75 75 1 0.00869700000000000
77 76 76 1 0.00717700000000000
76 75 75 1 0.00867800000000000
76 75 75 1 0.00870100000000000
76 75 75 1 0.00869800000000000
76 75 75 1 0.00871300000000000
77 76 76 1 0.00900800000000000
77 76 76 1 0.00721900000000000
77 76 76 1 0.00718300000000000
77 76 76 1 0.00896600000000000
77 76 76 1 0.00899000000000000
77 76 76 1 0.00898800000000000
77 76 76 1 0.00897500000000000
77 76 76 1 0.00902700000000000
77 76 76 1 0.00895900000000000
78 77 77 1 0.00744800000000000
78 77 77 1 0.00936200000000000
78 77 77 1 0.00749400000000000
73 72 72 1 0.02400600000000000
78 77 77 1 0.00744400000000000
78 77 77 1 0.00936800000000000
78 77 77 1 0.00935700000000000
78 77 77 1 0.00745700000000000
78 77 77 1 0.00936200000000000
78 77 77 1 0.00936500000000000
78 77 77 1 0.00934800000000000
79 78 78 1 0.00787000000000000
79 78 78 1 0.00781700000000000
79 78 78 1 0.00985400000000000
79 78 78 1 0.00985000000000000
79 78 78 1 0.00983000000000000
79 78 78 1 0.00979000000000000
79 78 78 1 0.00982100000000000
79 78 78 1 0.00982700000000000
79 78 78 1 0.00984200000000000
80 79 79 1 0.00795800000000000
79 78 78 1 0.00984200000000000
80 79 79 1 0.00795200000000000
80 79 79 1 0.00993400000000000
80 79 79 1 0.00995100000000000
80 79 79 1 0.00997000000000000
80 79 79 1 0.00794800000000000
80 79 79 1 0.00998100000000000
81 80 80 1 0.00821100000000000
80 79 79 1 0.00996700000000000
80 79 79 1 0.00991800000000000
80 79 79 1 0.00995600000000000
81 80 80 1 0.00819700000000000
81 80 80 1 0.00819100000000000
81 80 80 1 0.01027000000000000
81 80 80 1 0.01028600000000000
81 80 80 1 0.01028700000000000
81 80 80 1 0.01027000000000000
81 80 80 1 0.01028000000000000
81 80 80 1 0.01024200000000000
81 80 80 1 0.01026200000000000
82 81 81 1 0.00858800000000000
82 81 81 1 0.01067400000000000
82 81 81 1 0.00855600000000000
82 81 81 1 0.00853600000000000
82 81 81 1 0.01068000000000000
82 81 81 1 0.01067000000000000
82 81 81 1 0.01065200000000000
82 81 81 1 0.01068400000000000
83 82 82 1 0.00878100000000000
82 81 81 1 0.01068600000000000
82 81 81 1 0.01071700000000000
83 82 82 1 0.01100800000000000
83 82 82 1 0.00881600000000000
83 82 82 1 0.00880700000000000
83 82 82 1 0.01102600000000000
83 82 82 1 0.01102100000000000
83 82 82 1 0.01102600000000000
83 82 82 1 0.01108000000000000
83 82 82 1 0.01102200000000000
84 83 83 1 0.00912500000000000
84 83 83 1 0.00930900000000000
84 83 83 1 0.01160600000000000
84 83 83 1 0.01159500000000000
84 83 83 1 0.00929700000000000
84 83 83 1 0.01158400000000000
84 83 83 1 0.01161100000000000
84 83 83 1 0.01166200000000000
85 84 84 1 0.00935900000000000
84 83 83 1 0.01163500000000000
84 83 83 1 0.01159000000000000
85 84 84 1 0.01175500000000000
85 84 84 1 0.00941000000000000
85 84 84 1 0.01173800000000000
85 84 84 1 0.00936300000000000
85 84 84 1 0.01171600000000000
85 84 84 1 0.01173100000000000
85 84 84 1 0.01171600000000000
85 84 84 1 0.01174300000000000
85 84 84 1 0.01174300000000000
86 85 85 1 0.00969500000000000
86 85 85 1 0.00969400000000000
86 85 85 1 0.00968600000000000
86 85 85 1 0.01211700000000000
86 85 85 1 0.01209500000000000
86 85 85 1 0.01214900000000000
83 82 82 1 0.02709300000000000
86 85 85 1 0.01208400000000000
87 86 86 1 0.01022600000000000
86 85 85 1 0.01211800000000000
86 85 85 1 0.01209300000000000
86 85 85 1 0.01211700000000000
87 86 86 1 0.01024400000000000
87 86 86 1 0.01280600000000000
87 86 86 1 0.01024200000000000
87 86 86 1 0.01281400000000000
87 86 86 1 0.01278400000000000
87 86 86 1 0.01278600000000000
87 86 86 1 0.01273800000000000
87 86 86 1 0.01276300000000000
87 86 86 1 0.01279300000000000
88 87 87 1 0.01034000000000000
88 87 87 1 0.01285900000000000
88 87 87 1 0.01029000000000000
88 87 87 1 0.01030700000000000
88 87 87 1 0.01281900000000000
88 87 87 1 0.01291300000000000
88 87 87 1 0.01283900000000000
89 88 88 1 0.01082100000000000
88 87 87 1 0.01286200000000000
88 87 87 1 0.01288300000000000
89 88 88 1 0.01088000000000000
89 88 88 1 0.01082600000000000
89 88 88 1 0.01353700000000000
89 88 88 1 0.01359400000000000
89 88 88 1 0.01353300000000000
89 88 88 1 0.01356200000000000
89 88 88 1 0.01358300000000000
89 88 88 1 0.01357800000000000
89 88 88 1 0.01355900000000000
90 89 89 1 0.01101900000000000
90 89 89 1 0.01374000000000000
90 89 89 1 0.01102600000000000
90 89 89 1 0.01374100000000000
90 89 89 1 0.01100700000000000
90 89 89 1 0.01378400000000000
90 89 89 1 0.01383500000000000
90 89 89 1 0.01378200000000000
90 89 89 1 0.01372200000000000
91 90 90 1 0.01132300000000000
90 89 89 1 0.01381100000000000
91 90 90 1 0.01138800000000000
91 90 90 1 0.01128800000000000
91 90 90 1 0.01416900000000000
91 90 90 1 0.01415000000000000
91 90 90 1 0.01422300000000000
91 90 90 1 0.01415300000000000
91 90 90 1 0.01417600000000000
91 90 90 1 0.01414500000000000
91 90 90 1 0.01414000000000000
88 87 87 1 0.03001400000000000
92 91 91 1 0.01165000000000000
92 91 91 1 0.01195500000000000
92 91 91 1 0.01494200000000000
92 91 91 1 0.01193100000000000
92 91 91 1 0.01492200000000000
92 91 91 1 0.01489000000000000
92 91 91 1 0.01490800000000000
92 91 91 1 0.01492200000000000
92 91 91 1 0.01490200000000000
93 92 92 1 0.01194300000000000
92 91 91 1 0.01499100000000000
93 92 92 1 0.01494600000000000
93 92 92 1 0.01198300000000000
93 92 92 1 0.01195400000000000
93 92 92 1 0.01496100000000000
93 92 92 1 0.01496700000000000
93 92 92 1 0.01498400000000000
93 92 92 1 0.01495300000000000
94 93 93 1 0.01231900000000000
93 92 92 1 0.01501500000000000
94 93 93 1 0.01262800000000000
94 93 93 1 0.01261000000000000
94 93 93 1 0.01574100000000000
94 93 93 1 0.01578400000000000
94 93 93 1 0.01577600000000000
94 93 93 1 0.01586000000000000
93 92 92 1 0.02115800000000000
94 93 93 1 0.01575700000000000
95 94 94 1 0.01275200000000000
94 93 93 1 0.01577300000000000
94 93 93 1 0.01577300000000000
95 94 94 1 0.01595600000000000
95 94 94 1 0.01275800000000000
95 94 94 1 0.01273600000000000
95 94 94 1 0.01590500000000000
95 94 94 1 0.01596000000000000
95 94 94 1 0.01596000000000000
95 94 94 1 0.01588500000000000
95 94 94 1 0.01605200000000000
95 94 94 1 0.01593300000000000
96 95 95 1 0.01323500000000000
96 95 95 1 0.01303900000000000
96 95 95 1 0.01621700000000000
96 95 95 1 0.01622800000000000
96 95 95 1 0.01300900000000000
96 95 95 1 0.01621900000000000
96 95 95 1 0.01622000000000000
96 95 95 1 0.01623800000000000
96 95 95 1 0.01624800000000000
97 96 96 1 0.01371500000000000
96 95 95 1 0.01628200000000000
97 96 96 1 0.01373500000000000
97 96 96 1 0.01370300000000000
97 96 96 1 0.01718600000000000
97 96 96 1 0.01718900000000000
97 96 96 1 0.01715400000000000
97 96 96 1 0.01714400000000000
97 96 96 1 0.01716100000000000
97 96 96 1 0.01713400000000000
97 96 96 1 0.01714600000000000
98 97 97 1 0.01733600000000000
98 97 97 1 0.01729200000000000
98 97 97 1 0.01394400000000000
98 97 97 1 0.01384100000000000
98 97 97 1 0.01728800000000000
98 97 97 1 0.01734700000000000
98 97 97 1 0.01385400000000000
98 97 97 1 0.01725600000000000
98 97 97 1 0.01728000000000000
99 98 98 1 0.01459000000000000
98 97 97 1 0.01728600000000000
99 98 98 1 0.01462100000000000
99 98 98 1 0.01456800000000000
99 98 98 1 0.01828200000000000
99 98 98 1 0.01826000000000000
99 98 98 1 0.01819400000000000
99 98 98 1 0.01822100000000000
99 98 98 1 0.01827200000000000
99 98 98 1 0.01825500000000000
99 98 98 1 0.01821800000000000
100 99 99 1 0.01825800000000000
100 99 99 1 0.01458700000000000
100 99 99 1 0.01826200000000000
100 99 99 1 0.01461200000000000
100 99 99 1 0.01826200000000000
100 99 99 1 0.01827700000000000
100 99 99 1 0.01832400000000000
100 99 99 1 0.01827900000000000
105 104 104 1 0.01662100000000000
100 99 99 1 0.01827500000000000
100 99 99 1 0.01828800000000000
105 104 104 1 0.01661900000000000
105 104 104 1 0.01670100000000000
105 104 104 1 0.01668000000000000
105 104 104 1 0.02086100000000000
105 104 104 1 0.02082000000000000
105 104 104 1 0.02087400000000000
105 104 104 1 0.02080100000000000
105 104 104 1 0.02084700000000000
105 104 104 1 0.02080400000000000
110 109 109 1 0.01919900000000000
110 109 109 1 0.01916900000000000
110 109 109 1 0.02400500000000000
110 109 109 1 0.02401300000000000
110 109 109 1 0.02408500000000000
110 109 109 1 0.02395000000000000
110 109 109 1 0.02410900000000000
110 109 109 1 0.02393500000000000
110 109 109 1 0.02402500000000000
115 114 114 1 0.02171100000000000
110 109 109 1 0.02400900000000000
115 114 114 1 0.02715600000000000
115 114 114 1 0.02188400000000000
115 114 114 1 0.02717600000000000
115 114 114 1 0.02713500000000000
115 114 114 1 0.02177000000000000
115 114 114 1 0.02185300000000000
115 114 114 1 0.02724100000000000
115 114 114 1 0.02704800000000000
115 114 114 1 0.02726100000000000
120 119 119 1 0.02407200000000000
120 119 119 1 0.03019300000000000
120 119 119 1 0.02410800000000000
120 119 119 1 0.03014400000000000
120 119 119 1 0.03006800000000000
120 119 119 1 0.03020100000000000
120 119 119 1 0.03015400000000000
125 124 124 1 0.02698700000000000
120 119 119 1 0.03021000000000000
120 119 119 1 0.03014300000000000
120 119 119 1 0.03014700000000000
125 124 124 1 0.03576300000000000
125 124 124 1 0.02964100000000000
125 124 124 1 0.03564600000000000
125 124 124 1 0.03537900000000000
125 124 124 1 0.03528500000000000
125 124 124 1 0.02964400000000000
125 124 124 1 0.03465000000000000
125 124 124 1 0.03440300000000000
130 129 129 1 0.03353700000000000
125 124 124 1 0.03410700000000000
130 129 129 1 0.03796100000000000
130 129 129 1 0.03672900000000000
130 129 129 1 0.03676200000000000
130 129 129 1 0.03432500000000000
130 129 129 1 0.03365400000000000
130 129 129 1 0.03553800000000000
130 129 129 1 0.03514600000000000
130 129 129 1 0.03528300000000000
130 129 129 1 0.03524500000000000
135 134 134 1 0.04180200000000000
135 134 134 1 0.04108200000000000
135 134 134 1 0.04138300000000000
135 134 134 1 0.04139600000000000
135 134 134 1 0.04116000000000000
135 134 134 1 0.03839100000000000
135 134 134 1 0.03837500000000000
135 134 134 1 0.03846600000000000
135 134 134 1 0.03838700000000000
135 134 134 1 0.03843500000000000
140 139 139 1 0.04670300000000000
140 139 139 1 0.04689000000000000
140 139 139 1 0.04669900000000000
140 139 139 1 0.04682600000000000
140 139 139 1 0.04695800000000000
140 139 139 1 0.04679300000000000
140 139 139 1 0.04678000000000000
140 139 139 1 0.04687200000000000
140 139 139 1 0.04611800000000000
140 139 139 1 0.04672000000000000
145 144 144 1 0.05114500000000000
145 144 144 1 0.05114100000000000
145 144 144 1 0.05106700000000000
145 144 144 1 0.05115800000000000
145 144 144 1 0.05102900000000000
145 144 144 1 0.05109300000000000
145 144 144 1 0.05111800000000000
145 144 144 1 0.05121000000000000
145 144 144 1 0.05117600000000000
145 144 144 1 0.05115100000000000
150 149 149 1 0.05634600000000000
150 149 149 1 0.05628400000000000
150 149 149 1 0.05643300000000000
150 149 149 1 0.05633200000000000
150 149 149 1 0.05419000000000000
150 149 149 1 0.05427100000000000
150 149 149 1 0.05425100000000000
150 149 149 1 0.05438400000000000
150 149 149 1 0.05420700000000000
150 149 149 1 0.05437400000000000
155 154 154 1 0.05924000000000000
155 154 154 1 0.05932100000000000
155 154 154 1 0.05875900000000000
155 154 154 1 0.05925400000000000
155 154 154 1 0.05932500000000000
155 154 154 1 0.05923100000000000
155 154 154 1 0.05931300000000000
155 154 154 1 0.05938400000000000
155 154 154 1 0.05923800000000000
155 154 154 1 0.05923100000000000
160 159 159 1 0.06423300000000000
160 159 159 1 0.06460600000000000
160 159 159 1 0.06441100000000000
160 159 159 1 0.06468000000000000
160 159 159 1 0.06454100000000000
160 159 159 1 0.06469000000000000
160 159 159 1 0.06437500000000000
160 159 159 1 0.06422100000000000
160 159 159 1 0.06432000000000000
160 159 159 1 0.06455900000000001
165 164 164 1 0.07030300000000000
165 164 164 1 0.07038400000000000
165 164 164 1 0.07023500000000001
165 164 164 1 0.07041000000000000
165 164 164 1 0.07025500000000000
165 164 164 1 0.07026499999999999
165 164 164 1 0.07008600000000000
165 164 164 1 0.07028000000000000
165 164 164 1 0.07035900000000000
165 164 164 1 0.07017300000000000
170 169 169 1 0.07552800000000000
170 169 169 1 0.07583800000000000
170 169 169 1 0.07606300000000001
170 169 169 1 0.07580800000000000
170 169 169 1 0.07593000000000000
170 169 169 1 0.07580600000000000
170 169 169 1 0.07566800000000000
170 169 169 1 0.07599200000000000
170 169 169 1 0.07555600000000000
170 169 169 1 0.07595600000000000
175 174 174 1 0.08208699999999999
175 174 174 1 0.08241700000000000
175 174 174 1 0.08224700000000000
175 174 174 1 0.08217200000000000
175 174 174 1 0.08224600000000000
175 174 174 1 0.08238900000000000
175 174 174 1 0.08217300000000000
175 174 174 1 0.08499100000000000
175 174 174 1 0.08484200000000000
175 174 174 1 0.08493100000000001
180 179 179 1 0.09140500000000000
180 179 179 1 0.09140700000000000
180 179 179 1 0.09125700000000000
180 179 179 1 0.09129100000000000
180 179 179 1 0.09131200000000000
180 179 179 1 0.09148500000000000
180 179 179 1 0.09118100000000000
180 179 179 1 0.09117800000000000
180 179 179 1 0.09128500000000001
180 179 179 1 0.09123500000000000
185 184 184 1 0.09818900000000000
185 184 184 1 0.09826900000000000
185 184 184 1 0.09814199999999999
185 184 184 1 0.09816200000000000
185 184 184 1 0.09806800000000000
185 184 184 1 0.09823600000000000
185 184 184 1 0.09805200000000000
185 184 184 1 0.09820500000000000
185 184 184 1 0.09823200000000000
185 184 184 1 0.09821299999999999
190 189 189 1 0.10527300000000001
190 189 189 1 0.10287499999999999
190 189 189 1 0.10273200000000000
190 189 189 1 0.10272000000000001
190 189 189 1 0.10279000000000001
190 189 189 1 0.10279600000000000
190 189 189 1 0.10261600000000000
190 189 189 1 0.10289900000000000
190 189 189 1 0.10260100000000000
190 189 189 1 0.10288100000000000
195 194 194 1 0.11265699999999999
195 194 194 1 0.11272799999999999
195 194 194 1 0.11282100000000000
195 194 194 1 0.11276200000000000
195 194 194 1 0.11264700000000000
195 194 194 1 0.11266300000000000
195 194 194 1 0.11255400000000000
195 194 194 1 0.11252900000000000
195 194 194 1 0.11239100000000000
195 194 194 1 0.11251300000000000
200 199 199 1 0.12063900000000000
200 199 199 1 0.12092700000000001
200 199 199 1 0.12082600000000000
200 199 199 1 0.12093900000000000
200 199 199 1 0.12105700000000000
200 199 199 1 0.12055100000000001
200 199 199 1 0.12101000000000001
200 199 199 1 0.12081799999999999
200 199 199 1 0.11882000000000000
200 199 199 1 0.12064000000000000
205 204 204 1 0.12784200000000001
205 204 204 1 0.12799700000000000
205 204 204 1 0.12777200000000000
205 204 204 1 0.12798699999999999
205 204 204 1 0.13070899999999999
205 204 204 1 0.13076099999999999
205 204 204 1 0.13084200000000001
205 204 204 1 0.13110300000000000
205 204 204 1 0.13120100000000001
205 204 204 1 0.13088000000000000
210 209 209 1 0.13885400000000001
210 209 209 1 0.13899400000000001
210 209 209 1 0.13897899999999999
210 209 209 1 0.13903900000000000
210 209 209 1 0.13892299999999999
210 209 209 1 0.13928299999999999
210 209 209 1 0.13911999999999999
210 209 209 1 0.13932600000000001
210 209 209 1 0.13901100000000000
210 209 209 1 0.13909800000000000
215 214 214 1 0.14880800000000000
215 214 214 1 0.14898500000000001
215 214 214 1 0.14992100000000000
215 214 214 1 0.14887600000000001
215 214 214 1 0.14858299999999999
215 214 214 1 0.14876600000000001
215 214 214 1 0.14871500000000001
215 214 214 1 0.14877299999999999
215 214 214 1 0.14599200000000001
215 214 214 1 0.14602799999999999
220 219 219 1 0.15687899999999999
220 219 219 1 0.15655100000000000
220 219 219 1 0.15635099999999999
220 219 219 1 0.15606500000000001
220 219 219 1 0.15604399999999999
220 219 219 1 0.15610800000000000
220 219 219 1 0.15603500000000001
220 219 219 1 0.15664700000000001
220 219 219 1 0.15632599999999999
220 219 219 1 0.15654799999999999
225 224 224 1 0.16619700000000001
225 224 224 1 0.16589300000000001
225 224 224 1 0.16578300000000001
225 224 224 1 0.16589200000000001
225 224 224 1 0.16811699999999999
225 224 224 1 0.16825999999999999
225 224 224 1 0.16886799999999999
225 224 224 1 0.16838000000000000
225 224 224 1 0.16821000000000000
225 224 224 1 0.16858799999999999
230 229 229 1 0.17989500000000000
230 229 229 1 0.18005199999999999
230 229 229 1 0.18012800000000001
230 229 229 1 0.18001100000000000
230 229 229 1 0.17943300000000001
230 229 229 1 0.18026100000000000
230 229 229 1 0.17964700000000000
230 229 229 1 0.18027799999999999
230 229 229 1 0.17934100000000000
230 229 229 1 0.18015300000000001
235 234 234 1 0.19084400000000001
235 234 234 1 0.19096099999999999
235 234 234 1 0.19094400000000000
235 234 234 1 0.19130600000000000
235 234 234 1 0.19113200000000000
235 234 234 1 0.19112000000000001
235 234 234 1 0.19101699999999999
235 234 234 1 0.19153200000000001
235 234 234 1 0.18789600000000001
235 234 234 1 0.18810099999999999
240 239 239 1 0.19804600000000000
240 239 239 1 0.19854200000000000
240 239 239 1 0.19793100000000000
240 239 239 1 0.19800400000000001
240 239 239 1 0.20000699999999999
240 239 239 1 0.20111100000000001
240 239 239 1 0.20290100000000000
240 239 239 1 0.20304800000000001
240 239 239 1 0.20305100000000001
240 239 239 1 0.20384200000000000
245 244 244 1 0.21619600000000000
245 244 244 1 0.21600800000000001
245 244 244 1 0.21581600000000001
245 244 244 1 0.21587500000000001
245 244 244 1 0.21630700000000000
245 244 244 1 0.21600900000000001
245 244 244 1 0.21622500000000000
245 244 244 1 0.21619700000000000
245 244 244 1 0.21609900000000001
245 244 244 1 0.21576300000000001
250 249 249 1 0.22993900000000000
250 249 249 1 0.22838800000000001
250 249 249 1 0.22795000000000001
250 249 249 1 0.22808999999999999
250 249 249 1 0.22790900000000000
250 249 249 1 0.22821600000000000
250 249 249 1 0.22766800000000001
250 249 249 1 0.22787900000000000
250 249 249 1 0.22593500000000000
250 249 249 1 0.22636200000000001
260 259 259 1 0.26388699999999998
260 259 259 1 0.26424500000000001
260 259 259 1 0.26532099999999997
260 259 259 1 0.26479000000000003
260 259 259 1 0.26482499999999998
260 259 259 1 0.26454699999999998
260 259 259 1 0.26338200000000001
260 259 259 1 0.26470700000000003
260 259 259 1 0.26570400000000000
260 259 259 1 0.26470600000000000
270 269 269 1 0.32736300000000002
270 269 269 1 0.32779900000000001
270 269 269 1 0.32936900000000002
270 269 269 1 0.32853800000000000
270 269 269 1 0.32877600000000001
270 269 269 1 0.32735500000000001
270 269 269 1 0.32869300000000001
270 269 269 1 0.32899499999999998
270 269 269 1 0.32685300000000000
270 269 269 1 0.32632499999999998
280 279 279 1 0.37545400000000001
280 279 279 1 0.37626199999999999
280 279 279 1 0.37524299999999999
280 279 279 1 0.37657299999999999
280 279 279 1 0.37229800000000002
280 279 279 1 0.37269400000000003
280 279 279 1 0.37324800000000002
280 279 279 1 0.38738899999999998
280 279 279 1 0.37120599999999998
280 279 279 1 0.37330999999999998
290 289 289 1 0.40985500000000002
290 289 289 1 0.41046199999999999
290 289 289 1 0.41030499999999998
290 289 289 1 0.44021300000000002
290 289 289 1 0.41266700000000001
290 289 289 1 0.41375000000000001
290 289 289 1 0.41289100000000001
290 289 289 1 0.41523500000000002
290 289 289 1 0.41243800000000003
290 289 289 1 0.41360700000000000
300 299 299 1 0.45187800000000000
300 299 299 1 0.45169199999999998
300 299 299 1 0.44890200000000002
300 299 299 1 0.45092300000000002
300 299 299 1 0.45039600000000002
300 299 299 1 0.44957500000000000
300 299 299 1 0.44947999999999999
300 299 299 1 0.45057999999999998
300 299 299 1 0.45348800000000000
300 299 299 1 0.45412999999999998
310 309 309 1 0.49612800000000001
310 309 309 1 0.49671500000000002
310 309 309 1 0.49581799999999998
310 309 309 1 0.49560300000000002
310 309 309 1 0.49435299999999999
310 309 309 1 0.49510500000000002
310 309 309 1 0.49439300000000003
310 309 309 1 0.49414500000000000
310 309 309 1 0.49100199999999999
310 309 309 1 0.49252699999999999
320 319 319 1 0.53743799999999997
320 319 319 1 0.53503100000000003
320 319 319 1 0.53484500000000001
320 319 319 1 0.53568600000000000
320 319 319 1 0.53512199999999999
320 319 319 1 0.53490800000000005
320 319 319 1 0.53416600000000003
320 319 319 1 0.53493500000000005
320 319 319 1 0.53452800000000000
320 319 319 1 0.53420000000000001
330 329 329 1 0.59784800000000005
330 329 329 1 0.59860000000000002
330 329 329 1 0.59644299999999995
330 329 329 1 0.59552799999999995
330 329 329 1 0.59720300000000004
330 329 329 1 0.59646500000000002
330 329 329 1 0.59531999999999996
330 329 329 1 0.59426800000000002
330 329 329 1 0.59355700000000000
330 329 329 1 0.59621599999999997
340 339 339 1 0.65607400000000005
340 339 339 1 0.68623599999999996
340 339 339 1 0.65491800000000000
340 339 339 1 0.65617800000000004
340 339 339 1 0.65488900000000005
340 339 339 1 0.65583199999999997
340 339 339 1 0.65452100000000002
340 339 339 1 0.65910000000000002
340 339 339 1 0.65637000000000001
340 339 339 1 0.65774100000000002
350 349 349 1 0.71512399999999998
350 349 349 1 0.71751399999999999
350 349 349 1 0.71345800000000004
350 349 349 1 0.71646200000000004
350 349 349 1 0.71429699999999996
350 349 349 1 0.71669899999999997
350 349 349 1 0.71575800000000001
350 349 349 1 0.71416299999999999
350 349 349 1 0.71886000000000005
350 349 349 1 0.71867099999999995
360 359 359 1 0.77353300000000003
360 359 359 1 0.77489300000000005
360 359 359 1 0.77340699999999996
360 359 359 1 0.77439899999999995
360 359 359 1 0.77107800000000004
360 359 359 1 0.78614200000000001
360 359 359 1 0.77315699999999998
360 359 359 1 0.77687899999999999
360 359 359 1 0.77125800000000000
360 359 359 1 0.77601600000000004
370 369 369 1 0.81995700000000005
370 369 369 1 0.82552199999999998
370 369 369 1 0.82231900000000002
370 369 369 1 0.82549700000000004
370 369 369 1 0.82175900000000002
370 369 369 1 0.82391300000000001
370 369 369 1 0.82357899999999995
370 369 369 1 0.82522899999999999
370 369 369 1 0.82338900000000004
370 369 369 1 0.82491199999999998
380 379 379 1 0.89114099999999996
380 379 379 1 0.89125699999999997
380 379 379 1 0.89090599999999998
380 379 379 1 0.89006799999999997
380 379 379 1 0.89019800000000004
380 379 379 1 0.88822800000000002
380 379 379 1 0.88937999999999995
380 379 379 1 0.89121700000000004
380 379 379 1 0.88967600000000002
380 379 379 1 0.92258499999999999
390 389 389 1 0.96604299999999999
390 389 389 1 0.96674000000000004
390 389 389 1 0.97025700000000004
390 389 389 1 0.96916599999999997
390 389 389 1 0.96826400000000001
390 389 389 1 0.96942600000000001
390 389 389 1 0.96927600000000003
390 389 389 1 0.96872199999999997
390 389 389 1 0.96961799999999998
390 389 389 1 0.96456900000000001
400 399 399 1 1.04701800000000000
400 399 399 1 1.04654599999999998
400 399 399 1 1.04676300000000011
400 399 399 1 1.04699999999999993
400 399 399 1 1.04522300000000001
400 399 399 1 1.04751299999999992
400 399 399 1 1.04629100000000008
400 399 399 1 1.04513300000000009
400 399 399 1 1.04695600000000000
400 399 399 1 1.05460299999999996
410 409 409 1 1.13924000000000003
410 409 409 1 1.14081300000000008
410 409 409 1 1.13893399999999989
410 409 409 1 1.13927299999999998
410 409 409 1 1.13913500000000001
410 409 409 1 1.14339400000000002
410 409 409 1 1.13606699999999994
410 409 409 1 1.14246399999999992
410 409 409 1 1.13743799999999995
410 409 409 1 1.14061300000000010
420 419 419 1 1.23964900000000000
420 419 419 1 1.23785300000000009
420 419 419 1 1.23620400000000008
420 419 419 1 1.23397299999999999
420 419 419 1 1.22974600000000001
420 419 419 1 1.22849900000000001
420 419 419 1 1.23513999999999990
420 419 419 1 1.23610899999999990
420 419 419 1 1.23345900000000008
420 419 419 1 1.23316599999999998
430 429 429 1 1.32225600000000010
430 429 429 1 1.35230699999999993
430 429 429 1 1.32498899999999997
430 429 429 1 1.32625199999999999
430 429 429 1 1.32016800000000001
430 429 429 1 1.32629200000000003
430 429 429 1 1.32051699999999994
430 429 429 1 1.34212899999999991
430 429 429 1 1.32232200000000000
430 429 429 1 1.32255900000000004
440 439 439 1 1.39259700000000008
440 439 439 1 1.39415399999999989
440 439 439 1 1.39067699999999994
440 439 439 1 1.39311500000000010
440 439 439 1 1.38932600000000006
440 439 439 1 1.38861900000000005
440 439 439 1 1.38972300000000004
440 439 439 1 1.39464999999999995
440 439 439 1 1.39351300000000000
440 439 439 1 1.39107500000000006
450 449 449 1 1.50737800000000011
450 449 449 1 1.50700199999999995
450 449 449 1 1.51091099999999989
450 449 449 1 1.51343899999999998
450 449 449 1 1.51451800000000003
450 449 449 1 1.50998100000000002
450 449 449 1 1.51187099999999996
450 449 449 1 1.55424099999999998
450 449 449 1 1.50746500000000005
450 449 449 1 1.50880900000000007
460 459 459 1 1.59732600000000002
460 459 459 1 1.59731299999999998
460 459 459 1 1.59841199999999994
460 459 459 1 1.60016000000000003
460 459 459 1 1.59740900000000008
460 459 459 1 1.59825900000000010
460 459 459 1 1.59832500000000000
460 459 459 1 1.60101099999999996
460 459 459 1 1.60267800000000005
460 459 459 1 1.60155899999999995
470 469 469 1 1.70841599999999993
470 469 469 1 1.71995199999999993
470 469 469 1 1.70844799999999997
470 469 469 1 1.71152799999999994
470 469 469 1 1.71143099999999992
470 469 469 1 1.71475800000000000
470 469 469 1 1.70700900000000000
470 469 469 1 1.70879899999999996
470 469 469 1 1.71639499999999989
470 469 469 1 1.70958900000000003
480 479 479 1 1.82454399999999994
480 479 479 1 1.85641499999999993
480 479 479 1 1.82710200000000000
480 479 479 1 1.88574599999999992
480 479 479 1 1.82638900000000004
480 479 479 1 1.82630099999999995
480 479 479 1 1.82716600000000007
480 479 479 1 1.83159800000000006
480 479 479 1 1.82773000000000008
480 479 479 1 1.83852700000000002
490 489 489 1 1.96558799999999989
490 489 489 1 1.96450700000000000
