Nodos Aristas Frontera |CMF| Segundos
2 1 1 1 0.00070200000000000
2 1 1 1 0.00091200000000000
2 1 1 1 0.00085100000000000
4 3 2 1 0.00000600000000000
3 2 2 1 0.00018800000000000
2 1 1 1 0.00088200000000000
4 3 2 1 0.00000500000000000
3 2 2 1 0.00001300000000000
4 3 3 1 0.00000600000000000
5 4 3 1 0.00000300000000000
3 2 2 1 0.00001500000000000
3 2 2 1 0.00000500000000000
5 4 4 1 0.00000300000000000
3 2 2 1 0.00001500000000000
4 3 3 1 0.00000500000000000
2 1 1 1 0.00000800000000000
5 4 3 1 0.00000400000000000
4 3 2 1 0.00000500000000000
6 5 3 1 0.00000400000000000
3 2 2 1 0.00001500000000000
3 2 2 1 0.00001300000000000
4 3 2 1 0.00000300000000000
5 4 2 1 0.00000300000000000
5 4 2 1 0.00000300000000000
3 2 2 1 0.00000300000000000
6 5 3 2 0.00000900000000000
2 1 1 1 0.00023100000000000
6 5 4 2 0.00000800000000000
6 5 2 1 0.00001300000000000
6 5 3 1 0.00000700000000000
5 4 3 1 0.00000300000000000
5 4 3 1 0.00000200000000000
7 6 3 1 0.00001800000000000
6 5 4 1 0.00000800000000000
2 1 1 1 0.00023300000000000
7 6 3 1 0.00000300000000000
7 6 4 1 0.00000800000000000
6 5 4 1 0.00000700000000000
4 3 3 1 0.00000500000000000
6 5 4 1 0.00000400000000000
3 2 2 1 0.00104300000000000
7 6 2 1 0.00003500000000000
8 7 3 2 0.00000400000000000
2 1 1 1 0.00022200000000000
7 6 3 2 0.00000300000000000
6 5 3 1 0.00001100000000000
6 5 4 1 0.00000700000000000
8 7 6 2 0.00000500000000000
8 7 5 1 0.00000300000000000
7 6 4 2 0.00001100000000000
9 8 5 2 0.00000400000000000
9 11 8 2 0.00000400000000000
8 7 6 2 0.00001800000000000
8 7 4 2 0.00000800000000000
7 6 3 1 0.00000800000000000
8 7 4 2 0.00000300000000000
9 8 4 2 0.00000400000000000
9 9 5 2 0.00000400000000000
7 6 5 1 0.00002900000000000
9 8 4 2 0.00000300000000000
8 7 5 2 0.00000800000000000
10 9 6 2 0.00000400000000000
9 8 3 2 0.00000500000000000
10 9 5 2 0.00000300000000000
4 3 2 1 0.00001700000000000
9 11 7 2 0.00000500000000000
9 8 4 2 0.00000300000000000
5 4 3 1 0.00000700000000000
4 3 2 1 0.00001300000000000
3 2 2 1 0.00085200000000000
10 9 6 2 0.00000500000000000
9 8 4 2 0.00000400000000000
10 9 5 2 0.00000300000000000
5 4 4 1 0.00001100000000000
10 9 6 2 0.00000500000000000
8 7 3 1 0.00000400000000000
11 10 5 2 0.00001000000000000
11 10 5 2 0.00001700000000000
12 11 5 2 0.00000400000000000
10 9 5 2 0.00000400000000000
11 10 6 2 0.00000500000000000
9 8 3 2 0.00002700000000000
11 12 5 2 0.00001600000000000
11 10 7 2 0.00001400000000000
10 10 4 2 0.00000800000000000
4 3 2 1 0.00001100000000000
7 6 3 2 0.00000400000000000
11 10 4 2 0.00001000000000000
12 15 7 2 0.00000500000000000
12 15 6 2 0.00000500000000000
12 11 7 2 0.00000500000000000
12 11 5 1 0.00000500000000000
13 12 6 2 0.00000400000000000
2 1 1 1 0.00023400000000000
13 12 5 2 0.00000500000000000
10 11 7 2 0.00000500000000000
13 12 5 2 0.00000700000000000
11 10 6 2 0.00001000000000000
13 12 4 1 0.00000400000000000
5 4 2 1 0.00000400000000000
8 7 3 2 0.00000600000000000
12 11 5 2 0.00000500000000000
10 10 5 2 0.00013400000000000
7 6 4 2 0.00000400000000000
2 1 1 1 0.00001200000000000
13 21 10 2 0.00000700000000000
12 11 5 2 0.00000500000000000
12 11 5 2 0.00000500000000000
8 7 3 2 0.00000500000000000
11 17 7 2 0.00007000000000000
14 13 7 2 0.00000500000000000
13 14 9 2 0.00000600000000000
14 13 5 2 0.00000600000000000
14 20 7 2 0.00000800000000000
14 13 3 1 0.00000400000000000
14 13 5 1 0.00000600000000000
15 20 6 2 0.00001700000000000
15 24 10 2 0.00001400000000000
15 14 6 2 0.00000600000000000
14 13 4 2 0.00000500000000000
13 12 6 2 0.00000600000000000
15 14 5 2 0.00001300000000000
16 16 5 2 0.00001200000000000
13 12 5 2 0.00002300000000000
13 12 4 2 0.00000500000000000
13 12 6 2 0.00000600000000000
11 10 5 2 0.00012400000000000
16 23 6 2 0.00000600000000000
14 24 8 2 0.00000700000000000
16 32 15 3 0.00000900000000000
16 31 11 3 0.00000800000000000
12 11 5 2 0.00000600000000000
16 22 8 2 0.00001800000000000
14 13 5 2 0.00000600000000000
12 19 10 2 0.00000700000000000
16 25 8 2 0.00001900000000000
17 42 18 3 0.00001200000000000
15 15 7 2 0.00015700000000000
15 18 7 2 0.00001100000000000
17 16 7 2 0.00000600000000000
17 40 13 3 0.00000800000000000
15 14 7 2 0.00001400000000000
17 16 7 2 0.00000600000000000
17 16 5 2 0.00000500000000000
15 20 8 2 0.00001800000000000
15 14 6 2 0.00003800000000000
17 24 12 2 0.00000800000000000
17 19 5 2 0.00000700000000000
16 15 5 2 0.00001200000000000
18 18 6 2 0.00000500000000000
17 16 3 2 0.00000700000000000
18 17 7 2 0.00000600000000000
18 31 16 3 0.00001100000000000
18 21 8 2 0.00000600000000000
18 17 7 2 0.00000800000000000
16 15 5 2 0.00001300000000000
18 47 17 3 0.00001200000000000
19 43 17 3 0.00000900000000000
19 18 7 2 0.00000800000000000
18 33 11 2 0.00000800000000000
16 26 8 2 0.00014300000000000
18 46 12 3 0.00001000000000000
15 14 5 2 0.00000500000000000
18 17 8 2 0.00000700000000000
19 27 9 2 0.00000800000000000
19 29 10 3 0.00000900000000000
19 55 18 3 0.00001900000000000
20 19 8 2 0.00001300000000000
10 14 8 2 0.00009500000000000
20 19 10 2 0.00000800000000000
11 12 6 2 0.00002400000000000
14 21 8 2 0.00000700000000000
20 19 6 2 0.00001200000000000
21 20 5 2 0.00000700000000000
16 15 4 2 0.00000600000000000
20 19 6 2 0.00001500000000000
18 46 20 3 0.00001200000000000
20 19 7 2 0.00001500000000000
21 34 9 2 0.00000900000000000
19 42 17 3 0.00001700000000000
21 64 23 4 0.00001500000000000
21 68 18 4 0.00001100000000000
14 13 4 2 0.00000500000000000
20 56 21 4 0.00001800000000000
22 73 27 4 0.00001700000000000
19 39 9 2 0.00001500000000000
22 32 10 2 0.00001000000000000
20 42 11 3 0.00001900000000000
21 20 6 2 0.00000900000000000
20 51 18 4 0.00001000000000000
21 67 29 4 0.00001800000000000
23 46 13 2 0.00000900000000000
22 35 13 2 0.00001400000000000
23 61 15 3 0.00001000000000000
22 46 16 3 0.00002200000000000
21 65 24 3 0.00001900000000000
20 31 10 2 0.00001500000000000
23 26 10 2 0.00000800000000000
22 60 19 3 0.00001500000000000
23 73 30 4 0.00002000000000000
23 50 14 3 0.00002500000000000
19 18 6 2 0.00000600000000000
24 31 9 2 0.00001000000000000
22 21 6 2 0.00000900000000000
22 21 9 2 0.00000900000000000
24 51 14 3 0.00000900000000000
23 66 20 3 0.00002500000000000
24 26 10 2 0.00000800000000000
24 37 9 2 0.00001000000000000
24 34 9 2 0.00001000000000000
25 45 14 3 0.00001300000000000
24 23 6 2 0.00000700000000000
21 20 7 2 0.00000800000000000
20 19 8 2 0.00000900000000000
25 24 8 2 0.00000700000000000
24 70 17 3 0.00001500000000000
25 24 5 2 0.00001300000000000
17 40 19 3 0.00001100000000000
25 24 9 2 0.00000800000000000
25 46 13 3 0.00002300000000000
19 45 14 3 0.00005500000000000
25 87 20 3 0.00001700000000000
25 24 7 2 0.00001000000000000
17 16 6 2 0.00013800000000000
22 56 21 4 0.00001500000000000
23 37 11 2 0.00001100000000000
23 82 25 4 0.00001300000000000
30 131 33 4 0.00002500000000000
23 22 6 2 0.00000900000000000
24 49 17 3 0.00001300000000000
25 76 29 4 0.00001500000000000
30 29 8 2 0.00001100000000000
19 18 6 2 0.00004700000000000
24 23 8 2 0.00001400000000000
25 24 7 2 0.00000800000000000
35 34 8 2 0.00001700000000000
30 36 8 2 0.00001600000000000
30 30 6 2 0.00001000000000000
30 138 41 5 0.00003900000000000
30 126 31 4 0.00002500000000000
30 92 14 3 0.00001600000000000
30 116 32 4 0.00002000000000000
30 49 7 2 0.00001000000000000
35 80 20 3 0.00001400000000000
35 76 13 3 0.00002000000000000
22 21 6 2 0.00000800000000000
24 23 8 2 0.00000700000000000
35 44 10 2 0.00001700000000000
25 24 7 2 0.00000700000000000
40 72 13 2 0.00002300000000000
40 45 10 2 0.00002000000000000
35 138 28 3 0.00002900000000000
30 32 5 2 0.00001500000000000
40 74 14 2 0.00002400000000000
35 109 25 4 0.00002300000000000
35 154 35 3 0.00003300000000000
35 115 27 3 0.00002500000000000
40 192 40 4 0.00003900000000000
22 52 13 3 0.00001200000000000
45 66 11 2 0.00003100000000000
40 190 20 3 0.00002000000000000
21 20 7 2 0.00003200000000000
45 52 9 2 0.00002700000000000
35 76 21 3 0.00002900000000000
40 207 48 4 0.00003500000000000
45 141 25 4 0.00003800000000000
40 106 17 2 0.00002400000000000
45 65 11 2 0.00002800000000000
40 175 35 5 0.00003200000000000
45 296 63 4 0.00004600000000000
40 47 9 2 0.00002100000000000
45 302 83 6 0.00006200000000000
50 49 8 2 0.00002100000000000
45 321 63 4 0.00006000000000000
50 206 29 4 0.00002700000000000
50 49 3 1 0.00002000000000000
50 170 22 3 0.00004100000000000
50 220 30 3 0.00003100000000000
21 20 8 2 0.00014500000000000
50 121 17 3 0.00002400000000000
55 54 11 2 0.00001600000000000
50 248 38 4 0.00005500000000000
55 177 22 3 0.00003100000000000
50 76 13 2 0.00002700000000000
45 288 53 4 0.00006000000000000
45 100 17 3 0.00002200000000000
45 223 48 4 0.00004400000000000
55 331 51 4 0.00004900000000000
50 101 13 2 0.00002200000000000
55 304 53 4 0.00004500000000000
50 133 21 3 0.00003000000000000
60 59 3 2 0.00001600000000000
60 59 11 2 0.00001800000000000
55 103 18 4 0.00002700000000000
55 306 42 3 0.00004700000000000
60 59 9 2 0.00002700000000000
60 262 29 3 0.00004500000000000
55 435 74 5 0.00007700000000000
55 235 39 4 0.00004800000000000
60 144 18 3 0.00004100000000000
55 425 69 5 0.00007300000000000
60 381 62 4 0.00007400000000000
65 74 4 2 0.00002400000000000
65 155 15 3 0.00003500000000000
60 322 50 4 0.00006400000000000
60 383 35 3 0.00006200000000000
65 300 38 3 0.00006000000000000
70 267 30 4 0.00005600000000000
65 370 36 4 0.00005600000000000
65 403 57 4 0.00006400000000000
70 230 15 3 0.00003300000000000
70 162 16 2 0.00004400000000000
65 323 36 3 0.00004300000000000
70 69 12 2 0.00002300000000000
65 541 72 4 0.00007400000000000
70 250 36 3 0.00005400000000000
65 632 100 5 0.00011400000000000
60 437 64 4 0.00007700000000000
65 485 66 4 0.00009400000000000
70 336 43 4 0.00006200000000000
70 298 34 3 0.00006200000000000
75 160 13 2 0.00004600000000000
75 74 7 2 0.00001900000000000
75 313 32 3 0.00006000000000000
65 536 79 5 0.00006900000000000
70 614 85 5 0.00012100000000000
80 82 8 2 0.00002500000000000
80 291 29 3 0.00005400000000000
80 125 10 2 0.00002700000000000
75 430 49 4 0.00007700000000000
75 412 40 3 0.00009100000000000
70 476 48 3 0.00008600000000000
75 496 47 3 0.00007600000000000
80 305 22 3 0.00004900000000000
75 821 133 6 0.00013000000000000
75 466 72 4 0.00011500000000000
80 806 106 5 0.00014000000000000
70 735 119 6 0.00013400000000000
75 780 94 4 0.00014500000000000
85 220 21 3 0.00005500000000000
85 117 10 2 0.00003000000000000
85 261 21 3 0.00003900000000000
80 364 36 3 0.00007900000000000
85 269 24 3 0.00004100000000000
80 783 90 4 0.00014900000000000
80 839 82 4 0.00013500000000000
80 721 106 5 0.00011700000000000
80 778 93 5 0.00011900000000000
85 466 42 3 0.00007300000000000
85 568 66 4 0.00009700000000000
90 348 23 3 0.00004400000000000
85 727 89 5 0.00011800000000000
85 869 113 5 0.00015400000000000
90 359 33 3 0.00006600000000000
23 64 21 3 0.00063500000000000
95 170 15 3 0.00003400000000000
95 220 15 2 0.00004200000000000
85 1138 148 6 0.00021700000000000
90 596 66 4 0.00011200000000000
95 395 29 3 0.00006600000000000
95 1143 126 5 0.00015300000000000
100 99 8 2 0.00003100000000000
90 627 64 4 0.00011700000000000
90 323 27 3 0.00006700000000000
90 637 63 4 0.00010800000000000
95 203 15 2 0.00004100000000000
95 400 33 3 0.00005800000000000
95 490 34 3 0.00007400000000000
85 1132 182 7 0.00022200000000000
95 834 77 4 0.00013300000000000
95 467 49 4 0.00006500000000000
100 547 59 4 0.00011400000000000
90 1091 151 5 0.00022000000000000
100 491 42 3 0.00008800000000000
100 523 47 4 0.00011000000000000
90 1302 159 5 0.00023900000000000
95 1104 102 4 0.00015600000000000
90 1197 147 5 0.00017800000000000
90 1245 163 5 0.00023000000000000
100 310 25 3 0.00008500000000000
110 227 20 3 0.00005300000000000
120 187 13 2 0.00004100000000000
100 762 74 4 0.00010500000000000
120 360 30 2 0.00008300000000000
110 994 95 4 0.00020400000000000
110 518 39 3 0.00009500000000000
120 651 43 3 0.00024300000000000
120 411 33 3 0.00025800000000000
100 976 90 4 0.00017600000000000
110 1135 112 5 0.00051300000000000
110 897 77 4 0.00029600000000000
100 1418 152 5 0.00062600000000000
100 1516 187 6 0.00060800000000000
120 848 42 3 0.00028100000000000
130 580 26 3 0.00009400000000000
130 160 17 2 0.00004500000000000
35 63 13 2 0.00021800000000000
100 1311 170 6 0.00065000000000000
110 1500 123 4 0.00021400000000000
130 739 45 3 0.00050100000000000
140 139 16 2 0.00004600000000000
110 1460 137 5 0.00066500000000000
140 642 40 3 0.00010400000000000
140 353 17 3 0.00005600000000000
140 776 39 3 0.00058000000000000
120 1593 140 5 0.00027000000000000
140 139 5 2 0.00004000000000000
110 1738 203 6 0.00076900000000000
110 1611 168 5 0.00069500000000000
120 1794 153 5 0.00033200000000000
150 554 29 3 0.00010900000000000
130 1568 109 4 0.00072600000000000
130 1341 104 4 0.00074500000000000
120 1913 158 5 0.00033500000000000
110 1874 228 6 0.00081200000000000
150 1044 55 3 0.00054200000000000
150 219 10 2 0.00005400000000000
140 1641 131 5 0.00069600000000000
150 1406 83 4 0.00047400000000000
130 1920 153 5 0.00037800000000000
160 1219 59 3 0.00018000000000000
140 1653 117 5 0.00056500000000000
120 2234 257 6 0.00081400000000000
120 2266 195 5 0.00081000000000000
160 237 15 2 0.00007500000000000
130 2049 163 5 0.00077100000000000
160 1465 68 4 0.00061100000000000
160 1461 83 4 0.00026800000000000
140 2270 203 6 0.00079800000000000
160 1483 73 4 0.00025600000000000
170 457 23 3 0.00010400000000000
150 2325 171 5 0.00326400000000000
130 2687 280 6 0.00337300000000000
170 345 15 2 0.00007700000000000
170 1233 59 3 0.00023100000000000
170 693 31 3 0.00011100000000000
140 2616 223 6 0.00074500000000000
150 2133 144 5 0.00036400000000000
170 541 18 3 0.00006800000000000
130 2653 262 6 0.00095400000000000
160 2441 164 5 0.00047500000000000
160 2332 149 5 0.00083200000000000
180 2374 115 4 0.00073600000000000
55 191 28 4 0.01222200000000000
180 179 4 2 0.00003500000000000
150 3339 298 6 0.00104100000000000
170 2295 141 5 0.00074700000000000
150 2958 289 7 0.00096000000000000
75 166 20 3 0.00015200000000000
180 179 11 2 0.00006400000000000
40 205 45 5 0.00050200000000000
180 2546 136 4 0.00093800000000000
180 2646 164 5 0.00049100000000000
160 3220 262 6 0.00097100000000000
150 3604 306 6 0.00112300000000000
180 2357 113 4 0.00077400000000000
60 272 38 3 0.00066000000000000
190 1137 64 4 0.00023400000000000
180 2881 126 4 0.00074700000000000
150 3614 255 5 0.00110300000000000
190 949 38 3 0.00019200000000000
170 3551 232 5 0.00094800000000000
170 3540 246 5 0.00121800000000000
190 2582 120 4 0.00072900000000000
200 1426 63 4 0.00023200000000000
170 3022 195 5 0.00080200000000000
200 963 40 3 0.00017400000000000
160 4016 343 6 0.00138100000000000
160 4157 332 6 0.00121900000000000
210 1367 51 3 0.00024300000000000
210 2740 157 5 0.00092200000000000
190 3208 147 4 0.00095200000000000
210 635 27 3 0.00014900000000000
180 4476 330 6 0.00113000000000000
190 4038 234 5 0.00112000000000000
200 3385 199 5 0.00085900000000000
170 4391 303 6 0.00119700000000000
210 2390 106 4 0.00046800000000000
180 4524 303 6 0.00116500000000000
200 3926 213 5 0.00124200000000000
210 3860 198 5 0.00079400000000000
210 1733 75 4 0.00022800000000000
180 4745 320 6 0.00114100000000000
200 3389 186 5 0.00100200000000000
210 1467 51 3 0.00024900000000000
200 4627 305 6 0.00113100000000000
220 2412 86 4 0.00033200000000000
200 4247 212 5 0.00125600000000000
190 5071 347 6 0.00139900000000000
230 1747 70 3 0.00034100000000000
230 240 7 2 0.00021100000000000
190 5048 315 6 0.00146400000000000
220 3740 166 4 0.00103300000000000
210 4803 268 5 0.00133700000000000
220 3329 160 4 0.00107100000000000
230 2490 98 4 0.00044300000000000
230 2789 107 4 0.00046900000000000
210 4557 233 5 0.00122700000000000
230 4554 199 5 0.00147200000000000
220 4237 215 5 0.00147300000000000
210 4849 277 6 0.00142300000000000
220 5257 256 5 0.00148100000000000
240 1284 46 3 0.00019000000000000
220 5252 313 6 0.00123800000000000
220 5085 266 5 0.00163200000000000
240 349 14 2 0.00034900000000000
200 6218 405 6 0.00166100000000000
200 6083 385 6 0.00171000000000000
220 5875 294 5 0.00152100000000000
240 2847 99 4 0.00045300000000000
240 3593 170 5 0.00053200000000000
250 2093 75 4 0.00039600000000000
250 1484 47 3 0.00062300000000000
240 4150 147 4 0.00146500000000000
250 2112 71 4 0.00028800000000000
250 2076 65 3 0.00035400000000000
230 6003 261 5 0.00126200000000000
250 744 23 3 0.00035000000000000
250 2229 68 3 0.00031100000000000
250 3692 130 4 0.00050900000000000
240 5049 252 5 0.00127500000000000
220 6118 372 6 0.00159400000000000
240 5722 274 5 0.00149800000000000
275 1783 66 4 0.00026600000000000
250 4099 157 4 0.00074900000000000
230 6816 323 5 0.00159700000000000
240 6260 269 5 0.00148700000000000
220 7372 425 6 0.00172900000000000
275 2526 65 3 0.00032800000000000
230 6379 312 6 0.00156500000000000
275 2107 62 3 0.00037000000000000
250 5836 260 5 0.00151000000000000
275 274 17 2 0.00045700000000000
300 594 11 2 0.00010700000000000
300 299 10 2 0.00052200000000000
300 1049 28 3 0.00054900000000000
275 3070 92 4 0.00054100000000000
300 2271 64 3 0.00040500000000000
300 5681 181 4 0.00098900000000000
230 7750 439 6 0.00200300000000000
230 7163 405 6 0.00173200000000000
240 7589 397 6 0.00156300000000000
240 7487 446 7 0.00149300000000000
325 4841 139 4 0.00082800000000000
130 844 39 3 0.00119100000000000
190 531 29 3 0.00081000000000000
140 967 65 4 0.00129600000000000
325 6608 193 4 0.00183500000000000
275 7517 316 5 0.00240500000000000
250 9906 563 7 0.00254500000000000
300 7121 265 5 0.00227100000000000
325 6129 176 4 0.00156300000000000
300 7948 324 5 0.00252100000000000
275 8674 336 5 0.00217400000000000
275 8810 344 5 0.00211600000000000
275 10999 503 6 0.00253400000000000
275 9973 473 6 0.00284300000000000
300 9957 416 6 0.00217400000000000
300 11162 455 6 0.00209000000000000
325 10861 338 5 0.00183800000000000
300 10611 450 6 0.00261600000000000
375 713 11 2 0.00025400000000000
325 11600 431 6 0.00272800000000000
325 12527 429 5 0.00290900000000000
325 12383 496 6 0.00272100000000000
375 7910 203 5 0.00189800000000000
350 9046 290 5 0.00200500000000000
325 16179 736 7 0.00354300000000000
325 324 10 2 0.00100400000000000
375 8700 227 5 0.00174700000000000
350 16519 610 6 0.00398100000000000
350 17466 670 6 0.00348800000000000
400 877 17 2 0.00042900000000000
375 11470 365 5 0.00249100000000000
350 18090 749 7 0.00400600000000000
350 18346 775 7 0.00416700000000000
375 6420 130 4 0.00133000000000000
350 14855 477 5 0.00343800000000000
350 16195 670 7 0.00383800000000000
400 3452 69 3 0.00065200000000000
375 11492 369 5 0.00279500000000000
350 15876 590 6 0.00342700000000000
400 457 9 2 0.00032300000000000
350 16585 602 6 0.00287500000000000
375 14196 481 6 0.00323600000000000
400 8396 193 4 0.00177100000000000
375 17529 619 6 0.00421700000000000
400 12786 347 5 0.00251400000000000
400 11205 308 5 0.00268100000000000
400 11141 320 5 0.00231400000000000
375 19724 776 7 0.00370700000000000
375 20575 789 7 0.00481700000000000
450 9114 201 4 0.00153400000000000
500 7257 136 4 0.00148500000000000
500 5743 87 3 0.00119200000000000
500 4856 74 3 0.00079000000000000
500 7278 114 3 0.00150600000000000
500 9328 168 4 0.00154800000000000
500 5619 88 3 0.00093500000000000
400 18389 605 6 0.00356600000000000
500 1980 32 3 0.00057800000000000
190 3883 226 5 0.00473400000000000
400 20745 655 6 0.00390500000000000
450 18348 426 5 0.00403300000000000
200 6184 414 6 0.00421900000000000
450 23871 644 6 0.00449500000000000
450 17560 415 5 0.00395000000000000
190 5587 356 6 0.00323700000000000
450 17868 450 5 0.00414300000000000
325 4380 135 4 0.00342700000000000
500 18625 450 6 0.00431300000000000
450 25012 699 6 0.00561600000000000
500 17797 380 5 0.00361600000000000
550 9362 161 4 0.00175300000000000
450 22986 669 6 0.00524300000000000
550 16445 281 4 0.00379700000000000
550 12788 220 4 0.00203600000000000
450 26328 772 6 0.00617700000000000
450 26492 843 7 0.00584800000000000
450 26071 876 7 0.00575100000000000
600 5559 54 3 0.00099400000000000
500 27937 720 6 0.00681900000000000
550 23618 446 5 0.00558500000000000
550 26178 610 6 0.00701200000000000
600 22485 437 5 0.00509700000000000
550 1376 16 3 0.00183200000000000
550 30695 748 6 0.00594900000000000
650 23447 370 5 0.00500800000000000
600 33058 723 6 0.00798400000000000
600 36449 758 6 0.00817200000000000
650 24142 411 5 0.00590300000000000
550 43545 1141 7 0.01036100000000000
650 34579 661 6 0.00803300000000000
700 4688 51 3 0.00127000000000000
550 47837 1469 8 0.01125300000000000
650 39646 710 6 0.00910300000000000
600 41961 893 6 0.00979500000000000
600 43979 968 6 0.01002400000000000
600 48930 1232 7 0.01158700000000000
650 48907 992 6 0.01139600000000000
350 15530 629 7 0.01697600000000000
600 53121 1293 7 0.01209700000000000
650 50012 961 6 0.01100000000000000
400 14725 429 5 0.01009700000000000
700 30779 461 5 0.00633000000000000
650 65981 1558 7 0.01582100000000000
750 17657 222 4 0.00357200000000000
650 58747 1142 6 0.01336500000000000
750 39401 612 5 0.00821500000000000
700 47111 795 6 0.01037800000000000
700 56409 1193 7 0.01292800000000000
650 61725 1399 7 0.01420600000000000
825 824 19 2 0.00091000000000000
750 13699 178 4 0.00301600000000000
700 54241 981 6 0.01221400000000000
700 61436 1290 7 0.01442900000000000
700 59566 1253 7 0.01377200000000000
700 59273 1115 6 0.01348300000000000
750 54342 887 6 0.01209400000000000
700 74581 1586 7 0.01759300000000000
750 57825 958 6 0.01277800000000000
700 67215 1226 6 0.01652500000000000
550 16467 331 5 0.02151400000000000
750 79996 1574 7 0.01872300000000000
825 46914 646 5 0.00787200000000000
750 80792 1482 7 0.01844100000000000
825 55351 688 5 0.01138900000000000
825 62270 941 6 0.01113300000000000
750 88924 2260 9 0.02108000000000000
900 54118 715 5 0.01269000000000000
650 19668 337 5 0.03016000000000000
600 24029 451 5 0.01636900000000000
900 41909 419 5 0.00800000000000000
825 71282 1089 6 0.01575400000000000
825 59368 896 6 0.01408300000000000
900 7648 92 4 0.00164300000000000
900 58083 675 5 0.01177000000000000
900 26630 271 4 0.00540100000000000
825 79480 1415 7 0.01903100000000000
975 18724 160 4 0.00292700000000000
825 90773 1571 7 0.02074400000000000
825 88631 1618 7 0.02263000000000000
900 79285 1127 6 0.01796300000000000
975 46328 481 5 0.00747600000000000
1000 19799 129 3 0.00284000000000000
750 16479 199 4 0.01325800000000000
1000 38702 413 5 0.00662900000000000
1000 42160 469 5 0.00703500000000000
825 111001 2238 8 0.02184100000000000
1000 41589 349 4 0.00660500000000000
900 107400 1717 7 0.02036800000000000
1100 12543 97 3 0.00268800000000000
900 88123 1259 6 0.01602400000000000
1000 41738 381 4 0.00701000000000000
1100 5971 35 2 0.00160600000000000
975 97355 1305 6 0.01833600000000000
1100 16951 110 3 0.00272200000000000
900 124258 2299 8 0.02428700000000000
1000 103572 1351 6 0.01955600000000000
975 116097 1755 7 0.02878700000000000
975 125703 1896 7 0.03076900000000000
975 140719 2478 8 0.03465000000000000
1000 129737 1878 7 0.03298900000000000
1100 88435 1001 6 0.02055300000000000
975 141328 2334 8 0.03572900000000000
1200 1199 17 2 0.00107000000000000
975 152287 2593 8 0.03744700000000000
600 57981 1563 8 0.05705400000000000
1000 136246 1982 7 0.02577200000000000
1100 123543 1479 6 0.02911700000000000
1000 143668 2107 7 0.03485500000000000
1200 1199 9 2 0.00099400000000000
1200 101295 955 5 0.02122100000000000
1200 39273 303 4 0.00625200000000000
1100 134153 1579 6 0.03127500000000000
1100 19779 162 4 0.01140900000000000
1000 146149 2384 8 0.03535800000000000
1300 62762 480 4 0.01053300000000000
1200 129210 1367 6 0.02895900000000000
1100 173951 2666 8 0.04277200000000000
1100 162497 2162 7 0.04255900000000000
1300 111652 1089 6 0.02396700000000000
1300 112779 950 5 0.02347200000000000
1400 5102 26 2 0.00137500000000000
1100 189241 2884 8 0.04667800000000000
1200 159851 1690 6 0.03652700000000000
1200 138819 1504 6 0.03181400000000000
1400 13787 77 3 0.00279100000000000
1200 160936 1936 7 0.03884600000000000
750 65429 1165 6 0.05690200000000000
1200 200958 3227 9 0.03924700000000000
1300 166034 1593 6 0.03073100000000000
1200 211682 2598 7 0.05245700000000000
900 56353 654 5 0.03710600000000000
1400 107774 837 5 0.01828300000000000
975 66652 824 6 0.03226700000000000
1500 128439 908 5 0.02221000000000000
1300 195982 1937 6 0.03933200000000000
1400 147613 1318 6 0.03302900000000000
1400 143790 1230 6 0.03266600000000000
1400 164010 1417 6 0.03057900000000000
1500 173310 1472 6 0.04199200000000000
1300 269696 3413 8 0.06959600000000001
1300 269777 3445 8 0.05529200000000000
1300 272970 3486 8 0.07471800000000001
1500 211799 1821 6 0.04386300000000000
1300 277273 3564 8 0.05805500000000000
1400 268289 3137 8 0.06684800000000000
1400 268735 2876 7 0.05422200000000000
1600 28526 130 3 0.00418800000000000
1500 198615 1659 6 0.03663500000000000
1600 178903 1239 5 0.03515600000000000
1600 177527 1376 6 0.03233900000000000
1700 101038 543 4 0.01646800000000000
1700 71799 388 4 0.01193200000000000
1500 280553 2372 6 0.07004100000000001
1600 170881 1384 6 0.03894000000000000
1600 153299 1254 6 0.03580700000000000
1500 298860 2968 7 0.05963100000000000
1400 319614 3917 8 0.06598400000000000
1700 144901 1065 6 0.02956100000000000
1500 358587 3927 8 0.08379900000000000
1600 265580 2096 6 0.05076600000000000
1600 246891 2186 7 0.04915500000000000
1700 151955 914 5 0.03160200000000000
1800 48532 188 3 0.00744700000000000
1500 327890 3693 8 0.06698000000000000
1700 165712 1071 5 0.03088100000000000
1800 43751 171 3 0.00654200000000000
1800 153176 927 5 0.02735900000000000
1800 143750 904 5 0.03033100000000000
1700 314312 2691 7 0.06328200000000000
975 132947 2021 7 0.15246499999999999
1900 28137 110 3 0.00445000000000000
1800 150363 848 5 0.02606100000000000
1600 364929 3866 8 0.09780300000000000
1900 87227 475 5 0.01980900000000000
1700 320386 2793 7 0.06369500000000000
1600 407059 4323 8 0.08882700000000000
1800 206046 1479 6 0.04180500000000000
1900 153843 936 5 0.02725200000000000
1900 164513 926 5 0.02741600000000000
1700 358423 3124 7 0.07526900000000000
1900 89112 388 4 0.01494700000000000
1900 179812 1184 6 0.03121800000000000
2000 18441 77 3 0.00343000000000000
1800 383152 3194 7 0.07978600000000000
1900 219652 1256 5 0.03988000000000000
1700 425447 4185 8 0.08903500000000000
1800 376154 2937 7 0.07646000000000000
2000 90668 415 4 0.01461900000000000
1700 436145 4248 8 0.09213900000000000
2000 204436 1110 5 0.03599300000000000
2000 126603 594 4 0.02121400000000000
1900 354927 2639 7 0.08992300000000000
2250 122889 598 5 0.01937100000000000
2250 107253 446 4 0.02460900000000000
2000 291139 1798 6 0.05301700000000000
2000 262853 1635 6 0.06218100000000000
2250 134343 524 4 0.02101400000000000
1800 514575 5323 9 0.14457800000000001
2000 289424 1785 6 0.05536000000000000
1800 461319 4356 8 0.10250300000000000
2250 182861 863 5 0.02998800000000000
2500 118903 422 4 0.01946300000000000
2250 131150 520 4 0.02119400000000000
1600 108158 674 5 0.11210600000000000
1300 157644 1759 7 0.17853700000000000
2250 253654 1259 5 0.05021200000000000
1900 574590 5656 9 0.13442000000000001
2000 525506 4406 8 0.13586699999999999
2000 504461 4238 8 0.14167700000000000
2000 453126 3413 7 0.12032300000000000
2250 394056 2143 6 0.07599300000000000
2500 387278 1966 6 0.07650800000000001
2750 53602 143 3 0.00891100000000000
2500 291790 1205 5 0.05960400000000000
2250 501794 3202 7 0.13746600000000000
2250 611964 4002 7 0.13839799999999999
3000 186667 569 4 0.03212500000000000
2500 476229 2411 6 0.09710600000000000
2250 661517 4870 8 0.14831800000000001
2500 554682 3249 7 0.12086600000000000
2750 497826 2309 6 0.12717899999999999
3000 131953 396 4 0.02746600000000000
2500 671610 3935 7 0.18802300000000000
2500 595422 3463 7 0.16308800000000001
2750 620372 2898 6 0.17388000000000001
2750 75784 230 4 0.08252900000000001
2750 593000 2801 6 0.13152300000000000
3000 230833 682 4 0.05021100000000000
2500 721343 4254 7 0.19723800000000000
3000 386647 1402 5 0.07626300000000000
1400 287432 3398 8 0.25242599999999998
1500 264352 2517 7 0.19170499999999999
2500 1020823 7641 9 0.28816700000000001
2750 833526 4463 7 0.19668700000000000
2500 989793 6607 8 0.26346799999999998
3000 794506 3873 7 0.18497100000000000
1500 319110 3495 8 0.14803100000000000
2750 993855 5900 8 0.28753099999999998
2750 1007299 5348 7 0.25262899999999999
3000 923001 4458 7 0.22158100000000000
3000 808231 3935 7 0.18257699999999999
2750 978388 5922 8 0.23678500000000000
3000 791791 3808 7 0.17983900000000000
3000 849746 4078 7 0.18356400000000000
1900 418375 3709 8 0.13055700000000001
3000 1460815 9073 9 0.33295300000000000
2750 399709 1570 5 0.08818400000000000
