Nodos Aristas Frontera |CMF| Segundos
4 6 4 4 0.00098700000000000
3 3 2 2 0.00000100000000000
2 1 1 2 0.00019500000000000
3 3 2 2 0.00000200000000000
2 1 1 2 0.00001000000000000
3 3 2 2 0.00000100000000000
2 1 1 2 0.00001200000000000
4 6 4 4 0.00000100000000000
3 3 2 2 0.00000100000000000
3 3 2 2 0.00000200000000000
3 3 2 2 0.00000300000000000
3 3 2 2 0.00000200000000000
4 6 4 4 0.00000200000000000
5 8 5 2 0.00005800000000000
2 1 1 2 0.00000500000000000
5 8 5 2 0.00000600000000000
5 8 5 2 0.00002700000000000
4 6 4 4 0.00000200000000000
4 6 4 4 0.00000200000000000
4 6 4 4 0.00000100000000000
4 6 4 4 0.00000100000000000
2 1 1 2 0.00025200000000000
5 8 5 2 0.00001000000000000
4 6 4 4 0.00000200000000000
6 10 6 2 0.00000900000000000
2 1 1 2 0.00000800000000000
6 10 6 2 0.00002100000000000
6 10 6 2 0.00001100000000000
4 6 4 4 0.00000400000000000
6 10 6 2 0.00002000000000000
3 3 2 2 0.00000200000000000
7 12 7 2 0.00001100000000000
6 10 6 2 0.00001800000000000
4 6 4 4 0.00000200000000000
2 1 1 2 0.00001000000000000
7 12 7 2 0.00000800000000000
5 8 5 2 0.00001200000000000
7 12 7 2 0.00000700000000000
7 12 7 2 0.00001200000000000
6 10 6 2 0.00000600000000000
7 12 7 2 0.00001500000000000
5 8 5 2 0.00001600000000000
6 10 6 2 0.00001400000000000
2 1 1 2 0.00000500000000000
8 14 8 2 0.00000800000000000
3 3 2 2 0.00000200000000000
7 12 7 2 0.00001200000000000
7 12 7 2 0.00001000000000000
5 8 5 2 0.00000500000000000
6 10 6 2 0.00001300000000000
5 8 5 2 0.00002300000000000
9 16 9 2 0.00001100000000000
8 14 8 2 0.00001100000000000
8 14 8 2 0.00001100000000000
8 14 8 2 0.00001100000000000
5 8 5 2 0.00006600000000000
9 16 9 2 0.00001800000000000
7 12 7 2 0.00001000000000000
7 12 7 2 0.00000900000000000
9 16 9 2 0.00001500000000000
6 10 6 2 0.00001400000000000
10 18 10 2 0.00001400000000000
9 16 9 2 0.00001400000000000
2 1 1 2 0.00024200000000000
10 18 10 2 0.00001800000000000
10 18 10 2 0.00002000000000000
8 14 8 2 0.00000800000000000
9 16 9 2 0.00001400000000000
10 18 10 2 0.00001400000000000
9 16 9 2 0.00001300000000000
11 20 11 2 0.00002000000000000
8 14 8 2 0.00001000000000000
9 16 9 2 0.00001100000000000
5 8 5 2 0.00001800000000000
9 16 9 2 0.00001100000000000
10 18 10 2 0.00001700000000000
8 14 8 2 0.00001100000000000
11 20 11 2 0.00001500000000000
9 16 9 2 0.00001500000000000
10 18 10 2 0.00002100000000000
10 18 10 2 0.00001500000000000
11 20 11 2 0.00001400000000000
11 20 11 2 0.00002500000000000
10 18 10 2 0.00002400000000000
7 12 7 2 0.00001400000000000
12 22 12 2 0.00001700000000000
12 22 12 2 0.00002200000000000
11 20 11 2 0.00001600000000000
11 20 11 2 0.00002900000000000
12 22 12 2 0.00002400000000000
11 20 11 2 0.00003100000000000
12 22 12 2 0.00001700000000000
12 22 12 2 0.00001700000000000
9 16 9 2 0.00001400000000000
13 24 13 2 0.00002300000000000
11 20 11 2 0.00002000000000000
13 24 13 2 0.00001900000000000
12 22 12 2 0.00002100000000000
11 20 11 2 0.00002100000000000
12 22 12 2 0.00002100000000000
8 14 8 2 0.00001500000000000
14 26 14 2 0.00002200000000000
12 22 12 2 0.00002200000000000
10 18 10 2 0.00001700000000000
13 24 13 2 0.00002000000000000
14 26 14 2 0.00002800000000000
14 26 14 2 0.00003400000000000
14 26 14 2 0.00002200000000000
8 14 8 2 0.00001200000000000
13 24 13 2 0.00002000000000000
8 14 8 2 0.00000800000000000
12 22 12 2 0.00002300000000000
13 24 13 2 0.00002400000000000
14 26 14 2 0.00002700000000000
13 24 13 2 0.00002400000000000
15 28 15 2 0.00004000000000000
13 24 13 2 0.00002400000000000
14 26 14 2 0.00002100000000000
15 28 15 2 0.00003500000000000
14 26 14 2 0.00002700000000000
13 24 13 2 0.00002200000000000
3 3 2 2 0.00000200000000000
15 28 15 2 0.00002700000000000
14 26 14 2 0.00003400000000000
16 30 16 2 0.00002400000000000
16 30 16 2 0.00003000000000000
16 30 16 2 0.00002700000000000
16 30 16 2 0.00003500000000000
16 30 16 2 0.00002300000000000
6 10 6 2 0.00001600000000000
14 26 14 2 0.00002300000000000
15 28 15 2 0.00003600000000000
2 1 1 2 0.00000400000000000
15 28 15 2 0.00003900000000000
17 32 17 2 0.00003400000000000
13 24 13 2 0.00002400000000000
17 32 17 2 0.00002900000000000
15 28 15 2 0.00002900000000000
16 30 16 2 0.00003400000000000
17 32 17 2 0.00003600000000000
15 28 15 2 0.00003300000000000
16 30 16 2 0.00003400000000000
17 32 17 2 0.00002900000000000
14 26 14 2 0.00002800000000000
18 34 18 2 0.00003800000000000
18 34 18 2 0.00005000000000000
17 32 17 2 0.00002900000000000
13 24 13 2 0.00002400000000000
18 34 18 2 0.00003700000000000
17 32 17 2 0.00003600000000000
18 34 18 2 0.00003500000000000
11 20 11 2 0.00002700000000000
17 32 17 2 0.00003600000000000
18 34 18 2 0.00003600000000000
16 30 16 2 0.00003000000000000
12 22 12 2 0.00002200000000000
15 28 15 2 0.00003300000000000
16 30 16 2 0.00002900000000000
17 32 17 2 0.00003700000000000
19 36 19 2 0.00004700000000000
19 36 19 2 0.00004600000000000
19 36 19 2 0.00005700000000000
18 34 18 2 0.00004700000000000
19 36 19 2 0.00003800000000000
15 28 15 2 0.00003200000000000
19 36 19 2 0.00003800000000000
20 38 20 2 0.00006200000000000
19 36 19 2 0.00004200000000000
18 34 18 2 0.00004700000000000
20 38 20 2 0.00004700000000000
19 36 19 2 0.00004800000000000
16 30 16 2 0.00002300000000000
18 34 18 2 0.00004500000000000
21 40 21 2 0.00005500000000000
20 38 20 2 0.00004800000000000
18 34 18 2 0.00004600000000000
21 40 21 2 0.00005500000000000
20 38 20 2 0.00005600000000000
17 32 17 2 0.00003600000000000
18 34 18 2 0.00004900000000000
20 38 20 2 0.00005200000000000
21 40 21 2 0.00005500000000000
20 38 20 2 0.00004700000000000
21 40 21 2 0.00006200000000000
22 42 22 2 0.00005800000000000
21 40 21 2 0.00004300000000000
20 38 20 2 0.00006300000000000
21 40 21 2 0.00004400000000000
19 36 19 2 0.00005200000000000
22 42 22 2 0.00006500000000000
22 42 22 2 0.00004800000000000
17 32 17 2 0.00003800000000000
22 42 22 2 0.00004700000000000
22 42 22 2 0.00005900000000000
21 40 21 2 0.00006100000000000
21 40 21 2 0.00004400000000000
22 42 22 2 0.00005900000000000
23 44 23 2 0.00005100000000000
22 42 22 2 0.00006300000000000
22 42 22 2 0.00005900000000000
23 44 23 2 0.00005100000000000
22 42 22 2 0.00005900000000000
23 44 23 2 0.00005200000000000
23 44 23 2 0.00006300000000000
22 42 22 2 0.00005900000000000
19 36 19 2 0.00004900000000000
24 46 24 2 0.00005800000000000
24 46 24 2 0.00006000000000000
23 44 23 2 0.00006400000000000
20 38 20 2 0.00004300000000000
23 44 23 2 0.00006500000000000
23 44 23 2 0.00006500000000000
20 38 20 2 0.00005500000000000
25 48 25 2 0.00005800000000000
24 46 24 2 0.00007400000000000
23 44 23 2 0.00005100000000000
21 40 21 2 0.00005500000000000
24 46 24 2 0.00005900000000000
23 44 23 2 0.00006500000000000
21 40 21 2 0.00005000000000000
24 46 24 2 0.00007700000000000
24 46 24 2 0.00006900000000000
25 48 25 2 0.00008200000000000
24 46 24 2 0.00007800000000000
26 50 26 2 0.00006100000000000
25 48 25 2 0.00008000000000000
25 48 25 2 0.00005700000000000
26 50 26 2 0.00007700000000000
26 50 26 2 0.00006100000000000
24 46 24 2 0.00007400000000000
19 36 19 2 0.00005100000000000
25 48 25 2 0.00006500000000000
25 48 25 2 0.00007300000000000
26 50 26 2 0.00007800000000000
26 50 26 2 0.00007600000000000
26 50 26 2 0.00006100000000000
20 38 20 2 0.00005700000000000
25 48 25 2 0.00006200000000000
27 52 27 2 0.00008300000000000
26 50 26 2 0.00007700000000000
27 52 27 2 0.00006600000000000
26 50 26 2 0.00007600000000000
26 50 26 2 0.00007600000000000
27 52 27 2 0.00006500000000000
10 18 10 2 0.00002300000000000
28 54 28 2 0.00006900000000000
23 44 23 2 0.00006300000000000
27 52 27 2 0.00006700000000000
28 54 28 2 0.00008600000000000
24 46 24 2 0.00007900000000000
25 48 25 2 0.00005800000000000
27 52 27 2 0.00008200000000000
27 52 27 2 0.00007600000000000
28 54 28 2 0.00008600000000000
28 54 28 2 0.00008600000000000
25 48 25 2 0.00007700000000000
29 56 29 2 0.00008000000000000
28 54 28 2 0.00007300000000000
24 46 24 2 0.00007700000000000
29 56 29 2 0.00008300000000000
25 48 25 2 0.00007300000000000
28 54 28 2 0.00008600000000000
29 56 29 2 0.00007900000000000
27 52 27 2 0.00008300000000000
27 52 27 2 0.00008300000000000
28 54 28 2 0.00007500000000000
28 54 28 2 0.00006900000000000
26 50 26 2 0.00007700000000000
28 54 28 2 0.00008700000000000
29 56 29 2 0.00009600000000000
30 58 30 2 0.00007700000000000
27 52 27 2 0.00008800000000000
30 58 30 2 0.00010200000000000
29 56 29 2 0.00009700000000000
30 58 30 2 0.00008300000000000
28 54 28 2 0.00008800000000000
30 58 30 2 0.00007600000000000
29 56 29 2 0.00009700000000000
30 58 30 2 0.00008100000000000
31 60 31 2 0.00010200000000000
30 58 30 2 0.00010100000000000
31 60 31 2 0.00008200000000000
30 58 30 2 0.00010300000000000
31 60 31 2 0.00010200000000000
30 58 30 2 0.00008600000000000
30 58 30 2 0.00010200000000000
31 60 31 2 0.00008200000000000
31 60 31 2 0.00010200000000000
31 60 31 2 0.00010300000000000
32 62 32 2 0.00008300000000000
29 56 29 2 0.00009800000000000
31 60 31 2 0.00008300000000000
32 62 32 2 0.00010400000000000
27 52 27 2 0.00008300000000000
32 62 32 2 0.00008300000000000
32 62 32 2 0.00008400000000000
32 62 32 2 0.00010500000000000
32 62 32 2 0.00010400000000000
32 62 32 2 0.00008300000000000
33 64 33 2 0.00009400000000000
29 56 29 2 0.00009800000000000
31 60 31 2 0.00010200000000000
31 60 31 2 0.00010300000000000
33 64 33 2 0.00010200000000000
30 58 30 2 0.00010000000000000
33 64 33 2 0.00009500000000000
32 62 32 2 0.00010400000000000
33 64 33 2 0.00011800000000000
33 64 33 2 0.00009500000000000
33 64 33 2 0.00011700000000000
34 66 34 2 0.00013900000000000
32 62 32 2 0.00010500000000000
34 66 34 2 0.00011400000000000
34 66 34 2 0.00014300000000000
33 64 33 2 0.00009400000000000
34 66 34 2 0.00014100000000000
31 60 31 2 0.00010300000000000
29 56 29 2 0.00009700000000000
34 66 34 2 0.00010800000000000
34 66 34 2 0.00011700000000000
34 66 34 2 0.00014000000000000
34 66 34 2 0.00010900000000000
34 66 34 2 0.00013800000000000
35 68 35 2 0.00012700000000000
15 28 15 2 0.00003400000000000
35 68 35 2 0.00011700000000000
33 64 33 2 0.00011900000000000
35 68 35 2 0.00012700000000000
35 68 35 2 0.00014700000000000
33 64 33 2 0.00011800000000000
35 68 35 2 0.00015100000000000
35 68 35 2 0.00014700000000000
35 68 35 2 0.00015600000000000
35 68 35 2 0.00015100000000000
35 68 35 2 0.00015400000000000
36 70 36 2 0.00012300000000000
29 56 29 2 0.00010000000000000
36 70 36 2 0.00012400000000000
36 70 36 2 0.00015400000000000
36 70 36 2 0.00015400000000000
36 70 36 2 0.00015500000000000
36 70 36 2 0.00012300000000000
36 70 36 2 0.00015500000000000
37 72 37 2 0.00016400000000000
33 64 33 2 0.00011800000000000
36 70 36 2 0.00012200000000000
37 72 37 2 0.00016300000000000
37 72 37 2 0.00016300000000000
36 70 36 2 0.00012300000000000
37 72 37 2 0.00013000000000000
37 72 37 2 0.00013000000000000
35 68 35 2 0.00015600000000000
37 72 37 2 0.00016200000000000
38 74 38 2 0.00014300000000000
37 72 37 2 0.00016200000000000
37 72 37 2 0.00016300000000000
38 74 38 2 0.00013800000000000
38 74 38 2 0.00017200000000000
34 66 34 2 0.00013300000000000
38 74 38 2 0.00017400000000000
37 72 37 2 0.00016300000000000
37 72 37 2 0.00016300000000000
38 74 38 2 0.00017400000000000
38 74 38 2 0.00017300000000000
38 74 38 2 0.00013800000000000
36 70 36 2 0.00015400000000000
38 74 38 2 0.00017200000000000
39 76 39 2 0.00014500000000000
39 76 39 2 0.00018200000000000
32 62 32 2 0.00010400000000000
39 76 39 2 0.00018100000000000
39 76 39 2 0.00018000000000000
38 74 38 2 0.00017400000000000
40 78 40 2 0.00015100000000000
39 76 39 2 0.00018000000000000
38 74 38 2 0.00017400000000000
39 76 39 2 0.00014700000000000
39 76 39 2 0.00020100000000000
40 78 40 2 0.00018800000000000
39 76 39 2 0.00014600000000000
40 78 40 2 0.00018800000000000
39 76 39 2 0.00014400000000000
40 78 40 2 0.00018800000000000
40 78 40 2 0.00018800000000000
41 80 41 2 0.00015300000000000
40 78 40 2 0.00015200000000000
39 76 39 2 0.00018100000000000
40 78 40 2 0.00018800000000000
40 78 40 2 0.00019000000000000
40 78 40 2 0.00018900000000000
41 80 41 2 0.00015700000000000
41 80 41 2 0.00019600000000000
41 80 41 2 0.00019800000000000
42 82 42 2 0.00016000000000000
40 78 40 2 0.00018800000000000
41 80 41 2 0.00020000000000000
41 80 41 2 0.00019300000000000
41 80 41 2 0.00019800000000000
41 80 41 2 0.00019100000000000
42 82 42 2 0.00016500000000000
41 80 41 2 0.00019300000000000
42 82 42 2 0.00020000000000000
42 82 42 2 0.00016300000000000
41 80 41 2 0.00019500000000000
42 82 42 2 0.00016000000000000
42 82 42 2 0.00016000000000000
42 82 42 2 0.00020000000000000
42 82 42 2 0.00020300000000000
43 84 43 2 0.00021600000000000
42 82 42 2 0.00020300000000000
43 84 43 2 0.00022000000000000
43 84 43 2 0.00017400000000000
43 84 43 2 0.00017700000000000
42 82 42 2 0.00020400000000000
43 84 43 2 0.00021600000000000
43 84 43 2 0.00021700000000000
43 84 43 2 0.00021600000000000
44 86 44 2 0.00018000000000000
44 86 44 2 0.00022600000000000
43 84 43 2 0.00021600000000000
44 86 44 2 0.00022300000000000
44 86 44 2 0.00018000000000000
43 84 43 2 0.00021600000000000
44 86 44 2 0.00022300000000000
44 86 44 2 0.00022300000000000
43 84 43 2 0.00022000000000000
44 86 44 2 0.00017900000000000
44 86 44 2 0.00017900000000000
44 86 44 2 0.00022400000000000
45 88 45 2 0.00022800000000000
45 88 45 2 0.00022800000000000
44 86 44 2 0.00022300000000000
45 88 45 2 0.00022800000000000
45 88 45 2 0.00018300000000000
45 88 45 2 0.00018400000000000
45 88 45 2 0.00022700000000000
45 88 45 2 0.00023000000000000
45 88 45 2 0.00022800000000000
46 90 46 2 0.00019000000000000
45 88 45 2 0.00022900000000000
45 88 45 2 0.00022800000000000
46 90 46 2 0.00024100000000000
46 90 46 2 0.00019300000000000
46 90 46 2 0.00024200000000000
46 90 46 2 0.00024300000000000
46 90 46 2 0.00024200000000000
46 90 46 2 0.00024200000000000
46 90 46 2 0.00024300000000000
47 92 47 2 0.00020100000000000
46 90 46 2 0.00024200000000000
47 92 47 2 0.00020000000000000
46 90 46 2 0.00024100000000000
47 92 47 2 0.00025000000000000
47 92 47 2 0.00025000000000000
47 92 47 2 0.00020100000000000
47 92 47 2 0.00025000000000000
47 92 47 2 0.00020200000000000
47 92 47 2 0.00025700000000000
48 94 48 2 0.00020900000000000
47 92 47 2 0.00025500000000000
47 92 47 2 0.00025100000000000
48 94 48 2 0.00026100000000000
48 94 48 2 0.00026000000000000
48 94 48 2 0.00026500000000000
48 94 48 2 0.00021000000000000
48 94 48 2 0.00026600000000000
48 94 48 2 0.00027700000000000
49 96 49 2 0.00021900000000000
48 94 48 2 0.00026400000000000
49 96 49 2 0.00021700000000000
48 94 48 2 0.00026600000000000
49 96 49 2 0.00027800000000000
49 96 49 2 0.00027300000000000
48 94 48 2 0.00027100000000000
49 96 49 2 0.00027200000000000
49 96 49 2 0.00021900000000000
49 96 49 2 0.00027400000000000
49 96 49 2 0.00026900000000000
50 98 50 2 0.00022400000000000
49 96 49 2 0.00027000000000000
50 98 50 2 0.00022000000000000
49 96 49 2 0.00027500000000000
50 98 50 2 0.00027600000000000
50 98 50 2 0.00027500000000000
50 98 50 2 0.00028000000000000
50 98 50 2 0.00022000000000000
50 98 50 2 0.00027500000000000
50 98 50 2 0.00027900000000000
50 98 50 2 0.00027700000000000
50 98 50 2 0.00027500000000000
51 100 51 2 0.00023700000000000
51 100 51 2 0.00023400000000000
51 100 51 2 0.00029300000000000
51 100 51 2 0.00029200000000000
51 100 51 2 0.00029200000000000
51 100 51 2 0.00029300000000000
51 100 51 2 0.00023400000000000
51 100 51 2 0.00029000000000000
51 100 51 2 0.00028900000000000
52 102 52 2 0.00025000000000000
52 102 52 2 0.00024200000000000
51 100 51 2 0.00029500000000000
52 102 52 2 0.00030900000000000
52 102 52 2 0.00030900000000000
52 102 52 2 0.00031000000000000
52 102 52 2 0.00030700000000000
52 102 52 2 0.00030900000000000
52 102 52 2 0.00025400000000000
52 102 52 2 0.00030900000000000
53 104 53 2 0.00031100000000000
53 104 53 2 0.00024900000000000
52 102 52 2 0.00031400000000000
53 104 53 2 0.00031400000000000
53 104 53 2 0.00025000000000000
53 104 53 2 0.00031500000000000
53 104 53 2 0.00031300000000000
53 104 53 2 0.00031200000000000
54 106 54 2 0.00025600000000000
53 104 53 2 0.00030900000000000
53 104 53 2 0.00031100000000000
53 104 53 2 0.00031400000000000
54 106 54 2 0.00025200000000000
54 106 54 2 0.00025400000000000
54 106 54 2 0.00032000000000000
54 106 54 2 0.00032000000000000
54 106 54 2 0.00032100000000000
54 106 54 2 0.00031600000000000
54 106 54 2 0.00032100000000000
55 108 55 2 0.00026300000000000
54 106 54 2 0.00032000000000000
54 106 54 2 0.00032000000000000
55 108 55 2 0.00027000000000000
55 108 55 2 0.00033500000000000
55 108 55 2 0.00033300000000000
55 108 55 2 0.00026500000000000
55 108 55 2 0.00033500000000000
55 108 55 2 0.00033200000000000
56 110 56 2 0.00027600000000000
55 108 55 2 0.00033200000000000
55 108 55 2 0.00033400000000000
55 108 55 2 0.00033400000000000
56 110 56 2 0.00027800000000000
56 110 56 2 0.00027300000000000
56 110 56 2 0.00034100000000000
56 110 56 2 0.00034600000000000
56 110 56 2 0.00034400000000000
56 110 56 2 0.00034100000000000
56 110 56 2 0.00034000000000000
56 110 56 2 0.00034400000000000
57 112 57 2 0.00029400000000000
56 110 56 2 0.00034400000000000
57 112 57 2 0.00036800000000000
57 112 57 2 0.00029600000000000
57 112 57 2 0.00036800000000000
57 112 57 2 0.00037000000000000
57 112 57 2 0.00037000000000000
57 112 57 2 0.00029800000000000
57 112 57 2 0.00037200000000000
58 114 58 2 0.00030000000000000
57 112 57 2 0.00037100000000000
57 112 57 2 0.00037200000000000
58 114 58 2 0.00037300000000000
58 114 58 2 0.00029600000000000
58 114 58 2 0.00029900000000000
58 114 58 2 0.00037000000000000
58 114 58 2 0.00037500000000000
58 114 58 2 0.00037400000000000
58 114 58 2 0.00037200000000000
58 114 58 2 0.00037400000000000
58 114 58 2 0.00037500000000000
59 116 59 2 0.00030400000000000
59 116 59 2 0.00038700000000000
59 116 59 2 0.00038700000000000
59 116 59 2 0.00030400000000000
59 116 59 2 0.00038500000000000
59 116 59 2 0.00039100000000000
59 116 59 2 0.00037600000000000
60 118 60 2 0.00031900000000000
59 116 59 2 0.00038000000000000
59 116 59 2 0.00038200000000000
60 118 60 2 0.00032400000000000
59 116 59 2 0.00038000000000000
60 118 60 2 0.00040600000000000
60 118 60 2 0.00031000000000000
60 118 60 2 0.00040700000000000
60 118 60 2 0.00040400000000000
60 118 60 2 0.00032200000000000
60 118 60 2 0.00040100000000000
60 118 60 2 0.00040700000000000
61 120 61 2 0.00040200000000000
61 120 61 2 0.00032600000000000
60 118 60 2 0.00040500000000000
61 120 61 2 0.00040200000000000
61 120 61 2 0.00032200000000000
61 120 61 2 0.00040400000000000
61 120 61 2 0.00040500000000000
61 120 61 2 0.00040300000000000
61 120 61 2 0.00040200000000000
62 122 62 2 0.00034200000000000
61 120 61 2 0.00040700000000000
61 120 61 2 0.00040300000000000
62 122 62 2 0.00033500000000000
62 122 62 2 0.00041600000000000
62 122 62 2 0.00032100000000000
62 122 62 2 0.00041400000000000
62 122 62 2 0.00041200000000000
62 122 62 2 0.00040900000000000
63 124 63 2 0.00034300000000000
62 122 62 2 0.00041600000000000
62 122 62 2 0.00041600000000000
62 122 62 2 0.00041200000000000
63 124 63 2 0.00034300000000000
63 124 63 2 0.00043000000000000
63 124 63 2 0.00034400000000000
63 124 63 2 0.00042700000000000
63 124 63 2 0.00042900000000000
63 124 63 2 0.00043100000000000
64 126 64 2 0.00033200000000000
63 124 63 2 0.00042800000000000
63 124 63 2 0.00042800000000000
64 126 64 2 0.00033100000000000
64 126 64 2 0.00041600000000000
63 124 63 2 0.00043100000000000
64 126 64 2 0.00041600000000000
64 126 64 2 0.00033300000000000
64 126 64 2 0.00041300000000000
64 126 64 2 0.00041400000000000
65 128 65 2 0.00036500000000000
64 126 64 2 0.00041600000000000
64 126 64 2 0.00041700000000000
64 126 64 2 0.00042000000000000
65 128 65 2 0.00045500000000000
65 128 65 2 0.00036500000000000
65 128 65 2 0.00046300000000000
65 128 65 2 0.00045800000000000
65 128 65 2 0.00036700000000000
65 128 65 2 0.00045700000000000
65 128 65 2 0.00045600000000000
66 130 66 2 0.00040300000000000
65 128 65 2 0.00046400000000000
65 128 65 2 0.00046000000000000
66 130 66 2 0.00040400000000000
66 130 66 2 0.00050300000000000
66 130 66 2 0.00050000000000000
66 130 66 2 0.00049700000000000
66 130 66 2 0.00039800000000000
66 130 66 2 0.00050400000000000
66 130 66 2 0.00050200000000000
67 132 67 2 0.00042400000000000
66 130 66 2 0.00049800000000000
66 130 66 2 0.00050300000000000
67 132 67 2 0.00052900000000000
67 132 67 2 0.00042100000000000
67 132 67 2 0.00052900000000000
67 132 67 2 0.00052500000000000
67 132 67 2 0.00052800000000000
67 132 67 2 0.00042500000000000
67 132 67 2 0.00052500000000000
67 132 67 2 0.00052600000000000
68 134 68 2 0.00044300000000000
67 132 67 2 0.00052800000000000
68 134 68 2 0.00044100000000000
68 134 68 2 0.00055300000000000
68 134 68 2 0.00055400000000000
68 134 68 2 0.00055600000000000
68 134 68 2 0.00055400000000000
68 134 68 2 0.00044200000000000
68 134 68 2 0.00055100000000000
68 134 68 2 0.00055300000000000
69 136 69 2 0.00047200000000000
68 134 68 2 0.00055800000000000
69 136 69 2 0.00047700000000000
69 136 69 2 0.00059300000000000
69 136 69 2 0.00059000000000000
69 136 69 2 0.00059400000000000
69 136 69 2 0.00059400000000000
70 138 70 2 0.00048800000000000
69 136 69 2 0.00059400000000000
69 136 69 2 0.00059300000000000
69 136 69 2 0.00059400000000000
70 138 70 2 0.00048700000000000
69 136 69 2 0.00059400000000000
70 138 70 2 0.00060900000000000
70 138 70 2 0.00048700000000000
70 138 70 2 0.00060900000000000
70 138 70 2 0.00061000000000000
70 138 70 2 0.00060500000000000
71 140 71 2 0.00050300000000000
70 138 70 2 0.00060800000000000
70 138 70 2 0.00060500000000000
70 138 70 2 0.00060600000000000
71 140 71 2 0.00051400000000000
71 140 71 2 0.00064500000000000
71 140 71 2 0.00051300000000000
71 140 71 2 0.00064000000000000
71 140 71 2 0.00063800000000000
72 142 72 2 0.00051400000000000
71 140 71 2 0.00064000000000000
71 140 71 2 0.00063900000000000
71 140 71 2 0.00063800000000000
72 142 72 2 0.00051500000000000
71 140 71 2 0.00063900000000000
72 142 72 2 0.00064100000000000
72 142 72 2 0.00064100000000000
72 142 72 2 0.00051400000000000
72 142 72 2 0.00064000000000000
72 142 72 2 0.00064600000000000
72 142 72 2 0.00064700000000000
72 142 72 2 0.00064700000000000
73 144 73 2 0.00053600000000000
72 142 72 2 0.00064700000000000
73 144 73 2 0.00052500000000000
73 144 73 2 0.00065900000000000
73 144 73 2 0.00065900000000000
73 144 73 2 0.00066200000000000
73 144 73 2 0.00052400000000000
73 144 73 2 0.00065800000000000
74 146 74 2 0.00055400000000000
73 144 73 2 0.00065500000000000
73 144 73 2 0.00065300000000000
73 144 73 2 0.00065100000000000
74 146 74 2 0.00055200000000000
74 146 74 2 0.00069000000000000
74 146 74 2 0.00068900000000000
74 146 74 2 0.00055100000000000
74 146 74 2 0.00068600000000000
74 146 74 2 0.00069000000000000
74 146 74 2 0.00068900000000000
74 146 74 2 0.00068600000000000
74 146 74 2 0.00068800000000000
75 148 75 2 0.00069500000000000
75 148 75 2 0.00055500000000000
75 148 75 2 0.00057700000000000
75 148 75 2 0.00069700000000000
75 148 75 2 0.00069600000000000
75 148 75 2 0.00070000000000000
75 148 75 2 0.00055500000000000
75 148 75 2 0.00069200000000000
75 148 75 2 0.00069400000000000
76 150 76 2 0.00057700000000000
75 148 75 2 0.00069700000000000
76 150 76 2 0.00071800000000000
76 150 76 2 0.00057700000000000
76 150 76 2 0.00071800000000000
76 150 76 2 0.00071800000000000
76 150 76 2 0.00057700000000000
76 150 76 2 0.00072100000000000
76 150 76 2 0.00071900000000000
76 150 76 2 0.00071700000000000
76 150 76 2 0.00072000000000000
77 152 77 2 0.00073100000000000
77 152 77 2 0.00073200000000000
77 152 77 2 0.00058800000000000
77 152 77 2 0.00059300000000000
77 152 77 2 0.00072900000000000
77 152 77 2 0.00072900000000000
78 154 78 2 0.00059500000000000
77 152 77 2 0.00072800000000000
77 152 77 2 0.00072800000000000
77 152 77 2 0.00072700000000000
78 154 78 2 0.00059000000000000
77 152 77 2 0.00072800000000000
78 154 78 2 0.00074500000000000
78 154 78 2 0.00059100000000000
78 154 78 2 0.00074500000000000
78 154 78 2 0.00059100000000000
78 154 78 2 0.00075200000000000
78 154 78 2 0.00074300000000000
78 154 78 2 0.00073800000000000
78 154 78 2 0.00074400000000000
79 156 79 2 0.00076800000000000
79 156 79 2 0.00061500000000000
79 156 79 2 0.00061300000000000
79 156 79 2 0.00076900000000000
79 156 79 2 0.00076200000000000
79 156 79 2 0.00076400000000000
79 156 79 2 0.00076600000000000
79 156 79 2 0.00076600000000000
80 158 80 2 0.00063800000000000
79 156 79 2 0.00076400000000000
79 156 79 2 0.00076400000000000
80 158 80 2 0.00063700000000000
80 158 80 2 0.00079600000000000
80 158 80 2 0.00079400000000000
80 158 80 2 0.00063700000000000
80 158 80 2 0.00078700000000000
80 158 80 2 0.00063400000000000
80 158 80 2 0.00078900000000000
80 158 80 2 0.00079200000000000
80 158 80 2 0.00079400000000000
81 160 81 2 0.00080200000000000
81 160 81 2 0.00080600000000000
81 160 81 2 0.00080400000000000
81 160 81 2 0.00080100000000000
81 160 81 2 0.00064500000000000
81 160 81 2 0.00064200000000000
82 162 82 2 0.00065200000000000
81 160 81 2 0.00080600000000000
81 160 81 2 0.00080500000000000
81 160 81 2 0.00080300000000000
81 160 81 2 0.00080500000000000
82 162 82 2 0.00065400000000000
82 162 82 2 0.00082200000000000
82 162 82 2 0.00082400000000000
82 162 82 2 0.00082000000000000
82 162 82 2 0.00065300000000000
82 162 82 2 0.00082200000000000
83 164 83 2 0.00067300000000000
82 162 82 2 0.00081700000000000
82 162 82 2 0.00081700000000000
82 162 82 2 0.00082000000000000
83 164 83 2 0.00084500000000000
83 164 83 2 0.00084500000000000
83 164 83 2 0.00068000000000000
83 164 83 2 0.00066900000000000
83 164 83 2 0.00084400000000000
83 164 83 2 0.00084700000000000
83 164 83 2 0.00085200000000000
83 164 83 2 0.00084500000000000
83 164 83 2 0.00084200000000000
84 166 84 2 0.00067900000000000
84 166 84 2 0.00068300000000000
84 166 84 2 0.00085900000000000
84 166 84 2 0.00068000000000000
84 166 84 2 0.00085800000000000
84 166 84 2 0.00085600000000000
84 166 84 2 0.00085500000000000
84 166 84 2 0.00085600000000000
85 168 85 2 0.00072300000000000
84 166 84 2 0.00085200000000000
84 166 84 2 0.00085600000000000
85 168 85 2 0.00090200000000000
85 168 85 2 0.00090200000000000
85 168 85 2 0.00090200000000000
85 168 85 2 0.00070300000000000
85 168 85 2 0.00092000000000000
85 168 85 2 0.00072100000000000
85 168 85 2 0.00090400000000000
86 170 86 2 0.00071900000000000
85 168 85 2 0.00090100000000000
85 168 85 2 0.00090300000000000
86 170 86 2 0.00071700000000000
86 170 86 2 0.00090200000000000
86 170 86 2 0.00090300000000000
86 170 86 2 0.00089400000000000
86 170 86 2 0.00090100000000000
86 170 86 2 0.00071800000000000
86 170 86 2 0.00090100000000000
87 172 87 2 0.00073500000000000
86 170 86 2 0.00090000000000000
86 170 86 2 0.00089900000000000
87 172 87 2 0.00092400000000000
87 172 87 2 0.00092500000000000
87 172 87 2 0.00092200000000000
87 172 87 2 0.00073200000000000
87 172 87 2 0.00091900000000000
88 174 88 2 0.00076600000000000
87 172 87 2 0.00091500000000000
87 172 87 2 0.00091800000000000
87 172 87 2 0.00091800000000000
87 172 87 2 0.00091600000000000
88 174 88 2 0.00076700000000000
88 174 88 2 0.00095900000000000
88 174 88 2 0.00076500000000000
89 176 89 2 0.00076000000000000
88 174 88 2 0.00096200000000000
88 174 88 2 0.00096100000000000
88 174 88 2 0.00095900000000000
88 174 88 2 0.00096200000000000
88 174 88 2 0.00095500000000000
88 174 88 2 0.00096200000000000
89 176 89 2 0.00076000000000000
89 176 89 2 0.00095500000000000
89 176 89 2 0.00078700000000000
89 176 89 2 0.00095100000000000
89 176 89 2 0.00095000000000000
89 176 89 2 0.00095100000000000
90 178 90 2 0.00080200000000000
89 176 89 2 0.00095300000000000
89 176 89 2 0.00095300000000000
89 176 89 2 0.00095300000000000
90 178 90 2 0.00080200000000000
90 178 90 2 0.00100200000000000
90 178 90 2 0.00100100000000000
90 178 90 2 0.00080300000000000
90 178 90 2 0.00100400000000000
90 178 90 2 0.00080200000000000
90 178 90 2 0.00100300000000000
90 178 90 2 0.00100300000000000
91 180 91 2 0.00080100000000000
90 178 90 2 0.00100200000000000
91 180 91 2 0.00100400000000000
91 180 91 2 0.00100500000000000
91 180 91 2 0.00100400000000000
91 180 91 2 0.00100300000000000
91 180 91 2 0.00100200000000000
91 180 91 2 0.00082500000000000
92 182 92 2 0.00081200000000000
91 180 91 2 0.00100700000000000
92 182 92 2 0.00081500000000000
91 180 91 2 0.00100700000000000
91 180 91 2 0.00100600000000000
92 182 92 2 0.00102200000000000
92 182 92 2 0.00081100000000000
92 182 92 2 0.00102200000000000
92 182 92 2 0.00102200000000000
92 182 92 2 0.00102100000000000
93 184 93 2 0.00083500000000000
92 182 92 2 0.00101400000000000
92 182 92 2 0.00101800000000000
92 182 92 2 0.00101600000000000
93 184 93 2 0.00104800000000000
93 184 93 2 0.00083100000000000
93 184 93 2 0.00104300000000000
93 184 93 2 0.00104300000000000
94 186 94 2 0.00086300000000000
93 184 93 2 0.00104300000000000
93 184 93 2 0.00104300000000000
94 186 94 2 0.00085200000000000
93 184 93 2 0.00104500000000000
93 184 93 2 0.00104200000000000
93 184 93 2 0.00104500000000000
94 186 94 2 0.00084800000000000
94 186 94 2 0.00085100000000000
95 188 95 2 0.00087300000000000
94 186 94 2 0.00106300000000000
94 186 94 2 0.00105700000000000
94 186 94 2 0.00106200000000000
94 186 94 2 0.00106100000000000
94 186 94 2 0.00106500000000000
94 186 94 2 0.00106500000000000
95 188 95 2 0.00109100000000000
95 188 95 2 0.00087700000000000
95 188 95 2 0.00108700000000000
95 188 95 2 0.00109400000000000
95 188 95 2 0.00109600000000000
95 188 95 2 0.00109400000000000
95 188 95 2 0.00086800000000000
95 188 95 2 0.00109200000000000
96 190 96 2 0.00088400000000000
96 190 96 2 0.00088300000000000
95 188 95 2 0.00109200000000000
96 190 96 2 0.00088400000000000
96 190 96 2 0.00111100000000000
96 190 96 2 0.00111200000000000
96 190 96 2 0.00110900000000000
96 190 96 2 0.00111000000000000
96 190 96 2 0.00110800000000000
96 190 96 2 0.00088500000000000
96 190 96 2 0.00111400000000000
97 192 97 2 0.00091100000000000
97 192 97 2 0.00114000000000000
97 192 97 2 0.00113800000000000
97 192 97 2 0.00114000000000000
97 192 97 2 0.00113000000000000
97 192 97 2 0.00112600000000000
97 192 97 2 0.00113900000000000
97 192 97 2 0.00112900000000000
98 194 98 2 0.00092600000000000
97 192 97 2 0.00113700000000000
97 192 97 2 0.00113400000000000
98 194 98 2 0.00091900000000000
98 194 98 2 0.00114900000000000
98 194 98 2 0.00091700000000000
98 194 98 2 0.00114700000000000
98 194 98 2 0.00091700000000000
98 194 98 2 0.00114700000000000
99 196 99 2 0.00096000000000000
98 194 98 2 0.00114700000000000
98 194 98 2 0.00114800000000000
98 194 98 2 0.00114700000000000
99 196 99 2 0.00095800000000000
99 196 99 2 0.00119900000000000
99 196 99 2 0.00119800000000000
99 196 99 2 0.00120100000000000
100 198 100 2 0.00096500000000000
99 196 99 2 0.00119500000000000
99 196 99 2 0.00120300000000000
99 196 99 2 0.00119700000000000
100 198 100 2 0.00095900000000000
99 196 99 2 0.00120200000000000
99 196 99 2 0.00120200000000000
100 198 100 2 0.00096200000000000
100 198 100 2 0.00120000000000000
100 198 100 2 0.00119500000000000
100 198 100 2 0.00120200000000000
100 198 100 2 0.00096200000000000
100 198 100 2 0.00120100000000000
100 198 100 2 0.00119300000000000
100 198 100 2 0.00120200000000000
105 208 105 2 0.00104800000000000
105 208 105 2 0.00131200000000000
105 208 105 2 0.00104800000000000
105 208 105 2 0.00131100000000000
105 208 105 2 0.00130900000000000
105 208 105 2 0.00131000000000000
105 208 105 2 0.00107400000000000
105 208 105 2 0.00131000000000000
105 208 105 2 0.00131300000000000
105 208 105 2 0.00131100000000000
110 218 110 2 0.00116500000000000
110 218 110 2 0.00116300000000000
110 218 110 2 0.00145200000000000
110 218 110 2 0.00145500000000000
110 218 110 2 0.00145100000000000
115 228 115 2 0.00130500000000000
110 218 110 2 0.00146200000000000
110 218 110 2 0.00146200000000000
110 218 110 2 0.00144200000000000
110 218 110 2 0.00145600000000000
110 218 110 2 0.00145300000000000
115 228 115 2 0.00128100000000000
115 228 115 2 0.00159500000000000
115 228 115 2 0.00159600000000000
115 228 115 2 0.00160100000000000
115 228 115 2 0.00132500000000000
115 228 115 2 0.00159100000000000
120 238 120 2 0.00137300000000000
115 228 115 2 0.00159100000000000
115 228 115 2 0.00159300000000000
115 228 115 2 0.00159900000000000
120 238 120 2 0.00136400000000000
120 238 120 2 0.00137000000000000
120 238 120 2 0.00170500000000000
120 238 120 2 0.00170800000000000
120 238 120 2 0.00171200000000000
120 238 120 2 0.00136700000000000
120 238 120 2 0.00170900000000000
120 238 120 2 0.00170700000000000
120 238 120 2 0.00170300000000000
125 248 125 2 0.00150600000000000
125 248 125 2 0.00188800000000000
125 248 125 2 0.00188000000000000
125 248 125 2 0.00188300000000000
125 248 125 2 0.00188400000000000
125 248 125 2 0.00188400000000000
125 248 125 2 0.00150600000000000
125 248 125 2 0.00188700000000000
125 248 125 2 0.00190100000000000
125 248 125 2 0.00189100000000000
130 258 130 2 0.00166700000000000
130 258 130 2 0.00163300000000000
130 258 130 2 0.00162900000000000
130 258 130 2 0.00204000000000000
130 258 130 2 0.00204000000000000
130 258 130 2 0.00204500000000000
130 258 130 2 0.00204300000000000
130 258 130 2 0.00203900000000000
130 258 130 2 0.00203900000000000
135 268 135 2 0.00197500000000000
130 258 130 2 0.00204800000000000
135 268 135 2 0.00197100000000000
135 268 135 2 0.00247000000000000
135 268 135 2 0.00246400000000000
135 268 135 2 0.00246700000000000
140 278 140 2 0.00219200000000000
135 268 135 2 0.00246600000000000
135 268 135 2 0.00246700000000000
135 268 135 2 0.00245900000000000
135 268 135 2 0.00246300000000000
135 268 135 2 0.00245800000000000
140 278 140 2 0.00221700000000000
140 278 140 2 0.00220800000000000
140 278 140 2 0.00276100000000000
140 278 140 2 0.00221300000000000
140 278 140 2 0.00275500000000000
140 278 140 2 0.00277300000000000
140 278 140 2 0.00277400000000000
140 278 140 2 0.00277100000000000
140 278 140 2 0.00278100000000000
145 288 145 2 0.00238900000000000
145 288 145 2 0.00239300000000000
145 288 145 2 0.00300600000000000
145 288 145 2 0.00299100000000000
145 288 145 2 0.00298800000000000
145 288 145 2 0.00299400000000000
145 288 145 2 0.00242800000000000
145 288 145 2 0.00303700000000000
145 288 145 2 0.00302000000000000
145 288 145 2 0.00303400000000000
150 298 150 2 0.00267400000000000
150 298 150 2 0.00263500000000000
150 298 150 2 0.00263400000000000
150 298 150 2 0.00330600000000000
150 298 150 2 0.00330900000000000
150 298 150 2 0.00330700000000000
150 298 150 2 0.00336600000000000
150 298 150 2 0.00337100000000000
150 298 150 2 0.00330400000000000
150 298 150 2 0.00336400000000000
155 308 155 2 0.00286000000000000
155 308 155 2 0.00358000000000000
155 308 155 2 0.00282000000000000
155 308 155 2 0.00355300000000000
155 308 155 2 0.00357100000000000
155 308 155 2 0.00356400000000000
155 308 155 2 0.00357700000000000
160 318 160 2 0.00308000000000000
155 308 155 2 0.00358100000000000
155 308 155 2 0.00352900000000000
155 308 155 2 0.00351700000000000
160 318 160 2 0.00296600000000000
160 318 160 2 0.00305100000000000
160 318 160 2 0.00305500000000000
160 318 160 2 0.00386300000000000
160 318 160 2 0.00384600000000000
160 318 160 2 0.00383800000000000
160 318 160 2 0.00383600000000000
160 318 160 2 0.00384000000000000
160 318 160 2 0.00383500000000000
165 328 165 2 0.00322300000000000
165 328 165 2 0.00323400000000000
165 328 165 2 0.00412400000000000
165 328 165 2 0.00409100000000000
165 328 165 2 0.00409000000000000
165 328 165 2 0.00410300000000000
165 328 165 2 0.00410600000000000
170 338 170 2 0.00337200000000000
165 328 165 2 0.00407500000000000
165 328 165 2 0.00408800000000000
165 328 165 2 0.00407800000000000
170 338 170 2 0.00334500000000000
170 338 170 2 0.00334500000000000
170 338 170 2 0.00423100000000000
170 338 170 2 0.00336200000000000
170 338 170 2 0.00422300000000000
170 338 170 2 0.00423800000000000
170 338 170 2 0.00417800000000000
170 338 170 2 0.00421200000000000
170 338 170 2 0.00420800000000000
175 348 175 2 0.00357500000000000
175 348 175 2 0.00451000000000000
175 348 175 2 0.00357100000000000
175 348 175 2 0.00450800000000000
175 348 175 2 0.00449600000000000
175 348 175 2 0.00451800000000000
175 348 175 2 0.00452500000000000
175 348 175 2 0.00450100000000000
175 348 175 2 0.00445700000000000
180 358 180 2 0.00379900000000000
175 348 175 2 0.00451300000000000
180 358 180 2 0.00384200000000000
180 358 180 2 0.00479500000000000
180 358 180 2 0.00379100000000000
180 358 180 2 0.00380100000000000
180 358 180 2 0.00476200000000000
180 358 180 2 0.00477600000000000
180 358 180 2 0.00474000000000000
180 358 180 2 0.00477300000000000
180 358 180 2 0.00475600000000000
185 368 185 2 0.00765100000000000
185 368 185 2 0.00762000000000000
185 368 185 2 0.00659200000000000
185 368 185 2 0.00660100000000000
185 368 185 2 0.00769300000000000
185 368 185 2 0.00763700000000000
185 368 185 2 0.00765300000000000
185 368 185 2 0.00767100000000000
185 368 185 2 0.00763800000000000
185 368 185 2 0.00762900000000000
190 378 190 2 0.00686800000000000
190 378 190 2 0.00670000000000000
190 378 190 2 0.00680700000000000
190 378 190 2 0.00684800000000000
190 378 190 2 0.00799000000000000
190 378 190 2 0.00794400000000000
190 378 190 2 0.00795100000000000
190 378 190 2 0.00795800000000000
190 378 190 2 0.00800900000000000
190 378 190 2 0.00794300000000000
195 388 195 2 0.00820500000000000
195 388 195 2 0.00818800000000000
195 388 195 2 0.00444400000000000
195 388 195 2 0.00444600000000000
195 388 195 2 0.00560000000000000
195 388 195 2 0.00558400000000000
195 388 195 2 0.00558400000000000
195 388 195 2 0.00557400000000000
195 388 195 2 0.00560100000000000
195 388 195 2 0.00557500000000000
200 398 200 2 0.00474100000000000
200 398 200 2 0.00470900000000000
200 398 200 2 0.00590400000000000
200 398 200 2 0.00470000000000000
200 398 200 2 0.00469600000000000
200 398 200 2 0.00599700000000000
200 398 200 2 0.00596300000000000
200 398 200 2 0.00590200000000000
200 398 200 2 0.00588700000000000
200 398 200 2 0.00590500000000000
205 408 205 2 0.00604800000000000
205 408 205 2 0.00612600000000000
205 408 205 2 0.00484300000000000
205 408 205 2 0.00484000000000000
205 408 205 2 0.00614700000000000
205 408 205 2 0.00610100000000000
205 408 205 2 0.00609500000000000
205 408 205 2 0.00609200000000000
205 408 205 2 0.00610500000000000
205 408 205 2 0.00607400000000000
210 418 210 2 0.00506100000000000
210 418 210 2 0.00640700000000000
210 418 210 2 0.00631700000000000
210 418 210 2 0.00510200000000000
210 418 210 2 0.00510900000000000
210 418 210 2 0.00507500000000000
210 418 210 2 0.00641900000000000
210 418 210 2 0.00638300000000000
210 418 210 2 0.00638700000000000
210 418 210 2 0.00631500000000000
215 428 215 2 0.00527400000000000
215 428 215 2 0.00670900000000000
215 428 215 2 0.00663900000000000
215 428 215 2 0.00527000000000000
215 428 215 2 0.00664800000000000
215 428 215 2 0.00664600000000000
215 428 215 2 0.00660100000000000
215 428 215 2 0.00668100000000000
215 428 215 2 0.00666300000000000
215 428 215 2 0.00660000000000000
220 438 220 2 0.00698400000000000
220 438 220 2 0.00558200000000000
220 438 220 2 0.00695300000000000
220 438 220 2 0.00551500000000000
220 438 220 2 0.00558600000000000
220 438 220 2 0.00697000000000000
220 438 220 2 0.00557200000000000
220 438 220 2 0.00693600000000000
220 438 220 2 0.00694300000000000
220 438 220 2 0.00700800000000000
225 448 225 2 0.00722200000000000
225 448 225 2 0.00720100000000000
225 448 225 2 0.00578700000000000
225 448 225 2 0.00578000000000000
225 448 225 2 0.00724000000000000
225 448 225 2 0.00720900000000000
225 448 225 2 0.00722000000000000
225 448 225 2 0.00725300000000000
225 448 225 2 0.00719100000000000
225 448 225 2 0.00722400000000000
230 458 230 2 0.00756700000000000
230 458 230 2 0.00607600000000000
230 458 230 2 0.00760500000000000
230 458 230 2 0.00602900000000000
230 458 230 2 0.00603700000000000
230 458 230 2 0.00760700000000000
230 458 230 2 0.00758200000000000
235 468 235 2 0.00636900000000000
230 458 230 2 0.00765100000000000
230 458 230 2 0.00753500000000000
230 458 230 2 0.00762600000000000
235 468 235 2 0.00788100000000000
235 468 235 2 0.00629400000000000
235 468 235 2 0.00784500000000000
235 468 235 2 0.00628400000000000
235 468 235 2 0.00787200000000000
235 468 235 2 0.00788200000000000
235 468 235 2 0.00788200000000000
235 468 235 2 0.00788600000000000
235 468 235 2 0.00787300000000000
240 478 240 2 0.00650500000000000
240 478 240 2 0.00816300000000000
240 478 240 2 0.00651900000000000
240 478 240 2 0.00815500000000000
240 478 240 2 0.00650800000000000
240 478 240 2 0.00814600000000000
240 478 240 2 0.00817500000000000
240 478 240 2 0.00815700000000000
245 488 245 2 0.00697900000000000
240 478 240 2 0.00825100000000000
240 478 240 2 0.00821900000000000
245 488 245 2 0.00875600000000000
245 488 245 2 0.00699300000000000
245 488 245 2 0.00877600000000000
245 488 245 2 0.00873300000000000
245 488 245 2 0.00698800000000000
245 488 245 2 0.00879900000000000
245 488 245 2 0.00879100000000000
245 488 245 2 0.00879600000000000
245 488 245 2 0.00881100000000000
250 498 250 2 0.00918200000000000
250 498 250 2 0.00916700000000000
250 498 250 2 0.00734000000000000
250 498 250 2 0.00719700000000000
250 498 250 2 0.00732800000000000
250 498 250 2 0.00922300000000000
250 498 250 2 0.00924000000000000
260 518 260 2 0.00805200000000000
250 498 250 2 0.00926800000000000
250 498 250 2 0.00928700000000000
250 498 250 2 0.00923700000000000
260 518 260 2 0.01018200000000000
260 518 260 2 0.01007600000000000
260 518 260 2 0.00808300000000000
260 518 260 2 0.01024800000000000
260 518 260 2 0.00810200000000000
260 518 260 2 0.01019400000000000
260 518 260 2 0.01013900000000000
260 518 260 2 0.01019700000000000
260 518 260 2 0.01015300000000000
270 538 270 2 0.01206200000000000
270 538 270 2 0.01209300000000000
270 538 270 2 0.00969500000000000
270 538 270 2 0.00970200000000000
270 538 270 2 0.00959400000000000
270 538 270 2 0.01197700000000000
270 538 270 2 0.01208100000000000
270 538 270 2 0.01212400000000000
270 538 270 2 0.01206800000000000
270 538 270 2 0.01205000000000000
280 558 280 2 0.01081300000000000
280 558 280 2 0.01350500000000000
280 558 280 2 0.01068600000000000
280 558 280 2 0.01067900000000000
280 558 280 2 0.01346600000000000
280 558 280 2 0.01349100000000000
280 558 280 2 0.01340100000000000
280 558 280 2 0.01346400000000000
280 558 280 2 0.01340500000000000
280 558 280 2 0.01357000000000000
290 578 290 2 0.01435300000000000
290 578 290 2 0.01428200000000000
290 578 290 2 0.01427500000000000
290 578 290 2 0.01420800000000000
290 578 290 2 0.01140700000000000
290 578 290 2 0.01137000000000000
290 578 290 2 0.01158800000000000
290 578 290 2 0.01427300000000000
290 578 290 2 0.01426600000000000
290 578 290 2 0.01419300000000000
300 598 300 2 0.01242000000000000
300 598 300 2 0.01557700000000000
300 598 300 2 0.01241500000000000
300 598 300 2 0.01559300000000000
300 598 300 2 0.01555800000000000
300 598 300 2 0.01238100000000000
300 598 300 2 0.01555000000000000
300 598 300 2 0.01555300000000000
300 598 300 2 0.01558800000000000
300 598 300 2 0.01552900000000000
310 618 310 2 0.01628900000000000
310 618 310 2 0.01631800000000000
310 618 310 2 0.01624300000000000
310 618 310 2 0.01635000000000000
310 618 310 2 0.01296700000000000
310 618 310 2 0.01310600000000000
310 618 310 2 0.01634900000000000
320 638 320 2 0.01418700000000000
310 618 310 2 0.01629700000000000
310 618 310 2 0.01647400000000000
310 618 310 2 0.01644500000000000
320 638 320 2 0.01390600000000000
320 638 320 2 0.01741400000000000
320 638 320 2 0.01735100000000000
320 638 320 2 0.01393700000000000
320 638 320 2 0.01728600000000000
320 638 320 2 0.01395200000000000
320 638 320 2 0.01739400000000000
320 638 320 2 0.01742900000000000
320 638 320 2 0.01746600000000000
330 658 330 2 0.01882400000000000
330 658 330 2 0.01877600000000000
330 658 330 2 0.01504100000000000
330 658 330 2 0.01511600000000000
330 658 330 2 0.01889400000000000
330 658 330 2 0.01882000000000000
330 658 330 2 0.01883700000000000
330 658 330 2 0.01883100000000000
340 678 340 2 0.01625000000000000
330 658 330 2 0.01881700000000000
330 658 330 2 0.01901600000000000
340 678 340 2 0.01597800000000000
340 678 340 2 0.02005200000000000
340 678 340 2 0.01994500000000000
340 678 340 2 0.01596300000000000
340 678 340 2 0.02002200000000000
340 678 340 2 0.01994900000000000
350 698 350 2 0.01669200000000000
340 678 340 2 0.02001800000000000
340 678 340 2 0.01998000000000000
340 678 340 2 0.01998500000000000
350 698 350 2 0.02090300000000000
350 698 350 2 0.02082900000000000
350 698 350 2 0.02088900000000000
350 698 350 2 0.01672300000000000
350 698 350 2 0.01671700000000000
350 698 350 2 0.02101100000000000
350 698 350 2 0.02089800000000000
360 718 360 2 0.01813900000000000
350 698 350 2 0.02098400000000000
350 698 350 2 0.02087200000000000
360 718 360 2 0.01768900000000000
360 718 360 2 0.02214900000000000
360 718 360 2 0.02222600000000000
360 718 360 2 0.02220200000000000
360 718 360 2 0.01767900000000000
360 718 360 2 0.02228000000000000
370 738 370 2 0.01899500000000000
360 718 360 2 0.02231600000000000
360 718 360 2 0.02219900000000000
360 718 360 2 0.02224200000000000
370 738 370 2 0.02380100000000000
370 738 370 2 0.02385500000000000
370 738 370 2 0.02380400000000000
370 738 370 2 0.02396200000000000
370 738 370 2 0.01901900000000000
370 738 370 2 0.01903100000000000
370 738 370 2 0.02383800000000000
370 738 370 2 0.02377300000000000
370 738 370 2 0.02387500000000000
380 758 380 2 0.02030200000000000
380 758 380 2 0.02034000000000000
380 758 380 2 0.02543100000000000
380 758 380 2 0.02541700000000000
380 758 380 2 0.02024900000000000
380 758 380 2 0.02540800000000000
380 758 380 2 0.02555500000000000
390 778 390 2 0.02100500000000000
380 758 380 2 0.02543200000000000
380 758 380 2 0.02550900000000000
380 758 380 2 0.02543900000000000
390 778 390 2 0.02636600000000000
390 778 390 2 0.02630700000000000
390 778 390 2 0.02635900000000000
390 778 390 2 0.02631100000000000
390 778 390 2 0.02105900000000000
390 778 390 2 0.02624900000000000
400 798 400 2 0.02236400000000000
390 778 390 2 0.02628900000000000
390 778 390 2 0.02632500000000000
390 778 390 2 0.02631300000000000
400 798 400 2 0.02249600000000000
400 798 400 2 0.02237900000000000
400 798 400 2 0.02789500000000000
400 798 400 2 0.02796600000000000
400 798 400 2 0.02228700000000000
400 798 400 2 0.02788200000000000
400 798 400 2 0.02797900000000000
410 818 410 2 0.02373900000000000
400 798 400 2 0.02794500000000000
400 798 400 2 0.02804100000000000
410 818 410 2 0.02981100000000000
410 818 410 2 0.02981000000000000
410 818 410 2 0.02984600000000000
410 818 410 2 0.02979100000000000
410 818 410 2 0.02375300000000000
410 818 410 2 0.02978300000000000
420 838 420 2 0.02511200000000000
410 818 410 2 0.02982300000000000
410 818 410 2 0.02979300000000000
410 818 410 2 0.02980200000000000
420 838 420 2 0.02553900000000000
420 838 420 2 0.03157200000000000
420 838 420 2 0.02526800000000000
420 838 420 2 0.03158900000000000
420 838 420 2 0.03148800000000000
420 838 420 2 0.02520900000000000
420 838 420 2 0.03148600000000000
420 838 420 2 0.03159800000000000
430 858 430 2 0.02604400000000000
420 838 420 2 0.03162800000000000
430 858 430 2 0.03272900000000000
430 858 430 2 0.03265900000000000
430 858 430 2 0.03272800000000000
430 858 430 2 0.02612100000000000
430 858 430 2 0.03270300000000000
430 858 430 2 0.03276900000000000
440 878 440 2 0.02758100000000000
430 858 430 2 0.03282200000000000
430 858 430 2 0.03284300000000000
430 858 430 2 0.03278700000000000
440 878 440 2 0.02801900000000000
440 878 440 2 0.03454300000000000
440 878 440 2 0.02761100000000000
440 878 440 2 0.03467600000000000
440 878 440 2 0.03455100000000000
440 878 440 2 0.03451900000000000
450 898 450 2 0.02889300000000000
440 878 440 2 0.03462700000000000
440 878 440 2 0.03458100000000000
450 898 450 2 0.02887700000000000
440 878 440 2 0.03458300000000000
450 898 450 2 0.03602000000000000
450 898 450 2 0.03620600000000000
450 898 450 2 0.03613100000000000
450 898 450 2 0.02885700000000000
450 898 450 2 0.03616500000000000
450 898 450 2 0.03620300000000000
460 918 460 2 0.03071000000000000
450 898 450 2 0.03603800000000000
450 898 450 2 0.03621900000000000
460 918 460 2 0.03080500000000000
460 918 460 2 0.03839100000000000
460 918 460 2 0.03076500000000000
460 918 460 2 0.03848600000000000
460 918 460 2 0.03849000000000000
460 918 460 2 0.03843100000000000
470 938 470 2 0.03219300000000000
460 918 460 2 0.03848800000000000
460 918 460 2 0.03835100000000000
460 918 460 2 0.03858200000000000
470 938 470 2 0.03238000000000000
470 938 470 2 0.04037600000000000
470 938 470 2 0.04027800000000000
470 938 470 2 0.04044200000000000
470 938 470 2 0.03222200000000000
470 938 470 2 0.04031300000000000
470 938 470 2 0.04024500000000000
470 938 470 2 0.04299600000000000
480 958 480 2 0.03595500000000000
470 938 470 2 0.04271400000000000
480 958 480 2 0.04333100000000000
480 958 480 2 0.04271300000000000
480 958 480 2 0.03671200000000000
480 958 480 2 0.04236400000000000
480 958 480 2 0.03598400000000000
480 958 480 2 0.04202500000000000
480 958 480 2 0.04112400000000000
480 958 480 2 0.04081000000000000
480 958 480 2 0.04052900000000000
490 978 490 2 0.03769800000000000
490 978 490 2 0.04225400000000000
490 978 490 2 0.04151200000000000
490 978 490 2 0.03769400000000000
490 978 490 2 0.04106400000000000
490 978 490 2 0.04184400000000000
490 978 490 2 0.04036300000000000
490 978 490 2 0.03971100000000000
490 978 490 2 0.03787700000000000
490 978 490 2 0.03901200000000000
500 998 500 2 0.04085800000000000
500 998 500 2 0.04033100000000000
500 998 500 2 0.03710800000000000
500 998 500 2 0.03714600000000000
500 998 500 2 0.03714700000000000
500 998 500 2 0.03716800000000000
500 998 500 2 0.03721500000000000
500 998 500 2 0.03726400000000000
500 998 500 2 0.03714200000000000
500 998 500 2 0.03725000000000000
525 1048 525 2 0.04377200000000000
525 1048 525 2 0.04389000000000000
525 1048 525 2 0.04364400000000000
525 1048 525 2 0.04361300000000000
525 1048 525 2 0.04371000000000000
525 1048 525 2 0.04354100000000000
525 1048 525 2 0.04370700000000000
525 1048 525 2 0.04373100000000000
525 1048 525 2 0.04373200000000000
525 1048 525 2 0.04391100000000000
550 1098 550 2 0.05228800000000000
550 1098 550 2 0.05211000000000000
550 1098 550 2 0.05208400000000000
550 1098 550 2 0.05212700000000000
550 1098 550 2 0.05216000000000000
550 1098 550 2 0.05198800000000000
550 1098 550 2 0.05222700000000000
550 1098 550 2 0.05227000000000000
550 1098 550 2 0.05224400000000000
550 1098 550 2 0.05221600000000000
575 1148 575 2 0.05775000000000000
575 1148 575 2 0.05782200000000000
575 1148 575 2 0.05765600000000000
575 1148 575 2 0.05768800000000000
575 1148 575 2 0.05763700000000000
575 1148 575 2 0.05777300000000000
575 1148 575 2 0.05782300000000000
575 1148 575 2 0.05771500000000000
575 1148 575 2 0.05771100000000000
575 1148 575 2 0.05778700000000000
600 1198 600 2 0.06373800000000000
600 1198 600 2 0.06339800000000000
600 1198 600 2 0.06343300000000000
600 1198 600 2 0.06346300000000001
600 1198 600 2 0.06346200000000000
600 1198 600 2 0.06338299999999999
600 1198 600 2 0.06329700000000001
600 1198 600 2 0.06344100000000000
600 1198 600 2 0.06336000000000000
600 1198 600 2 0.06324100000000001
625 1248 625 2 0.07070700000000001
625 1248 625 2 0.07082400000000000
625 1248 625 2 0.07071700000000000
625 1248 625 2 0.07054700000000000
625 1248 625 2 0.07065299999999999
625 1248 625 2 0.07051300000000001
625 1248 625 2 0.07107400000000000
625 1248 625 2 0.07073000000000000
625 1248 625 2 0.07055800000000000
625 1248 625 2 0.07079199999999999
650 1298 650 2 0.07645700000000000
650 1298 650 2 0.07639899999999999
650 1298 650 2 0.07647000000000000
650 1298 650 2 0.07646600000000001
650 1298 650 2 0.07646200000000000
650 1298 650 2 0.07681000000000000
650 1298 650 2 0.07652700000000000
650 1298 650 2 0.07667300000000001
650 1298 650 2 0.07670500000000000
650 1298 650 2 0.07647800000000000
675 1348 675 2 0.08231300000000000
675 1348 675 2 0.08241999999999999
675 1348 675 2 0.08242600000000000
675 1348 675 2 0.08224400000000000
675 1348 675 2 0.08058700000000001
675 1348 675 2 0.08055100000000000
675 1348 675 2 0.08049500000000000
675 1348 675 2 0.08054500000000001
675 1348 675 2 0.08052900000000000
675 1348 675 2 0.08057800000000000
700 1398 700 2 0.08770699999999999
700 1398 700 2 0.08695100000000000
700 1398 700 2 0.08934200000000000
700 1398 700 2 0.08958900000000000
700 1398 700 2 0.08971400000000000
700 1398 700 2 0.08948600000000000
700 1398 700 2 0.08953600000000000
700 1398 700 2 0.08928300000000000
700 1398 700 2 0.08941800000000000
700 1398 700 2 0.08967899999999999
725 1448 725 2 0.09709000000000000
725 1448 725 2 0.09729300000000000
725 1448 725 2 0.09724700000000000
725 1448 725 2 0.09715300000000000
725 1448 725 2 0.09759100000000000
725 1448 725 2 0.09733400000000000
725 1448 725 2 0.09739299999999999
725 1448 725 2 0.09714800000000000
725 1448 725 2 0.09755999999999999
725 1448 725 2 0.09771900000000000
750 1498 750 2 0.10396900000000001
750 1498 750 2 0.10393400000000000
750 1498 750 2 0.10406000000000000
750 1498 750 2 0.10397700000000000
750 1498 750 2 0.10418200000000000
750 1498 750 2 0.10488500000000001
750 1498 750 2 0.10140600000000000
750 1498 750 2 0.10167300000000000
750 1498 750 2 0.10185600000000000
750 1498 750 2 0.10236500000000000
800 1598 800 2 0.11634899999999999
800 1598 800 2 0.11631600000000000
800 1598 800 2 0.11650900000000000
800 1598 800 2 0.11670500000000000
800 1598 800 2 0.11664800000000000
800 1598 800 2 0.11683800000000000
800 1598 800 2 0.11674100000000000
800 1598 800 2 0.11645400000000000
800 1598 800 2 0.11658300000000001
850 1698 850 2 0.13349100000000000
850 1698 850 2 0.13287599999999999
850 1698 850 2 0.13289500000000001
850 1698 850 2 0.13339100000000001
850 1698 850 2 0.13294000000000000
850 1698 850 2 0.13329199999999999
850 1698 850 2 0.13295899999999999
800 1598 800 2 0.16701500000000000
850 1698 850 2 0.13318099999999999
850 1698 850 2 0.13417399999999999
850 1698 850 2 0.13627900000000001
900 1798 900 2 0.14968300000000001
900 1798 900 2 0.14987200000000001
900 1798 900 2 0.15261700000000000
900 1798 900 2 0.15236400000000000
900 1798 900 2 0.15225300000000000
900 1798 900 2 0.15198200000000001
900 1798 900 2 0.15195900000000001
900 1798 900 2 0.15226000000000001
900 1798 900 2 0.15232100000000001
900 1798 900 2 0.15271899999999999
950 1898 950 2 0.17148900000000000
950 1898 950 2 0.17133499999999999
950 1898 950 2 0.17156500000000000
950 1898 950 2 0.17102500000000001
950 1898 950 2 0.17180599999999999
950 1898 950 2 0.17138000000000000
950 1898 950 2 0.17199300000000001
950 1898 950 2 0.17167900000000000
950 1898 950 2 0.17190000000000000
950 1898 950 2 0.17189599999999999
1000 1998 1000 2 0.19145699999999999
1000 1998 1000 2 0.19164000000000000
1000 1998 1000 2 0.19320100000000001
1000 1998 1000 2 0.19157299999999999
1000 1998 1000 2 0.19139000000000000
1000 1998 1000 2 0.19185500000000000
1000 1998 1000 2 0.18935500000000000
1000 1998 1000 2 0.18888800000000000
1000 1998 1000 2 0.18935500000000000
1000 1998 1000 2 0.18969000000000000
1100 2198 1100 2 0.26659400000000000
1100 2198 1100 2 0.26710099999999998
1100 2198 1100 2 0.26691700000000002
1100 2198 1100 2 0.26646199999999998
1100 2198 1100 2 0.26580500000000001
1100 2198 1100 2 0.26837299999999997
1100 2198 1100 2 0.26587100000000002
1100 2198 1100 2 0.26606700000000000
1100 2198 1100 2 0.26707399999999998
1100 2198 1100 2 0.26718199999999998
1200 2398 1200 2 0.32180999999999998
1200 2398 1200 2 0.32251800000000003
1200 2398 1200 2 0.32024300000000000
1200 2398 1200 2 0.32088600000000000
1200 2398 1200 2 0.32226399999999999
1200 2398 1200 2 0.32196500000000000
1200 2398 1200 2 0.32202199999999997
1200 2398 1200 2 0.32255099999999998
1200 2398 1200 2 0.32205699999999998
1200 2398 1200 2 0.32266400000000001
1300 2598 1300 2 0.38314500000000001
1300 2598 1300 2 0.38567099999999999
1300 2598 1300 2 0.38391300000000000
1300 2598 1300 2 0.38448700000000002
1300 2598 1300 2 0.38237700000000002
1300 2598 1300 2 0.38676800000000000
1300 2598 1300 2 0.38425100000000001
1300 2598 1300 2 0.38715899999999998
1300 2598 1300 2 0.38753300000000002
1300 2598 1300 2 0.38327000000000000
1400 2798 1400 2 0.44979000000000002
1400 2798 1400 2 0.45477499999999998
1400 2798 1400 2 0.45483499999999999
1400 2798 1400 2 0.45503100000000002
1400 2798 1400 2 0.45391799999999999
1400 2798 1400 2 0.45328299999999999
1400 2798 1400 2 0.45555299999999999
1400 2798 1400 2 0.45577000000000001
1400 2798 1400 2 0.45379999999999998
1400 2798 1400 2 0.45473200000000003
1500 2998 1500 2 0.53541099999999997
1500 2998 1500 2 0.53206200000000003
1500 2998 1500 2 0.53034000000000003
1500 2998 1500 2 0.53226799999999996
1500 2998 1500 2 0.53188100000000005
1500 2998 1500 2 0.53351199999999999
1500 2998 1500 2 0.53159199999999995
1500 2998 1500 2 0.53199300000000005
1500 2998 1500 2 0.52975899999999998
1500 2998 1500 2 0.53090499999999996
1600 3198 1600 2 0.62031199999999997
1600 3198 1600 2 0.62104899999999996
1600 3198 1600 2 0.62470099999999995
1600 3198 1600 2 0.62293500000000002
1600 3198 1600 2 0.62544599999999995
1600 3198 1600 2 0.62120600000000004
1600 3198 1600 2 0.62182499999999996
1600 3198 1600 2 0.61988699999999997
1600 3198 1600 2 0.62123300000000004
1600 3198 1600 2 0.63358700000000001
1700 3398 1700 2 0.72403200000000001
1700 3398 1700 2 0.72882800000000003
1700 3398 1700 2 0.72786799999999996
1700 3398 1700 2 0.72756799999999999
1700 3398 1700 2 0.72709900000000005
1700 3398 1700 2 0.72602599999999995
1700 3398 1700 2 0.72698700000000005
1700 3398 1700 2 0.76823900000000001
1700 3398 1700 2 0.72444799999999998
1700 3398 1700 2 0.72643700000000000
1800 3598 1800 2 0.82896700000000001
1800 3598 1800 2 0.83189500000000005
1800 3598 1800 2 0.83133500000000005
1800 3598 1800 2 0.83265599999999995
1800 3598 1800 2 0.82917500000000000
1800 3598 1800 2 0.83470999999999995
1800 3598 1800 2 0.82925000000000004
1800 3598 1800 2 0.83216999999999997
1800 3598 1800 2 0.83317600000000003
1800 3598 1800 2 0.82992100000000002
1900 3798 1900 2 0.94336900000000001
1900 3798 1900 2 0.94276400000000005
1900 3798 1900 2 0.94604500000000002
1900 3798 1900 2 0.94781199999999999
1900 3798 1900 2 0.94352800000000003
1900 3798 1900 2 0.94294500000000003
1900 3798 1900 2 0.94207300000000005
1900 3798 1900 2 0.94193300000000002
1900 3798 1900 2 0.95084800000000003
1900 3798 1900 2 0.94968900000000001
2000 3998 2000 2 1.06735500000000005
2000 3998 2000 2 1.06709999999999994
2000 3998 2000 2 1.06993500000000008
2000 3998 2000 2 1.06989899999999993
2000 3998 2000 2 1.07259299999999991
2000 3998 2000 2 1.06950999999999996
2000 3998 2000 2 1.06865699999999997
2000 3998 2000 2 1.07318500000000006
2000 3998 2000 2 1.07107700000000006
2000 3998 2000 2 1.06769399999999992
2250 4498 2250 2 1.55065199999999992
2250 4498 2250 2 1.55146500000000009
2250 4498 2250 2 1.55668199999999990
2250 4498 2250 2 1.55861999999999989
2250 4498 2250 2 1.55810399999999993
2250 4498 2250 2 1.55847699999999989
2250 4498 2250 2 1.55523100000000003
2250 4498 2250 2 1.55569099999999993
2250 4498 2250 2 1.55824999999999991
2250 4498 2250 2 1.56049900000000008
2500 4998 2500 2 1.97750599999999999
2500 4998 2500 2 1.98611800000000005
2500 4998 2500 2 1.97943200000000008
2500 4998 2500 2 1.97110300000000005
2500 4998 2500 2 1.97300199999999992
2500 4998 2500 2 1.98025199999999990
2500 4998 2500 2 1.97891599999999990
2500 4998 2500 2 2.07950400000000002
2500 4998 2500 2 1.98252099999999998
2500 4998 2500 2 1.98158199999999995
2750 5498 2750 2 2.43386600000000008
2750 5498 2750 2 2.44142999999999999
2750 5498 2750 2 2.46028700000000011
2750 5498 2750 2 2.45355899999999982
2750 5498 2750 2 2.42070499999999988
2750 5498 2750 2 2.45801900000000018
2750 5498 2750 2 2.45339499999999999
2750 5498 2750 2 2.44820100000000007
2750 5498 2750 2 2.43307999999999991
2750 5498 2750 2 2.45489099999999993
3000 5998 3000 2 2.97567400000000015
3000 5998 3000 2 3.01552800000000021
3000 5998 3000 2 2.98707799999999990
3000 5998 3000 2 3.00571799999999989
3000 5998 3000 2 2.92923799999999979
3000 5998 3000 2 2.99228000000000005
3000 5998 3000 2 2.96837600000000013
3000 5998 3000 2 3.00459100000000001
3000 5998 3000 2 2.99361699999999997
3000 5998 3000 2 2.99827000000000021
