Nodos Aristas Frontera |CMF| Segundos
17 31 18 4 0.00008300000000000
19 33 19 4 0.00010400000000000
17 31 18 4 0.00005000000000000
19 33 19 4 0.00011400000000000
18 32 19 4 0.00003900000000000
19 33 19 4 0.00004200000000000
19 33 19 4 0.00098000000000000
18 32 19 4 0.00005200000000000
18 32 19 4 0.00005500000000000
19 33 19 4 0.00004500000000000
17 31 18 4 0.00004300000000000
20 34 20 4 0.00004200000000000
17 31 18 4 0.00005400000000000
18 32 19 4 0.00005000000000000
18 32 19 4 0.00006600000000000
20 34 20 4 0.00005200000000000
18 32 19 4 0.00004500000000000
17 31 18 4 0.00004100000000000
20 34 20 4 0.00003700000000000
17 31 18 4 0.00006300000000000
18 32 19 4 0.00200000000000000
19 33 19 4 0.00004500000000000
19 33 19 4 0.00003400000000000
17 31 18 4 0.00005600000000000
20 34 20 4 0.00005300000000000
18 32 19 4 0.00038500000000000
21 46 27 5 0.00004600000000000
21 46 27 5 0.00006000000000000
21 46 27 5 0.00005100000000000
21 46 27 5 0.00005900000000000
18 32 19 4 0.00003500000000000
19 33 19 4 0.00004800000000000
21 46 27 5 0.00004600000000000
18 32 19 4 0.00005000000000000
22 47 28 5 0.00005800000000000
20 34 20 4 0.00005300000000000
17 31 18 4 0.00004000000000000
22 47 28 5 0.00006000000000000
17 31 18 4 0.00004500000000000
21 46 27 5 0.00005700000000000
22 47 28 5 0.00005100000000000
22 47 28 5 0.00006700000000000
19 33 19 4 0.00003700000000000
20 34 20 4 0.00005100000000000
19 33 19 4 0.00004100000000000
22 47 28 5 0.00006700000000000
23 48 28 5 0.00006100000000000
22 47 28 5 0.00006600000000000
21 46 27 5 0.00005800000000000
22 47 28 5 0.00005100000000000
23 48 28 5 0.00006800000000000
22 47 28 5 0.00005300000000000
17 31 18 4 0.00004700000000000
23 48 28 5 0.00006900000000000
22 47 28 5 0.00006600000000000
24 49 29 5 0.00005900000000000
24 49 29 5 0.00007700000000000
24 49 29 5 0.00005800000000000
21 46 27 5 0.00006100000000000
23 48 28 5 0.00005500000000000
20 34 20 4 0.00005200000000000
20 34 20 4 0.00004400000000000
23 48 28 5 0.00006900000000000
23 48 28 5 0.00006900000000000
23 48 28 5 0.00005300000000000
24 49 29 5 0.00007000000000000
23 48 28 5 0.00006900000000000
24 49 29 5 0.00005200000000000
23 48 28 5 0.00006800000000000
24 49 29 5 0.00006000000000000
20 34 20 4 0.00004600000000000
25 64 38 6 0.00006500000000000
24 49 29 5 0.00007600000000000
23 48 28 5 0.00006900000000000
25 64 38 6 0.00008000000000000
26 65 39 6 0.00007200000000000
25 64 38 6 0.00008000000000000
25 64 38 6 0.00006900000000000
21 46 27 5 0.00005800000000000
25 64 38 6 0.00006800000000000
24 49 29 5 0.00007100000000000
25 64 38 6 0.00009400000000000
26 65 39 6 0.00007100000000000
26 65 39 6 0.00008900000000000
26 65 39 6 0.00007000000000000
26 65 39 6 0.00009000000000000
20 34 20 4 0.00005200000000000
25 64 38 6 0.00006500000000000
27 66 39 6 0.00009400000000000
27 66 39 6 0.00007500000000000
24 49 29 5 0.00007700000000000
25 64 38 6 0.00008100000000000
26 65 39 6 0.00009000000000000
27 66 39 6 0.00007900000000000
26 65 39 6 0.00009300000000000
21 46 27 5 0.00005800000000000
26 65 39 6 0.00008900000000000
28 67 40 6 0.00007800000000000
27 66 39 6 0.00009800000000000
27 66 39 6 0.00007400000000000
25 64 38 6 0.00007900000000000
27 66 39 6 0.00007400000000000
28 67 40 6 0.00009100000000000
28 67 40 6 0.00009200000000000
28 67 40 6 0.00009200000000000
27 66 39 6 0.00009500000000000
27 66 39 6 0.00009500000000000
29 85 51 7 0.00009900000000000
26 65 39 6 0.00008900000000000
27 66 39 6 0.00009400000000000
28 67 40 6 0.00009200000000000
25 64 38 6 0.00008200000000000
28 67 40 6 0.00008300000000000
28 67 40 6 0.00009200000000000
26 65 39 6 0.00007100000000000
29 85 51 7 0.00011600000000000
29 85 51 7 0.00011900000000000
29 85 51 7 0.00010100000000000
22 47 28 5 0.00006500000000000
28 67 40 6 0.00007300000000000
28 67 40 6 0.00009800000000000
30 86 52 7 0.00010000000000000
29 85 51 7 0.00009800000000000
30 86 52 7 0.00012500000000000
24 49 29 5 0.00007400000000000
30 86 52 7 0.00013000000000000
30 86 52 7 0.00010000000000000
30 86 52 7 0.00012500000000000
29 85 51 7 0.00012100000000000
31 87 52 7 0.00010500000000000
31 87 52 7 0.00013300000000000
30 86 52 7 0.00010600000000000
29 85 51 7 0.00012100000000000
31 87 52 7 0.00010400000000000
29 85 51 7 0.00013200000000000
31 87 52 7 0.00013100000000000
32 88 53 7 0.00009900000000000
28 67 40 6 0.00009300000000000
30 86 52 7 0.00012400000000000
31 87 52 7 0.00010600000000000
30 86 52 7 0.00012400000000000
32 88 53 7 0.00009700000000000
30 86 52 7 0.00012500000000000
31 87 52 7 0.00013200000000000
31 87 52 7 0.00013300000000000
32 88 53 7 0.00012400000000000
27 66 39 6 0.00009500000000000
31 87 52 7 0.00010500000000000
31 87 52 7 0.00013000000000000
29 85 51 7 0.00011700000000000
32 88 53 7 0.00012500000000000
32 88 53 7 0.00009700000000000
33 109 66 8 0.00015400000000000
32 88 53 7 0.00009900000000000
33 109 66 8 0.00015800000000000
33 109 66 8 0.00012200000000000
32 88 53 7 0.00012500000000000
33 109 66 8 0.00012500000000000
33 109 66 8 0.00012300000000000
29 85 51 7 0.00011700000000000
33 109 66 8 0.00015400000000000
30 86 52 7 0.00012500000000000
34 110 67 8 0.00012900000000000
33 109 66 8 0.00015100000000000
32 88 53 7 0.00012400000000000
34 110 67 8 0.00013500000000000
32 88 53 7 0.00012300000000000
33 109 66 8 0.00015300000000000
34 110 67 8 0.00013400000000000
31 87 52 7 0.00013300000000000
32 88 53 7 0.00012300000000000
34 110 67 8 0.00012800000000000
34 110 67 8 0.00016300000000000
35 111 67 8 0.00013500000000000
35 111 67 8 0.00013500000000000
33 109 66 8 0.00015300000000000
35 111 67 8 0.00017400000000000
35 111 67 8 0.00013400000000000
35 111 67 8 0.00013300000000000
35 111 67 8 0.00017200000000000
34 110 67 8 0.00016200000000000
34 110 67 8 0.00016800000000000
35 111 67 8 0.00016800000000000
36 112 68 8 0.00013500000000000
36 112 68 8 0.00017200000000000
36 112 68 8 0.00016500000000000
33 109 66 8 0.00015800000000000
36 112 68 8 0.00013300000000000
35 111 67 8 0.00016800000000000
34 110 67 8 0.00018200000000000
36 112 68 8 0.00013200000000000
36 112 68 8 0.00017200000000000
36 112 68 8 0.00016900000000000
35 111 67 8 0.00017400000000000
36 112 68 8 0.00013200000000000
36 112 68 8 0.00016500000000000
34 110 67 8 0.00016300000000000
37 136 83 9 0.00017900000000000
34 110 67 8 0.00016100000000000
36 112 68 8 0.00016400000000000
37 136 83 9 0.00017800000000000
37 136 83 9 0.00022500000000000
37 136 83 9 0.00022300000000000
37 136 83 9 0.00022500000000000
37 136 83 9 0.00018200000000000
37 136 83 9 0.00022700000000000
38 137 84 9 0.00019700000000000
37 136 83 9 0.00022300000000000
38 137 84 9 0.00019700000000000
37 136 83 9 0.00022400000000000
38 137 84 9 0.00024700000000000
35 111 67 8 0.00017000000000000
37 136 83 9 0.00022300000000000
38 137 84 9 0.00019700000000000
38 137 84 9 0.00024600000000000
39 138 84 9 0.00020100000000000
38 137 84 9 0.00024700000000000
38 137 84 9 0.00024700000000000
38 137 84 9 0.00024500000000000
39 138 84 9 0.00020600000000000
38 137 84 9 0.00024500000000000
39 138 84 9 0.00025200000000000
39 138 84 9 0.00020100000000000
39 138 84 9 0.00025300000000000
38 137 84 9 0.00024700000000000
39 138 84 9 0.00025100000000000
40 139 85 9 0.00020000000000000
39 138 84 9 0.00025100000000000
40 139 85 9 0.00019900000000000
39 138 84 9 0.00025300000000000
39 138 84 9 0.00025100000000000
39 138 84 9 0.00025700000000000
40 139 85 9 0.00024700000000000
40 139 85 9 0.00024600000000000
40 139 85 9 0.00019700000000000
40 139 85 9 0.00025000000000000
40 139 85 9 0.00025600000000000
40 139 85 9 0.00019800000000000
40 139 85 9 0.00024700000000000
40 139 85 9 0.00025100000000000
41 166 102 10 0.00022500000000000
41 166 102 10 0.00027200000000000
41 166 102 10 0.00027700000000000
41 166 102 10 0.00027700000000000
41 166 102 10 0.00027900000000000
41 166 102 10 0.00027800000000000
42 167 103 10 0.00024900000000000
41 166 102 10 0.00021800000000000
41 166 102 10 0.00027200000000000
42 167 103 10 0.00025300000000000
41 166 102 10 0.00027300000000000
41 166 102 10 0.00027700000000000
42 167 103 10 0.00031400000000000
42 167 103 10 0.00030900000000000
42 167 103 10 0.00025100000000000
42 167 103 10 0.00030800000000000
42 167 103 10 0.00030800000000000
42 167 103 10 0.00030700000000000
42 167 103 10 0.00030900000000000
43 168 103 10 0.00025000000000000
43 168 103 10 0.00031400000000000
43 168 103 10 0.00025000000000000
42 167 103 10 0.00031400000000000
43 168 103 10 0.00031500000000000
43 168 103 10 0.00031200000000000
43 168 103 10 0.00031200000000000
43 168 103 10 0.00031300000000000
43 168 103 10 0.00031300000000000
43 168 103 10 0.00031300000000000
44 169 104 10 0.00024000000000000
43 168 103 10 0.00031300000000000
44 169 104 10 0.00024300000000000
44 169 104 10 0.00024100000000000
44 169 104 10 0.00029800000000000
44 169 104 10 0.00024000000000000
44 169 104 10 0.00029800000000000
44 169 104 10 0.00029900000000000
44 169 104 10 0.00030000000000000
44 169 104 10 0.00030000000000000
45 199 123 11 0.00028000000000000
44 169 104 10 0.00031100000000000
45 199 123 11 0.00027500000000000
45 199 123 11 0.00034300000000000
45 199 123 11 0.00034800000000000
45 199 123 11 0.00034400000000000
45 199 123 11 0.00034800000000000
45 199 123 11 0.00034400000000000
45 199 123 11 0.00034900000000000
45 199 123 11 0.00035000000000000
46 200 124 11 0.00030600000000000
45 199 123 11 0.00034900000000000
46 200 124 11 0.00030600000000000
46 200 124 11 0.00037800000000000
46 200 124 11 0.00038300000000000
46 200 124 11 0.00038200000000000
46 200 124 11 0.00030500000000000
46 200 124 11 0.00038200000000000
47 201 124 11 0.00031500000000000
46 200 124 11 0.00030600000000000
47 201 124 11 0.00039500000000000
47 201 124 11 0.00039000000000000
47 201 124 11 0.00039500000000000
46 200 124 11 0.00038100000000000
47 201 124 11 0.00031600000000000
46 200 124 11 0.00038000000000000
47 201 124 11 0.00039000000000000
47 201 124 11 0.00039000000000000
47 201 124 11 0.00039000000000000
47 201 124 11 0.00039100000000000
47 201 124 11 0.00039100000000000
48 202 125 11 0.00029900000000000
48 202 125 11 0.00037900000000000
48 202 125 11 0.00030100000000000
48 202 125 11 0.00037600000000000
48 202 125 11 0.00037700000000000
48 202 125 11 0.00037400000000000
48 202 125 11 0.00030500000000000
48 202 125 11 0.00037900000000000
48 202 125 11 0.00037700000000000
48 202 125 11 0.00038300000000000
49 235 146 12 0.00035000000000000
49 235 146 12 0.00035200000000000
49 235 146 12 0.00034900000000000
49 235 146 12 0.00043800000000000
49 235 146 12 0.00043700000000000
49 235 146 12 0.00043900000000000
49 235 146 12 0.00043700000000000
49 235 146 12 0.00044000000000000
49 235 146 12 0.00044500000000000
49 235 146 12 0.00044500000000000
50 236 147 12 0.00040000000000000
50 236 147 12 0.00048400000000000
50 236 147 12 0.00038600000000000
50 236 147 12 0.00048300000000000
50 236 147 12 0.00048600000000000
50 236 147 12 0.00048500000000000
50 236 147 12 0.00048800000000000
50 236 147 12 0.00048500000000000
50 236 147 12 0.00048800000000000
55 276 172 13 0.00047800000000000
50 236 147 12 0.00048700000000000
55 276 172 13 0.00047700000000000
55 276 172 13 0.00047600000000000
55 276 172 13 0.00059500000000000
55 276 172 13 0.00059400000000000
55 276 172 13 0.00047700000000000
55 276 172 13 0.00060000000000000
55 276 172 13 0.00059800000000000
55 276 172 13 0.00059500000000000
55 276 172 13 0.00059300000000000
60 319 200 14 0.00069400000000000
60 319 200 14 0.00056000000000000
60 319 200 14 0.00055700000000000
60 319 200 14 0.00069300000000000
60 319 200 14 0.00070400000000000
60 319 200 14 0.00069600000000000
60 319 200 14 0.00072800000000000
60 319 200 14 0.00069600000000000
60 319 200 14 0.00069600000000000
60 319 200 14 0.00070000000000000
65 409 258 16 0.00073800000000000
65 409 258 16 0.00092300000000000
65 409 258 16 0.00073000000000000
65 409 258 16 0.00073500000000000
65 409 258 16 0.00091900000000000
65 409 258 16 0.00091800000000000
65 409 258 16 0.00073800000000000
65 409 258 16 0.00091800000000000
65 409 258 16 0.00091200000000000
65 409 258 16 0.00091300000000000
70 461 292 17 0.00095400000000000
70 461 292 17 0.00096100000000000
70 461 292 17 0.00120100000000000
70 461 292 17 0.00120500000000000
70 461 292 17 0.00119900000000000
70 461 292 17 0.00119800000000000
70 461 292 17 0.00119200000000000
70 461 292 17 0.00119000000000000
75 516 327 18 0.00112500000000000
70 461 292 17 0.00119600000000000
70 461 292 17 0.00120000000000000
75 516 327 18 0.00141200000000000
75 516 327 18 0.00141600000000000
75 516 327 18 0.00141400000000000
75 516 327 18 0.00141400000000000
75 516 327 18 0.00112800000000000
75 516 327 18 0.00112700000000000
75 516 327 18 0.00141500000000000
75 516 327 18 0.00142300000000000
80 574 365 19 0.00127600000000000
75 516 327 18 0.00141600000000000
80 574 365 19 0.00158400000000000
80 574 365 19 0.00159100000000000
80 574 365 19 0.00129300000000000
80 574 365 19 0.00159300000000000
80 574 365 19 0.00126900000000000
80 574 365 19 0.00157500000000000
80 574 365 19 0.00159300000000000
80 574 365 19 0.00158500000000000
80 574 365 19 0.00158800000000000
85 694 443 21 0.00150800000000000
85 694 443 21 0.00188900000000000
85 694 443 21 0.00188300000000000
85 694 443 21 0.00151100000000000
85 694 443 21 0.00189500000000000
85 694 443 21 0.00189500000000000
85 694 443 21 0.00188000000000000
85 694 443 21 0.00187700000000000
90 761 487 22 0.00176500000000000
85 694 443 21 0.00188500000000000
85 694 443 21 0.00188300000000000
90 761 487 22 0.00177200000000000
90 761 487 22 0.00177300000000000
90 761 487 22 0.00177000000000000
90 761 487 22 0.00221100000000000
90 761 487 22 0.00221800000000000
90 761 487 22 0.00220900000000000
90 761 487 22 0.00223000000000000
90 761 487 22 0.00221500000000000
90 761 487 22 0.00222100000000000
95 831 532 23 0.00201400000000000
95 831 532 23 0.00250600000000000
95 831 532 23 0.00201900000000000
95 831 532 23 0.00253100000000000
95 831 532 23 0.00253900000000000
95 831 532 23 0.00253000000000000
95 831 532 23 0.00253800000000000
95 831 532 23 0.00254100000000000
100 904 580 24 0.00218200000000000
95 831 532 23 0.00253600000000000
95 831 532 23 0.00256700000000000
100 904 580 24 0.00221600000000000
100 904 580 24 0.00219100000000000
100 904 580 24 0.00220600000000000
100 904 580 24 0.00276000000000000
100 904 580 24 0.00275000000000000
100 904 580 24 0.00280300000000000
100 904 580 24 0.00280700000000000
100 904 580 24 0.00282100000000000
100 904 580 24 0.00284000000000000
110 1136 732 27 0.00315600000000000
110 1136 732 27 0.00314900000000000
110 1136 732 27 0.00397500000000000
110 1136 732 27 0.00395900000000000
110 1136 732 27 0.00398800000000000
110 1136 732 27 0.00399700000000000
110 1136 732 27 0.00399000000000000
110 1136 732 27 0.00399300000000000
110 1136 732 27 0.00404900000000000
120 1309 845 29 0.00386600000000000
110 1136 732 27 0.00407800000000000
120 1309 845 29 0.00398600000000000
120 1309 845 29 0.00397600000000000
120 1309 845 29 0.00395500000000000
120 1309 845 29 0.00505100000000000
120 1309 845 29 0.00506000000000000
120 1309 845 29 0.00505200000000000
120 1309 845 29 0.00499400000000000
120 1309 845 29 0.00500200000000000
120 1309 845 29 0.00501000000000000
130 1586 1027 32 0.00507400000000000
130 1586 1027 32 0.00633700000000000
130 1586 1027 32 0.00648700000000000
130 1586 1027 32 0.00516100000000000
130 1586 1027 32 0.00641200000000000
130 1586 1027 32 0.00654800000000000
130 1586 1027 32 0.00634900000000000
130 1586 1027 32 0.00644000000000000
130 1586 1027 32 0.00632300000000000
130 1586 1027 32 0.00627800000000000
140 1789 1160 34 0.00625200000000000
140 1789 1160 34 0.00617600000000000
140 1789 1160 34 0.00616000000000000
140 1789 1160 34 0.00626500000000000
140 1789 1160 34 0.00775100000000000
140 1789 1160 34 0.00777800000000000
140 1789 1160 34 0.00758700000000000
140 1789 1160 34 0.00779000000000000
140 1789 1160 34 0.00787400000000000
140 1789 1160 34 0.00793000000000000
150 2111 1372 37 0.00784400000000000
150 2111 1372 37 0.00978100000000000
150 2111 1372 37 0.00976700000000000
150 2111 1372 37 0.00781700000000000
150 2111 1372 37 0.00975700000000000
150 2111 1372 37 0.00972600000000000
150 2111 1372 37 0.00966900000000000
150 2111 1372 37 0.00989800000000000
150 2111 1372 37 0.00972400000000000
150 2111 1372 37 0.00984400000000000
160 2344 1525 39 0.00890300000000000
160 2344 1525 39 0.00883200000000000
160 2344 1525 39 0.00880800000000000
160 2344 1525 39 0.00880700000000000
160 2344 1525 39 0.01113400000000000
160 2344 1525 39 0.01111700000000000
160 2344 1525 39 0.01108500000000000
160 2344 1525 39 0.01114800000000000
160 2344 1525 39 0.01110600000000000
160 2344 1525 39 0.01106500000000000
170 2711 1767 42 0.01071500000000000
170 2711 1767 42 0.01338600000000000
170 2711 1767 42 0.01347800000000000
170 2711 1767 42 0.01344900000000000
170 2711 1767 42 0.01340000000000000
170 2711 1767 42 0.01071500000000000
170 2711 1767 42 0.01353000000000000
170 2711 1767 42 0.01341800000000000
170 2711 1767 42 0.01353200000000000
170 2711 1767 42 0.01347300000000000
180 2974 1940 44 0.01223200000000000
180 2974 1940 44 0.01210200000000000
180 2974 1940 44 0.01194800000000000
180 2974 1940 44 0.01207600000000000
180 2974 1940 44 0.01513800000000000
180 2974 1940 44 0.01534200000000000
180 2974 1940 44 0.01516700000000000
180 2974 1940 44 0.01537300000000000
180 2974 1940 44 0.01533300000000000
180 2974 1940 44 0.01527800000000000
190 3386 2212 47 0.01428900000000000
190 3386 2212 47 0.01781800000000000
190 3386 2212 47 0.01791600000000000
190 3386 2212 47 0.01783600000000000
190 3386 2212 47 0.01772100000000000
190 3386 2212 47 0.01414200000000000
190 3386 2212 47 0.01768500000000000
190 3386 2212 47 0.01794800000000000
190 3386 2212 47 0.01806200000000000
190 3386 2212 47 0.01790900000000000
200 3679 2405 49 0.01661200000000000
200 3679 2405 49 0.01712500000000000
200 3679 2405 49 0.02138100000000000
200 3679 2405 49 0.01710100000000000
200 3679 2405 49 0.01717800000000000
200 3679 2405 49 0.02150100000000000
200 3679 2405 49 0.02159700000000000
200 3679 2405 49 0.02161500000000000
200 3679 2405 49 0.02144300000000000
200 3679 2405 49 0.02212200000000000
225 4789 3138 56 0.02389000000000000
225 4789 3138 56 0.03018000000000000
225 4789 3138 56 0.03061200000000000
225 4789 3138 56 0.03006400000000000
225 4789 3138 56 0.02388700000000000
225 4789 3138 56 0.03023300000000000
225 4789 3138 56 0.03032600000000000
225 4789 3138 56 0.03040600000000000
225 4789 3138 56 0.03040000000000000
225 4789 3138 56 0.03029900000000000
250 5861 3847 62 0.03147400000000000
250 5861 3847 62 0.03224500000000000
250 5861 3847 62 0.03217500000000000
250 5861 3847 62 0.03210000000000000
250 5861 3847 62 0.03986300000000000
250 5861 3847 62 0.04034400000000000
250 5861 3847 62 0.04037500000000000
250 5861 3847 62 0.04019900000000000
250 5861 3847 62 0.04050400000000000
250 5861 3847 62 0.04042100000000000
275 7041 4627 68 0.04212200000000000
275 7041 4627 68 0.05322600000000000
275 7041 4627 68 0.05319700000000000
275 7041 4627 68 0.05249100000000000
275 7041 4627 68 0.05332500000000000
275 7041 4627 68 0.04179100000000000
275 7041 4627 68 0.05313600000000000
275 7041 4627 68 0.05379400000000000
275 7041 4627 68 0.05289600000000000
275 7041 4627 68 0.05310700000000000
300 8329 5480 74 0.05639200000000000
300 8329 5480 74 0.05678400000000000
300 8329 5480 74 0.05661100000000000
300 8329 5480 74 0.05654500000000000
300 8329 5480 74 0.07118400000000000
300 8329 5480 74 0.07103000000000000
300 8329 5480 74 0.07104600000000000
300 8329 5480 74 0.07068000000000001
300 8329 5480 74 0.07074700000000000
300 8329 5480 74 0.07100600000000000
325 9964 6563 81 0.07385500000000000
325 9964 6563 81 0.09283500000000000
325 9964 6563 81 0.09314900000000000
325 9964 6563 81 0.09229100000000000
325 9964 6563 81 0.09258300000000000
325 9964 6563 81 0.07389100000000000
325 9964 6563 81 0.09261500000000000
325 9964 6563 81 0.09269400000000000
325 9964 6563 81 0.09301600000000000
325 9964 6563 81 0.09298900000000000
350 11486 7572 87 0.08426100000000000
350 11486 7572 87 0.08737200000000001
350 11486 7572 87 0.10872999999999999
350 11486 7572 87 0.08681999999999999
350 11486 7572 87 0.08683000000000000
350 11486 7572 87 0.10759199999999999
350 11486 7572 87 0.10654700000000000
350 11486 7572 87 0.10863900000000000
350 11486 7572 87 0.10199000000000000
350 11486 7572 87 0.10119700000000000
375 13116 8652 93 0.11872400000000000
375 13116 8652 93 0.11875200000000000
375 13116 8652 93 0.11692600000000000
375 13116 8652 93 0.11696500000000000
375 13116 8652 93 0.10528400000000000
375 13116 8652 93 0.11226999999999999
375 13116 8652 93 0.10491399999999999
375 13116 8652 93 0.11172200000000000
375 13116 8652 93 0.11084100000000000
375 13116 8652 93 0.11071100000000000
400 14854 9805 99 0.13664299999999999
400 14854 9805 99 0.13765400000000000
400 14854 9805 99 0.13724500000000001
400 14854 9805 99 0.13737300000000000
400 14854 9805 99 0.13788100000000000
400 14854 9805 99 0.17437200000000000
400 14854 9805 99 0.17479300000000000
400 14854 9805 99 0.17516300000000001
400 14854 9805 99 0.17524799999999999
400 14854 9805 99 0.17213500000000001
425 17014 11238 106 0.16570399999999999
425 17014 11238 106 0.16501500000000000
425 17014 11238 106 0.16468200000000000
425 17014 11238 106 0.16552000000000000
425 17014 11238 106 0.16508200000000001
425 17014 11238 106 0.16429600000000000
425 17014 11238 106 0.16428799999999999
425 17014 11238 106 0.20641999999999999
425 17014 11238 106 0.16524400000000000
425 17014 11238 106 0.16552400000000000
450 18986 12547 112 0.17832999999999999
450 18986 12547 112 0.17891799999999999
450 18986 12547 112 0.18126800000000001
450 18986 12547 112 0.18156900000000001
450 18986 12547 112 0.18041099999999999
450 18986 12547 112 0.17986800000000000
450 18986 12547 112 0.17982100000000001
450 18986 12547 112 0.17998100000000000
450 18986 12547 112 0.18048800000000001
450 18986 12547 112 0.19997200000000001
475 21066 13927 118 0.21176000000000000
475 21066 13927 118 0.22828300000000001
475 21066 13927 118 0.22871800000000000
475 21066 13927 118 0.22853100000000001
475 21066 13927 118 0.21095600000000000
475 21066 13927 118 0.21097099999999999
475 21066 13927 118 0.22678599999999999
475 21066 13927 118 0.21309000000000000
475 21066 13927 118 0.21319800000000000
475 21066 13927 118 0.21259000000000000
500 23254 15380 124 0.27674599999999999
500 23254 15380 124 0.27682699999999999
500 23254 15380 124 0.28058699999999998
500 23254 15380 124 0.27672300000000000
500 23254 15380 124 0.27716700000000000
500 23254 15380 124 0.27747800000000000
500 23254 15380 124 0.27720000000000000
500 23254 15380 124 0.27791300000000002
500 23254 15380 124 0.27054299999999998
500 23254 15380 124 0.28005999999999998
550 28361 18772 137 0.35736800000000002
550 28361 18772 137 0.35858800000000002
550 28361 18772 137 0.35874000000000000
550 28361 18772 137 0.35872900000000002
550 28361 18772 137 0.35941600000000001
550 28361 18772 137 0.35878800000000000
550 28361 18772 137 0.35781000000000002
550 28361 18772 137 0.35756900000000003
550 28361 18772 137 0.35509099999999999
550 28361 18772 137 0.35670200000000002
600 33529 22205 149 0.51343300000000003
600 33529 22205 149 0.51240799999999997
600 33529 22205 149 0.51169399999999998
600 33529 22205 149 0.50841099999999995
600 33529 22205 149 0.50636999999999999
600 33529 22205 149 0.50718099999999999
600 33529 22205 149 0.50823399999999996
600 33529 22205 149 0.50788299999999997
600 33529 22205 149 0.50724599999999997
600 33529 22205 149 0.50762499999999999
650 39611 26247 162 0.56721699999999997
650 39611 26247 162 0.60534699999999997
650 39611 26247 162 0.60588799999999998
650 39611 26247 162 0.60380900000000004
650 39611 26247 162 0.60386200000000001
650 39611 26247 162 0.60500799999999999
650 39611 26247 162 0.60620399999999997
650 39611 26247 162 0.61022600000000005
650 39611 26247 162 0.61144699999999996
650 39611 26247 162 0.61112100000000003
700 45679 30280 174 0.77562200000000003
700 45679 30280 174 0.77648499999999998
700 45679 30280 174 0.77600899999999995
700 45679 30280 174 0.77687700000000004
700 45679 30280 174 0.77867699999999995
700 45679 30280 174 0.77756899999999995
700 45679 30280 174 0.77751800000000004
700 45679 30280 174 0.77989200000000003
700 45679 30280 174 0.77836899999999998
700 45679 30280 174 0.77699900000000000
750 52736 34972 187 0.91779200000000005
750 52736 34972 187 0.91207800000000006
750 52736 34972 187 0.91516600000000004
750 52736 34972 187 0.91494299999999995
750 52736 34972 187 0.88264200000000004
750 52736 34972 187 0.91367500000000001
750 52736 34972 187 0.91818800000000000
750 52736 34972 187 0.92236200000000002
750 52736 34972 187 0.92193499999999995
750 52736 34972 187 0.92657800000000001
850 67736 44947 212 1.31781400000000004
850 67736 44947 212 1.31928599999999996
850 67736 44947 212 1.32011400000000001
850 67736 44947 212 1.32718800000000003
850 67736 44947 212 1.31608499999999995
850 67736 44947 212 1.31126999999999994
850 67736 44947 212 1.31606800000000002
850 67736 44947 212 1.31813800000000003
850 67736 44947 212 1.31988100000000008
850 67736 44947 212 1.32176800000000005
950 84611 56172 237 1.89051700000000000
950 84611 56172 237 1.90968099999999996
950 84611 56172 237 1.89628100000000011
950 84611 56172 237 1.90536400000000006
950 84611 56172 237 1.84933799999999993
950 84611 56172 237 1.90511900000000001
950 84611 56172 237 1.89591599999999993
950 84611 56172 237 1.89375200000000010
950 84611 56172 237 1.89378399999999991
950 84611 56172 237 1.89746400000000004
1050 103361 68647 262 2.55738500000000002
1050 103361 68647 262 2.55499499999999991
1050 103361 68647 262 2.55338200000000004
1050 103361 68647 262 2.55860000000000021
1050 103361 68647 262 2.55952000000000002
1050 103361 68647 262 2.55888099999999996
1050 103361 68647 262 2.56134500000000020
1050 103361 68647 262 2.57850199999999985
1050 103361 68647 262 2.55567099999999980
1050 103361 68647 262 2.56081400000000015
1150 123986 82372 287 3.64121700000000015
1150 123986 82372 287 3.65474200000000016
1150 123986 82372 287 3.65091000000000010
1150 123986 82372 287 3.66664700000000021
1150 123986 82372 287 3.64212999999999987
1150 123986 82372 287 3.64812599999999998
1150 123986 82372 287 3.62081700000000017
1150 123986 82372 287 3.55872900000000003
1150 123986 82372 287 3.67136100000000010
1150 123986 82372 287 3.65963700000000003
1250 146486 97347 312 4.52743300000000026
1250 146486 97347 312 4.55025000000000013
1250 146486 97347 312 4.56068799999999985
1250 146486 97347 312 4.57092499999999990
1250 146486 97347 312 4.56240399999999990
1250 146486 97347 312 4.55528800000000000
1250 146486 97347 312 4.58495600000000003
1250 146486 97347 312 4.57051199999999991
1250 146486 97347 312 4.57222500000000043
1250 146486 97347 312 4.59750299999999967
1500 210379 139880 374 9.47442999999999991
1500 210379 139880 374 9.48889299999999913
1500 210379 139880 374 9.49958700000000000
1500 210379 139880 374 9.47521000000000058
1500 210379 139880 374 9.48214600000000019
1500 210379 139880 374 9.52924100000000074
1500 210379 139880 374 9.47222099999999934
1500 210379 139880 374 9.53605899999999984
1500 210379 139880 374 9.52276200000000017
1500 210379 139880 374 9.50686600000000048
1750 287111 190972 437 13.89783399999999958
1750 287111 190972 437 14.32634700000000016
1750 287111 190972 437 14.48364199999999968
1750 287111 190972 437 14.45845399999999970
1750 287111 190972 437 14.28745900000000013
1750 287111 190972 437 14.48560100000000084
1750 287111 190972 437 14.43195799999999984
1750 287111 190972 437 14.49371700000000018
1750 287111 190972 437 14.37634300000000032
1750 287111 190972 437 14.62052599999999991
2000 374254 249005 499 25.41057400000000044
2000 374254 249005 499 25.41177700000000073
2000 374254 249005 499 25.34448300000000032
2000 374254 249005 499 25.41595799999999983
2000 374254 249005 499 25.48580400000000168
2000 374254 249005 499 25.42173299999999969
2000 374254 249005 499 25.48418900000000065
2000 374254 249005 499 25.56015899999999874
2000 374254 249005 499 25.57011699999999976
2000 374254 249005 499 25.54350200000000015
2500 585004 389380 624 53.79328100000000035
2500 585004 389380 624 53.27998300000000143
2500 585004 389380 624 54.06147899999999851
2500 585004 389380 624 53.84918700000000058
2500 585004 389380 624 54.18737200000000342
2500 585004 389380 624 53.77235199999999793
2500 585004 389380 624 53.70951900000000023
2500 585004 389380 624 54.12593400000000088
2500 585004 389380 624 53.66073399999999793
2500 585004 389380 624 53.83849699999999672
3000 842629 561005 749 98.47156900000000235
3000 842629 561005 749 99.03506600000000049
3000 842629 561005 749 98.83163500000000568
3000 842629 561005 749 99.02060500000000332
3000 842629 561005 749 97.93317600000000311
3000 842629 561005 749 98.66955000000000098
3000 842629 561005 749 99.14884600000000603
3000 842629 561005 749 98.77540299999999718
3000 842629 561005 749 98.47775000000000034
3000 842629 561005 749 98.97344900000000223
