Nodos Aristas Frontera |CMF| Segundos
2 1 1 1 0.00053900000000000
3 2 1 1 0.00000300000000000
2 1 1 1 0.00000500000000000
2 1 1 1 0.00001100000000000
4 5 4 2 0.00000600000000000
3 2 1 1 0.00001000000000000
4 5 4 2 0.00000200000000000
2 1 1 1 0.00001000000000000
4 4 3 2 0.00000600000000000
4 5 4 2 0.00000300000000000
4 5 4 2 0.04706000000000000
5 7 5 2 0.00000300000000000
2 1 1 1 0.00000600000000000
5 7 5 2 0.00000300000000000
5 8 6 2 0.00000300000000000
5 9 6 2 0.00000300000000000
5 8 6 2 0.00000600000000000
5 6 4 2 0.00000300000000000
5 9 6 2 0.00000200000000000
5 7 4 2 0.00001200000000000
6 10 7 2 0.00001300000000000
5 9 6 2 0.00000800000000000
6 14 9 3 0.00000900000000000
6 13 9 3 0.00001000000000000
6 10 6 2 0.00001100000000000
6 10 6 2 0.00000300000000000
5 8 6 2 0.00000500000000000
6 11 6 2 0.00000300000000000
6 13 9 3 0.00000400000000000
4 4 3 2 0.00001300000000000
7 17 10 3 0.00000400000000000
7 17 11 3 0.00000400000000000
7 19 12 3 0.00000400000000000
7 14 8 2 0.00000300000000000
6 12 7 2 0.00000300000000000
6 10 7 2 0.00000300000000000
6 11 8 2 0.00000300000000000
7 17 10 3 0.00000500000000000
7 18 12 3 0.00000400000000000
7 18 11 3 0.00000900000000000
8 21 13 3 0.00000500000000000
8 23 15 3 0.00000500000000000
8 22 14 3 0.00000500000000000
7 18 11 3 0.00000500000000000
8 23 13 3 0.00000500000000000
8 25 15 4 0.00000400000000000
7 20 12 3 0.00000500000000000
8 23 14 3 0.00000500000000000
8 22 15 4 0.00000400000000000
8 27 16 4 0.00000600000000000
8 24 13 3 0.00000500000000000
9 33 20 4 0.00000600000000000
9 26 15 3 0.00000600000000000
9 27 17 3 0.00000600000000000
4 4 3 1 0.00000300000000000
9 33 20 4 0.00001100000000000
9 29 18 4 0.00000500000000000
9 33 20 4 0.00000600000000000
9 24 15 3 0.00000500000000000
10 32 19 4 0.00001200000000000
10 42 25 5 0.00001300000000000
10 35 21 4 0.00000600000000000
10 42 25 5 0.00000700000000000
10 40 24 4 0.00000700000000000
10 33 21 4 0.00000700000000000
10 38 23 4 0.00000700000000000
9 28 17 3 0.00000500000000000
7 17 12 3 0.00000400000000000
9 29 19 4 0.00000600000000000
10 36 22 4 0.00000700000000000
10 41 24 5 0.00000700000000000
10 35 20 4 0.00000600000000000
9 30 18 4 0.00000600000000000
11 47 27 5 0.00000700000000000
11 51 30 5 0.00000800000000000
11 46 29 5 0.00000800000000000
11 52 30 5 0.00000800000000000
11 50 30 5 0.00000800000000000
11 48 27 5 0.00000700000000000
12 46 25 4 0.00000800000000000
8 23 14 3 0.00000500000000000
12 45 24 4 0.00000800000000000
12 63 36 6 0.00001000000000000
12 52 30 5 0.00000900000000000
11 46 28 5 0.00000800000000000
11 37 19 4 0.00000700000000000
12 46 28 5 0.00000800000000000
12 57 35 5 0.00001000000000000
12 46 29 4 0.00001300000000000
12 56 30 5 0.00000900000000000
13 76 42 6 0.00001500000000000
12 65 36 6 0.00000900000000000
13 75 42 6 0.00001100000000000
11 42 24 4 0.00000800000000000
13 58 35 5 0.00001000000000000
13 65 38 5 0.00001600000000000
13 58 32 5 0.00001100000000000
13 67 39 6 0.00001400000000000
13 59 34 5 0.00000900000000000
13 57 35 5 0.00001400000000000
14 84 48 6 0.00001300000000000
14 68 38 5 0.00001100000000000
14 81 47 6 0.00001400000000000
13 65 35 5 0.00001000000000000
14 76 45 6 0.00001200000000000
14 70 39 5 0.00001100000000000
14 66 39 5 0.00001200000000000
14 87 49 7 0.00001300000000000
14 70 38 5 0.00001100000000000
14 76 46 6 0.00001200000000000
11 43 27 5 0.00000700000000000
15 93 55 7 0.00001500000000000
15 71 37 5 0.00001100000000000
15 97 56 7 0.00001400000000000
15 98 56 7 0.00001400000000000
12 59 34 5 0.00001200000000000
15 73 35 5 0.00001200000000000
15 94 53 7 0.00001400000000000
15 100 56 7 0.00001400000000000
15 98 56 7 0.00001400000000000
15 97 54 7 0.00001600000000000
14 85 49 7 0.00001200000000000
16 96 54 7 0.00002000000000000
16 101 58 7 0.00002000000000000
16 80 41 5 0.00001700000000000
13 58 33 5 0.00001000000000000
16 91 49 6 0.00001500000000000
16 99 53 7 0.00001500000000000
16 97 57 7 0.00001500000000000
16 117 64 8 0.00001600000000000
16 113 63 7 0.00001800000000000
16 91 52 6 0.00001500000000000
15 97 54 7 0.00001500000000000
17 124 69 8 0.00001900000000000
16 108 59 7 0.00001900000000000
17 109 60 7 0.00001600000000000
17 114 67 7 0.00001900000000000
17 107 54 7 0.00001600000000000
17 126 69 8 0.00001800000000000
17 99 52 6 0.00001700000000000
17 131 72 8 0.00001800000000000
18 111 54 6 0.00001700000000000
17 115 61 7 0.00002300000000000
17 100 53 6 0.00002200000000000
18 138 77 8 0.00002400000000000
17 102 59 7 0.00001900000000000
18 141 81 9 0.00002300000000000
18 144 80 8 0.00002400000000000
18 136 72 8 0.00002400000000000
18 128 73 8 0.00002200000000000
18 112 64 7 0.00002000000000000
18 135 76 8 0.00002200000000000
19 137 72 8 0.00002100000000000
18 140 78 8 0.00002600000000000
19 130 69 8 0.00002100000000000
19 154 87 9 0.00002900000000000
18 115 61 7 0.00001700000000000
19 163 90 9 0.00002900000000000
19 125 62 6 0.00002000000000000
19 168 90 9 0.00003000000000000
19 138 79 8 0.00002300000000000
20 135 67 7 0.00002600000000000
19 148 86 8 0.00002400000000000
20 173 97 9 0.00003200000000000
19 159 88 9 0.00002500000000000
20 171 95 9 0.00002900000000000
19 162 90 9 0.00002900000000000
20 163 90 9 0.00002400000000000
20 141 71 7 0.00002600000000000
20 139 70 7 0.00002100000000000
20 150 74 8 0.00002500000000000
20 181 100 10 0.00003200000000000
20 145 76 8 0.00002300000000000
20 160 87 8 0.00002700000000000
21 155 80 8 0.00002400000000000
21 173 95 9 0.00002700000000000
21 174 98 9 0.00003200000000000
21 183 101 9 0.00003200000000000
21 160 77 8 0.00002600000000000
21 141 68 7 0.00002200000000000
21 187 101 9 0.00003400000000000
21 190 105 9 0.00003200000000000
21 160 87 8 0.00002700000000000
21 162 83 8 0.00002700000000000
22 166 79 7 0.00002500000000000
22 178 94 8 0.00003500000000000
22 211 117 10 0.00004200000000000
22 159 81 8 0.00003100000000000
2 1 1 1 0.00000600000000000
22 185 104 9 0.00003000000000000
22 201 113 10 0.00004200000000000
23 243 132 11 0.00003800000000000
22 195 103 9 0.00003900000000000
22 206 112 10 0.00003700000000000
23 222 119 10 0.00004000000000000
22 204 110 10 0.00003400000000000
23 225 122 10 0.00003700000000000
23 178 90 8 0.00002900000000000
23 250 132 11 0.00003600000000000
23 217 116 10 0.00003300000000000
23 182 92 8 0.00002900000000000
23 222 122 10 0.00003500000000000
23 241 131 11 0.00003800000000000
24 186 95 8 0.00003000000000000
23 195 96 8 0.00003800000000000
24 262 142 11 0.00005000000000000
24 199 105 9 0.00003100000000000
24 204 100 9 0.00003200000000000
24 190 93 8 0.00003100000000000
24 221 109 9 0.00003600000000000
24 187 98 8 0.00003200000000000
24 261 142 11 0.00005300000000000
24 222 123 10 0.00004100000000000
24 238 125 11 0.00004000000000000
25 202 83 7 0.00002800000000000
25 274 141 11 0.00004600000000000
25 210 90 8 0.00003200000000000
25 242 124 10 0.00004600000000000
25 294 156 12 0.00004300000000000
25 268 139 11 0.00005000000000000
25 232 116 9 0.00003900000000000
25 252 137 11 0.00004200000000000
25 290 156 12 0.00004500000000000
25 216 108 8 0.00003400000000000
30 402 213 14 0.00006700000000000
30 430 225 15 0.00006300000000000
30 386 206 13 0.00006400000000000
30 315 146 11 0.00005100000000000
3 2 1 1 0.03026500000000000
30 338 170 11 0.00005800000000000
30 361 185 12 0.00006700000000000
30 409 218 14 0.00007200000000000
30 310 128 9 0.00004600000000000
30 370 202 13 0.00006600000000000
35 527 277 15 0.00009800000000000
35 407 184 10 0.00005900000000000
35 543 288 16 0.00009900000000000
35 552 289 16 0.00010500000000000
35 428 204 11 0.00007300000000000
35 575 305 17 0.00009800000000000
35 553 301 16 0.00010200000000000
35 536 284 16 0.00009500000000000
35 416 159 8 0.00006900000000000
35 489 241 13 0.00008400000000000
40 576 234 11 0.00009200000000000
40 690 360 18 0.00013000000000000
40 760 400 20 0.00013500000000000
40 587 274 13 0.00011300000000000
40 697 374 18 0.00012800000000000
2 1 1 1 0.00000500000000000
40 568 262 12 0.00009600000000000
40 537 201 9 0.00009000000000000
40 724 377 18 0.00014500000000000
2 1 1 1 0.00000700000000000
3 2 1 1 0.00000400000000000
2 1 1 1 0.00001100000000000
4 5 4 2 0.04040000000000000
4 5 4 2 0.06005500000000000
4 5 4 2 0.02544400000000000
45 801 336 13 0.00014400000000000
45 739 295 11 0.00011400000000000
45 778 378 15 0.00016300000000000
45 719 286 11 0.00014400000000000
40 690 350 17 0.00013100000000000
45 793 353 14 0.00014100000000000
50 828 277 10 0.00011800000000000
50 862 299 10 0.00015100000000000
50 1003 451 16 0.00019200000000000
50 1181 619 24 0.00025900000000000
50 1001 441 15 0.00019100000000000
50 882 310 10 0.00015100000000000
22 222 121 11 0.00004200000000000
50 986 411 14 0.00019400000000000
50 916 366 13 0.00013800000000000
50 845 288 10 0.00014000000000000
60 1567 734 21 0.00033500000000000
60 1323 466 13 0.00021900000000000
50 1163 605 24 0.00023200000000000
60 1459 661 19 0.00029400000000000
60 1747 900 30 0.00035600000000000
60 1534 686 19 0.00030200000000000
30 346 179 12 0.00006200000000000
3 2 2 1 0.00000200000000000
45 788 309 12 0.00012300000000000
60 1311 530 15 0.00026800000000000
60 1382 565 16 0.00026000000000000
60 1611 792 25 0.00038800000000000
70 1662 435 10 0.00024000000000000
3 2 1 1 0.00000300000000000
3 2 1 1 0.02034400000000000
45 878 453 19 0.00018900000000000
45 849 432 19 0.00016100000000000
3 2 1 1 0.00000200000000000
45 938 488 21 0.00019200000000000
3 2 1 1 0.02006700000000000
70 1916 763 18 0.01555400000000000
40 758 400 20 0.00013000000000000
3 2 1 1 0.00000400000000000
2 1 1 1 0.00054300000000000
45 729 281 12 0.00010400000000000
70 1637 426 10 0.00087500000000000
70 1811 641 15 0.00101800000000000
60 1520 679 18 0.00058200000000000
70 2150 1002 25 0.00627600000000000
70 2198 1123 31 0.00054600000000000
70 2262 1157 32 0.00057500000000000
60 1386 556 15 0.00231000000000000
70 1698 554 13 0.00053500000000000
70 2365 1224 34 0.00068400000000000
70 1984 700 15 0.00036400000000000
80 2715 1186 24 0.00064100000000000
90 2807 802 15 0.00047200000000000
80 2123 557 12 0.00195100000000000
80 2266 682 13 0.00077100000000000
90 2915 774 13 0.00051100000000000
80 3052 1579 39 0.00137100000000000
90 3402 1192 19 0.00083800000000000
90 3415 1432 25 0.00079600000000000
90 2879 776 13 0.00252600000000000
80 3040 1560 38 0.00291600000000000
90 3640 1756 34 0.00111900000000000
100 3420 764 12 0.00067100000000000
90 3574 1659 31 0.00260300000000000
80 2397 732 14 0.00044100000000000
80 3045 1572 39 0.00410400000000000
80 2246 518 10 0.00364100000000000
100 3663 1045 16 0.00140300000000000
80 2610 1039 21 0.00061800000000000
100 3494 920 15 0.00745400000000000
100 3737 1124 17 0.00068200000000000
90 3914 2012 44 0.00120200000000000
100 4070 1403 21 0.00156700000000000
80 3031 1550 38 0.00144500000000000
100 3349 741 12 0.00251700000000000
90 3694 1782 35 0.00170100000000000
100 3742 1043 16 0.00062600000000000
100 4255 1744 27 0.00107700000000000
90 3256 1222 21 0.00320200000000000
100 4796 2454 48 0.00345500000000000
100 4312 1676 25 0.00162600000000000
125 6774 2606 31 0.00260400000000000
125 5737 1273 15 0.00173300000000000
125 5330 1047 13 0.00365000000000000
125 6926 3034 38 0.00219900000000000
125 6493 2194 25 0.00565200000000000
125 5484 1147 14 0.00094900000000000
125 7124 3134 39 0.00227000000000000
125 7198 3351 45 0.00312400000000000
125 5548 1191 14 0.00513800000000000
125 7083 2985 36 0.00442700000000000
175 11846 2698 22 0.00280000000000000
150 9039 2262 21 0.00261700000000000
150 7703 1391 14 0.00252500000000000
150 8722 2024 19 0.00233600000000000
175 10376 1569 14 0.00231600000000000
150 10276 4573 48 0.00407200000000000
150 9795 3402 32 0.00794400000000000
150 10146 4128 41 0.01165200000000000
150 10067 3849 37 0.01161700000000000
175 10463 1633 14 0.00641400000000000
150 9786 3235 30 0.00653600000000000
150 10537 4987 56 0.00451300000000000
200 17854 5660 38 0.00724600000000000
175 11313 2084 17 0.00255500000000000
150 10502 4921 54 0.00824400000000000
175 11741 2282 18 0.00346400000000000
225 18948 3200 20 0.00527300000000000
175 12460 2849 22 0.00325300000000000
175 13548 4668 37 0.00532900000000000
175 13671 4819 38 0.00452900000000000
175 12997 3683 29 0.00883800000000000
200 13871 2014 15 0.00326700000000000
175 13176 3876 30 0.00694200000000000
200 16795 3944 26 0.00452900000000000
200 13347 1847 14 0.00334000000000000
200 17571 5207 35 0.01068500000000000
200 18162 6866 49 0.00765100000000000
200 15472 2531 17 0.00351300000000000
200 18029 6032 41 0.00637600000000000
200 17942 5779 39 0.00700200000000000
225 17561 2269 15 0.00391800000000000
225 17219 2025 13 0.00385800000000000
200 19398 9769 97 0.01257500000000000
225 17393 2425 16 0.00384500000000000
225 19824 3360 20 0.00499400000000000
275 36431 17548 108 0.03766200000000000
225 20389 3769 22 0.00502100000000000
225 21280 4687 27 0.00583000000000000
225 19499 3008 18 0.01854900000000000
225 22425 6320 37 0.00747700000000000
225 24827 12573 111 0.01783900000000000
325 47023 11071 43 0.01727600000000000
275 25619 2830 15 0.00635800000000000
275 28289 3952 20 0.00710200000000000
275 28237 3966 20 0.00783700000000000
275 33662 8936 42 0.01192700000000000
275 33006 8108 38 0.01168100000000000
275 32631 7706 36 0.01087700000000000
375 63978 15652 52 0.03085400000000000
275 33914 9208 43 0.01389700000000000
275 35956 15767 87 0.02734800000000000
275 36058 16348 93 0.02845200000000000
425 81212 16937 49 0.03026700000000000
325 43569 6669 26 0.01279700000000000
325 41237 5658 23 0.01106900000000000
425 76988 12000 35 0.02316400000000000
325 43379 6601 26 0.01613800000000000
325 45506 8359 32 0.01670000000000000
325 45957 9348 36 0.01578900000000000
325 49126 16632 68 0.02945800000000000
325 47554 11625 45 0.02846900000000000
325 47722 12543 49 0.03692200000000000
425 83424 20906 61 0.06048100000000000
325 49943 19420 84 0.03739900000000000
375 53600 5592 20 0.01551600000000000
375 49600 4538 17 0.01481400000000000
375 58153 8079 27 0.01987100000000000
475 96391 13884 36 0.03786700000000000
375 59999 10245 34 0.02004100000000000
375 60778 11216 37 0.02364300000000000
375 59768 9586 32 0.01662500000000000
375 62833 14648 49 0.03431900000000000
500 110933 19425 47 0.05798800000000000
375 67453 27365 104 0.07789800000000000
425 62604 4718 16 0.01452600000000000
425 60439 4879 17 0.02236700000000000
500 91836 6613 18 0.02351800000000000
375 68123 31369 132 0.10166400000000000
425 73961 9436 28 0.02520800000000000
500 105526 12304 30 0.03321200000000000
425 77154 12307 36 0.02561100000000000
600 126436 7210 17 0.03378600000000000
425 86017 31932 102 0.07351500000000000
475 82476 6272 18 0.02296500000000000
425 86151 32012 103 0.06411799999999999
475 81360 6870 20 0.02691500000000000
475 85986 6875 19 0.02433700000000000
425 89164 44879 210 0.14001000000000000
500 84659 5796 17 0.02284100000000000
475 93940 10107 26 0.03752600000000000
475 94319 10863 28 0.02718000000000000
475 93241 11371 30 0.03361400000000000
500 85724 5567 16 0.03268700000000000
500 86212 5930 17 0.02172300000000000
500 92683 6414 17 0.02147300000000000
475 106929 33947 92 0.07095799999999999
500 92266 6725 18 0.02221900000000000
475 106566 32596 88 0.06978100000000000
600 172250 53772 114 0.15561700000000001
500 89042 5762 16 0.02090900000000000
475 105791 29252 77 0.08794299999999999
500 106972 12796 31 0.03938400000000000
600 144508 12818 27 0.03842600000000000
600 145720 13476 28 0.04828700000000000
600 148590 14608 30 0.05560000000000000
800 264931 21599 33 0.08097900000000000
600 138438 10130 22 0.03568100000000000
600 141374 10786 23 0.07852600000000000
600 150814 15191 31 0.05892600000000000
600 162225 25764 51 0.06232900000000000
800 290898 39311 57 0.13072500000000001
600 164087 27895 55 0.07228800000000001
700 169625 8861 18 0.04924000000000000
700 186963 12250 23 0.04832100000000000
700 166161 7740 16 0.05052000000000000
700 172456 9844 20 0.05196400000000000
700 198500 16403 29 0.06766600000000000
700 216374 24519 41 0.07992299999999999
700 222332 33351 56 0.08944299999999999
700 223473 35661 60 0.09816700000000000
900 377714 65685 85 0.21452399999999999
800 238615 12630 21 0.06172800000000000
700 231505 53630 92 0.15363299999999999
800 238179 13144 22 0.06707299999999999
800 236005 10842 18 0.07172199999999999
700 239499 100793 208 0.43015900000000001
800 278394 29079 43 0.10060900000000000
800 248925 14920 24 0.07142999999999999
800 257320 17873 28 0.07445499999999999
800 302938 67714 101 0.23805699999999999
900 273409 12331 20 0.07781000000000000
1000 488124 165522 214 0.80050200000000005
900 281515 12600 20 0.08225100000000000
800 291430 41175 60 0.13968500000000000
1250 526523 15471 18 0.14479400000000001
900 301911 14840 22 0.08604800000000000
900 324093 20772 29 0.12030000000000000
1250 531783 15591 18 0.14934300000000000
900 331605 21946 30 0.11626000000000000
900 362262 38197 49 0.15283400000000000
900 356290 33888 44 0.13555100000000000
1000 362579 14010 19 0.11398100000000000
1000 354857 15160 21 0.11601700000000000
900 394646 134563 194 0.59796000000000005
1000 371243 15089 20 0.11477100000000000
900 397021 160326 250 0.80798899999999996
1000 397338 21433 27 0.10971400000000001
1000 410796 26180 32 0.13643500000000000
1000 470570 81343 94 0.28677700000000000
1000 434100 37305 44 0.17354200000000000
1000 448093 45128 52 0.21907499999999999
1000 489495 169660 221 0.82624900000000001
1500 908945 35419 29 0.33439600000000003
1250 582868 20803 22 0.16551099999999999
1250 537294 17460 20 0.13681399999999999
1250 579592 22511 24 0.16311800000000001
1250 577197 21442 23 0.15603100000000000
1250 630581 30209 30 0.18953300000000001
1250 605029 26245 27 0.17021700000000001
1250 715371 74688 68 0.32062900000000000
1250 761009 212053 207 1.01198499999999991
1500 779930 22086 21 0.19736899999999999
1500 814426 24178 22 0.22579099999999999
1500 771418 18712 18 0.21970899999999999
1500 888238 33314 28 0.25727899999999998
1500 959397 50841 40 0.34585900000000003
1500 929090 44562 36 0.29145900000000002
1500 878958 30791 26 0.28859899999999999
1500 1002680 70750 54 0.38474999999999998
1500 1051795 112811 84 0.66141300000000003
1750 1384960 97711 63 0.71563900000000003
1750 1049044 23287 19 0.31975599999999998
1750 1106041 26908 21 0.37180999999999997
1750 1266204 50718 35 0.45574199999999998
1750 1365416 87555 57 0.54873200000000000
1750 1345466 71638 47 0.49984099999999998
1750 1309368 63877 43 0.57018000000000002
1750 1432501 143116 91 0.78902799999999995
1750 1332088 71082 47 0.58269000000000004
1750 1368958 90718 59 0.70482900000000004
2000 1352357 27484 20 0.36634000000000000
2000 1441067 32144 22 0.41754799999999997
2000 1517177 38279 25 0.50163999999999997
2000 1372231 26557 19 0.37533899999999998
2000 1557460 44122 28 0.53691900000000004
2000 1551510 43816 28 0.45709499999999997
2000 1831638 125843 70 0.87174900000000000
2000 1922662 275872 154 1.98101299999999991
2000 1863894 151873 84 1.01951900000000006
2000 1898982 216609 120 1.34530499999999997
2500 2757657 114178 52 1.13879500000000000
2500 2385091 50279 26 0.86846000000000001
2500 2544334 67692 33 0.87435399999999996
2500 2615074 81690 39 0.98766600000000004
2500 2840233 145820 65 1.35458999999999996
2500 2744290 105293 48 1.24660600000000010
2500 2663091 85459 40 1.10954799999999998
3000 3137745 44886 21 1.06240399999999990
3000 3177088 47451 22 1.88904000000000005
2500 3055432 594319 271 5.09277800000000003
2500 3066388 672045 311 6.73006300000000035
3000 3391938 54856 24 1.35478600000000005
3000 3739145 100093 40 1.47181500000000010
3000 3373291 59261 26 1.50276100000000001
3000 3473938 65468 28 1.31458100000000000
3000 4013140 149161 56 2.39440400000000020
2500 3088382 953206 474 12.96801199999999987
3000 4175392 237732 87 2.38553699999999980
3000 4176803 243250 89 2.49024000000000001
3000 4045179 174066 65 2.69903799999999983
