Nodos Aristas Frontera |CMF| Segundos
2 1 1 2 0.00076200000000000
2 1 1 2 0.00022000000000000
4 3 3 1 0.00000800000000000
3 2 2 1 0.00002500000000000
2 1 1 2 0.00021200000000000
3 2 2 1 0.00002400000000000
3 2 2 1 0.00000900000000000
4 4 2 2 0.00000500000000000
4 3 3 1 0.00000700000000000
2 1 1 2 0.00000600000000000
3 2 2 1 0.00079300000000000
4 3 3 1 0.00000800000000000
2 1 1 2 0.00000700000000000
5 4 4 1 0.00000400000000000
3 2 2 1 0.00000900000000000
2 1 1 2 0.00000800000000000
3 2 2 1 0.00000600000000000
5 4 4 1 0.00000400000000000
4 4 2 2 0.00000800000000000
5 4 4 1 0.00000400000000000
3 2 2 1 0.00000800000000000
5 4 4 1 0.00000600000000000
2 1 1 2 0.00021900000000000
4 3 3 1 0.00001000000000000
6 9 4 2 0.00000900000000000
6 8 4 2 0.00000300000000000
6 5 5 1 0.00001100000000000
6 9 4 2 0.00000400000000000
5 6 3 2 0.00000300000000000
6 5 5 1 0.00000900000000000
5 6 3 2 0.00000400000000000
7 10 5 2 0.00000600000000000
7 12 5 2 0.00000600000000000
7 12 5 2 0.00000500000000000
6 8 4 2 0.00000800000000000
7 12 5 2 0.00000400000000000
7 12 5 2 0.00000400000000000
2 1 1 2 0.00001100000000000
8 7 7 1 0.00000500000000000
5 4 4 1 0.00000600000000000
3 2 2 1 0.00000500000000000
7 6 6 1 0.00000500000000000
7 6 6 1 0.00000400000000000
5 6 3 2 0.00001000000000000
4 3 3 1 0.00000400000000000
6 5 5 1 0.00001100000000000
8 15 6 2 0.00000600000000000
5 4 4 1 0.00000400000000000
8 16 6 2 0.00000500000000000
6 8 4 2 0.00000300000000000
6 5 5 1 0.00001100000000000
4 3 3 1 0.00000300000000000
7 12 5 2 0.00000500000000000
4 3 3 1 0.00001600000000000
9 14 7 2 0.00000500000000000
9 8 8 1 0.00000500000000000
5 6 3 2 0.00000300000000000
4 3 3 1 0.00000400000000000
9 20 7 2 0.00000800000000000
8 7 7 1 0.00000500000000000
9 18 7 2 0.00000600000000000
2 1 1 2 0.00000900000000000
10 16 8 2 0.00000700000000000
10 16 8 2 0.00000900000000000
7 6 6 1 0.00000400000000000
7 6 6 1 0.00000500000000000
10 25 8 2 0.00001500000000000
9 20 7 2 0.00000500000000000
8 15 6 2 0.00000700000000000
9 18 7 2 0.00000600000000000
9 8 8 1 0.00000600000000000
9 8 8 1 0.00000600000000000
10 16 8 2 0.00001300000000000
8 15 6 2 0.00000400000000000
10 16 8 2 0.00000500000000000
15 14 14 1 0.00000800000000000
9 8 8 1 0.00000600000000000
8 15 6 2 0.00000500000000000
15 26 13 2 0.00001300000000000
15 54 13 2 0.00001600000000000
3 2 2 1 0.00000400000000000
8 7 7 1 0.00000600000000000
15 56 13 2 0.00000800000000000
10 9 9 1 0.00000900000000000
15 36 13 2 0.00001500000000000
20 51 18 2 0.00002100000000000
20 64 18 2 0.00001100000000000
20 96 18 2 0.00001200000000000
10 24 8 2 0.00001100000000000
15 56 13 2 0.00001400000000000
20 100 18 2 0.00000900000000000
20 84 18 2 0.00000900000000000
3 2 2 1 0.00000500000000000
25 24 24 1 0.00002200000000000
20 96 18 2 0.00001100000000000
25 114 23 2 0.00001300000000000
15 54 13 2 0.00001400000000000
25 126 23 2 0.00001600000000000
6 8 4 2 0.00001200000000000
20 100 18 2 0.00001100000000000
10 21 8 2 0.00001700000000000
15 26 13 2 0.00001300000000000
20 100 18 2 0.00000900000000000
25 84 23 2 0.00002200000000000
8 12 6 2 0.00000500000000000
25 100 23 2 0.00001700000000000
25 154 23 2 0.00002600000000000
15 56 13 2 0.00001000000000000
30 209 28 2 0.00001800000000000
10 16 8 2 0.00000500000000000
30 209 28 2 0.00001900000000000
25 46 23 2 0.00001100000000000
30 189 28 2 0.00001700000000000
10 16 8 2 0.00001100000000000
2 1 1 2 0.00000800000000000
30 225 28 2 0.00001900000000000
25 156 23 2 0.00002100000000000
30 224 28 2 0.00002000000000000
30 176 28 2 0.00002200000000000
30 200 28 2 0.00002800000000000
25 126 23 2 0.00002300000000000
25 154 23 2 0.00002000000000000
35 304 33 2 0.00002500000000000
35 250 33 2 0.00003800000000000
35 66 33 2 0.00003800000000000
30 216 28 2 0.00002200000000000
35 286 33 2 0.00002300000000000
35 276 33 2 0.00003100000000000
20 64 18 2 0.00001200000000000
30 189 28 2 0.00002200000000000
35 174 33 2 0.00005800000000000
20 84 18 2 0.00001200000000000
40 76 38 2 0.00003000000000000
40 76 38 2 0.00002400000000000
35 216 33 2 0.00002700000000000
9 8 8 1 0.00000500000000000
35 294 33 2 0.00002600000000000
35 234 33 2 0.00002100000000000
40 400 38 2 0.00003200000000000
45 126 43 2 0.00003300000000000
45 296 43 2 0.00004100000000000
40 364 38 2 0.00005400000000000
45 434 43 2 0.00002900000000000
8 7 7 1 0.00000600000000000
45 164 43 2 0.00005400000000000
40 351 38 2 0.00004600000000000
50 141 48 2 0.00005000000000000
15 14 14 1 0.00000800000000000
30 56 28 2 0.00002000000000000
50 96 48 2 0.00003000000000000
45 476 43 2 0.00004600000000000
45 266 43 2 0.00005100000000000
45 266 43 2 0.00005100000000000
40 351 38 2 0.00004500000000000
50 576 48 2 0.00003900000000000
40 256 38 2 0.00004000000000000
35 250 33 2 0.00002800000000000
45 486 43 2 0.00004900000000000
40 375 38 2 0.00004700000000000
50 96 48 2 0.00002400000000000
45 464 43 2 0.00003300000000000
40 396 38 2 0.00003700000000000
50 184 48 2 0.00003900000000000
50 504 48 2 0.00005400000000000
45 396 43 2 0.00004100000000000
40 231 38 2 0.00003500000000000
60 171 58 2 0.00007400000000000
60 275 58 2 0.00007600000000000
60 576 58 2 0.00008500000000000
60 704 58 2 0.00009000000000000
70 496 68 2 0.00009400000000000
50 576 48 2 0.00005500000000000
50 624 48 2 0.00004600000000000
60 851 58 2 0.00005600000000000
50 589 48 2 0.00005500000000000
60 539 58 2 0.00006700000000000
60 704 58 2 0.00007500000000000
60 731 58 2 0.00007000000000000
80 375 78 2 0.00013100000000000
60 864 58 2 0.00007900000000000
60 899 58 2 0.00008000000000000
70 1056 68 2 0.00008300000000000
80 304 78 2 0.00014200000000000
70 384 68 2 0.00008500000000000
90 89 89 1 0.00015900000000000
70 1216 68 2 0.00010800000000000
70 864 68 2 0.00006600000000000
90 425 88 2 0.00017000000000000
50 184 48 2 0.00062800000000000
70 784 68 2 0.00011200000000000
70 901 68 2 0.00010500000000000
70 784 68 2 0.00008100000000000
70 1225 68 2 0.00008900000000000
80 1159 78 2 0.00009100000000000
80 1344 78 2 0.00011900000000000
70 1225 68 2 0.00010800000000000
80 1024 78 2 0.00012200000000000
80 1344 78 2 0.00011800000000000
90 504 88 2 0.00016100000000000
90 581 88 2 0.00014000000000000
80 1311 78 2 0.00013200000000000
90 581 88 2 0.00030000000000000
80 1024 78 2 0.00030000000000000
100 900 98 2 0.00031100000000000
100 1056 98 2 0.00018900000000000
80 1479 78 2 0.00011500000000000
100 1476 98 2 0.00015000000000000
90 1449 88 2 0.00034200000000000
125 714 123 2 0.00051500000000000
125 826 123 2 0.00079000000000000
80 231 78 2 0.00348900000000000
90 1989 88 2 0.00015100000000000
100 1539 98 2 0.00067800000000000
90 1961 88 2 0.00061900000000000
90 1925 88 2 0.00064200000000000
90 1961 88 2 0.00063800000000000
150 149 149 1 0.00047300000000000
100 2139 98 2 0.00070000000000000
100 2016 98 2 0.00069400000000000
100 2059 98 2 0.00069000000000000
100 2419 98 2 0.00017600000000000
125 1456 123 2 0.00076800000000000
125 1456 123 2 0.00079800000000000
100 2464 98 2 0.00065900000000000
100 2356 98 2 0.00063100000000000
125 2184 123 2 0.00074300000000000
125 2346 123 2 0.00077900000000000
175 850 173 2 0.00159700000000000
150 1656 148 2 0.00389000000000000
125 3036 123 2 0.00026100000000000
175 2106 173 2 0.00108900000000000
125 3864 123 2 0.00025100000000000
150 2600 148 2 0.00087100000000000
125 3850 123 2 0.00028400000000000
125 3834 123 2 0.00078600000000000
200 784 198 2 0.00076500000000000
150 3944 148 2 0.00091900000000000
150 4104 148 2 0.00093400000000000
175 3366 173 2 0.00104100000000000
175 3496 173 2 0.00106600000000000
150 4949 148 2 0.00084800000000000
150 4664 148 2 0.00091600000000000
150 4725 148 2 0.00085800000000000
150 5000 148 2 0.00039200000000000
200 3759 198 2 0.00108700000000000
225 1526 223 2 0.00076700000000000
175 4234 173 2 0.00103800000000000
200 3600 198 2 0.00106600000000000
275 274 274 1 0.00168000000000000
175 5676 173 2 0.00109200000000000
175 6016 173 2 0.00103300000000000
275 4626 273 2 0.00185600000000000
175 7566 173 2 0.00106700000000000
175 7614 173 2 0.00109400000000000
200 6636 198 2 0.00187200000000000
150 5336 148 2 0.00385000000000000
275 5796 273 2 0.00209800000000000
225 6956 223 2 0.00120900000000000
200 7296 198 2 0.00121100000000000
175 6786 173 2 0.00253600000000000
275 3654 273 2 0.00240100000000000
200 8631 198 2 0.00125200000000000
200 9324 198 2 0.00123500000000000
275 6696 273 2 0.00192400000000000
200 9559 198 2 0.00163900000000000
200 8631 198 2 0.00119300000000000
225 8100 223 2 0.00124500000000000
275 3406 273 2 0.00235700000000000
200 9975 198 2 0.00114200000000000
225 9686 223 2 0.00142800000000000
225 9900 223 2 0.00180200000000000
225 10764 223 2 0.00140200000000000
225 12654 223 2 0.00108900000000000
225 11324 223 2 0.00178800000000000
225 12614 223 2 0.00100300000000000
225 11534 223 2 0.00133400000000000
275 14076 273 2 0.00182000000000000
325 13524 323 2 0.00220200000000000
275 15484 273 2 0.00220300000000000
275 18354 273 2 0.00188500000000000
275 18486 273 2 0.00233000000000000
375 10034 373 2 0.00336800000000000
375 12806 373 2 0.00380000000000000
325 14850 323 2 0.00254900000000000
325 18396 323 2 0.00282300000000000
325 22866 323 2 0.00273400000000000
375 19154 373 2 0.00386900000000000
325 23100 323 2 0.00276500000000000
325 26064 323 2 0.00275000000000000
325 26274 323 2 0.00284400000000000
400 13431 398 2 0.00487300000000000
325 26296 323 2 0.00295400000000000
325 25284 323 2 0.02028500000000000
325 26100 323 2 0.00243600000000000
400 25359 398 2 0.00412300000000000
375 35114 373 2 0.00935600000000000
400 27231 398 2 0.00419000000000000
500 3936 498 2 0.00889700000000000
375 33596 373 2 0.00366100000000000
375 32900 373 2 0.00368600000000000
375 33596 373 2 0.00358200000000000
375 34556 373 2 0.00256800000000000
375 34454 373 2 0.00314000000000000
375 35066 373 2 0.00313500000000000
500 17556 498 2 0.00578700000000000
400 29596 398 2 0.00464400000000000
400 37884 398 2 0.00328400000000000
500 17979 498 2 0.00578000000000000
400 36156 398 2 0.00417400000000000
500 27904 498 2 0.00665700000000000
400 39424 398 2 0.00630300000000000
400 37191 398 2 0.00363200000000000
400 39984 398 2 0.00371500000000000
400 39996 398 2 0.00370700000000000
600 32879 598 2 0.00998700000000000
700 7579 698 2 0.01283300000000000
600 40271 598 2 0.00990200000000000
500 54579 498 2 0.00631600000000000
500 54219 498 2 0.00659100000000000
500 57024 498 2 0.00625600000000000
500 57171 498 2 0.00714400000000000
500 49731 498 2 0.00662000000000000
800 13311 798 2 0.01694400000000000
600 56511 598 2 0.00929900000000000
700 45216 698 2 0.01313400000000000
500 61971 498 2 0.00602800000000000
600 60759 598 2 0.00884800000000000
700 62964 698 2 0.01564300000000000
700 67744 698 2 0.01590900000000000
700 52275 698 2 0.01351100000000000
600 79596 598 2 0.00899200000000000
600 78551 598 2 0.00954300000000000
600 83111 598 2 0.00890000000000000
600 89744 598 2 0.08593900000000000
600 73871 598 2 0.01827500000000000
600 89919 598 2 0.00929000000000000
800 57600 798 2 0.01708200000000000
800 69399 798 2 0.01694700000000000
900 38475 898 2 0.02091100000000000
700 94611 698 2 0.01269200000000000
900 74336 898 2 0.02337600000000000
700 108576 698 2 0.01209400000000000
900 15011 898 2 0.02030700000000000
700 88275 698 2 0.01451500000000000
800 75900 798 2 0.01708000000000000
700 120819 698 2 0.01311500000000000
700 116259 698 2 0.01230800000000000
800 110716 798 2 0.01717600000000000
900 89604 898 2 0.02170900000000000
900 93600 898 2 0.02165000000000000
1000 39319 998 2 0.02539000000000000
900 86219 898 2 0.02065500000000000
1000 38400 998 2 0.02532200000000000
1000 35631 998 2 0.02551600000000000
1000 52864 998 2 0.02506900000000000
800 126144 798 2 0.01751600000000000
800 127600 798 2 0.01631100000000000
800 136591 798 2 0.01660800000000000
1000 73600 998 2 0.02562900000000000
800 138975 798 2 0.01906000000000000
800 147679 798 2 0.01575700000000000
1250 104400 1248 2 0.03595700000000000
1250 78144 1248 2 0.04701300000000000
1250 87024 1248 2 0.04510000000000000
1000 145024 998 2 0.02681400000000000
1250 104400 1248 2 0.04643900000000000
900 182619 898 2 0.02222300000000000
900 189044 898 2 0.02170000000000000
900 200384 898 2 0.02087900000000000
900 202331 898 2 0.02297400000000000
1500 133475 1498 2 0.06815700000000000
1000 238975 998 2 0.02776000000000000
1000 249996 998 2 0.02569400000000000
1000 248704 998 2 0.21640499999999999
1000 218316 998 2 0.05227100000000000
1500 277344 1498 2 0.06749100000000000
1750 198616 1748 2 0.11798900000000000
1250 293904 1248 2 0.04568600000000000
1250 309969 1248 2 0.04406200000000000
1500 227259 1498 2 0.06751000000000000
1250 327624 1248 2 0.04269700000000000
1500 262196 1498 2 0.06640200000000000
1750 184981 1748 2 0.09655600000000000
2000 33711 1998 2 0.12797900000000001
1250 384849 1248 2 0.04470700000000000
1750 295029 1748 2 0.09652500000000000
1250 352989 1248 2 0.04307200000000000
1500 316484 1498 2 0.06504900000000000
1250 380824 1248 2 0.04689800000000000
1500 318464 1498 2 0.06758000000000000
1750 272821 1748 2 0.09349800000000000
1500 438596 1498 2 0.06667800000000000
1750 431541 1748 2 0.09387300000000000
1500 511875 1498 2 0.06280200000000000
1500 509600 1498 2 0.07023100000000000
1500 467636 1498 2 0.06736900000000000
2000 311100 1998 2 0.12295600000000000
2500 221536 2498 2 0.17899999999999999
1750 564024 1748 2 0.09558700000000001
1750 472944 1748 2 0.09728900000000000
2500 112884 2498 2 0.23495199999999999
1750 580725 1748 2 0.09480300000000000
2000 468559 1998 2 0.12546099999999999
2500 387444 2498 2 0.22612800000000000
2500 387444 2498 2 0.23028999999999999
1750 765481 1748 2 0.09286600000000000
2000 681904 1998 2 0.12823799999999999
1750 726816 1748 2 0.42559100000000000
2000 915319 1998 2 0.18652900000000000
2000 841596 1998 2 0.13318700000000000
2000 848679 1998 2 0.13571800000000001
2500 829764 2498 2 0.21756000000000000
2000 892416 1998 2 0.10757100000000000
3000 639639 2998 2 0.27128400000000003
2000 957975 1998 2 0.10891199999999999
2000 998236 1998 2 0.10730300000000000
2500 1049844 2498 2 0.21067900000000001
3000 764039 2998 2 0.33272099999999999
3000 850511 2998 2 0.34892400000000001
2500 1425600 2498 2 0.16685900000000001
2500 1486324 2498 2 0.21037500000000001
2500 1553284 2498 2 0.21549800000000000
2500 1503451 2498 2 0.16452700000000001
3000 1793024 2998 2 0.34497200000000000
3000 1801100 2998 2 0.33468100000000001
3000 1985804 2998 2 0.23708499999999999
3000 1833975 2998 2 0.31102600000000002
3000 1947500 2998 2 0.27174700000000002
3000 2243111 2998 2 0.27540999999999999
3000 2053751 2998 2 0.23764199999999999
