Nodos Aristas Frontera |CMF| Segundos
2 1 1 1 0.00086300000000000
3 2 1 1 0.00000900000000000
4 3 2 1 0.00000400000000000
3 2 2 1 0.00140000000000000
4 3 3 1 0.00000400000000000
3 2 1 1 0.00000600000000000
3 2 1 1 0.00001700000000000
3 2 2 1 0.00051300000000000
2 1 1 1 0.00088100000000000
5 6 3 2 0.00000300000000000
2 1 1 1 0.00024300000000000
5 6 3 1 0.00000400000000000
4 4 2 1 0.00000200000000000
3 2 1 1 0.00000400000000000
5 4 2 1 0.00000700000000000
4 3 2 1 0.00000300000000000
5 5 3 1 0.00000400000000000
2 1 1 1 0.00024100000000000
5 4 2 1 0.00000200000000000
5 4 3 1 0.00000400000000000
3 2 2 1 0.00051500000000000
6 5 2 1 0.00000300000000000
4 4 2 1 0.00001200000000000
6 5 3 1 0.00000300000000000
2 1 1 1 0.00026200000000000
6 6 2 1 0.00000300000000000
6 5 4 2 0.00000500000000000
4 3 3 1 0.00001200000000000
6 5 3 1 0.00001300000000000
4 3 3 1 0.00002400000000000
3 2 1 1 0.00141000000000000
6 9 4 2 0.00001600000000000
3 2 1 1 0.00000600000000000
5 4 2 1 0.00000700000000000
2 1 1 1 0.00000800000000000
4 3 3 1 0.00000300000000000
4 3 2 1 0.00000800000000000
6 8 4 1 0.00000400000000000
3 2 1 1 0.00001400000000000
7 7 3 1 0.00001000000000000
7 9 5 2 0.00000800000000000
7 10 5 1 0.00000300000000000
5 5 3 2 0.00000900000000000
7 7 4 2 0.00000500000000000
8 7 3 2 0.00000300000000000
8 8 4 2 0.00000300000000000
8 10 6 1 0.00000300000000000
5 4 2 1 0.00000200000000000
6 5 3 1 0.00000300000000000
7 6 3 1 0.00000400000000000
8 12 6 2 0.00000300000000000
8 9 6 1 0.00000600000000000
2 1 1 1 0.00019400000000000
7 6 4 1 0.00001100000000000
9 8 5 2 0.00000400000000000
9 13 7 2 0.00000500000000000
9 16 7 2 0.00000500000000000
9 8 3 1 0.00000300000000000
6 8 4 2 0.00000900000000000
8 13 6 2 0.00000400000000000
9 8 5 2 0.00000400000000000
2 1 1 1 0.00024600000000000
9 8 5 2 0.00000300000000000
2 1 1 1 0.00001400000000000
10 16 7 2 0.00000500000000000
7 9 5 2 0.00001000000000000
10 9 3 1 0.00000500000000000
7 11 5 2 0.00000500000000000
9 12 6 2 0.00000300000000000
9 8 5 2 0.00000500000000000
10 9 6 2 0.00000400000000000
7 6 2 1 0.00000300000000000
8 9 6 2 0.00000500000000000
8 14 6 2 0.00000300000000000
2 1 1 1 0.00024200000000000
11 24 9 2 0.00000900000000000
4 3 2 1 0.00000600000000000
11 10 4 2 0.00001400000000000
8 10 6 2 0.00000500000000000
5 4 3 2 0.00000800000000000
11 24 9 2 0.00000500000000000
11 10 4 2 0.00001300000000000
12 16 6 2 0.00000500000000000
10 21 8 2 0.00001900000000000
11 11 6 2 0.00000900000000000
10 12 8 1 0.00000300000000000
11 10 5 2 0.00001300000000000
10 9 3 1 0.00000400000000000
10 15 6 2 0.00000600000000000
6 7 4 2 0.00001400000000000
7 10 5 2 0.00000300000000000
12 12 2 1 0.00000300000000000
12 11 5 2 0.00000500000000000
12 20 10 2 0.00000600000000000
8 11 6 2 0.00000900000000000
12 24 10 2 0.00000600000000000
12 11 3 2 0.00000900000000000
10 14 8 2 0.00000800000000000
13 26 10 2 0.00000600000000000
13 21 9 2 0.00000700000000000
9 17 7 2 0.00000500000000000
13 21 11 2 0.00000400000000000
10 14 7 2 0.00000800000000000
11 12 4 1 0.00000700000000000
13 25 10 2 0.00000700000000000
13 17 7 2 0.00002200000000000
14 20 8 2 0.00000600000000000
14 39 12 2 0.00000800000000000
13 27 10 2 0.00000500000000000
10 21 8 2 0.00001100000000000
13 29 10 2 0.00000700000000000
14 20 5 2 0.00000500000000000
13 29 10 2 0.00001100000000000
15 16 9 1 0.00001000000000000
12 21 7 2 0.00000800000000000
13 12 5 2 0.00000700000000000
14 40 12 2 0.00001100000000000
11 14 8 2 0.00001100000000000
15 33 12 2 0.00001600000000000
15 22 11 2 0.00001700000000000
12 13 6 1 0.00000300000000000
9 15 7 2 0.00000500000000000
14 39 11 2 0.00001700000000000
14 35 12 2 0.00000800000000000
11 20 8 2 0.00000900000000000
14 13 5 2 0.00000600000000000
15 35 13 2 0.00001500000000000
15 35 13 2 0.00001800000000000
12 18 10 2 0.00005600000000000
16 41 14 2 0.00001000000000000
16 53 14 2 0.00000700000000000
15 21 13 1 0.00001200000000000
15 43 13 2 0.00000700000000000
16 45 13 2 0.00000900000000000
14 31 11 2 0.00000600000000000
13 37 10 2 0.00000800000000000
15 46 13 2 0.00001300000000000
16 25 14 2 0.00001200000000000
12 24 10 2 0.00000700000000000
17 28 15 2 0.00000500000000000
17 41 12 2 0.00000900000000000
18 40 12 2 0.00000800000000000
17 37 11 2 0.00000700000000000
18 19 6 2 0.00000500000000000
14 41 12 2 0.00001300000000000
18 17 9 2 0.00000600000000000
11 22 9 2 0.00001300000000000
14 17 10 2 0.00000600000000000
17 30 15 2 0.00000600000000000
17 16 7 2 0.00000700000000000
18 55 16 2 0.00000900000000000
18 47 15 2 0.00000900000000000
16 28 14 2 0.00000800000000000
19 23 8 1 0.00000600000000000
19 52 17 2 0.00002100000000000
18 17 3 1 0.00000700000000000
18 17 8 2 0.00000700000000000
19 76 17 2 0.00002300000000000
19 37 8 2 0.00001300000000000
19 29 12 2 0.00001000000000000
19 65 17 2 0.00001500000000000
19 67 17 2 0.00001700000000000
20 90 18 2 0.00001000000000000
20 19 7 2 0.00000700000000000
20 19 8 2 0.00000800000000000
16 26 11 2 0.00007200000000000
17 22 6 2 0.00000600000000000
20 20 5 1 0.00000800000000000
20 95 18 2 0.00000900000000000
17 24 7 2 0.00000500000000000
19 18 3 1 0.00000600000000000
20 83 18 2 0.00001100000000000
19 46 17 2 0.00001900000000000
18 42 13 2 0.00000700000000000
18 69 16 2 0.00001600000000000
20 58 17 2 0.00001600000000000
16 52 14 2 0.00001000000000000
21 61 19 2 0.00001800000000000
17 54 15 2 0.00001100000000000
21 52 19 2 0.00001300000000000
20 76 18 2 0.00001200000000000
15 30 10 2 0.00001300000000000
21 30 9 2 0.00000900000000000
21 42 15 2 0.00001100000000000
16 21 12 1 0.00000500000000000
21 72 18 2 0.00001000000000000
22 47 13 2 0.00001800000000000
16 53 14 2 0.00004800000000000
22 33 17 1 0.00001100000000000
22 34 9 2 0.00000600000000000
22 29 8 2 0.00000800000000000
17 36 9 2 0.00000600000000000
15 45 13 2 0.00001700000000000
19 66 16 2 0.00002000000000000
23 120 19 2 0.00001200000000000
18 32 14 2 0.00001100000000000
21 20 4 2 0.00001500000000000
20 24 10 1 0.00000700000000000
22 37 13 2 0.00001700000000000
23 117 21 2 0.00001700000000000
22 36 18 2 0.00001200000000000
22 23 5 1 0.00000800000000000
24 65 13 2 0.00000900000000000
21 85 19 2 0.00001100000000000
23 53 16 2 0.00001200000000000
24 24 14 1 0.00001100000000000
23 81 18 2 0.00001500000000000
24 52 18 2 0.00002600000000000
21 24 8 2 0.00000800000000000
23 50 16 2 0.00001300000000000
23 26 7 2 0.00000800000000000
24 45 11 2 0.00000900000000000
21 56 14 2 0.00001000000000000
16 45 12 2 0.00007900000000000
24 122 22 2 0.00001400000000000
24 73 16 2 0.00001500000000000
24 60 22 2 0.00002600000000000
25 129 23 2 0.00002000000000000
21 26 9 2 0.00001400000000000
23 111 21 2 0.00001400000000000
22 102 20 2 0.00002000000000000
20 65 18 2 0.00001300000000000
25 47 10 2 0.00001100000000000
23 126 21 2 0.00001600000000000
22 34 7 2 0.00001500000000000
25 93 22 2 0.00001500000000000
30 111 21 2 0.00002100000000000
24 79 22 2 0.00001300000000000
30 40 7 2 0.00001800000000000
24 43 14 2 0.00001000000000000
30 103 25 2 0.00002500000000000
23 74 21 2 0.00002500000000000
30 57 10 2 0.00001800000000000
24 120 22 2 0.00004100000000000
25 56 17 2 0.00001500000000000
35 100 17 2 0.00001600000000000
25 24 5 2 0.00000900000000000
35 161 26 2 0.00002700000000000
25 55 11 2 0.00001200000000000
30 55 26 2 0.00002400000000000
30 113 24 2 0.00002500000000000
35 171 33 2 0.00003700000000000
35 54 8 2 0.00002300000000000
22 23 12 2 0.00011200000000000
35 69 12 2 0.00001200000000000
17 32 9 2 0.00011600000000000
25 86 23 2 0.00002200000000000
35 122 22 2 0.00002300000000000
30 32 4 1 0.00000900000000000
30 81 23 2 0.00001700000000000
35 119 33 2 0.00003300000000000
40 258 32 2 0.00003500000000000
25 69 18 2 0.00001800000000000
35 182 29 2 0.00003800000000000
25 26 5 2 0.00002100000000000
40 241 33 2 0.00003500000000000
40 243 38 2 0.00004500000000000
40 154 25 2 0.00003800000000000
45 57 18 2 0.00002900000000000
30 159 28 2 0.00003900000000000
45 77 18 2 0.00002200000000000
45 88 12 2 0.00001600000000000
40 292 38 2 0.00004300000000000
40 102 13 2 0.00001800000000000
45 60 13 2 0.00001800000000000
40 202 31 2 0.00003700000000000
45 84 12 2 0.00002600000000000
45 44 10 2 0.00001900000000000
45 73 9 2 0.00001600000000000
23 29 5 2 0.00000700000000000
40 75 10 2 0.00001900000000000
50 58 16 2 0.00002900000000000
45 44 8 2 0.00002300000000000
50 49 10 2 0.00002300000000000
50 125 19 2 0.00002000000000000
30 29 6 2 0.00001000000000000
35 79 29 2 0.00020800000000000
25 24 8 2 0.00001000000000000
40 167 28 2 0.00003900000000000
35 76 15 2 0.00002200000000000
60 89 47 2 0.00005300000000000
50 210 39 2 0.00005500000000000
50 212 28 2 0.00003700000000000
50 216 31 2 0.00004500000000000
60 102 9 2 0.00001500000000000
50 49 11 2 0.00001700000000000
50 466 48 2 0.00006300000000000
45 263 43 2 0.00005500000000000
60 184 30 2 0.00006200000000000
60 165 46 2 0.00008100000000000
60 375 52 2 0.00007800000000000
50 223 23 2 0.00003400000000000
60 205 45 2 0.00007200000000000
60 367 43 2 0.00006500000000000
45 185 39 2 0.00005200000000000
60 484 45 2 0.00007600000000000
60 249 39 2 0.00005400000000000
70 86 28 2 0.00005600000000000
70 197 17 2 0.00004300000000000
80 79 11 2 0.00003400000000000
70 390 32 2 0.00006000000000000
70 198 36 2 0.00005900000000000
70 219 64 2 0.00010900000000000
70 257 29 2 0.00006900000000000
80 79 9 2 0.00003000000000000
90 122 29 2 0.00007300000000000
90 130 72 1 0.00005700000000000
70 496 55 2 0.00009400000000000
90 237 16 2 0.00003200000000000
70 385 30 2 0.00006200000000000
70 397 62 2 0.00012500000000000
80 588 39 2 0.00009700000000000
90 506 36 2 0.00008000000000000
80 536 40 2 0.00008600000000000
90 759 47 2 0.00010700000000000
90 143 72 2 0.00012100000000000
80 1152 74 2 0.00013700000000000
80 819 57 2 0.00014400000000000
70 803 57 2 0.00013300000000000
80 1349 75 2 0.00019100000000000
100 303 19 2 0.00006200000000000
100 216 74 2 0.00015100000000000
80 1211 76 2 0.00019800000000000
80 773 54 2 0.00013500000000000
90 542 71 2 0.00013400000000000
80 1051 69 2 0.00014300000000000
100 528 33 2 0.00009000000000000
125 145 43 1 0.00014400000000000
125 290 37 2 0.00010100000000000
125 217 66 2 0.00022800000000000
125 299 109 2 0.00026800000000000
90 1474 88 2 0.00023600000000000
100 743 82 2 0.00026200000000000
90 1546 88 2 0.00037200000000000
100 1220 80 2 0.00031100000000000
125 743 35 2 0.00023800000000000
100 872 63 2 0.00017800000000000
125 789 34 2 0.00012300000000000
100 1588 84 2 0.00024800000000000
100 1008 64 2 0.00036900000000000
125 880 106 2 0.00039000000000000
150 641 31 2 0.00059400000000000
150 650 42 2 0.00066000000000000
40 68 34 2 0.00027300000000000
150 555 39 2 0.00058300000000000
125 1108 50 2 0.00064100000000000
125 909 101 2 0.00081900000000000
100 1595 97 2 0.00031300000000000
150 636 148 2 0.00097300000000000
150 703 27 2 0.00048200000000000
100 1808 95 2 0.00073800000000000
175 500 143 2 0.00099100000000000
90 89 12 2 0.00009500000000000
175 387 108 2 0.00093000000000000
60 270 31 2 0.00017000000000000
50 232 38 2 0.00014100000000000
175 738 89 2 0.00093500000000000
200 337 10 2 0.00057400000000000
175 742 23 2 0.00060100000000000
175 946 72 2 0.00085300000000000
175 1204 45 2 0.00069700000000000
175 1277 101 2 0.00101500000000000
125 2556 101 2 0.00083400000000000
175 1364 52 2 0.00071200000000000
150 2365 86 2 0.00076700000000000
225 614 219 2 0.00207800000000000
225 879 34 2 0.00064800000000000
225 1647 44 2 0.00070300000000000
200 2407 104 2 0.00109600000000000
150 3684 128 2 0.00116200000000000
150 3900 148 2 0.00121400000000000
150 3797 143 2 0.00111800000000000
250 808 22 2 0.00013300000000000
150 3914 130 2 0.00113000000000000
250 1702 127 2 0.00148800000000000
250 1816 53 2 0.00079900000000000
200 2861 180 2 0.00131300000000000
200 3509 132 2 0.00107800000000000
200 3941 105 2 0.00107500000000000
225 3951 99 2 0.00104700000000000
175 5591 154 2 0.00122200000000000
250 3568 91 2 0.00105900000000000
200 4532 123 2 0.00111600000000000
200 4650 198 2 0.00219600000000000
300 2767 60 2 0.00087700000000000
225 5084 123 2 0.00129300000000000
250 4139 111 2 0.00183700000000000
225 5407 176 2 0.00183600000000000
200 6102 198 2 0.00124700000000000
350 1015 30 2 0.00013300000000000
175 7406 173 2 0.00129000000000000
350 1117 18 2 0.00011600000000000
250 5906 133 2 0.00147000000000000
350 1784 291 2 0.00317700000000000
350 1383 177 2 0.00182500000000000
250 6196 226 2 0.00239600000000000
350 4213 246 2 0.00283900000000000
300 6022 109 2 0.00187900000000000
350 4877 85 2 0.00174100000000000
400 4635 119 2 0.00217200000000000
225 9268 218 2 0.00262300000000000
350 5857 348 2 0.00452800000000000
400 1374 42 2 0.00074400000000000
225 10214 219 2 0.00227600000000000
250 10386 204 2 0.00273100000000000
350 7288 235 2 0.00362100000000000
250 11331 220 2 0.00283200000000000
300 10086 180 2 0.00241300000000000
250 10395 237 2 0.00256800000000000
400 2419 170 2 0.00262400000000000
450 461 11 2 0.00059200000000000
450 677 20 2 0.00016600000000000
200 2250 77 2 0.00420200000000000
400 8331 130 2 0.00424000000000000
300 11225 298 2 0.00227100000000000
400 9068 130 2 0.00203600000000000
200 2885 176 2 0.00562800000000000
300 11028 258 2 0.00359300000000000
300 12098 230 2 0.00250200000000000
225 3761 110 2 0.00180100000000000
300 12421 224 2 0.00319600000000000
225 6029 131 2 0.00161000000000000
300 14102 231 2 0.00312700000000000
400 5129 75 2 0.00096400000000000
300 13379 258 2 0.00301700000000000
500 701 47 2 0.00092800000000000
400 10037 378 2 0.00585300000000000
450 794 406 2 0.00218500000000000
300 17663 280 2 0.00333900000000000
500 4390 72 2 0.00121800000000000
500 1328 14 2 0.00044600000000000
400 13467 223 2 0.00377400000000000
450 11248 151 2 0.00253200000000000
600 4413 121 2 0.00264800000000000
450 12912 216 2 0.00435700000000000
400 16704 398 2 0.00624200000000000
450 19115 217 2 0.00430400000000000
400 21719 263 2 0.00507700000000000
500 18219 207 2 0.00469600000000000
350 22689 319 2 0.00482200000000000
450 18262 427 2 0.00821500000000000
600 8191 81 2 0.00232100000000000
600 1297 25 2 0.00068800000000000
350 25955 334 2 0.00522000000000000
500 21844 237 2 0.00528000000000000
500 22729 311 2 0.00577000000000000
700 2844 73 2 0.00166600000000000
700 3345 105 2 0.00238000000000000
700 6151 56 2 0.00116600000000000
800 5106 125 2 0.00316100000000000
600 25099 270 2 0.00713100000000000
600 23515 253 2 0.00550700000000000
700 12273 698 2 0.01794700000000000
600 25276 598 2 0.01503600000000000
700 20084 172 2 0.00438600000000000
500 33990 435 2 0.00981100000000000
450 38770 411 2 0.00807800000000000
450 38202 390 2 0.00629200000000000
800 6170 45 2 0.00103800000000000
700 23238 167 2 0.00531200000000000
800 20883 633 2 0.02189500000000000
700 23347 381 2 0.01177300000000000
800 7815 705 2 0.02149900000000000
800 28428 475 2 0.01681100000000000
900 24168 154 2 0.00558400000000000
900 12877 181 2 0.00608800000000000
900 10907 328 2 0.01187000000000000
450 25627 363 2 0.03342200000000000
600 60772 522 2 0.01457500000000000
900 26529 219 2 0.00833200000000000
600 68421 507 2 0.01469900000000000
700 54356 678 2 0.02118400000000000
500 28002 334 2 0.01625500000000000
900 27963 448 2 0.01804300000000000
500 41379 496 2 0.01259300000000000
500 50995 469 2 0.01010900000000000
600 77633 598 2 0.01524700000000000
700 67675 528 2 0.01748600000000000
1000 17925 133 2 0.00408000000000000
1000 15453 622 2 0.02632300000000000
900 41079 623 2 0.02517900000000000
600 80747 590 2 0.01941500000000000
1000 20956 275 2 0.01416600000000000
700 77456 630 2 0.02300300000000000
900 93398 524 2 0.02150800000000000
1200 35395 424 2 0.02312100000000000
900 84324 492 2 0.01999200000000000
1000 64645 433 2 0.01793100000000000
1000 19765 134 2 0.01523000000000000
800 101764 611 2 0.02397100000000000
800 107138 767 2 0.02957600000000000
800 129911 756 2 0.02652100000000000
800 128162 793 2 0.02991600000000000
800 120658 675 2 0.02723200000000000
900 110544 569 2 0.02452700000000000
1400 2996 86 2 0.00289100000000000
1400 81292 464 2 0.03177700000000000
1000 129558 799 2 0.03917600000000000
1400 84920 408 2 0.02657400000000000
1000 138950 640 2 0.03255400000000000
1200 145889 679 2 0.04008500000000000
1200 125218 611 2 0.03616000000000000
1400 96447 340 2 0.02000300000000000
900 182620 884 2 0.03131600000000000
1600 21046 122 2 0.00520500000000000
1400 126111 431 2 0.02299300000000000
1200 157194 614 2 0.03541100000000000
1000 52789 750 2 0.11595300000000000
1400 136469 724 2 0.05309600000000000
1200 188814 773 2 0.04693900000000000
1600 66104 665 2 0.03960100000000000
1600 53527 549 2 0.03338500000000000
1200 175622 685 2 0.03966400000000000
1000 82790 393 2 0.04980400000000000
1200 214920 1086 2 0.06578199999999999
1200 209727 796 2 0.03958500000000000
1400 56436 805 2 0.08768200000000000
1800 109843 318 2 0.02380400000000000
1600 144396 465 2 0.03444800000000000
1200 215974 894 2 0.05585800000000000
1800 31432 90 2 0.00397400000000000
1600 127933 1144 2 0.09456600000000000
1800 20322 64 2 0.00257600000000000
2000 27872 78 2 0.00398900000000000
1800 142840 625 2 0.05659700000000000
2000 15215 124 2 0.00505100000000000
2000 78150 1096 2 0.10817300000000001
1200 326361 1162 2 0.07533500000000000
1400 302203 1002 2 0.08031700000000000
1600 243614 748 2 0.05286200000000000
2250 17380 86 2 0.00516700000000000
1600 266637 821 2 0.06797599999999999
2000 133849 566 2 0.05392100000000000
1400 360628 1226 2 0.09405200000000000
2250 86595 1128 2 0.13529700000000000
2000 236882 619 2 0.05576500000000000
2250 35300 602 2 0.06242000000000000
2250 116326 293 2 0.02447200000000000
1800 342541 966 2 0.08974400000000000
1800 327402 935 2 0.08963400000000001
1400 437283 1375 2 0.10446400000000000
2250 117930 1265 2 0.13779600000000000
1600 446706 1264 2 0.10836999999999999
1600 462454 1348 2 0.11223400000000000
2500 92857 269 2 0.02064000000000000
1600 470025 1355 2 0.11452600000000000
2500 216479 420 2 0.03163600000000000
2000 411890 953 2 0.08050599999999999
1000 233478 957 2 0.23977899999999999
2500 78369 200 2 0.01117200000000000
1800 464432 1314 2 0.12948499999999999
2500 311197 670 2 0.07555900000000000
2750 237886 428 2 0.05166500000000000
2750 204266 640 2 0.08970000000000000
2500 440806 983 2 0.13727400000000001
2000 588796 1396 2 0.16217899999999999
2000 238547 733 2 0.23446400000000001
2500 517119 2074 2 0.24115400000000001
1800 738207 1750 2 0.14337300000000000
3000 15524 265 2 0.01752900000000000
2000 699767 1922 2 0.16159599999999999
2750 210273 1700 2 0.20399600000000001
2000 799028 1984 2 0.18171000000000001
2250 692333 1838 2 0.19973800000000000
2250 632371 1260 2 0.13287900000000000
3000 213481 680 2 0.07905400000000000
2750 471252 953 2 0.15117700000000001
2500 599312 1693 2 0.23751500000000000
2250 814245 2145 2 0.23913499999999999
2750 595523 1835 2 0.25940200000000002
1800 406536 1484 2 0.37442700000000001
2750 776042 1781 2 0.26885799999999999
2750 589711 2157 2 0.31760600000000000
2250 988408 2113 2 0.25947599999999998
2750 637121 2102 2 0.28047899999999998
2500 861459 1518 2 0.19007800000000000
1800 506709 1547 2 0.33943499999999999
3000 598879 925 2 0.13784299999999999
2750 983489 2145 2 0.29299399999999998
2250 1189777 2206 2 0.26435100000000000
3000 698952 1368 2 0.20639900000000000
2500 1251763 2191 2 0.26748699999999997
2500 1438222 2344 2 0.30498500000000001
3000 972193 2642 2 0.40664099999999997
3000 964290 1524 2 0.21698999999999999
3000 1308968 2242 2 0.33711400000000002
3000 1858346 2847 2 0.40221200000000001
3000 2134794 2997 2 0.36732900000000002
2750 704981 1209 2 0.25836500000000001
3000 1352546 2747 2 0.67323200000000005
