Nodos Aristas Frontera |CMF| Segundos
3 3 2 1 0.00074800000000000
4 6 4 2 0.00000200000000000
5 9 6 2 0.00006100000000000
4 6 4 2 0.00000200000000000
3 3 2 1 0.00000200000000000
5 9 6 2 0.00000800000000000
4 6 4 2 0.00000400000000000
3 3 2 1 0.00085600000000000
3 3 2 1 0.00000300000000000
5 9 6 2 0.00000600000000000
3 3 2 1 0.00000300000000000
5 9 6 2 0.00002000000000000
4 6 4 2 0.00000200000000000
3 3 2 1 0.00000200000000000
4 6 4 2 0.00000200000000000
4 6 4 2 0.00056100000000000
4 6 4 2 0.00000100000000000
5 9 6 2 0.00000500000000000
5 9 6 2 0.00004100000000000
4 6 4 2 0.00000100000000000
6 12 8 2 0.00002000000000000
6 12 8 2 0.00001300000000000
5 9 6 2 0.00008900000000000
6 12 8 2 0.00001000000000000
7 15 10 3 0.00000800000000000
6 12 8 3 0.00001500000000000
7 15 10 2 0.00000800000000000
6 12 8 3 0.00001500000000000
4 6 4 2 0.00000200000000000
6 12 8 2 0.00001300000000000
5 9 6 2 0.00001400000000000
7 15 10 3 0.00001100000000000
4 6 4 2 0.00000300000000000
7 15 10 3 0.00000900000000000
3 3 2 1 0.00000100000000000
6 12 8 2 0.00001500000000000
6 12 8 2 0.00001600000000000
8 18 12 3 0.00000900000000000
5 9 6 2 0.00001900000000000
8 18 12 3 0.00001000000000000
5 9 6 2 0.00002000000000000
8 18 10 3 0.00001600000000000
8 18 12 3 0.00001000000000000
9 21 14 3 0.00001700000000000
8 18 12 3 0.00001000000000000
9 21 13 3 0.00001600000000000
9 21 13 3 0.00001300000000000
6 12 8 3 0.00001400000000000
7 15 10 2 0.00001100000000000
6 12 8 2 0.00001400000000000
7 15 10 3 0.00001200000000000
9 21 13 3 0.00001400000000000
8 18 12 3 0.00001200000000000
9 21 13 3 0.00001700000000000
3 3 2 1 0.00000200000000000
9 21 13 3 0.00001100000000000
7 15 10 3 0.00001000000000000
9 21 13 3 0.00001400000000000
10 24 15 3 0.00003200000000000
9 21 14 3 0.00002200000000000
10 24 14 3 0.00003200000000000
10 24 15 3 0.00001900000000000
8 18 12 3 0.00001100000000000
10 24 15 3 0.00002200000000000
11 27 15 3 0.00003100000000000
10 24 15 3 0.00002600000000000
11 27 16 3 0.00002300000000000
9 21 13 3 0.00001300000000000
11 27 16 3 0.00002200000000000
10 24 15 3 0.00001900000000000
8 18 12 3 0.00001300000000000
11 27 17 3 0.00002800000000000
9 21 14 3 0.00001600000000000
11 27 17 3 0.00001900000000000
12 30 13 3 0.00002400000000000
11 27 16 4 0.00002300000000000
12 30 18 3 0.00002100000000000
7 15 10 2 0.00001000000000000
12 30 16 3 0.00002000000000000
12 30 17 3 0.00003000000000000
12 30 19 3 0.00001900000000000
11 27 16 3 0.00003600000000000
13 33 18 3 0.00002300000000000
12 30 16 3 0.00002200000000000
11 27 15 3 0.00001600000000000
3 3 2 1 0.00000200000000000
7 15 10 3 0.00001000000000000
10 24 14 3 0.00002300000000000
13 33 19 3 0.00002600000000000
13 33 20 3 0.00003600000000000
11 27 17 3 0.00002600000000000
12 30 19 4 0.00002500000000000
13 33 20 4 0.00002500000000000
8 18 12 3 0.00001700000000000
13 33 20 4 0.00002200000000000
13 33 19 3 0.00002700000000000
10 24 15 3 0.00002400000000000
14 36 21 3 0.00002800000000000
13 33 19 3 0.00002100000000000
13 33 16 3 0.00002600000000000
14 36 20 3 0.00003400000000000
14 36 19 3 0.00002200000000000
14 36 21 3 0.00003600000000000
12 30 17 3 0.00002300000000000
14 36 14 3 0.00002300000000000
15 39 22 4 0.00004000000000000
15 39 21 3 0.00003300000000000
14 36 23 4 0.00003100000000000
14 36 20 3 0.00003600000000000
15 39 21 3 0.00004500000000000
15 39 19 3 0.00003400000000000
14 36 18 3 0.00003700000000000
15 39 22 3 0.00004100000000000
3 3 2 1 0.00000200000000000
16 42 24 3 0.00004700000000000
15 39 22 4 0.00003800000000000
8 18 12 3 0.00001500000000000
16 42 21 4 0.00002400000000000
15 39 20 3 0.00004500000000000
16 42 22 3 0.00004600000000000
12 30 17 3 0.00002100000000000
12 30 17 4 0.00002300000000000
16 42 21 3 0.00005200000000000
16 42 21 3 0.00003100000000000
16 42 20 3 0.00004100000000000
16 42 17 3 0.00002200000000000
11 27 16 3 0.00002400000000000
17 45 21 3 0.00003500000000000
17 45 20 3 0.00004600000000000
17 45 22 3 0.00004000000000000
13 33 18 3 0.00002500000000000
17 45 19 3 0.00003100000000000
16 42 21 3 0.00003200000000000
16 42 23 3 0.00004300000000000
18 48 25 3 0.00004600000000000
17 45 25 4 0.00005900000000000
18 48 22 4 0.00004700000000000
7 15 10 3 0.00001000000000000
18 48 29 4 0.00004500000000000
18 48 27 4 0.00004600000000000
18 48 23 3 0.00004500000000000
15 39 20 3 0.00012100000000000
17 45 24 3 0.00003400000000000
18 48 24 3 0.00003800000000000
18 48 23 3 0.00005400000000000
19 51 23 4 0.00003900000000000
15 39 19 3 0.00004600000000000
15 39 18 3 0.00007200000000000
19 51 24 3 0.00005100000000000
19 51 25 4 0.00005000000000000
19 51 25 3 0.00005300000000000
19 51 22 3 0.00004000000000000
19 51 24 3 0.00006500000000000
19 51 24 3 0.00004300000000000
19 51 25 4 0.00005500000000000
17 45 23 4 0.00003100000000000
14 36 21 3 0.00003900000000000
20 54 22 3 0.00005100000000000
14 36 21 4 0.00013700000000000
20 54 25 4 0.00004600000000000
18 48 24 3 0.00004700000000000
20 54 31 4 0.00004900000000000
20 54 27 4 0.00003800000000000
20 54 22 3 0.00004800000000000
18 48 28 3 0.00006100000000000
21 57 25 3 0.00006400000000000
21 57 20 3 0.00004900000000000
20 54 28 4 0.00004700000000000
20 54 31 4 0.00006200000000000
10 24 15 3 0.00003700000000000
18 48 23 3 0.00006100000000000
19 51 25 4 0.00020700000000000
20 54 21 4 0.00005000000000000
17 45 19 3 0.00003800000000000
13 33 17 3 0.00003100000000000
21 57 29 3 0.00006000000000000
17 45 27 4 0.00004500000000000
10 24 15 3 0.00002200000000000
16 42 20 4 0.00003200000000000
22 60 25 4 0.00005600000000000
21 57 22 3 0.00004900000000000
22 60 30 4 0.00005700000000000
21 57 27 3 0.00006900000000000
22 60 19 4 0.00006000000000000
22 60 29 4 0.00006600000000000
22 60 27 4 0.00007900000000000
21 57 25 3 0.00004300000000000
20 54 24 3 0.00004300000000000
23 63 22 3 0.00006100000000000
23 63 24 3 0.00006700000000000
19 51 28 3 0.00007700000000000
21 57 24 3 0.00007700000000000
21 57 26 4 0.00004100000000000
21 57 29 4 0.00004500000000000
22 60 28 4 0.00006500000000000
20 54 27 4 0.00028000000000000
22 60 28 3 0.00004600000000000
23 63 25 3 0.00008100000000000
24 66 25 3 0.00005800000000000
21 57 24 3 0.00007600000000000
22 60 34 4 0.00006000000000000
17 45 24 4 0.00003900000000000
24 66 30 4 0.00006000000000000
23 63 30 4 0.00006000000000000
24 66 30 4 0.00007200000000000
23 63 30 4 0.00005200000000000
25 69 24 3 0.00005800000000000
24 66 33 4 0.00007100000000000
25 69 27 3 0.00006200000000000
24 66 25 4 0.00005300000000000
25 69 23 3 0.00005600000000000
24 66 26 3 0.00011500000000000
24 66 19 4 0.00007000000000000
24 66 31 3 0.00010300000000000
23 63 32 3 0.00008900000000000
25 69 22 3 0.00005500000000000
25 69 32 4 0.00008400000000000
25 69 32 3 0.00006900000000000
26 72 29 3 0.00007100000000000
25 69 27 4 0.00007500000000000
26 72 28 4 0.00004800000000000
23 63 32 4 0.00007600000000000
25 69 24 3 0.00007600000000000
25 69 30 4 0.00007300000000000
24 66 27 4 0.00005500000000000
26 72 22 3 0.00008300000000000
25 69 25 3 0.00006700000000000
26 72 24 3 0.00006900000000000
26 72 35 4 0.00006500000000000
27 75 34 4 0.00006800000000000
26 72 37 4 0.00008400000000000
27 75 30 4 0.00006400000000000
27 75 38 4 0.00006700000000000
26 72 33 3 0.00008500000000000
26 72 31 4 0.00008500000000000
27 75 29 4 0.00008100000000000
23 63 25 3 0.00006800000000000
28 78 24 3 0.00008400000000000
28 78 25 3 0.00007400000000000
28 78 26 4 0.00007500000000000
26 72 20 3 0.00007300000000000
28 78 28 3 0.00007000000000000
27 75 28 3 0.00009700000000000
28 78 26 3 0.00006000000000000
28 78 27 3 0.00008400000000000
27 75 36 4 0.00007800000000000
28 78 31 4 0.00008100000000000
27 75 26 4 0.00007900000000000
29 81 22 3 0.00005900000000000
23 63 20 3 0.00023600000000000
28 78 29 3 0.00007400000000000
23 63 34 4 0.00009300000000000
26 72 33 4 0.00011200000000000
27 75 32 4 0.00008900000000000
24 66 26 4 0.00007700000000000
29 81 29 3 0.00010700000000000
29 81 35 3 0.00006900000000000
30 84 27 3 0.00009700000000000
29 81 34 4 0.00008200000000000
29 81 37 3 0.00009600000000000
30 84 27 3 0.00007500000000000
28 78 28 3 0.00009500000000000
29 81 36 4 0.00009600000000000
29 81 32 4 0.00009200000000000
30 84 25 3 0.00011700000000000
28 78 38 3 0.00015000000000000
27 75 24 3 0.00008400000000000
30 84 36 3 0.00012600000000000
29 81 33 3 0.00010300000000000
29 81 32 4 0.00009100000000000
30 84 39 4 0.00011100000000000
31 87 36 4 0.00008500000000000
31 87 37 3 0.00010300000000000
31 87 30 4 0.00013300000000000
31 87 31 3 0.00011400000000000
22 60 27 4 0.00018200000000000
29 81 16 3 0.00006500000000000
31 87 33 4 0.00009600000000000
30 84 32 3 0.00010400000000000
30 84 30 4 0.00013900000000000
31 87 30 4 0.00007400000000000
30 84 31 3 0.00013000000000000
32 90 32 4 0.00008600000000000
32 90 30 4 0.00010400000000000
30 84 25 3 0.00009200000000000
22 60 31 4 0.00006100000000000
32 90 24 3 0.00006100000000000
31 87 32 3 0.00013700000000000
31 87 29 4 0.00010000000000000
32 90 20 3 0.00008400000000000
31 87 29 3 0.00012500000000000
33 93 28 3 0.00010400000000000
27 75 31 4 0.00008100000000000
32 90 26 4 0.00008100000000000
32 90 33 4 0.00011600000000000
32 90 31 3 0.00010600000000000
33 93 31 3 0.00015600000000000
33 93 35 3 0.00016200000000000
33 93 31 4 0.00008900000000000
33 93 41 4 0.00012700000000000
32 90 31 4 0.00012000000000000
33 93 34 4 0.00009200000000000
33 93 33 4 0.00013100000000000
33 93 33 3 0.00012700000000000
34 96 21 3 0.00008000000000000
32 90 35 4 0.00008200000000000
33 93 32 4 0.00010800000000000
34 96 34 4 0.00008700000000000
34 96 33 3 0.00009600000000000
34 96 31 3 0.00009200000000000
34 96 34 4 0.00010400000000000
33 93 39 4 0.00018400000000000
34 96 27 3 0.00016100000000000
34 96 24 3 0.00009300000000000
34 96 33 4 0.00010200000000000
34 96 24 3 0.00014500000000000
35 99 22 4 0.00010700000000000
35 99 33 3 0.00015800000000000
35 99 33 3 0.00012900000000000
35 99 31 3 0.00013100000000000
36 102 29 3 0.00010500000000000
36 102 25 3 0.00009700000000000
35 99 31 3 0.00018200000000000
36 102 36 4 0.00009200000000000
32 90 37 4 0.00011300000000000
36 102 27 3 0.00013400000000000
36 102 40 4 0.00010900000000000
35 99 31 4 0.00011900000000000
35 99 28 3 0.00016000000000000
36 102 39 3 0.00013900000000000
34 96 34 3 0.00011600000000000
37 105 22 3 0.00011200000000000
37 105 30 4 0.00011000000000000
37 105 34 4 0.00009300000000000
36 102 37 3 0.00017700000000000
37 105 21 3 0.00009300000000000
36 102 21 3 0.00010400000000000
36 102 28 3 0.00018300000000000
35 99 31 3 0.00012600000000000
37 105 31 4 0.00012300000000000
37 105 36 4 0.00012500000000000
37 105 31 4 0.00012600000000000
38 108 18 3 0.00014800000000000
30 84 29 3 0.00028000000000000
37 105 37 3 0.00014400000000000
38 108 27 3 0.00013800000000000
38 108 28 3 0.00007800000000000
37 105 30 3 0.00020200000000000
38 108 32 3 0.00018500000000000
37 105 33 3 0.00021000000000000
38 108 32 4 0.00010900000000000
38 108 34 3 0.00017800000000000
31 87 30 3 0.00038900000000000
38 108 30 3 0.00013500000000000
39 111 31 4 0.00011900000000000
38 108 37 4 0.00012700000000000
39 111 26 4 0.00015700000000000
39 111 39 4 0.00012200000000000
39 111 37 4 0.00015000000000000
39 111 31 3 0.00011700000000000
39 111 33 4 0.00010700000000000
39 111 31 4 0.00009400000000000
40 114 28 3 0.00012800000000000
39 111 40 4 0.00013700000000000
39 111 23 3 0.00016800000000000
38 108 36 4 0.00014500000000000
40 114 37 3 0.00012400000000000
38 108 41 4 0.00012300000000000
40 114 41 4 0.00009400000000000
39 111 41 4 0.00013700000000000
40 114 41 4 0.00013000000000000
40 114 31 3 0.00016200000000000
40 114 32 4 0.00018800000000000
36 102 42 4 0.00016400000000000
40 114 29 4 0.00010800000000000
41 117 29 4 0.00011500000000000
40 114 28 3 0.00019500000000000
40 114 37 4 0.00014400000000000
41 117 42 4 0.00017700000000000
41 117 30 3 0.00022600000000000
41 117 27 3 0.00012500000000000
41 117 25 3 0.00013400000000000
42 120 33 4 0.00010600000000000
41 117 34 3 0.00013500000000000
41 117 36 4 0.00009000000000000
41 117 35 3 0.00021900000000000
35 99 40 3 0.00057000000000000
42 120 30 3 0.00012300000000000
35 99 37 4 0.00015900000000000
42 120 32 3 0.00021400000000000
41 117 40 3 0.00024000000000000
42 120 40 4 0.00020100000000000
42 120 32 3 0.00015600000000000
42 120 50 4 0.00018000000000000
42 120 40 3 0.00016600000000000
42 120 30 3 0.00018700000000000
43 123 27 4 0.00010000000000000
43 123 35 4 0.00015500000000000
43 123 40 4 0.00017400000000000
43 123 28 4 0.00014300000000000
43 123 29 3 0.00013600000000000
44 126 37 3 0.00012100000000000
42 120 30 3 0.00024600000000000
42 120 25 3 0.00014800000000000
43 123 46 4 0.00018400000000000
43 123 30 3 0.00019900000000000
44 126 41 4 0.00017000000000000
43 123 41 4 0.00018200000000000
43 123 24 3 0.00018000000000000
43 123 29 4 0.00017300000000000
44 126 32 3 0.00010700000000000
44 126 40 3 0.00020800000000000
44 126 35 4 0.00015500000000000
44 126 20 3 0.00009500000000000
45 129 32 3 0.00012700000000000
44 126 24 3 0.00015700000000000
44 126 29 3 0.00019700000000000
44 126 28 4 0.00018100000000000
45 129 40 4 0.00015700000000000
45 129 28 3 0.00012300000000000
45 129 28 4 0.00012700000000000
45 129 36 4 0.00015900000000000
44 126 22 4 0.00019700000000000
45 129 31 4 0.00015800000000000
45 129 29 4 0.00014100000000000
45 129 35 4 0.00019400000000000
46 132 37 4 0.00017600000000000
46 132 35 3 0.00018500000000000
46 132 34 4 0.00019200000000000
45 129 35 3 0.00023400000000000
46 132 42 4 0.00016900000000000
47 135 30 4 0.00013000000000000
46 132 36 4 0.00011700000000000
46 132 42 4 0.00016400000000000
46 132 39 3 0.00014400000000000
46 132 37 3 0.00021800000000000
46 132 39 3 0.00023900000000000
47 135 24 3 0.00015300000000000
47 135 29 4 0.00013900000000000
47 135 33 4 0.00015300000000000
47 135 47 4 0.00016800000000000
46 132 29 3 0.00024000000000000
47 135 33 4 0.00013200000000000
47 135 39 4 0.00021800000000000
47 135 32 3 0.00019900000000000
48 138 22 3 0.00013200000000000
48 138 29 3 0.00019700000000000
47 135 36 3 0.00026100000000000
48 138 42 4 0.00015800000000000
48 138 25 3 0.00020400000000000
47 135 49 4 0.00029400000000000
48 138 32 3 0.00027100000000000
48 138 39 3 0.00018100000000000
48 138 29 3 0.00015900000000000
49 141 31 3 0.00014400000000000
49 141 28 3 0.00018300000000000
48 138 35 3 0.00016800000000000
48 138 32 3 0.00018300000000000
49 141 36 4 0.00013800000000000
49 141 36 3 0.00027300000000000
49 141 43 3 0.00025400000000000
48 138 43 3 0.00028800000000000
49 141 32 3 0.00018800000000000
49 141 37 3 0.00019100000000000
49 141 35 4 0.00019300000000000
49 141 41 4 0.00024100000000000
50 144 38 3 0.00021100000000000
50 144 43 4 0.00020300000000000
50 144 39 3 0.00017600000000000
49 141 41 3 0.00039800000000000
50 144 47 3 0.00020800000000000
50 144 40 3 0.00027500000000000
55 159 36 4 0.00013100000000000
50 144 40 4 0.00022800000000000
50 144 27 3 0.00024100000000000
50 144 33 3 0.00024800000000000
50 144 27 3 0.00021600000000000
55 159 46 4 0.00026500000000000
50 144 39 3 0.00029500000000000
55 159 40 4 0.00028600000000000
55 159 28 4 0.00019700000000000
60 174 29 3 0.00017500000000000
55 159 45 4 0.00034000000000000
55 159 34 3 0.00024100000000000
55 159 32 3 0.00026600000000000
40 114 31 4 0.00042600000000000
60 174 43 4 0.00023200000000000
55 159 34 3 0.00039100000000000
60 174 36 3 0.00029300000000000
60 174 45 4 0.00022700000000000
60 174 25 3 0.00022800000000000
55 159 36 3 0.00039600000000000
55 159 44 4 0.00026000000000000
60 174 44 4 0.00032800000000000
41 117 32 3 0.00037700000000000
60 174 39 3 0.00022200000000000
60 174 36 3 0.00040900000000000
60 174 43 3 0.00037900000000000
65 189 25 3 0.00028000000000000
65 189 42 3 0.00028400000000000
65 189 45 3 0.00023800000000000
65 189 38 3 0.00032700000000000
65 189 44 3 0.00035600000000000
60 174 38 3 0.00037600000000000
65 189 32 3 0.00022800000000000
65 189 40 3 0.00040600000000000
70 204 38 4 0.00023000000000000
65 189 34 3 0.00033800000000000
65 189 58 4 0.00037700000000000
65 189 33 3 0.00029000000000000
70 204 37 3 0.00042000000000000
70 204 40 3 0.00037500000000000
70 204 43 4 0.00031800000000000
70 204 46 4 0.00028800000000000
75 219 28 3 0.00022900000000000
70 204 41 4 0.00027700000000000
70 204 53 3 0.00046100000000000
75 219 42 4 0.00039400000000000
70 204 50 4 0.00036400000000000
70 204 45 4 0.00041400000000000
75 219 33 3 0.00031000000000000
75 219 30 3 0.00031300000000000
75 219 53 4 0.00029200000000000
75 219 38 3 0.00027500000000000
70 204 33 3 0.00050400000000000
75 219 49 4 0.00037000000000000
75 219 27 3 0.00036500000000000
75 219 46 3 0.00045900000000000
80 234 30 3 0.00039900000000000
80 234 25 3 0.00028000000000000
80 234 31 3 0.00045300000000000
80 234 36 3 0.00043000000000000
80 234 54 4 0.00051900000000000
80 234 38 4 0.00040200000000000
45 129 37 3 0.00106000000000000
85 249 32 4 0.00037600000000000
80 234 31 3 0.00060200000000000
80 234 42 4 0.00037800000000000
80 234 43 3 0.00046200000000000
85 249 49 3 0.00052900000000000
85 249 46 3 0.00029100000000000
85 249 35 3 0.00053900000000000
85 249 35 4 0.00044400000000000
85 249 51 4 0.00056700000000000
85 249 32 3 0.00038400000000000
90 264 29 4 0.00041400000000000
90 264 33 3 0.00041300000000000
90 264 20 4 0.00032300000000000
85 249 36 3 0.00049800000000000
85 249 41 3 0.00057700000000000
85 249 47 4 0.00061500000000000
90 264 53 4 0.00044800000000000
90 264 55 4 0.00058600000000000
90 264 36 3 0.00054700000000000
90 264 33 3 0.00063700000000000
95 279 26 3 0.00045100000000000
90 264 44 4 0.00049600000000000
90 264 38 3 0.00054400000000000
90 264 42 3 0.00060700000000000
95 279 25 3 0.00041300000000000
95 279 37 3 0.00050800000000000
95 279 31 3 0.00051400000000000
100 294 34 4 0.00031100000000000
95 279 33 3 0.00049700000000000
95 279 43 4 0.00055400000000000
100 294 51 4 0.00043700000000000
95 279 46 3 0.00074700000000000
100 294 36 3 0.00057900000000000
100 294 44 4 0.00040400000000000
100 294 55 4 0.00048000000000000
95 279 48 3 0.00102500000000000
100 294 34 3 0.00061100000000000
95 279 37 3 0.00084200000000000
100 294 19 3 0.00053400000000000
110 324 47 4 0.00050400000000000
100 294 49 3 0.00064500000000000
100 294 34 3 0.00079300000000000
110 324 43 4 0.00062700000000000
110 324 39 3 0.00050700000000000
100 294 40 3 0.00071700000000000
120 354 23 3 0.00031100000000000
110 324 22 3 0.00042600000000000
110 324 51 3 0.00074600000000000
110 324 36 3 0.00083100000000000
110 324 40 3 0.00056500000000000
110 324 54 4 0.00073000000000000
110 324 58 3 0.00083500000000000
120 354 45 3 0.00051400000000000
120 354 32 4 0.00046900000000000
120 354 31 4 0.00051300000000000
120 354 34 3 0.00069700000000000
120 354 32 3 0.00084000000000000
75 219 37 4 0.00124800000000000
130 384 16 3 0.00041000000000000
120 354 39 3 0.00068700000000000
120 354 45 3 0.00111600000000000
110 324 49 3 0.00119400000000000
130 384 40 4 0.00059700000000000
120 354 40 3 0.00104800000000000
120 354 39 3 0.00092700000000000
130 384 45 3 0.00079200000000000
130 384 39 3 0.00091500000000000
130 384 35 3 0.00085700000000000
80 234 39 3 0.00080800000000000
140 414 35 3 0.00076700000000000
130 384 44 3 0.00108700000000000
130 384 27 3 0.00091200000000000
130 384 66 3 0.00120400000000000
130 384 53 4 0.00100600000000000
140 414 61 3 0.00088500000000000
140 414 35 3 0.00072500000000000
150 444 37 3 0.00050300000000000
140 414 58 3 0.00104700000000000
140 414 58 4 0.00115800000000000
140 414 28 3 0.00070000000000000
130 384 52 3 0.00161300000000000
95 279 40 3 0.00164200000000000
140 414 51 3 0.00106800000000000
140 414 48 4 0.00098800000000000
140 414 36 3 0.00125000000000000
140 414 42 3 0.00143800000000000
150 444 46 3 0.00111400000000000
150 444 58 4 0.00094200000000000
150 444 60 3 0.00122700000000000
150 444 29 3 0.00107800000000000
160 474 42 4 0.00096500000000000
150 444 43 4 0.00108800000000000
150 444 46 3 0.00163500000000000
150 444 39 3 0.00156600000000000
150 444 42 3 0.00141400000000000
160 474 37 3 0.00133800000000000
160 474 41 4 0.00115800000000000
160 474 46 4 0.00120800000000000
160 474 39 3 0.00184000000000000
160 474 51 3 0.00161100000000000
160 474 34 3 0.00180000000000000
170 504 34 3 0.00109000000000000
170 504 66 4 0.00078100000000000
160 474 63 3 0.00217500000000000
170 504 41 3 0.00100000000000000
170 504 50 3 0.00088300000000000
170 504 65 4 0.00107800000000000
170 504 55 4 0.00099400000000000
170 504 35 3 0.00141900000000000
170 504 37 3 0.00171900000000000
170 504 47 3 0.00208700000000000
180 534 44 3 0.00153900000000000
160 474 51 3 0.00295400000000000
180 534 50 4 0.00151500000000000
180 534 48 4 0.00179400000000000
180 534 44 3 0.00164700000000000
180 534 52 4 0.00208300000000000
180 534 53 3 0.00185900000000000
180 534 25 3 0.00125300000000000
190 564 36 3 0.00090100000000000
180 534 53 3 0.00236500000000000
180 534 39 3 0.00158400000000000
180 534 49 3 0.00172100000000000
190 564 43 3 0.00142300000000000
190 564 45 3 0.00149500000000000
190 564 53 3 0.00186200000000000
190 564 60 3 0.00203500000000000
190 564 35 3 0.00182300000000000
200 594 34 4 0.00096000000000000
190 564 34 3 0.00163800000000000
190 564 46 3 0.00181200000000000
190 564 41 3 0.00209400000000000
200 594 62 4 0.00156700000000000
200 594 40 3 0.00138300000000000
190 564 49 3 0.00312900000000000
200 594 46 3 0.00124900000000000
200 594 37 3 0.00100500000000000
200 594 53 4 0.00205800000000000
200 594 43 4 0.00214600000000000
200 594 44 3 0.00222900000000000
200 594 49 3 0.00233800000000000
200 594 53 3 0.00293400000000000
225 669 41 3 0.00186300000000000
225 669 40 3 0.00205600000000000
225 669 53 4 0.00148800000000000
225 669 53 3 0.00238600000000000
225 669 46 3 0.00253600000000000
225 669 33 3 0.00245800000000000
225 669 40 3 0.00220900000000000
160 474 35 4 0.00112300000000000
225 669 40 3 0.00229600000000000
170 504 32 3 0.00199100000000000
150 444 62 4 0.00330400000000000
250 744 27 3 0.00174200000000000
225 669 54 3 0.00276400000000000
225 669 80 3 0.00400400000000000
250 744 67 4 0.00252700000000000
250 744 36 3 0.00225000000000000
250 744 49 3 0.00239100000000000
250 744 33 3 0.00183700000000000
250 744 51 3 0.00258800000000000
250 744 39 3 0.00294100000000000
250 744 55 3 0.00230600000000000
250 744 64 3 0.00370600000000000
250 744 38 3 0.00339400000000000
275 819 49 4 0.00179100000000000
275 819 39 4 0.00155800000000000
275 819 52 4 0.00199900000000000
275 819 51 3 0.00349000000000000
275 819 58 3 0.00364800000000000
275 819 46 4 0.00195600000000000
275 819 31 3 0.00264200000000000
275 819 56 3 0.00338200000000000
275 819 32 3 0.00226600000000000
300 894 68 4 0.00280100000000000
300 894 60 4 0.00314000000000000
275 819 57 3 0.00567500000000000
300 894 30 3 0.00322600000000000
300 894 50 4 0.00250000000000000
300 894 67 3 0.00487300000000000
300 894 62 4 0.00369500000000000
300 894 51 3 0.00495000000000000
325 969 47 3 0.00356900000000000
325 969 69 4 0.00301100000000000
325 969 44 4 0.00279900000000000
325 969 46 4 0.00272500000000000
325 969 51 3 0.00363000000000000
325 969 47 3 0.00412900000000000
325 969 55 3 0.00541800000000000
325 969 42 3 0.00425300000000000
325 969 55 3 0.00463800000000000
325 969 70 3 0.00532300000000000
350 1044 43 3 0.00381500000000000
350 1044 33 3 0.00388900000000000
350 1044 44 3 0.00448300000000000
350 1044 52 3 0.00379400000000000
350 1044 40 3 0.00349900000000000
350 1044 62 3 0.00387800000000000
350 1044 56 3 0.00477200000000000
350 1044 36 3 0.00347500000000000
350 1044 73 3 0.00596100000000000
350 1044 42 3 0.00499200000000000
375 1119 47 3 0.00344100000000000
375 1119 54 3 0.00366000000000000
375 1119 49 4 0.00330700000000000
375 1119 55 4 0.00260600000000000
375 1119 77 4 0.00301400000000000
375 1119 71 4 0.00288000000000000
375 1119 49 3 0.00468700000000000
375 1119 51 3 0.00597000000000000
400 1194 65 4 0.00329800000000000
375 1119 60 3 0.00573500000000000
375 1119 45 3 0.00481200000000000
400 1194 49 3 0.00452500000000000
400 1194 48 3 0.00425900000000000
400 1194 48 4 0.00278000000000000
400 1194 46 3 0.00527500000000000
400 1194 55 3 0.00422100000000000
400 1194 76 3 0.00668000000000000
400 1194 57 3 0.00563600000000000
400 1194 42 3 0.00511600000000000
425 1269 44 3 0.00290200000000000
425 1269 47 4 0.00354000000000000
425 1269 27 3 0.00411100000000000
425 1269 59 3 0.00535800000000000
425 1269 42 3 0.00460500000000000
400 1194 60 3 0.00676000000000000
425 1269 63 3 0.00572600000000000
425 1269 28 3 0.00448800000000000
425 1269 70 3 0.00530800000000000
425 1269 46 3 0.00525900000000000
450 1344 49 4 0.00340300000000000
450 1344 29 3 0.00367600000000000
450 1344 65 3 0.00412000000000000
425 1269 50 3 0.00690200000000000
300 894 63 3 0.00749800000000000
300 894 65 3 0.00755300000000000
300 894 47 3 0.00861900000000000
450 1344 58 4 0.00365100000000000
450 1344 46 3 0.00534000000000000
450 1344 50 3 0.00614500000000000
450 1344 55 3 0.00614200000000000
450 1344 50 3 0.00690600000000000
475 1419 39 3 0.00361600000000000
475 1419 57 3 0.00538800000000000
500 1494 40 4 0.00282400000000000
475 1419 45 3 0.00675600000000000
500 1494 68 4 0.00396300000000000
450 1344 45 3 0.00738200000000000
450 1344 57 3 0.00804000000000000
475 1419 51 4 0.00412100000000000
475 1419 31 3 0.00420600000000000
475 1419 49 3 0.00643100000000000
475 1419 43 3 0.00712100000000000
500 1494 52 3 0.00511400000000000
475 1419 47 3 0.00730600000000000
475 1419 61 3 0.00762700000000000
500 1494 75 4 0.00545300000000000
475 1419 58 3 0.00789600000000000
500 1494 38 3 0.00610400000000000
550 1644 66 4 0.00449800000000000
500 1494 45 3 0.00653500000000000
550 1644 50 3 0.00720900000000000
500 1494 69 3 0.00983700000000000
550 1644 44 4 0.00355100000000000
550 1644 65 4 0.00652900000000000
550 1644 35 3 0.00387900000000000
500 1494 84 3 0.01234000000000000
550 1644 58 3 0.01012700000000000
550 1644 53 3 0.00771400000000000
550 1644 52 3 0.00934000000000000
600 1794 56 3 0.00745300000000000
550 1644 66 3 0.01681500000000000
600 1794 53 3 0.00836200000000000
600 1794 50 3 0.00952200000000000
600 1794 36 3 0.00817000000000000
650 1944 60 3 0.00336500000000000
600 1794 58 3 0.00855400000000000
600 1794 60 3 0.01030000000000000
600 1794 40 3 0.00740700000000000
600 1794 47 3 0.00912900000000000
600 1794 41 3 0.00922100000000000
600 1794 47 3 0.00940000000000000
650 1944 45 3 0.00811700000000000
650 1944 67 3 0.00562800000000000
650 1944 43 3 0.00737700000000000
650 1944 53 3 0.00558300000000000
650 1944 59 3 0.00714100000000000
650 1944 55 3 0.00800100000000000
650 1944 49 3 0.00959600000000000
650 1944 45 3 0.01106600000000000
700 2094 68 4 0.00663300000000000
700 2094 40 3 0.00765200000000000
650 1944 69 3 0.01154500000000000
700 2094 37 3 0.00744000000000000
700 2094 57 4 0.00581600000000000
700 2094 51 3 0.01136600000000000
700 2094 66 3 0.00785800000000000
700 2094 68 3 0.01157800000000000
700 2094 45 3 0.01248500000000000
750 2244 52 3 0.00748100000000000
700 2094 50 4 0.01275000000000000
750 2244 44 3 0.00771400000000000
700 2094 66 3 0.01765400000000000
500 1494 37 3 0.01429400000000000
750 2244 65 3 0.01016600000000000
750 2244 37 3 0.01251700000000000
750 2244 40 3 0.01272500000000000
550 1644 87 4 0.01368100000000000
500 1494 41 3 0.01704200000000000
800 2394 54 3 0.00870000000000000
750 2244 79 3 0.01346500000000000
750 2244 63 3 0.01595200000000000
750 2244 65 3 0.01597100000000000
750 2244 62 3 0.01490600000000000
800 2394 37 3 0.00727400000000000
750 2244 49 3 0.01765200000000000
800 2394 53 3 0.00921100000000000
800 2394 84 3 0.01703900000000000
800 2394 77 4 0.00757600000000000
800 2394 60 3 0.00912800000000000
800 2394 42 3 0.01200600000000000
800 2394 73 3 0.01163800000000000
850 2544 37 3 0.00692700000000000
800 2394 78 3 0.01577200000000000
850 2544 48 3 0.01225000000000000
800 2394 57 3 0.01599200000000000
850 2544 57 3 0.01265400000000000
850 2544 58 3 0.01541500000000000
850 2544 59 3 0.01119500000000000
850 2544 59 3 0.01666800000000000
850 2544 49 3 0.01588400000000000
900 2694 81 3 0.00664500000000000
900 2694 54 3 0.01134500000000000
850 2544 82 3 0.01834100000000000
950 2844 41 3 0.00556400000000000
900 2694 54 3 0.01116100000000000
900 2694 47 3 0.01277400000000000
900 2694 62 3 0.01216400000000000
900 2694 54 3 0.01719900000000000
950 2844 64 4 0.00580200000000000
900 2694 62 3 0.01946900000000000
900 2694 66 3 0.01853300000000000
950 2844 78 3 0.01485800000000000
950 2844 53 3 0.01458800000000000
950 2844 59 3 0.01281700000000000
900 2694 69 3 0.02182700000000000
950 2844 62 3 0.01292400000000000
950 2844 67 3 0.01846200000000000
950 2844 50 3 0.01461500000000000
950 2844 67 3 0.01810600000000000
1000 2994 59 3 0.01097800000000000
1000 2994 71 4 0.00751600000000000
1000 2994 63 3 0.01341600000000000
1000 2994 53 3 0.01022900000000000
950 2844 63 3 0.01709400000000000
1000 2994 53 3 0.01484000000000000
1000 2994 94 4 0.01236900000000000
1000 2994 55 3 0.01859300000000000
1000 2994 64 3 0.01762300000000000
1000 2994 70 3 0.01623400000000000
1000 2994 68 3 0.02151800000000000
1100 3294 63 4 0.01188400000000000
850 2544 45 3 0.01244800000000000
1100 3294 43 3 0.01484800000000000
1100 3294 48 3 0.01766700000000000
1100 3294 67 3 0.02041400000000000
1100 3294 76 3 0.01432600000000000
1100 3294 61 3 0.01820800000000000
1100 3294 54 3 0.02665900000000000
1100 3294 59 3 0.02179500000000000
1100 3294 66 3 0.02411500000000000
850 2544 63 3 0.02589700000000000
1100 3294 69 3 0.02452600000000000
1200 3594 52 3 0.00850200000000000
900 2694 62 3 0.03262500000000000
1200 3594 47 4 0.01235200000000000
1200 3594 71 3 0.02425000000000000
1200 3594 59 3 0.01660500000000000
1200 3594 62 3 0.02289000000000000
1200 3594 64 3 0.02179700000000000
1200 3594 70 3 0.02096600000000000
1200 3594 68 3 0.02444100000000000
1200 3594 57 3 0.02349400000000000
1200 3594 58 3 0.02290500000000000
1300 3894 51 3 0.01620500000000000
1300 3894 39 3 0.01822200000000000
1300 3894 62 3 0.01460400000000000
1300 3894 35 3 0.02210600000000000
1300 3894 50 3 0.02509900000000000
1300 3894 53 3 0.02171000000000000
1300 3894 75 3 0.02253300000000000
1300 3894 62 3 0.02720700000000000
1300 3894 62 3 0.03601400000000000
1400 4194 57 4 0.01181600000000000
1400 4194 39 3 0.01134900000000000
1400 4194 50 3 0.02008900000000000
1400 4194 65 3 0.02400000000000000
1400 4194 54 3 0.02103700000000000
1400 4194 53 3 0.02656200000000000
1400 4194 63 3 0.03919400000000000
1400 4194 73 3 0.03253500000000000
1500 4494 55 3 0.02966000000000000
1500 4494 58 3 0.02142700000000000
1500 4494 60 3 0.02507700000000000
1500 4494 52 3 0.02755300000000000
1500 4494 65 3 0.02218000000000000
1500 4494 73 4 0.01475200000000000
1500 4494 40 3 0.01761400000000000
1400 4194 36 3 0.02651400000000000
1500 4494 86 3 0.02990600000000000
1500 4494 93 3 0.04311500000000000
1500 4494 70 3 0.04202500000000000
1600 4794 66 3 0.03248000000000000
1600 4794 73 3 0.03209300000000000
1600 4794 69 3 0.02907600000000000
1600 4794 71 3 0.03055100000000000
1600 4794 52 3 0.02996300000000000
1400 4194 61 3 0.05446300000000000
1600 4794 70 3 0.02190400000000000
1600 4794 56 3 0.03662200000000000
1600 4794 51 3 0.02590000000000000
1600 4794 53 3 0.03356400000000000
1600 4794 88 3 0.02876500000000000
1700 5094 61 3 0.02063100000000000
1700 5094 72 3 0.02518500000000000
1700 5094 69 3 0.03378800000000000
1700 5094 48 3 0.03046500000000000
1700 5094 55 3 0.03730000000000000
1700 5094 71 3 0.03418600000000000
1300 3894 74 3 0.12302600000000000
1700 5094 94 3 0.04836800000000000
1800 5394 66 4 0.01590000000000000
1700 5094 75 3 0.04316900000000000
1700 5094 60 3 0.03623400000000000
1800 5394 82 3 0.02378800000000000
1800 5394 57 3 0.01533700000000000
1800 5394 41 3 0.02652100000000000
1800 5394 54 3 0.02188200000000000
1800 5394 37 3 0.03226800000000000
1800 5394 64 3 0.03894500000000000
1800 5394 48 3 0.03165900000000000
1800 5394 66 3 0.04959700000000000
1900 5694 42 3 0.02458700000000000
1800 5394 78 3 0.04676900000000000
1900 5694 44 3 0.02827000000000000
1900 5694 77 3 0.03176400000000000
1900 5694 76 3 0.03552500000000000
1900 5694 61 3 0.03771300000000000
1900 5694 62 3 0.02075900000000000
1900 5694 55 3 0.04322700000000000
1900 5694 60 3 0.04419700000000000
2000 5994 56 3 0.03171900000000000
1900 5694 99 3 0.05946100000000000
2000 5994 61 4 0.01187600000000000
2000 5994 51 3 0.02546800000000000
2000 5994 54 3 0.02868100000000000
2000 5994 55 4 0.02162600000000000
2000 5994 79 3 0.03788000000000000
2000 5994 67 3 0.03972500000000000
2000 5994 60 3 0.03443500000000000
2000 5994 48 3 0.02949800000000000
2000 5994 64 3 0.04102100000000000
1700 5094 75 3 0.18238799999999999
2250 6744 58 4 0.02166400000000000
2250 6744 41 3 0.04057800000000000
2250 6744 52 3 0.01740800000000000
2250 6744 92 4 0.04810600000000000
2250 6744 66 3 0.04725300000000000
1900 5694 86 3 0.12738500000000000
2250 6744 51 3 0.03913400000000000
2250 6744 47 3 0.04097100000000000
2250 6744 72 3 0.04062400000000000
2250 6744 62 3 0.05324000000000000
2250 6744 57 3 0.04291800000000000
2500 7494 43 3 0.02564700000000000
2500 7494 54 3 0.02632400000000000
2500 7494 63 3 0.03428200000000000
2500 7494 73 3 0.04501600000000000
2500 7494 84 4 0.02952200000000000
2500 7494 62 3 0.04558700000000000
2500 7494 69 3 0.03329200000000000
2500 7494 70 3 0.04485900000000000
2500 7494 73 3 0.03845800000000000
2500 7494 75 3 0.05288600000000000
2750 8244 78 3 0.04214900000000000
2750 8244 67 3 0.04096500000000000
2750 8244 62 3 0.03783800000000000
2750 8244 46 3 0.06019600000000000
2750 8244 74 3 0.04033200000000000
2750 8244 51 3 0.03948500000000000
2750 8244 73 3 0.06159200000000000
3000 8994 78 4 0.02570400000000000
2750 8244 104 3 0.07255300000000001
3000 8994 96 3 0.05222400000000000
3000 8994 69 3 0.05443600000000000
3000 8994 46 3 0.04955500000000000
3000 8994 81 3 0.03880800000000000
3000 8994 63 3 0.06152600000000000
2750 8244 72 3 0.12355500000000000
3000 8994 57 3 0.05121100000000000
2750 8244 64 3 0.05611900000000000
3000 8994 77 3 0.06102000000000000
3000 8994 80 3 0.07778300000000000
3000 8994 89 3 0.08982500000000000
