Nodos Aristas Frontera |CMF| Segundos
3 3 2 1 0.00068800000000000
3 3 2 1 0.00000100000000000
3 3 2 1 0.00000300000000000
4 6 4 2 0.00000400000000000
5 9 6 2 0.00001300000000000
4 6 4 2 0.00000200000000000
5 9 6 2 0.00000300000000000
5 9 6 2 0.00003000000000000
6 12 8 2 0.00000900000000000
5 9 6 2 0.00001500000000000
3 3 2 1 0.00000100000000000
6 12 8 2 0.00001200000000000
4 6 4 2 0.00000100000000000
3 3 2 1 0.00000300000000000
3 3 2 1 0.00000200000000000
4 6 4 2 0.00000400000000000
5 9 6 2 0.00058000000000000
5 9 6 2 0.00000300000000000
4 6 4 2 0.00000200000000000
6 12 8 3 0.00001100000000000
7 15 10 3 0.00000500000000000
3 3 2 1 0.00000200000000000
3 3 2 1 0.00000200000000000
6 12 8 2 0.00000300000000000
7 15 10 2 0.00000400000000000
5 9 6 2 0.00000600000000000
4 6 4 2 0.00000100000000000
6 12 8 3 0.00001100000000000
7 15 10 3 0.00000500000000000
7 15 10 3 0.00000600000000000
4 6 4 2 0.00000100000000000
5 9 6 2 0.00001400000000000
8 18 12 3 0.00000500000000000
5 9 6 2 0.00000900000000000
8 18 12 3 0.00000600000000000
8 18 12 3 0.00000500000000000
6 12 8 2 0.00001600000000000
8 18 12 3 0.00000600000000000
8 18 12 3 0.00000500000000000
8 18 12 3 0.00000600000000000
7 15 10 3 0.00000400000000000
7 15 10 2 0.00000500000000000
6 12 8 2 0.00001000000000000
7 15 10 2 0.00000500000000000
9 21 13 3 0.00000600000000000
8 18 10 3 0.00000500000000000
4 6 4 2 0.00000100000000000
9 21 13 3 0.00000600000000000
9 21 13 3 0.00000500000000000
6 12 8 3 0.00000800000000000
10 24 15 3 0.00000700000000000
6 12 8 2 0.00000400000000000
8 18 12 3 0.00000500000000000
8 18 12 3 0.00000500000000000
9 21 13 3 0.00000600000000000
9 21 13 3 0.00000500000000000
7 15 10 3 0.00000500000000000
10 24 14 3 0.00001400000000000
10 24 15 3 0.00001700000000000
7 15 10 3 0.00000400000000000
11 27 17 3 0.00000800000000000
9 21 14 3 0.00000500000000000
8 18 12 3 0.00000500000000000
11 27 16 3 0.00000700000000000
10 24 14 3 0.00001000000000000
9 21 14 3 0.00000500000000000
9 21 13 3 0.00000600000000000
11 27 16 3 0.00000700000000000
5 9 6 2 0.00000900000000000
11 27 17 3 0.00001100000000000
7 15 10 3 0.00000600000000000
10 24 15 3 0.00000600000000000
12 30 16 3 0.00000800000000000
11 27 15 3 0.00001000000000000
11 27 17 3 0.00001400000000000
10 24 15 3 0.00001300000000000
11 27 16 4 0.00000600000000000
12 30 17 3 0.00000900000000000
12 30 16 3 0.00000600000000000
10 24 15 3 0.00002500000000000
9 21 13 3 0.00000600000000000
10 24 15 3 0.00001900000000000
11 27 15 3 0.00000600000000000
12 30 17 4 0.00000800000000000
13 33 20 4 0.00000800000000000
3 3 2 1 0.00000200000000000
13 33 18 3 0.00000600000000000
12 30 17 3 0.00000800000000000
12 30 19 3 0.00000700000000000
13 33 18 3 0.00000800000000000
6 12 8 2 0.00001000000000000
14 36 21 3 0.00000800000000000
11 27 16 3 0.00001900000000000
13 33 19 3 0.00000700000000000
12 30 17 3 0.00000800000000000
14 36 15 3 0.00000800000000000
14 36 21 4 0.00000900000000000
13 33 17 3 0.00001600000000000
10 24 15 3 0.00001600000000000
14 36 18 3 0.00001000000000000
13 33 20 3 0.00000900000000000
13 33 19 3 0.00001000000000000
13 33 19 3 0.00000700000000000
13 33 16 3 0.00000800000000000
10 24 15 3 0.00002200000000000
11 27 16 3 0.00000700000000000
15 39 20 3 0.00001700000000000
4 6 4 2 0.00000300000000000
15 39 18 3 0.00001700000000000
14 36 20 3 0.00001000000000000
15 39 19 3 0.00001600000000000
15 39 22 3 0.00001800000000000
14 36 20 3 0.00001100000000000
16 42 21 4 0.00000900000000000
16 42 24 3 0.00001600000000000
9 21 14 3 0.00000600000000000
13 33 20 4 0.00001000000000000
16 42 21 3 0.00000900000000000
16 42 20 4 0.00001200000000000
16 42 21 3 0.00001100000000000
15 39 22 4 0.00001600000000000
16 42 21 3 0.00001000000000000
15 39 22 4 0.00002100000000000
16 42 23 3 0.00001300000000000
17 45 19 3 0.00001000000000000
16 42 17 3 0.00001000000000000
12 30 18 3 0.00000600000000000
17 45 23 4 0.00001300000000000
15 39 21 3 0.00001500000000000
17 45 19 3 0.00001200000000000
15 39 21 3 0.00001700000000000
12 30 19 4 0.00000900000000000
16 42 20 3 0.00001000000000000
17 45 27 4 0.00001400000000000
4 6 4 2 0.00000100000000000
18 48 23 3 0.00001200000000000
18 48 27 4 0.00001500000000000
14 36 21 3 0.00000800000000000
17 45 25 4 0.00001400000000000
18 48 22 4 0.00001100000000000
14 36 19 3 0.00001700000000000
17 45 21 3 0.00001000000000000
18 48 24 3 0.00002300000000000
17 45 20 3 0.00001000000000000
15 39 19 3 0.00001600000000000
17 45 24 4 0.00001000000000000
19 51 25 4 0.00002000000000000
17 45 22 3 0.00001200000000000
19 51 25 3 0.00001800000000000
19 51 25 4 0.00002300000000000
19 51 28 3 0.00001900000000000
20 54 31 4 0.00002500000000000
19 51 25 4 0.00002300000000000
20 54 31 4 0.00001400000000000
3 3 2 1 0.00000100000000000
14 36 21 3 0.00001000000000000
20 54 25 4 0.00001800000000000
20 54 27 4 0.00001600000000000
18 48 23 3 0.00001200000000000
20 54 25 4 0.00001400000000000
14 36 23 4 0.00001100000000000
16 42 22 3 0.00001300000000000
19 51 24 3 0.00001700000000000
19 51 24 3 0.00001300000000000
20 54 28 4 0.00001700000000000
20 54 27 4 0.00001300000000000
21 57 29 3 0.00001300000000000
20 54 21 4 0.00002200000000000
19 51 24 3 0.00001700000000000
21 57 25 3 0.00001400000000000
20 54 22 3 0.00001200000000000
21 57 27 3 0.00001600000000000
22 60 28 3 0.00001300000000000
21 57 24 3 0.00001700000000000
19 51 22 3 0.00001700000000000
21 57 25 3 0.00001600000000000
21 57 29 4 0.00001200000000000
22 60 28 4 0.00001400000000000
15 39 20 3 0.00002100000000000
22 60 34 4 0.00002000000000000
19 51 23 4 0.00001900000000000
21 57 26 4 0.00001300000000000
23 63 22 3 0.00001700000000000
22 60 29 4 0.00001800000000000
18 48 25 3 0.00002100000000000
12 30 13 3 0.00000800000000000
22 60 20 4 0.00001200000000000
23 63 25 3 0.00001300000000000
22 60 28 4 0.00001900000000000
23 63 30 4 0.00002500000000000
23 63 32 3 0.00002000000000000
17 45 24 3 0.00001300000000000
23 63 32 4 0.00001800000000000
22 60 31 4 0.00001700000000000
24 66 30 4 0.00002000000000000
22 60 27 4 0.00001800000000000
23 63 25 4 0.00002400000000000
24 66 19 4 0.00001500000000000
23 63 34 4 0.00001700000000000
21 57 25 3 0.00001600000000000
23 63 30 4 0.00001300000000000
24 66 26 4 0.00001400000000000
21 57 22 3 0.00001500000000000
18 48 24 3 0.00001400000000000
20 54 22 3 0.00001900000000000
18 48 23 3 0.00001300000000000
25 69 32 4 0.00001600000000000
23 63 25 3 0.00001800000000000
25 69 24 3 0.00001400000000000
24 66 33 4 0.00002100000000000
25 69 27 3 0.00002000000000000
25 69 30 4 0.00002000000000000
24 66 27 4 0.00002300000000000
24 66 30 4 0.00002200000000000
24 66 31 3 0.00002200000000000
26 72 33 3 0.00001800000000000
24 66 25 3 0.00001700000000000
25 69 24 3 0.00001300000000000
25 69 27 4 0.00001900000000000
26 72 29 3 0.00001700000000000
24 66 25 4 0.00002700000000000
23 63 24 3 0.00001600000000000
26 72 27 4 0.00001600000000000
24 66 26 3 0.00001400000000000
27 75 29 4 0.00001600000000000
22 60 30 4 0.00001800000000000
21 57 20 3 0.00001400000000000
27 75 32 4 0.00001900000000000
18 48 28 3 0.00001500000000000
26 72 28 4 0.00001800000000000
25 69 32 3 0.00002200000000000
27 75 28 3 0.00002200000000000
27 75 30 4 0.00001800000000000
27 75 24 3 0.00001400000000000
25 69 23 3 0.00001400000000000
27 75 38 4 0.00002300000000000
28 78 31 4 0.00002800000000000
26 72 35 4 0.00002500000000000
25 69 25 3 0.00001900000000000
27 75 31 4 0.00002100000000000
28 78 29 4 0.00002400000000000
26 72 24 3 0.00001800000000000
26 72 33 4 0.00002000000000000
28 78 25 3 0.00002500000000000
26 72 22 3 0.00001800000000000
28 78 26 4 0.00003800000000000
29 81 22 3 0.00002400000000000
29 81 35 3 0.00002700000000000
29 81 32 4 0.00002400000000000
29 81 18 3 0.00001700000000000
18 48 29 4 0.00001400000000000
28 78 24 3 0.00002000000000000
28 78 27 3 0.00002700000000000
28 78 26 3 0.00011900000000000
29 81 34 4 0.00002900000000000
27 75 34 4 0.00002400000000000
30 84 26 4 0.00002400000000000
22 60 25 4 0.00001700000000000
29 81 37 3 0.00002000000000000
29 81 33 3 0.00003400000000000
30 84 31 3 0.00001900000000000
29 81 32 4 0.00003800000000000
30 84 31 4 0.00001800000000000
28 78 38 3 0.00003800000000000
30 84 30 4 0.00002800000000000
27 75 36 4 0.00002400000000000
30 84 36 3 0.00002600000000000
31 87 29 4 0.00002200000000000
31 87 33 4 0.00002400000000000
28 78 28 3 0.00002300000000000
31 87 36 4 0.00002400000000000
32 90 21 3 0.00002200000000000
31 87 30 4 0.00002100000000000
27 75 26 4 0.00001500000000000
31 87 37 3 0.00002400000000000
31 87 30 4 0.00002000000000000
29 81 36 4 0.00002600000000000
32 90 37 4 0.00002600000000000
32 90 30 4 0.00002700000000000
31 87 31 3 0.00002100000000000
32 90 35 4 0.00002500000000000
32 90 31 4 0.00002100000000000
30 84 27 3 0.00002100000000000
32 90 33 4 0.00002300000000000
31 87 32 3 0.00002700000000000
32 90 24 3 0.00001800000000000
33 93 33 3 0.00003000000000000
33 93 31 3 0.00003300000000000
31 87 30 3 0.00002700000000000
33 93 41 4 0.00003200000000000
30 84 27 3 0.00002200000000000
32 90 32 4 0.00001900000000000
32 90 31 3 0.00002500000000000
33 93 28 3 0.00002400000000000
30 84 39 4 0.00002700000000000
33 93 35 3 0.00002900000000000
34 96 37 4 0.00002200000000000
33 93 31 4 0.00002500000000000
33 93 32 4 0.00002600000000000
30 84 32 3 0.00002500000000000
34 96 30 3 0.00002400000000000
34 96 29 3 0.00002800000000000
33 93 33 4 0.00002800000000000
34 96 28 4 0.00002500000000000
35 99 33 3 0.00002600000000000
34 96 34 4 0.00002800000000000
34 96 33 3 0.00002500000000000
33 93 39 4 0.00003700000000000
35 99 40 3 0.00002600000000000
34 96 28 3 0.00002000000000000
28 78 29 3 0.00003500000000000
35 99 37 4 0.00002600000000000
35 99 31 3 0.00002100000000000
35 99 31 4 0.00002500000000000
35 99 33 3 0.00002800000000000
36 102 25 3 0.00002100000000000
25 69 22 3 0.00001600000000000
34 96 34 4 0.00002600000000000
35 99 30 4 0.00002100000000000
36 102 37 4 0.00002500000000000
35 99 31 3 0.00003900000000000
36 102 21 3 0.00001800000000000
31 87 29 3 0.00002500000000000
35 99 31 3 0.00002100000000000
30 84 25 3 0.00002100000000000
36 102 39 3 0.00002900000000000
34 96 31 3 0.00002500000000000
37 105 22 3 0.00002400000000000
37 105 31 4 0.00003600000000000
37 105 34 4 0.00002900000000000
36 102 29 3 0.00002800000000000
37 105 37 3 0.00003100000000000
37 105 33 3 0.00003900000000000
37 105 31 4 0.00002400000000000
38 108 29 4 0.00003500000000000
38 108 32 3 0.00002600000000000
34 96 33 4 0.00003000000000000
37 105 36 4 0.00002900000000000
35 99 30 3 0.00002800000000000
36 102 37 3 0.00003100000000000
36 102 40 4 0.00003100000000000
29 81 29 3 0.00002100000000000
38 108 36 4 0.00002500000000000
39 111 31 3 0.00003200000000000
38 108 41 4 0.00002600000000000
37 105 31 3 0.00004000000000000
39 111 31 3 0.00002100000000000
33 93 34 4 0.00003400000000000
32 90 31 4 0.00002600000000000
38 108 37 4 0.00002500000000000
38 108 27 3 0.00002400000000000
38 108 34 3 0.00003700000000000
39 111 38 4 0.00002500000000000
39 111 33 4 0.00003200000000000
36 102 28 3 0.00002300000000000
36 102 42 4 0.00002800000000000
39 111 31 4 0.00002900000000000
39 111 31 4 0.00002800000000000
40 114 43 4 0.00003500000000000
39 111 39 4 0.00003500000000000
36 102 27 3 0.00002700000000000
40 114 37 4 0.00003000000000000
26 72 31 4 0.00002100000000000
39 111 37 4 0.00002600000000000
41 117 40 4 0.00003600000000000
38 108 32 4 0.00003100000000000
40 114 37 4 0.00003300000000000
41 117 35 3 0.00003500000000000
38 108 30 3 0.00002600000000000
38 108 28 3 0.00001900000000000
41 117 42 4 0.00003600000000000
40 114 28 3 0.00002200000000000
40 114 41 4 0.00003300000000000
41 117 29 3 0.00003200000000000
40 114 41 4 0.00002900000000000
40 114 33 3 0.00003200000000000
39 111 40 4 0.00003300000000000
26 72 37 4 0.00002400000000000
40 114 37 3 0.00003000000000000
40 114 31 3 0.00002500000000000
42 120 32 3 0.00003300000000000
42 120 33 4 0.00003400000000000
41 117 29 4 0.00002700000000000
42 120 25 3 0.00003700000000000
41 117 36 4 0.00004000000000000
41 117 34 3 0.00003100000000000
41 117 32 3 0.00003200000000000
42 120 40 4 0.00003600000000000
43 123 35 4 0.00003800000000000
41 117 40 3 0.00003100000000000
42 120 40 3 0.00004100000000000
42 120 32 4 0.00003800000000000
43 123 40 4 0.00003200000000000
42 120 33 4 0.00003700000000000
43 123 46 4 0.00004100000000000
42 120 30 3 0.00003700000000000
39 111 41 4 0.00003000000000000
43 123 27 4 0.00002200000000000
43 123 29 4 0.00004000000000000
43 123 29 3 0.00003500000000000
44 126 29 4 0.00002500000000000
44 126 20 3 0.00002700000000000
44 126 40 3 0.00003000000000000
42 120 50 4 0.00004400000000000
44 126 32 3 0.00003400000000000
40 114 28 3 0.00002700000000000
41 117 25 3 0.00002600000000000
44 126 22 4 0.00002900000000000
44 126 41 4 0.00002900000000000
37 105 32 4 0.00003300000000000
45 129 40 4 0.00004100000000000
45 129 36 4 0.00003200000000000
44 126 24 3 0.00002700000000000
44 126 37 3 0.00003200000000000
45 129 37 3 0.00004000000000000
45 129 28 4 0.00002900000000000
43 123 24 3 0.00002100000000000
44 126 35 4 0.00003200000000000
46 132 34 4 0.00003500000000000
45 129 35 3 0.00003900000000000
43 123 28 4 0.00003200000000000
42 120 32 3 0.00004700000000000
37 105 28 3 0.00003500000000000
45 129 32 4 0.00003700000000000
45 129 35 4 0.00002700000000000
46 132 36 4 0.00004700000000000
47 135 47 4 0.00004000000000000
46 132 42 4 0.00004400000000000
46 132 39 3 0.00004400000000000
45 129 32 3 0.00002500000000000
44 126 29 3 0.00003200000000000
47 135 45 4 0.00003800000000000
46 132 37 3 0.00004400000000000
46 132 39 4 0.00004700000000000
46 132 29 3 0.00004400000000000
47 135 29 4 0.00004200000000000
45 129 28 3 0.00002500000000000
47 135 33 4 0.00004100000000000
47 135 38 3 0.00004100000000000
46 132 35 3 0.00003400000000000
47 135 49 4 0.00005800000000000
47 135 29 4 0.00004000000000000
48 138 32 3 0.00003200000000000
47 135 32 3 0.00004100000000000
48 138 35 3 0.00003900000000000
46 132 42 4 0.00004400000000000
48 138 42 4 0.00003700000000000
48 138 43 3 0.00004600000000000
48 138 33 4 0.00003700000000000
48 138 25 3 0.00002400000000000
48 138 39 3 0.00003200000000000
48 138 33 4 0.00003600000000000
49 141 36 4 0.00003300000000000
49 141 28 3 0.00002800000000000
47 135 39 4 0.00004000000000000
46 132 39 3 0.00005200000000000
45 129 29 4 0.00003400000000000
49 141 49 4 0.00003400000000000
49 141 47 3 0.00005000000000000
49 141 33 4 0.00003900000000000
49 141 41 4 0.00004300000000000
50 144 43 4 0.00005400000000000
50 144 47 3 0.00004600000000000
50 144 32 3 0.00004600000000000
49 141 32 3 0.00003600000000000
50 144 40 4 0.00003100000000000
50 144 38 3 0.00004600000000000
43 123 41 4 0.00003900000000000
50 144 39 3 0.00004100000000000
49 141 43 4 0.00004500000000000
50 144 40 4 0.00004000000000000
50 144 40 3 0.00005300000000000
55 159 43 4 0.00005500000000000
55 159 40 4 0.00005000000000000
55 159 28 4 0.00004400000000000
43 123 30 3 0.00003600000000000
55 159 38 3 0.00004800000000000
55 159 44 4 0.00005100000000000
55 159 39 3 0.00005500000000000
55 159 45 4 0.00004900000000000
55 159 32 3 0.00004500000000000
60 174 36 3 0.00004500000000000
60 174 36 3 0.00005000000000000
60 174 45 4 0.00004400000000000
49 141 37 3 0.00003600000000000
55 159 38 3 0.00004900000000000
50 144 39 3 0.00005400000000000
60 174 43 4 0.00005900000000000
60 174 52 3 0.00006600000000000
60 174 38 3 0.00004600000000000
60 174 42 3 0.00005900000000000
65 189 44 3 0.00005300000000000
49 141 36 3 0.00003700000000000
60 174 43 3 0.00005900000000000
65 189 38 3 0.00005500000000000
65 189 34 3 0.00005600000000000
65 189 40 3 0.00006200000000000
48 138 25 3 0.00003300000000000
48 138 34 4 0.00004100000000000
65 189 45 3 0.00004900000000000
65 189 34 3 0.00005500000000000
60 174 29 3 0.00007100000000000
65 189 34 4 0.00005700000000000
70 204 53 3 0.00005000000000000
47 135 33 4 0.00004000000000000
65 189 58 4 0.00006800000000000
70 204 45 4 0.00005400000000000
70 204 41 4 0.00005300000000000
50 144 27 3 0.00003200000000000
70 204 50 4 0.00006400000000000
65 189 33 3 0.00005100000000000
70 204 46 4 0.00007200000000000
75 219 42 4 0.00006700000000000
70 204 38 4 0.00006200000000000
70 204 37 3 0.00006300000000000
55 159 46 4 0.00005500000000000
75 219 44 3 0.00006100000000000
70 204 45 4 0.00006700000000000
75 219 53 4 0.00005200000000000
75 219 48 3 0.00006700000000000
75 219 34 4 0.00006000000000000
75 219 28 3 0.00004900000000000
70 204 40 3 0.00006200000000000
75 219 42 3 0.00006300000000000
80 234 25 3 0.00004700000000000
70 204 43 4 0.00006700000000000
80 234 36 3 0.00004800000000000
80 234 34 4 0.00004900000000000
80 234 49 4 0.00006600000000000
80 234 38 4 0.00006000000000000
75 219 30 3 0.00004100000000000
75 219 49 4 0.00006100000000000
65 189 42 3 0.00006300000000000
85 249 35 3 0.00004900000000000
80 234 54 4 0.00006100000000000
80 234 43 3 0.00006400000000000
80 234 39 3 0.00004700000000000
85 249 49 3 0.00007300000000000
85 249 32 3 0.00006500000000000
85 249 41 3 0.00007600000000000
85 249 51 4 0.00008200000000000
75 219 38 3 0.00005800000000000
80 234 42 4 0.00006700000000000
85 249 38 4 0.00006500000000000
85 249 47 4 0.00007600000000000
90 264 42 3 0.00007000000000000
85 249 42 4 0.00006600000000000
85 249 46 3 0.00006900000000000
90 264 40 4 0.00006100000000000
90 264 37 3 0.00007500000000000
80 234 39 3 0.00006900000000000
90 264 55 4 0.00008200000000000
85 249 35 4 0.00006000000000000
90 264 39 4 0.00007100000000000
90 264 42 4 0.00005900000000000
95 279 42 4 0.00006100000000000
60 174 39 3 0.00006100000000000
90 264 53 4 0.00009300000000000
95 279 43 4 0.00007500000000000
90 264 43 4 0.00006000000000000
95 279 46 3 0.00009500000000000
90 264 20 4 0.00005100000000000
95 279 33 3 0.00007900000000000
95 279 39 4 0.00008900000000000
90 264 44 4 0.00008000000000000
95 279 48 3 0.00010700000000000
100 294 51 4 0.00009000000000000
95 279 43 4 0.00008800000000000
95 279 40 3 0.00008300000000000
100 294 49 3 0.00007900000000000
95 279 31 3 0.00006800000000000
95 279 42 3 0.00009200000000000
110 324 36 3 0.00008400000000000
100 294 27 3 0.00007600000000000
100 294 49 3 0.00008100000000000
100 294 48 4 0.00009400000000000
100 294 46 4 0.00007900000000000
100 294 40 3 0.00008000000000000
100 294 34 3 0.00007900000000000
110 324 45 4 0.00010400000000000
100 294 37 3 0.00009100000000000
110 324 47 4 0.00009900000000000
110 324 58 3 0.00011400000000000
110 324 51 3 0.00008700000000000
100 294 55 4 0.00010300000000000
110 324 39 3 0.00009500000000000
110 324 61 4 0.00010900000000000
120 354 46 4 0.00012500000000000
120 354 34 3 0.00008200000000000
110 324 45 3 0.00011100000000000
110 324 54 4 0.00010300000000000
110 324 49 3 0.00010400000000000
120 354 47 3 0.00010500000000000
120 354 23 3 0.00009200000000000
120 354 39 3 0.00014700000000000
120 354 37 3 0.00017600000000000
120 354 45 3 0.00011700000000000
120 354 49 4 0.00013200000000000
130 384 66 3 0.00011300000000000
130 384 46 4 0.00009800000000000
120 354 39 3 0.00013800000000000
120 354 39 3 0.00028700000000000
130 384 39 3 0.00009600000000000
130 384 53 4 0.00012000000000000
130 384 37 3 0.00009600000000000
130 384 45 4 0.00011500000000000
140 414 51 3 0.00014300000000000
130 384 55 4 0.00012500000000000
130 384 52 3 0.00010300000000000
140 414 58 4 0.00011400000000000
130 384 41 3 0.00010200000000000
130 384 45 3 0.00010800000000000
140 414 43 4 0.00013000000000000
140 414 61 3 0.00015400000000000
140 414 44 3 0.00011000000000000
140 414 58 3 0.00014400000000000
140 414 35 3 0.00017400000000000
140 414 48 4 0.00019200000000000
140 414 51 3 0.00019700000000000
140 414 34 3 0.00021100000000000
150 444 46 3 0.00056200000000000
150 444 60 3 0.00065500000000000
150 444 39 3 0.00069200000000000
150 444 62 4 0.00069900000000000
150 444 58 4 0.00072000000000000
150 444 37 3 0.00069200000000000
160 474 37 3 0.00042100000000000
150 444 29 3 0.00064300000000000
150 444 43 4 0.00065400000000000
150 444 53 4 0.00068200000000000
150 444 42 3 0.00068500000000000
160 474 44 3 0.00069700000000000
160 474 39 3 0.00060400000000000
160 474 46 4 0.00061700000000000
160 474 52 4 0.00066500000000000
160 474 57 4 0.00067600000000000
160 474 35 4 0.00064800000000000
160 474 34 3 0.00061600000000000
160 474 43 4 0.00063000000000000
160 474 63 3 0.00065900000000000
170 504 63 4 0.00019000000000000
180 534 50 4 0.00034200000000000
170 504 46 4 0.00014800000000000
170 504 65 4 0.00016100000000000
170 504 32 3 0.00012600000000000
170 504 68 3 0.00021400000000000
170 504 50 3 0.00016700000000000
170 504 37 3 0.00014400000000000
170 504 55 4 0.00015900000000000
170 504 56 3 0.00017100000000000
170 504 53 3 0.00017000000000000
190 564 60 4 0.00033600000000000
180 534 56 4 0.00072900000000000
180 534 54 4 0.00071100000000000
200 594 51 4 0.00033800000000000
180 534 49 3 0.00064100000000000
180 534 45 3 0.00070400000000000
180 534 51 4 0.00067100000000000
180 534 53 3 0.00056600000000000
180 534 49 4 0.00060000000000000
180 534 44 3 0.00061400000000000
180 534 46 3 0.00061800000000000
200 594 40 3 0.00013200000000000
190 564 55 3 0.00054500000000000
190 564 43 3 0.00053900000000000
190 564 36 3 0.00059900000000000
190 564 51 3 0.00064100000000000
190 564 61 3 0.00066000000000000
190 564 46 3 0.00063100000000000
190 564 40 3 0.00062500000000000
190 564 41 3 0.00060900000000000
190 564 60 3 0.00062700000000000
225 669 40 3 0.00048900000000000
200 594 53 3 0.00073200000000000
200 594 46 3 0.00070000000000000
200 594 62 4 0.00074300000000000
200 594 49 3 0.00066700000000000
200 594 37 3 0.00065700000000000
200 594 40 3 0.00065700000000000
200 594 43 4 0.00064400000000000
200 594 53 4 0.00067100000000000
250 744 66 4 0.00069500000000000
225 669 53 3 0.00072000000000000
225 669 44 3 0.00072800000000000
225 669 64 4 0.00073000000000000
225 669 54 3 0.00073100000000000
225 669 33 3 0.00068100000000000
275 819 31 3 0.00042100000000000
225 669 41 3 0.00064800000000000
225 669 46 3 0.00068400000000000
225 669 53 4 0.00068400000000000
225 669 80 3 0.00073900000000000
300 894 51 4 0.00055500000000000
250 744 51 3 0.00074200000000000
250 744 64 3 0.00074800000000000
250 744 47 3 0.00075500000000000
250 744 41 3 0.00069400000000000
250 744 67 4 0.00077500000000000
250 744 53 4 0.00071400000000000
250 744 55 3 0.00073400000000000
300 894 68 4 0.00024200000000000
250 744 49 3 0.00068000000000000
250 744 36 3 0.00061000000000000
275 819 57 3 0.00080000000000000
325 969 64 3 0.00081000000000000
275 819 46 4 0.00346200000000000
275 819 42 3 0.00341200000000000
275 819 49 4 0.00345900000000000
275 819 50 3 0.00349900000000000
275 819 52 4 0.00348200000000000
275 819 58 3 0.00352400000000000
325 969 59 3 0.00028500000000000
275 819 56 3 0.00351500000000000
275 819 59 3 0.00353500000000000
350 1044 36 3 0.00080000000000000
300 894 39 3 0.00134800000000000
300 894 60 4 0.00142800000000000
350 1044 74 4 0.00033300000000000
300 894 62 4 0.00143700000000000
300 894 51 3 0.00140400000000000
300 894 67 3 0.00140900000000000
300 894 65 3 0.00139500000000000
300 894 47 3 0.00128800000000000
300 894 63 3 0.00138600000000000
375 1119 82 3 0.00092000000000000
375 1119 55 4 0.00029600000000000
325 969 48 3 0.00126300000000000
325 969 70 3 0.00134700000000000
375 1119 77 4 0.00037400000000000
325 969 44 4 0.00129800000000000
325 969 46 4 0.00127500000000000
325 969 69 4 0.00140900000000000
325 969 56 4 0.00132800000000000
325 969 55 3 0.00130000000000000
325 969 51 3 0.00126000000000000
400 1194 48 3 0.00063000000000000
400 1194 63 3 0.00035600000000000
350 1044 48 3 0.00126300000000000
350 1044 40 3 0.00121300000000000
350 1044 73 3 0.00137400000000000
350 1044 64 3 0.00128600000000000
350 1044 45 4 0.00133900000000000
350 1044 52 3 0.00123900000000000
350 1044 56 3 0.00129200000000000
350 1044 48 3 0.00120400000000000
425 1269 36 3 0.00083200000000000
375 1119 49 4 0.00077800000000000
425 1269 64 3 0.00035800000000000
375 1119 54 3 0.00087200000000000
375 1119 56 3 0.00086600000000000
375 1119 49 3 0.00083900000000000
375 1119 54 4 0.00079200000000000
375 1119 61 3 0.00085100000000000
375 1119 71 4 0.00096500000000000
450 1344 60 3 0.00092100000000000
400 1194 49 3 0.00140000000000000
400 1194 74 4 0.00144100000000000
400 1194 83 4 0.00147900000000000
400 1194 62 3 0.00140300000000000
400 1194 55 3 0.00146400000000000
400 1194 42 3 0.00128400000000000
400 1194 57 3 0.00137800000000000
400 1194 48 4 0.00133800000000000
450 1344 61 3 0.00040300000000000
425 1269 59 3 0.00147100000000000
475 1419 61 3 0.00091000000000000
425 1269 63 3 0.00145400000000000
425 1269 44 4 0.00139200000000000
425 1269 61 4 0.00143700000000000
425 1269 44 3 0.00129400000000000
425 1269 65 3 0.00135800000000000
425 1269 58 3 0.00135300000000000
425 1269 70 3 0.00141500000000000
475 1419 63 4 0.00041700000000000
500 1494 88 4 0.00133500000000000
450 1344 63 4 0.00145200000000000
450 1344 57 3 0.00143100000000000
450 1344 56 3 0.00143500000000000
450 1344 66 4 0.00160200000000000
450 1344 57 3 0.00131300000000000
500 1494 45 3 0.00034800000000000
450 1344 51 3 0.00134700000000000
450 1344 49 3 0.00134000000000000
450 1344 58 4 0.00136000000000000
475 1419 57 3 0.00193500000000000
475 1419 51 4 0.00191400000000000
475 1419 47 3 0.00198900000000000
475 1419 39 3 0.00186700000000000
475 1419 56 4 0.00204100000000000
475 1419 49 3 0.00197900000000000
475 1419 34 3 0.00189400000000000
475 1419 47 3 0.00194800000000000
550 1644 69 3 0.00093600000000000
500 1494 52 3 0.00132200000000000
500 1494 49 3 0.00132900000000000
500 1494 41 4 0.00137900000000000
500 1494 77 4 0.00160300000000000
500 1494 43 3 0.00146000000000000
500 1494 57 3 0.00137400000000000
500 1494 75 4 0.00146200000000000
500 1494 79 4 0.00158700000000000
600 1794 60 3 0.00133000000000000
550 1644 52 3 0.00155400000000000
550 1644 87 4 0.00169900000000000
550 1644 53 3 0.00150400000000000
550 1644 50 3 0.00155400000000000
550 1644 82 4 0.00187600000000000
550 1644 58 3 0.00160800000000000
550 1644 65 3 0.00161300000000000
550 1644 35 3 0.00133800000000000
550 1644 65 4 0.00154100000000000
650 1944 53 3 0.00111000000000000
700 2094 68 3 0.00146100000000000
600 1794 40 3 0.00142800000000000
600 1794 51 3 0.00145200000000000
700 2094 48 3 0.00057400000000000
600 1794 62 4 0.00166600000000000
600 1794 36 3 0.00141300000000000
600 1794 69 3 0.00156100000000000
600 1794 57 3 0.00150900000000000
600 1794 52 3 0.00149200000000000
600 1794 59 3 0.00150200000000000
600 1794 62 4 0.00150900000000000
700 2094 57 4 0.00052300000000000
650 1944 53 4 0.00162700000000000
650 1944 60 3 0.00153800000000000
650 1944 67 3 0.00161500000000000
650 1944 48 4 0.00160400000000000
650 1944 59 4 0.00151200000000000
650 1944 43 3 0.00135800000000000
750 2244 65 3 0.00158400000000000
650 1944 59 3 0.00160400000000000
650 1944 60 3 0.00160300000000000
650 1944 69 3 0.00155600000000000
800 2394 94 4 0.00198800000000000
700 2094 50 4 0.00208900000000000
700 2094 66 3 0.00229500000000000
700 2094 52 3 0.00221400000000000
700 2094 59 3 0.00226500000000000
700 2094 68 4 0.00234600000000000
700 2094 66 3 0.00237500000000000
800 2394 62 3 0.00075500000000000
700 2094 68 3 0.00240700000000000
850 2544 59 3 0.00153300000000000
750 2244 79 3 0.00223600000000000
850 2544 38 3 0.00051100000000000
750 2244 64 4 0.00213800000000000
750 2244 44 3 0.00215800000000000
750 2244 43 3 0.00207800000000000
750 2244 65 3 0.00226800000000000
750 2244 52 3 0.00210100000000000
750 2244 87 3 0.00232300000000000
750 2244 49 3 0.00219800000000000
750 2244 63 3 0.00220200000000000
850 2544 65 3 0.00081000000000000
800 2394 37 3 0.00261800000000000
800 2394 86 3 0.00296200000000000
900 2694 66 3 0.00213100000000000
800 2394 69 4 0.00294900000000000
800 2394 78 3 0.00297600000000000
800 2394 60 3 0.00273100000000000
800 2394 77 4 0.00294900000000000
800 2394 73 3 0.00301600000000000
800 2394 77 4 0.00289700000000000
950 2844 58 3 0.00192300000000000
950 2844 74 4 0.00089700000000000
850 2544 80 4 0.00227100000000000
850 2544 59 3 0.00220500000000000
850 2544 48 3 0.00226700000000000
850 2544 45 3 0.00217100000000000
850 2544 67 3 0.00238000000000000
850 2544 82 3 0.00252100000000000
850 2544 61 3 0.00227000000000000
950 2844 75 3 0.00096100000000000
900 2694 69 3 0.00292700000000000
900 2694 81 3 0.00297100000000000
1000 2994 71 4 0.00177600000000000
900 2694 62 3 0.00306300000000000
900 2694 47 3 0.00282300000000000
900 2694 66 4 0.00303300000000000
900 2694 54 3 0.00298000000000000
900 2694 62 3 0.00300000000000000
900 2694 66 3 0.00300300000000000
900 2694 68 3 0.00282200000000000
950 2844 78 3 0.00309900000000000
950 2844 41 3 0.00285400000000000
950 2844 67 3 0.00300000000000000
950 2844 63 3 0.00304900000000000
950 2844 62 3 0.00300800000000000
950 2844 67 3 0.00298700000000000
950 2844 50 3 0.00290500000000000
1100 3294 67 3 0.00216800000000000
1000 2994 55 3 0.00300500000000000
1000 2994 60 4 0.00305300000000000
1000 2994 94 4 0.00315000000000000
1000 2994 80 4 0.00329200000000000
1000 2994 68 3 0.00307000000000000
1000 2994 61 3 0.00312700000000000
1000 2994 70 3 0.00321600000000000
1000 2994 64 3 0.00317300000000000
1000 2994 54 4 0.00329000000000000
1200 3594 68 3 0.00256300000000000
1300 3894 69 3 0.00235800000000000
1100 3294 76 3 0.00291100000000000
1100 3294 43 3 0.00272300000000000
1100 3294 63 4 0.00271700000000000
1100 3294 54 4 0.00294100000000000
1100 3294 80 4 0.00294800000000000
1100 3294 61 3 0.00274100000000000
1100 3294 71 3 0.00313200000000000
1100 3294 66 3 0.00288000000000000
1100 3294 72 3 0.00304400000000000
1300 3894 53 3 0.00092900000000000
1400 4194 59 3 0.00229100000000000
1200 3594 52 3 0.00296400000000000
1200 3594 79 3 0.00344900000000000
1200 3594 62 3 0.00319700000000000
1200 3594 68 3 0.00294900000000000
1200 3594 73 3 0.00279300000000000
1400 4194 82 4 0.00140600000000000
1500 4494 72 3 0.00234800000000000
1500 4494 65 3 0.00124600000000000
1500 4494 93 3 0.00163300000000000
1500 4494 73 4 0.00148200000000000
1200 3594 72 4 0.00278800000000000
1200 3594 70 3 0.00284600000000000
1200 3594 59 3 0.00306800000000000
1200 3594 65 4 0.00267900000000000
1500 4494 72 3 0.00165100000000000
1600 4794 56 3 0.00260300000000000
1300 3894 63 3 0.00325000000000000
1300 3894 48 4 0.00298600000000000
1300 3894 75 3 0.00292000000000000
1300 3894 67 4 0.00292700000000000
1600 4794 69 3 0.00134600000000000
1300 3894 77 3 0.00380600000000000
1300 3894 62 3 0.00307600000000000
1600 4794 53 3 0.00141700000000000
1300 3894 75 3 0.00265900000000000
1300 3894 76 3 0.00330200000000000
1400 4194 50 3 0.00282900000000000
1700 5094 72 3 0.00223600000000000
1400 4194 61 3 0.00315700000000000
1700 5094 69 3 0.00149800000000000
1400 4194 57 4 0.00307000000000000
1400 4194 65 3 0.00318500000000000
1700 5094 71 3 0.00148800000000000
1400 4194 46 3 0.00283100000000000
1400 4194 68 3 0.00350200000000000
1700 5094 69 3 0.00163100000000000
1800 5394 82 3 0.00272700000000000
1800 5394 87 3 0.00190800000000000
1400 4194 39 3 0.00284100000000000
1400 4194 73 3 0.00320300000000000
1800 5394 104 4 0.00206600000000000
1800 5394 51 3 0.00137000000000000
1800 5394 72 3 0.00146800000000000
1500 4494 65 4 0.00301900000000000
1500 4494 80 3 0.00323300000000000
1500 4494 79 3 0.00339600000000000
1900 5694 89 4 0.00320200000000000
1900 5694 65 4 0.00169300000000000
1900 5694 61 3 0.00165700000000000
1500 4494 40 3 0.00269500000000000
1500 4494 86 3 0.00336000000000000
1900 5694 67 3 0.00170200000000000
1900 5694 62 3 0.00148300000000000
1600 4794 66 3 0.00415200000000000
1600 4794 73 3 0.00383200000000000
1600 4794 57 3 0.00415600000000000
1600 4794 76 4 0.00476700000000000
1600 4794 79 3 0.00437900000000000
2000 5994 72 3 0.00303400000000000
1600 4794 70 3 0.00409200000000000
1600 4794 88 3 0.00492800000000000
2000 5994 69 3 0.00175700000000000
2000 5994 55 4 0.00159500000000000
1700 5094 69 3 0.00380500000000000
1700 5094 69 3 0.00359000000000000
1700 5094 55 3 0.00338700000000000
1700 5094 75 3 0.00431700000000000
1700 5094 94 3 0.00409800000000000
1700 5094 81 3 0.00442800000000000
2250 6744 64 3 0.00366100000000000
2250 6744 56 3 0.00251600000000000
1800 5394 82 3 0.00401100000000000
1800 5394 65 4 0.00408200000000000
1800 5394 66 4 0.00412200000000000
2250 6744 72 3 0.00302900000000000
1800 5394 57 3 0.00440300000000000
2500 7494 63 3 0.00439600000000000
1800 5394 83 3 0.00461000000000000
2500 7494 67 3 0.00283800000000000
2500 7494 84 4 0.00334300000000000
1900 5694 55 3 0.00388600000000000
1900 5694 77 3 0.00416000000000000
1900 5694 99 3 0.00499800000000000
2500 7494 80 3 0.00322800000000000
1900 5694 77 3 0.00416500000000000
1900 5694 67 3 0.00445900000000000
2750 8244 72 3 0.00518200000000000
2000 5994 51 3 0.00388000000000000
2000 5994 67 3 0.00407200000000000
2750 8244 64 3 0.00333600000000000
2000 5994 64 3 0.00528600000000000
2000 5994 79 3 0.00517600000000000
2000 5994 67 3 0.00422600000000000
2000 5994 61 4 0.00354700000000000
2000 5994 75 4 0.00525800000000000
2750 8244 87 3 0.00384900000000000
3000 8994 89 3 0.00547900000000000
2250 6744 65 3 0.00437900000000000
2250 6744 92 4 0.00521900000000000
2250 6744 71 4 0.00449800000000000
3000 8994 78 3 0.00345200000000000
2250 6744 62 3 0.00438800000000000
2250 6744 52 3 0.00554900000000000
3000 8994 81 3 0.00412000000000000
2250 6744 61 4 0.00429400000000000
2250 6744 57 3 0.00477700000000000
2500 7494 54 3 0.00413300000000000
2500 7494 67 3 0.00475700000000000
2500 7494 73 3 0.00535000000000000
2500 7494 69 3 0.00527800000000000
2500 7494 76 3 0.00576400000000000
2500 7494 76 3 0.00474800000000000
2750 8244 78 3 0.00570900000000000
2750 8244 72 3 0.00537700000000000
2750 8244 78 3 0.00567800000000000
2750 8244 74 3 0.00539300000000000
2750 8244 66 3 0.00508700000000000
2750 8244 55 3 0.00441500000000000
2750 8244 104 3 0.00546700000000000
3000 8994 69 3 0.00430400000000000
3000 8994 63 3 0.00375100000000000
3000 8994 96 3 0.00544000000000000
3000 8994 81 3 0.00386600000000000
3000 8994 89 3 0.00415500000000000
3000 8994 60 3 0.00313800000000000
3000 8994 85 3 0.00424500000000000
