Nodos Aristas Frontera |CMF| Segundos
3 3 2 2 0.00099700000000000
3 3 2 2 0.00000300000000000
4 6 4 4 0.00000500000000000
4 6 4 4 0.00000300000000000
3 3 2 2 0.00000400000000000
4 6 4 4 0.00000200000000000
5 9 6 2 0.00342600000000000
5 9 6 2 0.00000600000000000
5 9 6 2 0.00339100000000000
5 9 6 2 0.00000400000000000
3 3 2 2 0.00000200000000000
4 6 4 4 0.00000200000000000
5 9 6 2 0.00001200000000000
3 3 2 2 0.00000200000000000
5 9 6 2 0.00000800000000000
4 6 4 4 0.00000100000000000
5 9 6 2 0.00000800000000000
6 12 8 2 0.00000900000000000
6 12 8 2 0.00001000000000000
6 12 8 2 0.00000900000000000
4 6 4 4 0.00000200000000000
6 12 8 2 0.00001000000000000
6 12 8 2 0.00001600000000000
6 12 8 2 0.00001700000000000
7 15 10 2 0.00000500000000000
6 12 8 2 0.00001100000000000
7 15 10 2 0.00000500000000000
4 6 4 4 0.00103600000000000
8 18 12 3 0.00000500000000000
6 12 8 2 0.00000900000000000
7 15 10 3 0.00001200000000000
7 15 10 3 0.00000500000000000
4 6 4 4 0.00000300000000000
8 18 12 3 0.00000500000000000
8 18 12 3 0.00000700000000000
6 12 8 2 0.00001400000000000
8 18 10 3 0.00000500000000000
7 15 10 3 0.00000500000000000
7 15 10 2 0.00000600000000000
9 21 13 3 0.00000600000000000
8 18 12 3 0.00000500000000000
4 6 4 4 0.00000200000000000
7 15 10 3 0.00000700000000000
9 21 14 3 0.00000700000000000
4 6 4 4 0.00000300000000000
5 9 6 2 0.00001700000000000
9 21 13 3 0.00000500000000000
8 18 12 3 0.00000600000000000
8 18 12 3 0.00001300000000000
5 9 6 2 0.00001600000000000
3 3 2 2 0.00000300000000000
9 21 13 3 0.00000700000000000
9 21 13 3 0.00000700000000000
7 15 10 2 0.00000400000000000
9 21 13 3 0.00000700000000000
6 12 8 2 0.00000900000000000
10 24 14 3 0.00001100000000000
10 24 14 3 0.00001600000000000
9 21 13 3 0.00000600000000000
9 21 13 3 0.00000600000000000
10 24 15 3 0.00001700000000000
10 24 15 3 0.00001100000000000
3 3 2 2 0.00000200000000000
11 27 15 3 0.00000700000000000
3 3 2 2 0.00000200000000000
11 27 17 3 0.00000800000000000
11 27 16 3 0.00000700000000000
8 18 12 2 0.00000700000000000
10 24 15 3 0.00001800000000000
12 30 16 3 0.00001100000000000
11 27 17 3 0.00000900000000000
7 15 10 3 0.00000400000000000
3 3 2 2 0.00000200000000000
11 27 17 3 0.00001100000000000
5 9 6 2 0.00001900000000000
12 30 19 3 0.00000800000000000
11 27 15 3 0.00000700000000000
11 27 16 3 0.00001500000000000
11 27 16 3 0.00002000000000000
12 30 17 3 0.00000900000000000
12 30 18 3 0.00000800000000000
8 18 12 3 0.00000700000000000
10 24 15 3 0.00001800000000000
12 30 17 4 0.00001200000000000
12 30 16 3 0.00000700000000000
10 24 15 3 0.00001600000000000
9 21 14 3 0.00000500000000000
13 33 19 3 0.00000900000000000
11 27 16 3 0.00000900000000000
13 33 19 3 0.00000800000000000
7 15 10 3 0.00000600000000000
14 36 21 3 0.00001000000000000
14 36 18 3 0.00000900000000000
14 36 20 3 0.00001100000000000
12 30 13 3 0.00000900000000000
13 33 20 4 0.00001300000000000
13 33 19 3 0.00001100000000000
14 36 21 3 0.00001000000000000
12 30 17 3 0.00001000000000000
14 36 19 3 0.00001100000000000
8 18 12 3 0.00000700000000000
14 36 21 4 0.00001700000000000
11 27 16 3 0.00001500000000000
15 39 22 4 0.00001200000000000
13 33 16 3 0.00001000000000000
12 30 19 4 0.00000800000000000
13 33 18 3 0.00001000000000000
14 36 17 3 0.00001400000000000
15 39 21 3 0.00001000000000000
9 21 14 3 0.00001500000000000
15 39 22 4 0.00002000000000000
12 30 17 3 0.00001000000000000
15 39 20 3 0.00001000000000000
10 24 15 3 0.00002100000000000
16 42 21 4 0.00001200000000000
15 39 19 3 0.00001900000000000
16 42 17 3 0.00000900000000000
16 42 21 3 0.00001300000000000
15 39 21 3 0.00002000000000000
16 42 23 3 0.00001400000000000
16 42 21 3 0.00001000000000000
15 39 20 3 0.00001900000000000
17 45 22 3 0.00001200000000000
17 45 20 3 0.00001400000000000
17 45 19 3 0.00001000000000000
13 33 17 3 0.00001000000000000
16 42 21 3 0.00001300000000000
17 45 19 3 0.00001300000000000
16 42 22 3 0.00001100000000000
10 24 15 3 0.00001900000000000
13 33 20 4 0.00000900000000000
16 42 20 3 0.00001200000000000
17 45 21 3 0.00001300000000000
3 3 2 2 0.00000100000000000
18 48 22 4 0.00001400000000000
17 45 23 4 0.00001600000000000
17 45 27 4 0.00001300000000000
17 45 24 3 0.00001500000000000
18 48 24 3 0.00001700000000000
18 48 28 3 0.00001300000000000
14 36 23 4 0.00001700000000000
19 51 25 4 0.00002200000000000
19 51 28 3 0.00002100000000000
17 45 24 4 0.00001200000000000
16 42 20 4 0.00001200000000000
19 51 24 3 0.00001300000000000
15 39 20 4 0.00001500000000000
18 48 24 3 0.00001500000000000
13 33 20 3 0.00001100000000000
14 36 20 3 0.00001200000000000
17 45 25 3 0.00001200000000000
18 48 24 3 0.00001900000000000
19 51 24 3 0.00002100000000000
14 36 21 3 0.00002300000000000
20 54 31 4 0.00002000000000000
15 39 19 3 0.00001900000000000
19 51 25 3 0.00002200000000000
18 48 29 4 0.00002100000000000
19 51 23 4 0.00002200000000000
19 51 24 3 0.00001600000000000
20 54 22 3 0.00001700000000000
20 54 27 4 0.00002500000000000
19 51 25 4 0.00003000000000000
18 48 23 3 0.00001200000000000
21 57 25 3 0.00001800000000000
20 54 21 3 0.00001400000000000
18 48 23 3 0.00001600000000000
21 57 25 3 0.00001200000000000
21 57 29 4 0.00001800000000000
21 57 26 4 0.00001600000000000
21 57 25 3 0.00001700000000000
19 51 22 3 0.00001200000000000
10 24 15 3 0.00000900000000000
20 54 27 4 0.00001400000000000
22 60 28 3 0.00002000000000000
20 54 28 4 0.00002300000000000
22 60 25 4 0.00001600000000000
22 60 28 4 0.00002100000000000
22 60 27 4 0.00001800000000000
21 57 27 3 0.00001500000000000
20 54 24 3 0.00001700000000000
23 63 22 3 0.00001400000000000
20 54 22 3 0.00002200000000000
20 54 31 4 0.00002700000000000
21 57 21 4 0.00001600000000000
21 57 25 3 0.00001400000000000
21 57 22 3 0.00001600000000000
15 39 22 3 0.00002100000000000
23 63 32 3 0.00002400000000000
22 60 29 4 0.00002100000000000
22 60 30 4 0.00001700000000000
23 63 34 4 0.00002300000000000
16 42 24 3 0.00001400000000000
22 60 34 4 0.00002100000000000
19 51 25 4 0.00002000000000000
24 66 26 3 0.00001600000000000
24 66 24 3 0.00002500000000000
23 63 32 4 0.00002400000000000
24 66 27 4 0.00002400000000000
24 66 25 4 0.00001900000000000
23 63 25 3 0.00001600000000000
24 66 30 4 0.00002900000000000
24 66 33 4 0.00001700000000000
25 69 27 3 0.00002100000000000
22 60 28 4 0.00002000000000000
24 66 31 3 0.00002300000000000
23 63 30 4 0.00001900000000000
23 63 25 4 0.00002400000000000
24 66 25 3 0.00002900000000000
25 69 23 3 0.00002000000000000
25 69 24 3 0.00001500000000000
25 69 25 3 0.00002000000000000
25 69 32 4 0.00001900000000000
23 63 30 4 0.00001900000000000
18 48 27 4 0.00001600000000000
22 60 31 4 0.00001700000000000
26 72 31 4 0.00002300000000000
25 69 32 3 0.00002700000000000
25 69 30 4 0.00002300000000000
26 72 24 3 0.00001600000000000
26 72 33 3 0.00002400000000000
27 75 32 4 0.00002000000000000
25 69 27 4 0.00002000000000000
26 72 22 3 0.00001500000000000
27 75 36 4 0.00002900000000000
23 63 25 3 0.00002000000000000
27 75 34 4 0.00002600000000000
26 72 37 4 0.00002500000000000
27 75 28 3 0.00001800000000000
24 66 30 4 0.00002900000000000
27 75 29 4 0.00002400000000000
21 57 29 3 0.00001900000000000
26 72 35 4 0.00002800000000000
26 72 33 4 0.00002300000000000
28 78 31 4 0.00003000000000000
23 63 24 3 0.00001800000000000
28 78 29 3 0.00002300000000000
28 78 28 3 0.00002900000000000
25 69 24 3 0.00001900000000000
27 75 28 3 0.00001800000000000
25 69 22 3 0.00001900000000000
26 72 27 4 0.00001700000000000
28 78 29 4 0.00001900000000000
28 78 31 4 0.00002400000000000
27 75 26 4 0.00002200000000000
27 75 30 4 0.00001800000000000
28 78 26 3 0.00003000000000000
29 81 36 4 0.00002500000000000
22 60 20 4 0.00005500000000000
29 81 29 3 0.00002300000000000
26 72 28 4 0.00002300000000000
24 66 27 4 0.00003100000000000
30 84 29 4 0.00002400000000000
29 81 37 4 0.00003000000000000
29 81 32 4 0.00003400000000000
18 48 25 3 0.00001600000000000
30 84 28 3 0.00002000000000000
27 75 38 4 0.00003500000000000
29 81 37 3 0.00004100000000000
30 84 30 3 0.00008800000000000
29 81 34 4 0.00002800000000000
28 78 38 3 0.00003200000000000
29 81 18 3 0.00001500000000000
30 84 31 3 0.00002600000000000
27 75 24 3 0.00002100000000000
26 72 29 3 0.00002200000000000
13 33 18 3 0.00001100000000000
30 84 36 3 0.00002300000000000
31 87 31 3 0.00002600000000000
28 78 25 3 0.00003200000000000
31 87 30 4 0.00002600000000000
31 87 32 3 0.00002700000000000
31 87 37 3 0.00002500000000000
31 87 30 4 0.00002700000000000
31 87 33 4 0.00002700000000000
29 81 35 3 0.00003700000000000
29 81 34 4 0.00002600000000000
31 87 29 4 0.00002000000000000
28 78 27 3 0.00002600000000000
32 90 37 4 0.00002400000000000
30 84 39 4 0.00003000000000000
32 90 31 4 0.00002000000000000
31 87 30 3 0.00002800000000000
29 81 33 3 0.00002000000000000
28 78 35 3 0.00003500000000000
33 93 31 3 0.00002700000000000
31 87 29 3 0.00002600000000000
33 93 35 3 0.00003700000000000
33 93 33 4 0.00002900000000000
30 84 26 4 0.00002400000000000
32 90 27 3 0.00002900000000000
31 87 36 4 0.00002800000000000
33 93 28 3 0.00002500000000000
34 96 34 4 0.00004000000000000
32 90 31 3 0.00002700000000000
33 93 31 4 0.00002200000000000
33 93 33 3 0.00003400000000000
33 93 32 4 0.00003300000000000
32 90 35 4 0.00002800000000000
34 96 33 4 0.00002400000000000
32 90 30 4 0.00003100000000000
33 93 41 4 0.00003600000000000
34 96 25 3 0.00002600000000000
32 90 31 3 0.00002600000000000
33 93 39 4 0.00004000000000000
34 96 33 3 0.00002400000000000
34 96 37 4 0.00003100000000000
34 96 27 3 0.00002900000000000
35 99 34 4 0.00003200000000000
35 99 31 3 0.00002900000000000
35 99 33 3 0.00002500000000000
20 54 25 4 0.00002300000000000
35 99 30 3 0.00002300000000000
35 99 37 4 0.00003300000000000
34 96 34 4 0.00002200000000000
32 90 32 4 0.00003200000000000
32 90 31 4 0.00002700000000000
33 93 34 4 0.00003600000000000
35 99 40 3 0.00002800000000000
34 96 30 3 0.00002800000000000
36 102 27 4 0.00002600000000000
30 84 31 4 0.00002500000000000
36 102 35 4 0.00002400000000000
36 102 37 4 0.00003200000000000
35 99 31 3 0.00002400000000000
36 102 29 3 0.00002800000000000
36 102 39 3 0.00002600000000000
37 105 31 3 0.00003800000000000
37 105 31 4 0.00002400000000000
36 102 42 4 0.00003500000000000
37 105 37 3 0.00004000000000000
37 105 32 4 0.00002800000000000
36 102 25 3 0.00002800000000000
38 108 28 4 0.00003400000000000
36 102 24 4 0.00002500000000000
37 105 36 4 0.00003500000000000
38 108 36 4 0.00003800000000000
37 105 28 3 0.00003300000000000
32 90 33 4 0.00002900000000000
37 105 33 3 0.00003500000000000
37 105 32 4 0.00003500000000000
38 108 32 4 0.00004400000000000
38 108 34 3 0.00003200000000000
38 108 27 3 0.00002900000000000
34 96 31 3 0.00002900000000000
38 108 33 3 0.00002600000000000
37 105 33 4 0.00004100000000000
38 108 37 4 0.00002700000000000
37 105 34 4 0.00004200000000000
35 99 30 4 0.00002700000000000
35 99 33 3 0.00003300000000000
39 111 31 4 0.00002600000000000
35 99 31 3 0.00003000000000000
40 114 28 3 0.00002300000000000
39 111 31 4 0.00003400000000000
39 111 33 3 0.00003400000000000
39 111 33 4 0.00002700000000000
40 114 37 4 0.00003500000000000
39 111 39 4 0.00003500000000000
39 111 37 4 0.00003500000000000
40 114 33 3 0.00002800000000000
36 102 39 3 0.00003400000000000
40 114 41 4 0.00003100000000000
40 114 37 4 0.00003600000000000
36 102 37 3 0.00002600000000000
39 111 40 4 0.00003200000000000
41 117 40 4 0.00003200000000000
39 111 41 4 0.00003800000000000
41 117 29 3 0.00002500000000000
41 117 41 4 0.00003200000000000
38 108 41 4 0.00002900000000000
41 117 36 3 0.00003800000000000
40 114 37 3 0.00003600000000000
41 117 40 3 0.00004000000000000
41 117 35 3 0.00003700000000000
40 114 28 3 0.00003200000000000
41 117 32 3 0.00003000000000000
39 111 31 4 0.00003100000000000
42 120 39 4 0.00003500000000000
40 114 31 3 0.00003300000000000
38 108 30 3 0.00003300000000000
42 120 40 4 0.00004000000000000
41 117 38 4 0.00003900000000000
43 123 36 3 0.00003900000000000
42 120 27 3 0.00004100000000000
42 120 32 4 0.00003100000000000
40 114 37 3 0.00003700000000000
42 120 32 4 0.00004100000000000
43 123 35 4 0.00002900000000000
30 84 32 3 0.00010500000000000
42 120 32 3 0.00004200000000000
43 123 35 4 0.00004400000000000
43 123 29 4 0.00002700000000000
39 111 38 4 0.00003500000000000
42 120 32 3 0.00003400000000000
43 123 40 4 0.00004800000000000
43 123 26 3 0.00003100000000000
44 126 34 3 0.00003100000000000
42 120 50 4 0.00004900000000000
30 84 25 3 0.00002300000000000
44 126 21 3 0.00002300000000000
42 120 30 3 0.00004400000000000
34 96 29 3 0.00002900000000000
43 123 24 3 0.00002400000000000
43 123 46 4 0.00005300000000000
44 126 34 3 0.00003700000000000
45 129 35 4 0.00003100000000000
44 126 41 4 0.00004100000000000
45 129 34 4 0.00004200000000000
45 129 32 3 0.00002800000000000
42 120 40 3 0.00004700000000000
44 126 32 4 0.00003600000000000
44 126 29 3 0.00003400000000000
45 129 37 3 0.00004200000000000
44 126 40 3 0.00004100000000000
44 126 30 3 0.00002900000000000
41 117 42 4 0.00004000000000000
46 132 39 3 0.00004500000000000
46 132 42 4 0.00005100000000000
40 114 43 4 0.00004200000000000
44 126 35 4 0.00004200000000000
41 117 36 4 0.00002900000000000
46 132 35 3 0.00004600000000000
43 123 41 4 0.00003400000000000
46 132 39 3 0.00004400000000000
46 132 36 4 0.00007100000000000
38 108 32 3 0.00003200000000000
46 132 34 4 0.00003500000000000
46 132 39 4 0.00005100000000000
44 126 39 4 0.00004000000000000
47 135 24 3 0.00003900000000000
47 135 34 4 0.00003100000000000
46 132 42 4 0.00005000000000000
45 129 32 3 0.00003300000000000
47 135 39 4 0.00004200000000000
46 132 37 3 0.00005000000000000
45 129 29 4 0.00003400000000000
47 135 38 3 0.00004200000000000
48 138 29 3 0.00002800000000000
47 135 43 4 0.00004500000000000
46 132 29 3 0.00004000000000000
47 135 32 3 0.00004700000000000
48 138 39 3 0.00003600000000000
45 129 32 4 0.00004100000000000
49 141 36 3 0.00003700000000000
47 135 33 4 0.00003500000000000
47 135 39 4 0.00004300000000000
49 141 33 4 0.00003200000000000
48 138 43 3 0.00004700000000000
45 129 28 3 0.00003300000000000
48 138 33 4 0.00004000000000000
48 138 32 3 0.00004100000000000
49 141 37 3 0.00003300000000000
45 129 35 3 0.00004200000000000
49 141 44 4 0.00004900000000000
43 123 30 3 0.00004100000000000
49 141 49 4 0.00004800000000000
48 138 35 3 0.00004400000000000
45 129 40 3 0.00004400000000000
47 135 49 4 0.00004600000000000
49 141 28 3 0.00003600000000000
50 144 38 3 0.00004700000000000
49 141 47 3 0.00004900000000000
48 138 33 4 0.00006700000000000
47 135 45 4 0.00005300000000000
49 141 32 3 0.00003200000000000
50 144 43 4 0.00006300000000000
55 159 46 4 0.00007600000000000
50 144 40 4 0.00004700000000000
49 141 41 4 0.00003800000000000
55 159 45 4 0.00004900000000000
50 144 40 3 0.00005100000000000
48 138 42 4 0.00004600000000000
55 159 40 4 0.00007100000000000
55 159 34 3 0.00004200000000000
55 159 36 3 0.00004400000000000
55 159 39 3 0.00006800000000000
55 159 38 3 0.00005800000000000
50 144 39 3 0.00005300000000000
60 174 37 3 0.00005600000000000
60 174 34 3 0.00005500000000000
55 159 32 3 0.00005600000000000
60 174 33 4 0.00004800000000000
60 174 43 3 0.00005600000000000
60 174 45 4 0.00005500000000000
48 138 27 3 0.00003600000000000
60 174 38 3 0.00005400000000000
50 144 35 4 0.00005100000000000
50 144 33 4 0.00004700000000000
48 138 38 4 0.00004200000000000
60 174 42 3 0.00005500000000000
50 144 32 3 0.00004700000000000
49 141 43 3 0.00004600000000000
60 174 43 4 0.00007400000000000
70 204 37 3 0.00005900000000000
60 174 39 3 0.00006600000000000
65 189 42 3 0.00006300000000000
70 204 38 3 0.00007200000000000
65 189 34 3 0.00006300000000000
65 189 40 3 0.00007000000000000
65 189 44 3 0.00006700000000000
65 189 38 3 0.00006500000000000
65 189 32 3 0.00005300000000000
60 174 52 3 0.00007900000000000
70 204 53 3 0.00008500000000000
70 204 41 4 0.00005000000000000
55 159 36 3 0.00039100000000000
65 189 45 3 0.00006400000000000
75 219 42 4 0.00007100000000000
75 219 44 3 0.00006600000000000
70 204 40 3 0.00007500000000000
70 204 50 4 0.00008000000000000
50 144 47 3 0.00005600000000000
55 159 43 4 0.00006600000000000
50 144 50 4 0.00005900000000000
70 204 43 4 0.00007100000000000
65 189 33 3 0.00006500000000000
75 219 49 4 0.00006000000000000
75 219 33 3 0.00006100000000000
75 219 48 3 0.00007300000000000
70 204 45 4 0.00007500000000000
75 219 42 3 0.00007000000000000
75 219 53 4 0.00007900000000000
80 234 34 4 0.00006800000000000
75 219 36 3 0.00006200000000000
65 189 58 4 0.00007300000000000
70 204 45 4 0.00007600000000000
75 219 38 4 0.00005200000000000
75 219 37 4 0.00006200000000000
80 234 54 4 0.00007200000000000
70 204 43 3 0.00006300000000000
80 234 49 4 0.00008400000000000
85 249 42 4 0.00006200000000000
80 234 41 4 0.00007700000000000
80 234 36 3 0.00006500000000000
80 234 34 3 0.00006300000000000
80 234 43 3 0.00007600000000000
65 189 42 3 0.00020800000000000
80 234 42 4 0.00006700000000000
80 234 39 3 0.00007100000000000
85 249 51 4 0.00008800000000000
85 249 49 3 0.00008200000000000
90 264 42 3 0.00006700000000000
85 249 34 3 0.00006400000000000
85 249 52 4 0.00008900000000000
85 249 42 3 0.00007600000000000
85 249 33 3 0.00007000000000000
85 249 41 3 0.00007600000000000
90 264 33 3 0.00007300000000000
90 264 38 3 0.00007700000000000
85 249 47 4 0.00007000000000000
90 264 41 3 0.00008400000000000
85 249 43 3 0.00009100000000000
90 264 55 4 0.00007900000000000
90 264 34 3 0.00007300000000000
90 264 53 4 0.00007700000000000
80 234 39 3 0.00007500000000000
90 264 47 4 0.00008500000000000
90 264 43 4 0.00009900000000000
95 279 32 3 0.00006700000000000
90 264 43 3 0.00007800000000000
95 279 43 4 0.00010000000000000
95 279 40 3 0.00009600000000000
95 279 35 3 0.00008700000000000
95 279 48 3 0.00010800000000000
95 279 46 3 0.00010100000000000
95 279 43 4 0.00009900000000000
95 279 41 3 0.00008900000000000
95 279 42 3 0.00010000000000000
100 294 51 4 0.00011900000000000
100 294 36 3 0.00009000000000000
100 294 49 3 0.00011200000000000
100 294 35 3 0.00008600000000000
110 324 45 3 0.00009700000000000
100 294 55 4 0.00012100000000000
100 294 49 3 0.00011400000000000
110 324 51 3 0.00009700000000000
100 294 40 3 0.00010300000000000
110 324 43 4 0.00010700000000000
110 324 47 4 0.00010900000000000
100 294 46 4 0.00008400000000000
100 294 48 4 0.00009700000000000
100 294 42 3 0.00008300000000000
110 324 39 3 0.00010800000000000
110 324 50 3 0.00013100000000000
110 324 54 4 0.00012600000000000
110 324 58 3 0.00013600000000000
110 324 40 3 0.00010200000000000
120 354 44 3 0.00012600000000000
110 324 61 4 0.00013500000000000
120 354 37 3 0.00008900000000000
120 354 47 3 0.00013800000000000
120 354 46 4 0.00012200000000000
120 354 49 4 0.00013300000000000
130 384 66 3 0.00012600000000000
120 354 45 3 0.00014000000000000
120 354 40 3 0.00012300000000000
130 384 52 3 0.00009700000000000
120 354 40 4 0.00011200000000000
120 354 35 3 0.00011400000000000
130 384 38 3 0.00010600000000000
130 384 46 4 0.00012500000000000
130 384 53 4 0.00011400000000000
130 384 48 4 0.00009700000000000
130 384 39 3 0.00010500000000000
140 414 39 3 0.00009900000000000
130 384 59 3 0.00014700000000000
130 384 45 3 0.00012400000000000
130 384 39 3 0.00011100000000000
140 414 58 4 0.00017300000000000
140 414 41 3 0.00013000000000000
140 414 40 3 0.00013800000000000
140 414 51 3 0.00016200000000000
140 414 58 3 0.00017100000000000
140 414 61 3 0.00017300000000000
140 414 51 3 0.00017100000000000
140 414 44 3 0.00033400000000000
140 414 38 3 0.00040500000000000
150 444 62 4 0.00072500000000000
150 444 42 3 0.00065600000000000
150 444 60 3 0.00072000000000000
150 444 41 3 0.00066600000000000
150 444 52 3 0.00070000000000000
150 444 35 4 0.00063400000000000
150 444 58 4 0.00068900000000000
150 444 46 3 0.00063600000000000
150 444 49 3 0.00063000000000000
150 444 56 4 0.00056600000000000
160 474 44 3 0.00056200000000000
160 474 38 3 0.00054900000000000
160 474 35 3 0.00063500000000000
160 474 38 3 0.00063800000000000
160 474 63 3 0.00065200000000000
160 474 46 4 0.00065600000000000
160 474 51 3 0.00067700000000000
160 474 57 4 0.00067200000000000
160 474 51 3 0.00064000000000000
160 474 29 3 0.00060900000000000
170 504 65 4 0.00019200000000000
170 504 53 3 0.00016800000000000
170 504 63 4 0.00022000000000000
170 504 41 3 0.00016000000000000
170 504 65 4 0.00017800000000000
95 279 33 3 0.00352800000000000
170 504 46 4 0.00017900000000000
170 504 56 3 0.00016600000000000
170 504 66 4 0.00021900000000000
170 504 39 3 0.00014700000000000
170 504 51 3 0.00019100000000000
120 354 52 4 0.00023800000000000
180 534 53 3 0.00074200000000000
180 534 40 3 0.00072000000000000
180 534 44 3 0.00073800000000000
180 534 54 4 0.00077000000000000
180 534 50 4 0.00077100000000000
180 534 35 3 0.00069500000000000
180 534 49 3 0.00069000000000000
180 534 51 4 0.00067600000000000
180 534 45 4 0.00064300000000000
180 534 50 4 0.00070100000000000
190 564 52 4 0.00064400000000000
190 564 51 3 0.00068200000000000
190 564 60 3 0.00067000000000000
190 564 61 3 0.00073400000000000
190 564 53 3 0.00070000000000000
190 564 48 4 0.00059100000000000
190 564 52 4 0.00066200000000000
190 564 46 3 0.00056200000000000
190 564 51 3 0.00062800000000000
200 594 42 3 0.00070000000000000
200 594 46 3 0.00076000000000000
200 594 53 3 0.00078000000000000
200 594 46 3 0.00077500000000000
200 594 47 4 0.00075800000000000
200 594 59 3 0.00075100000000000
200 594 50 4 0.00069500000000000
200 594 62 4 0.00078100000000000
200 594 48 3 0.00070400000000000
225 669 80 3 0.00082100000000000
225 669 57 4 0.00078000000000000
225 669 45 3 0.00073800000000000
225 669 44 3 0.00069900000000000
225 669 53 4 0.00070700000000000
225 669 46 4 0.00070600000000000
225 669 63 4 0.00077900000000000
225 669 54 3 0.00063100000000000
225 669 40 3 0.00059300000000000
225 669 53 3 0.00072900000000000
250 744 53 4 0.00079900000000000
250 744 46 3 0.00074400000000000
250 744 66 4 0.00080000000000000
250 744 59 4 0.00080100000000000
250 744 51 3 0.00078800000000000
250 744 64 3 0.00079600000000000
250 744 55 3 0.00079700000000000
250 744 67 4 0.00071900000000000
250 744 58 3 0.00077000000000000
250 744 57 3 0.00074700000000000
190 564 51 3 0.00113700000000000
200 594 53 4 0.00062800000000000
275 819 50 4 0.00081500000000000
275 819 41 3 0.00081600000000000
275 819 58 3 0.00083900000000000
275 819 55 4 0.00089900000000000
275 819 59 3 0.00091000000000000
275 819 56 3 0.00090900000000000
275 819 46 3 0.00076600000000000
275 819 46 3 0.00080800000000000
275 819 67 3 0.00084800000000000
275 819 71 4 0.00074500000000000
300 894 67 3 0.00141500000000000
300 894 65 3 0.00140700000000000
300 894 63 3 0.00147500000000000
300 894 68 4 0.00145700000000000
300 894 45 3 0.00130000000000000
300 894 51 3 0.00125200000000000
300 894 46 3 0.00125700000000000
300 894 68 4 0.00143200000000000
300 894 76 3 0.00141300000000000
300 894 62 4 0.00149100000000000
325 969 64 3 0.00134100000000000
325 969 41 4 0.00130900000000000
325 969 55 3 0.00125200000000000
325 969 51 3 0.00133500000000000
325 969 69 4 0.00145000000000000
325 969 59 3 0.00125900000000000
325 969 70 3 0.00143800000000000
325 969 49 3 0.00126800000000000
350 1044 56 3 0.00143000000000000
350 1044 47 3 0.00132200000000000
350 1044 51 3 0.00135500000000000
350 1044 54 4 0.00126400000000000
350 1044 52 3 0.00136900000000000
350 1044 56 3 0.00140400000000000
350 1044 54 3 0.00124800000000000
350 1044 73 3 0.00147100000000000
350 1044 55 3 0.00136200000000000
350 1044 62 3 0.00132500000000000
375 1119 49 3 0.00085700000000000
375 1119 47 3 0.00087600000000000
375 1119 60 3 0.00089500000000000
375 1119 47 3 0.00091400000000000
375 1119 54 3 0.00087100000000000
375 1119 45 3 0.00081400000000000
375 1119 82 3 0.00112800000000000
375 1119 52 3 0.00086400000000000
375 1119 71 4 0.00102600000000000
375 1119 77 4 0.00099800000000000
400 1194 54 3 0.00147500000000000
400 1194 62 3 0.00136600000000000
400 1194 83 4 0.00148800000000000
400 1194 40 3 0.00118400000000000
400 1194 55 3 0.00140600000000000
400 1194 63 3 0.00141600000000000
400 1194 57 3 0.00143700000000000
400 1194 54 3 0.00134200000000000
400 1194 63 3 0.00141200000000000
400 1194 74 4 0.00154600000000000
325 969 41 3 0.00142100000000000
325 969 49 3 0.00097800000000000
425 1269 40 3 0.00146900000000000
425 1269 63 3 0.00152900000000000
425 1269 59 3 0.00161700000000000
425 1269 61 4 0.00141300000000000
425 1269 57 4 0.00152700000000000
425 1269 52 3 0.00148100000000000
425 1269 65 3 0.00149400000000000
425 1269 70 3 0.00147500000000000
425 1269 64 3 0.00141400000000000
425 1269 58 3 0.00149000000000000
450 1344 65 3 0.00155700000000000
450 1344 62 3 0.00141600000000000
450 1344 52 3 0.00140500000000000
450 1344 48 3 0.00133200000000000
450 1344 46 3 0.00139100000000000
450 1344 63 4 0.00160000000000000
450 1344 60 3 0.00150800000000000
450 1344 57 3 0.00144300000000000
450 1344 58 4 0.00154000000000000
450 1344 53 3 0.00135300000000000
475 1419 65 3 0.00206600000000000
475 1419 57 3 0.00209200000000000
475 1419 49 3 0.00207900000000000
475 1419 45 3 0.00208300000000000
475 1419 67 3 0.00205000000000000
475 1419 61 3 0.00208700000000000
475 1419 59 3 0.00209200000000000
475 1419 58 3 0.00191700000000000
500 1494 54 4 0.00155400000000000
500 1494 83 4 0.00165200000000000
500 1494 79 4 0.00158500000000000
500 1494 49 3 0.00154200000000000
500 1494 88 4 0.00157000000000000
500 1494 52 3 0.00147300000000000
500 1494 52 3 0.00153400000000000
500 1494 56 4 0.00150300000000000
500 1494 77 4 0.00167100000000000
500 1494 48 3 0.00132200000000000
550 1644 58 3 0.00157500000000000
550 1644 76 3 0.00181900000000000
550 1644 57 3 0.00149800000000000
550 1644 66 3 0.00167400000000000
550 1644 54 3 0.00161700000000000
550 1644 82 4 0.00188900000000000
550 1644 79 4 0.00183800000000000
550 1644 50 3 0.00147200000000000
550 1644 61 4 0.00159200000000000
550 1644 69 3 0.00178700000000000
475 1419 56 4 0.00177800000000000
475 1419 61 3 0.00247000000000000
600 1794 62 4 0.00177500000000000
600 1794 50 3 0.00159400000000000
600 1794 53 3 0.00159600000000000
600 1794 59 3 0.00179900000000000
600 1794 59 3 0.00157800000000000
600 1794 56 4 0.00168400000000000
600 1794 69 3 0.00176900000000000
600 1794 60 3 0.00170500000000000
600 1794 64 3 0.00174100000000000
600 1794 68 3 0.00162800000000000
650 1944 55 3 0.00156500000000000
650 1944 45 3 0.00165600000000000
650 1944 70 3 0.00164600000000000
650 1944 82 3 0.00206800000000000
650 1944 53 3 0.00154100000000000
650 1944 60 3 0.00165700000000000
650 1944 49 3 0.00163300000000000
650 1944 55 3 0.00159900000000000
650 1944 67 3 0.00167400000000000
650 1944 69 3 0.00170100000000000
700 2094 68 3 0.00229800000000000
700 2094 48 3 0.00233100000000000
700 2094 75 4 0.00229700000000000
700 2094 55 3 0.00220100000000000
700 2094 76 4 0.00264700000000000
700 2094 54 3 0.00248900000000000
700 2094 60 4 0.00242700000000000
700 2094 51 3 0.00217700000000000
750 2244 79 4 0.00247100000000000
750 2244 59 3 0.00242100000000000
750 2244 54 3 0.00230900000000000
750 2244 51 4 0.00221900000000000
750 2244 55 4 0.00229000000000000
750 2244 55 4 0.00196300000000000
750 2244 87 3 0.00275400000000000
750 2244 79 3 0.00230900000000000
750 2244 64 4 0.00212900000000000
750 2244 102 3 0.00269500000000000
800 2394 55 3 0.00280200000000000
800 2394 77 4 0.00301000000000000
800 2394 63 3 0.00317900000000000
800 2394 94 4 0.00332200000000000
800 2394 86 3 0.00343000000000000
800 2394 78 3 0.00332300000000000
800 2394 73 3 0.00315300000000000
800 2394 57 3 0.00281900000000000
800 2394 77 4 0.00320900000000000
800 2394 67 3 0.00291700000000000
700 2094 66 3 0.00422200000000000
700 2094 74 3 0.00284500000000000
850 2544 67 3 0.00247300000000000
850 2544 55 3 0.00237500000000000
850 2544 70 3 0.00262300000000000
850 2544 52 3 0.00242000000000000
850 2544 51 3 0.00205100000000000
850 2544 60 3 0.00252400000000000
850 2544 69 3 0.00275800000000000
850 2544 75 3 0.00259700000000000
850 2544 64 3 0.00228900000000000
850 2544 63 3 0.00238900000000000
900 2694 62 3 0.00290000000000000
900 2694 65 3 0.00285700000000000
900 2694 78 4 0.00301500000000000
900 2694 69 3 0.00318400000000000
900 2694 62 3 0.00302100000000000
900 2694 62 3 0.00299200000000000
900 2694 54 3 0.00279700000000000
900 2694 62 3 0.00296100000000000
900 2694 66 3 0.00292700000000000
900 2694 81 3 0.00323600000000000
950 2844 67 3 0.00301600000000000
950 2844 68 3 0.00309400000000000
950 2844 52 3 0.00282100000000000
950 2844 74 4 0.00291400000000000
950 2844 70 4 0.00314600000000000
950 2844 50 3 0.00276900000000000
950 2844 78 3 0.00336200000000000
950 2844 75 3 0.00330800000000000
1000 2994 70 3 0.00317600000000000
1000 2994 54 4 0.00305700000000000
1000 2994 66 3 0.00335200000000000
1000 2994 71 4 0.00342900000000000
1000 2994 61 3 0.00283900000000000
1000 2994 64 3 0.00303800000000000
1000 2994 58 3 0.00338500000000000
1000 2994 73 3 0.00323800000000000
1000 2994 68 3 0.00300900000000000
1000 2994 81 3 0.00335200000000000
1100 3294 81 3 0.00313000000000000
1100 3294 66 3 0.00311700000000000
1100 3294 56 3 0.00299100000000000
1100 3294 57 3 0.00291200000000000
1100 3294 55 4 0.00292300000000000
1100 3294 66 3 0.00267800000000000
1100 3294 62 3 0.00303600000000000
1100 3294 70 3 0.00297400000000000
1100 3294 71 3 0.00312000000000000
1100 3294 75 4 0.00318400000000000
950 2844 59 3 0.00518900000000000
950 2844 55 3 0.00257300000000000
1200 3594 70 3 0.00319900000000000
1200 3594 79 3 0.00371200000000000
1200 3594 73 3 0.00297700000000000
1200 3594 62 4 0.00275000000000000
1200 3594 85 3 0.00350800000000000
1200 3594 71 3 0.00288500000000000
1200 3594 93 4 0.00355700000000000
1200 3594 56 4 0.00268600000000000
1200 3594 63 3 0.00277200000000000
1200 3594 70 3 0.00353600000000000
1300 3894 75 3 0.00366700000000000
1300 3894 94 4 0.00363600000000000
1300 3894 68 4 0.00315200000000000
1300 3894 61 3 0.00279900000000000
1300 3894 69 3 0.00350900000000000
1300 3894 51 3 0.00277800000000000
1300 3894 67 4 0.00310000000000000
1300 3894 75 3 0.00320600000000000
1300 3894 60 4 0.00301600000000000
1300 3894 72 4 0.00339700000000000
1400 4194 65 3 0.00364100000000000
1400 4194 79 3 0.00421200000000000
1400 4194 93 3 0.00702400000000000
1400 4194 66 3 0.00371200000000000
1400 4194 72 4 0.00386100000000000
1400 4194 78 3 0.00358500000000000
1400 4194 47 3 0.00295200000000000
1400 4194 82 4 0.00332900000000000
1400 4194 67 3 0.00283400000000000
1400 4194 70 3 0.00345300000000000
1500 4494 80 3 0.00402000000000000
1500 4494 47 3 0.00310800000000000
1500 4494 79 3 0.00331900000000000
1500 4494 61 3 0.00372400000000000
1500 4494 65 3 0.00374500000000000
1500 4494 93 3 0.00654900000000000
1600 4794 78 3 0.00987400000000000
1600 4794 70 3 0.00832100000000000
1500 4494 73 4 0.00370800000000000
1500 4494 62 3 0.00334100000000000
1500 4494 86 3 0.00380900000000000
1500 4494 65 3 0.00355300000000000
1600 4794 60 3 0.00396700000000000
1600 4794 61 4 0.00387200000000000
1600 4794 64 3 0.00418400000000000
1600 4794 73 3 0.00421100000000000
1600 4794 71 3 0.00456000000000000
1600 4794 76 4 0.00412900000000000
1600 4794 70 3 0.00451900000000000
1600 4794 88 3 0.00508800000000000
1800 5394 69 4 0.00627100000000000
1800 5394 61 4 0.00531100000000000
1700 5094 64 3 0.00390700000000000
1700 5094 60 3 0.00393200000000000
1700 5094 61 3 0.00366700000000000
1700 5094 94 3 0.00463700000000000
1700 5094 65 3 0.00328600000000000
1700 5094 56 3 0.00400100000000000
1700 5094 75 3 0.00486500000000000
1700 5094 71 3 0.00409900000000000
1700 5094 75 3 0.00429300000000000
1700 5094 90 4 0.00487900000000000
1800 5394 82 3 0.00482800000000000
1800 5394 70 4 0.00437000000000000
1800 5394 82 3 0.00470900000000000
1800 5394 61 3 0.00475700000000000
1800 5394 61 3 0.00432800000000000
1800 5394 104 4 0.00606300000000000
1800 5394 78 3 0.00483000000000000
1800 5394 72 3 0.00436600000000000
1900 5694 59 3 0.00568600000000000
2000 5994 69 3 0.00712000000000000
1900 5694 89 4 0.00515700000000000
1900 5694 99 3 0.00585400000000000
1900 5694 76 3 0.00474400000000000
1900 5694 67 3 0.00474400000000000
1900 5694 52 3 0.00391200000000000
1900 5694 62 3 0.00413900000000000
1900 5694 81 3 0.00467300000000000
1900 5694 61 3 0.00387000000000000
1900 5694 77 3 0.00470900000000000
2000 5994 76 4 0.00463400000000000
2000 5994 72 3 0.00527300000000000
2000 5994 65 3 0.00484000000000000
2000 5994 63 3 0.00446400000000000
2000 5994 79 3 0.00517300000000000
2250 6744 50 3 0.00456100000000000
2250 6744 64 3 0.00688900000000000
2000 5994 71 3 0.00431500000000000
2000 5994 58 3 0.00406200000000000
2000 5994 59 3 0.00377800000000000
2000 5994 91 3 0.00493000000000000
2250 6744 59 3 0.00479500000000000
2250 6744 92 4 0.00588200000000000
2250 6744 57 3 0.00735000000000000
2250 6744 68 3 0.00792300000000000
2250 6744 73 3 0.00479100000000000
2250 6744 78 3 0.00523100000000000
2250 6744 72 3 0.00506600000000000
2250 6744 74 3 0.00464600000000000
2750 8244 78 3 0.01243300000000000
2750 8244 72 3 0.00964800000000000
2500 7494 83 3 0.00591900000000000
2500 7494 89 3 0.00646300000000000
2500 7494 80 4 0.00598200000000000
2500 7494 72 3 0.00572200000000000
2500 7494 73 3 0.00536500000000000
2500 7494 76 3 0.00577500000000000
3000 8994 67 3 0.00407200000000000
2500 7494 77 3 0.00651100000000000
2500 7494 84 4 0.00606900000000000
2500 7494 64 3 0.00600600000000000
2500 7494 71 3 0.00627400000000000
2750 8244 68 4 0.00605100000000000
2750 8244 68 3 0.00570500000000000
2750 8244 104 3 0.00771800000000000
2750 8244 66 3 0.00537800000000000
2750 8244 69 3 0.00550500000000000
2750 8244 87 3 0.00623500000000000
2750 8244 72 3 0.00562900000000000
2750 8244 104 3 0.00763300000000000
3000 8994 96 3 0.00791200000000000
3000 8994 69 3 0.00537400000000000
3000 8994 72 4 0.00528600000000000
3000 8994 89 3 0.00601200000000000
3000 8994 71 3 0.00371000000000000
3000 8994 80 4 0.00498100000000000
3000 8994 77 3 0.00533200000000000
3000 8994 83 3 0.00454700000000000
3000 8994 87 3 0.00552000000000000
