Nodos Aristas Frontera |CMF| Segundos
3 3 2 2 0.00071300000000000
2 1 1 2 0.00013300000000000
4 6 4 4 0.00000200000000000
4 6 4 4 0.00000200000000000
3 3 2 2 0.00000200000000000
4 6 4 4 0.00000100000000000
3 3 2 2 0.00000200000000000
2 1 1 2 0.00027000000000000
4 6 4 4 0.00000200000000000
4 6 4 4 0.00000300000000000
2 1 1 2 0.00000800000000000
2 1 1 2 0.00005200000000000
4 6 4 4 0.00000100000000000
2 1 1 2 0.00011500000000000
2 1 1 2 0.00001100000000000
4 6 4 4 0.00000100000000000
5 8 5 2 0.00001700000000000
3 3 2 2 0.00000200000000000
3 3 2 2 0.00000100000000000
4 6 4 4 0.00000200000000000
5 8 5 2 0.00000800000000000
2 1 1 2 0.00001000000000000
6 10 6 2 0.00000900000000000
6 10 6 2 0.00001000000000000
3 3 2 2 0.00000100000000000
6 10 6 2 0.00000400000000000
6 10 6 2 0.00001000000000000
5 8 5 2 0.00000800000000000
2 1 1 2 0.00001200000000000
3 3 2 2 0.00000200000000000
6 10 6 2 0.00000300000000000
5 8 5 2 0.00000600000000000
7 12 7 2 0.00000400000000000
5 8 5 2 0.00000600000000000
2 1 1 2 0.00011100000000000
7 12 7 2 0.00000400000000000
6 10 6 2 0.00000400000000000
7 12 7 2 0.00000300000000000
4 6 4 4 0.00000500000000000
6 10 6 2 0.00000600000000000
6 10 6 2 0.00001900000000000
8 14 8 2 0.00000400000000000
5 8 5 2 0.00002500000000000
8 14 8 2 0.00001100000000000
7 12 7 2 0.00001000000000000
7 12 7 2 0.00000400000000000
7 12 7 2 0.00000500000000000
8 14 8 2 0.00000700000000000
7 12 7 2 0.00000900000000000
8 14 8 2 0.00000400000000000
7 12 7 2 0.00000500000000000
3 3 2 2 0.00000100000000000
5 8 5 2 0.00000800000000000
8 14 8 2 0.00000400000000000
7 12 7 2 0.00000500000000000
5 8 5 2 0.00002100000000000
9 16 9 2 0.00000500000000000
9 16 9 2 0.00000400000000000
4 6 4 4 0.00000100000000000
10 18 10 2 0.00001500000000000
8 14 8 2 0.00000600000000000
9 16 9 2 0.00000800000000000
8 14 8 2 0.00000500000000000
10 18 10 2 0.00000800000000000
9 16 9 2 0.00000500000000000
8 14 8 2 0.00000500000000000
9 16 9 2 0.00000400000000000
10 18 10 2 0.00001900000000000
10 18 10 2 0.00000500000000000
10 18 10 2 0.00000600000000000
9 16 9 2 0.00000600000000000
8 14 8 2 0.00000600000000000
10 18 10 2 0.00000700000000000
10 18 10 2 0.00000900000000000
11 20 11 2 0.00001900000000000
3 3 2 2 0.00000200000000000
10 18 10 2 0.00000600000000000
5 8 5 2 0.00001400000000000
11 20 11 2 0.00001000000000000
9 16 9 2 0.00000600000000000
11 20 11 2 0.00001700000000000
12 22 12 2 0.00000600000000000
9 16 9 2 0.00000600000000000
12 22 12 2 0.00000700000000000
11 20 11 2 0.00001700000000000
6 10 6 2 0.00002900000000000
10 18 10 2 0.00000500000000000
12 22 12 2 0.00000800000000000
12 22 12 2 0.00000800000000000
5 8 5 2 0.00002400000000000
6 10 6 2 0.00001700000000000
11 20 11 2 0.00001100000000000
13 24 13 2 0.00000600000000000
12 22 12 2 0.00000700000000000
11 20 11 2 0.00000700000000000
2 1 1 2 0.00000700000000000
11 20 11 2 0.00000500000000000
3 3 2 2 0.00000200000000000
13 24 13 2 0.00000600000000000
12 22 12 2 0.00000700000000000
11 20 11 2 0.00001400000000000
12 22 12 2 0.00000500000000000
12 22 12 2 0.00000800000000000
9 16 9 2 0.00001100000000000
13 24 13 2 0.00000700000000000
9 16 9 2 0.00000600000000000
12 22 12 2 0.00000600000000000
11 20 11 2 0.00001200000000000
14 26 14 2 0.00000600000000000
14 26 14 2 0.00000800000000000
13 24 13 2 0.00000700000000000
14 26 14 2 0.00000600000000000
13 24 13 2 0.00000700000000000
15 28 15 2 0.00001500000000000
15 28 15 2 0.00001600000000000
8 14 8 2 0.00000700000000000
13 24 13 2 0.00000800000000000
15 28 15 2 0.00001300000000000
15 28 15 2 0.00001600000000000
14 26 14 2 0.00000800000000000
15 28 15 2 0.00001500000000000
15 28 15 2 0.00000800000000000
16 30 16 2 0.00000700000000000
14 26 14 2 0.00000700000000000
16 30 16 2 0.00000900000000000
13 24 13 2 0.00000900000000000
16 30 16 2 0.00002400000000000
16 30 16 2 0.00000800000000000
14 26 14 2 0.00001000000000000
15 28 15 2 0.00001400000000000
14 26 14 2 0.00000900000000000
16 30 16 2 0.00001600000000000
17 32 17 2 0.00001000000000000
15 28 15 2 0.00001100000000000
16 30 16 2 0.00000900000000000
17 32 17 2 0.00000900000000000
11 20 11 2 0.00000600000000000
17 32 17 2 0.00001000000000000
17 32 17 2 0.00000700000000000
18 34 18 2 0.00001500000000000
14 26 14 2 0.00000600000000000
12 22 12 2 0.00000700000000000
15 28 15 2 0.00000600000000000
18 34 18 2 0.00001600000000000
17 32 17 2 0.00000800000000000
13 24 13 2 0.00000800000000000
18 34 18 2 0.00001300000000000
16 30 16 2 0.00000900000000000
17 32 17 2 0.00001000000000000
18 34 18 2 0.00001300000000000
18 34 18 2 0.00001000000000000
19 36 19 2 0.00001200000000000
19 36 19 2 0.00001300000000000
18 34 18 2 0.00001300000000000
16 30 16 2 0.00000900000000000
19 36 19 2 0.00001500000000000
14 26 14 2 0.00000800000000000
18 34 18 2 0.00001200000000000
17 32 17 2 0.00001000000000000
16 30 16 2 0.00001400000000000
17 32 17 2 0.00001000000000000
19 36 19 2 0.00002000000000000
7 12 7 2 0.00000700000000000
17 32 17 2 0.00001000000000000
20 38 20 2 0.00002200000000000
13 24 13 2 0.00000900000000000
20 38 20 2 0.00001800000000000
19 36 19 2 0.00001200000000000
20 38 20 2 0.00001400000000000
16 30 16 2 0.00001300000000000
20 38 20 2 0.00001900000000000
19 36 19 2 0.00001000000000000
15 28 15 2 0.00001600000000000
18 34 18 2 0.00001200000000000
20 38 20 2 0.00002200000000000
21 40 21 2 0.00001100000000000
19 36 19 2 0.00001200000000000
20 38 20 2 0.00001700000000000
21 40 21 2 0.00001500000000000
21 40 21 2 0.00001300000000000
21 40 21 2 0.00001300000000000
21 40 21 2 0.00001100000000000
21 40 21 2 0.00001700000000000
14 26 14 2 0.00000700000000000
20 38 20 2 0.00001300000000000
21 40 21 2 0.00001600000000000
18 34 18 2 0.00002000000000000
20 38 20 2 0.00002100000000000
19 36 19 2 0.00001100000000000
19 36 19 2 0.00000900000000000
22 42 22 2 0.00001500000000000
17 32 17 2 0.00001200000000000
22 42 22 2 0.00001400000000000
23 44 23 2 0.00001200000000000
23 44 23 2 0.00001500000000000
22 42 22 2 0.00001600000000000
20 38 20 2 0.00002500000000000
22 42 22 2 0.00001500000000000
22 42 22 2 0.00001200000000000
19 36 19 2 0.00001200000000000
23 44 23 2 0.00001200000000000
22 42 22 2 0.00004100000000000
23 44 23 2 0.00001500000000000
22 42 22 2 0.00001400000000000
20 38 20 2 0.00001200000000000
23 44 23 2 0.00001400000000000
24 46 24 2 0.00001700000000000
23 44 23 2 0.00001400000000000
13 24 13 2 0.00000800000000000
22 42 22 2 0.00001200000000000
22 42 22 2 0.00001900000000000
18 34 18 2 0.00001700000000000
25 48 25 2 0.00001500000000000
24 46 24 2 0.00002300000000000
23 44 23 2 0.00001600000000000
21 40 21 2 0.00001000000000000
22 42 22 2 0.00001500000000000
24 46 24 2 0.00001700000000000
10 18 10 2 0.00000600000000000
23 44 23 2 0.00001500000000000
23 44 23 2 0.00001300000000000
25 48 25 2 0.00001600000000000
26 50 26 2 0.00001700000000000
25 48 25 2 0.00002800000000000
21 40 21 2 0.00001300000000000
25 48 25 2 0.00001700000000000
26 50 26 2 0.00001700000000000
24 46 24 2 0.00003000000000000
25 48 25 2 0.00001700000000000
26 50 26 2 0.00001800000000000
26 50 26 2 0.00001300000000000
25 48 25 2 0.00001600000000000
24 46 24 2 0.00002300000000000
27 52 27 2 0.00001700000000000
27 52 27 2 0.00001300000000000
26 50 26 2 0.00001700000000000
25 48 25 2 0.00001400000000000
24 46 24 2 0.00002500000000000
25 48 25 2 0.00001300000000000
24 46 24 2 0.00002700000000000
28 54 28 2 0.00001600000000000
27 52 27 2 0.00001700000000000
27 52 27 2 0.00001700000000000
26 50 26 2 0.00001900000000000
24 46 24 2 0.00002700000000000
27 52 27 2 0.00001700000000000
24 46 24 2 0.00002600000000000
28 54 28 2 0.00001500000000000
27 52 27 2 0.00001800000000000
28 54 28 2 0.00002400000000000
28 54 28 2 0.00002100000000000
27 52 27 2 0.00001400000000000
28 54 28 2 0.00001900000000000
29 56 29 2 0.00002300000000000
27 52 27 2 0.00001700000000000
28 54 28 2 0.00001400000000000
23 44 23 2 0.00001700000000000
29 56 29 2 0.00002100000000000
29 56 29 2 0.00003100000000000
29 56 29 2 0.00001500000000000
28 54 28 2 0.00001900000000000
24 46 24 2 0.00001900000000000
28 54 28 2 0.00001900000000000
30 58 30 2 0.00002000000000000
30 58 30 2 0.00002000000000000
21 40 21 2 0.00001400000000000
28 54 28 2 0.00001900000000000
25 48 25 2 0.00002000000000000
30 58 30 2 0.00001600000000000
30 58 30 2 0.00002400000000000
30 58 30 2 0.00002900000000000
30 58 30 2 0.00002200000000000
30 58 30 2 0.00001600000000000
29 56 29 2 0.00002200000000000
27 52 27 2 0.00002100000000000
27 52 27 2 0.00001400000000000
31 60 31 2 0.00001700000000000
26 50 26 2 0.00001700000000000
30 58 30 2 0.00001900000000000
31 60 31 2 0.00001600000000000
29 56 29 2 0.00002700000000000
31 60 31 2 0.00002300000000000
29 56 29 2 0.00002600000000000
29 56 29 2 0.00002300000000000
31 60 31 2 0.00001800000000000
31 60 31 2 0.00002000000000000
32 62 32 2 0.00001800000000000
26 50 26 2 0.00001700000000000
32 62 32 2 0.00001800000000000
29 56 29 2 0.00002700000000000
31 60 31 2 0.00001700000000000
32 62 32 2 0.00002300000000000
31 60 31 2 0.00001700000000000
31 60 31 2 0.00002000000000000
33 64 33 2 0.00001800000000000
33 64 33 2 0.00002300000000000
32 62 32 2 0.00001900000000000
31 60 31 2 0.00002000000000000
33 64 33 2 0.00001800000000000
32 62 32 2 0.00002300000000000
31 60 31 2 0.00002100000000000
34 66 34 2 0.00002300000000000
30 58 30 2 0.00002500000000000
32 62 32 2 0.00001900000000000
33 64 33 2 0.00002300000000000
34 66 34 2 0.00002500000000000
25 48 25 2 0.00002200000000000
34 66 34 2 0.00002900000000000
32 62 32 2 0.00002200000000000
33 64 33 2 0.00002400000000000
33 64 33 2 0.00001800000000000
28 54 28 2 0.00002000000000000
34 66 34 2 0.00002700000000000
35 68 35 2 0.00003300000000000
33 64 33 2 0.00002100000000000
33 64 33 2 0.00002500000000000
32 62 32 2 0.00002300000000000
35 68 35 2 0.00002300000000000
32 62 32 2 0.00002300000000000
34 66 34 2 0.00002100000000000
34 66 34 2 0.00002000000000000
35 68 35 2 0.00002800000000000
35 68 35 2 0.00003500000000000
34 66 34 2 0.00003100000000000
33 64 33 2 0.00002300000000000
26 50 26 2 0.00001700000000000
35 68 35 2 0.00003300000000000
30 58 30 2 0.00003000000000000
36 70 36 2 0.00002300000000000
34 66 34 2 0.00003100000000000
36 70 36 2 0.00003100000000000
34 66 34 2 0.00003400000000000
36 70 36 2 0.00002300000000000
35 68 35 2 0.00003100000000000
36 70 36 2 0.00002400000000000
35 68 35 2 0.00003300000000000
37 72 37 2 0.00003100000000000
32 62 32 2 0.00002300000000000
37 72 37 2 0.00002700000000000
36 70 36 2 0.00003000000000000
36 70 36 2 0.00003000000000000
37 72 37 2 0.00002500000000000
36 70 36 2 0.00003000000000000
35 68 35 2 0.00003000000000000
36 70 36 2 0.00003000000000000
37 72 37 2 0.00002800000000000
35 68 35 2 0.00003300000000000
38 74 38 2 0.00002800000000000
29 56 29 2 0.00002600000000000
37 72 37 2 0.00002500000000000
38 74 38 2 0.00003400000000000
38 74 38 2 0.00003300000000000
38 74 38 2 0.00003200000000000
38 74 38 2 0.00002600000000000
37 72 37 2 0.00003100000000000
36 70 36 2 0.00003000000000000
37 72 37 2 0.00003100000000000
39 76 39 2 0.00002700000000000
34 66 34 2 0.00002900000000000
39 76 39 2 0.00004100000000000
39 76 39 2 0.00003100000000000
38 74 38 2 0.00003300000000000
39 76 39 2 0.00004300000000000
37 72 37 2 0.00002400000000000
26 50 26 2 0.00001800000000000
33 64 33 2 0.00001800000000000
35 68 35 2 0.00003400000000000
39 76 39 2 0.00003900000000000
39 76 39 2 0.00003900000000000
38 74 38 2 0.00002600000000000
37 72 37 2 0.00003100000000000
40 78 40 2 0.00004200000000000
40 78 40 2 0.00003200000000000
39 76 39 2 0.00004300000000000
39 76 39 2 0.00003500000000000
38 74 38 2 0.00003300000000000
40 78 40 2 0.00002700000000000
40 78 40 2 0.00003400000000000
41 80 41 2 0.00002800000000000
41 80 41 2 0.00003600000000000
41 80 41 2 0.00003200000000000
41 80 41 2 0.00002900000000000
37 72 37 2 0.00003100000000000
38 74 38 2 0.00003300000000000
42 82 42 2 0.00002900000000000
40 78 40 2 0.00004200000000000
40 78 40 2 0.00003400000000000
41 80 41 2 0.00003400000000000
40 78 40 2 0.00003800000000000
39 76 39 2 0.00003800000000000
42 82 42 2 0.00003500000000000
41 80 41 2 0.00003400000000000
42 82 42 2 0.00002900000000000
40 78 40 2 0.00004200000000000
39 76 39 2 0.00003800000000000
42 82 42 2 0.00003000000000000
41 80 41 2 0.00003500000000000
43 84 43 2 0.00003300000000000
36 70 36 2 0.00003000000000000
41 80 41 2 0.00003500000000000
43 84 43 2 0.00003800000000000
43 84 43 2 0.00004800000000000
41 80 41 2 0.00003500000000000
40 78 40 2 0.00004000000000000
43 84 43 2 0.00004400000000000
43 84 43 2 0.00004300000000000
42 82 42 2 0.00003700000000000
44 86 44 2 0.00005200000000000
43 84 43 2 0.00004400000000000
44 86 44 2 0.00003600000000000
44 86 44 2 0.00004400000000000
40 78 40 2 0.00003600000000000
42 82 42 2 0.00003700000000000
44 86 44 2 0.00004600000000000
44 86 44 2 0.00003200000000000
44 86 44 2 0.00004000000000000
44 86 44 2 0.00003900000000000
44 86 44 2 0.00003900000000000
43 84 43 2 0.00004500000000000
43 84 43 2 0.00004600000000000
43 84 43 2 0.00003900000000000
41 80 41 2 0.00003500000000000
45 88 45 2 0.00004000000000000
43 84 43 2 0.00005300000000000
45 88 45 2 0.00004100000000000
45 88 45 2 0.00003700000000000
46 90 46 2 0.00004300000000000
44 86 44 2 0.00004900000000000
42 82 42 2 0.00003700000000000
45 88 45 2 0.00004000000000000
45 88 45 2 0.00004100000000000
46 90 46 2 0.00004300000000000
44 86 44 2 0.00003900000000000
45 88 45 2 0.00004000000000000
45 88 45 2 0.00003200000000000
45 88 45 2 0.00004200000000000
42 82 42 2 0.00003000000000000
38 74 38 2 0.00003300000000000
45 88 45 2 0.00004100000000000
42 82 42 2 0.00003800000000000
46 90 46 2 0.00004400000000000
47 92 47 2 0.00004300000000000
46 90 46 2 0.00004300000000000
45 88 45 2 0.00003300000000000
47 92 47 2 0.00004300000000000
46 90 46 2 0.00003500000000000
46 90 46 2 0.00004300000000000
47 92 47 2 0.00004300000000000
47 92 47 2 0.00004400000000000
47 92 47 2 0.00004400000000000
46 90 46 2 0.00003400000000000
47 92 47 2 0.00004400000000000
48 94 48 2 0.00004300000000000
46 90 46 2 0.00004300000000000
48 94 48 2 0.00005900000000000
47 92 47 2 0.00003500000000000
49 96 49 2 0.00005000000000000
46 90 46 2 0.00003900000000000
49 96 49 2 0.00005300000000000
48 94 48 2 0.00004800000000000
47 92 47 2 0.00004300000000000
48 94 48 2 0.00004600000000000
48 94 48 2 0.00005100000000000
49 96 49 2 0.00005100000000000
48 94 48 2 0.00005600000000000
49 96 49 2 0.00004900000000000
49 96 49 2 0.00003700000000000
47 92 47 2 0.00004400000000000
48 94 48 2 0.00004900000000000
49 96 49 2 0.00004600000000000
49 96 49 2 0.00004900000000000
50 98 50 2 0.00003800000000000
49 96 49 2 0.00005400000000000
50 98 50 2 0.00004800000000000
49 96 49 2 0.00004200000000000
50 98 50 2 0.00005000000000000
50 98 50 2 0.00003900000000000
47 92 47 2 0.00004400000000000
50 98 50 2 0.00005600000000000
42 82 42 2 0.00003700000000000
51 100 51 2 0.00005000000000000
49 96 49 2 0.00004500000000000
48 94 48 2 0.00005400000000000
51 100 51 2 0.00003900000000000
50 98 50 2 0.00004800000000000
52 102 52 2 0.00004700000000000
46 90 46 2 0.00004300000000000
51 100 51 2 0.00005000000000000
50 98 50 2 0.00004800000000000
52 102 52 2 0.00005700000000000
51 100 51 2 0.00003900000000000
52 102 52 2 0.00006300000000000
51 100 51 2 0.00004000000000000
51 100 51 2 0.00004900000000000
52 102 52 2 0.00005600000000000
52 102 52 2 0.00005700000000000
50 98 50 2 0.00005400000000000
51 100 51 2 0.00005000000000000
52 102 52 2 0.00004000000000000
52 102 52 2 0.00006000000000000
52 102 52 2 0.00005700000000000
50 98 50 2 0.00003900000000000
53 104 53 2 0.00006100000000000
53 104 53 2 0.00004100000000000
53 104 53 2 0.00005200000000000
53 104 53 2 0.00005200000000000
53 104 53 2 0.00005200000000000
52 102 52 2 0.00005700000000000
51 100 51 2 0.00005000000000000
53 104 53 2 0.00004900000000000
53 104 53 2 0.00006200000000000
54 106 54 2 0.00005400000000000
54 106 54 2 0.00004400000000000
54 106 54 2 0.00005900000000000
51 100 51 2 0.00004900000000000
53 104 53 2 0.00005800000000000
54 106 54 2 0.00004900000000000
55 108 55 2 0.00006000000000000
52 102 52 2 0.00006000000000000
53 104 53 2 0.00006300000000000
55 108 55 2 0.00005000000000000
54 106 54 2 0.00005400000000000
54 106 54 2 0.00007000000000000
53 104 53 2 0.00005200000000000
51 100 51 2 0.00004100000000000
55 108 55 2 0.00005500000000000
55 108 55 2 0.00005600000000000
54 106 54 2 0.00005400000000000
56 110 56 2 0.00005500000000000
50 98 50 2 0.00005200000000000
54 106 54 2 0.00005200000000000
56 110 56 2 0.00006100000000000
54 106 54 2 0.00005400000000000
56 110 56 2 0.00005800000000000
55 108 55 2 0.00005400000000000
57 112 57 2 0.00004600000000000
56 110 56 2 0.00005700000000000
56 110 56 2 0.00004600000000000
57 112 57 2 0.00006800000000000
57 112 57 2 0.00005600000000000
55 108 55 2 0.00006100000000000
56 110 56 2 0.00004600000000000
56 110 56 2 0.00006200000000000
55 108 55 2 0.00004400000000000
57 112 57 2 0.00006700000000000
57 112 57 2 0.00004500000000000
57 112 57 2 0.00007000000000000
55 108 55 2 0.00004400000000000
58 114 58 2 0.00005400000000000
57 112 57 2 0.00006500000000000
58 114 58 2 0.00004900000000000
58 114 58 2 0.00006100000000000
48 94 48 2 0.00005000000000000
57 112 57 2 0.00006300000000000
58 114 58 2 0.00005000000000000
58 114 58 2 0.00005400000000000
58 114 58 2 0.00005500000000000
55 108 55 2 0.00005500000000000
56 110 56 2 0.00005700000000000
59 116 59 2 0.00005900000000000
58 114 58 2 0.00006900000000000
59 116 59 2 0.00005000000000000
59 116 59 2 0.00004900000000000
55 108 55 2 0.00005500000000000
56 110 56 2 0.00005600000000000
57 112 57 2 0.00006400000000000
59 116 59 2 0.00006200000000000
59 116 59 2 0.00004800000000000
58 114 58 2 0.00006600000000000
59 116 59 2 0.00004900000000000
59 116 59 2 0.00006200000000000
59 116 59 2 0.00006800000000000
60 118 60 2 0.00006700000000000
60 118 60 2 0.00005400000000000
58 114 58 2 0.00007200000000000
60 118 60 2 0.00006700000000000
60 118 60 2 0.00006600000000000
61 120 61 2 0.00005400000000000
60 118 60 2 0.00005200000000000
48 94 48 2 0.00004900000000000
59 116 59 2 0.00006100000000000
60 118 60 2 0.00005400000000000
61 120 61 2 0.00006600000000000
60 118 60 2 0.00005200000000000
57 112 57 2 0.00007100000000000
61 120 61 2 0.00005200000000000
60 118 60 2 0.00006700000000000
54 106 54 2 0.00005400000000000
61 120 61 2 0.00006500000000000
59 116 59 2 0.00006200000000000
61 120 61 2 0.00006500000000000
58 114 58 2 0.00006600000000000
61 120 61 2 0.00005200000000000
62 122 62 2 0.00007200000000000
62 122 62 2 0.00008200000000000
62 122 62 2 0.00006700000000000
62 122 62 2 0.00007100000000000
62 122 62 2 0.00007900000000000
56 110 56 2 0.00005600000000000
60 118 60 2 0.00006600000000000
62 122 62 2 0.00006300000000000
60 118 60 2 0.00006700000000000
63 124 63 2 0.00007500000000000
62 122 62 2 0.00005300000000000
63 124 63 2 0.00007700000000000
61 120 61 2 0.00007000000000000
61 120 61 2 0.00006600000000000
64 126 64 2 0.00007000000000000
62 122 62 2 0.00005800000000000
61 120 61 2 0.00006400000000000
62 122 62 2 0.00006000000000000
63 124 63 2 0.00006900000000000
64 126 64 2 0.00008000000000000
63 124 63 2 0.00007700000000000
64 126 64 2 0.00006100000000000
64 126 64 2 0.00007000000000000
64 126 64 2 0.00006900000000000
64 126 64 2 0.00005600000000000
63 124 63 2 0.00007800000000000
64 126 64 2 0.00007100000000000
63 124 63 2 0.00005500000000000
63 124 63 2 0.00007300000000000
64 126 64 2 0.00007000000000000
63 124 63 2 0.00007200000000000
65 128 65 2 0.00005900000000000
65 128 65 2 0.00007200000000000
63 124 63 2 0.00006800000000000
65 128 65 2 0.00007200000000000
62 122 62 2 0.00008000000000000
64 126 64 2 0.00007000000000000
63 124 63 2 0.00006300000000000
65 128 65 2 0.00007200000000000
66 130 66 2 0.00006700000000000
61 120 61 2 0.00006500000000000
66 130 66 2 0.00006600000000000
65 128 65 2 0.00007200000000000
66 130 66 2 0.00008400000000000
66 130 66 2 0.00006900000000000
65 128 65 2 0.00005700000000000
66 130 66 2 0.00009000000000000
65 128 65 2 0.00006000000000000
66 130 66 2 0.00008600000000000
67 132 67 2 0.00007700000000000
66 130 66 2 0.00008700000000000
67 132 67 2 0.00006600000000000
67 132 67 2 0.00008800000000000
67 132 67 2 0.00007200000000000
67 132 67 2 0.00009100000000000
66 130 66 2 0.00008500000000000
65 128 65 2 0.00007300000000000
67 132 67 2 0.00008600000000000
68 134 68 2 0.00007000000000000
68 134 68 2 0.00007900000000000
68 134 68 2 0.00007800000000000
68 134 68 2 0.00007000000000000
67 132 67 2 0.00009200000000000
67 132 67 2 0.00008600000000000
68 134 68 2 0.00007000000000000
66 130 66 2 0.00008600000000000
68 134 68 2 0.00008800000000000
69 136 69 2 0.00008000000000000
67 132 67 2 0.00009000000000000
68 134 68 2 0.00009300000000000
67 132 67 2 0.00008800000000000
69 136 69 2 0.00009700000000000
69 136 69 2 0.00007400000000000
68 134 68 2 0.00008800000000000
69 136 69 2 0.00007400000000000
69 136 69 2 0.00009400000000000
69 136 69 2 0.00009200000000000
68 134 68 2 0.00008800000000000
70 138 70 2 0.00010100000000000
66 130 66 2 0.00008300000000000
70 138 70 2 0.00008000000000000
70 138 70 2 0.00009700000000000
70 138 70 2 0.00007600000000000
69 136 69 2 0.00009600000000000
64 126 64 2 0.00007100000000000
70 138 70 2 0.00009600000000000
70 138 70 2 0.00009700000000000
68 134 68 2 0.00008800000000000
71 140 71 2 0.00008500000000000
70 138 70 2 0.00009600000000000
69 136 69 2 0.00007800000000000
70 138 70 2 0.00009700000000000
71 140 71 2 0.00010400000000000
71 140 71 2 0.00007800000000000
71 140 71 2 0.00010300000000000
70 138 70 2 0.00009700000000000
71 140 71 2 0.00010600000000000
71 140 71 2 0.00010600000000000
71 140 71 2 0.00008600000000000
72 142 72 2 0.00010700000000000
70 138 70 2 0.00007700000000000
72 142 72 2 0.00010900000000000
72 142 72 2 0.00008100000000000
72 142 72 2 0.00010900000000000
72 142 72 2 0.00008900000000000
73 144 73 2 0.00008200000000000
72 142 72 2 0.00010700000000000
69 136 69 2 0.00007700000000000
72 142 72 2 0.00011100000000000
73 144 73 2 0.00010100000000000
73 144 73 2 0.00010800000000000
65 128 65 2 0.00007300000000000
72 142 72 2 0.00010000000000000
69 136 69 2 0.00009300000000000
73 144 73 2 0.00008200000000000
71 140 71 2 0.00010800000000000
73 144 73 2 0.00010100000000000
73 144 73 2 0.00010200000000000
73 144 73 2 0.00010300000000000
71 140 71 2 0.00010500000000000
73 144 73 2 0.00008900000000000
74 146 74 2 0.00010800000000000
73 144 73 2 0.00008100000000000
74 146 74 2 0.00011300000000000
74 146 74 2 0.00010800000000000
74 146 74 2 0.00010800000000000
74 146 74 2 0.00008500000000000
74 146 74 2 0.00010800000000000
74 146 74 2 0.00008600000000000
74 146 74 2 0.00011200000000000
75 148 75 2 0.00010800000000000
74 146 74 2 0.00008600000000000
75 148 75 2 0.00008700000000000
75 148 75 2 0.00011300000000000
75 148 75 2 0.00010700000000000
75 148 75 2 0.00008600000000000
72 142 72 2 0.00010900000000000
75 148 75 2 0.00010700000000000
75 148 75 2 0.00011000000000000
75 148 75 2 0.00011400000000000
71 140 71 2 0.00010700000000000
74 146 74 2 0.00010800000000000
65 128 65 2 0.00007300000000000
72 142 72 2 0.00010600000000000
76 150 76 2 0.00012300000000000
76 150 76 2 0.00009000000000000
75 148 75 2 0.00011100000000000
76 150 76 2 0.00012300000000000
76 150 76 2 0.00012000000000000
77 152 77 2 0.00011900000000000
77 152 77 2 0.00011700000000000
75 148 75 2 0.00008600000000000
77 152 77 2 0.00011600000000000
73 144 73 2 0.00010100000000000
76 150 76 2 0.00009700000000000
77 152 77 2 0.00011700000000000
77 152 77 2 0.00011600000000000
77 152 77 2 0.00011700000000000
76 150 76 2 0.00011700000000000
78 154 78 2 0.00009900000000000
76 150 76 2 0.00009700000000000
77 152 77 2 0.00009700000000000
76 150 76 2 0.00010200000000000
77 152 77 2 0.00011800000000000
78 154 78 2 0.00009700000000000
76 150 76 2 0.00012000000000000
78 154 78 2 0.00011300000000000
78 154 78 2 0.00011500000000000
78 154 78 2 0.00012200000000000
79 156 79 2 0.00009200000000000
78 154 78 2 0.00011500000000000
78 154 78 2 0.00011500000000000
76 150 76 2 0.00012100000000000
78 154 78 2 0.00011500000000000
78 154 78 2 0.00011500000000000
77 152 77 2 0.00011600000000000
79 156 79 2 0.00009300000000000
77 152 77 2 0.00011700000000000
79 156 79 2 0.00009600000000000
79 156 79 2 0.00009300000000000
79 156 79 2 0.00011600000000000
78 154 78 2 0.00011800000000000
79 156 79 2 0.00009300000000000
80 158 80 2 0.00012900000000000
79 156 79 2 0.00011600000000000
80 158 80 2 0.00012500000000000
80 158 80 2 0.00010300000000000
80 158 80 2 0.00013100000000000
80 158 80 2 0.00012500000000000
80 158 80 2 0.00010600000000000
81 160 81 2 0.00010300000000000
79 156 79 2 0.00011600000000000
81 160 81 2 0.00012700000000000
79 156 79 2 0.00011500000000000
81 160 81 2 0.00012800000000000
80 158 80 2 0.00013100000000000
81 160 81 2 0.00013100000000000
81 160 81 2 0.00010200000000000
81 160 81 2 0.00010600000000000
81 160 81 2 0.00010700000000000
82 162 82 2 0.00012400000000000
81 160 81 2 0.00012800000000000
80 158 80 2 0.00014000000000000
81 160 81 2 0.00012900000000000
80 158 80 2 0.00013000000000000
80 158 80 2 0.00013300000000000
82 162 82 2 0.00010300000000000
82 162 82 2 0.00012500000000000
81 160 81 2 0.00012400000000000
83 164 83 2 0.00012600000000000
82 162 82 2 0.00012900000000000
82 162 82 2 0.00009900000000000
82 162 82 2 0.00012600000000000
83 164 83 2 0.00010700000000000
83 164 83 2 0.00012600000000000
83 164 83 2 0.00012500000000000
82 162 82 2 0.00013700000000000
79 156 79 2 0.00011600000000000
83 164 83 2 0.00010000000000000
83 164 83 2 0.00012600000000000
83 164 83 2 0.00012600000000000
83 164 83 2 0.00012500000000000
83 164 83 2 0.00010100000000000
82 162 82 2 0.00009900000000000
82 162 82 2 0.00012400000000000
84 166 84 2 0.00012900000000000
83 164 83 2 0.00013000000000000
84 166 84 2 0.00012800000000000
84 166 84 2 0.00012900000000000
84 166 84 2 0.00010300000000000
84 166 84 2 0.00012900000000000
85 168 85 2 0.00011100000000000
84 166 84 2 0.00010400000000000
84 166 84 2 0.00012800000000000
84 166 84 2 0.00012900000000000
84 166 84 2 0.00012900000000000
84 166 84 2 0.00012900000000000
85 168 85 2 0.00011600000000000
85 168 85 2 0.00011400000000000
86 170 86 2 0.00011400000000000
85 168 85 2 0.00014400000000000
85 168 85 2 0.00014100000000000
85 168 85 2 0.00014000000000000
86 170 86 2 0.00014300000000000
86 170 86 2 0.00012000000000000
85 168 85 2 0.00014300000000000
85 168 85 2 0.00014200000000000
85 168 85 2 0.00014000000000000
86 170 86 2 0.00014000000000000
82 162 82 2 0.00013400000000000
86 170 86 2 0.00014300000000000
85 168 85 2 0.00014000000000000
86 170 86 2 0.00014000000000000
87 172 87 2 0.00010800000000000
87 172 87 2 0.00014500000000000
86 170 86 2 0.00011100000000000
86 170 86 2 0.00014600000000000
86 170 86 2 0.00015300000000000
87 172 87 2 0.00013600000000000
88 174 88 2 0.00011800000000000
87 172 87 2 0.00010800000000000
87 172 87 2 0.00013600000000000
87 172 87 2 0.00011200000000000
86 170 86 2 0.00011300000000000
87 172 87 2 0.00014000000000000
87 172 87 2 0.00013500000000000
89 176 89 2 0.00011200000000000
87 172 87 2 0.00013900000000000
88 174 88 2 0.00015100000000000
88 174 88 2 0.00014400000000000
89 176 89 2 0.00012000000000000
87 172 87 2 0.00013900000000000
88 174 88 2 0.00014300000000000
88 174 88 2 0.00014300000000000
88 174 88 2 0.00014800000000000
89 176 89 2 0.00014000000000000
88 174 88 2 0.00014400000000000
88 174 88 2 0.00014400000000000
89 176 89 2 0.00014000000000000
89 176 89 2 0.00011200000000000
89 176 89 2 0.00011200000000000
89 176 89 2 0.00014000000000000
89 176 89 2 0.00014200000000000
88 174 88 2 0.00014300000000000
89 176 89 2 0.00011200000000000
89 176 89 2 0.00014000000000000
90 178 90 2 0.00015300000000000
90 178 90 2 0.00012800000000000
88 174 88 2 0.00014700000000000
90 178 90 2 0.00011800000000000
90 178 90 2 0.00015400000000000
90 178 90 2 0.00015500000000000
90 178 90 2 0.00012300000000000
90 178 90 2 0.00015500000000000
91 180 91 2 0.00012400000000000
91 180 91 2 0.00012500000000000
90 178 90 2 0.00015400000000000
91 180 91 2 0.00015300000000000
91 180 91 2 0.00015000000000000
91 180 91 2 0.00015300000000000
90 178 90 2 0.00015300000000000
92 182 92 2 0.00012900000000000
91 180 91 2 0.00015100000000000
91 180 91 2 0.00015300000000000
92 182 92 2 0.00012000000000000
90 178 90 2 0.00015500000000000
92 182 92 2 0.00015000000000000
91 180 91 2 0.00015100000000000
92 182 92 2 0.00012500000000000
93 184 93 2 0.00012100000000000
92 182 92 2 0.00015600000000000
92 182 92 2 0.00016000000000000
91 180 91 2 0.00015300000000000
92 182 92 2 0.00012000000000000
93 184 93 2 0.00012100000000000
91 180 91 2 0.00015300000000000
92 182 92 2 0.00015800000000000
93 184 93 2 0.00015200000000000
92 182 92 2 0.00015000000000000
93 184 93 2 0.00015300000000000
93 184 93 2 0.00016000000000000
93 184 93 2 0.00015300000000000
93 184 93 2 0.00015500000000000
94 186 94 2 0.00013100000000000
93 184 93 2 0.00012800000000000
93 184 93 2 0.00015400000000000
94 186 94 2 0.00017000000000000
93 184 93 2 0.00015300000000000
92 182 92 2 0.00015200000000000
94 186 94 2 0.00016800000000000
94 186 94 2 0.00012600000000000
95 188 95 2 0.00013200000000000
94 186 94 2 0.00015900000000000
94 186 94 2 0.00016000000000000
95 188 95 2 0.00016500000000000
94 186 94 2 0.00013400000000000
94 186 94 2 0.00016200000000000
95 188 95 2 0.00013100000000000
95 188 95 2 0.00016800000000000
95 188 95 2 0.00016500000000000
94 186 94 2 0.00016500000000000
95 188 95 2 0.00016700000000000
94 186 94 2 0.00016100000000000
95 188 95 2 0.00018100000000000
96 190 96 2 0.00016500000000000
96 190 96 2 0.00013600000000000
95 188 95 2 0.00016800000000000
96 190 96 2 0.00013200000000000
95 188 95 2 0.00016400000000000
96 190 96 2 0.00016800000000000
96 190 96 2 0.00016100000000000
96 190 96 2 0.00013100000000000
96 190 96 2 0.00017000000000000
97 192 97 2 0.00013000000000000
96 190 96 2 0.00013000000000000
97 192 97 2 0.00013100000000000
96 190 96 2 0.00016300000000000
97 192 97 2 0.00016400000000000
96 190 96 2 0.00016200000000000
97 192 97 2 0.00016200000000000
95 188 95 2 0.00016600000000000
97 192 97 2 0.00016200000000000
97 192 97 2 0.00016300000000000
97 192 97 2 0.00016400000000000
97 192 97 2 0.00016300000000000
98 194 98 2 0.00013400000000000
98 194 98 2 0.00016700000000000
98 194 98 2 0.00016700000000000
98 194 98 2 0.00016800000000000
98 194 98 2 0.00014200000000000
98 194 98 2 0.00016700000000000
97 192 97 2 0.00016200000000000
97 192 97 2 0.00016300000000000
98 194 98 2 0.00016700000000000
98 194 98 2 0.00016700000000000
98 194 98 2 0.00013300000000000
98 194 98 2 0.00016700000000000
99 196 99 2 0.00017300000000000
99 196 99 2 0.00014200000000000
99 196 99 2 0.00017900000000000
99 196 99 2 0.00018100000000000
99 196 99 2 0.00017400000000000
99 196 99 2 0.00014100000000000
99 196 99 2 0.00018600000000000
99 196 99 2 0.00017800000000000
99 196 99 2 0.00017800000000000
100 198 100 2 0.00014700000000000
99 196 99 2 0.00014100000000000
100 198 100 2 0.00018700000000000
100 198 100 2 0.00014600000000000
100 198 100 2 0.00018900000000000
100 198 100 2 0.00018700000000000
105 208 105 2 0.00015700000000000
100 198 100 2 0.00018500000000000
105 208 105 2 0.00019500000000000
105 208 105 2 0.00016000000000000
100 198 100 2 0.00019000000000000
100 198 100 2 0.00018400000000000
100 198 100 2 0.00018200000000000
105 208 105 2 0.00019500000000000
105 208 105 2 0.00019900000000000
105 208 105 2 0.00019100000000000
105 208 105 2 0.00016800000000000
100 198 100 2 0.00017700000000000
105 208 105 2 0.00019800000000000
105 208 105 2 0.00021500000000000
110 218 110 2 0.00016600000000000
105 208 105 2 0.00022300000000000
110 218 110 2 0.00017200000000000
110 218 110 2 0.00017000000000000
110 218 110 2 0.00017100000000000
110 218 110 2 0.00021700000000000
110 218 110 2 0.00021400000000000
110 218 110 2 0.00021100000000000
110 218 110 2 0.00021100000000000
110 218 110 2 0.00021100000000000
110 218 110 2 0.00021100000000000
115 228 115 2 0.00018300000000000
115 228 115 2 0.00023200000000000
115 228 115 2 0.00019100000000000
115 228 115 2 0.00023500000000000
115 228 115 2 0.00023200000000000
115 228 115 2 0.00023200000000000
115 228 115 2 0.00022500000000000
120 238 120 2 0.00024400000000000
120 238 120 2 0.00020000000000000
115 228 115 2 0.00023500000000000
115 228 115 2 0.00022800000000000
115 228 115 2 0.00022600000000000
120 238 120 2 0.00025300000000000
120 238 120 2 0.00024300000000000
120 238 120 2 0.00024100000000000
120 238 120 2 0.00022500000000000
120 238 120 2 0.00020900000000000
120 238 120 2 0.00021700000000000
125 248 125 2 0.00022300000000000
125 248 125 2 0.00027900000000000
120 238 120 2 0.00025100000000000
120 238 120 2 0.00024800000000000
125 248 125 2 0.00026600000000000
125 248 125 2 0.00021600000000000
125 248 125 2 0.00026600000000000
125 248 125 2 0.00026900000000000
125 248 125 2 0.00026600000000000
130 258 130 2 0.00023800000000000
125 248 125 2 0.00026400000000000
125 248 125 2 0.00026500000000000
130 258 130 2 0.00028100000000000
130 258 130 2 0.00022500000000000
125 248 125 2 0.00027700000000000
130 258 130 2 0.00028100000000000
130 258 130 2 0.00028100000000000
135 268 135 2 0.00027600000000000
130 258 130 2 0.00028100000000000
130 258 130 2 0.00028100000000000
130 258 130 2 0.00028100000000000
135 268 135 2 0.00027600000000000
135 268 135 2 0.00027700000000000
130 258 130 2 0.00028100000000000
130 258 130 2 0.00028000000000000
135 268 135 2 0.00027200000000000
135 268 135 2 0.00034200000000000
135 268 135 2 0.00034100000000000
135 268 135 2 0.00034500000000000
135 268 135 2 0.00034700000000000
135 268 135 2 0.00034300000000000
135 268 135 2 0.00034400000000000
140 278 140 2 0.00031100000000000
140 278 140 2 0.00038400000000000
140 278 140 2 0.00031100000000000
140 278 140 2 0.00037900000000000
140 278 140 2 0.00038600000000000
140 278 140 2 0.00031400000000000
140 278 140 2 0.00038800000000000
140 278 140 2 0.00039300000000000
145 288 145 2 0.00032900000000000
145 288 145 2 0.00041400000000000
145 288 145 2 0.00032800000000000
145 288 145 2 0.00033300000000000
140 278 140 2 0.00039100000000000
140 278 140 2 0.00040400000000000
145 288 145 2 0.00042000000000000
145 288 145 2 0.00042100000000000
145 288 145 2 0.00049600000000000
150 298 150 2 0.00040700000000000
145 288 145 2 0.00049900000000000
145 288 145 2 0.00050500000000000
145 288 145 2 0.00044600000000000
150 298 150 2 0.00047400000000000
150 298 150 2 0.00061100000000000
150 298 150 2 0.00052500000000000
150 298 150 2 0.00059600000000000
150 298 150 2 0.00063100000000000
150 298 150 2 0.00063800000000000
150 298 150 2 0.00067000000000000
150 298 150 2 0.00076200000000000
150 298 150 2 0.00079900000000000
155 308 155 2 0.00087600000000000
155 308 155 2 0.00085400000000000
155 308 155 2 0.00087500000000000
160 318 160 2 0.00069400000000000
155 308 155 2 0.00086000000000000
155 308 155 2 0.00092700000000000
155 308 155 2 0.00094700000000000
155 308 155 2 0.00095700000000000
155 308 155 2 0.00096800000000000
155 308 155 2 0.00095000000000000
155 308 155 2 0.00092600000000000
160 318 160 2 0.00079300000000000
160 318 160 2 0.00090300000000000
160 318 160 2 0.00081400000000000
160 318 160 2 0.00091900000000000
160 318 160 2 0.00087800000000000
165 328 165 2 0.00061800000000000
160 318 160 2 0.00088200000000000
160 318 160 2 0.00091700000000000
160 318 160 2 0.00092600000000000
160 318 160 2 0.00092900000000000
165 328 165 2 0.00091600000000000
165 328 165 2 0.00093300000000000
165 328 165 2 0.00080400000000000
165 328 165 2 0.00078900000000000
165 328 165 2 0.00093800000000000
165 328 165 2 0.00079000000000000
165 328 165 2 0.00094600000000000
165 328 165 2 0.00091400000000000
165 328 165 2 0.00092300000000000
170 338 170 2 0.00080200000000000
170 338 170 2 0.00078900000000000
170 338 170 2 0.00087100000000000
170 338 170 2 0.00092100000000000
175 348 175 2 0.00079700000000000
170 338 170 2 0.00089900000000000
170 338 170 2 0.00090700000000000
170 338 170 2 0.00091700000000000
170 338 170 2 0.00092600000000000
170 338 170 2 0.00084800000000000
170 338 170 2 0.00087300000000000
175 348 175 2 0.00097700000000000
175 348 175 2 0.00098400000000000
175 348 175 2 0.00097500000000000
175 348 175 2 0.00102000000000000
175 348 175 2 0.00101900000000000
175 348 175 2 0.00094800000000000
175 348 175 2 0.00089200000000000
175 348 175 2 0.00106800000000000
180 358 180 2 0.00071200000000000
175 348 175 2 0.00109500000000000
180 358 180 2 0.00090800000000000
180 358 180 2 0.00092400000000000
180 358 180 2 0.00090800000000000
180 358 180 2 0.00107600000000000
180 358 180 2 0.00102200000000000
180 358 180 2 0.00101500000000000
180 358 180 2 0.00098400000000000
180 358 180 2 0.00095900000000000
180 358 180 2 0.00097300000000000
185 368 185 2 0.00093800000000000
185 368 185 2 0.00099900000000000
185 368 185 2 0.00098500000000000
190 378 190 2 0.00070500000000000
185 368 185 2 0.00100700000000000
185 368 185 2 0.00101000000000000
185 368 185 2 0.00098500000000000
185 368 185 2 0.00098200000000000
185 368 185 2 0.00101100000000000
185 368 185 2 0.00099400000000000
185 368 185 2 0.00097800000000000
190 378 190 2 0.00078400000000000
190 378 190 2 0.00082900000000000
190 378 190 2 0.00085400000000000
190 378 190 2 0.00084100000000000
190 378 190 2 0.00085200000000000
190 378 190 2 0.00366600000000000
190 378 190 2 0.00362900000000000
190 378 190 2 0.00360300000000000
190 378 190 2 0.00351100000000000
195 388 195 2 0.00354100000000000
195 388 195 2 0.00376900000000000
195 388 195 2 0.00382700000000000
195 388 195 2 0.00386400000000000
195 388 195 2 0.00120200000000000
195 388 195 2 0.00123200000000000
195 388 195 2 0.00122600000000000
195 388 195 2 0.00122600000000000
195 388 195 2 0.00120600000000000
195 388 195 2 0.00121100000000000
200 398 200 2 0.00109100000000000
205 408 205 2 0.00087800000000000
200 398 200 2 0.00102400000000000
200 398 200 2 0.00101000000000000
200 398 200 2 0.00100400000000000
200 398 200 2 0.00098100000000000
200 398 200 2 0.00118300000000000
200 398 200 2 0.00117200000000000
200 398 200 2 0.00118200000000000
200 398 200 2 0.00112300000000000
200 398 200 2 0.00109300000000000
205 408 205 2 0.00103100000000000
205 408 205 2 0.00108000000000000
205 408 205 2 0.00107300000000000
205 408 205 2 0.00107500000000000
205 408 205 2 0.00105900000000000
205 408 205 2 0.00100900000000000
205 408 205 2 0.00106400000000000
205 408 205 2 0.00095200000000000
205 408 205 2 0.00084900000000000
210 418 210 2 0.00098800000000000
210 418 210 2 0.00079500000000000
210 418 210 2 0.00125300000000000
210 418 210 2 0.00139600000000000
210 418 210 2 0.00133100000000000
210 418 210 2 0.00131800000000000
210 418 210 2 0.00151800000000000
210 418 210 2 0.00138200000000000
210 418 210 2 0.00141700000000000
210 418 210 2 0.00151100000000000
220 438 220 2 0.00091100000000000
215 428 215 2 0.00165900000000000
215 428 215 2 0.00170100000000000
215 428 215 2 0.00171300000000000
215 428 215 2 0.00176300000000000
215 428 215 2 0.00176400000000000
215 428 215 2 0.00161900000000000
220 438 220 2 0.00177700000000000
215 428 215 2 0.00169000000000000
215 428 215 2 0.00162600000000000
215 428 215 2 0.00163000000000000
220 438 220 2 0.00153000000000000
215 428 215 2 0.00172900000000000
220 438 220 2 0.00138400000000000
225 448 225 2 0.00085000000000000
220 438 220 2 0.00141400000000000
220 438 220 2 0.00169500000000000
220 438 220 2 0.00175100000000000
220 438 220 2 0.00156200000000000
220 438 220 2 0.00163300000000000
225 448 225 2 0.00082700000000000
220 438 220 2 0.00157200000000000
225 448 225 2 0.00083400000000000
225 448 225 2 0.00103200000000000
225 448 225 2 0.00099800000000000
225 448 225 2 0.00094200000000000
225 448 225 2 0.00093200000000000
225 448 225 2 0.00092900000000000
230 458 230 2 0.00092400000000000
225 448 225 2 0.00123800000000000
225 448 225 2 0.00137100000000000
230 458 230 2 0.00123800000000000
230 458 230 2 0.00152200000000000
230 458 230 2 0.00123200000000000
230 458 230 2 0.00128700000000000
230 458 230 2 0.00145400000000000
235 468 235 2 0.00120600000000000
235 468 235 2 0.00121400000000000
230 458 230 2 0.00144700000000000
230 458 230 2 0.00141600000000000
230 458 230 2 0.00140700000000000
230 458 230 2 0.00144300000000000
235 468 235 2 0.00137100000000000
235 468 235 2 0.00136200000000000
240 478 240 2 0.00107300000000000
235 468 235 2 0.00137000000000000
235 468 235 2 0.00132100000000000
235 468 235 2 0.00132500000000000
235 468 235 2 0.00130000000000000
235 468 235 2 0.00125800000000000
235 468 235 2 0.00133600000000000
240 478 240 2 0.00115200000000000
240 478 240 2 0.00085800000000000
240 478 240 2 0.00118500000000000
240 478 240 2 0.00108300000000000
240 478 240 2 0.00086100000000000
240 478 240 2 0.00107200000000000
240 478 240 2 0.00085800000000000
240 478 240 2 0.00108300000000000
245 488 245 2 0.00094600000000000
245 488 245 2 0.00089900000000000
240 478 240 2 0.00110700000000000
245 488 245 2 0.00093000000000000
245 488 245 2 0.00118200000000000
245 488 245 2 0.00122000000000000
245 488 245 2 0.00124800000000000
245 488 245 2 0.00143400000000000
245 488 245 2 0.00149800000000000
245 488 245 2 0.00154600000000000
245 488 245 2 0.00154300000000000
250 498 250 2 0.00135300000000000
250 498 250 2 0.00131500000000000
250 498 250 2 0.00156800000000000
250 498 250 2 0.00156600000000000
250 498 250 2 0.00158400000000000
250 498 250 2 0.00155900000000000
250 498 250 2 0.00159900000000000
250 498 250 2 0.00148800000000000
250 498 250 2 0.00157100000000000
250 498 250 2 0.00151100000000000
260 518 260 2 0.00115800000000000
260 518 260 2 0.00157500000000000
260 518 260 2 0.00158700000000000
260 518 260 2 0.00158000000000000
260 518 260 2 0.00185200000000000
260 518 260 2 0.00184000000000000
260 518 260 2 0.00185200000000000
260 518 260 2 0.00185000000000000
260 518 260 2 0.00182000000000000
260 518 260 2 0.00179100000000000
270 538 270 2 0.00214200000000000
270 538 270 2 0.00197600000000000
270 538 270 2 0.00200000000000000
270 538 270 2 0.00228400000000000
280 558 280 2 0.00171400000000000
270 538 270 2 0.00228000000000000
270 538 270 2 0.00231200000000000
270 538 270 2 0.00229300000000000
270 538 270 2 0.00233400000000000
280 558 280 2 0.00212200000000000
270 538 270 2 0.00232400000000000
270 538 270 2 0.00231500000000000
280 558 280 2 0.00207300000000000
280 558 280 2 0.00207700000000000
280 558 280 2 0.00236700000000000
280 558 280 2 0.00231900000000000
280 558 280 2 0.00231800000000000
280 558 280 2 0.00219000000000000
280 558 280 2 0.00224700000000000
280 558 280 2 0.00226700000000000
290 578 290 2 0.00171600000000000
290 578 290 2 0.00203000000000000
290 578 290 2 0.00159900000000000
290 578 290 2 0.00161700000000000
290 578 290 2 0.00205500000000000
290 578 290 2 0.00210700000000000
290 578 290 2 0.00207800000000000
290 578 290 2 0.00200000000000000
290 578 290 2 0.00197400000000000
290 578 290 2 0.00200600000000000
300 598 300 2 0.00198800000000000
300 598 300 2 0.00206800000000000
300 598 300 2 0.00246500000000000
300 598 300 2 0.00211200000000000
300 598 300 2 0.00250000000000000
300 598 300 2 0.00246600000000000
310 618 310 2 0.00206100000000000
300 598 300 2 0.00248100000000000
300 598 300 2 0.00249600000000000
300 598 300 2 0.00263100000000000
300 598 300 2 0.00267500000000000
310 618 310 2 0.00241500000000000
310 618 310 2 0.00243300000000000
310 618 310 2 0.00274000000000000
310 618 310 2 0.00281600000000000
310 618 310 2 0.00283900000000000
310 618 310 2 0.00278300000000000
310 618 310 2 0.00278000000000000
310 618 310 2 0.00280800000000000
310 618 310 2 0.00282400000000000
320 638 320 2 0.00219900000000000
320 638 320 2 0.00222600000000000
320 638 320 2 0.00215100000000000
320 638 320 2 0.00277900000000000
320 638 320 2 0.00268600000000000
330 658 330 2 0.00202600000000000
320 638 320 2 0.00260900000000000
320 638 320 2 0.00265100000000000
320 638 320 2 0.00266100000000000
320 638 320 2 0.00245600000000000
320 638 320 2 0.00246700000000000
330 658 330 2 0.00194100000000000
330 658 330 2 0.00253000000000000
330 658 330 2 0.00252700000000000
330 658 330 2 0.00192200000000000
330 658 330 2 0.00242700000000000
330 658 330 2 0.00239400000000000
330 658 330 2 0.00241700000000000
330 658 330 2 0.00257300000000000
340 678 340 2 0.00234300000000000
330 658 330 2 0.00284800000000000
340 678 340 2 0.00266000000000000
340 678 340 2 0.00278300000000000
340 678 340 2 0.00279900000000000
340 678 340 2 0.00326800000000000
340 678 340 2 0.00338400000000000
340 678 340 2 0.00334800000000000
340 678 340 2 0.00335000000000000
340 678 340 2 0.00336300000000000
340 678 340 2 0.00327600000000000
350 698 350 2 0.00274400000000000
350 698 350 2 0.00271400000000000
360 718 360 2 0.00242000000000000
350 698 350 2 0.00321400000000000
350 698 350 2 0.00322700000000000
350 698 350 2 0.00323700000000000
350 698 350 2 0.00325300000000000
350 698 350 2 0.00322600000000000
350 698 350 2 0.00323700000000000
350 698 350 2 0.00315800000000000
350 698 350 2 0.00310300000000000
360 718 360 2 0.00221600000000000
360 718 360 2 0.00217800000000000
360 718 360 2 0.00295100000000000
360 718 360 2 0.00215100000000000
360 718 360 2 0.00283200000000000
360 718 360 2 0.00286000000000000
360 718 360 2 0.00279600000000000
360 718 360 2 0.00274800000000000
360 718 360 2 0.00281600000000000
370 738 370 2 0.00305200000000000
370 738 370 2 0.00242900000000000
370 738 370 2 0.00247900000000000
370 738 370 2 0.00236600000000000
370 738 370 2 0.00312100000000000
370 738 370 2 0.00317300000000000
370 738 370 2 0.00309000000000000
370 738 370 2 0.00299600000000000
380 758 380 2 0.00347700000000000
370 738 370 2 0.00367700000000000
380 758 380 2 0.00346000000000000
370 738 370 2 0.00360500000000000
380 758 380 2 0.00349100000000000
380 758 380 2 0.00417700000000000
380 758 380 2 0.00414500000000000
380 758 380 2 0.00410700000000000
390 778 390 2 0.00284300000000000
380 758 380 2 0.00409900000000000
380 758 380 2 0.00403200000000000
380 758 380 2 0.00403300000000000
380 758 380 2 0.00403100000000000
390 778 390 2 0.00294200000000000
390 778 390 2 0.00295800000000000
390 778 390 2 0.00376900000000000
390 778 390 2 0.00369400000000000
390 778 390 2 0.00362500000000000
390 778 390 2 0.00366400000000000
390 778 390 2 0.00356100000000000
390 778 390 2 0.00349600000000000
390 778 390 2 0.00342600000000000
400 798 400 2 0.00347900000000000
400 798 400 2 0.00267800000000000
400 798 400 2 0.00338000000000000
400 798 400 2 0.00279400000000000
400 798 400 2 0.00276900000000000
400 798 400 2 0.00347400000000000
400 798 400 2 0.00345000000000000
410 818 410 2 0.00294600000000000
400 798 400 2 0.00346500000000000
400 798 400 2 0.00350700000000000
400 798 400 2 0.00343400000000000
410 818 410 2 0.00381300000000000
410 818 410 2 0.00389600000000000
410 818 410 2 0.00349000000000000
410 818 410 2 0.00359300000000000
410 818 410 2 0.00437000000000000
410 818 410 2 0.00446300000000000
410 818 410 2 0.00448300000000000
410 818 410 2 0.00445700000000000
420 838 420 2 0.00371300000000000
410 818 410 2 0.00444700000000000
420 838 420 2 0.00362900000000000
420 838 420 2 0.00362500000000000
430 858 430 2 0.00319800000000000
420 838 420 2 0.00452400000000000
420 838 420 2 0.00456000000000000
420 838 420 2 0.00458300000000000
420 838 420 2 0.00452700000000000
420 838 420 2 0.00449500000000000
420 838 420 2 0.00448300000000000
420 838 420 2 0.00394500000000000
430 858 430 2 0.00396700000000000
430 858 430 2 0.00407900000000000
430 858 430 2 0.00396500000000000
430 858 430 2 0.00399800000000000
430 858 430 2 0.00333500000000000
430 858 430 2 0.00324600000000000
430 858 430 2 0.00395000000000000
430 858 430 2 0.00419600000000000
430 858 430 2 0.00402300000000000
440 878 440 2 0.00350000000000000
440 878 440 2 0.00347400000000000
440 878 440 2 0.00351200000000000
440 878 440 2 0.00350600000000000
440 878 440 2 0.00450100000000000
440 878 440 2 0.00450100000000000
440 878 440 2 0.00447800000000000
440 878 440 2 0.00434400000000000
440 878 440 2 0.00432800000000000
440 878 440 2 0.00447900000000000
450 898 450 2 0.00363600000000000
450 898 450 2 0.00488000000000000
450 898 450 2 0.00494600000000000
450 898 450 2 0.00481200000000000
450 898 450 2 0.00483900000000000
460 918 460 2 0.00369300000000000
450 898 450 2 0.00482400000000000
450 898 450 2 0.00480400000000000
450 898 450 2 0.00451300000000000
450 898 450 2 0.00471500000000000
450 898 450 2 0.00462100000000000
460 918 460 2 0.00357300000000000
460 918 460 2 0.00366200000000000
460 918 460 2 0.00368900000000000
460 918 460 2 0.00362700000000000
460 918 460 2 0.00461400000000000
460 918 460 2 0.00465900000000000
460 918 460 2 0.00458100000000000
460 918 460 2 0.00461300000000000
460 918 460 2 0.00463000000000000
470 938 470 2 0.00488200000000000
470 938 470 2 0.00482800000000000
470 938 470 2 0.00481500000000000
470 938 470 2 0.00391400000000000
470 938 470 2 0.00490500000000000
470 938 470 2 0.00434400000000000
470 938 470 2 0.00487500000000000
470 938 470 2 0.00486700000000000
480 958 480 2 0.00422000000000000
470 938 470 2 0.00545700000000000
480 958 480 2 0.00468900000000000
470 938 470 2 0.00546500000000000
480 958 480 2 0.00459100000000000
480 958 480 2 0.00463900000000000
480 958 480 2 0.00569600000000000
480 958 480 2 0.00572200000000000
480 958 480 2 0.00561700000000000
480 958 480 2 0.00567600000000000
480 958 480 2 0.00563600000000000
480 958 480 2 0.00562700000000000
490 978 490 2 0.00522900000000000
490 978 490 2 0.00522900000000000
490 978 490 2 0.00405700000000000
490 978 490 2 0.00517400000000000
490 978 490 2 0.00515700000000000
490 978 490 2 0.00508300000000000
490 978 490 2 0.00510700000000000
490 978 490 2 0.00513600000000000
490 978 490 2 0.00415100000000000
490 978 490 2 0.00519700000000000
500 998 500 2 0.00439100000000000
500 998 500 2 0.00552800000000000
500 998 500 2 0.00440600000000000
500 998 500 2 0.00556600000000000
500 998 500 2 0.00452900000000000
500 998 500 2 0.00447300000000000
500 998 500 2 0.00566300000000000
500 998 500 2 0.00572000000000000
500 998 500 2 0.00568600000000000
500 998 500 2 0.00572900000000000
525 1048 525 2 0.00688200000000000
525 1048 525 2 0.00587000000000000
525 1048 525 2 0.00731600000000000
525 1048 525 2 0.00741000000000000
525 1048 525 2 0.00736700000000000
525 1048 525 2 0.00722300000000000
525 1048 525 2 0.00716100000000000
525 1048 525 2 0.00716000000000000
525 1048 525 2 0.00710800000000000
525 1048 525 2 0.00704200000000000
550 1098 550 2 0.00654900000000000
550 1098 550 2 0.00670500000000000
550 1098 550 2 0.00644700000000000
550 1098 550 2 0.00828900000000000
550 1098 550 2 0.00827500000000000
550 1098 550 2 0.00647700000000000
550 1098 550 2 0.00645800000000000
550 1098 550 2 0.00816800000000000
550 1098 550 2 0.00815500000000000
550 1098 550 2 0.00822200000000000
575 1148 575 2 0.00671600000000000
575 1148 575 2 0.00875700000000000
575 1148 575 2 0.00871800000000000
575 1148 575 2 0.00852700000000000
575 1148 575 2 0.00853000000000000
575 1148 575 2 0.00826400000000000
575 1148 575 2 0.00901700000000000
575 1148 575 2 0.00915500000000000
600 1198 600 2 0.00776300000000000
575 1148 575 2 0.00924100000000000
575 1148 575 2 0.00912500000000000
600 1198 600 2 0.00849300000000000
600 1198 600 2 0.00822200000000000
600 1198 600 2 0.00796200000000000
600 1198 600 2 0.01030800000000000
600 1198 600 2 0.01051400000000000
600 1198 600 2 0.01046600000000000
600 1198 600 2 0.01039700000000000
625 1248 625 2 0.00858800000000000
600 1198 600 2 0.00981900000000000
600 1198 600 2 0.00994600000000000
625 1248 625 2 0.00848200000000000
625 1248 625 2 0.01081200000000000
625 1248 625 2 0.01067900000000000
625 1248 625 2 0.01071700000000000
650 1298 650 2 0.00856900000000000
625 1248 625 2 0.01040700000000000
625 1248 625 2 0.01030300000000000
625 1248 625 2 0.01014000000000000
625 1248 625 2 0.01034800000000000
625 1248 625 2 0.01031100000000000
650 1298 650 2 0.00847900000000000
650 1298 650 2 0.00829900000000000
650 1298 650 2 0.01093900000000000
650 1298 650 2 0.01094100000000000
650 1298 650 2 0.00845100000000000
650 1298 650 2 0.01079600000000000
650 1298 650 2 0.01070100000000000
650 1298 650 2 0.01081700000000000
675 1348 675 2 0.00944400000000000
650 1298 650 2 0.01103400000000000
675 1348 675 2 0.00920400000000000
675 1348 675 2 0.01183900000000000
675 1348 675 2 0.01184100000000000
675 1348 675 2 0.00931600000000000
675 1348 675 2 0.01151100000000000
675 1348 675 2 0.01148300000000000
675 1348 675 2 0.01150200000000000
675 1348 675 2 0.01164400000000000
675 1348 675 2 0.01201100000000000
700 1398 700 2 0.01034900000000000
700 1398 700 2 0.01018300000000000
700 1398 700 2 0.01022200000000000
700 1398 700 2 0.01293900000000000
700 1398 700 2 0.01281400000000000
700 1398 700 2 0.01296800000000000
700 1398 700 2 0.01301600000000000
700 1398 700 2 0.01306100000000000
700 1398 700 2 0.01273800000000000
700 1398 700 2 0.01275800000000000
725 1448 725 2 0.01067500000000000
725 1448 725 2 0.01054400000000000
725 1448 725 2 0.01340100000000000
725 1448 725 2 0.01341700000000000
725 1448 725 2 0.01323800000000000
725 1448 725 2 0.01092600000000000
725 1448 725 2 0.01353300000000000
725 1448 725 2 0.01348500000000000
725 1448 725 2 0.01368000000000000
725 1448 725 2 0.01354200000000000
750 1498 750 2 0.01445800000000000
750 1498 750 2 0.01115800000000000
750 1498 750 2 0.01435100000000000
750 1498 750 2 0.01151800000000000
750 1498 750 2 0.01141600000000000
750 1498 750 2 0.01447300000000000
750 1498 750 2 0.01454700000000000
750 1498 750 2 0.01505200000000000
750 1498 750 2 0.01488800000000000
750 1498 750 2 0.01508400000000000
800 1598 800 2 0.01402700000000000
800 1598 800 2 0.01400700000000000
800 1598 800 2 0.01343000000000000
800 1598 800 2 0.01744500000000000
800 1598 800 2 0.01749600000000000
800 1598 800 2 0.01746100000000000
800 1598 800 2 0.01752700000000000
800 1598 800 2 0.01702500000000000
800 1598 800 2 0.01717900000000000
800 1598 800 2 0.01667500000000000
850 1698 850 2 0.01878600000000000
850 1698 850 2 0.01901500000000000
850 1698 850 2 0.01873300000000000
850 1698 850 2 0.01504900000000000
850 1698 850 2 0.01919500000000000
850 1698 850 2 0.01535000000000000
850 1698 850 2 0.01500700000000000
850 1698 850 2 0.01941100000000000
850 1698 850 2 0.01918600000000000
850 1698 850 2 0.01858200000000000
900 1798 900 2 0.02109000000000000
900 1798 900 2 0.01664600000000000
900 1798 900 2 0.01683800000000000
900 1798 900 2 0.01679100000000000
900 1798 900 2 0.02125500000000000
900 1798 900 2 0.02080200000000000
900 1798 900 2 0.02122500000000000
900 1798 900 2 0.02094700000000000
900 1798 900 2 0.02077100000000000
900 1798 900 2 0.02140700000000000
950 1898 950 2 0.01825100000000000
950 1898 950 2 0.02379100000000000
950 1898 950 2 0.01861900000000000
950 1898 950 2 0.02350500000000000
950 1898 950 2 0.02348100000000000
950 1898 950 2 0.02342300000000000
950 1898 950 2 0.02369100000000000
1000 1998 1000 2 0.02028500000000000
950 1898 950 2 0.02394900000000000
950 1898 950 2 0.02371200000000000
950 1898 950 2 0.02334100000000000
1000 1998 1000 2 0.02043900000000000
1000 1998 1000 2 0.02063700000000000
1000 1998 1000 2 0.02036100000000000
1000 1998 1000 2 0.02590300000000000
1000 1998 1000 2 0.02557100000000000
1000 1998 1000 2 0.02548600000000000
1000 1998 1000 2 0.02590200000000000
1000 1998 1000 2 0.02540100000000000
1000 1998 1000 2 0.02515300000000000
1100 2198 1100 2 0.03465000000000000
1100 2198 1100 2 0.02743900000000000
1100 2198 1100 2 0.03462200000000000
1100 2198 1100 2 0.03488300000000000
1100 2198 1100 2 0.03432900000000000
1100 2198 1100 2 0.02845600000000000
1100 2198 1100 2 0.03556200000000000
1100 2198 1100 2 0.03555200000000000
1100 2198 1100 2 0.03604700000000000
1100 2198 1100 2 0.03595000000000000
1200 2398 1200 2 0.03325300000000000
1200 2398 1200 2 0.04274500000000000
1200 2398 1200 2 0.04215600000000000
1200 2398 1200 2 0.04232200000000000
1200 2398 1200 2 0.04162700000000000
1200 2398 1200 2 0.03408500000000000
1200 2398 1200 2 0.03429300000000000
1200 2398 1200 2 0.03422400000000000
1200 2398 1200 2 0.04222400000000000
1200 2398 1200 2 0.04213500000000000
1300 2598 1300 2 0.04818100000000000
1300 2598 1300 2 0.04795500000000000
1300 2598 1300 2 0.04829900000000000
1300 2598 1300 2 0.04886500000000000
1300 2598 1300 2 0.03843100000000000
1300 2598 1300 2 0.03752000000000000
1400 2798 1400 2 0.04540900000000000
1300 2598 1300 2 0.04750700000000000
1300 2598 1300 2 0.04840000000000000
1300 2598 1300 2 0.04725600000000000
1300 2598 1300 2 0.04765300000000000
1400 2798 1400 2 0.05859100000000000
1400 2798 1400 2 0.05471000000000000
1400 2798 1400 2 0.05431500000000000
1400 2798 1400 2 0.05871300000000000
1400 2798 1400 2 0.04941000000000000
1400 2798 1400 2 0.05056100000000000
1400 2798 1400 2 0.04916700000000000
1400 2798 1400 2 0.05992700000000000
1400 2798 1400 2 0.06097800000000000
1500 2998 1500 2 0.05310700000000000
1500 2998 1500 2 0.05328800000000000
1600 3198 1600 2 0.06263400000000000
1500 2998 1500 2 0.05288500000000000
1500 2998 1500 2 0.05316300000000000
1500 2998 1500 2 0.05242800000000000
1500 2998 1500 2 0.06498100000000000
1500 2998 1500 2 0.06512500000000000
1500 2998 1500 2 0.06583700000000001
1500 2998 1500 2 0.06486599999999999
1500 2998 1500 2 0.06561100000000000
1600 3198 1600 2 0.06000000000000000
1600 3198 1600 2 0.07526300000000000
1600 3198 1600 2 0.07564300000000000
1600 3198 1600 2 0.07661700000000000
1600 3198 1600 2 0.06116100000000000
1600 3198 1600 2 0.06086000000000000
1700 3398 1700 2 0.06957300000000000
1600 3198 1600 2 0.06136400000000000
1600 3198 1600 2 0.07744900000000000
1600 3198 1600 2 0.07719300000000000
1700 3398 1700 2 0.07074500000000000
1700 3398 1700 2 0.07107700000000000
1700 3398 1700 2 0.07157900000000000
1700 3398 1700 2 0.07150500000000000
1700 3398 1700 2 0.07101800000000000
1700 3398 1700 2 0.07040000000000000
1700 3398 1700 2 0.07115100000000001
1700 3398 1700 2 0.08847099999999999
1800 3598 1800 2 0.07977200000000000
1700 3398 1700 2 0.08864700000000000
1800 3598 1800 2 0.07873300000000000
1800 3598 1800 2 0.09823700000000000
1800 3598 1800 2 0.09915499999999999
1800 3598 1800 2 0.09946600000000000
1800 3598 1800 2 0.09901699999999999
1800 3598 1800 2 0.09937100000000000
1900 3798 1900 2 0.08954300000000000
1900 3798 1900 2 0.08794299999999999
1900 3798 1900 2 0.08812800000000000
1800 3598 1800 2 0.09855600000000000
1800 3598 1800 2 0.09886499999999999
1800 3598 1800 2 0.09948799999999999
1900 3798 1900 2 0.08748000000000000
1900 3798 1900 2 0.08781600000000001
1900 3798 1900 2 0.08868200000000000
1900 3798 1900 2 0.11076600000000000
1900 3798 1900 2 0.08790300000000000
1900 3798 1900 2 0.11016400000000000
1900 3798 1900 2 0.09135500000000001
2000 3998 2000 2 0.10146400000000000
2000 3998 2000 2 0.10196700000000000
2000 3998 2000 2 0.10280000000000000
2000 3998 2000 2 0.11734899999999999
2000 3998 2000 2 0.11574000000000000
2000 3998 2000 2 0.10299999999999999
2000 3998 2000 2 0.10970299999999999
2000 3998 2000 2 0.11201300000000000
2000 3998 2000 2 0.10911100000000000
2000 3998 2000 2 0.10979100000000000
2250 4498 2250 2 0.14994800000000000
2250 4498 2250 2 0.15183800000000000
2250 4498 2250 2 0.14918999999999999
2250 4498 2250 2 0.14738200000000001
2250 4498 2250 2 0.14638499999999999
2250 4498 2250 2 0.14786199999999999
2250 4498 2250 2 0.14802299999999999
2250 4498 2250 2 0.14843999999999999
2250 4498 2250 2 0.15018599999999999
2250 4498 2250 2 0.14807300000000001
2500 4998 2500 2 0.18487300000000001
2500 4998 2500 2 0.18329400000000001
2500 4998 2500 2 0.18604899999999999
2500 4998 2500 2 0.18274799999999999
2500 4998 2500 2 0.18320500000000001
2500 4998 2500 2 0.18317300000000000
2500 4998 2500 2 0.18758200000000000
2500 4998 2500 2 0.18711600000000000
2500 4998 2500 2 0.18694500000000000
2500 4998 2500 2 0.18580300000000000
2750 5498 2750 2 0.22573599999999999
2750 5498 2750 2 0.22076999999999999
2750 5498 2750 2 0.22297000000000000
2750 5498 2750 2 0.22400500000000001
2750 5498 2750 2 0.22519400000000001
2750 5498 2750 2 0.21939100000000000
2750 5498 2750 2 0.22155200000000000
2750 5498 2750 2 0.22261000000000000
2750 5498 2750 2 0.21588199999999999
2750 5498 2750 2 0.21893799999999999
3000 5998 3000 2 0.25712299999999999
3000 5998 3000 2 0.25934600000000002
3000 5998 3000 2 0.26190000000000002
3000 5998 3000 2 0.26162000000000002
3000 5998 3000 2 0.25770500000000002
3000 5998 3000 2 0.25160800000000000
3000 5998 3000 2 0.25275100000000000
3000 5998 3000 2 0.25622099999999998
3000 5998 3000 2 0.25118699999999999
3000 5998 3000 2 0.25814599999999999
