Nodos Aristas Frontera |CMF| Segundos
3 3 2 1 0.00065400000000000
2 1 1 1 0.00078000000000000
2 1 1 1 0.00000900000000000
3 3 2 1 0.00000100000000000
4 6 4 2 0.00000100000000000
2 1 1 1 0.00000900000000000
2 1 1 1 0.00019600000000000
4 6 4 2 0.00000400000000000
2 1 1 1 0.00000500000000000
4 6 4 2 0.00000100000000000
3 3 2 1 0.00000200000000000
5 8 5 2 0.00000600000000000
2 1 1 1 0.00000600000000000
4 6 4 2 0.00070800000000000
5 8 5 2 0.00003000000000000
2 1 1 1 0.00001000000000000
5 8 5 2 0.00000300000000000
4 6 4 2 0.00000100000000000
3 3 2 1 0.00000100000000000
3 3 2 1 0.00000100000000000
5 8 5 2 0.00002900000000000
4 6 4 2 0.00000200000000000
2 1 1 1 0.00019700000000000
5 8 5 2 0.00001800000000000
3 3 2 1 0.00000300000000000
3 3 2 1 0.00000100000000000
2 1 1 1 0.00000800000000000
6 10 6 2 0.00001100000000000
6 10 6 2 0.00001200000000000
6 10 6 2 0.00001400000000000
4 6 4 2 0.00000200000000000
6 10 6 2 0.00001500000000000
5 8 5 2 0.00000300000000000
6 10 6 2 0.00001600000000000
2 1 1 1 0.00011500000000000
6 10 6 2 0.00001100000000000
6 10 6 2 0.00000600000000000
7 12 7 2 0.00000500000000000
6 10 6 2 0.00001600000000000
5 8 5 2 0.00000400000000000
7 12 7 2 0.00000400000000000
4 6 4 2 0.00000200000000000
7 12 7 2 0.00000400000000000
6 10 6 2 0.00005000000000000
8 14 8 2 0.00000400000000000
7 12 7 2 0.00000500000000000
8 14 8 2 0.00000400000000000
3 3 2 1 0.00000100000000000
8 14 8 2 0.00000400000000000
8 14 8 2 0.00001100000000000
9 16 9 2 0.00000500000000000
8 14 8 2 0.00000500000000000
9 16 9 2 0.00000700000000000
8 14 8 2 0.00000600000000000
5 8 5 2 0.00001200000000000
7 12 7 2 0.00000500000000000
9 16 9 2 0.00000600000000000
9 16 9 2 0.00000500000000000
9 16 9 2 0.00000800000000000
9 16 9 2 0.00001000000000000
8 14 8 2 0.00000600000000000
7 12 7 2 0.00000500000000000
9 16 9 2 0.00000600000000000
10 18 10 2 0.00000900000000000
10 18 10 2 0.00000600000000000
9 16 9 2 0.00000500000000000
8 14 8 2 0.00000500000000000
10 18 10 2 0.00000900000000000
10 18 10 2 0.00000600000000000
8 14 8 2 0.00000400000000000
10 18 10 2 0.00000900000000000
10 18 10 2 0.00000500000000000
11 20 11 2 0.00001800000000000
6 10 6 2 0.00002400000000000
4 6 4 2 0.00000100000000000
9 16 9 2 0.00000500000000000
7 12 7 2 0.00000500000000000
11 20 11 2 0.00000600000000000
8 14 8 2 0.00000500000000000
12 22 12 2 0.00000800000000000
10 18 10 2 0.00000600000000000
10 18 10 2 0.00001100000000000
11 20 11 2 0.00001000000000000
3 3 2 1 0.00071300000000000
12 22 12 2 0.00000700000000000
11 20 11 2 0.00001000000000000
12 22 12 2 0.00000600000000000
11 20 11 2 0.00002000000000000
11 20 11 2 0.00001000000000000
12 22 12 2 0.00000700000000000
12 22 12 2 0.00000800000000000
12 22 12 2 0.00000700000000000
7 12 7 2 0.00000600000000000
13 24 13 2 0.00000700000000000
13 24 13 2 0.00000800000000000
13 24 13 2 0.00000700000000000
3 3 2 1 0.00000100000000000
9 16 9 2 0.00000900000000000
13 24 13 2 0.00000600000000000
12 22 12 2 0.00001400000000000
4 6 4 2 0.00065300000000000
13 24 13 2 0.00000600000000000
11 20 11 2 0.00001200000000000
12 22 12 2 0.00000800000000000
14 26 14 2 0.00000700000000000
12 22 12 2 0.00000700000000000
10 18 10 2 0.00000500000000000
5 8 5 2 0.00004600000000000
14 26 14 2 0.00000600000000000
13 24 13 2 0.00000800000000000
13 24 13 2 0.00000800000000000
13 24 13 2 0.00000800000000000
11 20 11 2 0.00000600000000000
5 8 5 2 0.00000500000000000
11 20 11 2 0.00000700000000000
11 20 11 2 0.00001000000000000
14 26 14 2 0.00000800000000000
15 28 15 2 0.00001400000000000
14 26 14 2 0.00001700000000000
14 26 14 2 0.00001700000000000
13 24 13 2 0.00000800000000000
13 24 13 2 0.00000800000000000
16 30 16 2 0.00000800000000000
16 30 16 2 0.00001500000000000
7 12 7 2 0.00000500000000000
16 30 16 2 0.00000800000000000
16 30 16 2 0.00001800000000000
10 18 10 2 0.00001100000000000
12 22 12 2 0.00000600000000000
16 30 16 2 0.00000900000000000
14 26 14 2 0.00000900000000000
17 32 17 2 0.00000800000000000
15 28 15 2 0.00001200000000000
17 32 17 2 0.00001000000000000
17 32 17 2 0.00000900000000000
17 32 17 2 0.00001000000000000
16 30 16 2 0.00000900000000000
17 32 17 2 0.00000800000000000
15 28 15 2 0.00001200000000000
14 26 14 2 0.00000800000000000
18 34 18 2 0.00001300000000000
16 30 16 2 0.00001200000000000
17 32 17 2 0.00001200000000000
16 30 16 2 0.00000900000000000
14 26 14 2 0.00006300000000000
18 34 18 2 0.00001300000000000
18 34 18 2 0.00001600000000000
15 28 15 2 0.00001400000000000
15 28 15 2 0.00001800000000000
18 34 18 2 0.00001100000000000
17 32 17 2 0.00001000000000000
19 36 19 2 0.00001500000000000
18 34 18 2 0.00001400000000000
16 30 16 2 0.00000600000000000
19 36 19 2 0.00001200000000000
15 28 15 2 0.00002100000000000
18 34 18 2 0.00001200000000000
19 36 19 2 0.00001700000000000
16 30 16 2 0.00002000000000000
19 36 19 2 0.00001200000000000
14 26 14 2 0.00017600000000000
19 36 19 2 0.00001200000000000
17 32 17 2 0.00001100000000000
17 32 17 2 0.00001000000000000
19 36 19 2 0.00001000000000000
19 36 19 2 0.00001600000000000
18 34 18 2 0.00001300000000000
19 36 19 2 0.00001000000000000
19 36 19 2 0.00001800000000000
14 26 14 2 0.00001000000000000
20 38 20 2 0.00001900000000000
20 38 20 2 0.00001100000000000
20 38 20 2 0.00002200000000000
21 40 21 2 0.00001300000000000
21 40 21 2 0.00001100000000000
20 38 20 2 0.00002000000000000
20 38 20 2 0.00001300000000000
21 40 21 2 0.00001100000000000
21 40 21 2 0.00001100000000000
21 40 21 2 0.00001400000000000
20 38 20 2 0.00001100000000000
15 28 15 2 0.00001800000000000
22 42 22 2 0.00001100000000000
22 42 22 2 0.00001400000000000
22 42 22 2 0.00001200000000000
18 34 18 2 0.00001200000000000
22 42 22 2 0.00001500000000000
22 42 22 2 0.00001200000000000
22 42 22 2 0.00001200000000000
18 34 18 2 0.00001300000000000
20 38 20 2 0.00001900000000000
22 42 22 2 0.00001200000000000
20 38 20 2 0.00001700000000000
22 42 22 2 0.00001300000000000
23 44 23 2 0.00001400000000000
23 44 23 2 0.00001600000000000
21 40 21 2 0.00001400000000000
21 40 21 2 0.00001400000000000
19 36 19 2 0.00001000000000000
23 44 23 2 0.00001500000000000
15 28 15 2 0.00016000000000000
24 46 24 2 0.00002200000000000
23 44 23 2 0.00001300000000000
24 46 24 2 0.00002000000000000
15 28 15 2 0.00017900000000000
15 28 15 2 0.00001500000000000
23 44 23 2 0.00001300000000000
23 44 23 2 0.00001600000000000
22 42 22 2 0.00001500000000000
22 42 22 2 0.00001200000000000
24 46 24 2 0.00002100000000000
24 46 24 2 0.00001200000000000
25 48 25 2 0.00002100000000000
23 44 23 2 0.00001500000000000
24 46 24 2 0.00002000000000000
23 44 23 2 0.00001600000000000
24 46 24 2 0.00002000000000000
25 48 25 2 0.00001900000000000
25 48 25 2 0.00001600000000000
21 40 21 2 0.00001400000000000
24 46 24 2 0.00001700000000000
23 44 23 2 0.00001700000000000
20 38 20 2 0.00022900000000000
25 48 25 2 0.00001700000000000
24 46 24 2 0.00001600000000000
25 48 25 2 0.00002100000000000
23 44 23 2 0.00001800000000000
26 50 26 2 0.00001400000000000
20 38 20 2 0.00001300000000000
24 46 24 2 0.00001900000000000
25 48 25 2 0.00001400000000000
21 40 21 2 0.00001400000000000
26 50 26 2 0.00001300000000000
26 50 26 2 0.00001400000000000
26 50 26 2 0.00001800000000000
25 48 25 2 0.00002200000000000
25 48 25 2 0.00001800000000000
27 52 27 2 0.00001800000000000
27 52 27 2 0.00001900000000000
26 50 26 2 0.00001700000000000
26 50 26 2 0.00001800000000000
27 52 27 2 0.00001600000000000
27 52 27 2 0.00001700000000000
26 50 26 2 0.00001700000000000
27 52 27 2 0.00002000000000000
27 52 27 2 0.00001500000000000
28 54 28 2 0.00001900000000000
17 32 17 2 0.00015200000000000
28 54 28 2 0.00001800000000000
27 52 27 2 0.00001600000000000
25 48 25 2 0.00002500000000000
26 50 26 2 0.00001800000000000
28 54 28 2 0.00002000000000000
29 56 29 2 0.00002600000000000
28 54 28 2 0.00001500000000000
27 52 27 2 0.00001800000000000
28 54 28 2 0.00001500000000000
29 56 29 2 0.00002400000000000
7 12 7 2 0.00000500000000000
29 56 29 2 0.00002300000000000
28 54 28 2 0.00002400000000000
26 50 26 2 0.00001700000000000
30 58 30 2 0.00002100000000000
29 56 29 2 0.00002800000000000
18 34 18 2 0.00001400000000000
28 54 28 2 0.00001500000000000
27 52 27 2 0.00002000000000000
28 54 28 2 0.00001900000000000
30 58 30 2 0.00003100000000000
29 56 29 2 0.00002900000000000
30 58 30 2 0.00002600000000000
30 58 30 2 0.00001600000000000
31 60 31 2 0.00002200000000000
29 56 29 2 0.00002100000000000
29 56 29 2 0.00002900000000000
30 58 30 2 0.00002700000000000
30 58 30 2 0.00002900000000000
31 60 31 2 0.00001700000000000
27 52 27 2 0.00002400000000000
31 60 31 2 0.00002200000000000
31 60 31 2 0.00001800000000000
31 60 31 2 0.00002200000000000
30 58 30 2 0.00002000000000000
32 62 32 2 0.00001800000000000
30 58 30 2 0.00002800000000000
29 56 29 2 0.00002100000000000
30 58 30 2 0.00002000000000000
32 62 32 2 0.00002100000000000
32 62 32 2 0.00001700000000000
32 62 32 2 0.00002100000000000
31 60 31 2 0.00002200000000000
32 62 32 2 0.00002200000000000
31 60 31 2 0.00002300000000000
32 62 32 2 0.00001700000000000
31 60 31 2 0.00002100000000000
32 62 32 2 0.00001700000000000
29 56 29 2 0.00002100000000000
32 62 32 2 0.00001800000000000
28 54 28 2 0.00001500000000000
33 64 33 2 0.00002600000000000
33 64 33 2 0.00002500000000000
25 48 25 2 0.00001700000000000
33 64 33 2 0.00003800000000000
33 64 33 2 0.00002100000000000
33 64 33 2 0.00002500000000000
34 66 34 2 0.00002700000000000
32 62 32 2 0.00002300000000000
33 64 33 2 0.00002600000000000
29 56 29 2 0.00002800000000000
34 66 34 2 0.00002700000000000
33 64 33 2 0.00002600000000000
33 64 33 2 0.00002500000000000
34 66 34 2 0.00002100000000000
34 66 34 2 0.00003300000000000
30 58 30 2 0.00002500000000000
34 66 34 2 0.00003500000000000
35 68 35 2 0.00002500000000000
34 66 34 2 0.00003200000000000
35 68 35 2 0.00002500000000000
34 66 34 2 0.00002800000000000
35 68 35 2 0.00003500000000000
33 64 33 2 0.00001900000000000
35 68 35 2 0.00003000000000000
36 70 36 2 0.00002500000000000
21 40 21 2 0.00034800000000000
33 64 33 2 0.00002000000000000
31 60 31 2 0.00002200000000000
36 70 36 2 0.00002400000000000
35 68 35 2 0.00004300000000000
35 68 35 2 0.00003400000000000
36 70 36 2 0.00003100000000000
36 70 36 2 0.00002400000000000
36 70 36 2 0.00003100000000000
37 72 37 2 0.00002600000000000
35 68 35 2 0.00003400000000000
36 70 36 2 0.00002400000000000
36 70 36 2 0.00003100000000000
37 72 37 2 0.00002500000000000
35 68 35 2 0.00003400000000000
32 62 32 2 0.00002200000000000
34 66 34 2 0.00003200000000000
37 72 37 2 0.00002600000000000
37 72 37 2 0.00003200000000000
37 72 37 2 0.00003200000000000
37 72 37 2 0.00002500000000000
38 74 38 2 0.00002600000000000
36 70 36 2 0.00002500000000000
36 70 36 2 0.00002500000000000
38 74 38 2 0.00002800000000000
34 66 34 2 0.00003400000000000
38 74 38 2 0.00003300000000000
38 74 38 2 0.00002600000000000
38 74 38 2 0.00003500000000000
39 76 39 2 0.00003400000000000
38 74 38 2 0.00003400000000000
38 74 38 2 0.00003300000000000
37 72 37 2 0.00003300000000000
35 68 35 2 0.00002900000000000
38 74 38 2 0.00002700000000000
37 72 37 2 0.00003300000000000
39 76 39 2 0.00004100000000000
35 68 35 2 0.00003500000000000
39 76 39 2 0.00003200000000000
26 50 26 2 0.00014200000000000
39 76 39 2 0.00004300000000000
40 78 40 2 0.00003400000000000
38 74 38 2 0.00003400000000000
39 76 39 2 0.00002700000000000
40 78 40 2 0.00004400000000000
38 74 38 2 0.00002700000000000
40 78 40 2 0.00003900000000000
37 72 37 2 0.00003300000000000
40 78 40 2 0.00003000000000000
40 78 40 2 0.00003600000000000
39 76 39 2 0.00009800000000000
39 76 39 2 0.00003700000000000
41 80 41 2 0.00003100000000000
36 70 36 2 0.00003100000000000
40 78 40 2 0.00002800000000000
34 66 34 2 0.00003200000000000
41 80 41 2 0.00004400000000000
39 76 39 2 0.00003900000000000
37 72 37 2 0.00003200000000000
24 46 24 2 0.00011400000000000
41 80 41 2 0.00002900000000000
40 78 40 2 0.00003900000000000
41 80 41 2 0.00002900000000000
39 76 39 2 0.00003800000000000
42 82 42 2 0.00002900000000000
40 78 40 2 0.00004000000000000
42 82 42 2 0.00003100000000000
42 82 42 2 0.00003700000000000
42 82 42 2 0.00003000000000000
42 82 42 2 0.00004300000000000
28 54 28 2 0.00016200000000000
31 60 31 2 0.00023200000000000
43 84 43 2 0.00003900000000000
42 82 42 2 0.00003700000000000
40 78 40 2 0.00004200000000000
43 84 43 2 0.00003800000000000
43 84 43 2 0.00004000000000000
41 80 41 2 0.00003000000000000
43 84 43 2 0.00005000000000000
43 84 43 2 0.00003200000000000
41 80 41 2 0.00003100000000000
43 84 43 2 0.00004600000000000
44 86 44 2 0.00003200000000000
41 80 41 2 0.00003800000000000
39 76 39 2 0.00004400000000000
44 86 44 2 0.00003300000000000
43 84 43 2 0.00004900000000000
44 86 44 2 0.00003300000000000
44 86 44 2 0.00004200000000000
44 86 44 2 0.00004400000000000
40 78 40 2 0.00004600000000000
44 86 44 2 0.00003300000000000
44 86 44 2 0.00004800000000000
43 84 43 2 0.00005000000000000
41 80 41 2 0.00003900000000000
45 88 45 2 0.00003300000000000
45 88 45 2 0.00004200000000000
43 84 43 2 0.00004500000000000
45 88 45 2 0.00004300000000000
41 80 41 2 0.00003800000000000
45 88 45 2 0.00003500000000000
46 90 46 2 0.00004600000000000
43 84 43 2 0.00004700000000000
46 90 46 2 0.00003400000000000
46 90 46 2 0.00004800000000000
46 90 46 2 0.00004500000000000
45 88 45 2 0.00004300000000000
44 86 44 2 0.00004200000000000
45 88 45 2 0.00004300000000000
44 86 44 2 0.00004000000000000
45 88 45 2 0.00004200000000000
46 90 46 2 0.00003500000000000
46 90 46 2 0.00004500000000000
45 88 45 2 0.00003400000000000
47 92 47 2 0.00004500000000000
42 82 42 2 0.00003900000000000
47 92 47 2 0.00003800000000000
47 92 47 2 0.00003800000000000
47 92 47 2 0.00003800000000000
47 92 47 2 0.00004100000000000
44 86 44 2 0.00004900000000000
48 94 48 2 0.00004100000000000
48 94 48 2 0.00005400000000000
47 92 47 2 0.00004700000000000
42 82 42 2 0.00003800000000000
47 92 47 2 0.00005500000000000
46 90 46 2 0.00004300000000000
48 94 48 2 0.00004200000000000
47 92 47 2 0.00004500000000000
47 92 47 2 0.00005100000000000
48 94 48 2 0.00004500000000000
46 90 46 2 0.00004300000000000
49 96 49 2 0.00004900000000000
46 90 46 2 0.00004400000000000
48 94 48 2 0.00003700000000000
49 96 49 2 0.00005400000000000
48 94 48 2 0.00005100000000000
48 94 48 2 0.00005500000000000
49 96 49 2 0.00005400000000000
48 94 48 2 0.00004600000000000
49 96 49 2 0.00005300000000000
49 96 49 2 0.00003900000000000
49 96 49 2 0.00005800000000000
50 98 50 2 0.00004000000000000
42 82 42 2 0.00003900000000000
48 94 48 2 0.00005400000000000
50 98 50 2 0.00004800000000000
50 98 50 2 0.00003900000000000
49 96 49 2 0.00003800000000000
49 96 49 2 0.00005400000000000
50 98 50 2 0.00003800000000000
49 96 49 2 0.00005600000000000
50 98 50 2 0.00005000000000000
51 100 51 2 0.00004100000000000
46 90 46 2 0.00004400000000000
51 100 51 2 0.00004100000000000
48 94 48 2 0.00005500000000000
51 100 51 2 0.00004100000000000
50 98 50 2 0.00004800000000000
50 98 50 2 0.00004900000000000
51 100 51 2 0.00004200000000000
51 100 51 2 0.00004200000000000
51 100 51 2 0.00005300000000000
52 102 52 2 0.00006500000000000
52 102 52 2 0.00005400000000000
51 100 51 2 0.00005200000000000
52 102 52 2 0.00005700000000000
52 102 52 2 0.00004700000000000
50 98 50 2 0.00004800000000000
50 98 50 2 0.00004800000000000
52 102 52 2 0.00005800000000000
52 102 52 2 0.00005400000000000
51 100 51 2 0.00005100000000000
52 102 52 2 0.00005800000000000
52 102 52 2 0.00005300000000000
51 100 51 2 0.00005100000000000
53 104 53 2 0.00004400000000000
53 104 53 2 0.00005400000000000
53 104 53 2 0.00006000000000000
53 104 53 2 0.00006200000000000
53 104 53 2 0.00004400000000000
53 104 53 2 0.00005900000000000
53 104 53 2 0.00005300000000000
54 106 54 2 0.00004400000000000
54 106 54 2 0.00006300000000000
54 106 54 2 0.00007000000000000
50 98 50 2 0.00005000000000000
52 102 52 2 0.00006600000000000
53 104 53 2 0.00004400000000000
53 104 53 2 0.00005900000000000
54 106 54 2 0.00005400000000000
49 96 49 2 0.00005200000000000
55 108 55 2 0.00004600000000000
55 108 55 2 0.00005700000000000
54 106 54 2 0.00004500000000000
51 100 51 2 0.00005300000000000
54 106 54 2 0.00004500000000000
55 108 55 2 0.00005900000000000
55 108 55 2 0.00004800000000000
53 104 53 2 0.00004400000000000
55 108 55 2 0.00005700000000000
56 110 56 2 0.00004700000000000
55 108 55 2 0.00005800000000000
56 110 56 2 0.00004600000000000
54 106 54 2 0.00005600000000000
54 106 54 2 0.00005500000000000
55 108 55 2 0.00005900000000000
55 108 55 2 0.00005900000000000
56 110 56 2 0.00005800000000000
56 110 56 2 0.00004800000000000
56 110 56 2 0.00006000000000000
55 108 55 2 0.00005800000000000
54 106 54 2 0.00006000000000000
56 110 56 2 0.00005800000000000
56 110 56 2 0.00004700000000000
57 112 57 2 0.00007200000000000
57 112 57 2 0.00006800000000000
56 110 56 2 0.00004700000000000
55 108 55 2 0.00005800000000000
57 112 57 2 0.00007200000000000
54 106 54 2 0.00006400000000000
57 112 57 2 0.00006800000000000
52 102 52 2 0.00006000000000000
56 110 56 2 0.00005900000000000
57 112 57 2 0.00007100000000000
58 114 58 2 0.00007300000000000
57 112 57 2 0.00007200000000000
57 112 57 2 0.00006900000000000
58 114 58 2 0.00006400000000000
58 114 58 2 0.00006900000000000
58 114 58 2 0.00006300000000000
56 110 56 2 0.00004700000000000
58 114 58 2 0.00006100000000000
58 114 58 2 0.00006700000000000
58 114 58 2 0.00006000000000000
57 112 57 2 0.00005600000000000
58 114 58 2 0.00007200000000000
57 112 57 2 0.00005600000000000
59 116 59 2 0.00007400000000000
59 116 59 2 0.00006700000000000
59 116 59 2 0.00006900000000000
58 114 58 2 0.00006100000000000
59 116 59 2 0.00006600000000000
59 116 59 2 0.00006000000000000
59 116 59 2 0.00006600000000000
60 118 60 2 0.00005200000000000
59 116 59 2 0.00006900000000000
57 112 57 2 0.00007300000000000
60 118 60 2 0.00006700000000000
59 116 59 2 0.00006400000000000
59 116 59 2 0.00006900000000000
41 80 41 2 0.00023600000000000
59 116 59 2 0.00006500000000000
60 118 60 2 0.00006800000000000
60 118 60 2 0.00005500000000000
61 120 61 2 0.00007300000000000
60 118 60 2 0.00006700000000000
60 118 60 2 0.00006800000000000
61 120 61 2 0.00007400000000000
61 120 61 2 0.00005400000000000
61 120 61 2 0.00005700000000000
60 118 60 2 0.00006900000000000
60 118 60 2 0.00005400000000000
60 118 60 2 0.00005500000000000
61 120 61 2 0.00007000000000000
61 120 61 2 0.00006900000000000
61 120 61 2 0.00006900000000000
61 120 61 2 0.00006900000000000
58 114 58 2 0.00006200000000000
62 122 62 2 0.00006200000000000
60 118 60 2 0.00006900000000000
62 122 62 2 0.00007400000000000
62 122 62 2 0.00006600000000000
62 122 62 2 0.00006600000000000
61 120 61 2 0.00006800000000000
62 122 62 2 0.00007500000000000
62 122 62 2 0.00006300000000000
62 122 62 2 0.00007800000000000
62 122 62 2 0.00007500000000000
61 120 61 2 0.00006800000000000
63 124 63 2 0.00007500000000000
63 124 63 2 0.00006200000000000
63 124 63 2 0.00007900000000000
63 124 63 2 0.00005800000000000
62 122 62 2 0.00007800000000000
63 124 63 2 0.00006900000000000
63 124 63 2 0.00005700000000000
64 126 64 2 0.00005600000000000
64 126 64 2 0.00005600000000000
64 126 64 2 0.00006800000000000
63 124 63 2 0.00007600000000000
63 124 63 2 0.00008100000000000
64 126 64 2 0.00006900000000000
63 124 63 2 0.00007700000000000
65 128 65 2 0.00006000000000000
64 126 64 2 0.00005300000000000
64 126 64 2 0.00007100000000000
64 126 64 2 0.00006900000000000
64 126 64 2 0.00006900000000000
62 122 62 2 0.00007400000000000
64 126 64 2 0.00006800000000000
65 128 65 2 0.00006100000000000
65 128 65 2 0.00007600000000000
65 128 65 2 0.00006000000000000
65 128 65 2 0.00007600000000000
63 124 63 2 0.00007800000000000
65 128 65 2 0.00006200000000000
66 130 66 2 0.00007200000000000
66 130 66 2 0.00007000000000000
64 126 64 2 0.00006900000000000
65 128 65 2 0.00007700000000000
45 88 45 2 0.00049300000000000
66 130 66 2 0.00007500000000000
66 130 66 2 0.00008800000000000
42 82 42 2 0.00030400000000000
65 128 65 2 0.00008000000000000
66 130 66 2 0.00009200000000000
66 130 66 2 0.00009000000000000
66 130 66 2 0.00008700000000000
66 130 66 2 0.00009400000000000
67 132 67 2 0.00007600000000000
66 130 66 2 0.00008800000000000
67 132 67 2 0.00009400000000000
67 132 67 2 0.00007000000000000
65 128 65 2 0.00007400000000000
67 132 67 2 0.00007400000000000
66 130 66 2 0.00009100000000000
67 132 67 2 0.00007300000000000
68 134 68 2 0.00009700000000000
67 132 67 2 0.00007100000000000
67 132 67 2 0.00008900000000000
68 134 68 2 0.00009100000000000
68 134 68 2 0.00008900000000000
65 128 65 2 0.00007400000000000
68 134 68 2 0.00009100000000000
68 134 68 2 0.00008900000000000
68 134 68 2 0.00009100000000000
69 136 69 2 0.00009700000000000
69 136 69 2 0.00007900000000000
68 134 68 2 0.00007100000000000
68 134 68 2 0.00008900000000000
69 136 69 2 0.00009500000000000
67 132 67 2 0.00009000000000000
67 132 67 2 0.00009400000000000
68 134 68 2 0.00007300000000000
69 136 69 2 0.00009500000000000
67 132 67 2 0.00009800000000000
70 138 70 2 0.00009900000000000
69 136 69 2 0.00009800000000000
69 136 69 2 0.00007800000000000
69 136 69 2 0.00009400000000000
69 136 69 2 0.00007800000000000
69 136 69 2 0.00009600000000000
70 138 70 2 0.00009700000000000
70 138 70 2 0.00007900000000000
70 138 70 2 0.00007900000000000
71 140 71 2 0.00008900000000000
70 138 70 2 0.00009900000000000
69 136 69 2 0.00009600000000000
70 138 70 2 0.00009900000000000
70 138 70 2 0.00009900000000000
70 138 70 2 0.00009700000000000
70 138 70 2 0.00009600000000000
70 138 70 2 0.00009800000000000
71 140 71 2 0.00011000000000000
71 140 71 2 0.00008800000000000
71 140 71 2 0.00009100000000000
45 88 45 2 0.00047500000000000
71 140 71 2 0.00010800000000000
47 92 47 2 0.00046400000000000
72 142 72 2 0.00009400000000000
71 140 71 2 0.00011000000000000
72 142 72 2 0.00008100000000000
71 140 71 2 0.00010800000000000
72 142 72 2 0.00009500000000000
72 142 72 2 0.00010600000000000
71 140 71 2 0.00011100000000000
71 140 71 2 0.00011300000000000
72 142 72 2 0.00010800000000000
72 142 72 2 0.00011500000000000
73 144 73 2 0.00008500000000000
73 144 73 2 0.00008100000000000
72 142 72 2 0.00011100000000000
73 144 73 2 0.00010700000000000
73 144 73 2 0.00010600000000000
72 142 72 2 0.00010700000000000
73 144 73 2 0.00008400000000000
72 142 72 2 0.00010500000000000
73 144 73 2 0.00008500000000000
73 144 73 2 0.00008300000000000
71 140 71 2 0.00011400000000000
73 144 73 2 0.00010700000000000
74 146 74 2 0.00009400000000000
72 142 72 2 0.00011400000000000
74 146 74 2 0.00011100000000000
73 144 73 2 0.00010700000000000
74 146 74 2 0.00010800000000000
74 146 74 2 0.00011100000000000
75 148 75 2 0.00011000000000000
74 146 74 2 0.00008900000000000
74 146 74 2 0.00010900000000000
75 148 75 2 0.00008800000000000
74 146 74 2 0.00011200000000000
74 146 74 2 0.00010900000000000
75 148 75 2 0.00009100000000000
75 148 75 2 0.00009000000000000
75 148 75 2 0.00009000000000000
74 146 74 2 0.00010700000000000
75 148 75 2 0.00011300000000000
75 148 75 2 0.00011200000000000
75 148 75 2 0.00010800000000000
76 150 76 2 0.00012000000000000
76 150 76 2 0.00011700000000000
76 150 76 2 0.00011600000000000
76 150 76 2 0.00011700000000000
76 150 76 2 0.00012000000000000
76 150 76 2 0.00010100000000000
76 150 76 2 0.00009600000000000
77 152 77 2 0.00009900000000000
76 150 76 2 0.00011900000000000
76 150 76 2 0.00011700000000000
76 150 76 2 0.00011500000000000
77 152 77 2 0.00009500000000000
75 148 75 2 0.00011200000000000
75 148 75 2 0.00010900000000000
77 152 77 2 0.00009800000000000
77 152 77 2 0.00011200000000000
77 152 77 2 0.00012300000000000
77 152 77 2 0.00011600000000000
77 152 77 2 0.00012000000000000
78 154 78 2 0.00011500000000000
77 152 77 2 0.00011900000000000
77 152 77 2 0.00012300000000000
78 154 78 2 0.00011500000000000
78 154 78 2 0.00011700000000000
78 154 78 2 0.00009400000000000
78 154 78 2 0.00009300000000000
78 154 78 2 0.00011500000000000
78 154 78 2 0.00009400000000000
78 154 78 2 0.00011600000000000
78 154 78 2 0.00009400000000000
79 156 79 2 0.00009600000000000
78 154 78 2 0.00012000000000000
79 156 79 2 0.00012700000000000
79 156 79 2 0.00012300000000000
79 156 79 2 0.00012200000000000
79 156 79 2 0.00012300000000000
79 156 79 2 0.00012300000000000
79 156 79 2 0.00012700000000000
79 156 79 2 0.00012000000000000
79 156 79 2 0.00012200000000000
80 158 80 2 0.00011400000000000
80 158 80 2 0.00010900000000000
80 158 80 2 0.00013200000000000
79 156 79 2 0.00012600000000000
80 158 80 2 0.00012700000000000
80 158 80 2 0.00013000000000000
80 158 80 2 0.00010800000000000
80 158 80 2 0.00013200000000000
80 158 80 2 0.00010700000000000
80 158 80 2 0.00010400000000000
81 160 81 2 0.00013300000000000
81 160 81 2 0.00013100000000000
81 160 81 2 0.00013600000000000
80 158 80 2 0.00013000000000000
81 160 81 2 0.00012900000000000
81 160 81 2 0.00013100000000000
82 162 82 2 0.00010200000000000
81 160 81 2 0.00009900000000000
81 160 81 2 0.00013000000000000
82 162 82 2 0.00010300000000000
81 160 81 2 0.00013000000000000
81 160 81 2 0.00013200000000000
82 162 82 2 0.00010100000000000
82 162 82 2 0.00012800000000000
82 162 82 2 0.00012800000000000
82 162 82 2 0.00013400000000000
82 162 82 2 0.00012500000000000
83 164 83 2 0.00013100000000000
83 164 83 2 0.00013000000000000
82 162 82 2 0.00010300000000000
83 164 83 2 0.00013200000000000
83 164 83 2 0.00010800000000000
82 162 82 2 0.00012500000000000
82 162 82 2 0.00012500000000000
83 164 83 2 0.00010500000000000
83 164 83 2 0.00010500000000000
83 164 83 2 0.00013200000000000
83 164 83 2 0.00013000000000000
83 164 83 2 0.00013300000000000
84 166 84 2 0.00010700000000000
84 166 84 2 0.00013300000000000
84 166 84 2 0.00013100000000000
83 164 83 2 0.00013200000000000
84 166 84 2 0.00013100000000000
84 166 84 2 0.00013100000000000
84 166 84 2 0.00013000000000000
84 166 84 2 0.00010700000000000
84 166 84 2 0.00013300000000000
85 168 85 2 0.00012100000000000
84 166 84 2 0.00013400000000000
84 166 84 2 0.00013700000000000
85 168 85 2 0.00014600000000000
85 168 85 2 0.00011900000000000
85 168 85 2 0.00014700000000000
86 170 86 2 0.00014400000000000
85 168 85 2 0.00012400000000000
85 168 85 2 0.00014800000000000
85 168 85 2 0.00015100000000000
85 168 85 2 0.00013000000000000
85 168 85 2 0.00014900000000000
86 170 86 2 0.00012000000000000
86 170 86 2 0.00014500000000000
85 168 85 2 0.00014600000000000
86 170 86 2 0.00011300000000000
86 170 86 2 0.00014000000000000
86 170 86 2 0.00014900000000000
86 170 86 2 0.00014300000000000
86 170 86 2 0.00014400000000000
86 170 86 2 0.00014400000000000
87 172 87 2 0.00011200000000000
86 170 86 2 0.00014200000000000
87 172 87 2 0.00011500000000000
87 172 87 2 0.00014400000000000
87 172 87 2 0.00011100000000000
87 172 87 2 0.00014300000000000
88 174 88 2 0.00011700000000000
87 172 87 2 0.00011200000000000
87 172 87 2 0.00014000000000000
87 172 87 2 0.00014300000000000
87 172 87 2 0.00014300000000000
88 174 88 2 0.00014600000000000
87 172 87 2 0.00014300000000000
88 174 88 2 0.00014600000000000
88 174 88 2 0.00014800000000000
89 176 89 2 0.00011600000000000
88 174 88 2 0.00014900000000000
88 174 88 2 0.00011800000000000
88 174 88 2 0.00014500000000000
89 176 89 2 0.00011700000000000
88 174 88 2 0.00014500000000000
89 176 89 2 0.00014800000000000
88 174 88 2 0.00014800000000000
88 174 88 2 0.00014500000000000
89 176 89 2 0.00011800000000000
89 176 89 2 0.00011800000000000
89 176 89 2 0.00014700000000000
89 176 89 2 0.00014500000000000
89 176 89 2 0.00014300000000000
89 176 89 2 0.00014700000000000
89 176 89 2 0.00014400000000000
90 178 90 2 0.00013900000000000
90 178 90 2 0.00012700000000000
90 178 90 2 0.00016100000000000
90 178 90 2 0.00012800000000000
90 178 90 2 0.00016100000000000
90 178 90 2 0.00016000000000000
90 178 90 2 0.00016300000000000
90 178 90 2 0.00015800000000000
90 178 90 2 0.00015400000000000
90 178 90 2 0.00016400000000000
91 180 91 2 0.00016000000000000
91 180 91 2 0.00012600000000000
91 180 91 2 0.00013100000000000
91 180 91 2 0.00016800000000000
91 180 91 2 0.00015800000000000
91 180 91 2 0.00015800000000000
91 180 91 2 0.00012100000000000
92 182 92 2 0.00012300000000000
91 180 91 2 0.00016100000000000
91 180 91 2 0.00015600000000000
91 180 91 2 0.00015900000000000
92 182 92 2 0.00012600000000000
92 182 92 2 0.00016100000000000
92 182 92 2 0.00015100000000000
92 182 92 2 0.00015300000000000
93 184 93 2 0.00015700000000000
92 182 92 2 0.00015600000000000
93 184 93 2 0.00015500000000000
93 184 93 2 0.00012800000000000
93 184 93 2 0.00012800000000000
92 182 92 2 0.00015400000000000
92 182 92 2 0.00015100000000000
93 184 93 2 0.00012400000000000
92 182 92 2 0.00015400000000000
93 184 93 2 0.00012800000000000
94 186 94 2 0.00013200000000000
93 184 93 2 0.00015900000000000
93 184 93 2 0.00015700000000000
92 182 92 2 0.00015200000000000
93 184 93 2 0.00016000000000000
94 186 94 2 0.00016100000000000
93 184 93 2 0.00016000000000000
94 186 94 2 0.00016500000000000
94 186 94 2 0.00016100000000000
94 186 94 2 0.00013900000000000
94 186 94 2 0.00016100000000000
94 186 94 2 0.00013900000000000
94 186 94 2 0.00017000000000000
94 186 94 2 0.00021300000000000
95 188 95 2 0.00014500000000000
95 188 95 2 0.00017600000000000
94 186 94 2 0.00016500000000000
95 188 95 2 0.00017500000000000
95 188 95 2 0.00013900000000000
95 188 95 2 0.00013300000000000
95 188 95 2 0.00017100000000000
95 188 95 2 0.00016900000000000
95 188 95 2 0.00017300000000000
95 188 95 2 0.00017200000000000
95 188 95 2 0.00016600000000000
96 190 96 2 0.00013100000000000
96 190 96 2 0.00016900000000000
96 190 96 2 0.00013100000000000
96 190 96 2 0.00017300000000000
96 190 96 2 0.00013100000000000
96 190 96 2 0.00018800000000000
96 190 96 2 0.00017300000000000
97 192 97 2 0.00014200000000000
97 192 97 2 0.00013500000000000
96 190 96 2 0.00017400000000000
96 190 96 2 0.00016600000000000
96 190 96 2 0.00016600000000000
97 192 97 2 0.00017800000000000
97 192 97 2 0.00017600000000000
97 192 97 2 0.00017200000000000
97 192 97 2 0.00013400000000000
97 192 97 2 0.00017000000000000
97 192 97 2 0.00017900000000000
97 192 97 2 0.00017000000000000
98 194 98 2 0.00013500000000000
98 194 98 2 0.00018000000000000
97 192 97 2 0.00017700000000000
98 194 98 2 0.00013800000000000
98 194 98 2 0.00013800000000000
98 194 98 2 0.00017100000000000
98 194 98 2 0.00013900000000000
98 194 98 2 0.00017200000000000
98 194 98 2 0.00016900000000000
98 194 98 2 0.00017200000000000
99 196 99 2 0.00015000000000000
98 194 98 2 0.00017300000000000
99 196 99 2 0.00018000000000000
99 196 99 2 0.00018400000000000
99 196 99 2 0.00018700000000000
99 196 99 2 0.00018600000000000
100 198 100 2 0.00014900000000000
99 196 99 2 0.00018300000000000
99 196 99 2 0.00015600000000000
99 196 99 2 0.00018300000000000
100 198 100 2 0.00014900000000000
99 196 99 2 0.00018900000000000
100 198 100 2 0.00015300000000000
99 196 99 2 0.00018500000000000
68 134 68 2 0.00106600000000000
100 198 100 2 0.00018100000000000
100 198 100 2 0.00014200000000000
100 198 100 2 0.00018400000000000
100 198 100 2 0.00018200000000000
100 198 100 2 0.00018400000000000
100 198 100 2 0.00018400000000000
105 208 105 2 0.00020000000000000
100 198 100 2 0.00018900000000000
105 208 105 2 0.00020400000000000
105 208 105 2 0.00017100000000000
105 208 105 2 0.00020700000000000
105 208 105 2 0.00017000000000000
105 208 105 2 0.00016400000000000
105 208 105 2 0.00020800000000000
105 208 105 2 0.00020100000000000
105 208 105 2 0.00020100000000000
110 218 110 2 0.00017200000000000
110 218 110 2 0.00017500000000000
105 208 105 2 0.00020900000000000
110 218 110 2 0.00021600000000000
110 218 110 2 0.00021900000000000
110 218 110 2 0.00021500000000000
110 218 110 2 0.00021500000000000
110 218 110 2 0.00021200000000000
110 218 110 2 0.00021400000000000
110 218 110 2 0.00021300000000000
110 218 110 2 0.00021800000000000
115 228 115 2 0.00018900000000000
115 228 115 2 0.00018600000000000
115 228 115 2 0.00019700000000000
115 228 115 2 0.00023500000000000
115 228 115 2 0.00023400000000000
115 228 115 2 0.00023400000000000
115 228 115 2 0.00019100000000000
115 228 115 2 0.00019600000000000
115 228 115 2 0.00022900000000000
115 228 115 2 0.00023600000000000
120 238 120 2 0.00025300000000000
120 238 120 2 0.00024800000000000
120 238 120 2 0.00024400000000000
120 238 120 2 0.00025000000000000
120 238 120 2 0.00025000000000000
120 238 120 2 0.00024300000000000
120 238 120 2 0.00025100000000000
120 238 120 2 0.00020200000000000
120 238 120 2 0.00025700000000000
125 248 125 2 0.00022000000000000
125 248 125 2 0.00021800000000000
120 238 120 2 0.00024700000000000
125 248 125 2 0.00028100000000000
125 248 125 2 0.00022700000000000
125 248 125 2 0.00027600000000000
125 248 125 2 0.00022100000000000
125 248 125 2 0.00027700000000000
125 248 125 2 0.00027500000000000
125 248 125 2 0.00027300000000000
125 248 125 2 0.00028200000000000
130 258 130 2 0.00030200000000000
130 258 130 2 0.00029800000000000
130 258 130 2 0.00023700000000000
130 258 130 2 0.00028800000000000
130 258 130 2 0.00024200000000000
130 258 130 2 0.00023600000000000
130 258 130 2 0.00028800000000000
130 258 130 2 0.00029000000000000
130 258 130 2 0.00029100000000000
130 258 130 2 0.00029100000000000
135 268 135 2 0.00028200000000000
135 268 135 2 0.00034500000000000
135 268 135 2 0.00028200000000000
135 268 135 2 0.00035100000000000
135 268 135 2 0.00035100000000000
135 268 135 2 0.00034700000000000
135 268 135 2 0.00034900000000000
135 268 135 2 0.00035000000000000
140 278 140 2 0.00030500000000000
140 278 140 2 0.00030800000000000
140 278 140 2 0.00030700000000000
140 278 140 2 0.00038100000000000
135 268 135 2 0.00034700000000000
140 278 140 2 0.00037900000000000
140 278 140 2 0.00038100000000000
140 278 140 2 0.00038500000000000
140 278 140 2 0.00039200000000000
145 288 145 2 0.00033300000000000
140 278 140 2 0.00039500000000000
140 278 140 2 0.00038600000000000
145 288 145 2 0.00033700000000000
73 144 73 2 0.00089100000000000
145 288 145 2 0.00041600000000000
145 288 145 2 0.00042100000000000
145 288 145 2 0.00042400000000000
150 298 150 2 0.00037900000000000
145 288 145 2 0.00043500000000000
145 288 145 2 0.00034600000000000
145 288 145 2 0.00035400000000000
145 288 145 2 0.00046400000000000
81 160 81 2 0.00117900000000000
145 288 145 2 0.00042400000000000
150 298 150 2 0.00046700000000000
150 298 150 2 0.00039800000000000
150 298 150 2 0.00048700000000000
77 152 77 2 0.00098100000000000
150 298 150 2 0.00057500000000000
150 298 150 2 0.00060100000000000
150 298 150 2 0.00069300000000000
150 298 150 2 0.00077500000000000
150 298 150 2 0.00077700000000000
155 308 155 2 0.00075800000000000
155 308 155 2 0.00073500000000000
74 146 74 2 0.00112400000000000
150 298 150 2 0.00082000000000000
155 308 155 2 0.00088100000000000
155 308 155 2 0.00083200000000000
155 308 155 2 0.00074600000000000
155 308 155 2 0.00084500000000000
155 308 155 2 0.00073600000000000
160 318 160 2 0.00073300000000000
155 308 155 2 0.00087800000000000
155 308 155 2 0.00087400000000000
155 308 155 2 0.00086200000000000
160 318 160 2 0.00088100000000000
160 318 160 2 0.00082000000000000
160 318 160 2 0.00071700000000000
160 318 160 2 0.00059800000000000
160 318 160 2 0.00061400000000000
160 318 160 2 0.00073800000000000
160 318 160 2 0.00072100000000000
160 318 160 2 0.00071900000000000
160 318 160 2 0.00066300000000000
165 328 165 2 0.00072900000000000
165 328 165 2 0.00075100000000000
165 328 165 2 0.00061000000000000
165 328 165 2 0.00061100000000000
165 328 165 2 0.00074300000000000
165 328 165 2 0.00061600000000000
165 328 165 2 0.00069800000000000
165 328 165 2 0.00087700000000000
170 338 170 2 0.00082800000000000
170 338 170 2 0.00094100000000000
170 338 170 2 0.00087200000000000
170 338 170 2 0.00099700000000000
170 338 170 2 0.00097100000000000
170 338 170 2 0.00096900000000000
170 338 170 2 0.00098700000000000
170 338 170 2 0.00103800000000000
170 338 170 2 0.00102400000000000
170 338 170 2 0.00102200000000000
175 348 175 2 0.00072200000000000
175 348 175 2 0.00072000000000000
175 348 175 2 0.00070900000000000
175 348 175 2 0.00090100000000000
175 348 175 2 0.00086200000000000
175 348 175 2 0.00085000000000000
175 348 175 2 0.00085600000000000
180 358 180 2 0.00055800000000000
175 348 175 2 0.00083900000000000
180 358 180 2 0.00057200000000000
180 358 180 2 0.00071300000000000
180 358 180 2 0.00069000000000000
180 358 180 2 0.00067100000000000
180 358 180 2 0.00066600000000000
180 358 180 2 0.00079200000000000
180 358 180 2 0.00079700000000000
180 358 180 2 0.00085600000000000
185 368 185 2 0.00079900000000000
180 358 180 2 0.00094000000000000
185 368 185 2 0.00088700000000000
185 368 185 2 0.00090600000000000
185 368 185 2 0.00092800000000000
185 368 185 2 0.00102900000000000
185 368 185 2 0.00106100000000000
190 378 190 2 0.00087700000000000
185 368 185 2 0.00103500000000000
185 368 185 2 0.00100500000000000
185 368 185 2 0.00100000000000000
185 368 185 2 0.00094900000000000
190 378 190 2 0.00096300000000000
190 378 190 2 0.00095200000000000
190 378 190 2 0.00090000000000000
190 378 190 2 0.00071000000000000
190 378 190 2 0.00089500000000000
190 378 190 2 0.00085500000000000
190 378 190 2 0.00085800000000000
190 378 190 2 0.00085100000000000
190 378 190 2 0.00083300000000000
195 388 195 2 0.00071800000000000
195 388 195 2 0.00075000000000000
195 388 195 2 0.00073400000000000
195 388 195 2 0.00080300000000000
195 388 195 2 0.00091200000000000
195 388 195 2 0.00105100000000000
195 388 195 2 0.00105100000000000
195 388 195 2 0.00105500000000000
195 388 195 2 0.00107900000000000
200 398 200 2 0.00099400000000000
195 388 195 2 0.00111200000000000
200 398 200 2 0.00116200000000000
200 398 200 2 0.00096200000000000
200 398 200 2 0.00110200000000000
205 408 205 2 0.00085500000000000
200 398 200 2 0.00110600000000000
200 398 200 2 0.00101600000000000
205 408 205 2 0.00086300000000000
205 408 205 2 0.00075000000000000
200 398 200 2 0.00098300000000000
200 398 200 2 0.00099300000000000
200 398 200 2 0.00100400000000000
205 408 205 2 0.00090400000000000
200 398 200 2 0.00090700000000000
205 408 205 2 0.00082200000000000
205 408 205 2 0.00082500000000000
205 408 205 2 0.00066400000000000
205 408 205 2 0.00079600000000000
205 408 205 2 0.00092500000000000
205 408 205 2 0.00094700000000000
210 418 210 2 0.00108400000000000
210 418 210 2 0.00108700000000000
210 418 210 2 0.00129800000000000
210 418 210 2 0.00137400000000000
210 418 210 2 0.00121000000000000
210 418 210 2 0.00123300000000000
210 418 210 2 0.00141800000000000
210 418 210 2 0.00140700000000000
210 418 210 2 0.00140100000000000
210 418 210 2 0.00139200000000000
215 428 215 2 0.00121000000000000
215 428 215 2 0.00087500000000000
215 428 215 2 0.00140700000000000
215 428 215 2 0.00140400000000000
215 428 215 2 0.00138300000000000
215 428 215 2 0.00134500000000000
215 428 215 2 0.00132900000000000
215 428 215 2 0.00131100000000000
215 428 215 2 0.00109500000000000
220 438 220 2 0.00231700000000000
215 428 215 2 0.00239600000000000
220 438 220 2 0.00153200000000000
220 438 220 2 0.00243400000000000
220 438 220 2 0.00241200000000000
225 448 225 2 0.00107600000000000
220 438 220 2 0.00268300000000000
220 438 220 2 0.00216400000000000
220 438 220 2 0.00221800000000000
220 438 220 2 0.00204300000000000
220 438 220 2 0.00283100000000000
220 438 220 2 0.00233000000000000
225 448 225 2 0.00124700000000000
225 448 225 2 0.00124400000000000
225 448 225 2 0.00124900000000000
225 448 225 2 0.00126000000000000
225 448 225 2 0.00105300000000000
225 448 225 2 0.00123300000000000
225 448 225 2 0.00125300000000000
225 448 225 2 0.00074200000000000
230 458 230 2 0.00077800000000000
225 448 225 2 0.00095900000000000
230 458 230 2 0.00083400000000000
230 458 230 2 0.00084500000000000
230 458 230 2 0.00080300000000000
230 458 230 2 0.00107300000000000
230 458 230 2 0.00112900000000000
230 458 230 2 0.00113400000000000
235 468 235 2 0.00107900000000000
235 468 235 2 0.00117300000000000
230 458 230 2 0.00123700000000000
235 468 235 2 0.00129100000000000
235 468 235 2 0.00131200000000000
235 468 235 2 0.00134500000000000
240 478 240 2 0.00091200000000000
235 468 235 2 0.00129400000000000
240 478 240 2 0.00090900000000000
240 478 240 2 0.00090500000000000
230 458 230 2 0.00121300000000000
230 458 230 2 0.00119600000000000
235 468 235 2 0.00128400000000000
235 468 235 2 0.00122500000000000
235 468 235 2 0.00126800000000000
235 468 235 2 0.00128200000000000
240 478 240 2 0.00104400000000000
240 478 240 2 0.00082900000000000
240 478 240 2 0.00102700000000000
240 478 240 2 0.00104900000000000
240 478 240 2 0.00084500000000000
240 478 240 2 0.00110400000000000
240 478 240 2 0.00107000000000000
245 488 245 2 0.00116500000000000
245 488 245 2 0.00126800000000000
245 488 245 2 0.00125700000000000
245 488 245 2 0.00125200000000000
245 488 245 2 0.00145500000000000
245 488 245 2 0.00147300000000000
135 268 135 2 0.00257700000000000
250 498 250 2 0.00149700000000000
245 488 245 2 0.00141800000000000
250 498 250 2 0.00114900000000000
245 488 245 2 0.00142400000000000
250 498 250 2 0.00105000000000000
250 498 250 2 0.00138600000000000
245 488 245 2 0.00130000000000000
250 498 250 2 0.00138800000000000
250 498 250 2 0.00137900000000000
250 498 250 2 0.00137100000000000
245 488 245 2 0.00131100000000000
250 498 250 2 0.00121000000000000
250 498 250 2 0.00117400000000000
250 498 250 2 0.00118500000000000
260 518 260 2 0.00110900000000000
165 328 165 2 0.00256200000000000
260 518 260 2 0.00126200000000000
260 518 260 2 0.00126800000000000
260 518 260 2 0.00166300000000000
175 348 175 2 0.00386900000000000
260 518 260 2 0.00198800000000000
260 518 260 2 0.00206800000000000
260 518 260 2 0.00190800000000000
260 518 260 2 0.00189300000000000
165 328 165 2 0.00309900000000000
260 518 260 2 0.00209100000000000
260 518 260 2 0.00208600000000000
270 538 270 2 0.00196700000000000
175 348 175 2 0.00357100000000000
270 538 270 2 0.00219500000000000
270 538 270 2 0.00220200000000000
270 538 270 2 0.00219600000000000
270 538 270 2 0.00218900000000000
270 538 270 2 0.00214900000000000
280 558 280 2 0.00163600000000000
280 558 280 2 0.00173000000000000
270 538 270 2 0.00211300000000000
270 538 270 2 0.00208400000000000
270 538 270 2 0.00209200000000000
270 538 270 2 0.00205600000000000
280 558 280 2 0.00172600000000000
280 558 280 2 0.00168300000000000
280 558 280 2 0.00149200000000000
280 558 280 2 0.00146800000000000
280 558 280 2 0.00184600000000000
290 578 290 2 0.00144500000000000
280 558 280 2 0.00182100000000000
290 578 290 2 0.00185100000000000
290 578 290 2 0.00178700000000000
290 578 290 2 0.00173900000000000
290 578 290 2 0.00218600000000000
290 578 290 2 0.00213600000000000
290 578 290 2 0.00218400000000000
290 578 290 2 0.00222300000000000
290 578 290 2 0.00221800000000000
290 578 290 2 0.00221300000000000
300 598 300 2 0.00218900000000000
300 598 300 2 0.00213800000000000
300 598 300 2 0.00216700000000000
300 598 300 2 0.00252800000000000
300 598 300 2 0.00254700000000000
300 598 300 2 0.00256700000000000
300 598 300 2 0.00251500000000000
300 598 300 2 0.00245300000000000
300 598 300 2 0.00248400000000000
310 618 310 2 0.00179400000000000
310 618 310 2 0.00173200000000000
310 618 310 2 0.00233400000000000
310 618 310 2 0.00228600000000000
310 618 310 2 0.00205900000000000
310 618 310 2 0.00206500000000000
310 618 310 2 0.00229400000000000
310 618 310 2 0.00240100000000000
320 638 320 2 0.00220300000000000
320 638 320 2 0.00232600000000000
320 638 320 2 0.00240900000000000
320 638 320 2 0.00276300000000000
320 638 320 2 0.00291800000000000
320 638 320 2 0.00286900000000000
320 638 320 2 0.00285000000000000
320 638 320 2 0.00288600000000000
330 658 330 2 0.00234100000000000
330 658 330 2 0.00234600000000000
320 638 320 2 0.00280600000000000
320 638 320 2 0.00287100000000000
330 658 330 2 0.00196400000000000
330 658 330 2 0.00274700000000000
330 658 330 2 0.00270200000000000
330 658 330 2 0.00263800000000000
330 658 330 2 0.00269100000000000
330 658 330 2 0.00266300000000000
340 678 340 2 0.00196200000000000
330 658 330 2 0.00240300000000000
340 678 340 2 0.00195500000000000
330 658 330 2 0.00239900000000000
340 678 340 2 0.00250200000000000
340 678 340 2 0.00250500000000000
340 678 340 2 0.00258100000000000
340 678 340 2 0.00232000000000000
340 678 340 2 0.00246100000000000
340 678 340 2 0.00300300000000000
350 698 350 2 0.00258800000000000
350 698 350 2 0.00259100000000000
350 698 350 2 0.00256000000000000
340 678 340 2 0.00305900000000000
340 678 340 2 0.00301300000000000
350 698 350 2 0.00310300000000000
350 698 350 2 0.00295900000000000
350 698 350 2 0.00308100000000000
350 698 350 2 0.00285300000000000
350 698 350 2 0.00289900000000000
350 698 350 2 0.00288500000000000
350 698 350 2 0.00277000000000000
360 718 360 2 0.00284700000000000
360 718 360 2 0.00281200000000000
360 718 360 2 0.00276600000000000
360 718 360 2 0.00222300000000000
360 718 360 2 0.00216200000000000
360 718 360 2 0.00276900000000000
360 718 360 2 0.00218300000000000
360 718 360 2 0.00216400000000000
360 718 360 2 0.00216700000000000
360 718 360 2 0.00274200000000000
370 738 370 2 0.00304000000000000
370 738 370 2 0.00301800000000000
370 738 370 2 0.00298400000000000
370 738 370 2 0.00338100000000000
370 738 370 2 0.00333200000000000
370 738 370 2 0.00341800000000000
370 738 370 2 0.00343800000000000
370 738 370 2 0.00339700000000000
370 738 370 2 0.00333400000000000
370 738 370 2 0.00342900000000000
380 758 380 2 0.00291600000000000
380 758 380 2 0.00293900000000000
380 758 380 2 0.00272300000000000
380 758 380 2 0.00264400000000000
380 758 380 2 0.00268700000000000
380 758 380 2 0.00353300000000000
380 758 380 2 0.00352700000000000
380 758 380 2 0.00352300000000000
380 758 380 2 0.00306100000000000
380 758 380 2 0.00323200000000000
390 778 390 2 0.00332700000000000
390 778 390 2 0.00321600000000000
390 778 390 2 0.00321100000000000
390 778 390 2 0.00327200000000000
390 778 390 2 0.00288500000000000
390 778 390 2 0.00335600000000000
390 778 390 2 0.00343600000000000
390 778 390 2 0.00350200000000000
400 798 400 2 0.00306500000000000
400 798 400 2 0.00311600000000000
400 798 400 2 0.00310000000000000
400 798 400 2 0.00315300000000000
390 778 390 2 0.00355300000000000
400 798 400 2 0.00383900000000000
390 778 390 2 0.00356400000000000
400 798 400 2 0.00374400000000000
400 798 400 2 0.00338700000000000
400 798 400 2 0.00361800000000000
400 798 400 2 0.00334100000000000
400 798 400 2 0.00339900000000000
410 818 410 2 0.00356300000000000
410 818 410 2 0.00290700000000000
410 818 410 2 0.00360400000000000
410 818 410 2 0.00368900000000000
410 818 410 2 0.00298000000000000
410 818 410 2 0.00301800000000000
410 818 410 2 0.00304600000000000
410 818 410 2 0.00366300000000000
420 838 420 2 0.00308100000000000
410 818 410 2 0.00363200000000000
410 818 410 2 0.00373200000000000
280 558 280 2 0.00716500000000000
420 838 420 2 0.00389400000000000
430 858 430 2 0.00306800000000000
420 838 420 2 0.00425200000000000
420 838 420 2 0.00426500000000000
420 838 420 2 0.00417200000000000
420 838 420 2 0.00424100000000000
280 558 280 2 0.00716600000000000
420 838 420 2 0.00390600000000000
420 838 420 2 0.00407900000000000
420 838 420 2 0.00405400000000000
420 838 420 2 0.00388900000000000
300 598 300 2 0.00862100000000000
430 858 430 2 0.00305100000000000
430 858 430 2 0.00306600000000000
430 858 430 2 0.00305700000000000
430 858 430 2 0.00384500000000000
430 858 430 2 0.00388700000000000
430 858 430 2 0.00310400000000000
310 618 310 2 0.00809300000000000
430 858 430 2 0.00405600000000000
430 858 430 2 0.00407300000000000
430 858 430 2 0.00394100000000000
310 618 310 2 0.00834200000000000
440 878 440 2 0.00332500000000000
440 878 440 2 0.00411000000000000
440 878 440 2 0.00413900000000000
440 878 440 2 0.00423500000000000
440 878 440 2 0.00464300000000000
450 898 450 2 0.00360800000000000
450 898 450 2 0.00359500000000000
450 898 450 2 0.00359200000000000
440 878 440 2 0.00474300000000000
450 898 450 2 0.00346200000000000
440 878 440 2 0.00466400000000000
440 878 440 2 0.00466500000000000
440 878 440 2 0.00461900000000000
440 878 440 2 0.00461200000000000
450 898 450 2 0.00432600000000000
450 898 450 2 0.00438300000000000
450 898 450 2 0.00420400000000000
460 918 460 2 0.00354900000000000
450 898 450 2 0.00427800000000000
450 898 450 2 0.00424900000000000
460 918 460 2 0.00453400000000000
460 918 460 2 0.00464700000000000
460 918 460 2 0.00457400000000000
460 918 460 2 0.00409200000000000
460 918 460 2 0.00414300000000000
460 918 460 2 0.00416300000000000
470 938 470 2 0.00449200000000000
460 918 460 2 0.00494000000000000
480 958 480 2 0.00427400000000000
470 938 470 2 0.00548200000000000
470 938 470 2 0.00540800000000000
470 938 470 2 0.00546400000000000
470 938 470 2 0.00545800000000000
470 938 470 2 0.00544300000000000
470 938 470 2 0.00542100000000000
470 938 470 2 0.00532900000000000
480 958 480 2 0.00482800000000000
480 958 480 2 0.00492100000000000
480 958 480 2 0.00493900000000000
480 958 480 2 0.00474800000000000
480 958 480 2 0.00379500000000000
480 958 480 2 0.00480700000000000
480 958 480 2 0.00479900000000000
480 958 480 2 0.00387200000000000
480 958 480 2 0.00392500000000000
490 978 490 2 0.00403300000000000
490 978 490 2 0.00410900000000000
490 978 490 2 0.00503400000000000
490 978 490 2 0.00556500000000000
490 978 490 2 0.00553200000000000
490 978 490 2 0.00562900000000000
490 978 490 2 0.00556400000000000
490 978 490 2 0.00535900000000000
500 998 500 2 0.00453700000000000
490 978 490 2 0.00539300000000000
490 978 490 2 0.00549800000000000
500 998 500 2 0.00436500000000000
500 998 500 2 0.00437400000000000
500 998 500 2 0.00428300000000000
500 998 500 2 0.00588200000000000
500 998 500 2 0.00585400000000000
500 998 500 2 0.00579500000000000
500 998 500 2 0.00580000000000000
500 998 500 2 0.00559000000000000
500 998 500 2 0.00556400000000000
525 1048 525 2 0.00497900000000000
525 1048 525 2 0.00636800000000000
525 1048 525 2 0.00559100000000000
525 1048 525 2 0.00667600000000000
525 1048 525 2 0.00669600000000000
525 1048 525 2 0.00686300000000000
525 1048 525 2 0.00718100000000000
525 1048 525 2 0.00720400000000000
525 1048 525 2 0.00716300000000000
525 1048 525 2 0.00709200000000000
550 1098 550 2 0.00655100000000000
550 1098 550 2 0.00656800000000000
550 1098 550 2 0.00659200000000000
550 1098 550 2 0.00647500000000000
550 1098 550 2 0.00796300000000000
550 1098 550 2 0.00787800000000000
550 1098 550 2 0.00792600000000000
550 1098 550 2 0.00768500000000000
550 1098 550 2 0.00794400000000000
550 1098 550 2 0.00799800000000000
575 1148 575 2 0.00821800000000000
575 1148 575 2 0.00658200000000000
460 918 460 2 0.03084300000000000
575 1148 575 2 0.00828700000000000
575 1148 575 2 0.00844400000000000
575 1148 575 2 0.00833300000000000
575 1148 575 2 0.00844300000000000
575 1148 575 2 0.00692300000000000
575 1148 575 2 0.00838200000000000
600 1198 600 2 0.00744300000000000
600 1198 600 2 0.00752800000000000
600 1198 600 2 0.00729700000000000
575 1148 575 2 0.00882700000000000
575 1148 575 2 0.00869000000000000
600 1198 600 2 0.00972900000000000
625 1248 625 2 0.00763500000000000
600 1198 600 2 0.00976900000000000
600 1198 600 2 0.00981800000000000
600 1198 600 2 0.00974100000000000
600 1198 600 2 0.00922100000000000
600 1198 600 2 0.00977000000000000
600 1198 600 2 0.00977600000000000
625 1248 625 2 0.00789000000000000
625 1248 625 2 0.00983300000000000
625 1248 625 2 0.00990100000000000
625 1248 625 2 0.00986100000000000
625 1248 625 2 0.00807600000000000
625 1248 625 2 0.00808400000000000
625 1248 625 2 0.00806600000000000
625 1248 625 2 0.01013300000000000
625 1248 625 2 0.00972300000000000
650 1298 650 2 0.01059300000000000
650 1298 650 2 0.00828000000000000
650 1298 650 2 0.01044000000000000
650 1298 650 2 0.01046400000000000
460 918 460 2 0.02157900000000000
450 898 450 2 0.02031100000000000
650 1298 650 2 0.01091200000000000
675 1348 675 2 0.00883500000000000
650 1298 650 2 0.01078800000000000
650 1298 650 2 0.01049200000000000
650 1298 650 2 0.01070100000000000
650 1298 650 2 0.01057700000000000
470 938 470 2 0.02334700000000000
675 1348 675 2 0.01129200000000000
470 938 470 2 0.02231100000000000
675 1348 675 2 0.00915000000000000
675 1348 675 2 0.00919900000000000
675 1348 675 2 0.00915100000000000
675 1348 675 2 0.01107800000000000
675 1348 675 2 0.01114200000000000
675 1348 675 2 0.01157900000000000
675 1348 675 2 0.01122200000000000
675 1348 675 2 0.01138000000000000
700 1398 700 2 0.00982500000000000
700 1398 700 2 0.01217100000000000
700 1398 700 2 0.01207800000000000
700 1398 700 2 0.01196500000000000
700 1398 700 2 0.00963700000000000
700 1398 700 2 0.01215600000000000
700 1398 700 2 0.01241500000000000
700 1398 700 2 0.01193200000000000
725 1448 725 2 0.01053800000000000
700 1398 700 2 0.01225000000000000
700 1398 700 2 0.01237700000000000
725 1448 725 2 0.01065400000000000
725 1448 725 2 0.01070600000000000
725 1448 725 2 0.01386000000000000
725 1448 725 2 0.01295600000000000
750 1498 750 2 0.01076100000000000
725 1448 725 2 0.01302500000000000
725 1448 725 2 0.01302300000000000
725 1448 725 2 0.01308600000000000
725 1448 725 2 0.01319600000000000
750 1498 750 2 0.01122400000000000
750 1498 750 2 0.01428300000000000
750 1498 750 2 0.01438200000000000
750 1498 750 2 0.01419900000000000
750 1498 750 2 0.01423200000000000
750 1498 750 2 0.01489800000000000
800 1598 800 2 0.01363000000000000
800 1598 800 2 0.01373800000000000
800 1598 800 2 0.01383500000000000
800 1598 800 2 0.01362000000000000
800 1598 800 2 0.01670700000000000
800 1598 800 2 0.01732700000000000
800 1598 800 2 0.01741700000000000
800 1598 800 2 0.01647400000000000
800 1598 800 2 0.01899300000000000
800 1598 800 2 0.01864400000000000
850 1698 850 2 0.01693300000000000
850 1698 850 2 0.02066600000000000
850 1698 850 2 0.02051600000000000
850 1698 850 2 0.02081900000000000
850 1698 850 2 0.01631000000000000
850 1698 850 2 0.02055900000000000
850 1698 850 2 0.02050500000000000
850 1698 850 2 0.02006300000000000
850 1698 850 2 0.01988400000000000
850 1698 850 2 0.01997800000000000
900 1798 900 2 0.01801900000000000
900 1798 900 2 0.01788500000000000
900 1798 900 2 0.01797900000000000
900 1798 900 2 0.02164300000000000
900 1798 900 2 0.01583800000000000
900 1798 900 2 0.02024700000000000
900 1798 900 2 0.02044400000000000
650 1298 650 2 0.05416600000000000
900 1798 900 2 0.01992400000000000
900 1798 900 2 0.02011300000000000
900 1798 900 2 0.02039900000000000
950 1898 950 2 0.01786100000000000
950 1898 950 2 0.02293400000000000
950 1898 950 2 0.02239700000000000
950 1898 950 2 0.02255200000000000
950 1898 950 2 0.01807000000000000
1000 1998 1000 2 0.01966600000000000
1000 1998 1000 2 0.01927400000000000
950 1898 950 2 0.02304500000000000
950 1898 950 2 0.02313800000000000
950 1898 950 2 0.02334500000000000
950 1898 950 2 0.02271200000000000
950 1898 950 2 0.02252200000000000
1000 1998 1000 2 0.02287300000000000
1000 1998 1000 2 0.02649300000000000
1000 1998 1000 2 0.02642000000000000
1000 1998 1000 2 0.02636600000000000
1000 1998 1000 2 0.02575800000000000
1000 1998 1000 2 0.02577300000000000
1000 1998 1000 2 0.02583100000000000
1100 2198 1100 2 0.03045300000000000
1100 2198 1100 2 0.03216800000000000
1100 2198 1100 2 0.03163200000000000
725 1448 725 2 0.05166100000000000
1100 2198 1100 2 0.03109300000000000
1100 2198 1100 2 0.03176900000000000
750 1498 750 2 0.05671500000000000
750 1498 750 2 0.05513100000000000
750 1498 750 2 0.05539600000000000
1100 2198 1100 2 0.02841900000000000
1100 2198 1100 2 0.02817300000000000
1100 2198 1100 2 0.02838600000000000
1100 2198 1100 2 0.02792500000000000
1100 2198 1100 2 0.02857300000000000
1200 2398 1200 2 0.03354200000000000
1200 2398 1200 2 0.03354100000000000
1200 2398 1200 2 0.03358900000000000
1200 2398 1200 2 0.03284200000000000
1200 2398 1200 2 0.03368500000000000
1200 2398 1200 2 0.03379000000000000
1200 2398 1200 2 0.03303700000000000
1200 2398 1200 2 0.03330200000000000
1200 2398 1200 2 0.03372300000000000
1200 2398 1200 2 0.03346600000000000
1300 2598 1300 2 0.03899000000000000
1300 2598 1300 2 0.03857000000000000
1300 2598 1300 2 0.03938100000000000
1300 2598 1300 2 0.03897100000000000
1300 2598 1300 2 0.03958600000000000
1300 2598 1300 2 0.03989900000000000
1300 2598 1300 2 0.03921500000000000
1300 2598 1300 2 0.03831000000000000
1400 2798 1400 2 0.04582600000000000
1400 2798 1400 2 0.04584600000000000
1400 2798 1400 2 0.04568200000000000
1400 2798 1400 2 0.04429200000000000
1400 2798 1400 2 0.04603900000000000
1400 2798 1400 2 0.04629300000000000
1400 2798 1400 2 0.04534900000000000
1400 2798 1400 2 0.04636500000000000
1500 2998 1500 2 0.05256800000000000
1500 2998 1500 2 0.05179300000000000
1500 2998 1500 2 0.05199700000000000
1500 2998 1500 2 0.05157300000000000
1000 1998 1000 2 0.10907799999999999
1500 2998 1500 2 0.05165800000000000
1500 2998 1500 2 0.05232000000000000
1500 2998 1500 2 0.05197800000000000
1500 2998 1500 2 0.05217000000000000
1500 2998 1500 2 0.05224100000000000
1500 2998 1500 2 0.05211700000000000
1600 3198 1600 2 0.05886300000000000
1600 3198 1600 2 0.06026300000000000
1600 3198 1600 2 0.06001200000000000
1600 3198 1600 2 0.05993600000000000
1600 3198 1600 2 0.05849600000000000
1600 3198 1600 2 0.05959000000000000
1600 3198 1600 2 0.05992800000000000
1600 3198 1600 2 0.05926400000000000
1600 3198 1600 2 0.06012100000000000
1600 3198 1600 2 0.06001300000000000
1700 3398 1700 2 0.06892300000000000
1700 3398 1700 2 0.06909800000000001
1700 3398 1700 2 0.06795100000000000
1700 3398 1700 2 0.06854900000000000
1700 3398 1700 2 0.06948699999999999
1700 3398 1700 2 0.06897700000000000
1700 3398 1700 2 0.06925099999999999
1300 2598 1300 2 0.10147399999999999
1700 3398 1700 2 0.06914500000000000
1700 3398 1700 2 0.06925600000000000
1300 2598 1300 2 0.10866600000000000
1800 3598 1800 2 0.07667200000000000
1400 2798 1400 2 0.11942899999999999
1800 3598 1800 2 0.07839200000000000
1400 2798 1400 2 0.12055299999999999
1800 3598 1800 2 0.07866099999999999
1800 3598 1800 2 0.07829200000000000
1800 3598 1800 2 0.07641100000000001
1800 3598 1800 2 0.07784600000000000
1800 3598 1800 2 0.07829200000000000
1800 3598 1800 2 0.07746699999999999
1800 3598 1800 2 0.07814300000000000
1800 3598 1800 2 0.07983300000000000
1900 3798 1900 2 0.09119400000000000
1900 3798 1900 2 0.08899300000000000
1900 3798 1900 2 0.09125000000000000
1900 3798 1900 2 0.08931000000000000
1900 3798 1900 2 0.09150100000000000
1900 3798 1900 2 0.09128900000000000
1900 3798 1900 2 0.09101900000000000
1900 3798 1900 2 0.08988000000000000
1900 3798 1900 2 0.09126300000000000
2000 3998 2000 2 0.10000400000000000
2000 3998 2000 2 0.10296200000000000
2000 3998 2000 2 0.10357900000000000
2000 3998 2000 2 0.10367400000000000
2000 3998 2000 2 0.10102400000000000
2000 3998 2000 2 0.10386600000000000
2000 3998 2000 2 0.10049400000000000
2000 3998 2000 2 0.09937799999999999
2000 3998 2000 2 0.10104200000000001
1700 3398 1700 2 0.24125600000000000
2250 4498 2250 2 0.14444699999999999
2250 4498 2250 2 0.14413200000000001
2250 4498 2250 2 0.14248500000000000
2250 4498 2250 2 0.14406099999999999
2250 4498 2250 2 0.14137700000000000
2250 4498 2250 2 0.14466399999999999
2250 4498 2250 2 0.14379600000000001
2250 4498 2250 2 0.14397900000000000
2500 4998 2500 2 0.17871600000000001
2500 4998 2500 2 0.17937600000000001
2500 4998 2500 2 0.17493500000000001
2500 4998 2500 2 0.18091599999999999
2500 4998 2500 2 0.18093999999999999
2500 4998 2500 2 0.17913299999999999
2500 4998 2500 2 0.18187500000000001
2500 4998 2500 2 0.18211700000000000
2500 4998 2500 2 0.18023800000000001
2500 4998 2500 2 0.18208199999999999
1900 3798 1900 2 0.21306500000000000
2750 5498 2750 2 0.22103999999999999
2000 3998 2000 2 0.23414399999999999
2750 5498 2750 2 0.22121600000000000
2250 4498 2250 2 0.26854699999999998
2250 4498 2250 2 0.26765600000000001
2750 5498 2750 2 0.22148599999999999
2750 5498 2750 2 0.22165199999999999
2750 5498 2750 2 0.22009999999999999
2750 5498 2750 2 0.21604599999999999
2750 5498 2750 2 0.21926000000000001
2750 5498 2750 2 0.21915799999999999
2750 5498 2750 2 0.21895500000000001
2750 5498 2750 2 0.30197299999999999
3000 5998 3000 2 0.25644600000000001
3000 5998 3000 2 0.25529000000000002
3000 5998 3000 2 0.26206400000000002
3000 5998 3000 2 0.25840000000000002
3000 5998 3000 2 0.25605899999999998
3000 5998 3000 2 0.25697300000000001
3000 5998 3000 2 0.25801900000000000
3000 5998 3000 2 0.25579200000000002
3000 5998 3000 2 0.25644699999999998
3000 5998 3000 2 0.25736900000000001
