Nodos Aristas Frontera |CMF| Segundos
2 1 1 2 0.00075000000000000
3 3 2 2 0.00000200000000000
4 6 4 4 0.00000300000000000
2 1 1 2 0.00001200000000000
4 6 4 4 0.00000100000000000
3 3 2 2 0.00000200000000000
4 6 4 4 0.00000300000000000
2 1 1 2 0.00001100000000000
2 1 1 2 0.00000500000000000
4 6 4 4 0.00000200000000000
2 1 1 2 0.00022400000000000
5 8 5 2 0.00001700000000000
4 6 4 4 0.00000100000000000
2 1 1 2 0.00023900000000000
3 3 2 2 0.00000200000000000
3 3 2 2 0.00000200000000000
2 1 1 2 0.00000500000000000
3 3 2 2 0.00000200000000000
2 1 1 2 0.00001900000000000
4 6 4 4 0.00000200000000000
5 8 5 2 0.00001000000000000
5 8 5 2 0.00002000000000000
5 8 5 2 0.00001200000000000
3 3 2 2 0.00000100000000000
5 8 5 2 0.00002100000000000
6 10 6 2 0.00002400000000000
6 10 6 2 0.00001300000000000
6 10 6 2 0.00001600000000000
5 8 5 2 0.00000700000000000
6 10 6 2 0.00001800000000000
4 6 4 4 0.00000100000000000
2 1 1 2 0.00023000000000000
3 3 2 2 0.00000200000000000
7 12 7 2 0.00001000000000000
4 6 4 4 0.00000200000000000
6 10 6 2 0.00001500000000000
6 10 6 2 0.00001400000000000
7 12 7 2 0.00001200000000000
6 10 6 2 0.00001300000000000
5 8 5 2 0.00001200000000000
4 6 4 4 0.00000100000000000
4 6 4 4 0.00000200000000000
8 14 8 2 0.00000900000000000
3 3 2 2 0.00000100000000000
7 12 7 2 0.00001200000000000
6 10 6 2 0.00001000000000000
7 12 7 2 0.00000900000000000
6 10 6 2 0.00002400000000000
7 12 7 2 0.00001000000000000
7 12 7 2 0.00001700000000000
8 14 8 2 0.00000900000000000
9 16 9 2 0.00001700000000000
8 14 8 2 0.00001500000000000
3 3 2 2 0.00000200000000000
8 14 8 2 0.00001200000000000
9 16 9 2 0.00001800000000000
9 16 9 2 0.00001700000000000
6 10 6 2 0.00001400000000000
9 16 9 2 0.00001300000000000
8 14 8 2 0.00001400000000000
8 14 8 2 0.00001100000000000
7 12 7 2 0.00001200000000000
10 18 10 2 0.00001500000000000
8 14 8 2 0.00001100000000000
7 12 7 2 0.00001600000000000
9 16 9 2 0.00001300000000000
9 16 9 2 0.00001700000000000
9 16 9 2 0.00002000000000000
5 8 5 2 0.00005000000000000
10 18 10 2 0.00001500000000000
2 1 1 2 0.00000600000000000
10 18 10 2 0.00001900000000000
11 20 11 2 0.00001700000000000
8 14 8 2 0.00001100000000000
11 20 11 2 0.00002200000000000
10 18 10 2 0.00002200000000000
10 18 10 2 0.00001900000000000
11 20 11 2 0.00003200000000000
11 20 11 2 0.00001900000000000
10 18 10 2 0.00002000000000000
11 20 11 2 0.00002600000000000
10 18 10 2 0.00002500000000000
11 20 11 2 0.00003000000000000
12 22 12 2 0.00002500000000000
8 14 8 2 0.00000900000000000
11 20 11 2 0.00002200000000000
11 20 11 2 0.00002100000000000
12 22 12 2 0.00002300000000000
9 16 9 2 0.00001700000000000
7 12 7 2 0.00001400000000000
13 24 13 2 0.00002700000000000
13 24 13 2 0.00003000000000000
9 16 9 2 0.00001900000000000
12 22 12 2 0.00002700000000000
12 22 12 2 0.00002000000000000
5 8 5 2 0.00001400000000000
12 22 12 2 0.00002500000000000
13 24 13 2 0.00002700000000000
13 24 13 2 0.00002400000000000
13 24 13 2 0.00002700000000000
9 16 9 2 0.00001400000000000
13 24 13 2 0.00002800000000000
12 22 12 2 0.00002000000000000
14 26 14 2 0.00003200000000000
10 18 10 2 0.00002500000000000
13 24 13 2 0.00002200000000000
12 22 12 2 0.00002400000000000
10 18 10 2 0.00002500000000000
14 26 14 2 0.00004100000000000
14 26 14 2 0.00002700000000000
11 20 11 2 0.00002400000000000
14 26 14 2 0.00002800000000000
14 26 14 2 0.00004600000000000
11 20 11 2 0.00001700000000000
10 18 10 2 0.00001900000000000
15 28 15 2 0.00003400000000000
15 28 15 2 0.00002900000000000
3 3 2 2 0.00000300000000000
15 28 15 2 0.00003500000000000
14 26 14 2 0.00003100000000000
16 30 16 2 0.00002500000000000
13 24 13 2 0.00002900000000000
14 26 14 2 0.00003100000000000
16 30 16 2 0.00002500000000000
12 22 12 2 0.00002400000000000
14 26 14 2 0.00002400000000000
12 22 12 2 0.00002400000000000
14 26 14 2 0.00002500000000000
15 28 15 2 0.00003300000000000
16 30 16 2 0.00002500000000000
15 28 15 2 0.00003700000000000
16 30 16 2 0.00002500000000000
17 32 17 2 0.00004000000000000
16 30 16 2 0.00003100000000000
17 32 17 2 0.00003200000000000
17 32 17 2 0.00004000000000000
14 26 14 2 0.00003000000000000
16 30 16 2 0.00002500000000000
13 24 13 2 0.00002800000000000
17 32 17 2 0.00003200000000000
17 32 17 2 0.00003900000000000
7 12 7 2 0.00001600000000000
15 28 15 2 0.00004000000000000
13 24 13 2 0.00002800000000000
12 22 12 2 0.00002300000000000
17 32 17 2 0.00003200000000000
17 32 17 2 0.00004000000000000
18 34 18 2 0.00003900000000000
17 32 17 2 0.00004000000000000
18 34 18 2 0.00004800000000000
15 28 15 2 0.00002700000000000
16 30 16 2 0.00003100000000000
19 36 19 2 0.00004100000000000
18 34 18 2 0.00005000000000000
18 34 18 2 0.00005400000000000
15 28 15 2 0.00003900000000000
5 8 5 2 0.00000800000000000
19 36 19 2 0.00004300000000000
16 30 16 2 0.00003500000000000
18 34 18 2 0.00004900000000000
18 34 18 2 0.00004600000000000
16 30 16 2 0.00003100000000000
19 36 19 2 0.00005000000000000
19 36 19 2 0.00004600000000000
19 36 19 2 0.00005100000000000
15 28 15 2 0.00003800000000000
19 36 19 2 0.00005100000000000
20 38 20 2 0.00005800000000000
18 34 18 2 0.00004000000000000
8 14 8 2 0.00001500000000000
17 32 17 2 0.00003200000000000
17 32 17 2 0.00003900000000000
20 38 20 2 0.00005100000000000
18 34 18 2 0.00005400000000000
20 38 20 2 0.00005100000000000
19 36 19 2 0.00005200000000000
20 38 20 2 0.00004900000000000
19 36 19 2 0.00005100000000000
20 38 20 2 0.00004300000000000
20 38 20 2 0.00006100000000000
21 40 21 2 0.00004500000000000
20 38 20 2 0.00006000000000000
22 42 22 2 0.00004900000000000
21 40 21 2 0.00006100000000000
22 42 22 2 0.00004800000000000
19 36 19 2 0.00005500000000000
21 40 21 2 0.00005800000000000
20 38 20 2 0.00005900000000000
21 40 21 2 0.00005000000000000
21 40 21 2 0.00005700000000000
22 42 22 2 0.00004800000000000
18 34 18 2 0.00005000000000000
20 38 20 2 0.00006400000000000
19 36 19 2 0.00005100000000000
22 42 22 2 0.00005200000000000
21 40 21 2 0.00005700000000000
22 42 22 2 0.00006100000000000
23 44 23 2 0.00005700000000000
21 40 21 2 0.00006300000000000
21 40 21 2 0.00004600000000000
22 42 22 2 0.00006000000000000
23 44 23 2 0.00006400000000000
21 40 21 2 0.00004500000000000
22 42 22 2 0.00006100000000000
18 34 18 2 0.00005400000000000
23 44 23 2 0.00006300000000000
24 46 24 2 0.00005700000000000
22 42 22 2 0.00006000000000000
23 44 23 2 0.00005100000000000
23 44 23 2 0.00006500000000000
22 42 22 2 0.00004900000000000
15 28 15 2 0.00003600000000000
23 44 23 2 0.00006300000000000
23 44 23 2 0.00006400000000000
24 46 24 2 0.00006200000000000
24 46 24 2 0.00007100000000000
24 46 24 2 0.00007700000000000
24 46 24 2 0.00007400000000000
25 48 25 2 0.00006600000000000
24 46 24 2 0.00007400000000000
22 42 22 2 0.00006100000000000
25 48 25 2 0.00006200000000000
25 48 25 2 0.00007400000000000
16 30 16 2 0.00003600000000000
25 48 25 2 0.00007600000000000
24 46 24 2 0.00007200000000000
25 48 25 2 0.00007500000000000
23 44 23 2 0.00006400000000000
26 50 26 2 0.00008500000000000
26 50 26 2 0.00007400000000000
26 50 26 2 0.00006000000000000
21 40 21 2 0.00005700000000000
26 50 26 2 0.00007600000000000
23 44 23 2 0.00005100000000000
26 50 26 2 0.00007500000000000
26 50 26 2 0.00005900000000000
27 52 27 2 0.00007900000000000
27 52 27 2 0.00006400000000000
26 50 26 2 0.00007400000000000
25 48 25 2 0.00006100000000000
25 48 25 2 0.00007100000000000
25 48 25 2 0.00005700000000000
27 52 27 2 0.00006300000000000
24 46 24 2 0.00007600000000000
24 46 24 2 0.00005900000000000
27 52 27 2 0.00008300000000000
25 48 25 2 0.00007800000000000
27 52 27 2 0.00006300000000000
28 54 28 2 0.00008300000000000
28 54 28 2 0.00008300000000000
28 54 28 2 0.00007100000000000
26 50 26 2 0.00007900000000000
28 54 28 2 0.00006600000000000
28 54 28 2 0.00008300000000000
28 54 28 2 0.00006800000000000
27 52 27 2 0.00007900000000000
28 54 28 2 0.00008300000000000
29 56 29 2 0.00009000000000000
27 52 27 2 0.00008800000000000
28 54 28 2 0.00008300000000000
29 56 29 2 0.00007400000000000
27 52 27 2 0.00007800000000000
28 54 28 2 0.00006700000000000
29 56 29 2 0.00009500000000000
29 56 29 2 0.00007100000000000
23 44 23 2 0.00006400000000000
29 56 29 2 0.00007900000000000
28 54 28 2 0.00006700000000000
30 58 30 2 0.00009200000000000
30 58 30 2 0.00007100000000000
29 56 29 2 0.00007900000000000
30 58 30 2 0.00007600000000000
30 58 30 2 0.00009300000000000
27 52 27 2 0.00007900000000000
30 58 30 2 0.00007100000000000
25 48 25 2 0.00008400000000000
30 58 30 2 0.00008900000000000
31 60 31 2 0.00007500000000000
24 46 24 2 0.00007500000000000
29 56 29 2 0.00009100000000000
31 60 31 2 0.00007500000000000
30 58 30 2 0.00008900000000000
31 60 31 2 0.00007500000000000
31 60 31 2 0.00009400000000000
31 60 31 2 0.00007500000000000
31 60 31 2 0.00009400000000000
31 60 31 2 0.00007900000000000
26 50 26 2 0.00007300000000000
30 58 30 2 0.00009400000000000
31 60 31 2 0.00007400000000000
29 56 29 2 0.00008900000000000
32 62 32 2 0.00007000000000000
32 62 32 2 0.00008700000000000
30 58 30 2 0.00009100000000000
32 62 32 2 0.00007000000000000
32 62 32 2 0.00008700000000000
32 62 32 2 0.00008700000000000
33 64 33 2 0.00008800000000000
31 60 31 2 0.00009400000000000
32 62 32 2 0.00006900000000000
32 62 32 2 0.00008700000000000
33 64 33 2 0.00008500000000000
32 62 32 2 0.00008800000000000
33 64 33 2 0.00010500000000000
33 64 33 2 0.00008500000000000
32 62 32 2 0.00008700000000000
30 58 30 2 0.00009300000000000
33 64 33 2 0.00008500000000000
33 64 33 2 0.00010900000000000
32 62 32 2 0.00006900000000000
33 64 33 2 0.00010600000000000
33 64 33 2 0.00010500000000000
34 66 34 2 0.00009800000000000
34 66 34 2 0.00012400000000000
34 66 34 2 0.00009600000000000
34 66 34 2 0.00009900000000000
34 66 34 2 0.00009900000000000
33 64 33 2 0.00010500000000000
29 56 29 2 0.00009100000000000
35 68 35 2 0.00011100000000000
27 52 27 2 0.00007800000000000
34 66 34 2 0.00012000000000000
35 68 35 2 0.00010700000000000
34 66 34 2 0.00012400000000000
35 68 35 2 0.00010400000000000
34 66 34 2 0.00012400000000000
26 50 26 2 0.00009700000000000
35 68 35 2 0.00013100000000000
36 70 36 2 0.00010600000000000
33 64 33 2 0.00010500000000000
34 66 34 2 0.00012500000000000
29 56 29 2 0.00009300000000000
34 66 34 2 0.00012000000000000
36 70 36 2 0.00013300000000000
36 70 36 2 0.00013200000000000
35 68 35 2 0.00010400000000000
35 68 35 2 0.00013600000000000
36 70 36 2 0.00013200000000000
36 70 36 2 0.00010600000000000
36 70 36 2 0.00013200000000000
36 70 36 2 0.00010500000000000
35 68 35 2 0.00012600000000000
37 72 37 2 0.00013900000000000
35 68 35 2 0.00010200000000000
37 72 37 2 0.00011100000000000
36 70 36 2 0.00010500000000000
37 72 37 2 0.00013900000000000
36 70 36 2 0.00013200000000000
37 72 37 2 0.00011200000000000
31 60 31 2 0.00009300000000000
37 72 37 2 0.00013900000000000
38 74 38 2 0.00011700000000000
35 68 35 2 0.00013000000000000
37 72 37 2 0.00013800000000000
38 74 38 2 0.00011700000000000
36 70 36 2 0.00013300000000000
38 74 38 2 0.00014500000000000
38 74 38 2 0.00011700000000000
38 74 38 2 0.00011700000000000
38 74 38 2 0.00014500000000000
38 74 38 2 0.00011500000000000
38 74 38 2 0.00014500000000000
37 72 37 2 0.00014000000000000
38 74 38 2 0.00014500000000000
39 76 39 2 0.00011900000000000
39 76 39 2 0.00012700000000000
37 72 37 2 0.00013800000000000
35 68 35 2 0.00013000000000000
39 76 39 2 0.00012100000000000
37 72 37 2 0.00013900000000000
39 76 39 2 0.00015200000000000
40 78 40 2 0.00013000000000000
39 76 39 2 0.00015100000000000
40 78 40 2 0.00012800000000000
37 72 37 2 0.00013900000000000
40 78 40 2 0.00013000000000000
39 76 39 2 0.00015200000000000
40 78 40 2 0.00012800000000000
39 76 39 2 0.00015200000000000
40 78 40 2 0.00016300000000000
40 78 40 2 0.00016800000000000
41 80 41 2 0.00012700000000000
38 74 38 2 0.00014600000000000
40 78 40 2 0.00012300000000000
39 76 39 2 0.00015200000000000
20 38 20 2 0.00006100000000000
41 80 41 2 0.00013100000000000
40 78 40 2 0.00016200000000000
41 80 41 2 0.00016000000000000
41 80 41 2 0.00012800000000000
41 80 41 2 0.00016400000000000
41 80 41 2 0.00016300000000000
41 80 41 2 0.00016300000000000
39 76 39 2 0.00015100000000000
42 82 42 2 0.00013300000000000
41 80 41 2 0.00016200000000000
41 80 41 2 0.00012700000000000
42 82 42 2 0.00016700000000000
42 82 42 2 0.00013100000000000
42 82 42 2 0.00013100000000000
42 82 42 2 0.00016400000000000
42 82 42 2 0.00016400000000000
42 82 42 2 0.00016800000000000
42 82 42 2 0.00017000000000000
43 84 43 2 0.00014400000000000
42 82 42 2 0.00016400000000000
43 84 43 2 0.00017700000000000
43 84 43 2 0.00013700000000000
43 84 43 2 0.00014100000000000
44 86 44 2 0.00014600000000000
40 78 40 2 0.00016400000000000
43 84 43 2 0.00017700000000000
43 84 43 2 0.00017600000000000
43 84 43 2 0.00017600000000000
40 78 40 2 0.00015900000000000
43 84 43 2 0.00017400000000000
44 86 44 2 0.00018200000000000
44 86 44 2 0.00014900000000000
44 86 44 2 0.00015000000000000
41 80 41 2 0.00016000000000000
44 86 44 2 0.00018200000000000
44 86 44 2 0.00014100000000000
42 82 42 2 0.00016500000000000
44 86 44 2 0.00018300000000000
45 88 45 2 0.00015500000000000
44 86 44 2 0.00018300000000000
45 88 45 2 0.00014600000000000
45 88 45 2 0.00014600000000000
44 86 44 2 0.00018400000000000
39 76 39 2 0.00015100000000000
45 88 45 2 0.00018200000000000
45 88 45 2 0.00018200000000000
45 88 45 2 0.00018200000000000
45 88 45 2 0.00018200000000000
46 90 46 2 0.00015500000000000
45 88 45 2 0.00018200000000000
46 90 46 2 0.00015400000000000
45 88 45 2 0.00018100000000000
46 90 46 2 0.00019300000000000
46 90 46 2 0.00015400000000000
46 90 46 2 0.00019400000000000
46 90 46 2 0.00015800000000000
43 84 43 2 0.00017700000000000
44 86 44 2 0.00018000000000000
46 90 46 2 0.00019300000000000
47 92 47 2 0.00015700000000000
46 90 46 2 0.00019900000000000
47 92 47 2 0.00015800000000000
45 88 45 2 0.00018200000000000
47 92 47 2 0.00019700000000000
47 92 47 2 0.00020200000000000
47 92 47 2 0.00015900000000000
47 92 47 2 0.00020100000000000
43 84 43 2 0.00017800000000000
48 94 48 2 0.00017000000000000
46 90 46 2 0.00019300000000000
46 90 46 2 0.00019300000000000
47 92 47 2 0.00020100000000000
48 94 48 2 0.00016600000000000
47 92 47 2 0.00020100000000000
48 94 48 2 0.00020700000000000
48 94 48 2 0.00016900000000000
48 94 48 2 0.00021200000000000
47 92 47 2 0.00019700000000000
48 94 48 2 0.00016800000000000
48 94 48 2 0.00021300000000000
49 96 49 2 0.00017200000000000
47 92 47 2 0.00019600000000000
49 96 49 2 0.00021200000000000
49 96 49 2 0.00017500000000000
49 96 49 2 0.00016500000000000
49 96 49 2 0.00021400000000000
48 94 48 2 0.00020500000000000
49 96 49 2 0.00021100000000000
48 94 48 2 0.00020900000000000
49 96 49 2 0.00021400000000000
49 96 49 2 0.00021300000000000
50 98 50 2 0.00017300000000000
49 96 49 2 0.00021100000000000
50 98 50 2 0.00021800000000000
50 98 50 2 0.00017300000000000
48 94 48 2 0.00020700000000000
50 98 50 2 0.00021400000000000
50 98 50 2 0.00017100000000000
50 98 50 2 0.00021400000000000
50 98 50 2 0.00021400000000000
51 100 51 2 0.00017800000000000
50 98 50 2 0.00021400000000000
51 100 51 2 0.00017800000000000
51 100 51 2 0.00017800000000000
50 98 50 2 0.00021300000000000
51 100 51 2 0.00022200000000000
51 100 51 2 0.00022200000000000
49 96 49 2 0.00021600000000000
51 100 51 2 0.00022100000000000
51 100 51 2 0.00022200000000000
50 98 50 2 0.00021400000000000
51 100 51 2 0.00022100000000000
52 102 52 2 0.00019600000000000
51 100 51 2 0.00022200000000000
52 102 52 2 0.00018300000000000
51 100 51 2 0.00022100000000000
52 102 52 2 0.00023900000000000
52 102 52 2 0.00019200000000000
52 102 52 2 0.00024300000000000
53 104 53 2 0.00019000000000000
52 102 52 2 0.00023800000000000
52 102 52 2 0.00024000000000000
52 102 52 2 0.00023800000000000
52 102 52 2 0.00023700000000000
53 104 53 2 0.00019400000000000
53 104 53 2 0.00019200000000000
52 102 52 2 0.00023700000000000
53 104 53 2 0.00024100000000000
53 104 53 2 0.00023700000000000
53 104 53 2 0.00024100000000000
53 104 53 2 0.00024300000000000
53 104 53 2 0.00023800000000000
53 104 53 2 0.00023800000000000
53 104 53 2 0.00024400000000000
54 106 54 2 0.00019200000000000
54 106 54 2 0.00024700000000000
54 106 54 2 0.00020100000000000
54 106 54 2 0.00024500000000000
54 106 54 2 0.00019100000000000
54 106 54 2 0.00025800000000000
54 106 54 2 0.00019200000000000
54 106 54 2 0.00025000000000000
54 106 54 2 0.00024300000000000
54 106 54 2 0.00024400000000000
55 108 55 2 0.00025000000000000
55 108 55 2 0.00025400000000000
55 108 55 2 0.00020000000000000
55 108 55 2 0.00020400000000000
55 108 55 2 0.00025500000000000
55 108 55 2 0.00025400000000000
55 108 55 2 0.00025000000000000
55 108 55 2 0.00025400000000000
55 108 55 2 0.00024900000000000
56 110 56 2 0.00021300000000000
55 108 55 2 0.00025300000000000
56 110 56 2 0.00025500000000000
56 110 56 2 0.00025800000000000
56 110 56 2 0.00025700000000000
56 110 56 2 0.00021000000000000
56 110 56 2 0.00025800000000000
56 110 56 2 0.00025900000000000
56 110 56 2 0.00020800000000000
56 110 56 2 0.00025800000000000
57 112 57 2 0.00022600000000000
56 110 56 2 0.00027400000000000
57 112 57 2 0.00027700000000000
57 112 57 2 0.00022100000000000
57 112 57 2 0.00027300000000000
57 112 57 2 0.00027800000000000
57 112 57 2 0.00022600000000000
57 112 57 2 0.00028000000000000
57 112 57 2 0.00027400000000000
57 112 57 2 0.00027600000000000
57 112 57 2 0.00027900000000000
58 114 58 2 0.00027500000000000
58 114 58 2 0.00022800000000000
58 114 58 2 0.00028000000000000
58 114 58 2 0.00021700000000000
58 114 58 2 0.00027400000000000
58 114 58 2 0.00028100000000000
59 116 59 2 0.00023000000000000
58 114 58 2 0.00027700000000000
58 114 58 2 0.00028200000000000
59 116 59 2 0.00022400000000000
58 114 58 2 0.00027500000000000
59 116 59 2 0.00022500000000000
59 116 59 2 0.00028600000000000
58 114 58 2 0.00028200000000000
59 116 59 2 0.00029000000000000
59 116 59 2 0.00028400000000000
59 116 59 2 0.00022500000000000
59 116 59 2 0.00028000000000000
59 116 59 2 0.00028300000000000
59 116 59 2 0.00027800000000000
60 118 60 2 0.00029500000000000
60 118 60 2 0.00029700000000000
60 118 60 2 0.00029600000000000
60 118 60 2 0.00023000000000000
60 118 60 2 0.00023700000000000
60 118 60 2 0.00029900000000000
60 118 60 2 0.00029600000000000
61 120 61 2 0.00023300000000000
60 118 60 2 0.00030000000000000
60 118 60 2 0.00031700000000000
60 118 60 2 0.00029700000000000
61 120 61 2 0.00023700000000000
61 120 61 2 0.00029600000000000
61 120 61 2 0.00023700000000000
61 120 61 2 0.00030100000000000
61 120 61 2 0.00029500000000000
62 122 62 2 0.00024900000000000
61 120 61 2 0.00029400000000000
61 120 61 2 0.00029500000000000
61 120 61 2 0.00029100000000000
61 120 61 2 0.00029400000000000
62 122 62 2 0.00030700000000000
62 122 62 2 0.00030800000000000
62 122 62 2 0.00030500000000000
62 122 62 2 0.00030100000000000
62 122 62 2 0.00023800000000000
62 122 62 2 0.00030800000000000
62 122 62 2 0.00024900000000000
63 124 63 2 0.00025400000000000
62 122 62 2 0.00030300000000000
62 122 62 2 0.00031000000000000
63 124 63 2 0.00024900000000000
63 124 63 2 0.00031400000000000
63 124 63 2 0.00030900000000000
63 124 63 2 0.00024900000000000
63 124 63 2 0.00030900000000000
63 124 63 2 0.00031000000000000
64 126 64 2 0.00023300000000000
63 124 63 2 0.00031000000000000
63 124 63 2 0.00031100000000000
64 126 64 2 0.00028900000000000
64 126 64 2 0.00028800000000000
63 124 63 2 0.00031000000000000
64 126 64 2 0.00023100000000000
64 126 64 2 0.00028600000000000
64 126 64 2 0.00028700000000000
65 128 65 2 0.00025800000000000
64 126 64 2 0.00028700000000000
65 128 65 2 0.00025800000000000
64 126 64 2 0.00028700000000000
64 126 64 2 0.00028700000000000
64 126 64 2 0.00028700000000000
65 128 65 2 0.00032200000000000
65 128 65 2 0.00025900000000000
65 128 65 2 0.00032200000000000
65 128 65 2 0.00025800000000000
65 128 65 2 0.00032200000000000
66 130 66 2 0.00029000000000000
65 128 65 2 0.00032200000000000
65 128 65 2 0.00032200000000000
65 128 65 2 0.00032400000000000
66 130 66 2 0.00035600000000000
66 130 66 2 0.00035800000000000
66 130 66 2 0.00036700000000000
66 130 66 2 0.00028000000000000
66 130 66 2 0.00035800000000000
66 130 66 2 0.00035800000000000
66 130 66 2 0.00035800000000000
66 130 66 2 0.00036200000000000
67 132 67 2 0.00030800000000000
67 132 67 2 0.00030000000000000
66 130 66 2 0.00035800000000000
67 132 67 2 0.00030600000000000
67 132 67 2 0.00037700000000000
67 132 67 2 0.00030500000000000
67 132 67 2 0.00037700000000000
67 132 67 2 0.00038300000000000
67 132 67 2 0.00037700000000000
68 134 68 2 0.00031200000000000
67 132 67 2 0.00037900000000000
67 132 67 2 0.00038200000000000
68 134 68 2 0.00039900000000000
68 134 68 2 0.00039400000000000
68 134 68 2 0.00039000000000000
68 134 68 2 0.00039600000000000
68 134 68 2 0.00031900000000000
68 134 68 2 0.00038700000000000
68 134 68 2 0.00039700000000000
68 134 68 2 0.00038700000000000
68 134 68 2 0.00039000000000000
69 136 69 2 0.00041500000000000
69 136 69 2 0.00041300000000000
69 136 69 2 0.00033000000000000
69 136 69 2 0.00033000000000000
69 136 69 2 0.00033000000000000
69 136 69 2 0.00041200000000000
69 136 69 2 0.00032900000000000
69 136 69 2 0.00041200000000000
70 138 70 2 0.00033700000000000
69 136 69 2 0.00041100000000000
69 136 69 2 0.00041200000000000
70 138 70 2 0.00041900000000000
70 138 70 2 0.00042100000000000
70 138 70 2 0.00042100000000000
70 138 70 2 0.00034500000000000
70 138 70 2 0.00042000000000000
70 138 70 2 0.00042000000000000
70 138 70 2 0.00042300000000000
70 138 70 2 0.00042200000000000
70 138 70 2 0.00042100000000000
71 140 71 2 0.00035700000000000
71 140 71 2 0.00045000000000000
71 140 71 2 0.00035700000000000
71 140 71 2 0.00035700000000000
71 140 71 2 0.00044600000000000
71 140 71 2 0.00045300000000000
72 142 72 2 0.00036100000000000
71 140 71 2 0.00044700000000000
71 140 71 2 0.00044900000000000
71 140 71 2 0.00044500000000000
72 142 72 2 0.00036200000000000
71 140 71 2 0.00044900000000000
72 142 72 2 0.00044300000000000
72 142 72 2 0.00044800000000000
72 142 72 2 0.00044800000000000
72 142 72 2 0.00035600000000000
72 142 72 2 0.00044900000000000
72 142 72 2 0.00044700000000000
72 142 72 2 0.00044600000000000
72 142 72 2 0.00044900000000000
73 144 73 2 0.00045700000000000
73 144 73 2 0.00036100000000000
73 144 73 2 0.00045400000000000
73 144 73 2 0.00045200000000000
73 144 73 2 0.00045700000000000
73 144 73 2 0.00035900000000000
73 144 73 2 0.00036300000000000
74 146 74 2 0.00037700000000000
73 144 73 2 0.00044800000000000
74 146 74 2 0.00038000000000000
73 144 73 2 0.00044800000000000
73 144 73 2 0.00044700000000000
74 146 74 2 0.00036800000000000
74 146 74 2 0.00047300000000000
74 146 74 2 0.00047000000000000
74 146 74 2 0.00047100000000000
74 146 74 2 0.00047100000000000
74 146 74 2 0.00047100000000000
74 146 74 2 0.00047200000000000
74 146 74 2 0.00047000000000000
75 148 75 2 0.00047200000000000
75 148 75 2 0.00037900000000000
75 148 75 2 0.00047200000000000
75 148 75 2 0.00047300000000000
75 148 75 2 0.00047300000000000
75 148 75 2 0.00037700000000000
75 148 75 2 0.00047400000000000
76 150 76 2 0.00039100000000000
76 150 76 2 0.00039500000000000
75 148 75 2 0.00047600000000000
76 150 76 2 0.00039400000000000
75 148 75 2 0.00047700000000000
75 148 75 2 0.00047200000000000
76 150 76 2 0.00049100000000000
76 150 76 2 0.00039200000000000
76 150 76 2 0.00049800000000000
76 150 76 2 0.00049300000000000
76 150 76 2 0.00049100000000000
76 150 76 2 0.00049400000000000
76 150 76 2 0.00049100000000000
77 152 77 2 0.00049900000000000
77 152 77 2 0.00040000000000000
77 152 77 2 0.00050000000000000
77 152 77 2 0.00050000000000000
77 152 77 2 0.00049800000000000
77 152 77 2 0.00039900000000000
77 152 77 2 0.00049900000000000
77 152 77 2 0.00049700000000000
77 152 77 2 0.00049500000000000
78 154 78 2 0.00040300000000000
77 152 77 2 0.00049800000000000
78 154 78 2 0.00040000000000000
78 154 78 2 0.00040200000000000
78 154 78 2 0.00040500000000000
78 154 78 2 0.00051100000000000
78 154 78 2 0.00050800000000000
78 154 78 2 0.00050600000000000
78 154 78 2 0.00050500000000000
78 154 78 2 0.00050200000000000
78 154 78 2 0.00050000000000000
79 156 79 2 0.00051400000000000
79 156 79 2 0.00041100000000000
79 156 79 2 0.00051300000000000
79 156 79 2 0.00041000000000000
79 156 79 2 0.00051600000000000
79 156 79 2 0.00051200000000000
79 156 79 2 0.00051300000000000
79 156 79 2 0.00051200000000000
79 156 79 2 0.00051500000000000
79 156 79 2 0.00051200000000000
80 158 80 2 0.00042600000000000
80 158 80 2 0.00053600000000000
80 158 80 2 0.00043000000000000
80 158 80 2 0.00043000000000000
80 158 80 2 0.00053600000000000
80 158 80 2 0.00042400000000000
80 158 80 2 0.00053400000000000
80 158 80 2 0.00053500000000000
80 158 80 2 0.00053500000000000
80 158 80 2 0.00053600000000000
81 160 81 2 0.00054200000000000
81 160 81 2 0.00054300000000000
81 160 81 2 0.00054000000000000
81 160 81 2 0.00043400000000000
81 160 81 2 0.00043200000000000
81 160 81 2 0.00053700000000000
81 160 81 2 0.00054000000000000
81 160 81 2 0.00054000000000000
81 160 81 2 0.00053700000000000
81 160 81 2 0.00054000000000000
82 162 82 2 0.00043900000000000
82 162 82 2 0.00055300000000000
82 162 82 2 0.00055000000000000
82 162 82 2 0.00043700000000000
82 162 82 2 0.00043900000000000
82 162 82 2 0.00055200000000000
82 162 82 2 0.00045000000000000
82 162 82 2 0.00055100000000000
82 162 82 2 0.00054500000000000
82 162 82 2 0.00054600000000000
83 164 83 2 0.00056900000000000
83 164 83 2 0.00056900000000000
83 164 83 2 0.00045600000000000
83 164 83 2 0.00045800000000000
83 164 83 2 0.00057000000000000
83 164 83 2 0.00057600000000000
83 164 83 2 0.00056900000000000
83 164 83 2 0.00057400000000000
83 164 83 2 0.00057300000000000
83 164 83 2 0.00057800000000000
84 166 84 2 0.00057000000000000
84 166 84 2 0.00045400000000000
84 166 84 2 0.00057000000000000
84 166 84 2 0.00057400000000000
84 166 84 2 0.00057200000000000
84 166 84 2 0.00057100000000000
84 166 84 2 0.00045900000000000
84 166 84 2 0.00045700000000000
85 168 85 2 0.00047000000000000
84 166 84 2 0.00057100000000000
84 166 84 2 0.00057200000000000
85 168 85 2 0.00060100000000000
85 168 85 2 0.00048100000000000
85 168 85 2 0.00059800000000000
85 168 85 2 0.00059700000000000
85 168 85 2 0.00047900000000000
85 168 85 2 0.00060000000000000
85 168 85 2 0.00060200000000000
85 168 85 2 0.00059600000000000
85 168 85 2 0.00059800000000000
86 170 86 2 0.00047700000000000
86 170 86 2 0.00059600000000000
86 170 86 2 0.00059500000000000
86 170 86 2 0.00059500000000000
86 170 86 2 0.00059600000000000
86 170 86 2 0.00059500000000000
86 170 86 2 0.00059600000000000
86 170 86 2 0.00060000000000000
87 172 87 2 0.00049300000000000
87 172 87 2 0.00049000000000000
87 172 87 2 0.00049800000000000
86 170 86 2 0.00059600000000000
86 170 86 2 0.00059500000000000
87 172 87 2 0.00061000000000000
87 172 87 2 0.00048500000000000
87 172 87 2 0.00061000000000000
87 172 87 2 0.00048500000000000
87 172 87 2 0.00060500000000000
87 172 87 2 0.00060400000000000
87 172 87 2 0.00060600000000000
88 174 88 2 0.00063000000000000
88 174 88 2 0.00050300000000000
88 174 88 2 0.00063100000000000
88 174 88 2 0.00063100000000000
88 174 88 2 0.00062800000000000
88 174 88 2 0.00063100000000000
88 174 88 2 0.00063000000000000
88 174 88 2 0.00062800000000000
88 174 88 2 0.00062800000000000
88 174 88 2 0.00063200000000000
89 176 89 2 0.00049900000000000
89 176 89 2 0.00062300000000000
89 176 89 2 0.00049800000000000
89 176 89 2 0.00050500000000000
89 176 89 2 0.00049700000000000
89 176 89 2 0.00062200000000000
89 176 89 2 0.00062200000000000
89 176 89 2 0.00062100000000000
90 178 90 2 0.00052400000000000
89 176 89 2 0.00062200000000000
89 176 89 2 0.00062200000000000
90 178 90 2 0.00052500000000000
90 178 90 2 0.00065700000000000
90 178 90 2 0.00066400000000000
90 178 90 2 0.00066100000000000
90 178 90 2 0.00065800000000000
90 178 90 2 0.00065900000000000
90 178 90 2 0.00065900000000000
90 178 90 2 0.00065900000000000
91 180 91 2 0.00052800000000000
90 178 90 2 0.00065800000000000
91 180 91 2 0.00052600000000000
91 180 91 2 0.00052600000000000
91 180 91 2 0.00052700000000000
91 180 91 2 0.00065600000000000
91 180 91 2 0.00065500000000000
91 180 91 2 0.00066000000000000
91 180 91 2 0.00065500000000000
91 180 91 2 0.00065700000000000
92 182 92 2 0.00053000000000000
91 180 91 2 0.00065800000000000
92 182 92 2 0.00066700000000000
92 182 92 2 0.00066600000000000
92 182 92 2 0.00066700000000000
92 182 92 2 0.00053000000000000
92 182 92 2 0.00066500000000000
92 182 92 2 0.00066000000000000
92 182 92 2 0.00066000000000000
92 182 92 2 0.00066300000000000
92 182 92 2 0.00065900000000000
93 184 93 2 0.00054000000000000
93 184 93 2 0.00067200000000000
93 184 93 2 0.00067300000000000
93 184 93 2 0.00053800000000000
93 184 93 2 0.00054200000000000
93 184 93 2 0.00054600000000000
93 184 93 2 0.00067600000000000
93 184 93 2 0.00067300000000000
94 186 94 2 0.00055300000000000
93 184 93 2 0.00067500000000000
93 184 93 2 0.00067600000000000
94 186 94 2 0.00055200000000000
94 186 94 2 0.00069200000000000
94 186 94 2 0.00068900000000000
94 186 94 2 0.00069000000000000
94 186 94 2 0.00068800000000000
94 186 94 2 0.00068800000000000
94 186 94 2 0.00068700000000000
94 186 94 2 0.00068900000000000
94 186 94 2 0.00068700000000000
95 188 95 2 0.00070500000000000
95 188 95 2 0.00056400000000000
95 188 95 2 0.00070100000000000
95 188 95 2 0.00056300000000000
95 188 95 2 0.00056200000000000
95 188 95 2 0.00070300000000000
95 188 95 2 0.00056300000000000
95 188 95 2 0.00070200000000000
95 188 95 2 0.00070200000000000
95 188 95 2 0.00070200000000000
96 190 96 2 0.00056700000000000
96 190 96 2 0.00056400000000000
96 190 96 2 0.00072200000000000
96 190 96 2 0.00071200000000000
96 190 96 2 0.00071700000000000
96 190 96 2 0.00071500000000000
96 190 96 2 0.00071400000000000
96 190 96 2 0.00071000000000000
96 190 96 2 0.00071100000000000
96 190 96 2 0.00071200000000000
97 192 97 2 0.00073600000000000
97 192 97 2 0.00073200000000000
97 192 97 2 0.00073500000000000
97 192 97 2 0.00073500000000000
97 192 97 2 0.00058900000000000
97 192 97 2 0.00058800000000000
97 192 97 2 0.00058500000000000
97 192 97 2 0.00073300000000000
98 194 98 2 0.00061500000000000
98 194 98 2 0.00058800000000000
97 192 97 2 0.00073400000000000
98 194 98 2 0.00058700000000000
98 194 98 2 0.00073500000000000
97 192 97 2 0.00073300000000000
98 194 98 2 0.00073500000000000
98 194 98 2 0.00073500000000000
98 194 98 2 0.00073100000000000
98 194 98 2 0.00073600000000000
98 194 98 2 0.00073000000000000
98 194 98 2 0.00074500000000000
99 196 99 2 0.00077300000000000
99 196 99 2 0.00077200000000000
99 196 99 2 0.00076900000000000
99 196 99 2 0.00061900000000000
99 196 99 2 0.00077200000000000
99 196 99 2 0.00077300000000000
99 196 99 2 0.00061700000000000
100 198 100 2 0.00061900000000000
100 198 100 2 0.00061500000000000
100 198 100 2 0.00061500000000000
99 196 99 2 0.00076900000000000
99 196 99 2 0.00077200000000000
100 198 100 2 0.00061600000000000
99 196 99 2 0.00077200000000000
100 198 100 2 0.00076500000000000
100 198 100 2 0.00077200000000000
100 198 100 2 0.00076600000000000
100 198 100 2 0.00076300000000000
100 198 100 2 0.00076500000000000
100 198 100 2 0.00076400000000000
105 208 105 2 0.00082100000000000
105 208 105 2 0.00082700000000000
105 208 105 2 0.00082400000000000
105 208 105 2 0.00082400000000000
105 208 105 2 0.00066100000000000
105 208 105 2 0.00083100000000000
105 208 105 2 0.00082900000000000
105 208 105 2 0.00082300000000000
110 218 110 2 0.00072500000000000
105 208 105 2 0.00082700000000000
110 218 110 2 0.00072200000000000
110 218 110 2 0.00072500000000000
105 208 105 2 0.00082800000000000
110 218 110 2 0.00073400000000000
110 218 110 2 0.00072300000000000
110 218 110 2 0.00090900000000000
110 218 110 2 0.00090800000000000
110 218 110 2 0.00090600000000000
110 218 110 2 0.00090600000000000
110 218 110 2 0.00090400000000000
115 228 115 2 0.00097900000000000
115 228 115 2 0.00098100000000000
115 228 115 2 0.00097800000000000
115 228 115 2 0.00098000000000000
115 228 115 2 0.00078700000000000
115 228 115 2 0.00098100000000000
115 228 115 2 0.00097900000000000
115 228 115 2 0.00097800000000000
115 228 115 2 0.00098000000000000
120 238 120 2 0.00082800000000000
115 228 115 2 0.00098300000000000
120 238 120 2 0.00083300000000000
120 238 120 2 0.00083500000000000
120 238 120 2 0.00104000000000000
120 238 120 2 0.00083400000000000
120 238 120 2 0.00104100000000000
120 238 120 2 0.00083300000000000
120 238 120 2 0.00103800000000000
120 238 120 2 0.00104100000000000
120 238 120 2 0.00103800000000000
125 248 125 2 0.00113500000000000
125 248 125 2 0.00113800000000000
125 248 125 2 0.00114100000000000
125 248 125 2 0.00113800000000000
125 248 125 2 0.00091800000000000
125 248 125 2 0.00113600000000000
125 248 125 2 0.00114100000000000
125 248 125 2 0.00114000000000000
125 248 125 2 0.00114100000000000
125 248 125 2 0.00113500000000000
130 258 130 2 0.00097400000000000
130 258 130 2 0.00098100000000000
130 258 130 2 0.00097300000000000
130 258 130 2 0.00097400000000000
130 258 130 2 0.00122100000000000
130 258 130 2 0.00121500000000000
130 258 130 2 0.00121800000000000
130 258 130 2 0.00122300000000000
135 268 135 2 0.00115900000000000
130 258 130 2 0.00121800000000000
130 258 130 2 0.00121700000000000
135 268 135 2 0.00145000000000000
135 268 135 2 0.00145100000000000
135 268 135 2 0.00144900000000000
135 268 135 2 0.00116500000000000
135 268 135 2 0.00145100000000000
135 268 135 2 0.00145500000000000
135 268 135 2 0.00145600000000000
135 268 135 2 0.00144700000000000
135 268 135 2 0.00145400000000000
140 278 140 2 0.00128200000000000
140 278 140 2 0.00128400000000000
140 278 140 2 0.00131800000000000
140 278 140 2 0.00128600000000000
140 278 140 2 0.00160900000000000
140 278 140 2 0.00160600000000000
140 278 140 2 0.00160900000000000
140 278 140 2 0.00161800000000000
145 288 145 2 0.00136900000000000
140 278 140 2 0.00161800000000000
140 278 140 2 0.00163300000000000
145 288 145 2 0.00172500000000000
145 288 145 2 0.00173300000000000
145 288 145 2 0.00173100000000000
145 288 145 2 0.00173300000000000
145 288 145 2 0.00142600000000000
145 288 145 2 0.00177300000000000
145 288 145 2 0.00177900000000000
145 288 145 2 0.00177500000000000
145 288 145 2 0.00179200000000000
150 298 150 2 0.00157400000000000
150 298 150 2 0.00155100000000000
150 298 150 2 0.00153200000000000
150 298 150 2 0.00154600000000000
150 298 150 2 0.00200300000000000
150 298 150 2 0.00198600000000000
150 298 150 2 0.00196100000000000
150 298 150 2 0.00202100000000000
150 298 150 2 0.00194300000000000
150 298 150 2 0.00194200000000000
155 308 155 2 0.00178100000000000
155 308 155 2 0.00166500000000000
155 308 155 2 0.00222600000000000
155 308 155 2 0.00223000000000000
155 308 155 2 0.00218100000000000
155 308 155 2 0.00209500000000000
155 308 155 2 0.00214200000000000
155 308 155 2 0.00212500000000000
155 308 155 2 0.00210000000000000
155 308 155 2 0.00208300000000000
160 318 160 2 0.00223000000000000
160 318 160 2 0.00176500000000000
160 318 160 2 0.00223100000000000
160 318 160 2 0.00179600000000000
160 318 160 2 0.00174900000000000
160 318 160 2 0.00174500000000000
160 318 160 2 0.00221800000000000
160 318 160 2 0.00222200000000000
160 318 160 2 0.00227500000000000
160 318 160 2 0.00227500000000000
165 328 165 2 0.00185400000000000
165 328 165 2 0.00242800000000000
165 328 165 2 0.00236700000000000
165 328 165 2 0.00231000000000000
165 328 165 2 0.00188500000000000
165 328 165 2 0.00237700000000000
165 328 165 2 0.00240800000000000
165 328 165 2 0.00243400000000000
165 328 165 2 0.00240800000000000
165 328 165 2 0.00242700000000000
170 338 170 2 0.00189000000000000
170 338 170 2 0.00239100000000000
170 338 170 2 0.00249300000000000
170 338 170 2 0.00194700000000000
170 338 170 2 0.00241800000000000
170 338 170 2 0.00240900000000000
170 338 170 2 0.00193600000000000
170 338 170 2 0.00197700000000000
170 338 170 2 0.00243600000000000
170 338 170 2 0.00240600000000000
175 348 175 2 0.00204000000000000
175 348 175 2 0.00260600000000000
175 348 175 2 0.00255100000000000
175 348 175 2 0.00202600000000000
175 348 175 2 0.00261600000000000
175 348 175 2 0.00259300000000000
175 348 175 2 0.00255900000000000
175 348 175 2 0.00255900000000000
175 348 175 2 0.00252400000000000
175 348 175 2 0.00255700000000000
180 358 180 2 0.00222500000000000
180 358 180 2 0.00224800000000000
180 358 180 2 0.00275400000000000
185 368 185 2 0.00223700000000000
180 358 180 2 0.00278300000000000
180 358 180 2 0.00274700000000000
180 358 180 2 0.00275600000000000
185 368 185 2 0.00227700000000000
180 358 180 2 0.00270100000000000
180 358 180 2 0.00282500000000000
185 368 185 2 0.00221300000000000
180 358 180 2 0.00277300000000000
180 358 180 2 0.00275800000000000
185 368 185 2 0.00225100000000000
185 368 185 2 0.00285400000000000
185 368 185 2 0.00281500000000000
185 368 185 2 0.00283700000000000
185 368 185 2 0.00283500000000000
185 368 185 2 0.00284300000000000
185 368 185 2 0.00286200000000000
190 378 190 2 0.00303900000000000
190 378 190 2 0.00235400000000000
190 378 190 2 0.00295300000000000
190 378 190 2 0.00304100000000000
190 378 190 2 0.00296000000000000
190 378 190 2 0.00237100000000000
190 378 190 2 0.00233300000000000
195 388 195 2 0.00248900000000000
190 378 190 2 0.00294700000000000
190 378 190 2 0.00298600000000000
195 388 195 2 0.00246900000000000
190 378 190 2 0.00306000000000000
195 388 195 2 0.00313900000000000
195 388 195 2 0.00259400000000000
195 388 195 2 0.00329500000000000
195 388 195 2 0.00312800000000000
195 388 195 2 0.00325000000000000
195 388 195 2 0.00322600000000000
195 388 195 2 0.00319700000000000
195 388 195 2 0.00315700000000000
200 398 200 2 0.00325800000000000
200 398 200 2 0.00327900000000000
200 398 200 2 0.00258800000000000
200 398 200 2 0.00324300000000000
200 398 200 2 0.00325500000000000
200 398 200 2 0.00259000000000000
205 408 205 2 0.00263200000000000
200 398 200 2 0.00336200000000000
205 408 205 2 0.00265200000000000
200 398 200 2 0.00334200000000000
200 398 200 2 0.00330500000000000
200 398 200 2 0.00333900000000000
205 408 205 2 0.00264600000000000
205 408 205 2 0.00332600000000000
205 408 205 2 0.00269700000000000
205 408 205 2 0.00338900000000000
205 408 205 2 0.00335900000000000
205 408 205 2 0.00337200000000000
205 408 205 2 0.00331500000000000
205 408 205 2 0.00338600000000000
210 418 210 2 0.00286000000000000
210 418 210 2 0.00358700000000000
210 418 210 2 0.00358100000000000
210 418 210 2 0.00353600000000000
210 418 210 2 0.00348100000000000
210 418 210 2 0.00278900000000000
215 428 215 2 0.00292500000000000
210 418 210 2 0.00360500000000000
210 418 210 2 0.00361600000000000
210 418 210 2 0.00349700000000000
215 428 215 2 0.00291900000000000
210 418 210 2 0.00353100000000000
215 428 215 2 0.00307900000000000
215 428 215 2 0.00290400000000000
215 428 215 2 0.00383900000000000
215 428 215 2 0.00380800000000000
215 428 215 2 0.00374400000000000
215 428 215 2 0.00377000000000000
215 428 215 2 0.00362100000000000
215 428 215 2 0.00359000000000000
220 438 220 2 0.00376700000000000
220 438 220 2 0.00301200000000000
220 438 220 2 0.00376600000000000
220 438 220 2 0.00372200000000000
220 438 220 2 0.00374200000000000
220 438 220 2 0.00307900000000000
225 448 225 2 0.00309300000000000
220 438 220 2 0.00374900000000000
220 438 220 2 0.00373500000000000
225 448 225 2 0.00307100000000000
220 438 220 2 0.00385000000000000
220 438 220 2 0.00387000000000000
225 448 225 2 0.00305800000000000
225 448 225 2 0.00387500000000000
225 448 225 2 0.00390300000000000
225 448 225 2 0.00310100000000000
225 448 225 2 0.00391000000000000
225 448 225 2 0.00389400000000000
225 448 225 2 0.00390200000000000
225 448 225 2 0.00385900000000000
230 458 230 2 0.00406500000000000
230 458 230 2 0.00321900000000000
230 458 230 2 0.00407500000000000
230 458 230 2 0.00400500000000000
230 458 230 2 0.00402800000000000
230 458 230 2 0.00322200000000000
230 458 230 2 0.00403600000000000
235 468 235 2 0.00336400000000000
230 458 230 2 0.00406100000000000
230 458 230 2 0.00399600000000000
235 468 235 2 0.00331500000000000
230 458 230 2 0.00404700000000000
235 468 235 2 0.00333200000000000
235 468 235 2 0.00417200000000000
235 468 235 2 0.00416700000000000
235 468 235 2 0.00334800000000000
235 468 235 2 0.00421400000000000
235 468 235 2 0.00420900000000000
235 468 235 2 0.00418300000000000
235 468 235 2 0.00419200000000000
240 478 240 2 0.00431000000000000
240 478 240 2 0.00430200000000000
240 478 240 2 0.00349200000000000
240 478 240 2 0.00433000000000000
240 478 240 2 0.00342200000000000
240 478 240 2 0.00429400000000000
245 488 245 2 0.00358300000000000
240 478 240 2 0.00433500000000000
240 478 240 2 0.00435400000000000
240 478 240 2 0.00437700000000000
240 478 240 2 0.00429300000000000
245 488 245 2 0.00365500000000000
245 488 245 2 0.00367900000000000
245 488 245 2 0.00462300000000000
245 488 245 2 0.00468400000000000
245 488 245 2 0.00459200000000000
245 488 245 2 0.00370800000000000
245 488 245 2 0.00463600000000000
245 488 245 2 0.00467800000000000
245 488 245 2 0.00468400000000000
250 498 250 2 0.00489400000000000
250 498 250 2 0.00483100000000000
250 498 250 2 0.00484600000000000
250 498 250 2 0.00485400000000000
250 498 250 2 0.00388300000000000
250 498 250 2 0.00486300000000000
250 498 250 2 0.00388900000000000
250 498 250 2 0.00487200000000000
260 518 260 2 0.00433600000000000
250 498 250 2 0.00501100000000000
250 498 250 2 0.00491400000000000
260 518 260 2 0.00439200000000000
260 518 260 2 0.00424900000000000
260 518 260 2 0.00537200000000000
260 518 260 2 0.00808700000000000
260 518 260 2 0.00804100000000000
260 518 260 2 0.00810000000000000
260 518 260 2 0.00794600000000000
270 538 270 2 0.00786000000000000
260 518 260 2 0.00806100000000000
260 518 260 2 0.00817600000000000
270 538 270 2 0.00896400000000000
270 538 270 2 0.00893400000000000
270 538 270 2 0.00889100000000000
270 538 270 2 0.00777000000000000
270 538 270 2 0.00901100000000000
270 538 270 2 0.00900700000000000
280 558 280 2 0.00813800000000000
280 558 280 2 0.00818600000000000
270 538 270 2 0.00906500000000000
270 538 270 2 0.00905900000000000
270 538 270 2 0.00897400000000000
280 558 280 2 0.00811500000000000
280 558 280 2 0.00810300000000000
280 558 280 2 0.00954300000000000
280 558 280 2 0.00952300000000000
280 558 280 2 0.00965700000000000
280 558 280 2 0.00687500000000000
290 578 290 2 0.00581700000000000
280 558 280 2 0.00689400000000000
280 558 280 2 0.00696500000000000
290 578 290 2 0.00741500000000000
290 578 290 2 0.00730800000000000
290 578 290 2 0.00725500000000000
290 578 290 2 0.00582000000000000
290 578 290 2 0.00731600000000000
290 578 290 2 0.00731000000000000
290 578 290 2 0.00730300000000000
290 578 290 2 0.00731200000000000
300 598 300 2 0.00635700000000000
300 598 300 2 0.00629200000000000
290 578 290 2 0.00734000000000000
300 598 300 2 0.00630500000000000
300 598 300 2 0.00624300000000000
300 598 300 2 0.00797200000000000
300 598 300 2 0.00797800000000000
300 598 300 2 0.00797900000000000
300 598 300 2 0.00796300000000000
300 598 300 2 0.00792400000000000
310 618 310 2 0.00658200000000000
300 598 300 2 0.00793700000000000
310 618 310 2 0.00832900000000000
310 618 310 2 0.00827500000000000
310 618 310 2 0.00816900000000000
310 618 310 2 0.00820100000000000
310 618 310 2 0.00661800000000000
310 618 310 2 0.00831800000000000
310 618 310 2 0.00821300000000000
310 618 310 2 0.00828900000000000
320 638 320 2 0.00695100000000000
310 618 310 2 0.00823000000000000
320 638 320 2 0.00702700000000000
320 638 320 2 0.00694900000000000
320 638 320 2 0.00689400000000000
320 638 320 2 0.00870500000000000
320 638 320 2 0.00878600000000000
320 638 320 2 0.00873300000000000
320 638 320 2 0.00878400000000000
320 638 320 2 0.00869400000000000
320 638 320 2 0.00875500000000000
330 658 330 2 0.00750000000000000
330 658 330 2 0.00943800000000000
330 658 330 2 0.00940700000000000
330 658 330 2 0.00946800000000000
330 658 330 2 0.00750200000000000
330 658 330 2 0.00939000000000000
330 658 330 2 0.00943900000000000
330 658 330 2 0.00939500000000000
330 658 330 2 0.00934000000000000
330 658 330 2 0.00940300000000000
340 678 340 2 0.00791700000000000
340 678 340 2 0.00800900000000000
340 678 340 2 0.00782000000000000
340 678 340 2 0.00779600000000000
340 678 340 2 0.00990600000000000
340 678 340 2 0.01001900000000000
340 678 340 2 0.00989500000000000
340 678 340 2 0.00988100000000000
340 678 340 2 0.00981600000000000
340 678 340 2 0.00983300000000000
350 698 350 2 0.01028300000000000
350 698 350 2 0.00824400000000000
350 698 350 2 0.01033500000000000
350 698 350 2 0.01026400000000000
350 698 350 2 0.00814900000000000
350 698 350 2 0.01034100000000000
350 698 350 2 0.01030700000000000
350 698 350 2 0.01029800000000000
350 698 350 2 0.01031100000000000
350 698 350 2 0.01025900000000000
360 718 360 2 0.00858800000000000
360 718 360 2 0.00879000000000000
360 718 360 2 0.00862300000000000
360 718 360 2 0.00856800000000000
360 718 360 2 0.01089400000000000
360 718 360 2 0.01084600000000000
360 718 360 2 0.01079300000000000
360 718 360 2 0.01083900000000000
360 718 360 2 0.01088900000000000
360 718 360 2 0.01088900000000000
370 738 370 2 0.01147000000000000
370 738 370 2 0.00926800000000000
370 738 370 2 0.01154200000000000
370 738 370 2 0.01161500000000000
370 738 370 2 0.01158400000000000
370 738 370 2 0.00919900000000000
370 738 370 2 0.01160600000000000
370 738 370 2 0.01157600000000000
370 738 370 2 0.01159800000000000
370 738 370 2 0.01163500000000000
380 758 380 2 0.00979200000000000
380 758 380 2 0.00983500000000000
380 758 380 2 0.01231100000000000
380 758 380 2 0.00979000000000000
380 758 380 2 0.00976800000000000
380 758 380 2 0.01229400000000000
380 758 380 2 0.01233600000000000
380 758 380 2 0.01228400000000000
380 758 380 2 0.01237400000000000
380 758 380 2 0.01230100000000000
390 778 390 2 0.01256300000000000
390 778 390 2 0.01261700000000000
390 778 390 2 0.01012500000000000
390 778 390 2 0.01264400000000000
390 778 390 2 0.01273800000000000
390 778 390 2 0.01005600000000000
390 778 390 2 0.01259500000000000
390 778 390 2 0.01260300000000000
390 778 390 2 0.01266800000000000
390 778 390 2 0.01265800000000000
400 798 400 2 0.01337200000000000
400 798 400 2 0.01067700000000000
400 798 400 2 0.01082000000000000
400 798 400 2 0.01334000000000000
400 798 400 2 0.01065000000000000
400 798 400 2 0.01067800000000000
400 798 400 2 0.01341500000000000
400 798 400 2 0.01341800000000000
400 798 400 2 0.01341200000000000
400 798 400 2 0.01341600000000000
410 818 410 2 0.01422700000000000
410 818 410 2 0.01419200000000000
410 818 410 2 0.01133400000000000
410 818 410 2 0.01420900000000000
410 818 410 2 0.01414400000000000
410 818 410 2 0.01129700000000000
410 818 410 2 0.01411900000000000
410 818 410 2 0.01413700000000000
410 818 410 2 0.01418200000000000
410 818 410 2 0.01422000000000000
420 838 420 2 0.01494900000000000
420 838 420 2 0.01174400000000000
420 838 420 2 0.01189200000000000
420 838 420 2 0.01495800000000000
420 838 420 2 0.01193800000000000
420 838 420 2 0.01186700000000000
420 838 420 2 0.01488300000000000
420 838 420 2 0.01490200000000000
420 838 420 2 0.01496400000000000
420 838 420 2 0.01503000000000000
430 858 430 2 0.01544100000000000
430 858 430 2 0.01542400000000000
430 858 430 2 0.01232600000000000
430 858 430 2 0.01547900000000000
430 858 430 2 0.01544400000000000
430 858 430 2 0.01226900000000000
430 858 430 2 0.01547900000000000
430 858 430 2 0.01556700000000000
430 858 430 2 0.01554400000000000
430 858 430 2 0.01547900000000000
440 878 440 2 0.01615800000000000
440 878 440 2 0.01626600000000000
440 878 440 2 0.01318700000000000
440 878 440 2 0.01309300000000000
440 878 440 2 0.01300300000000000
440 878 440 2 0.01298500000000000
440 878 440 2 0.01628600000000000
440 878 440 2 0.01636400000000000
440 878 440 2 0.01622700000000000
440 878 440 2 0.01633800000000000
450 898 450 2 0.01692200000000000
450 898 450 2 0.01692900000000000
450 898 450 2 0.01357600000000000
450 898 450 2 0.01693800000000000
450 898 450 2 0.01693400000000000
450 898 450 2 0.01349200000000000
450 898 450 2 0.01696100000000000
450 898 450 2 0.01700900000000000
450 898 450 2 0.01698000000000000
450 898 450 2 0.01701100000000000
460 918 460 2 0.01799800000000000
460 918 460 2 0.01794000000000000
460 918 460 2 0.01442500000000000
460 918 460 2 0.01427300000000000
460 918 460 2 0.01419900000000000
460 918 460 2 0.01429500000000000
460 918 460 2 0.01801200000000000
460 918 460 2 0.01791300000000000
460 918 460 2 0.01787500000000000
460 918 460 2 0.01796400000000000
470 938 470 2 0.01876600000000000
470 938 470 2 0.01880400000000000
470 938 470 2 0.01499800000000000
470 938 470 2 0.01868900000000000
470 938 470 2 0.01878300000000000
470 938 470 2 0.01495800000000000
470 938 470 2 0.01879600000000000
470 938 470 2 0.01870800000000000
470 938 470 2 0.01872500000000000
470 938 470 2 0.01876400000000000
480 958 480 2 0.01917600000000000
480 958 480 2 0.01920200000000000
480 958 480 2 0.01537200000000000
480 958 480 2 0.01548500000000000
480 958 480 2 0.01923600000000000
480 958 480 2 0.01537300000000000
480 958 480 2 0.01529200000000000
480 958 480 2 0.01923400000000000
480 958 480 2 0.01934700000000000
480 958 480 2 0.01933000000000000
490 978 490 2 0.02026700000000000
490 978 490 2 0.02019300000000000
490 978 490 2 0.02012200000000000
490 978 490 2 0.02019500000000000
490 978 490 2 0.01623500000000000
490 978 490 2 0.01615300000000000
490 978 490 2 0.02024200000000000
490 978 490 2 0.02034200000000000
490 978 490 2 0.02019800000000000
490 978 490 2 0.02040000000000000
500 998 500 2 0.02135000000000000
500 998 500 2 0.02129200000000000
500 998 500 2 0.02136500000000000
500 998 500 2 0.01710800000000000
500 998 500 2 0.01723900000000000
500 998 500 2 0.02133000000000000
500 998 500 2 0.01732000000000000
500 998 500 2 0.02144400000000000
500 998 500 2 0.02148200000000000
525 1048 525 2 0.02023900000000000
500 998 500 2 0.02173600000000000
525 1048 525 2 0.02509200000000000
525 1048 525 2 0.02503700000000000
525 1048 525 2 0.01996900000000000
525 1048 525 2 0.02498300000000000
525 1048 525 2 0.02000700000000000
525 1048 525 2 0.02511300000000000
525 1048 525 2 0.02531500000000000
525 1048 525 2 0.02500700000000000
525 1048 525 2 0.02509600000000000
550 1098 550 2 0.02960700000000000
550 1098 550 2 0.02978400000000000
550 1098 550 2 0.02358000000000000
550 1098 550 2 0.02390700000000000
550 1098 550 2 0.02940000000000000
550 1098 550 2 0.02965700000000000
575 1148 575 2 0.02579000000000000
550 1098 550 2 0.02977700000000000
550 1098 550 2 0.02967300000000000
550 1098 550 2 0.02974700000000000
575 1148 575 2 0.02576900000000000
550 1098 550 2 0.02981200000000000
575 1148 575 2 0.03255800000000000
575 1148 575 2 0.03249900000000000
575 1148 575 2 0.02607500000000000
575 1148 575 2 0.02592000000000000
575 1148 575 2 0.03259500000000000
575 1148 575 2 0.03256900000000000
575 1148 575 2 0.03279700000000000
575 1148 575 2 0.03251800000000000
600 1198 600 2 0.03569500000000000
600 1198 600 2 0.03580500000000000
600 1198 600 2 0.03525200000000000
600 1198 600 2 0.03528800000000000
600 1198 600 2 0.02832800000000000
600 1198 600 2 0.02820400000000000
625 1248 625 2 0.03035600000000000
600 1198 600 2 0.03540800000000000
600 1198 600 2 0.03578200000000000
600 1198 600 2 0.03513200000000000
625 1248 625 2 0.03047500000000000
600 1198 600 2 0.03573700000000000
625 1248 625 2 0.03823200000000000
625 1248 625 2 0.03819400000000000
625 1248 625 2 0.03048600000000000
625 1248 625 2 0.03814000000000000
625 1248 625 2 0.03037400000000000
625 1248 625 2 0.03821700000000000
625 1248 625 2 0.03806400000000000
625 1248 625 2 0.03809100000000000
650 1298 650 2 0.04091200000000000
650 1298 650 2 0.04102800000000000
650 1298 650 2 0.03269100000000000
650 1298 650 2 0.04096000000000000
650 1298 650 2 0.03283800000000000
650 1298 650 2 0.04094800000000000
650 1298 650 2 0.04110300000000000
650 1298 650 2 0.04106300000000000
650 1298 650 2 0.04137700000000000
650 1298 650 2 0.04106400000000000
675 1348 675 2 0.03511600000000000
675 1348 675 2 0.03522600000000000
675 1348 675 2 0.04404900000000000
675 1348 675 2 0.03514000000000000
675 1348 675 2 0.04431200000000000
675 1348 675 2 0.04385400000000000
675 1348 675 2 0.04426500000000000
700 1398 700 2 0.03748900000000000
675 1348 675 2 0.04413000000000000
675 1348 675 2 0.04419400000000000
700 1398 700 2 0.04706100000000000
700 1398 700 2 0.04702600000000000
700 1398 700 2 0.04705900000000000
675 1348 675 2 0.05407000000000000
700 1398 700 2 0.03776400000000000
700 1398 700 2 0.03790200000000000
700 1398 700 2 0.04728200000000000
700 1398 700 2 0.04715400000000000
700 1398 700 2 0.04718500000000000
700 1398 700 2 0.04700700000000000
725 1448 725 2 0.04357500000000000
725 1448 725 2 0.04330800000000000
725 1448 725 2 0.05201500000000000
725 1448 725 2 0.05199700000000000
725 1448 725 2 0.05185100000000000
725 1448 725 2 0.05172200000000000
725 1448 725 2 0.04348100000000000
725 1448 725 2 0.05009800000000000
750 1498 750 2 0.04621500000000000
725 1448 725 2 0.04930900000000000
725 1448 725 2 0.04983500000000000
750 1498 750 2 0.05180500000000000
750 1498 750 2 0.05073200000000000
750 1498 750 2 0.05066300000000000
750 1498 750 2 0.04953600000000000
750 1498 750 2 0.04877200000000000
750 1498 750 2 0.04864800000000000
750 1498 750 2 0.05755000000000000
750 1498 750 2 0.04434200000000000
750 1498 750 2 0.04432700000000000
800 1598 800 2 0.05040000000000000
800 1598 800 2 0.05062800000000000
800 1598 800 2 0.05757800000000000
800 1598 800 2 0.05779900000000000
800 1598 800 2 0.05829400000000000
800 1598 800 2 0.05050000000000000
800 1598 800 2 0.05020500000000000
800 1598 800 2 0.05039000000000000
800 1598 800 2 0.05067000000000000
800 1598 800 2 0.05701700000000000
850 1698 850 2 0.05702100000000000
850 1698 850 2 0.05715100000000000
850 1698 850 2 0.05707400000000000
850 1698 850 2 0.05738100000000000
850 1698 850 2 0.05711300000000000
850 1698 850 2 0.05685500000000000
850 1698 850 2 0.05691800000000000
850 1698 850 2 0.05696900000000000
850 1698 850 2 0.06200200000000000
850 1698 850 2 0.05671600000000000
900 1798 900 2 0.06300100000000000
900 1798 900 2 0.06294500000000000
900 1798 900 2 0.06308100000000000
900 1798 900 2 0.06303200000000000
900 1798 900 2 0.06290700000000000
900 1798 900 2 0.06284099999999999
900 1798 900 2 0.06305100000000000
900 1798 900 2 0.06248600000000000
900 1798 900 2 0.06312400000000000
900 1798 900 2 0.06289699999999999
950 1898 950 2 0.07030699999999999
950 1898 950 2 0.07019499999999999
950 1898 950 2 0.07022900000000000
950 1898 950 2 0.06978400000000000
950 1898 950 2 0.07038500000000000
950 1898 950 2 0.07049000000000000
950 1898 950 2 0.07083200000000001
950 1898 950 2 0.07146200000000000
950 1898 950 2 0.07129400000000000
950 1898 950 2 0.07068500000000000
1000 1998 1000 2 0.07856600000000000
1000 1998 1000 2 0.07856900000000000
1000 1998 1000 2 0.07840500000000000
1000 1998 1000 2 0.07868100000000000
1000 1998 1000 2 0.07934800000000000
1000 1998 1000 2 0.07862500000000000
1000 1998 1000 2 0.07896000000000000
1000 1998 1000 2 0.07849700000000000
1000 1998 1000 2 0.07922200000000000
1000 1998 1000 2 0.07923700000000000
1100 2198 1100 2 0.11014000000000000
1100 2198 1100 2 0.11032699999999999
1100 2198 1100 2 0.10972300000000000
1100 2198 1100 2 0.10960600000000000
1100 2198 1100 2 0.10966600000000000
1100 2198 1100 2 0.10974100000000001
1100 2198 1100 2 0.11016100000000000
1100 2198 1100 2 0.10891099999999999
1100 2198 1100 2 0.11001100000000000
1100 2198 1100 2 0.11337800000000001
1200 2398 1200 2 0.13336100000000001
1200 2398 1200 2 0.13432800000000000
1200 2398 1200 2 0.13339899999999999
1200 2398 1200 2 0.13346900000000000
1200 2398 1200 2 0.13317399999999999
1200 2398 1200 2 0.13333700000000001
1200 2398 1200 2 0.13286300000000001
1200 2398 1200 2 0.13264000000000001
1200 2398 1200 2 0.13367999999999999
1200 2398 1200 2 0.13304299999999999
1300 2598 1300 2 0.15846099999999999
1300 2598 1300 2 0.15542700000000001
1300 2598 1300 2 0.15541600000000000
1300 2598 1300 2 0.15532599999999999
1300 2598 1300 2 0.15370900000000001
1300 2598 1300 2 0.15348300000000001
1300 2598 1300 2 0.15305199999999999
1300 2598 1300 2 0.15389100000000000
1300 2598 1300 2 0.15300100000000000
1300 2598 1300 2 0.15378000000000000
1400 2798 1400 2 0.17883800000000000
1400 2798 1400 2 0.17776400000000001
1400 2798 1400 2 0.17914900000000000
1400 2798 1400 2 0.17634600000000000
1400 2798 1400 2 0.17551600000000001
1400 2798 1400 2 0.17683599999999999
1400 2798 1400 2 0.17645200000000000
1400 2798 1400 2 0.17627599999999999
1400 2798 1400 2 0.17704200000000000
1400 2798 1400 2 0.17664900000000000
1500 2998 1500 2 0.20428700000000000
1500 2998 1500 2 0.20355699999999999
1500 2998 1500 2 0.20371700000000001
1500 2998 1500 2 0.20325099999999999
1500 2998 1500 2 0.20605599999999999
1500 2998 1500 2 0.20947399999999999
1500 2998 1500 2 0.20644299999999999
1500 2998 1500 2 0.20648800000000000
1500 2998 1500 2 0.20635400000000001
1500 2998 1500 2 0.20920100000000000
1600 3198 1600 2 0.23916999999999999
1600 3198 1600 2 0.23878500000000000
1600 3198 1600 2 0.23905899999999999
1600 3198 1600 2 0.23834300000000000
1600 3198 1600 2 0.23769299999999999
1600 3198 1600 2 0.23952699999999999
1600 3198 1600 2 0.23968200000000001
1600 3198 1600 2 0.23942200000000000
1600 3198 1600 2 0.24008099999999999
1600 3198 1600 2 0.24036700000000000
1700 3398 1700 2 0.27429799999999999
1700 3398 1700 2 0.27567300000000000
1700 3398 1700 2 0.27543099999999998
1700 3398 1700 2 0.27492800000000001
1700 3398 1700 2 0.27451700000000001
1700 3398 1700 2 0.27907300000000002
1700 3398 1700 2 0.27508199999999999
1700 3398 1700 2 0.27581099999999997
1700 3398 1700 2 0.27544999999999997
1700 3398 1700 2 0.27643899999999999
1800 3598 1800 2 0.31153999999999998
1800 3598 1800 2 0.31209999999999999
1800 3598 1800 2 0.31200800000000001
1800 3598 1800 2 0.31208700000000000
1800 3598 1800 2 0.31051000000000001
1800 3598 1800 2 0.31230000000000002
1800 3598 1800 2 0.31124400000000002
1800 3598 1800 2 0.31208700000000000
1800 3598 1800 2 0.31122800000000000
1800 3598 1800 2 0.31122600000000000
1900 3798 1900 2 0.35081099999999998
1900 3798 1900 2 0.35160200000000003
1900 3798 1900 2 0.35347000000000001
1900 3798 1900 2 0.35597400000000001
1900 3798 1900 2 0.35524400000000000
1900 3798 1900 2 0.35508299999999998
1900 3798 1900 2 0.35412600000000000
1900 3798 1900 2 0.35474200000000000
1900 3798 1900 2 0.35313000000000000
1900 3798 1900 2 0.35292400000000002
2000 3998 2000 2 0.39624999999999999
2000 3998 2000 2 0.39528900000000000
2000 3998 2000 2 0.40011799999999997
2000 3998 2000 2 0.39851500000000001
2000 3998 2000 2 0.39905099999999999
2000 3998 2000 2 0.39933299999999999
2000 3998 2000 2 0.39833099999999999
2000 3998 2000 2 0.40038099999999999
2000 3998 2000 2 0.40450999999999998
2000 3998 2000 2 0.40623199999999998
2250 4498 2250 2 0.56981899999999996
2250 4498 2250 2 0.57175900000000002
2250 4498 2250 2 0.57119900000000001
2250 4498 2250 2 0.56976899999999997
2250 4498 2250 2 0.57591499999999995
2250 4498 2250 2 0.57549300000000003
2250 4498 2250 2 0.57087800000000000
2250 4498 2250 2 0.57516999999999996
2250 4498 2250 2 0.57387999999999995
2250 4498 2250 2 0.58182699999999998
2500 4998 2500 2 0.71394199999999997
2500 4998 2500 2 0.71692199999999995
2500 4998 2500 2 0.71431699999999998
2500 4998 2500 2 0.71483699999999994
2500 4998 2500 2 0.71783100000000000
2500 4998 2500 2 0.71950300000000000
2500 4998 2500 2 0.71567700000000001
2500 4998 2500 2 0.76557399999999998
2500 4998 2500 2 0.71654499999999999
2500 4998 2500 2 0.71506400000000003
2750 5498 2750 2 0.87104099999999995
2750 5498 2750 2 0.86444399999999999
2750 5498 2750 2 0.87065899999999996
2750 5498 2750 2 0.87036700000000000
2750 5498 2750 2 0.87014100000000005
2750 5498 2750 2 0.87143000000000004
2750 5498 2750 2 0.86603500000000000
2750 5498 2750 2 0.87198699999999996
2750 5498 2750 2 0.85943300000000000
2750 5498 2750 2 0.86800100000000002
3000 5998 3000 2 1.04265800000000008
3000 5998 3000 2 1.04398400000000002
3000 5998 3000 2 1.02918799999999999
3000 5998 3000 2 1.04966000000000004
3000 5998 3000 2 1.03728299999999996
3000 5998 3000 2 1.03757799999999989
3000 5998 3000 2 1.02555700000000005
3000 5998 3000 2 1.04337300000000011
3000 5998 3000 2 1.02811399999999997
3000 5998 3000 2 1.02920799999999990
