Nodos Aristas Frontera |CMF| Segundos
3 3 2 2 0.00001800000000000
4 6 4 4 0.00000200000000000
5 9 6 2 0.00178000000000000
4 6 4 4 0.00000200000000000
3 3 2 2 0.00000300000000000
5 9 6 2 0.00000800000000000
5 9 6 2 0.00002100000000000
4 6 4 4 0.00000200000000000
5 9 6 2 0.00000600000000000
5 9 6 2 0.00000800000000000
3 3 2 2 0.00000100000000000
4 6 4 4 0.00000300000000000
6 12 8 2 0.00000700000000000
6 12 8 2 0.00002800000000000
6 12 8 2 0.00001400000000000
5 9 6 2 0.00000400000000000
4 6 4 4 0.00000500000000000
6 12 8 2 0.00000900000000000
6 12 8 2 0.00000900000000000
3 3 2 2 0.00000200000000000
4 6 4 4 0.00000100000000000
6 12 8 2 0.00000400000000000
3 3 2 2 0.00000300000000000
6 12 8 2 0.00000500000000000
5 9 6 2 0.00000500000000000
3 3 2 2 0.00000200000000000
7 15 10 3 0.00000500000000000
7 15 10 3 0.00000500000000000
7 15 10 2 0.00001000000000000
7 15 10 2 0.00000700000000000
5 9 6 2 0.00000700000000000
6 12 8 2 0.00000400000000000
3 3 2 2 0.00000200000000000
7 15 10 2 0.00000400000000000
6 12 8 2 0.00000600000000000
4 6 4 4 0.00000300000000000
8 18 12 3 0.00000600000000000
7 15 10 3 0.00000700000000000
3 3 2 2 0.00000100000000000
7 15 10 3 0.00001200000000000
7 15 10 3 0.00000500000000000
8 18 12 3 0.00000600000000000
5 9 6 2 0.00089900000000000
9 21 13 3 0.00000600000000000
8 18 12 3 0.00000500000000000
4 6 4 4 0.00000100000000000
9 21 13 3 0.00000500000000000
8 18 10 3 0.00000600000000000
9 21 14 3 0.00000600000000000
8 18 12 3 0.00000700000000000
5 9 6 2 0.00000400000000000
9 21 14 3 0.00000500000000000
9 21 13 3 0.00000900000000000
9 21 13 3 0.00000700000000000
10 24 15 3 0.00001000000000000
10 24 15 3 0.00001400000000000
4 6 4 4 0.00000200000000000
10 24 15 3 0.00000600000000000
10 24 14 3 0.00001200000000000
8 18 12 3 0.00000500000000000
11 27 17 3 0.00000600000000000
10 24 15 3 0.00001600000000000
11 27 16 3 0.00000600000000000
10 24 15 3 0.00000900000000000
8 18 12 3 0.00000700000000000
11 27 15 3 0.00001300000000000
11 27 15 3 0.00000700000000000
9 21 13 3 0.00000700000000000
11 27 16 3 0.00000600000000000
9 21 13 3 0.00001300000000000
9 21 14 3 0.00001100000000000
10 24 15 3 0.00000600000000000
3 3 2 2 0.00000200000000000
11 27 16 3 0.00001800000000000
8 18 12 3 0.00000500000000000
10 24 15 3 0.00000900000000000
11 27 17 3 0.00001300000000000
12 30 13 3 0.00000600000000000
8 18 12 2 0.00000900000000000
3 3 2 2 0.00000200000000000
7 15 10 3 0.00001600000000000
12 30 16 3 0.00000700000000000
13 33 20 4 0.00001200000000000
10 24 14 3 0.00002000000000000
12 30 19 4 0.00001600000000000
12 30 17 3 0.00000800000000000
12 30 17 3 0.00000700000000000
13 33 16 3 0.00000800000000000
13 33 19 3 0.00000700000000000
14 36 21 3 0.00000900000000000
11 27 17 3 0.00000800000000000
13 33 18 3 0.00000900000000000
13 33 19 3 0.00000700000000000
7 15 10 2 0.00000800000000000
13 33 18 3 0.00000700000000000
14 36 20 3 0.00000700000000000
14 36 17 3 0.00001200000000000
12 30 16 3 0.00000700000000000
12 30 18 3 0.00000900000000000
13 33 17 3 0.00000700000000000
12 30 19 3 0.00000700000000000
14 36 23 4 0.00000900000000000
14 36 19 3 0.00000800000000000
14 36 18 3 0.00001200000000000
15 39 22 3 0.00001200000000000
11 27 16 3 0.00000600000000000
15 39 21 3 0.00001800000000000
14 36 20 3 0.00000900000000000
12 30 17 3 0.00000900000000000
15 39 22 4 0.00001700000000000
13 33 20 3 0.00000800000000000
9 21 13 3 0.00000500000000000
16 42 21 4 0.00000900000000000
16 42 24 3 0.00000900000000000
11 27 16 3 0.00000700000000000
14 36 21 3 0.00000800000000000
16 42 20 4 0.00001200000000000
10 24 15 3 0.00001900000000000
16 42 17 3 0.00000800000000000
16 42 20 3 0.00000800000000000
15 39 20 3 0.00001400000000000
15 39 19 3 0.00001800000000000
13 33 20 4 0.00001000000000000
16 42 21 3 0.00001100000000000
15 39 20 3 0.00000800000000000
17 45 22 3 0.00000900000000000
16 42 22 3 0.00001000000000000
8 18 12 3 0.00000600000000000
17 45 24 4 0.00001400000000000
13 33 19 3 0.00000700000000000
17 45 19 3 0.00000800000000000
17 45 21 3 0.00001200000000000
16 42 21 3 0.00000900000000000
18 48 23 3 0.00001600000000000
18 48 25 3 0.00001000000000000
17 45 20 3 0.00000800000000000
18 48 27 4 0.00001200000000000
18 48 28 3 0.00001100000000000
15 39 21 3 0.00001000000000000
17 45 24 3 0.00001100000000000
18 48 24 3 0.00001000000000000
18 48 23 3 0.00001000000000000
19 51 28 3 0.00001000000000000
17 45 25 3 0.00001200000000000
18 48 24 3 0.00000900000000000
17 45 23 4 0.00001300000000000
17 45 27 4 0.00001400000000000
19 51 25 4 0.00002000000000000
18 48 24 3 0.00001000000000000
19 51 24 3 0.00000900000000000
19 51 25 4 0.00002100000000000
15 39 19 3 0.00001400000000000
14 36 21 3 0.00000900000000000
16 42 23 3 0.00000800000000000
19 51 25 3 0.00002000000000000
15 39 22 4 0.00001700000000000
20 54 22 3 0.00001200000000000
16 42 21 3 0.00000900000000000
19 51 24 3 0.00001600000000000
20 54 21 3 0.00001200000000000
17 45 19 3 0.00000900000000000
20 54 31 4 0.00001600000000000
18 48 29 4 0.00001200000000000
21 57 29 3 0.00001200000000000
19 51 22 3 0.00002300000000000
19 51 25 4 0.00001200000000000
21 57 25 3 0.00001000000000000
20 54 28 4 0.00001000000000000
21 57 20 3 0.00001000000000000
21 57 22 3 0.00001500000000000
12 30 17 4 0.00001100000000000
22 60 25 4 0.00001100000000000
20 54 31 4 0.00001500000000000
14 36 21 4 0.00001100000000000
22 60 28 4 0.00001500000000000
20 54 24 3 0.00001700000000000
21 57 25 3 0.00001400000000000
22 60 28 3 0.00001200000000000
21 57 25 3 0.00001500000000000
22 60 34 4 0.00001300000000000
22 60 20 4 0.00001000000000000
20 54 22 3 0.00001900000000000
21 57 27 3 0.00001200000000000
20 54 25 4 0.00002400000000000
22 60 30 4 0.00001200000000000
19 51 23 4 0.00001800000000000
21 57 26 4 0.00001100000000000
23 63 25 4 0.00002400000000000
23 63 32 3 0.00002000000000000
23 63 24 3 0.00002200000000000
21 57 25 3 0.00001400000000000
23 63 32 4 0.00001800000000000
23 63 22 3 0.00002300000000000
24 66 27 4 0.00001200000000000
15 39 20 4 0.00001800000000000
23 63 25 3 0.00001500000000000
24 66 31 3 0.00001200000000000
24 66 30 4 0.00001100000000000
23 63 25 3 0.00001500000000000
23 63 30 4 0.00001600000000000
24 66 25 4 0.00001200000000000
24 66 24 3 0.00001400000000000
24 66 30 4 0.00001400000000000
19 51 24 3 0.00002100000000000
22 60 27 4 0.00001100000000000
25 69 24 3 0.00001300000000000
24 66 33 4 0.00001600000000000
25 69 32 3 0.00001400000000000
23 63 30 4 0.00002500000000000
22 60 28 4 0.00001400000000000
26 72 33 3 0.00001600000000000
21 57 29 4 0.00001900000000000
18 48 22 4 0.00001400000000000
25 69 24 3 0.00001400000000000
20 54 27 4 0.00001500000000000
25 69 25 3 0.00001200000000000
26 72 37 4 0.00001500000000000
24 66 26 3 0.00002000000000000
25 69 27 3 0.00001200000000000
23 63 34 4 0.00002300000000000
26 72 29 3 0.00001900000000000
25 69 32 4 0.00001500000000000
24 66 25 3 0.00001200000000000
25 69 27 4 0.00001100000000000
27 75 32 4 0.00001600000000000
27 75 36 4 0.00001400000000000
26 72 31 4 0.00001700000000000
26 72 33 4 0.00001700000000000
27 75 24 3 0.00001300000000000
27 75 28 3 0.00001500000000000
20 54 27 4 0.00001800000000000
25 69 23 3 0.00001600000000000
26 72 27 4 0.00001200000000000
27 75 24 3 0.00001300000000000
25 69 30 4 0.00001300000000000
27 75 28 3 0.00001200000000000
27 75 29 4 0.00001200000000000
27 75 38 4 0.00002200000000000
26 72 24 3 0.00001400000000000
26 72 22 3 0.00001400000000000
28 78 31 4 0.00001600000000000
24 66 26 3 0.00002400000000000
29 81 34 4 0.00002300000000000
28 78 38 3 0.00002600000000000
6 12 8 2 0.00001800000000000
29 81 37 3 0.00001800000000000
28 78 26 3 0.00001900000000000
27 75 34 4 0.00001600000000000
28 78 31 4 0.00002100000000000
29 81 18 3 0.00001000000000000
28 78 28 3 0.00002300000000000
26 72 28 4 0.00001500000000000
29 81 29 3 0.00001600000000000
29 81 36 4 0.00002700000000000
29 81 34 4 0.00002200000000000
27 75 30 4 0.00001500000000000
30 84 30 3 0.00001400000000000
30 84 25 3 0.00001500000000000
30 84 25 3 0.00001200000000000
29 81 33 3 0.00002100000000000
26 72 35 4 0.00001300000000000
28 78 28 3 0.00002300000000000
31 87 29 4 0.00001500000000000
22 60 29 4 0.00001500000000000
31 87 30 4 0.00001300000000000
29 81 35 3 0.00002500000000000
28 78 25 3 0.00002200000000000
31 87 37 3 0.00001900000000000
28 78 35 3 0.00002800000000000
30 84 32 3 0.00001500000000000
22 60 31 4 0.00001600000000000
30 84 28 3 0.00001700000000000
29 81 32 4 0.00002200000000000
31 87 31 3 0.00001600000000000
30 84 39 4 0.00002500000000000
28 78 27 3 0.00002500000000000
32 90 33 4 0.00001500000000000
30 84 36 3 0.00002700000000000
30 84 31 3 0.00001700000000000
31 87 33 4 0.00001900000000000
32 90 32 4 0.00001500000000000
33 93 31 3 0.00003200000000000
32 90 37 4 0.00002100000000000
31 87 32 3 0.00001600000000000
33 93 35 3 0.00003100000000000
31 87 30 3 0.00001700000000000
32 90 31 4 0.00001900000000000
32 90 27 3 0.00001700000000000
32 90 31 3 0.00001800000000000
33 93 33 4 0.00001900000000000
30 84 27 3 0.00001800000000000
33 93 33 3 0.00002500000000000
31 87 36 4 0.00002200000000000
33 93 41 4 0.00003400000000000
33 93 32 4 0.00001500000000000
33 93 39 4 0.00002100000000000
30 84 29 3 0.00002200000000000
34 96 31 3 0.00001900000000000
34 96 34 3 0.00001500000000000
34 96 33 3 0.00002600000000000
34 96 30 3 0.00002700000000000
34 96 25 3 0.00001600000000000
32 90 31 3 0.00001800000000000
34 96 29 3 0.00002000000000000
34 96 27 3 0.00001300000000000
28 78 29 3 0.00002000000000000
32 90 30 4 0.00001800000000000
34 96 34 4 0.00001700000000000
33 93 31 4 0.00002400000000000
33 93 34 4 0.00002300000000000
29 81 37 4 0.00002300000000000
33 93 28 3 0.00002500000000000
34 96 34 4 0.00001300000000000
36 102 29 3 0.00002000000000000
35 99 40 3 0.00002800000000000
35 99 34 4 0.00002100000000000
35 99 37 4 0.00002400000000000
35 99 31 3 0.00001800000000000
36 102 25 3 0.00002300000000000
35 99 33 3 0.00002400000000000
36 102 42 4 0.00003200000000000
31 87 30 4 0.00001300000000000
35 99 30 3 0.00002000000000000
37 105 31 3 0.00002000000000000
37 105 36 4 0.00003100000000000
35 99 28 3 0.00001600000000000
25 69 22 3 0.00001400000000000
36 102 37 3 0.00001700000000000
37 105 31 4 0.00001900000000000
37 105 34 4 0.00002700000000000
35 99 31 3 0.00001600000000000
31 87 29 3 0.00001500000000000
37 105 32 4 0.00002100000000000
37 105 37 3 0.00002300000000000
34 96 33 4 0.00001500000000000
36 102 26 3 0.00001700000000000
38 108 32 3 0.00002500000000000
37 105 33 4 0.00002300000000000
36 102 37 4 0.00001500000000000
38 108 32 4 0.00001700000000000
38 108 37 4 0.00001900000000000
38 108 30 3 0.00002700000000000
38 108 34 3 0.00002700000000000
39 111 31 4 0.00001900000000000
38 108 36 4 0.00002000000000000
38 108 27 3 0.00002100000000000
38 108 41 4 0.00002400000000000
37 105 28 3 0.00003300000000000
39 111 37 4 0.00002100000000000
35 99 31 3 0.00002100000000000
39 111 38 4 0.00002200000000000
39 111 41 4 0.00001800000000000
35 99 33 3 0.00003100000000000
39 111 32 3 0.00002300000000000
36 102 35 4 0.00001400000000000
38 108 33 3 0.00002800000000000
40 114 28 3 0.00002500000000000
40 114 28 3 0.00002200000000000
39 111 33 3 0.00002000000000000
39 111 31 4 0.00001500000000000
40 114 37 4 0.00002500000000000
40 114 37 3 0.00001700000000000
32 90 31 4 0.00001900000000000
40 114 33 3 0.00002000000000000
39 111 31 4 0.00001500000000000
40 114 41 4 0.00002500000000000
36 102 24 4 0.00001700000000000
41 117 35 3 0.00002500000000000
41 117 38 4 0.00002300000000000
40 114 43 4 0.00002100000000000
37 105 33 3 0.00002200000000000
39 111 39 4 0.00001700000000000
41 117 36 3 0.00002200000000000
41 117 40 3 0.00002400000000000
39 111 40 4 0.00002300000000000
41 117 41 4 0.00002900000000000
41 117 32 3 0.00001900000000000
42 120 32 3 0.00003300000000000
42 120 30 3 0.00002600000000000
41 117 36 4 0.00001800000000000
42 120 40 4 0.00002800000000000
42 120 30 3 0.00002700000000000
42 120 50 4 0.00003800000000000
42 120 39 4 0.00002500000000000
42 120 27 3 0.00002400000000000
42 120 32 3 0.00002600000000000
32 90 35 4 0.00001800000000000
40 114 37 3 0.00002500000000000
42 120 32 4 0.00002600000000000
43 123 36 3 0.00002900000000000
43 123 40 4 0.00002400000000000
40 114 37 4 0.00002100000000000
42 120 40 3 0.00003900000000000
43 123 35 4 0.00002000000000000
43 123 30 3 0.00002600000000000
43 123 24 3 0.00001600000000000
43 123 35 4 0.00002100000000000
43 123 41 4 0.00002400000000000
41 117 29 3 0.00002000000000000
43 123 28 3 0.00002200000000000
44 126 35 4 0.00002100000000000
44 126 34 3 0.00003400000000000
43 123 26 3 0.00001800000000000
44 126 29 3 0.00002400000000000
44 126 34 3 0.00001800000000000
44 126 21 3 0.00001900000000000
45 129 40 3 0.00003200000000000
40 114 31 3 0.00002600000000000
44 126 31 3 0.00002500000000000
36 102 39 3 0.00002400000000000
43 123 46 4 0.00002400000000000
45 129 30 3 0.00001800000000000
45 129 32 3 0.00002200000000000
45 129 28 3 0.00002600000000000
45 129 29 3 0.00002100000000000
44 126 40 3 0.00002400000000000
41 117 42 4 0.00002400000000000
37 105 32 4 0.00002800000000000
36 102 39 3 0.00002800000000000
45 129 32 3 0.00002300000000000
46 132 32 3 0.00002900000000000
45 129 37 3 0.00002900000000000
46 132 42 4 0.00002900000000000
46 132 29 3 0.00002300000000000
46 132 37 3 0.00004000000000000
46 132 35 3 0.00003300000000000
44 126 41 4 0.00003000000000000
45 129 28 3 0.00001800000000000
46 132 39 3 0.00003400000000000
46 132 36 4 0.00003500000000000
47 135 39 4 0.00002700000000000
47 135 45 4 0.00003500000000000
47 135 38 3 0.00002900000000000
47 135 33 4 0.00002600000000000
47 135 32 3 0.00003300000000000
47 135 33 3 0.00006900000000000
47 135 49 4 0.00002800000000000
46 132 39 3 0.00004300000000000
44 126 30 3 0.00002900000000000
48 138 32 3 0.00002900000000000
48 138 42 4 0.00002200000000000
41 117 40 4 0.00002200000000000
48 138 27 3 0.00002400000000000
48 138 29 3 0.00001900000000000
38 108 28 4 0.00003200000000000
48 138 43 3 0.00003300000000000
45 129 35 3 0.00002700000000000
46 132 42 4 0.00003500000000000
48 138 38 4 0.00002900000000000
49 141 28 3 0.00002100000000000
46 132 39 4 0.00003300000000000
47 135 39 4 0.00003800000000000
49 141 43 3 0.00003900000000000
49 141 41 4 0.00002400000000000
48 138 32 3 0.00003100000000000
49 141 36 3 0.00003600000000000
49 141 32 3 0.00002400000000000
50 144 38 3 0.00004600000000000
48 138 33 4 0.00002400000000000
49 141 44 4 0.00002400000000000
49 141 33 4 0.00002000000000000
50 144 40 4 0.00003600000000000
47 135 43 4 0.00003700000000000
50 144 33 3 0.00003900000000000
50 144 43 4 0.00003200000000000
50 144 40 3 0.00003500000000000
48 138 39 3 0.00002600000000000
50 144 39 3 0.00005900000000000
49 141 47 3 0.00003600000000000
45 129 34 4 0.00002200000000000
49 141 37 3 0.00003300000000000
48 138 35 3 0.00002800000000000
50 144 47 3 0.00005400000000000
49 141 43 3 0.00002800000000000
44 126 37 3 0.00002900000000000
55 159 43 4 0.00002900000000000
55 159 34 3 0.00003400000000000
55 159 36 3 0.00003600000000000
55 159 39 3 0.00003900000000000
60 174 37 3 0.00003400000000000
55 159 38 3 0.00005100000000000
55 159 45 4 0.00003300000000000
60 174 45 4 0.00004600000000000
50 144 32 3 0.00003800000000000
55 159 36 3 0.00002800000000000
50 144 33 4 0.00002800000000000
60 174 52 3 0.00005100000000000
55 159 40 4 0.00005100000000000
47 135 24 3 0.00003200000000000
60 174 39 3 0.00003300000000000
65 189 38 3 0.00004500000000000
65 189 42 3 0.00005500000000000
60 174 38 3 0.00003900000000000
65 189 44 3 0.00005200000000000
65 189 34 3 0.00005400000000000
65 189 45 3 0.00004300000000000
70 204 37 3 0.00004300000000000
60 174 43 4 0.00003600000000000
50 144 50 4 0.00004400000000000
65 189 33 3 0.00003800000000000
65 189 32 3 0.00003200000000000
65 189 42 3 0.00004200000000000
60 174 34 3 0.00005100000000000
70 204 38 3 0.00004800000000000
75 219 42 4 0.00003200000000000
70 204 45 4 0.00003700000000000
65 189 58 4 0.00007100000000000
55 159 32 3 0.00003700000000000
70 204 53 3 0.00006100000000000
70 204 43 4 0.00004100000000000
65 189 40 3 0.00005200000000000
60 174 33 4 0.00003700000000000
60 174 43 3 0.00005200000000000
75 219 44 3 0.00005900000000000
70 204 45 4 0.00005500000000000
70 204 41 4 0.00004700000000000
75 219 49 4 0.00004800000000000
70 204 43 3 0.00003200000000000
75 219 38 4 0.00002800000000000
60 174 42 3 0.00005600000000000
75 219 53 4 0.00004400000000000
75 219 36 3 0.00004200000000000
75 219 42 3 0.00003000000000000
80 234 39 3 0.00004700000000000
75 219 33 3 0.00002400000000000
70 204 50 4 0.00005700000000000
70 204 40 3 0.00004800000000000
80 234 43 3 0.00004900000000000
75 219 37 4 0.00002600000000000
80 234 41 4 0.00003900000000000
80 234 34 4 0.00004400000000000
75 219 48 3 0.00005300000000000
85 249 33 3 0.00003900000000000
80 234 49 4 0.00005600000000000
55 159 46 4 0.00004000000000000
80 234 34 3 0.00004000000000000
85 249 51 4 0.00003800000000000
85 249 43 3 0.00003700000000000
85 249 41 3 0.00004300000000000
90 264 55 4 0.00004800000000000
85 249 42 4 0.00005800000000000
90 264 34 3 0.00003700000000000
85 249 34 3 0.00002500000000000
90 264 33 3 0.00003800000000000
90 264 42 3 0.00005300000000000
80 234 39 3 0.00005300000000000
80 234 54 4 0.00006200000000000
90 264 53 4 0.00005600000000000
85 249 52 4 0.00004900000000000
85 249 42 3 0.00003900000000000
80 234 42 4 0.00004400000000000
80 234 36 3 0.00004800000000000
90 264 38 3 0.00007500000000000
90 264 43 3 0.00004300000000000
85 249 47 4 0.00003400000000000
85 249 49 3 0.00005500000000000
95 279 34 2 0.00007300000000000
90 264 41 3 0.00004900000000000
95 279 40 3 0.00006800000000000
90 264 42 3 0.00007600000000000
95 279 42 3 0.00007600000000000
95 279 33 3 0.00005200000000000
95 279 48 3 0.00007800000000000
95 279 42 3 0.00007000000000000
100 294 36 3 0.00004700000000000
95 279 46 3 0.00005200000000000
90 264 44 3 0.00007900000000000
95 279 35 3 0.00006100000000000
100 294 49 3 0.00007300000000000
100 294 48 4 0.00006600000000000
100 294 42 3 0.00006700000000000
100 294 35 3 0.00003300000000000
110 324 45 3 0.00008400000000000
100 294 40 3 0.00005400000000000
100 294 51 4 0.00009000000000000
100 294 46 4 0.00005700000000000
100 294 55 4 0.00007900000000000
110 324 43 4 0.00005900000000000
100 294 49 3 0.00009500000000000
110 324 54 4 0.00006500000000000
110 324 47 4 0.00004600000000000
110 324 50 3 0.00005800000000000
95 279 43 4 0.00006000000000000
110 324 39 3 0.00008100000000000
95 279 32 3 0.00005800000000000
110 324 51 3 0.00007900000000000
110 324 61 4 0.00007800000000000
120 354 40 4 0.00008500000000000
110 324 58 3 0.00011900000000000
110 324 40 3 0.00014200000000000
120 354 45 3 0.00014400000000000
120 354 44 3 0.00015200000000000
120 354 47 3 0.00015800000000000
120 354 45 3 0.00018900000000000
120 354 50 3 0.00009900000000000
120 354 40 3 0.00010900000000000
4 6 4 4 0.00000100000000000
120 354 35 3 0.00007300000000000
130 384 38 3 0.00004700000000000
130 384 48 4 0.00005400000000000
130 384 53 4 0.00005400000000000
120 354 37 3 0.00021900000000000
130 384 46 4 0.00006300000000000
130 384 66 3 0.00006800000000000
130 384 39 3 0.00004800000000000
130 384 59 3 0.00008500000000000
130 384 52 3 0.00007400000000000
120 354 45 3 0.00007200000000000
130 384 39 3 0.00008100000000000
140 414 58 4 0.00009100000000000
130 384 45 3 0.00010800000000000
140 414 58 3 0.00015200000000000
140 414 39 3 0.00020500000000000
140 414 51 3 0.00022500000000000
140 414 40 3 0.00022800000000000
140 414 61 3 0.00028800000000000
150 444 46 3 0.00042000000000000
140 414 38 3 0.00027000000000000
140 414 51 3 0.00032000000000000
140 414 41 3 0.00033900000000000
150 444 62 4 0.00069400000000000
150 444 41 3 0.00058200000000000
150 444 58 4 0.00062300000000000
150 444 60 3 0.00067900000000000
150 444 56 4 0.00061000000000000
150 444 42 3 0.00060400000000000
150 444 34 3 0.00045600000000000
150 444 52 3 0.00066400000000000
150 444 49 3 0.00051100000000000
160 474 44 3 0.00052200000000000
160 474 38 3 0.00034100000000000
160 474 35 3 0.00058900000000000
140 414 44 3 0.00033600000000000
160 474 46 4 0.00057100000000000
160 474 63 3 0.00067500000000000
160 474 57 4 0.00061000000000000
160 474 51 3 0.00062200000000000
160 474 51 3 0.00068700000000000
170 504 65 4 0.00012900000000000
160 474 29 3 0.00054000000000000
160 474 38 3 0.00056600000000000
170 504 63 4 0.00013600000000000
170 504 41 3 0.00008400000000000
170 504 65 3 0.00008900000000000
170 504 39 3 0.00006900000000000
170 504 51 3 0.00009300000000000
180 534 44 3 0.00031600000000000
170 504 46 4 0.00007800000000000
170 504 65 4 0.00010600000000000
170 504 56 3 0.00015000000000000
170 504 53 3 0.00017100000000000
180 534 40 3 0.00064400000000000
180 534 50 4 0.00062200000000000
180 534 35 3 0.00057200000000000
180 534 49 3 0.00069400000000000
200 594 62 4 0.00041800000000000
180 534 50 4 0.00061000000000000
180 534 51 4 0.00065600000000000
180 534 45 4 0.00055800000000000
180 534 53 3 0.00058800000000000
190 564 52 4 0.00052300000000000
200 594 59 3 0.00013700000000000
190 564 52 4 0.00055900000000000
190 564 51 3 0.00066000000000000
190 564 48 4 0.00058400000000000
190 564 51 3 0.00058100000000000
190 564 61 3 0.00071500000000000
190 564 51 3 0.00066000000000000
190 564 46 3 0.00064700000000000
190 564 60 3 0.00069800000000000
190 564 53 3 0.00059700000000000
180 534 53 3 0.00065000000000000
200 594 46 3 0.00058000000000000
225 669 53 4 0.00035400000000000
200 594 46 3 0.00056900000000000
200 594 53 3 0.00065900000000000
200 594 48 3 0.00059000000000000
200 594 53 4 0.00060100000000000
200 594 45 3 0.00067800000000000
200 594 47 4 0.00061900000000000
200 594 42 3 0.00064000000000000
250 744 51 3 0.00066500000000000
225 669 80 3 0.00085300000000000
225 669 63 4 0.00059100000000000
225 669 53 3 0.00062100000000000
225 669 40 3 0.00061000000000000
225 669 54 3 0.00060200000000000
225 669 57 4 0.00057900000000000
225 669 46 4 0.00053800000000000
275 819 48 3 0.00033800000000000
225 669 45 3 0.00067000000000000
225 669 44 3 0.00065900000000000
250 744 64 3 0.00076500000000000
300 894 65 3 0.00058000000000000
250 744 64 3 0.00072400000000000
250 744 58 3 0.00059800000000000
250 744 55 3 0.00074200000000000
250 744 57 3 0.00063700000000000
250 744 67 4 0.00060300000000000
250 744 53 4 0.00063300000000000
300 894 76 3 0.00030500000000000
250 744 46 3 0.00059200000000000
250 744 59 4 0.00066900000000000
325 969 64 3 0.00077100000000000
275 819 67 3 0.00074900000000000
275 819 41 3 0.00062800000000000
275 819 46 3 0.00060200000000000
275 819 55 4 0.00060600000000000
275 819 46 3 0.00055100000000000
275 819 58 3 0.00076500000000000
275 819 59 3 0.00067800000000000
275 819 71 4 0.00057800000000000
275 819 56 3 0.00057900000000000
325 969 70 3 0.00032200000000000
350 1044 55 3 0.00068000000000000
300 894 68 4 0.00123400000000000
300 894 45 3 0.00109800000000000
300 894 62 4 0.00112000000000000
300 894 51 3 0.00106700000000000
350 1044 62 3 0.00011900000000000
300 894 46 3 0.00119800000000000
300 894 67 3 0.00114900000000000
300 894 68 4 0.00112500000000000
300 894 63 3 0.00125300000000000
375 1119 49 3 0.00069500000000000
375 1119 52 3 0.00019200000000000
375 1119 77 4 0.00019400000000000
325 969 59 3 0.00110000000000000
325 969 40 3 0.00109100000000000
325 969 69 4 0.00112300000000000
325 969 41 3 0.00107000000000000
325 969 49 3 0.00109200000000000
325 969 49 3 0.00123000000000000
325 969 55 3 0.00112900000000000
325 969 51 3 0.00125300000000000
400 1194 63 3 0.00047200000000000
400 1194 63 3 0.00012600000000000
350 1044 47 3 0.00108800000000000
350 1044 56 3 0.00116900000000000
350 1044 73 3 0.00124600000000000
350 1044 54 3 0.00118700000000000
350 1044 54 4 0.00116700000000000
350 1044 56 3 0.00124100000000000
350 1044 51 3 0.00116200000000000
350 1044 52 3 0.00114400000000000
425 1269 40 3 0.00059800000000000
425 1269 64 3 0.00026500000000000
375 1119 54 3 0.00067000000000000
375 1119 82 3 0.00083000000000000
375 1119 47 3 0.00073100000000000
375 1119 47 3 0.00069800000000000
375 1119 45 3 0.00063900000000000
375 1119 60 3 0.00073700000000000
375 1119 71 4 0.00057300000000000
450 1344 63 4 0.00337200000000000
450 1344 57 3 0.00023300000000000
400 1194 74 4 0.00131000000000000
400 1194 54 3 0.00140900000000000
450 1344 53 3 0.00022100000000000
400 1194 76 3 0.00158700000000000
400 1194 62 3 0.00154700000000000
400 1194 55 3 0.00126400000000000
400 1194 54 3 0.00122100000000000
400 1194 57 3 0.00155000000000000
400 1194 40 3 0.00104800000000000
475 1419 56 4 0.00082300000000000
425 1269 63 3 0.00135500000000000
425 1269 59 3 0.00145700000000000
425 1269 57 4 0.00131500000000000
475 1419 58 3 0.00031200000000000
425 1269 58 3 0.00134700000000000
425 1269 52 3 0.00121500000000000
425 1269 65 3 0.00140500000000000
425 1269 70 3 0.00130800000000000
425 1269 58 3 0.00124800000000000
500 1494 52 3 0.00106000000000000
500 1494 48 3 0.00033800000000000
450 1344 52 3 0.00120400000000000
450 1344 60 3 0.00131400000000000
450 1344 65 3 0.00116300000000000
450 1344 62 3 0.00117200000000000
450 1344 48 3 0.00119000000000000
450 1344 46 3 0.00114200000000000
450 1344 58 4 0.00124200000000000
475 1419 57 3 0.00193900000000000
475 1419 45 3 0.00184700000000000
550 1644 81 3 0.00096900000000000
475 1419 49 3 0.00171800000000000
475 1419 65 3 0.00166500000000000
475 1419 61 3 0.00182000000000000
475 1419 61 3 0.00211800000000000
475 1419 67 3 0.00177700000000000
475 1419 59 3 0.00165700000000000
500 1494 49 3 0.00113400000000000
500 1494 52 3 0.00131300000000000
500 1494 77 4 0.00130800000000000
500 1494 54 4 0.00117000000000000
500 1494 79 4 0.00122800000000000
500 1494 56 4 0.00110700000000000
500 1494 83 4 0.00141800000000000
500 1494 84 3 0.00142000000000000
600 1794 62 4 0.00096600000000000
650 1944 53 3 0.00121100000000000
550 1644 54 3 0.00134500000000000
550 1644 57 3 0.00141300000000000
550 1644 58 3 0.00130000000000000
550 1644 76 3 0.00129500000000000
550 1644 50 3 0.00137600000000000
550 1644 69 3 0.00146300000000000
550 1644 79 4 0.00122400000000000
550 1644 61 4 0.00103600000000000
550 1644 66 3 0.00160200000000000
650 1944 49 3 0.00038900000000000
700 2094 55 3 0.00131800000000000
700 2094 60 4 0.00030900000000000
600 1794 56 4 0.00114900000000000
600 1794 64 3 0.00143100000000000
600 1794 68 3 0.00146600000000000
600 1794 59 3 0.00136200000000000
600 1794 69 3 0.00144900000000000
600 1794 50 3 0.00123900000000000
700 2094 75 4 0.00024700000000000
600 1794 53 3 0.00151900000000000
600 1794 59 3 0.00124100000000000
600 1794 60 3 0.00124200000000000
750 2244 55 4 0.00141100000000000
650 1944 45 3 0.00123700000000000
650 1944 55 3 0.00127000000000000
650 1944 67 3 0.00140900000000000
650 1944 55 3 0.00115100000000000
650 1944 69 3 0.00152000000000000
650 1944 60 3 0.00110600000000000
650 1944 82 3 0.00176900000000000
650 1944 70 3 0.00134500000000000
750 2244 62 3 0.00076800000000000
800 2394 57 3 0.00121400000000000
700 2094 51 3 0.00188500000000000
700 2094 76 4 0.00196700000000000
700 2094 66 3 0.00214600000000000
700 2094 48 3 0.00207000000000000
700 2094 74 3 0.00219600000000000
700 2094 54 3 0.00163500000000000
800 2394 67 3 0.00059700000000000
700 2094 68 3 0.00221900000000000
850 2544 75 3 0.00166600000000000
750 2244 59 3 0.00189200000000000
850 2544 64 3 0.00025100000000000
750 2244 54 3 0.00186400000000000
750 2244 51 4 0.00186300000000000
750 2244 55 4 0.00182600000000000
750 2244 79 4 0.00217000000000000
750 2244 87 3 0.00268800000000000
750 2244 102 3 0.00245200000000000
750 2244 79 3 0.00217200000000000
900 2694 69 3 0.00164300000000000
900 2694 66 3 0.00062000000000000
800 2394 63 3 0.00237800000000000
800 2394 86 3 0.00249700000000000
800 2394 78 3 0.00250400000000000
800 2394 77 4 0.00233000000000000
800 2394 94 4 0.00237900000000000
800 2394 55 3 0.00235700000000000
800 2394 73 3 0.00244400000000000
800 2394 74 3 0.00238500000000000
900 2694 81 3 0.00046300000000000
950 2844 50 3 0.00157800000000000
850 2544 63 3 0.00174800000000000
850 2544 55 3 0.00198600000000000
850 2544 67 3 0.00183700000000000
950 2844 75 3 0.00079100000000000
850 2544 52 3 0.00159100000000000
850 2544 70 3 0.00201000000000000
850 2544 60 3 0.00163200000000000
850 2544 69 3 0.00168900000000000
850 2544 51 3 0.00181600000000000
1000 2994 58 3 0.00200800000000000
900 2694 62 3 0.00331000000000000
900 2694 62 3 0.00330800000000000
1000 2994 68 3 0.00047300000000000
900 2694 65 3 0.00380100000000000
900 2694 78 4 0.00382400000000000
900 2694 62 3 0.00357700000000000
900 2694 54 3 0.00229200000000000
900 2694 62 3 0.00348700000000000
950 2844 78 3 0.00324400000000000
950 2844 70 4 0.00269100000000000
950 2844 59 3 0.00263300000000000
950 2844 55 3 0.00264500000000000
950 2844 74 4 0.00227400000000000
950 2844 67 3 0.00278100000000000
950 2844 52 3 0.00269400000000000
950 2844 68 3 0.00320300000000000
1100 3294 55 4 0.00142800000000000
1000 2994 66 3 0.00260100000000000
1000 2994 54 4 0.00228100000000000
1000 2994 71 4 0.00245000000000000
1000 2994 64 3 0.00210400000000000
1000 2994 70 3 0.00269100000000000
1000 2994 73 3 0.00289600000000000
1000 2994 61 3 0.00298000000000000
1000 2994 81 3 0.00319000000000000
1200 3594 71 3 0.00198300000000000
1300 3894 69 3 0.00197000000000000
1100 3294 56 3 0.00219200000000000
1100 3294 70 3 0.00225900000000000
1100 3294 75 4 0.00220300000000000
1100 3294 66 3 0.00250400000000000
1100 3294 71 3 0.00215900000000000
1300 3894 51 3 0.00051800000000000
1100 3294 62 3 0.00221700000000000
1100 3294 81 3 0.00252200000000000
1100 3294 66 3 0.00216900000000000
1100 3294 57 3 0.00229000000000000
1400 4194 65 3 0.00184700000000000
1200 3594 70 3 0.00256700000000000
1200 3594 79 3 0.00251700000000000
1200 3594 63 3 0.00209400000000000
1200 3594 56 4 0.00194400000000000
1200 3594 93 4 0.00255600000000000
1200 3594 73 3 0.00273200000000000
1400 4194 82 4 0.00076400000000000
1500 4494 65 3 0.00199400000000000
1500 4494 93 3 0.00156500000000000
1500 4494 73 4 0.00055800000000000
1500 4494 65 3 0.00047800000000000
1500 4494 62 3 0.00101100000000000
1200 3594 70 3 0.00282400000000000
1200 3594 62 4 0.00193700000000000
1500 4494 86 3 0.00148400000000000
1200 3594 85 3 0.00293900000000000
1300 3894 60 4 0.00240500000000000
1300 3894 75 3 0.00292900000000000
1600 4794 64 3 0.00259400000000000
1300 3894 75 3 0.00242300000000000
1300 3894 72 4 0.00240000000000000
1600 4794 76 4 0.00084100000000000
1300 3894 63 3 0.00339400000000000
1300 3894 87 3 0.00275200000000000
1600 4794 78 3 0.00138500000000000
1300 3894 67 4 0.00250000000000000
1400 4194 78 3 0.00238700000000000
1700 5094 61 3 0.00157200000000000
1400 4194 79 3 0.00273600000000000
1400 4194 66 3 0.00283400000000000
1400 4194 47 3 0.00209400000000000
1400 4194 93 3 0.00417100000000000
1700 5094 65 3 0.00068800000000000
1300 3894 61 3 0.00282700000000000
1400 4194 72 4 0.00451500000000000
1800 5394 61 4 0.00173900000000000
1800 5394 82 3 0.00176400000000000
1800 5394 70 4 0.00065200000000000
1800 5394 104 4 0.00176600000000000
1400 4194 70 3 0.00256100000000000
1800 5394 61 3 0.00124800000000000
1400 4194 67 3 0.00303700000000000
1800 5394 78 3 0.00110500000000000
1500 4494 47 3 0.00208900000000000
1500 4494 79 3 0.00332300000000000
1500 4494 80 3 0.00356400000000000
1500 4494 61 3 0.00305300000000000
1900 5694 86 3 0.00268500000000000
1900 5694 52 3 0.00065900000000000
1900 5694 81 3 0.00201100000000000
1900 5694 77 3 0.00179600000000000
1900 5694 61 3 0.00045200000000000
1900 5694 62 3 0.00086800000000000
1600 4794 60 3 0.00324700000000000
1600 4794 73 3 0.00346600000000000
1600 4794 71 3 0.00339800000000000
1600 4794 61 4 0.00320200000000000
2000 5994 76 4 0.00190900000000000
1600 4794 70 3 0.00398500000000000
2000 5994 79 3 0.00211400000000000
1600 4794 70 3 0.00366200000000000
1600 4794 88 3 0.00438800000000000
2000 5994 58 3 0.00095800000000000
1700 5094 64 3 0.00280400000000000
1700 5094 60 3 0.00242900000000000
1700 5094 94 3 0.00458900000000000
1700 5094 56 3 0.00212300000000000
1700 5094 75 3 0.00339400000000000
1700 5094 90 4 0.00317700000000000
1700 5094 75 3 0.00322200000000000
1700 5094 71 3 0.00437000000000000
2250 6744 59 3 0.00247300000000000
2250 6744 74 3 0.00194100000000000
1800 5394 56 2 0.00467400000000000
1800 5394 82 3 0.00418400000000000
2500 7494 83 3 0.00258900000000000
1800 5394 61 3 0.00328400000000000
2500 7494 80 4 0.00155600000000000
1800 5394 72 3 0.00386500000000000
2500 7494 76 3 0.00395400000000000
2500 7494 77 3 0.00335000000000000
1900 5694 99 3 0.00421700000000000
1900 5694 59 3 0.00274300000000000
2500 7494 64 3 0.00146600000000000
1900 5694 67 3 0.00332100000000000
1900 5694 76 3 0.00450100000000000
2750 8244 78 3 0.00440500000000000
2000 5994 72 3 0.00272200000000000
2750 8244 68 3 0.00197300000000000
2000 5994 69 3 0.00313000000000000
2000 5994 65 3 0.00298800000000000
2000 5994 71 3 0.00449900000000000
2000 5994 63 3 0.00418900000000000
2750 8244 69 3 0.00210700000000000
2000 5994 59 3 0.00340500000000000
2000 5994 91 3 0.00456900000000000
3000 8994 69 3 0.00306400000000000
3000 8994 67 3 0.00217300000000000
2250 6744 92 4 0.00317100000000000
3000 8994 80 4 0.00129500000000000
2250 6744 57 3 0.00306300000000000
2250 6744 64 3 0.00340500000000000
2250 6744 68 3 0.00413500000000000
3000 8994 77 3 0.00240200000000000
2250 6744 72 3 0.00304700000000000
2250 6744 50 3 0.00350300000000000
2250 6744 73 3 0.00478500000000000
2250 6744 78 3 0.00439700000000000
2500 7494 89 3 0.00486700000000000
2500 7494 72 3 0.00413300000000000
2500 7494 73 3 0.00409200000000000
2500 7494 84 4 0.00351800000000000
2500 7494 71 3 0.00424500000000000
2750 8244 64 3 0.00412300000000000
2750 8244 72 3 0.00402000000000000
2750 8244 104 3 0.00574200000000000
2750 8244 66 3 0.00273700000000000
2750 8244 87 3 0.00360200000000000
2750 8244 72 3 0.00332700000000000
2750 8244 104 3 0.00503900000000000
3000 8994 96 3 0.00361500000000000
3000 8994 89 3 0.00253700000000000
3000 8994 70 3 0.00341700000000000
3000 8994 71 3 0.00257600000000000
3000 8994 83 3 0.00194200000000000
3000 8994 87 3 0.00435700000000000
