Nodos Aristas Frontera |CMF| Segundos
4 6 4 2 0.00001100000000000
3 3 2 1 0.00000100000000000
5 9 6 2 0.00054500000000000
5 9 6 2 0.00002200000000000
5 9 6 2 0.00000700000000000
3 3 2 1 0.00000100000000000
5 9 6 2 0.00000700000000000
4 6 4 2 0.00000300000000000
5 9 6 2 0.00000800000000000
4 6 4 2 0.00000100000000000
5 9 6 2 0.00003500000000000
5 9 6 2 0.00002800000000000
4 6 4 2 0.00000600000000000
4 6 4 2 0.00000100000000000
3 3 2 1 0.00000200000000000
6 12 8 3 0.00001800000000000
3 3 2 1 0.00000100000000000
6 12 8 2 0.00001600000000000
6 12 8 2 0.00000800000000000
3 3 2 1 0.00000100000000000
5 9 6 2 0.00001200000000000
5 9 6 2 0.00001400000000000
4 6 4 2 0.00000100000000000
7 15 10 2 0.00001300000000000
7 15 10 3 0.00001100000000000
7 15 10 3 0.00001300000000000
6 12 8 2 0.00001700000000000
7 15 10 2 0.00001300000000000
6 12 8 2 0.00001600000000000
7 15 10 3 0.00001300000000000
3 3 2 1 0.00000200000000000
6 12 8 3 0.00001300000000000
6 12 8 2 0.00002200000000000
7 15 10 3 0.00001100000000000
5 9 6 2 0.00001700000000000
8 18 12 3 0.00001000000000000
6 12 8 2 0.00001600000000000
4 6 4 2 0.00000100000000000
8 18 12 3 0.00001100000000000
9 21 13 3 0.00002000000000000
8 18 12 3 0.00001300000000000
4 6 4 2 0.00000300000000000
3 3 2 1 0.00000100000000000
9 21 14 3 0.00001500000000000
9 21 13 3 0.00002200000000000
7 15 10 3 0.00001300000000000
9 21 14 3 0.00002000000000000
6 12 8 2 0.00001400000000000
9 21 13 3 0.00001600000000000
9 21 13 3 0.00002900000000000
3 3 2 1 0.00000200000000000
8 18 12 3 0.00001300000000000
9 21 14 3 0.00001600000000000
8 18 12 3 0.00001400000000000
9 21 13 3 0.00001500000000000
8 18 12 3 0.00001200000000000
10 24 15 3 0.00002300000000000
8 18 12 3 0.00001500000000000
10 24 15 3 0.00002000000000000
10 24 14 3 0.00003200000000000
11 27 15 3 0.00002000000000000
3 3 2 1 0.00000300000000000
10 24 15 3 0.00002800000000000
11 27 16 3 0.00002100000000000
6 12 8 3 0.00001100000000000
8 18 10 3 0.00001000000000000
3 3 2 1 0.00000100000000000
4 6 4 2 0.00000300000000000
11 27 16 4 0.00003900000000000
8 18 12 3 0.00001200000000000
10 24 14 3 0.00003100000000000
11 27 17 3 0.00002600000000000
12 30 16 3 0.00003100000000000
12 30 13 3 0.00002800000000000
7 15 10 3 0.00001400000000000
12 30 18 3 0.00002400000000000
10 24 15 3 0.00003100000000000
9 21 13 3 0.00001900000000000
12 30 17 3 0.00002700000000000
12 30 19 4 0.00002400000000000
12 30 19 3 0.00003100000000000
11 27 16 3 0.00002000000000000
13 33 20 4 0.00003500000000000
11 27 17 3 0.00002600000000000
7 15 10 2 0.00001200000000000
11 27 16 3 0.00002800000000000
9 21 13 3 0.00001900000000000
13 33 19 3 0.00002800000000000
10 24 15 3 0.00003500000000000
13 33 20 3 0.00003000000000000
10 24 15 3 0.00003200000000000
13 33 17 3 0.00003400000000000
11 27 16 3 0.00002000000000000
13 33 18 3 0.00003100000000000
10 24 15 3 0.00002500000000000
14 36 20 3 0.00004500000000000
14 36 21 3 0.00003600000000000
14 36 21 4 0.00003700000000000
13 33 19 3 0.00003800000000000
13 33 20 4 0.00003200000000000
14 36 18 3 0.00003600000000000
12 30 17 3 0.00003100000000000
12 30 16 3 0.00003000000000000
14 36 21 3 0.00003900000000000
15 39 19 3 0.00004400000000000
14 36 23 4 0.00003500000000000
13 33 19 3 0.00003400000000000
11 27 15 3 0.00003900000000000
15 39 22 4 0.00004800000000000
15 39 20 4 0.00004000000000000
14 36 19 3 0.00003500000000000
15 39 22 4 0.00004600000000000
14 36 15 3 0.00002600000000000
15 39 19 3 0.00004700000000000
12 30 17 4 0.00002800000000000
15 39 22 3 0.00005200000000000
15 39 21 3 0.00004400000000000
13 33 18 3 0.00003500000000000
16 42 17 3 0.00002900000000000
11 27 17 3 0.00003600000000000
8 18 12 3 0.00001900000000000
16 42 24 3 0.00003200000000000
16 42 21 3 0.00004200000000000
15 39 20 3 0.00004100000000000
15 39 21 3 0.00004900000000000
14 36 21 3 0.00003600000000000
16 42 20 3 0.00003900000000000
17 45 21 3 0.00005100000000000
17 45 22 3 0.00004100000000000
16 42 21 3 0.00004100000000000
17 45 24 3 0.00004300000000000
17 45 23 4 0.00005200000000000
7 15 10 3 0.00001300000000000
4 6 4 2 0.00000100000000000
16 42 21 3 0.00004100000000000
18 48 23 3 0.00004200000000000
17 45 24 4 0.00004900000000000
16 42 21 4 0.00003900000000000
16 42 22 3 0.00004200000000000
17 45 27 4 0.00004500000000000
15 39 20 3 0.00005500000000000
13 33 16 3 0.00002600000000000
18 48 22 4 0.00005300000000000
16 42 20 4 0.00004000000000000
18 48 23 3 0.00006100000000000
18 48 23 3 0.00004400000000000
18 48 27 4 0.00005800000000000
18 48 24 3 0.00005700000000000
18 48 29 4 0.00005600000000000
19 51 25 4 0.00006000000000000
18 48 28 3 0.00004500000000000
19 51 24 3 0.00006400000000000
19 51 24 3 0.00005600000000000
18 48 25 3 0.00005400000000000
17 45 19 3 0.00003900000000000
17 45 20 3 0.00004900000000000
19 51 25 4 0.00006700000000000
20 54 22 3 0.00005000000000000
14 36 20 3 0.00004700000000000
19 51 25 3 0.00004900000000000
20 54 25 4 0.00007800000000000
19 51 22 3 0.00005200000000000
20 54 27 4 0.00007500000000000
19 51 25 4 0.00006400000000000
21 57 21 4 0.00005100000000000
17 45 19 3 0.00005000000000000
21 57 25 3 0.00006300000000000
16 42 23 3 0.00004000000000000
21 57 25 3 0.00007000000000000
19 51 23 4 0.00006400000000000
20 54 27 4 0.00005300000000000
20 54 31 4 0.00006900000000000
21 57 25 3 0.00005900000000000
20 54 31 4 0.00006900000000000
22 60 28 3 0.00006600000000000
21 57 25 3 0.00007200000000000
21 57 22 3 0.00005200000000000
19 51 28 3 0.00007600000000000
22 60 25 4 0.00007600000000000
18 48 24 3 0.00004500000000000
20 54 21 4 0.00005700000000000
12 30 17 3 0.00003200000000000
22 60 28 4 0.00007500000000000
21 57 26 4 0.00007600000000000
20 54 22 3 0.00006500000000000
22 60 31 4 0.00008800000000000
23 63 22 3 0.00006500000000000
20 54 25 4 0.00006800000000000
22 60 20 4 0.00005700000000000
22 60 29 4 0.00007500000000000
22 60 28 4 0.00007900000000000
23 63 32 3 0.00006400000000000
20 54 28 4 0.00006600000000000
23 63 34 4 0.00006800000000000
23 63 32 4 0.00008500000000000
22 60 34 4 0.00006900000000000
24 66 30 4 0.00006700000000000
17 45 25 4 0.00005700000000000
21 57 27 3 0.00007900000000000
23 63 25 3 0.00008000000000000
24 66 19 4 0.00007000000000000
24 66 27 4 0.00007200000000000
24 66 25 3 0.00008900000000000
23 63 24 3 0.00006400000000000
23 63 25 3 0.00008200000000000
23 63 30 4 0.00008100000000000
24 66 33 4 0.00007500000000000
24 66 30 4 0.00009700000000000
25 69 27 3 0.00007200000000000
25 69 26 4 0.00008800000000000
24 66 25 4 0.00006400000000000
23 63 25 4 0.00007400000000000
24 66 31 3 0.00007100000000000
24 66 26 3 0.00008400000000000
25 69 23 3 0.00006700000000000
25 69 24 3 0.00007800000000000
26 72 33 3 0.00008700000000000
26 72 29 3 0.00007300000000000
21 57 29 3 0.00007100000000000
25 69 27 4 0.00009000000000000
25 69 23 3 0.00006600000000000
24 66 26 4 0.00008000000000000
26 72 22 3 0.00006800000000000
26 72 31 4 0.00009600000000000
26 72 24 3 0.00007300000000000
25 69 32 3 0.00009900000000000
26 72 35 4 0.00008400000000000
22 60 30 4 0.00007600000000000
27 75 32 4 0.00008300000000000
25 69 24 3 0.00008400000000000
22 60 27 4 0.00007100000000000
25 69 30 4 0.00008800000000000
27 75 36 4 0.00008500000000000
19 51 24 3 0.00007300000000000
27 75 30 4 0.00009800000000000
28 78 26 4 0.00008500000000000
27 75 31 4 0.00009600000000000
27 75 38 4 0.00008600000000000
27 75 24 3 0.00007200000000000
28 78 24 3 0.00010300000000000
26 72 33 4 0.00009600000000000
26 72 37 4 0.00010200000000000
25 69 32 4 0.00008900000000000
21 57 29 4 0.00006800000000000
28 78 28 3 0.00008600000000000
28 78 27 3 0.00011100000000000
28 78 31 4 0.00009900000000000
27 75 34 4 0.00010900000000000
28 78 38 3 0.00009300000000000
28 78 29 4 0.00011100000000000
29 81 22 3 0.00007900000000000
27 75 26 4 0.00007300000000000
28 78 26 3 0.00011500000000000
29 81 35 3 0.00011900000000000
29 81 34 4 0.00011200000000000
29 81 32 4 0.00008700000000000
27 75 29 4 0.00010300000000000
30 84 29 4 0.00009100000000000
29 81 36 4 0.00012300000000000
29 81 37 3 0.00012100000000000
29 81 29 3 0.00010600000000000
29 81 32 4 0.00010600000000000
30 84 25 3 0.00008600000000000
28 78 25 3 0.00009800000000000
29 81 18 3 0.00009800000000000
30 84 27 3 0.00008700000000000
30 84 26 4 0.00011200000000000
30 84 32 3 0.00009900000000000
23 63 30 4 0.00008100000000000
31 87 32 3 0.00010100000000000
30 84 30 4 0.00011700000000000
31 87 31 3 0.00009700000000000
27 75 28 3 0.00009700000000000
30 84 31 4 0.00009000000000000
31 87 30 4 0.00012600000000000
31 87 29 4 0.00011700000000000
30 84 31 3 0.00009400000000000
31 87 30 3 0.00010500000000000
32 90 21 3 0.00009500000000000
32 90 37 4 0.00009200000000000
26 72 27 4 0.00009000000000000
31 87 33 4 0.00012500000000000
32 90 33 4 0.00009300000000000
32 90 30 4 0.00010700000000000
32 90 31 3 0.00009000000000000
32 90 32 4 0.00009000000000000
30 84 39 4 0.00011500000000000
32 90 31 4 0.00010400000000000
30 84 36 3 0.00012500000000000
33 93 28 3 0.00010400000000000
33 93 31 3 0.00011700000000000
31 87 37 3 0.00013900000000000
33 93 41 4 0.00012000000000000
10 24 15 3 0.00002900000000000
32 90 31 4 0.00011100000000000
33 93 35 3 0.00014400000000000
33 93 34 4 0.00012000000000000
33 93 32 4 0.00013300000000000
33 93 33 4 0.00013400000000000
33 93 33 3 0.00012900000000000
31 87 30 4 0.00012100000000000
33 93 31 4 0.00010700000000000
32 90 24 3 0.00011000000000000
34 96 37 4 0.00012500000000000
31 87 36 4 0.00012500000000000
34 96 31 3 0.00011200000000000
31 87 29 3 0.00011800000000000
34 96 34 4 0.00014000000000000
34 96 33 4 0.00015600000000000
33 93 39 4 0.00012500000000000
34 96 30 3 0.00012600000000000
34 96 28 3 0.00014000000000000
34 96 33 3 0.00011500000000000
35 99 40 3 0.00016800000000000
29 81 33 3 0.00011600000000000
34 96 34 4 0.00014000000000000
34 96 29 3 0.00013900000000000
35 99 33 3 0.00014200000000000
35 99 37 4 0.00012000000000000
35 99 31 3 0.00014400000000000
35 99 33 3 0.00012100000000000
35 99 31 3 0.00012200000000000
35 99 30 4 0.00015100000000000
35 99 31 3 0.00015100000000000
35 99 31 4 0.00014300000000000
36 102 28 3 0.00012400000000000
26 72 28 4 0.00009700000000000
36 102 42 4 0.00015500000000000
36 102 39 3 0.00015500000000000
35 99 30 3 0.00011800000000000
34 96 28 4 0.00013500000000000
36 102 25 3 0.00013700000000000
37 105 36 4 0.00013900000000000
36 102 27 3 0.00017700000000000
37 105 28 3 0.00015300000000000
37 105 31 3 0.00015900000000000
28 78 29 3 0.00011700000000000
37 105 32 4 0.00012500000000000
36 102 21 3 0.00013000000000000
36 102 29 3 0.00014000000000000
37 105 31 4 0.00011300000000000
36 102 37 4 0.00017300000000000
32 90 35 4 0.00012000000000000
37 105 31 4 0.00012500000000000
37 105 33 3 0.00018700000000000
38 108 32 3 0.00017300000000000
37 105 32 4 0.00016100000000000
37 105 37 3 0.00016600000000000
38 108 36 4 0.00013600000000000
38 108 29 4 0.00015600000000000
38 108 27 3 0.00014700000000000
38 108 34 3 0.00016600000000000
38 108 32 4 0.00012700000000000
38 108 37 4 0.00017700000000000
37 105 34 4 0.00016100000000000
38 108 28 3 0.00014600000000000
39 111 31 3 0.00012700000000000
38 108 30 3 0.00014700000000000
39 111 41 4 0.00015300000000000
39 111 37 4 0.00016600000000000
38 108 41 4 0.00018600000000000
39 111 31 3 0.00016700000000000
39 111 40 4 0.00014300000000000
39 111 37 4 0.00017300000000000
36 102 40 4 0.00017500000000000
39 111 39 4 0.00013800000000000
40 114 28 3 0.00016100000000000
40 114 43 4 0.00014900000000000
36 102 37 3 0.00016200000000000
40 114 31 3 0.00013500000000000
40 114 37 3 0.00017100000000000
40 114 28 3 0.00016100000000000
40 114 33 3 0.00017400000000000
39 111 38 4 0.00016000000000000
40 114 41 4 0.00018700000000000
41 117 35 3 0.00015100000000000
40 114 41 4 0.00020400000000000
40 114 37 4 0.00017300000000000
41 117 40 4 0.00015300000000000
39 111 33 4 0.00017400000000000
41 117 29 3 0.00014000000000000
39 111 34 4 0.00016700000000000
41 117 32 3 0.00015300000000000
41 117 29 4 0.00016200000000000
41 117 34 3 0.00018000000000000
41 117 36 4 0.00019500000000000
40 114 37 4 0.00017800000000000
42 120 32 3 0.00019100000000000
42 120 32 4 0.00018800000000000
42 120 33 4 0.00017500000000000
42 120 30 3 0.00019700000000000
42 120 29 4 0.00018300000000000
42 120 33 4 0.00015400000000000
42 120 40 3 0.00015100000000000
41 117 40 3 0.00020200000000000
42 120 50 4 0.00020500000000000
43 123 29 4 0.00018900000000000
42 120 40 4 0.00015800000000000
41 117 42 4 0.00019500000000000
43 123 35 4 0.00017200000000000
43 123 27 4 0.00014900000000000
43 123 28 4 0.00017500000000000
43 123 46 4 0.00017200000000000
43 123 24 3 0.00017500000000000
43 123 40 4 0.00020200000000000
41 117 25 3 0.00015900000000000
43 123 30 3 0.00020500000000000
44 126 29 4 0.00014000000000000
42 120 32 3 0.00019700000000000
44 126 32 3 0.00016100000000000
44 126 39 4 0.00020900000000000
44 126 35 4 0.00018700000000000
45 129 35 4 0.00015500000000000
44 126 20 3 0.00016200000000000
43 123 41 4 0.00021000000000000
44 126 40 3 0.00022700000000000
45 129 32 3 0.00015200000000000
44 126 24 3 0.00016800000000000
45 129 40 4 0.00017800000000000
45 129 36 4 0.00019700000000000
45 129 28 3 0.00016000000000000
44 126 29 3 0.00018600000000000
43 123 29 3 0.00018100000000000
44 126 22 4 0.00017600000000000
45 129 28 4 0.00018600000000000
45 129 37 3 0.00022200000000000
46 132 39 3 0.00017800000000000
46 132 39 4 0.00018200000000000
44 126 41 4 0.00020400000000000
45 129 32 4 0.00019600000000000
45 129 36 3 0.00021600000000000
46 132 42 4 0.00017300000000000
45 129 29 4 0.00018300000000000
46 132 42 4 0.00022400000000000
46 132 37 3 0.00022000000000000
47 135 45 4 0.00019000000000000
46 132 29 3 0.00019800000000000
46 132 34 4 0.00021100000000000
47 135 47 4 0.00019300000000000
46 132 39 3 0.00022900000000000
46 132 36 4 0.00024000000000000
46 132 35 3 0.00021400000000000
47 135 29 4 0.00019900000000000
47 135 33 4 0.00017200000000000
48 138 34 4 0.00017600000000000
48 138 32 3 0.00019200000000000
47 135 29 4 0.00021400000000000
47 135 32 3 0.00021100000000000
47 135 49 4 0.00023700000000000
48 138 25 3 0.00018300000000000
48 138 25 3 0.00020800000000000
47 135 33 4 0.00023500000000000
48 138 39 3 0.00019200000000000
47 135 39 4 0.00021300000000000
48 138 42 4 0.00023000000000000
47 135 38 3 0.00021900000000000
48 138 43 3 0.00023300000000000
49 141 36 3 0.00019200000000000
48 138 33 4 0.00018200000000000
48 138 33 4 0.00021000000000000
49 141 28 3 0.00021000000000000
48 138 35 3 0.00023700000000000
49 141 49 4 0.00024400000000000
49 141 33 4 0.00022100000000000
49 141 37 3 0.00022100000000000
49 141 47 3 0.00028500000000000
49 141 32 3 0.00017900000000000
49 141 36 4 0.00023900000000000
49 141 43 4 0.00020900000000000
49 141 41 4 0.00020600000000000
50 144 40 4 0.00019900000000000
50 144 38 3 0.00025800000000000
50 144 43 4 0.00026900000000000
50 144 32 3 0.00023700000000000
50 144 47 3 0.00027200000000000
50 144 40 4 0.00023600000000000
50 144 27 3 0.00022000000000000
55 159 40 4 0.00023700000000000
50 144 39 3 0.00025400000000000
55 159 43 4 0.00021900000000000
50 144 40 3 0.00025500000000000
55 159 46 4 0.00028300000000000
50 144 39 3 0.00029800000000000
55 159 28 4 0.00023600000000000
55 159 45 4 0.00028600000000000
55 159 39 3 0.00028100000000000
60 174 36 3 0.00022600000000000
60 174 36 3 0.00025100000000000
55 159 38 3 0.00029600000000000
55 159 32 3 0.00025600000000000
60 174 29 3 0.00028600000000000
55 159 38 3 0.00028600000000000
60 174 43 3 0.00026500000000000
60 174 45 4 0.00024600000000000
55 159 44 4 0.00029600000000000
60 174 52 3 0.00034500000000000
60 174 43 4 0.00032800000000000
65 189 34 3 0.00025800000000000
65 189 44 3 0.00030000000000000
60 174 43 4 0.00031900000000000
60 174 39 3 0.00034100000000000
60 174 38 3 0.00031700000000000
65 189 38 3 0.00035000000000000
65 189 42 3 0.00033800000000000
65 189 40 3 0.00034700000000000
70 204 38 4 0.00030100000000000
70 204 37 3 0.00030600000000000
65 189 34 3 0.00032700000000000
65 189 34 4 0.00034300000000000
65 189 42 3 0.00034600000000000
65 189 58 4 0.00036000000000000
65 189 45 3 0.00037100000000000
70 204 40 3 0.00039200000000000
70 204 43 4 0.00032500000000000
70 204 45 4 0.00031000000000000
70 204 46 4 0.00041700000000000
70 204 53 3 0.00038700000000000
75 219 28 3 0.00028700000000000
70 204 45 4 0.00038200000000000
75 219 44 3 0.00032300000000000
70 204 41 4 0.00037900000000000
70 204 50 4 0.00043800000000000
75 219 42 4 0.00043300000000000
75 219 30 3 0.00035600000000000
75 219 48 3 0.00043600000000000
75 219 34 4 0.00040200000000000
75 219 38 3 0.00030900000000000
75 219 49 4 0.00042900000000000
75 219 53 4 0.00043900000000000
80 234 54 4 0.00037600000000000
75 219 42 3 0.00041200000000000
80 234 25 3 0.00034800000000000
80 234 38 4 0.00032800000000000
80 234 34 4 0.00040700000000000
80 234 43 3 0.00035700000000000
80 234 36 3 0.00041800000000000
80 234 39 3 0.00042300000000000
80 234 49 4 0.00046200000000000
80 234 39 3 0.00047200000000000
80 234 42 4 0.00046200000000000
85 249 49 3 0.00042300000000000
85 249 35 3 0.00044400000000000
85 249 42 4 0.00046600000000000
85 249 51 4 0.00047800000000000
85 249 38 4 0.00047800000000000
85 249 41 3 0.00052600000000000
85 249 35 4 0.00043900000000000
85 249 32 3 0.00046700000000000
85 249 46 3 0.00049900000000000
90 264 40 4 0.00043900000000000
90 264 55 4 0.00047800000000000
90 264 20 4 0.00040200000000000
85 249 47 4 0.00054400000000000
90 264 42 3 0.00053300000000000
90 264 37 3 0.00051100000000000
90 264 53 4 0.00045500000000000
90 264 43 4 0.00041400000000000
90 264 39 4 0.00045900000000000
95 279 31 3 0.00039800000000000
95 279 42 4 0.00050400000000000
90 264 42 4 0.00053800000000000
90 264 44 4 0.00058000000000000
95 279 43 4 0.00046800000000000
95 279 46 3 0.00058800000000000
95 279 33 3 0.00053800000000000
95 279 42 3 0.00061500000000000
95 279 40 3 0.00057100000000000
95 279 48 3 0.00068000000000000
95 279 39 4 0.00055700000000000
95 279 43 4 0.00057500000000000
100 294 48 4 0.00048500000000000
100 294 51 4 0.00060800000000000
100 294 55 4 0.00055300000000000
100 294 37 3 0.00060100000000000
100 294 49 3 0.00063800000000000
100 294 34 3 0.00056200000000000
100 294 27 3 0.00050300000000000
100 294 40 3 0.00049200000000000
110 324 47 4 0.00052900000000000
110 324 36 3 0.00055400000000000
100 294 49 3 0.00059200000000000
100 294 46 4 0.00065300000000000
110 324 45 4 0.00069500000000000
110 324 58 3 0.00063400000000000
110 324 39 3 0.00066700000000000
110 324 51 3 0.00076300000000000
110 324 54 4 0.00069500000000000
110 324 61 4 0.00072700000000000
110 324 45 3 0.00071900000000000
120 354 23 3 0.00065600000000000
120 354 39 3 0.00060900000000000
110 324 49 3 0.00074700000000000
120 354 39 3 0.00057700000000000
120 354 46 4 0.00082200000000000
120 354 45 3 0.00081500000000000
120 354 37 3 0.00071900000000000
120 354 49 4 0.00078300000000000
120 354 47 3 0.00085000000000000
120 354 34 3 0.00066400000000000
130 384 39 3 0.00061400000000000
120 354 39 3 0.00077900000000000
130 384 46 4 0.00068300000000000
130 384 45 4 0.00067300000000000
130 384 37 3 0.00077100000000000
130 384 52 3 0.00075700000000000
130 384 55 4 0.00095300000000000
130 384 53 4 0.00094000000000000
140 414 35 3 0.00067000000000000
130 384 66 3 0.00106800000000000
130 384 45 3 0.00085600000000000
130 384 41 3 0.00084000000000000
140 414 51 3 0.00088200000000000
140 414 43 4 0.00094900000000000
140 414 61 3 0.00107500000000000
140 414 34 3 0.00090000000000000
140 414 51 3 0.00103600000000000
140 414 58 4 0.00106700000000000
140 414 58 3 0.00110200000000000
140 414 44 3 0.00103800000000000
140 414 48 4 0.00108700000000000
150 444 37 3 0.00119700000000000
150 444 60 3 0.00127000000000000
150 444 53 4 0.00104000000000000
150 444 62 4 0.00123400000000000
150 444 46 3 0.00110700000000000
150 444 39 3 0.00104800000000000
150 444 29 3 0.00116100000000000
150 444 43 4 0.00109100000000000
150 444 58 4 0.00151300000000000
150 444 42 3 0.00146200000000000
160 474 34 3 0.00129200000000000
160 474 63 3 0.00152500000000000
160 474 44 3 0.00159500000000000
160 474 39 3 0.00155900000000000
160 474 43 4 0.00159700000000000
160 474 37 3 0.00163300000000000
160 474 35 4 0.00156200000000000
160 474 57 4 0.00167900000000000
160 474 46 4 0.00170700000000000
170 504 68 3 0.00146800000000000
160 474 52 4 0.00189700000000000
170 504 55 4 0.00103200000000000
170 504 32 3 0.00108900000000000
170 504 56 3 0.00109700000000000
170 504 46 4 0.00129400000000000
170 504 65 4 0.00127800000000000
170 504 37 3 0.00125200000000000
170 504 50 3 0.00137800000000000
170 504 63 4 0.00159900000000000
170 504 53 3 0.00138500000000000
180 534 46 3 0.00125800000000000
180 534 49 4 0.00133600000000000
180 534 50 4 0.00165400000000000
180 534 44 3 0.00157800000000000
180 534 53 3 0.00184200000000000
190 564 60 3 0.00138000000000000
180 534 56 4 0.00154300000000000
180 534 54 4 0.00184300000000000
180 534 49 3 0.00179400000000000
180 534 51 4 0.00185000000000000
180 534 45 3 0.00191100000000000
190 564 60 4 0.00165000000000000
190 564 36 3 0.00175800000000000
190 564 51 3 0.00179000000000000
190 564 43 3 0.00193700000000000
190 564 41 3 0.00179900000000000
200 594 49 3 0.00147200000000000
190 564 46 3 0.00190300000000000
190 564 40 3 0.00175700000000000
190 564 61 3 0.00217600000000000
200 594 43 4 0.00149300000000000
190 564 55 3 0.00198300000000000
200 594 51 4 0.00157700000000000
200 594 37 3 0.00168900000000000
200 594 46 3 0.00191700000000000
200 594 53 3 0.00201500000000000
200 594 40 3 0.00180800000000000
200 594 40 3 0.00183300000000000
200 594 62 4 0.00203300000000000
200 594 53 4 0.00191100000000000
225 669 64 4 0.00212200000000000
225 669 33 3 0.00220400000000000
225 669 53 4 0.00202000000000000
250 744 47 3 0.00215200000000000
225 669 41 3 0.00212300000000000
225 669 46 3 0.00225400000000000
225 669 53 3 0.00197900000000000
225 669 40 3 0.00212200000000000
225 669 80 3 0.00275400000000000
225 669 44 3 0.00215100000000000
225 669 54 3 0.00244200000000000
250 744 36 3 0.00174600000000000
250 744 53 4 0.00210800000000000
275 819 46 4 0.00212700000000000
250 744 41 3 0.00221100000000000
250 744 51 3 0.00262500000000000
250 744 67 4 0.00281800000000000
250 744 49 3 0.00257400000000000
250 744 55 3 0.00284500000000000
250 744 64 3 0.00292800000000000
250 744 66 4 0.00281900000000000
275 819 56 3 0.00259900000000000
275 819 42 3 0.00275700000000000
275 819 49 4 0.00269600000000000
275 819 31 3 0.00240400000000000
275 819 58 3 0.00298000000000000
275 819 59 3 0.00307800000000000
275 819 57 3 0.00293000000000000
300 894 60 4 0.00270300000000000
275 819 50 3 0.00285500000000000
275 819 52 4 0.00295500000000000
300 894 47 3 0.00275900000000000
300 894 68 4 0.00288100000000000
300 894 62 4 0.00310000000000000
300 894 51 4 0.00344100000000000
300 894 39 3 0.00318600000000000
300 894 65 3 0.00376400000000000
300 894 67 3 0.00394400000000000
300 894 63 3 0.00378100000000000
300 894 51 3 0.00366200000000000
350 1044 45 4 0.00300200000000000
325 969 55 3 0.00337100000000000
325 969 44 4 0.00345400000000000
325 969 46 4 0.00368700000000000
325 969 51 3 0.00382800000000000
325 969 56 4 0.00395400000000000
325 969 48 3 0.00367600000000000
325 969 59 3 0.00412400000000000
325 969 69 4 0.00454600000000000
325 969 64 3 0.00430700000000000
325 969 70 3 0.00437200000000000
350 1044 36 3 0.00277800000000000
350 1044 56 3 0.00336300000000000
375 1119 49 3 0.00328800000000000
350 1044 48 3 0.00311600000000000
350 1044 73 3 0.00375600000000000
350 1044 48 3 0.00397300000000000
350 1044 64 3 0.00380700000000000
350 1044 52 3 0.00363000000000000
350 1044 40 3 0.00351300000000000
350 1044 74 4 0.00439300000000000
375 1119 61 3 0.00358500000000000
375 1119 49 4 0.00389500000000000
400 1194 48 4 0.00320800000000000
375 1119 54 3 0.00431200000000000
375 1119 82 3 0.00471800000000000
375 1119 54 4 0.00397700000000000
375 1119 56 3 0.00423700000000000
375 1119 55 4 0.00411600000000000
400 1194 55 3 0.00394400000000000
375 1119 71 4 0.00514300000000000
400 1194 42 3 0.00334800000000000
375 1119 77 4 0.00496300000000000
400 1194 57 3 0.00381200000000000
400 1194 63 3 0.00415800000000000
400 1194 49 3 0.00453700000000000
400 1194 62 3 0.00448800000000000
400 1194 48 3 0.00478600000000000
400 1194 74 4 0.00518000000000000
400 1194 83 4 0.00541700000000000
425 1269 70 3 0.00422800000000000
425 1269 36 3 0.00410200000000000
425 1269 44 3 0.00365200000000000
425 1269 59 3 0.00496200000000000
425 1269 44 4 0.00451100000000000
425 1269 63 3 0.00527700000000000
425 1269 61 4 0.00517800000000000
425 1269 65 3 0.00528700000000000
425 1269 58 3 0.00515000000000000
425 1269 64 3 0.00506300000000000
450 1344 56 3 0.00469600000000000
450 1344 51 3 0.00455500000000000
450 1344 58 4 0.00454500000000000
450 1344 63 4 0.00577600000000000
450 1344 60 3 0.00567600000000000
475 1419 49 3 0.00400100000000000
450 1344 57 3 0.00455000000000000
450 1344 57 3 0.00548900000000000
450 1344 66 4 0.00646600000000000
450 1344 61 3 0.00574100000000000
450 1344 49 3 0.00523300000000000
475 1419 34 3 0.00501100000000000
475 1419 61 3 0.00499600000000000
475 1419 47 3 0.00541100000000000
475 1419 51 4 0.00500600000000000
475 1419 39 3 0.00466100000000000
475 1419 57 3 0.00588000000000000
475 1419 47 3 0.00570000000000000
475 1419 56 4 0.00610500000000000
500 1494 45 3 0.00407300000000000
475 1419 63 4 0.00611000000000000
500 1494 57 3 0.00419700000000000
500 1494 52 3 0.00560000000000000
500 1494 75 4 0.00491800000000000
500 1494 79 4 0.00567100000000000
500 1494 41 4 0.00541800000000000
500 1494 43 3 0.00553000000000000
500 1494 77 4 0.00682100000000000
500 1494 49 3 0.00546800000000000
500 1494 88 4 0.00700200000000000
550 1644 87 4 0.00682200000000000
550 1644 65 4 0.00676400000000000
550 1644 65 3 0.00584200000000000
550 1644 50 3 0.00634300000000000
550 1644 35 3 0.00541800000000000
550 1644 58 3 0.00733800000000000
600 1794 57 3 0.00586400000000000
550 1644 69 3 0.00772300000000000
550 1644 52 3 0.00687400000000000
550 1644 53 3 0.00689300000000000
550 1644 82 4 0.00913200000000000
600 1794 59 3 0.00621200000000000
600 1794 51 3 0.00557400000000000
600 1794 60 3 0.00613000000000000
600 1794 36 3 0.00647700000000000
600 1794 40 3 0.00644400000000000
600 1794 62 4 0.00796600000000000
600 1794 69 3 0.00771600000000000
600 1794 52 3 0.00711100000000000
600 1794 62 4 0.00787200000000000
650 1944 43 3 0.00508000000000000
700 2094 68 4 0.00725000000000000
650 1944 48 4 0.00801400000000000
650 1944 59 4 0.00758300000000000
650 1944 59 3 0.00814600000000000
650 1944 53 4 0.00651100000000000
650 1944 60 3 0.00834700000000000
650 1944 53 3 0.00772000000000000
650 1944 60 3 0.00844900000000000
650 1944 69 3 0.00862800000000000
650 1944 67 3 0.00963700000000000
700 2094 50 4 0.00614100000000000
700 2094 68 3 0.00785900000000000
700 2094 52 3 0.00839300000000000
700 2094 48 3 0.00731400000000000
750 2244 63 3 0.00804600000000000
700 2094 59 3 0.00901500000000000
700 2094 57 4 0.00781100000000000
700 2094 66 3 0.00979700000000000
700 2094 68 3 0.01000000000000000
700 2094 66 3 0.00954000000000000
750 2244 52 3 0.00754500000000000
750 2244 43 3 0.00830700000000000
750 2244 44 3 0.00902100000000000
750 2244 65 3 0.01007300000000000
750 2244 64 4 0.00821500000000000
800 2394 37 3 0.00650100000000000
750 2244 49 3 0.01026100000000000
750 2244 65 3 0.01032300000000000
750 2244 87 3 0.01086000000000000
750 2244 79 3 0.01013500000000000
800 2394 60 3 0.00822200000000000
800 2394 69 4 0.01121200000000000
800 2394 62 3 0.00969900000000000
800 2394 73 3 0.01032000000000000
800 2394 78 3 0.01153400000000000
800 2394 86 3 0.01288300000000000
800 2394 77 4 0.01151300000000000
800 2394 77 4 0.01210200000000000
800 2394 94 4 0.01279300000000000
900 2694 69 3 0.01017600000000000
850 2544 82 3 0.01053500000000000
850 2544 38 3 0.00870000000000000
850 2544 48 3 0.01052500000000000
850 2544 45 3 0.00943400000000000
850 2544 65 3 0.00941900000000000
850 2544 80 4 0.01227200000000000
850 2544 61 3 0.01061400000000000
850 2544 59 3 0.01084600000000000
850 2544 67 3 0.01181000000000000
850 2544 59 3 0.01073400000000000
900 2694 62 3 0.00994500000000000
900 2694 47 3 0.01068000000000000
900 2694 68 3 0.00954700000000000
900 2694 66 3 0.00981300000000000
900 2694 62 3 0.01275500000000000
900 2694 66 4 0.01256900000000000
900 2694 54 3 0.01212400000000000
950 2844 67 3 0.00948400000000000
900 2694 66 3 0.01276800000000000
900 2694 81 3 0.01353500000000000
950 2844 62 3 0.01072000000000000
950 2844 41 3 0.01077700000000000
950 2844 78 3 0.01424100000000000
950 2844 58 3 0.01315500000000000
950 2844 63 3 0.01285300000000000
950 2844 67 3 0.01310600000000000
950 2844 50 3 0.01186400000000000
950 2844 75 3 0.01194400000000000
950 2844 74 4 0.01370200000000000
1000 2994 64 3 0.01250400000000000
1000 2994 71 4 0.01039400000000000
1000 2994 60 4 0.01384900000000000
1000 2994 55 3 0.01436500000000000
1100 3294 54 4 0.01151400000000000
1000 2994 61 3 0.01399400000000000
1000 2994 80 4 0.01471200000000000
1000 2994 94 4 0.01283300000000000
1000 2994 70 3 0.01539200000000000
1000 2994 54 4 0.01368200000000000
1000 2994 68 3 0.01530500000000000
1100 3294 43 3 0.01230400000000000
1100 3294 80 4 0.01366600000000000
1100 3294 67 3 0.01612000000000000
1100 3294 61 3 0.01500200000000000
1100 3294 63 4 0.01352100000000000
1100 3294 71 3 0.01726700000000000
1200 3594 65 4 0.01292600000000000
1100 3294 66 3 0.01570900000000000
1100 3294 76 3 0.01616200000000000
1100 3294 72 3 0.01656200000000000
1200 3594 62 3 0.01486900000000000
1200 3594 52 3 0.01586400000000000
1200 3594 68 3 0.01572800000000000
1200 3594 79 3 0.01867100000000000
1400 4194 57 4 0.01521600000000000
1200 3594 73 3 0.01423500000000000
1200 3594 68 3 0.01355600000000000
1200 3594 70 3 0.01733800000000000
1200 3594 72 4 0.01723500000000000
1200 3594 59 3 0.01698700000000000
1300 3894 63 3 0.01473300000000000
1300 3894 48 4 0.01579300000000000
1400 4194 73 3 0.01528900000000000
1300 3894 67 4 0.01637100000000000
1300 3894 75 3 0.02013500000000000
1300 3894 77 3 0.02085800000000000
1300 3894 53 3 0.01305100000000000
1300 3894 69 3 0.01970800000000000
1300 3894 75 3 0.01876300000000000
1300 3894 62 3 0.01519500000000000
1300 3894 76 3 0.01924700000000000
1500 4494 72 3 0.01977600000000000
1400 4194 46 3 0.01415200000000000
1400 4194 50 3 0.01660100000000000
1400 4194 65 3 0.01972000000000000
1400 4194 61 3 0.01892300000000000
1400 4194 59 3 0.01947400000000000
1400 4194 39 3 0.01639500000000000
1400 4194 68 3 0.02219800000000000
1400 4194 82 4 0.02200400000000000
1600 4794 76 4 0.01953000000000000
1500 4494 65 4 0.01824300000000000
1500 4494 80 3 0.02031600000000000
1500 4494 93 3 0.02053300000000000
1700 5094 69 3 0.01854500000000000
1500 4494 73 4 0.01917400000000000
1500 4494 40 3 0.01679800000000000
1500 4494 72 3 0.02202600000000000
1500 4494 65 3 0.01998800000000000
1500 4494 79 3 0.02246200000000000
1500 4494 86 3 0.02008200000000000
1600 4794 66 3 0.01888600000000000
1600 4794 73 3 0.01965100000000000
1700 5094 69 3 0.01946300000000000
1600 4794 69 3 0.01930600000000000
1600 4794 56 3 0.02294700000000000
1600 4794 79 3 0.02750300000000000
1600 4794 57 3 0.02258300000000000
1600 4794 53 3 0.01920200000000000
1600 4794 70 3 0.02044900000000000
1800 5394 83 3 0.02448400000000000
1600 4794 88 3 0.02742000000000000
1700 5094 72 3 0.01838800000000000
1700 5094 69 3 0.02498700000000000
1700 5094 69 3 0.02786900000000000
1700 5094 55 3 0.02278100000000000
1700 5094 94 3 0.02799300000000000
1700 5094 75 3 0.02121700000000000
1700 5094 71 3 0.01903600000000000
1900 5694 61 3 0.02181700000000000
1700 5094 81 3 0.02380700000000000
1800 5394 65 4 0.02216800000000000
1800 5394 51 3 0.01858300000000000
1800 5394 57 3 0.02260400000000000
1800 5394 104 4 0.02591700000000000
1800 5394 82 3 0.02691100000000000
1800 5394 66 4 0.02851600000000000
1800 5394 72 3 0.01963500000000000
1800 5394 82 3 0.02952600000000000
2000 5994 79 3 0.02464600000000000
1800 5394 87 3 0.03048200000000000
1900 5694 89 4 0.03217500000000000
1900 5694 55 3 0.02582000000000000
1900 5694 65 4 0.02267200000000000
1900 5694 77 3 0.02374200000000000
1900 5694 99 3 0.03808900000000000
1900 5694 77 3 0.02266800000000000
2250 6744 71 4 0.02703000000000000
1900 5694 67 3 0.02749300000000000
1900 5694 62 3 0.02449600000000000
1900 5694 67 3 0.03056700000000000
2000 5994 67 3 0.02260000000000000
2000 5994 51 3 0.02560600000000000
2000 5994 72 3 0.03202300000000000
2000 5994 64 3 0.02595800000000000
2000 5994 69 3 0.02320100000000000
2500 7494 63 3 0.03114100000000000
2000 5994 67 3 0.02315900000000000
2000 5994 61 4 0.02183900000000000
2000 5994 55 4 0.02074100000000000
2000 5994 75 4 0.02332200000000000
2250 6744 64 3 0.02907700000000000
2250 6744 65 3 0.02991300000000000
2250 6744 52 3 0.02642800000000000
2250 6744 92 4 0.03627900000000000
2250 6744 62 3 0.03302900000000000
2750 8244 72 3 0.04280000000000000
2250 6744 61 4 0.02629600000000000
2250 6744 72 3 0.03147000000000000
2250 6744 57 3 0.02800700000000000
2250 6744 56 3 0.03434200000000000
3000 8994 69 3 0.03900000000000000
2500 7494 54 3 0.03152600000000000
2500 7494 67 3 0.03019800000000000
2500 7494 67 3 0.03831300000000000
2500 7494 73 3 0.04119000000000000
2500 7494 76 3 0.03080100000000000
2500 7494 76 3 0.03329800000000000
2500 7494 84 4 0.03484800000000000
3000 8994 81 3 0.03918200000000000
2500 7494 69 3 0.04161000000000000
2500 7494 80 3 0.04237400000000000
2750 8244 78 3 0.03971700000000000
2750 8244 72 3 0.03528300000000000
2750 8244 64 3 0.03626700000000000
2750 8244 78 3 0.03839900000000000
2750 8244 66 3 0.03549100000000000
2750 8244 55 3 0.03161800000000000
2750 8244 74 3 0.03777800000000000
2750 8244 87 3 0.04088300000000000
2750 8244 104 3 0.04358500000000000
3000 8994 63 3 0.03729800000000000
3000 8994 96 3 0.04844000000000000
3000 8994 78 3 0.03714100000000000
3000 8994 89 3 0.04208700000000000
3000 8994 60 3 0.03252600000000000
3000 8994 89 3 0.05025300000000000
3000 8994 81 3 0.05095700000000000
3000 8994 85 3 0.05391000000000000
