Nodos Aristas Frontera |CMF| Segundos
4 6 4 2 0.00085500000000000
3 3 2 1 0.00000100000000000
5 9 6 2 0.00001000000000000
3 3 2 1 0.00000300000000000
4 6 4 2 0.00000100000000000
5 9 6 2 0.00001000000000000
4 6 4 2 0.00000300000000000
5 9 6 2 0.00001100000000000
4 6 4 2 0.00000500000000000
4 6 4 2 0.00000300000000000
3 3 2 1 0.00000200000000000
6 12 8 2 0.00001400000000000
3 3 2 1 0.00000100000000000
3 3 2 1 0.00000300000000000
5 9 6 2 0.00002400000000000
5 9 6 2 0.00000500000000000
6 12 8 2 0.00000900000000000
4 6 4 2 0.00000100000000000
5 9 6 2 0.00001300000000000
6 12 8 3 0.00001300000000000
7 15 10 3 0.00001100000000000
7 15 10 2 0.00000800000000000
7 15 10 3 0.00001100000000000
6 12 8 3 0.00000800000000000
4 6 4 2 0.00000100000000000
7 15 10 3 0.00001000000000000
6 12 8 2 0.00003100000000000
5 9 6 2 0.00095100000000000
7 15 10 3 0.00001000000000000
7 15 10 2 0.00000700000000000
7 15 10 3 0.00001100000000000
7 15 10 2 0.00000900000000000
4 6 4 2 0.00000100000000000
7 15 10 3 0.00001000000000000
3 3 2 1 0.00000300000000000
6 12 8 2 0.00001200000000000
3 3 2 1 0.00000200000000000
8 18 12 3 0.00001200000000000
8 18 10 3 0.00001200000000000
8 18 12 3 0.00001500000000000
6 12 8 2 0.00001300000000000
6 12 8 2 0.00001600000000000
8 18 12 3 0.00001100000000000
5 9 6 2 0.00000600000000000
8 18 12 3 0.00001200000000000
8 18 12 3 0.00001200000000000
6 12 8 2 0.00001800000000000
8 18 12 3 0.00001000000000000
8 18 12 3 0.00001300000000000
5 9 6 2 0.00085100000000000
8 18 12 3 0.00001500000000000
4 6 4 2 0.00000100000000000
9 21 13 3 0.00001700000000000
6 12 8 3 0.00002200000000000
9 21 14 3 0.00001700000000000
9 21 13 3 0.00001700000000000
10 24 15 3 0.00002700000000000
10 24 15 3 0.00002600000000000
10 24 15 3 0.00001700000000000
10 24 15 3 0.00002500000000000
9 21 13 3 0.00001600000000000
8 18 12 3 0.00000900000000000
9 21 13 3 0.00001800000000000
10 24 15 3 0.00002700000000000
10 24 15 3 0.00002000000000000
9 21 13 3 0.00001800000000000
7 15 10 3 0.00001700000000000
11 27 16 3 0.00002100000000000
11 27 16 3 0.00002200000000000
11 27 16 4 0.00002000000000000
10 24 15 3 0.00002600000000000
11 27 17 3 0.00002300000000000
9 21 14 3 0.00001600000000000
12 30 18 3 0.00002000000000000
9 21 13 3 0.00001500000000000
9 21 14 3 0.00001200000000000
3 3 2 1 0.00000300000000000
12 30 17 4 0.00002400000000000
11 27 15 3 0.00002600000000000
12 30 16 3 0.00002600000000000
11 27 17 3 0.00003200000000000
11 27 16 3 0.00002100000000000
11 27 16 3 0.00002900000000000
13 33 18 3 0.00002200000000000
12 30 17 3 0.00002800000000000
12 30 17 3 0.00002400000000000
13 33 20 4 0.00003100000000000
12 30 13 3 0.00002400000000000
10 24 14 3 0.00002500000000000
10 24 14 3 0.00002700000000000
13 33 20 3 0.00002800000000000
13 33 16 3 0.00002700000000000
13 33 17 3 0.00002500000000000
13 33 18 3 0.00002700000000000
13 33 19 3 0.00003300000000000
3 3 2 1 0.00000300000000000
14 36 20 3 0.00002900000000000
11 27 17 3 0.00002500000000000
14 36 20 3 0.00002800000000000
14 36 23 4 0.00004100000000000
14 36 18 3 0.00004100000000000
15 39 22 3 0.00003000000000000
12 30 17 3 0.00002600000000000
12 30 19 4 0.00002400000000000
14 36 21 3 0.00003900000000000
3 3 2 1 0.00000100000000000
12 30 16 3 0.00002100000000000
13 33 19 3 0.00003200000000000
15 39 18 3 0.00004100000000000
13 33 20 4 0.00003400000000000
9 21 13 3 0.00001300000000000
14 36 21 4 0.00003700000000000
12 30 19 3 0.00002500000000000
15 39 20 3 0.00002900000000000
4 6 4 2 0.00000300000000000
16 42 20 4 0.00003000000000000
14 36 21 3 0.00003400000000000
10 24 15 3 0.00002600000000000
13 33 19 3 0.00002800000000000
14 36 15 3 0.00003600000000000
15 39 22 4 0.00003700000000000
16 42 21 4 0.00003200000000000
15 39 19 3 0.00004100000000000
15 39 22 4 0.00005100000000000
16 42 20 3 0.00003100000000000
17 45 27 4 0.00004900000000000
17 45 22 3 0.00004600000000000
17 45 19 3 0.00003600000000000
17 45 21 3 0.00004200000000000
15 39 20 3 0.00004400000000000
17 45 24 4 0.00003700000000000
15 39 21 3 0.00003900000000000
14 36 21 3 0.00004500000000000
16 42 23 3 0.00003100000000000
14 36 19 3 0.00003500000000000
18 48 22 4 0.00005200000000000
18 48 29 4 0.00004500000000000
17 45 24 3 0.00004700000000000
17 45 20 3 0.00004100000000000
17 45 23 4 0.00004700000000000
18 48 25 3 0.00005200000000000
18 48 28 3 0.00004600000000000
17 45 25 4 0.00005700000000000
19 51 25 4 0.00004500000000000
18 48 27 4 0.00005700000000000
15 39 21 3 0.00003900000000000
18 48 23 3 0.00005000000000000
19 51 25 4 0.00006000000000000
16 42 22 3 0.00004100000000000
19 51 24 3 0.00004400000000000
16 42 17 3 0.00003100000000000
18 48 24 3 0.00004300000000000
19 51 24 3 0.00005900000000000
17 45 19 3 0.00004300000000000
19 51 23 4 0.00005100000000000
19 51 28 3 0.00006900000000000
19 51 22 3 0.00004800000000000
20 54 31 4 0.00008000000000000
20 54 25 4 0.00005400000000000
20 54 25 4 0.00005800000000000
16 42 21 3 0.00003700000000000
20 54 21 4 0.00005000000000000
16 42 24 3 0.00004200000000000
20 54 22 3 0.00006600000000000
20 54 31 4 0.00006800000000000
21 57 29 3 0.00005500000000000
21 57 20 3 0.00005800000000000
20 54 28 4 0.00005400000000000
20 54 27 4 0.00006700000000000
21 57 22 3 0.00005200000000000
20 54 22 3 0.00005500000000000
19 51 24 3 0.00004800000000000
21 57 25 3 0.00006000000000000
21 57 26 4 0.00005100000000000
5 9 6 2 0.00098400000000000
18 48 23 3 0.00005700000000000
22 60 25 4 0.00005600000000000
16 42 21 3 0.00004100000000000
19 51 25 4 0.00006400000000000
22 60 31 4 0.00005900000000000
21 57 27 3 0.00006700000000000
16 42 21 3 0.00003200000000000
21 57 29 4 0.00007000000000000
21 57 25 3 0.00005200000000000
22 60 28 3 0.00006300000000000
23 63 22 3 0.00005100000000000
22 60 28 4 0.00007200000000000
22 60 28 4 0.00006800000000000
22 60 29 4 0.00007300000000000
22 60 30 4 0.00005900000000000
18 48 24 3 0.00004900000000000
23 63 32 3 0.00006800000000000
23 63 25 3 0.00005400000000000
23 63 25 3 0.00006500000000000
23 63 32 4 0.00008200000000000
24 66 19 4 0.00005000000000000
23 63 30 4 0.00006600000000000
19 51 25 3 0.00005900000000000
23 63 24 3 0.00007400000000000
24 66 25 3 0.00006200000000000
22 60 34 4 0.00007800000000000
24 66 27 4 0.00007300000000000
24 66 31 3 0.00006300000000000
23 63 34 4 0.00010200000000000
24 66 33 4 0.00006900000000000
24 66 26 4 0.00008200000000000
24 66 25 4 0.00006000000000000
22 60 20 4 0.00006200000000000
25 69 25 3 0.00007000000000000
24 66 30 4 0.00008100000000000
25 69 32 4 0.00009100000000000
22 60 27 4 0.00006900000000000
25 69 32 3 0.00008000000000000
24 66 30 4 0.00008200000000000
25 69 24 3 0.00007700000000000
25 69 27 4 0.00007200000000000
18 48 23 3 0.00005700000000000
20 54 27 4 0.00007200000000000
24 66 26 3 0.00008200000000000
26 72 29 3 0.00007000000000000
25 69 30 4 0.00008900000000000
21 57 25 3 0.00005500000000000
25 69 27 3 0.00006800000000000
25 69 22 3 0.00007300000000000
26 72 33 3 0.00008100000000000
26 72 37 4 0.00011300000000000
25 69 24 3 0.00006700000000000
26 72 24 3 0.00006800000000000
11 27 15 3 0.00002300000000000
26 72 27 4 0.00007500000000000
23 63 25 4 0.00007400000000000
26 72 33 4 0.00008900000000000
27 75 29 4 0.00007300000000000
26 72 31 4 0.00009000000000000
27 75 26 4 0.00007900000000000
26 72 28 4 0.00006900000000000
25 69 23 3 0.00007900000000000
27 75 30 4 0.00011200000000000
21 57 24 3 0.00006900000000000
28 78 25 3 0.00008000000000000
27 75 31 4 0.00009300000000000
27 75 24 3 0.00006900000000000
27 75 36 4 0.00010700000000000
28 78 31 4 0.00011500000000000
15 39 19 3 0.00003700000000000
28 78 24 3 0.00007800000000000
27 75 32 4 0.00010900000000000
26 72 22 3 0.00007900000000000
28 78 38 3 0.00010700000000000
28 78 28 3 0.00008000000000000
27 75 34 4 0.00009900000000000
29 81 34 4 0.00009200000000000
28 78 27 3 0.00011700000000000
29 81 32 4 0.00008400000000000
28 78 26 4 0.00010200000000000
28 78 29 4 0.00008100000000000
27 75 28 3 0.00009900000000000
29 81 37 3 0.00012600000000000
29 81 29 3 0.00007900000000000
30 84 27 3 0.00008100000000000
30 84 26 4 0.00008300000000000
30 84 27 3 0.00010100000000000
29 81 36 4 0.00011000000000000
30 84 31 4 0.00008300000000000
27 75 38 4 0.00010500000000000
30 84 31 3 0.00008300000000000
30 84 36 3 0.00012000000000000
30 84 32 3 0.00009800000000000
31 87 29 4 0.00011100000000000
30 84 30 4 0.00011400000000000
30 84 39 4 0.00013000000000000
28 78 26 3 0.00010900000000000
31 87 33 4 0.00009600000000000
28 78 29 3 0.00011100000000000
31 87 30 4 0.00010400000000000
26 72 35 4 0.00010600000000000
31 87 37 3 0.00010600000000000
31 87 30 4 0.00010100000000000
30 84 25 3 0.00010000000000000
31 87 30 3 0.00010400000000000
32 90 21 3 0.00009900000000000
29 81 22 3 0.00009100000000000
31 87 29 3 0.00012000000000000
32 90 31 4 0.00010000000000000
32 90 33 4 0.00012900000000000
32 90 31 4 0.00008900000000000
31 87 36 4 0.00009400000000000
32 90 37 4 0.00009300000000000
32 90 32 4 0.00011300000000000
31 87 32 3 0.00012300000000000
33 93 28 3 0.00009700000000000
32 90 31 3 0.00011100000000000
33 93 41 4 0.00011100000000000
32 90 24 3 0.00010400000000000
32 90 35 4 0.00011800000000000
33 93 33 4 0.00010600000000000
29 81 35 3 0.00009900000000000
33 93 31 4 0.00010600000000000
33 93 34 4 0.00012800000000000
34 96 34 4 0.00009200000000000
34 96 29 3 0.00010900000000000
31 87 31 3 0.00011500000000000
29 81 32 4 0.00010700000000000
29 81 33 3 0.00011200000000000
34 96 33 3 0.00010700000000000
34 96 31 3 0.00010100000000000
34 96 28 3 0.00012300000000000
34 96 34 4 0.00010800000000000
33 93 33 3 0.00013300000000000
34 96 37 4 0.00013800000000000
35 99 40 3 0.00012400000000000
35 99 33 3 0.00010500000000000
35 99 31 4 0.00010600000000000
34 96 28 4 0.00012400000000000
34 96 30 3 0.00012400000000000
33 93 31 3 0.00012000000000000
34 96 33 4 0.00015000000000000
33 93 39 4 0.00015600000000000
35 99 31 3 0.00010600000000000
35 99 30 3 0.00011500000000000
32 90 30 4 0.00011000000000000
35 99 37 4 0.00013100000000000
36 102 27 3 0.00011400000000000
35 99 33 3 0.00014700000000000
36 102 42 4 0.00011800000000000
35 99 30 4 0.00013600000000000
36 102 29 3 0.00012300000000000
36 102 25 3 0.00013300000000000
36 102 37 4 0.00014500000000000
33 93 32 4 0.00012600000000000
36 102 40 4 0.00011900000000000
33 93 35 3 0.00012700000000000
36 102 39 3 0.00015700000000000
36 102 21 3 0.00011200000000000
37 105 34 4 0.00012700000000000
37 105 36 4 0.00012300000000000
37 105 32 4 0.00011300000000000
36 102 28 3 0.00011100000000000
37 105 31 3 0.00015000000000000
37 105 28 3 0.00013800000000000
37 105 31 4 0.00014800000000000
37 105 33 3 0.00014200000000000
37 105 22 3 0.00013500000000000
36 102 37 3 0.00014300000000000
38 108 27 3 0.00014100000000000
29 81 18 3 0.00008500000000000
38 108 34 3 0.00012800000000000
37 105 31 4 0.00014600000000000
38 108 30 3 0.00011000000000000
38 108 32 3 0.00017000000000000
38 108 32 4 0.00016200000000000
38 108 41 4 0.00014600000000000
38 108 29 4 0.00014900000000000
39 111 31 4 0.00014700000000000
39 111 31 3 0.00010900000000000
39 111 31 3 0.00014100000000000
38 108 28 3 0.00013500000000000
39 111 39 4 0.00014200000000000
39 111 31 4 0.00015200000000000
39 111 41 4 0.00015900000000000
23 63 30 4 0.00007200000000000
35 99 31 3 0.00014900000000000
40 114 28 3 0.00011600000000000
39 111 40 4 0.00017700000000000
38 108 37 4 0.00016200000000000
40 114 43 4 0.00013800000000000
40 114 28 3 0.00014500000000000
39 111 38 4 0.00015600000000000
40 114 33 3 0.00013700000000000
40 114 37 4 0.00015600000000000
35 99 31 3 0.00014500000000000
37 105 37 3 0.00015800000000000
40 114 41 4 0.00017700000000000
40 114 37 3 0.00016000000000000
40 114 31 3 0.00016600000000000
41 117 29 4 0.00014300000000000
41 117 35 3 0.00018100000000000
41 117 42 4 0.00014800000000000
39 111 37 4 0.00016200000000000
40 114 37 4 0.00014100000000000
41 117 25 3 0.00014800000000000
41 117 29 3 0.00013800000000000
42 120 33 4 0.00012800000000000
41 117 36 4 0.00017600000000000
41 117 32 3 0.00014100000000000
42 120 32 3 0.00017900000000000
38 108 36 4 0.00017100000000000
40 114 41 4 0.00015500000000000
41 117 40 3 0.00019800000000000
42 120 40 4 0.00019100000000000
42 120 32 3 0.00017900000000000
42 120 30 3 0.00017300000000000
42 120 33 4 0.00017200000000000
43 123 30 3 0.00014300000000000
43 123 29 4 0.00016800000000000
42 120 25 3 0.00015800000000000
42 120 50 4 0.00021500000000000
42 120 40 3 0.00019200000000000
43 123 40 4 0.00014500000000000
39 111 33 4 0.00016800000000000
41 117 40 4 0.00017700000000000
43 123 27 4 0.00015500000000000
43 123 41 4 0.00018400000000000
44 126 41 4 0.00016200000000000
44 126 37 3 0.00017600000000000
41 117 34 3 0.00016000000000000
43 123 28 4 0.00012500000000000
43 123 24 3 0.00015300000000000
43 123 46 4 0.00015200000000000
44 126 40 3 0.00019500000000000
44 126 35 4 0.00017700000000000
43 123 29 3 0.00013400000000000
44 126 20 3 0.00014100000000000
44 126 32 3 0.00014300000000000
44 126 29 3 0.00017700000000000
45 129 36 4 0.00014700000000000
44 126 24 3 0.00015000000000000
45 129 32 4 0.00019900000000000
44 126 22 4 0.00015800000000000
44 126 29 4 0.00017100000000000
42 120 32 4 0.00016800000000000
43 123 35 4 0.00019300000000000
45 129 35 4 0.00019400000000000
45 129 40 4 0.00022600000000000
45 129 29 4 0.00014100000000000
45 129 32 3 0.00017800000000000
46 132 34 4 0.00016200000000000
45 129 28 3 0.00017700000000000
46 132 35 3 0.00015900000000000
45 129 35 3 0.00021000000000000
46 132 39 4 0.00022400000000000
46 132 39 3 0.00021000000000000
46 132 37 3 0.00015900000000000
45 129 37 3 0.00022200000000000
46 132 42 4 0.00022100000000000
46 132 39 3 0.00017500000000000
45 129 28 4 0.00016500000000000
46 132 42 4 0.00021900000000000
47 135 33 4 0.00019300000000000
46 132 36 4 0.00021800000000000
46 132 29 3 0.00015100000000000
47 135 39 4 0.00016500000000000
47 135 45 4 0.00022400000000000
47 135 33 4 0.00020000000000000
47 135 47 4 0.00026600000000000
48 138 32 3 0.00017000000000000
48 138 25 3 0.00014700000000000
47 135 29 4 0.00019800000000000
47 135 29 4 0.00019600000000000
47 135 38 3 0.00023300000000000
47 135 49 4 0.00026000000000000
47 135 32 3 0.00020900000000000
48 138 25 3 0.00017700000000000
48 138 34 4 0.00019900000000000
48 138 33 4 0.00016300000000000
48 138 42 4 0.00021200000000000
48 138 35 3 0.00018300000000000
48 138 33 4 0.00020900000000000
48 138 39 3 0.00022700000000000
49 141 36 3 0.00020800000000000
48 138 43 3 0.00023100000000000
49 141 28 3 0.00020600000000000
49 141 33 4 0.00018300000000000
49 141 37 3 0.00016600000000000
49 141 49 4 0.00023600000000000
49 141 47 3 0.00028900000000000
49 141 43 4 0.00019500000000000
50 144 38 3 0.00018600000000000
49 141 32 3 0.00020500000000000
49 141 36 4 0.00022400000000000
49 141 41 4 0.00024500000000000
50 144 40 3 0.00024200000000000
50 144 47 3 0.00020800000000000
50 144 27 3 0.00020000000000000
50 144 32 3 0.00024200000000000
50 144 40 4 0.00022100000000000
50 144 43 4 0.00027900000000000
55 159 46 4 0.00022500000000000
50 144 40 4 0.00022500000000000
50 144 39 3 0.00027700000000000
50 144 39 3 0.00024500000000000
55 159 32 3 0.00018000000000000
55 159 45 4 0.00027000000000000
55 159 38 3 0.00023300000000000
55 159 39 3 0.00026800000000000
55 159 28 4 0.00022000000000000
55 159 43 4 0.00027800000000000
55 159 40 4 0.00028400000000000
60 174 36 3 0.00020100000000000
55 159 38 3 0.00028200000000000
60 174 29 3 0.00022000000000000
60 174 43 4 0.00023200000000000
55 159 44 4 0.00030500000000000
60 174 45 4 0.00028600000000000
60 174 36 3 0.00028400000000000
60 174 43 3 0.00032700000000000
60 174 38 3 0.00032100000000000
60 174 52 3 0.00035000000000000
60 174 42 3 0.00029600000000000
65 189 44 3 0.00027700000000000
60 174 39 3 0.00030200000000000
65 189 45 3 0.00026800000000000
65 189 38 3 0.00032100000000000
65 189 34 3 0.00032100000000000
65 189 34 3 0.00025700000000000
70 204 40 3 0.00030300000000000
65 189 42 3 0.00031600000000000
65 189 34 4 0.00031800000000000
65 189 33 3 0.00030800000000000
70 204 38 4 0.00035400000000000
70 204 37 3 0.00036300000000000
65 189 58 4 0.00033800000000000
65 189 40 3 0.00034000000000000
70 204 45 4 0.00030400000000000
70 204 46 4 0.00032000000000000
70 204 53 3 0.00036800000000000
70 204 43 4 0.00038100000000000
75 219 30 3 0.00026200000000000
70 204 45 4 0.00036100000000000
75 219 42 4 0.00039500000000000
70 204 41 4 0.00034100000000000
75 219 28 3 0.00031100000000000
70 204 50 4 0.00041300000000000
75 219 44 3 0.00039300000000000
75 219 34 4 0.00031800000000000
75 219 48 3 0.00042500000000000
75 219 42 3 0.00033000000000000
75 219 53 4 0.00040100000000000
75 219 38 3 0.00028100000000000
75 219 49 4 0.00039900000000000
80 234 38 4 0.00030300000000000
80 234 25 3 0.00030700000000000
80 234 34 4 0.00038800000000000
80 234 43 3 0.00033800000000000
80 234 36 3 0.00039900000000000
80 234 39 3 0.00040200000000000
80 234 39 3 0.00043700000000000
80 234 42 4 0.00042300000000000
80 234 49 4 0.00042800000000000
85 249 49 3 0.00038000000000000
80 234 54 4 0.00046100000000000
85 249 35 4 0.00031000000000000
85 249 35 3 0.00041400000000000
85 249 42 4 0.00044300000000000
85 249 38 4 0.00041400000000000
85 249 46 3 0.00046100000000000
90 264 37 3 0.00038700000000000
85 249 32 3 0.00042900000000000
85 249 51 4 0.00056000000000000
90 264 39 4 0.00033500000000000
85 249 41 3 0.00049700000000000
90 264 40 4 0.00041700000000000
90 264 20 4 0.00035500000000000
85 249 47 4 0.00050500000000000
90 264 42 3 0.00051300000000000
90 264 42 4 0.00040800000000000
90 264 55 4 0.00055100000000000
90 264 53 4 0.00056000000000000
90 264 43 4 0.00048700000000000
95 279 42 4 0.00046500000000000
90 264 44 4 0.00054100000000000
95 279 33 3 0.00040100000000000
95 279 42 3 0.00049400000000000
95 279 31 3 0.00045300000000000
95 279 48 3 0.00064100000000000
95 279 46 3 0.00059300000000000
95 279 39 4 0.00051800000000000
95 279 40 3 0.00054500000000000
95 279 43 4 0.00055400000000000
95 279 43 4 0.00053100000000000
100 294 51 4 0.00047000000000000
100 294 48 4 0.00044900000000000
100 294 34 3 0.00042400000000000
100 294 27 3 0.00045400000000000
100 294 40 3 0.00045300000000000
100 294 49 3 0.00060400000000000
100 294 37 3 0.00057100000000000
100 294 49 3 0.00057600000000000
100 294 46 4 0.00060800000000000
100 294 55 4 0.00066500000000000
110 324 47 4 0.00063300000000000
110 324 45 4 0.00062900000000000
110 324 36 3 0.00064000000000000
110 324 54 4 0.00053600000000000
110 324 39 3 0.00061600000000000
110 324 58 3 0.00062100000000000
110 324 51 3 0.00076400000000000
110 324 61 4 0.00072300000000000
110 324 49 3 0.00068600000000000
120 354 34 3 0.00048300000000000
110 324 45 3 0.00069700000000000
120 354 23 3 0.00058800000000000
120 354 39 3 0.00055600000000000
120 354 49 4 0.00055500000000000
120 354 46 4 0.00076900000000000
120 354 39 3 0.00052000000000000
120 354 45 3 0.00077300000000000
120 354 39 3 0.00072300000000000
120 354 37 3 0.00068200000000000
120 354 47 3 0.00079900000000000
130 384 46 4 0.00079200000000000
130 384 45 4 0.00076400000000000
130 384 39 3 0.00070100000000000
130 384 37 3 0.00071200000000000
130 384 41 3 0.00061300000000000
130 384 52 3 0.00072500000000000
130 384 66 3 0.00105800000000000
130 384 53 4 0.00087800000000000
130 384 45 3 0.00079700000000000
130 384 55 4 0.00095600000000000
140 414 34 3 0.00064100000000000
140 414 35 3 0.00079800000000000
140 414 58 3 0.00080700000000000
140 414 51 3 0.00082900000000000
140 414 43 4 0.00088100000000000
140 414 51 3 0.00096100000000000
140 414 48 4 0.00074300000000000
140 414 58 4 0.00101000000000000
140 414 61 3 0.00104900000000000
140 414 44 3 0.00095900000000000
150 444 60 3 0.00118100000000000
150 444 37 3 0.00112700000000000
150 444 62 4 0.00115900000000000
150 444 46 3 0.00123800000000000
150 444 39 3 0.00133400000000000
150 444 43 4 0.00111800000000000
150 444 29 3 0.00124200000000000
150 444 42 3 0.00119900000000000
150 444 58 4 0.00157000000000000
150 444 53 4 0.00160100000000000
160 474 44 3 0.00144200000000000
160 474 34 3 0.00148900000000000
160 474 43 4 0.00125300000000000
170 504 65 4 0.00116800000000000
160 474 46 4 0.00133100000000000
160 474 57 4 0.00132100000000000
160 474 35 4 0.00145900000000000
160 474 63 3 0.00168200000000000
160 474 37 3 0.00155200000000000
160 474 39 3 0.00143700000000000
160 474 52 4 0.00175500000000000
170 504 32 3 0.00096400000000000
170 504 46 4 0.00122800000000000
170 504 37 3 0.00114400000000000
170 504 63 4 0.00149400000000000
170 504 50 3 0.00128100000000000
170 504 56 3 0.00106600000000000
170 504 53 3 0.00129800000000000
170 504 68 3 0.00158800000000000
170 504 55 4 0.00122700000000000
180 534 45 3 0.00130700000000000
180 534 49 4 0.00143300000000000
180 534 54 4 0.00149200000000000
180 534 46 3 0.00169800000000000
180 534 49 3 0.00146700000000000
180 534 44 3 0.00157300000000000
180 534 50 4 0.00164100000000000
180 534 51 4 0.00142700000000000
180 534 56 4 0.00177300000000000
180 534 53 3 0.00177900000000000
200 594 43 4 0.00136200000000000
190 564 36 3 0.00164000000000000
190 564 41 3 0.00168900000000000
190 564 60 4 0.00188700000000000
190 564 43 3 0.00178500000000000
190 564 61 3 0.00203600000000000
190 564 40 3 0.00169800000000000
190 564 60 3 0.00195800000000000
190 564 46 3 0.00183400000000000
190 564 55 3 0.00196900000000000
190 564 51 3 0.00204800000000000
200 594 51 4 0.00154900000000000
200 594 40 3 0.00141700000000000
200 594 62 4 0.00166400000000000
200 594 53 3 0.00164000000000000
200 594 37 3 0.00163300000000000
200 594 40 3 0.00176500000000000
200 594 46 3 0.00182300000000000
200 594 53 4 0.00183700000000000
200 594 49 3 0.00185700000000000
225 669 80 3 0.00187600000000000
225 669 33 3 0.00174800000000000
225 669 41 3 0.00201300000000000
225 669 64 4 0.00234700000000000
225 669 46 3 0.00217200000000000
225 669 53 4 0.00219300000000000
225 669 40 3 0.00197100000000000
225 669 44 3 0.00207100000000000
225 669 53 3 0.00225800000000000
225 669 54 3 0.00234000000000000
275 819 56 3 0.00220700000000000
250 744 36 3 0.00170400000000000
250 744 51 3 0.00210700000000000
250 744 66 4 0.00228500000000000
250 744 41 3 0.00212800000000000
250 744 64 3 0.00226200000000000
250 744 47 3 0.00250700000000000
250 744 67 4 0.00269300000000000
250 744 53 4 0.00259500000000000
250 744 49 3 0.00241600000000000
250 744 55 3 0.00269200000000000
275 819 31 3 0.00185800000000000
300 894 63 3 0.00242200000000000
275 819 42 3 0.00253300000000000
275 819 49 4 0.00260200000000000
275 819 58 3 0.00284000000000000
275 819 46 4 0.00274700000000000
275 819 50 3 0.00275900000000000
275 819 59 3 0.00300100000000000
275 819 57 3 0.00340900000000000
275 819 52 4 0.00274300000000000
300 894 47 3 0.00292400000000000
325 969 51 3 0.00268900000000000
300 894 62 4 0.00365700000000000
300 894 39 3 0.00253700000000000
300 894 68 4 0.00293400000000000
300 894 51 4 0.00349800000000000
300 894 67 3 0.00408300000000000
300 894 65 3 0.00374100000000000
300 894 60 4 0.00327900000000000
300 894 51 3 0.00359100000000000
325 969 55 3 0.00308400000000000
350 1044 56 3 0.00289400000000000
325 969 44 4 0.00323400000000000
325 969 46 4 0.00345600000000000
325 969 56 4 0.00365100000000000
325 969 69 4 0.00432900000000000
325 969 59 3 0.00383400000000000
325 969 64 3 0.00406800000000000
325 969 48 3 0.00349400000000000
325 969 70 3 0.00413600000000000
350 1044 36 3 0.00269100000000000
350 1044 48 3 0.00380000000000000
350 1044 45 4 0.00382900000000000
350 1044 40 3 0.00284100000000000
350 1044 52 3 0.00368500000000000
350 1044 64 3 0.00386000000000000
375 1119 54 4 0.00301500000000000
350 1044 73 3 0.00448600000000000
350 1044 74 4 0.00357400000000000
350 1044 48 3 0.00364400000000000
375 1119 61 3 0.00329300000000000
375 1119 49 4 0.00366000000000000
375 1119 54 3 0.00329500000000000
375 1119 56 3 0.00400000000000000
375 1119 49 3 0.00389300000000000
375 1119 82 3 0.00725200000000000
375 1119 55 4 0.00666900000000000
375 1119 71 4 0.00784200000000000
375 1119 77 4 0.00746100000000000
425 1269 59 3 0.00640700000000000
400 1194 55 3 0.00662500000000000
400 1194 48 4 0.00629000000000000
400 1194 49 3 0.00726000000000000
400 1194 42 3 0.00664500000000000
400 1194 48 3 0.00727100000000000
400 1194 62 3 0.00711100000000000
400 1194 57 3 0.00727800000000000
400 1194 74 4 0.00790400000000000
400 1194 83 4 0.00815100000000000
400 1194 63 3 0.00751200000000000
425 1269 36 3 0.00393300000000000
425 1269 44 3 0.00336200000000000
425 1269 63 3 0.00425000000000000
425 1269 44 4 0.00426400000000000
425 1269 70 3 0.00426900000000000
425 1269 61 4 0.00509000000000000
450 1344 57 3 0.00368500000000000
425 1269 65 3 0.00506400000000000
425 1269 58 3 0.00480800000000000
425 1269 64 3 0.00480600000000000
450 1344 51 3 0.00437500000000000
450 1344 49 3 0.00411600000000000
450 1344 60 3 0.00542500000000000
450 1344 63 4 0.00567600000000000
450 1344 56 3 0.00537500000000000
500 1494 52 3 0.00427900000000000
450 1344 57 3 0.00530800000000000
450 1344 58 4 0.00535400000000000
450 1344 66 4 0.00643500000000000
450 1344 61 3 0.00545200000000000
475 1419 61 3 0.00469900000000000
475 1419 34 3 0.00461100000000000
475 1419 47 3 0.00460100000000000
475 1419 51 4 0.00483800000000000
475 1419 39 3 0.00432700000000000
475 1419 47 3 0.00500500000000000
475 1419 57 3 0.00558100000000000
475 1419 63 4 0.00482500000000000
475 1419 49 3 0.00508500000000000
475 1419 56 4 0.00585900000000000
500 1494 41 4 0.00493100000000000
500 1494 75 4 0.00444700000000000
500 1494 79 4 0.00531300000000000
500 1494 57 3 0.00479800000000000
500 1494 43 3 0.00501500000000000
500 1494 77 4 0.00652400000000000
500 1494 45 3 0.00475900000000000
500 1494 49 3 0.00694100000000000
550 1644 87 4 0.00790000000000000
500 1494 88 4 0.00858200000000000
550 1644 65 4 0.00542700000000000
550 1644 35 3 0.00421500000000000
550 1644 50 3 0.00594400000000000
550 1644 58 3 0.00701400000000000
550 1644 65 3 0.00682700000000000
550 1644 69 3 0.00758100000000000
550 1644 53 3 0.00646800000000000
550 1644 52 3 0.00655100000000000
550 1644 82 4 0.00889200000000000
650 1944 60 3 0.00647900000000000
600 1794 36 3 0.00512600000000000
600 1794 40 3 0.00504400000000000
600 1794 59 3 0.00598700000000000
600 1794 69 3 0.00734500000000000
600 1794 62 4 0.00765800000000000
600 1794 57 3 0.00705800000000000
600 1794 51 3 0.00659300000000000
600 1794 52 3 0.00694000000000000
600 1794 60 3 0.00735300000000000
600 1794 62 4 0.00751100000000000
650 1944 53 3 0.00574400000000000
650 1944 53 4 0.00608900000000000
650 1944 43 3 0.00576800000000000
650 1944 59 4 0.00727100000000000
650 1944 48 4 0.00748200000000000
700 2094 66 3 0.00711600000000000
650 1944 59 3 0.00756100000000000
650 1944 60 3 0.00783500000000000
650 1944 69 3 0.00826600000000000
650 1944 67 3 0.00908100000000000
700 2094 50 4 0.00588300000000000
700 2094 48 3 0.00706000000000000
700 2094 68 3 0.00762700000000000
700 2094 52 3 0.00790500000000000
700 2094 59 3 0.00866600000000000
700 2094 68 4 0.00930800000000000
700 2094 57 4 0.00761500000000000
700 2094 68 3 0.00951300000000000
700 2094 66 3 0.00897100000000000
800 2394 86 3 0.00936900000000000
750 2244 43 3 0.00827200000000000
750 2244 63 3 0.00816400000000000
750 2244 44 3 0.00855400000000000
750 2244 49 3 0.00796100000000000
750 2244 65 3 0.00966500000000000
750 2244 52 3 0.00867100000000000
750 2244 87 3 0.01057200000000000
750 2244 65 3 0.00980400000000000
750 2244 79 3 0.00992900000000000
750 2244 64 4 0.00948700000000000
800 2394 60 3 0.00770100000000000
800 2394 69 4 0.01057900000000000
850 2544 59 3 0.00778600000000000
800 2394 37 3 0.00797000000000000
800 2394 77 4 0.00942300000000000
800 2394 73 3 0.00970500000000000
800 2394 78 3 0.01091200000000000
800 2394 77 4 0.01097400000000000
800 2394 62 3 0.01130200000000000
800 2394 94 4 0.01212100000000000
850 2544 38 3 0.00657100000000000
850 2544 48 3 0.00988800000000000
850 2544 61 3 0.00831600000000000
850 2544 45 3 0.00902800000000000
850 2544 80 4 0.01164800000000000
850 2544 67 3 0.01124700000000000
850 2544 59 3 0.01037800000000000
900 2694 68 3 0.00927100000000000
850 2544 65 3 0.01119900000000000
850 2544 82 3 0.01219700000000000
900 2694 62 3 0.00950900000000000
900 2694 47 3 0.01001100000000000
900 2694 62 3 0.01219100000000000
900 2694 69 3 0.01307900000000000
900 2694 54 3 0.01166600000000000
900 2694 66 4 0.01205700000000000
900 2694 81 3 0.01083400000000000
900 2694 66 3 0.01237400000000000
900 2694 66 3 0.01171200000000000
950 2844 78 3 0.01091600000000000
950 2844 62 3 0.01013800000000000
950 2844 50 3 0.00889500000000000
950 2844 41 3 0.01017800000000000
950 2844 58 3 0.01229400000000000
1000 2994 80 4 0.01048000000000000
950 2844 63 3 0.01222700000000000
950 2844 67 3 0.01237500000000000
950 2844 67 3 0.01193900000000000
950 2844 74 4 0.01305200000000000
950 2844 75 3 0.01385900000000000
1000 2994 60 4 0.01327100000000000
1000 2994 64 3 0.01192600000000000
1000 2994 55 3 0.01314300000000000
1000 2994 61 3 0.01293200000000000
1000 2994 70 3 0.01442500000000000
1000 2994 54 4 0.01299900000000000
1000 2994 71 4 0.01238200000000000
1000 2994 68 3 0.01486300000000000
1000 2994 94 4 0.01529900000000000
1100 3294 72 3 0.01262000000000000
1100 3294 43 3 0.00935200000000000
1100 3294 63 4 0.01052800000000000
1100 3294 61 3 0.01149300000000000
1100 3294 80 4 0.01277400000000000
1100 3294 54 4 0.01420200000000000
1100 3294 67 3 0.01577800000000000
1100 3294 71 3 0.01620200000000000
1100 3294 66 3 0.01503600000000000
1100 3294 76 3 0.01566300000000000
1200 3594 52 3 0.01490400000000000
1200 3594 68 3 0.01516500000000000
1300 3894 77 3 0.01575100000000000
1200 3594 62 3 0.01753200000000000
1200 3594 79 3 0.01824500000000000
1200 3594 73 3 0.01629700000000000
1200 3594 72 4 0.01406500000000000
1200 3594 59 3 0.01642700000000000
1400 4194 59 3 0.01428100000000000
1200 3594 68 3 0.01556600000000000
1200 3594 65 4 0.01612000000000000
1200 3594 70 3 0.01671200000000000
1300 3894 53 3 0.01179400000000000
1300 3894 69 3 0.01479000000000000
1300 3894 75 3 0.01393700000000000
1300 3894 62 3 0.01128400000000000
1300 3894 48 4 0.01429300000000000
1300 3894 67 4 0.01516000000000000
1300 3894 63 3 0.01700700000000000
1300 3894 75 3 0.01944800000000000
1500 4494 65 4 0.01348800000000000
1300 3894 76 3 0.01894100000000000
1400 4194 65 3 0.01920500000000000
1600 4794 79 3 0.02087200000000000
1400 4194 50 3 0.01571400000000000
1400 4194 57 4 0.01798100000000000
1400 4194 39 3 0.01551200000000000
1400 4194 46 3 0.01579400000000000
1400 4194 61 3 0.01744600000000000
1400 4194 68 3 0.02139100000000000
1400 4194 73 3 0.01944900000000000
1400 4194 82 4 0.02139700000000000
1600 4794 70 3 0.01777400000000000
1500 4494 80 3 0.01696000000000000
1500 4494 40 3 0.01246500000000000
1500 4494 65 3 0.01903000000000000
1500 4494 73 4 0.01794900000000000
1500 4494 72 3 0.01939500000000000
1500 4494 79 3 0.02175700000000000
1500 4494 72 3 0.02096200000000000
1500 4494 86 3 0.01912700000000000
1700 5094 75 3 0.01925700000000000
1500 4494 93 3 0.02376700000000000
1600 4794 69 3 0.02167600000000000
1600 4794 56 3 0.02193100000000000
1600 4794 66 3 0.02272600000000000
1600 4794 73 3 0.02320500000000000
1600 4794 76 4 0.02486800000000000
1600 4794 57 3 0.02071600000000000
1600 4794 53 3 0.02118100000000000
1800 5394 104 4 0.02712200000000000
1600 4794 88 3 0.02488900000000000
1700 5094 72 3 0.01708800000000000
1700 5094 69 3 0.01890900000000000
1700 5094 94 3 0.02123600000000000
1700 5094 71 3 0.02335200000000000
1700 5094 69 3 0.02654900000000000
1700 5094 69 3 0.02259800000000000
1700 5094 55 3 0.02115200000000000
1900 5694 65 4 0.02095900000000000
1700 5094 69 3 0.02032400000000000
1700 5094 81 3 0.02397200000000000
1800 5394 51 3 0.01805500000000000
1800 5394 65 4 0.02101200000000000
2000 5994 64 3 0.02505500000000000
1800 5394 82 3 0.02246100000000000
1800 5394 66 4 0.02793300000000000
1800 5394 87 3 0.02388700000000000
1800 5394 57 3 0.02120600000000000
1800 5394 82 3 0.02072000000000000
1800 5394 72 3 0.02341600000000000
1800 5394 83 3 0.02396500000000000
2000 5994 55 4 0.01822300000000000
1900 5694 77 3 0.02165100000000000
1900 5694 61 3 0.02157600000000000
1900 5694 89 4 0.03027700000000000
1900 5694 99 3 0.02866500000000000
1900 5694 55 3 0.01960000000000000
1900 5694 67 3 0.02143400000000000
1900 5694 77 3 0.02200800000000000
1900 5694 62 3 0.01928300000000000
1900 5694 67 3 0.02545500000000000
2250 6744 61 4 0.02505800000000000
2000 5994 51 3 0.02406900000000000
2000 5994 67 3 0.02601600000000000
2000 5994 72 3 0.02978100000000000
2000 5994 67 3 0.02130000000000000
2000 5994 79 3 0.02464500000000000
2000 5994 69 3 0.02169600000000000
2000 5994 61 4 0.02016700000000000
2000 5994 75 4 0.02225000000000000
2500 7494 84 4 0.03341000000000000
2250 6744 71 4 0.02679500000000000
2250 6744 65 3 0.02497900000000000
2250 6744 64 3 0.02956200000000000
2250 6744 92 4 0.03240300000000000
2250 6744 52 3 0.02199800000000000
2250 6744 56 3 0.02548700000000000
2250 6744 62 3 0.03492200000000000
2750 8244 66 3 0.03228600000000000
2250 6744 72 3 0.02979800000000000
2250 6744 57 3 0.03060600000000000
2500 7494 54 3 0.02558800000000000
2500 7494 67 3 0.03127600000000000
2500 7494 63 3 0.03020400000000000
2500 7494 73 3 0.03275200000000000
3000 8994 89 3 0.04230800000000000
2500 7494 67 3 0.02877800000000000
2500 7494 69 3 0.03142100000000000
2500 7494 76 3 0.03179300000000000
2500 7494 80 3 0.03316200000000000
2500 7494 76 3 0.02926600000000000
2750 8244 78 3 0.03525700000000000
2750 8244 72 3 0.03408700000000000
2750 8244 78 3 0.03543500000000000
2750 8244 72 3 0.03981200000000000
2750 8244 64 3 0.03404200000000000
2750 8244 55 3 0.02992400000000000
2750 8244 74 3 0.03507000000000000
2750 8244 87 3 0.03967000000000000
2750 8244 104 3 0.04046700000000000
3000 8994 69 3 0.03446800000000000
3000 8994 63 3 0.03345400000000000
3000 8994 78 3 0.03322000000000000
3000 8994 96 3 0.04385700000000000
3000 8994 81 3 0.03504600000000000
3000 8994 89 3 0.03712800000000000
3000 8994 60 3 0.03012200000000000
3000 8994 81 3 0.03769600000000000
3000 8994 85 3 0.04072400000000000
