Nodos Aristas Frontera |CMF| Segundos
2 1 1 1 0.00088700000000000
2 1 1 1 0.00011100000000000
3 3 2 1 0.00000100000000000
4 6 4 2 0.00000100000000000
3 3 2 1 0.00000100000000000
4 6 4 2 0.00000200000000000
3 3 2 1 0.00000300000000000
3 3 2 1 0.00000200000000000
2 1 1 1 0.00000700000000000
3 3 2 1 0.00000100000000000
2 1 1 1 0.00000600000000000
4 6 4 2 0.00000200000000000
4 6 4 2 0.00000200000000000
4 6 4 2 0.00000300000000000
2 1 1 1 0.00000500000000000
3 3 2 1 0.00000100000000000
2 1 1 1 0.00000900000000000
5 8 5 2 0.00000800000000000
5 8 5 2 0.00000900000000000
4 6 4 2 0.00000100000000000
6 10 6 2 0.00000900000000000
5 8 5 2 0.00000800000000000
6 10 6 2 0.00001600000000000
5 8 5 2 0.00001800000000000
2 1 1 1 0.00015000000000000
4 6 4 2 0.00000200000000000
2 1 1 1 0.00016500000000000
5 8 5 2 0.00000600000000000
5 8 5 2 0.00002100000000000
6 10 6 2 0.00000600000000000
6 10 6 2 0.00001200000000000
4 6 4 2 0.00000200000000000
7 12 7 2 0.00000900000000000
6 10 6 2 0.00000600000000000
2 1 1 1 0.00000800000000000
2 1 1 1 0.00000700000000000
7 12 7 2 0.00000800000000000
6 10 6 2 0.00001200000000000
3 3 2 1 0.00000100000000000
6 10 6 2 0.00001100000000000
5 8 5 2 0.00001400000000000
8 14 8 2 0.00001000000000000
7 12 7 2 0.00000900000000000
7 12 7 2 0.00000700000000000
6 10 6 2 0.00002600000000000
8 14 8 2 0.00000800000000000
7 12 7 2 0.00000800000000000
7 12 7 2 0.00000800000000000
8 14 8 2 0.00000800000000000
8 14 8 2 0.00000900000000000
5 8 5 2 0.00004000000000000
9 16 9 2 0.00001300000000000
9 16 9 2 0.00001300000000000
9 16 9 2 0.00001100000000000
5 8 5 2 0.00001000000000000
8 14 8 2 0.00000700000000000
4 6 4 2 0.00000100000000000
7 12 7 2 0.00000700000000000
9 16 9 2 0.00001400000000000
8 14 8 2 0.00001000000000000
9 16 9 2 0.00001000000000000
6 10 6 2 0.00001100000000000
9 16 9 2 0.00001200000000000
10 18 10 2 0.00002300000000000
8 14 8 2 0.00000800000000000
9 16 9 2 0.00001300000000000
10 18 10 2 0.00001600000000000
8 14 8 2 0.00000900000000000
3 3 2 1 0.00000100000000000
9 16 9 2 0.00001000000000000
11 20 11 2 0.00002200000000000
11 20 11 2 0.00002000000000000
3 3 2 1 0.00000200000000000
11 20 11 2 0.00001400000000000
10 18 10 2 0.00001500000000000
10 18 10 2 0.00001700000000000
10 18 10 2 0.00001500000000000
9 16 9 2 0.00001400000000000
11 20 11 2 0.00002900000000000
11 20 11 2 0.00001400000000000
6 10 6 2 0.00001900000000000
11 20 11 2 0.00001400000000000
5 8 5 2 0.00001000000000000
11 20 11 2 0.00001500000000000
12 22 12 2 0.00002000000000000
10 18 10 2 0.00002300000000000
11 20 11 2 0.00001800000000000
8 14 8 2 0.00001500000000000
9 16 9 2 0.00001100000000000
11 20 11 2 0.00001800000000000
11 20 11 2 0.00002700000000000
12 22 12 2 0.00001600000000000
7 12 7 2 0.00001300000000000
13 24 13 2 0.00001800000000000
12 22 12 2 0.00002100000000000
12 22 12 2 0.00001600000000000
10 18 10 2 0.00001700000000000
4 6 4 2 0.00000300000000000
10 18 10 2 0.00001900000000000
12 22 12 2 0.00001900000000000
13 24 13 2 0.00003000000000000
8 14 8 2 0.00001000000000000
12 22 12 2 0.00001600000000000
7 12 7 2 0.00001000000000000
14 26 14 2 0.00002600000000000
13 24 13 2 0.00002200000000000
13 24 13 2 0.00003000000000000
14 26 14 2 0.00002600000000000
13 24 13 2 0.00001800000000000
14 26 14 2 0.00002900000000000
13 24 13 2 0.00001800000000000
12 22 12 2 0.00001900000000000
13 24 13 2 0.00002300000000000
10 18 10 2 0.00002200000000000
12 22 12 2 0.00002000000000000
13 24 13 2 0.00002300000000000
15 28 15 2 0.00003100000000000
15 28 15 2 0.00003200000000000
12 22 12 2 0.00002100000000000
3 3 2 1 0.00000200000000000
12 22 12 2 0.00002000000000000
15 28 15 2 0.00003100000000000
13 24 13 2 0.00002200000000000
10 18 10 2 0.00001800000000000
14 26 14 2 0.00002600000000000
15 28 15 2 0.00002800000000000
15 28 15 2 0.00003600000000000
16 30 16 2 0.00002100000000000
14 26 14 2 0.00002500000000000
13 24 13 2 0.00002300000000000
14 26 14 2 0.00002500000000000
16 30 16 2 0.00002700000000000
17 32 17 2 0.00002700000000000
15 28 15 2 0.00003500000000000
15 28 15 2 0.00003400000000000
16 30 16 2 0.00002100000000000
17 32 17 2 0.00003400000000000
16 30 16 2 0.00003200000000000
15 28 15 2 0.00003600000000000
14 26 14 2 0.00002000000000000
17 32 17 2 0.00003500000000000
18 34 18 2 0.00004300000000000
18 34 18 2 0.00003600000000000
16 30 16 2 0.00003400000000000
17 32 17 2 0.00002600000000000
17 32 17 2 0.00003400000000000
18 34 18 2 0.00004300000000000
17 32 17 2 0.00002700000000000
16 30 16 2 0.00003400000000000
17 32 17 2 0.00003200000000000
7 12 7 2 0.00001400000000000
14 26 14 2 0.00002600000000000
18 34 18 2 0.00003400000000000
18 34 18 2 0.00004200000000000
18 34 18 2 0.00003400000000000
15 28 15 2 0.00003600000000000
18 34 18 2 0.00004300000000000
17 32 17 2 0.00003400000000000
18 34 18 2 0.00004200000000000
19 36 19 2 0.00004000000000000
16 30 16 2 0.00002700000000000
16 30 16 2 0.00003800000000000
16 30 16 2 0.00002200000000000
19 36 19 2 0.00004900000000000
20 38 20 2 0.00005600000000000
19 36 19 2 0.00004600000000000
18 34 18 2 0.00003600000000000
20 38 20 2 0.00005500000000000
19 36 19 2 0.00004000000000000
20 38 20 2 0.00005000000000000
20 38 20 2 0.00004200000000000
20 38 20 2 0.00004700000000000
21 40 21 2 0.00005000000000000
21 40 21 2 0.00005300000000000
17 32 17 2 0.00003400000000000
19 36 19 2 0.00005000000000000
21 40 21 2 0.00004300000000000
19 36 19 2 0.00004700000000000
19 36 19 2 0.00004100000000000
20 38 20 2 0.00005400000000000
21 40 21 2 0.00004600000000000
19 36 19 2 0.00004600000000000
21 40 21 2 0.00004200000000000
21 40 21 2 0.00005200000000000
22 42 22 2 0.00004800000000000
20 38 20 2 0.00005800000000000
19 36 19 2 0.00003600000000000
20 38 20 2 0.00005000000000000
20 38 20 2 0.00004700000000000
18 34 18 2 0.00004400000000000
22 42 22 2 0.00004600000000000
22 42 22 2 0.00005700000000000
22 42 22 2 0.00004700000000000
14 26 14 2 0.00002600000000000
21 40 21 2 0.00005400000000000
23 44 23 2 0.00004900000000000
23 44 23 2 0.00006100000000000
23 44 23 2 0.00004900000000000
20 38 20 2 0.00004900000000000
21 40 21 2 0.00004800000000000
23 44 23 2 0.00005200000000000
23 44 23 2 0.00006200000000000
21 40 21 2 0.00005300000000000
23 44 23 2 0.00004900000000000
21 40 21 2 0.00005300000000000
17 32 17 2 0.00003500000000000
24 46 24 2 0.00005400000000000
23 44 23 2 0.00006200000000000
24 46 24 2 0.00007600000000000
22 42 22 2 0.00004700000000000
24 46 24 2 0.00007700000000000
24 46 24 2 0.00005900000000000
23 44 23 2 0.00006300000000000
22 42 22 2 0.00004600000000000
22 42 22 2 0.00005600000000000
24 46 24 2 0.00006200000000000
25 48 25 2 0.00006200000000000
24 46 24 2 0.00007000000000000
24 46 24 2 0.00006100000000000
16 30 16 2 0.00003400000000000
25 48 25 2 0.00005700000000000
24 46 24 2 0.00007400000000000
25 48 25 2 0.00006000000000000
22 42 22 2 0.00005700000000000
25 48 25 2 0.00007400000000000
24 46 24 2 0.00007000000000000
25 48 25 2 0.00008100000000000
25 48 25 2 0.00005600000000000
25 48 25 2 0.00006700000000000
23 44 23 2 0.00005000000000000
25 48 25 2 0.00007000000000000
25 48 25 2 0.00007900000000000
24 46 24 2 0.00007600000000000
26 50 26 2 0.00006000000000000
22 42 22 2 0.00005700000000000
26 50 26 2 0.00006100000000000
26 50 26 2 0.00007400000000000
27 52 27 2 0.00006900000000000
26 50 26 2 0.00007900000000000
27 52 27 2 0.00006400000000000
27 52 27 2 0.00007800000000000
27 52 27 2 0.00006400000000000
26 50 26 2 0.00005900000000000
27 52 27 2 0.00006400000000000
26 50 26 2 0.00005900000000000
27 52 27 2 0.00008100000000000
14 26 14 2 0.00002800000000000
27 52 27 2 0.00008100000000000
28 54 28 2 0.00005900000000000
28 54 28 2 0.00008500000000000
27 52 27 2 0.00008100000000000
28 54 28 2 0.00006700000000000
28 54 28 2 0.00008000000000000
28 54 28 2 0.00006500000000000
28 54 28 2 0.00008500000000000
28 54 28 2 0.00006800000000000
28 54 28 2 0.00006800000000000
19 36 19 2 0.00004500000000000
26 50 26 2 0.00007500000000000
22 42 22 2 0.00005800000000000
29 56 29 2 0.00007700000000000
27 52 27 2 0.00008100000000000
28 54 28 2 0.00008400000000000
29 56 29 2 0.00009700000000000
29 56 29 2 0.00009400000000000
26 50 26 2 0.00007400000000000
29 56 29 2 0.00007800000000000
29 56 29 2 0.00008400000000000
30 58 30 2 0.00007800000000000
29 56 29 2 0.00009400000000000
25 48 25 2 0.00007500000000000
29 56 29 2 0.00008300000000000
30 58 30 2 0.00009600000000000
30 58 30 2 0.00009500000000000
29 56 29 2 0.00006700000000000
30 58 30 2 0.00010000000000000
31 60 31 2 0.00007900000000000
29 56 29 2 0.00009500000000000
30 58 30 2 0.00007400000000000
31 60 31 2 0.00007900000000000
30 58 30 2 0.00009200000000000
31 60 31 2 0.00007900000000000
30 58 30 2 0.00010500000000000
28 54 28 2 0.00006800000000000
31 60 31 2 0.00008700000000000
30 58 30 2 0.00010100000000000
32 62 32 2 0.00008200000000000
31 60 31 2 0.00009800000000000
31 60 31 2 0.00009900000000000
32 62 32 2 0.00010100000000000
32 62 32 2 0.00008000000000000
30 58 30 2 0.00009600000000000
15 28 15 2 0.00003700000000000
32 62 32 2 0.00008500000000000
31 60 31 2 0.00010000000000000
30 58 30 2 0.00009300000000000
32 62 32 2 0.00008100000000000
31 60 31 2 0.00010000000000000
26 50 26 2 0.00007500000000000
26 50 26 2 0.00007400000000000
32 62 32 2 0.00007600000000000
23 44 23 2 0.00006300000000000
33 64 33 2 0.00009100000000000
33 64 33 2 0.00011500000000000
27 52 27 2 0.00008000000000000
31 60 31 2 0.00010000000000000
33 64 33 2 0.00011300000000000
32 62 32 2 0.00010100000000000
33 64 33 2 0.00009100000000000
33 64 33 2 0.00011900000000000
32 62 32 2 0.00010100000000000
34 66 34 2 0.00010900000000000
31 60 31 2 0.00010000000000000
33 64 33 2 0.00011500000000000
34 66 34 2 0.00013400000000000
33 64 33 2 0.00009100000000000
29 56 29 2 0.00009400000000000
34 66 34 2 0.00010800000000000
34 66 34 2 0.00011000000000000
32 62 32 2 0.00007100000000000
34 66 34 2 0.00013100000000000
33 64 33 2 0.00012000000000000
35 68 35 2 0.00015100000000000
34 66 34 2 0.00013300000000000
35 68 35 2 0.00011700000000000
35 68 35 2 0.00011400000000000
35 68 35 2 0.00014700000000000
34 66 34 2 0.00013800000000000
33 64 33 2 0.00011500000000000
35 68 35 2 0.00011900000000000
35 68 35 2 0.00014700000000000
36 70 36 2 0.00012000000000000
36 70 36 2 0.00011300000000000
33 64 33 2 0.00011600000000000
36 70 36 2 0.00012100000000000
35 68 35 2 0.00013900000000000
35 68 35 2 0.00014700000000000
35 68 35 2 0.00015100000000000
36 70 36 2 0.00012000000000000
36 70 36 2 0.00012900000000000
34 66 34 2 0.00012700000000000
36 70 36 2 0.00015100000000000
34 66 34 2 0.00013300000000000
36 70 36 2 0.00014900000000000
37 72 37 2 0.00012800000000000
37 72 37 2 0.00016000000000000
37 72 37 2 0.00012700000000000
37 72 37 2 0.00012800000000000
37 72 37 2 0.00016100000000000
36 70 36 2 0.00015000000000000
37 72 37 2 0.00015900000000000
37 72 37 2 0.00012700000000000
37 72 37 2 0.00015900000000000
37 72 37 2 0.00016000000000000
37 72 37 2 0.00016100000000000
38 74 38 2 0.00013300000000000
38 74 38 2 0.00013800000000000
36 70 36 2 0.00015100000000000
38 74 38 2 0.00017300000000000
38 74 38 2 0.00013500000000000
34 66 34 2 0.00013800000000000
38 74 38 2 0.00016500000000000
39 76 39 2 0.00014500000000000
38 74 38 2 0.00017000000000000
39 76 39 2 0.00014500000000000
38 74 38 2 0.00016900000000000
39 76 39 2 0.00014300000000000
39 76 39 2 0.00018200000000000
38 74 38 2 0.00016800000000000
39 76 39 2 0.00018100000000000
36 70 36 2 0.00015100000000000
40 78 40 2 0.00014900000000000
39 76 39 2 0.00014300000000000
39 76 39 2 0.00018100000000000
39 76 39 2 0.00018500000000000
39 76 39 2 0.00017200000000000
40 78 40 2 0.00015400000000000
38 74 38 2 0.00016900000000000
40 78 40 2 0.00014300000000000
40 78 40 2 0.00016800000000000
40 78 40 2 0.00018800000000000
35 68 35 2 0.00014800000000000
40 78 40 2 0.00014300000000000
41 80 41 2 0.00015300000000000
32 62 32 2 0.00010100000000000
40 78 40 2 0.00018500000000000
39 76 39 2 0.00017800000000000
40 78 40 2 0.00018800000000000
41 80 41 2 0.00018900000000000
41 80 41 2 0.00018700000000000
41 80 41 2 0.00018600000000000
40 78 40 2 0.00018300000000000
41 80 41 2 0.00016600000000000
42 82 42 2 0.00015700000000000
41 80 41 2 0.00018700000000000
41 80 41 2 0.00014400000000000
41 80 41 2 0.00018800000000000
41 80 41 2 0.00018800000000000
41 80 41 2 0.00015100000000000
40 78 40 2 0.00016100000000000
42 82 42 2 0.00019500000000000
42 82 42 2 0.00015600000000000
42 82 42 2 0.00019700000000000
42 82 42 2 0.00015700000000000
42 82 42 2 0.00015600000000000
42 82 42 2 0.00019400000000000
42 82 42 2 0.00019600000000000
38 74 38 2 0.00016800000000000
43 84 43 2 0.00021100000000000
43 84 43 2 0.00021000000000000
43 84 43 2 0.00020900000000000
43 84 43 2 0.00021100000000000
43 84 43 2 0.00021100000000000
43 84 43 2 0.00021100000000000
43 84 43 2 0.00016800000000000
43 84 43 2 0.00021000000000000
43 84 43 2 0.00017100000000000
42 82 42 2 0.00019300000000000
44 86 44 2 0.00016500000000000
44 86 44 2 0.00017600000000000
43 84 43 2 0.00021400000000000
42 82 42 2 0.00019600000000000
44 86 44 2 0.00017500000000000
44 86 44 2 0.00022000000000000
44 86 44 2 0.00017500000000000
44 86 44 2 0.00022000000000000
44 86 44 2 0.00021900000000000
44 86 44 2 0.00021900000000000
44 86 44 2 0.00021800000000000
45 88 45 2 0.00022300000000000
45 88 45 2 0.00021100000000000
44 86 44 2 0.00021900000000000
45 88 45 2 0.00021100000000000
45 88 45 2 0.00022300000000000
45 88 45 2 0.00018200000000000
45 88 45 2 0.00022700000000000
46 90 46 2 0.00019000000000000
45 88 45 2 0.00022200000000000
46 90 46 2 0.00018700000000000
45 88 45 2 0.00021100000000000
46 90 46 2 0.00018900000000000
45 88 45 2 0.00022300000000000
46 90 46 2 0.00018900000000000
46 90 46 2 0.00023900000000000
46 90 46 2 0.00019300000000000
45 88 45 2 0.00022400000000000
46 90 46 2 0.00024400000000000
46 90 46 2 0.00023600000000000
46 90 46 2 0.00024300000000000
46 90 46 2 0.00024000000000000
47 92 47 2 0.00024400000000000
47 92 47 2 0.00025000000000000
47 92 47 2 0.00024700000000000
47 92 47 2 0.00024800000000000
47 92 47 2 0.00019700000000000
47 92 47 2 0.00024400000000000
47 92 47 2 0.00024600000000000
48 94 48 2 0.00020800000000000
47 92 47 2 0.00024700000000000
48 94 48 2 0.00020900000000000
47 92 47 2 0.00024400000000000
47 92 47 2 0.00024800000000000
48 94 48 2 0.00020400000000000
48 94 48 2 0.00025800000000000
48 94 48 2 0.00021000000000000
48 94 48 2 0.00026200000000000
48 94 48 2 0.00020800000000000
48 94 48 2 0.00025400000000000
48 94 48 2 0.00026500000000000
49 96 49 2 0.00024900000000000
48 94 48 2 0.00026300000000000
49 96 49 2 0.00026500000000000
49 96 49 2 0.00026300000000000
49 96 49 2 0.00021600000000000
49 96 49 2 0.00026500000000000
49 96 49 2 0.00026300000000000
49 96 49 2 0.00026200000000000
49 96 49 2 0.00024700000000000
49 96 49 2 0.00026400000000000
49 96 49 2 0.00026200000000000
50 98 50 2 0.00021400000000000
50 98 50 2 0.00021700000000000
50 98 50 2 0.00021600000000000
50 98 50 2 0.00026900000000000
50 98 50 2 0.00021600000000000
50 98 50 2 0.00026900000000000
50 98 50 2 0.00027000000000000
50 98 50 2 0.00026900000000000
51 100 51 2 0.00022400000000000
50 98 50 2 0.00026900000000000
50 98 50 2 0.00026900000000000
51 100 51 2 0.00028200000000000
51 100 51 2 0.00028600000000000
51 100 51 2 0.00028200000000000
51 100 51 2 0.00028500000000000
51 100 51 2 0.00022800000000000
51 100 51 2 0.00027800000000000
51 100 51 2 0.00028400000000000
51 100 51 2 0.00028600000000000
52 102 52 2 0.00027500000000000
51 100 51 2 0.00028500000000000
52 102 52 2 0.00030200000000000
52 102 52 2 0.00030600000000000
52 102 52 2 0.00025400000000000
52 102 52 2 0.00030900000000000
52 102 52 2 0.00024100000000000
52 102 52 2 0.00024600000000000
52 102 52 2 0.00025000000000000
52 102 52 2 0.00030200000000000
53 104 53 2 0.00024900000000000
52 102 52 2 0.00028600000000000
53 104 53 2 0.00030600000000000
53 104 53 2 0.00030400000000000
53 104 53 2 0.00030700000000000
53 104 53 2 0.00030700000000000
53 104 53 2 0.00030500000000000
53 104 53 2 0.00037100000000000
53 104 53 2 0.00024300000000000
53 104 53 2 0.00031000000000000
54 106 54 2 0.00031500000000000
53 104 53 2 0.00027400000000000
54 106 54 2 0.00031300000000000
54 106 54 2 0.00031800000000000
54 106 54 2 0.00031500000000000
54 106 54 2 0.00025200000000000
54 106 54 2 0.00032000000000000
54 106 54 2 0.00030800000000000
54 106 54 2 0.00025400000000000
54 106 54 2 0.00033400000000000
54 106 54 2 0.00030900000000000
55 108 55 2 0.00025800000000000
55 108 55 2 0.00026100000000000
55 108 55 2 0.00026000000000000
55 108 55 2 0.00031900000000000
55 108 55 2 0.00032300000000000
55 108 55 2 0.00032000000000000
55 108 55 2 0.00032300000000000
55 108 55 2 0.00032700000000000
55 108 55 2 0.00032200000000000
55 108 55 2 0.00032600000000000
56 110 56 2 0.00026800000000000
56 110 56 2 0.00033300000000000
56 110 56 2 0.00031800000000000
56 110 56 2 0.00033100000000000
56 110 56 2 0.00033400000000000
56 110 56 2 0.00033300000000000
56 110 56 2 0.00026500000000000
56 110 56 2 0.00033100000000000
57 112 57 2 0.00028800000000000
56 110 56 2 0.00033400000000000
56 110 56 2 0.00031400000000000
57 112 57 2 0.00034200000000000
57 112 57 2 0.00027600000000000
57 112 57 2 0.00027600000000000
57 112 57 2 0.00036200000000000
57 112 57 2 0.00028100000000000
57 112 57 2 0.00036300000000000
57 112 57 2 0.00032900000000000
57 112 57 2 0.00036000000000000
58 114 58 2 0.00029000000000000
57 112 57 2 0.00036200000000000
58 114 58 2 0.00036700000000000
58 114 58 2 0.00036400000000000
58 114 58 2 0.00037200000000000
58 114 58 2 0.00036800000000000
58 114 58 2 0.00035900000000000
58 114 58 2 0.00037600000000000
58 114 58 2 0.00037000000000000
59 116 59 2 0.00030900000000000
58 114 58 2 0.00035900000000000
59 116 59 2 0.00030000000000000
58 114 58 2 0.00037000000000000
59 116 59 2 0.00038100000000000
59 116 59 2 0.00029500000000000
59 116 59 2 0.00030100000000000
59 116 59 2 0.00038300000000000
59 116 59 2 0.00037600000000000
59 116 59 2 0.00037200000000000
59 116 59 2 0.00030200000000000
60 118 60 2 0.00029100000000000
59 116 59 2 0.00037500000000000
60 118 60 2 0.00039100000000000
60 118 60 2 0.00037900000000000
60 118 60 2 0.00036100000000000
60 118 60 2 0.00036300000000000
60 118 60 2 0.00039500000000000
60 118 60 2 0.00037800000000000
60 118 60 2 0.00037600000000000
60 118 60 2 0.00039700000000000
61 120 61 2 0.00031600000000000
61 120 61 2 0.00039300000000000
61 120 61 2 0.00031300000000000
61 120 61 2 0.00030100000000000
60 118 60 2 0.00039500000000000
61 120 61 2 0.00039100000000000
61 120 61 2 0.00031400000000000
61 120 61 2 0.00039500000000000
61 120 61 2 0.00039000000000000
61 120 61 2 0.00039100000000000
62 122 62 2 0.00032700000000000
62 122 62 2 0.00040400000000000
62 122 62 2 0.00031900000000000
61 120 61 2 0.00039200000000000
62 122 62 2 0.00040700000000000
62 122 62 2 0.00040500000000000
62 122 62 2 0.00040600000000000
62 122 62 2 0.00040900000000000
62 122 62 2 0.00040600000000000
62 122 62 2 0.00040700000000000
62 122 62 2 0.00040400000000000
63 124 63 2 0.00042100000000000
63 124 63 2 0.00034000000000000
63 124 63 2 0.00042000000000000
63 124 63 2 0.00035000000000000
63 124 63 2 0.00041900000000000
63 124 63 2 0.00034900000000000
63 124 63 2 0.00033700000000000
64 126 64 2 0.00032300000000000
63 124 63 2 0.00042600000000000
64 126 64 2 0.00037400000000000
64 126 64 2 0.00040200000000000
64 126 64 2 0.00033600000000000
63 124 63 2 0.00042000000000000
64 126 64 2 0.00040800000000000
63 124 63 2 0.00042300000000000
64 126 64 2 0.00041000000000000
64 126 64 2 0.00037300000000000
64 126 64 2 0.00041000000000000
64 126 64 2 0.00040900000000000
64 126 64 2 0.00040900000000000
65 128 65 2 0.00044700000000000
65 128 65 2 0.00045100000000000
65 128 65 2 0.00044800000000000
65 128 65 2 0.00035400000000000
65 128 65 2 0.00042700000000000
65 128 65 2 0.00035600000000000
65 128 65 2 0.00033900000000000
65 128 65 2 0.00044700000000000
65 128 65 2 0.00044600000000000
66 130 66 2 0.00039700000000000
66 130 66 2 0.00039900000000000
66 130 66 2 0.00038300000000000
65 128 65 2 0.00045100000000000
66 130 66 2 0.00049100000000000
66 130 66 2 0.00049500000000000
66 130 66 2 0.00049400000000000
66 130 66 2 0.00049200000000000
66 130 66 2 0.00048800000000000
66 130 66 2 0.00049300000000000
66 130 66 2 0.00049100000000000
67 132 67 2 0.00052000000000000
67 132 67 2 0.00052000000000000
67 132 67 2 0.00051700000000000
67 132 67 2 0.00051200000000000
67 132 67 2 0.00041600000000000
67 132 67 2 0.00051900000000000
67 132 67 2 0.00041200000000000
67 132 67 2 0.00051700000000000
68 134 68 2 0.00043800000000000
68 134 68 2 0.00041500000000000
67 132 67 2 0.00052100000000000
68 134 68 2 0.00041400000000000
67 132 67 2 0.00051100000000000
68 134 68 2 0.00043800000000000
68 134 68 2 0.00053800000000000
68 134 68 2 0.00054900000000000
68 134 68 2 0.00055100000000000
68 134 68 2 0.00052200000000000
68 134 68 2 0.00054500000000000
68 134 68 2 0.00054700000000000
69 136 69 2 0.00058400000000000
69 136 69 2 0.00058600000000000
69 136 69 2 0.00058300000000000
69 136 69 2 0.00042500000000000
69 136 69 2 0.00058400000000000
69 136 69 2 0.00058400000000000
70 138 70 2 0.00047900000000000
69 136 69 2 0.00058400000000000
69 136 69 2 0.00058500000000000
69 136 69 2 0.00057900000000000
70 138 70 2 0.00047400000000000
70 138 70 2 0.00047600000000000
69 136 69 2 0.00058200000000000
70 138 70 2 0.00047500000000000
70 138 70 2 0.00059000000000000
70 138 70 2 0.00047500000000000
70 138 70 2 0.00059500000000000
70 138 70 2 0.00059200000000000
70 138 70 2 0.00059600000000000
70 138 70 2 0.00059200000000000
71 140 71 2 0.00062800000000000
71 140 71 2 0.00063700000000000
71 140 71 2 0.00063600000000000
71 140 71 2 0.00062600000000000
71 140 71 2 0.00050300000000000
71 140 71 2 0.00063400000000000
71 140 71 2 0.00062400000000000
72 142 72 2 0.00051700000000000
72 142 72 2 0.00049000000000000
71 140 71 2 0.00063200000000000
72 142 72 2 0.00050300000000000
71 140 71 2 0.00062900000000000
72 142 72 2 0.00050700000000000
71 140 71 2 0.00064400000000000
72 142 72 2 0.00061200000000000
72 142 72 2 0.00060800000000000
72 142 72 2 0.00063600000000000
72 142 72 2 0.00052000000000000
72 142 72 2 0.00063500000000000
72 142 72 2 0.00063200000000000
73 144 73 2 0.00059200000000000
73 144 73 2 0.00064800000000000
73 144 73 2 0.00064600000000000
73 144 73 2 0.00064800000000000
73 144 73 2 0.00051100000000000
73 144 73 2 0.00064200000000000
73 144 73 2 0.00063700000000000
73 144 73 2 0.00064100000000000
73 144 73 2 0.00064200000000000
74 146 74 2 0.00054300000000000
74 146 74 2 0.00054400000000000
73 144 73 2 0.00063500000000000
74 146 74 2 0.00053900000000000
74 146 74 2 0.00053800000000000
74 146 74 2 0.00067800000000000
75 148 75 2 0.00054300000000000
74 146 74 2 0.00066800000000000
74 146 74 2 0.00066900000000000
74 146 74 2 0.00067700000000000
74 146 74 2 0.00068000000000000
74 146 74 2 0.00068400000000000
75 148 75 2 0.00068100000000000
75 148 75 2 0.00068600000000000
75 148 75 2 0.00068200000000000
75 148 75 2 0.00054700000000000
75 148 75 2 0.00068700000000000
75 148 75 2 0.00068400000000000
75 148 75 2 0.00068300000000000
75 148 75 2 0.00068400000000000
75 148 75 2 0.00068400000000000
76 150 76 2 0.00056900000000000
76 150 76 2 0.00071100000000000
76 150 76 2 0.00057100000000000
76 150 76 2 0.00068000000000000
76 150 76 2 0.00054200000000000
76 150 76 2 0.00054100000000000
76 150 76 2 0.00053300000000000
76 150 76 2 0.00070800000000000
76 150 76 2 0.00071300000000000
76 150 76 2 0.00071000000000000
77 152 77 2 0.00072000000000000
77 152 77 2 0.00069100000000000
77 152 77 2 0.00072300000000000
77 152 77 2 0.00071400000000000
77 152 77 2 0.00071800000000000
77 152 77 2 0.00057200000000000
77 152 77 2 0.00071900000000000
77 152 77 2 0.00071500000000000
77 152 77 2 0.00068800000000000
77 152 77 2 0.00071400000000000
78 154 78 2 0.00073500000000000
78 154 78 2 0.00058700000000000
78 154 78 2 0.00073200000000000
78 154 78 2 0.00058600000000000
78 154 78 2 0.00058000000000000
78 154 78 2 0.00058100000000000
78 154 78 2 0.00073500000000000
78 154 78 2 0.00073300000000000
79 156 79 2 0.00060300000000000
78 154 78 2 0.00072800000000000
78 154 78 2 0.00072800000000000
79 156 79 2 0.00075300000000000
79 156 79 2 0.00075300000000000
79 156 79 2 0.00075200000000000
79 156 79 2 0.00060100000000000
79 156 79 2 0.00074900000000000
79 156 79 2 0.00075500000000000
79 156 79 2 0.00075500000000000
79 156 79 2 0.00079000000000000
79 156 79 2 0.00074900000000000
80 158 80 2 0.00075000000000000
80 158 80 2 0.00073900000000000
80 158 80 2 0.00077000000000000
80 158 80 2 0.00062300000000000
80 158 80 2 0.00062400000000000
80 158 80 2 0.00077000000000000
81 160 81 2 0.00062800000000000
80 158 80 2 0.00061800000000000
80 158 80 2 0.00065100000000000
80 158 80 2 0.00077800000000000
80 158 80 2 0.00076800000000000
81 160 81 2 0.00079100000000000
81 160 81 2 0.00078800000000000
81 160 81 2 0.00079200000000000
81 160 81 2 0.00079300000000000
81 160 81 2 0.00060600000000000
81 160 81 2 0.00079000000000000
81 160 81 2 0.00076000000000000
81 160 81 2 0.00078700000000000
81 160 81 2 0.00082100000000000
82 162 82 2 0.00081300000000000
82 162 82 2 0.00080700000000000
82 162 82 2 0.00064100000000000
82 162 82 2 0.00081100000000000
82 162 82 2 0.00064300000000000
82 162 82 2 0.00081600000000000
82 162 82 2 0.00080000000000000
82 162 82 2 0.00080200000000000
83 164 83 2 0.00065700000000000
83 164 83 2 0.00067600000000000
82 162 82 2 0.00080900000000000
83 164 83 2 0.00066300000000000
82 162 82 2 0.00080300000000000
83 164 83 2 0.00082900000000000
83 164 83 2 0.00082200000000000
83 164 83 2 0.00066100000000000
83 164 83 2 0.00083500000000000
83 164 83 2 0.00083200000000000
83 164 83 2 0.00082900000000000
83 164 83 2 0.00083300000000000
84 166 84 2 0.00084100000000000
84 166 84 2 0.00084300000000000
84 166 84 2 0.00080700000000000
84 166 84 2 0.00064900000000000
84 166 84 2 0.00067300000000000
84 166 84 2 0.00081300000000000
84 166 84 2 0.00084300000000000
84 166 84 2 0.00082000000000000
85 168 85 2 0.00069500000000000
85 168 85 2 0.00071100000000000
85 168 85 2 0.00071000000000000
84 166 84 2 0.00084200000000000
84 166 84 2 0.00084000000000000
85 168 85 2 0.00085500000000000
85 168 85 2 0.00089500000000000
85 168 85 2 0.00089100000000000
85 168 85 2 0.00070800000000000
85 168 85 2 0.00088800000000000
85 168 85 2 0.00085500000000000
85 168 85 2 0.00088500000000000
86 170 86 2 0.00088100000000000
86 170 86 2 0.00089100000000000
86 170 86 2 0.00089000000000000
86 170 86 2 0.00088900000000000
86 170 86 2 0.00070900000000000
86 170 86 2 0.00070800000000000
86 170 86 2 0.00088200000000000
86 170 86 2 0.00088800000000000
86 170 86 2 0.00088100000000000
87 172 87 2 0.00072200000000000
87 172 87 2 0.00072200000000000
87 172 87 2 0.00073200000000000
86 170 86 2 0.00088600000000000
87 172 87 2 0.00090800000000000
87 172 87 2 0.00091100000000000
87 172 87 2 0.00090700000000000
88 174 88 2 0.00075700000000000
87 172 87 2 0.00090600000000000
87 172 87 2 0.00089900000000000
87 172 87 2 0.00090500000000000
87 172 87 2 0.00089800000000000
88 174 88 2 0.00090900000000000
88 174 88 2 0.00094900000000000
88 174 88 2 0.00091900000000000
88 174 88 2 0.00075900000000000
88 174 88 2 0.00075500000000000
88 174 88 2 0.00092000000000000
88 174 88 2 0.00095100000000000
88 174 88 2 0.00095400000000000
89 176 89 2 0.00074900000000000
88 174 88 2 0.00098700000000000
89 176 89 2 0.00075500000000000
89 176 89 2 0.00093800000000000
89 176 89 2 0.00077000000000000
89 176 89 2 0.00094100000000000
89 176 89 2 0.00093800000000000
89 176 89 2 0.00094000000000000
89 176 89 2 0.00093700000000000
90 178 90 2 0.00079100000000000
89 176 89 2 0.00092100000000000
89 176 89 2 0.00093800000000000
90 178 90 2 0.00099300000000000
90 178 90 2 0.00099200000000000
90 178 90 2 0.00098600000000000
90 178 90 2 0.00098900000000000
90 178 90 2 0.00078600000000000
90 178 90 2 0.00078900000000000
90 178 90 2 0.00099300000000000
90 178 90 2 0.00099100000000000
90 178 90 2 0.00098400000000000
91 180 91 2 0.00079100000000000
91 180 91 2 0.00099800000000000
91 180 91 2 0.00079200000000000
91 180 91 2 0.00099200000000000
91 180 91 2 0.00080600000000000
91 180 91 2 0.00098600000000000
91 180 91 2 0.00100000000000000
91 180 91 2 0.00099200000000000
92 182 92 2 0.00080300000000000
91 180 91 2 0.00098800000000000
91 180 91 2 0.00098400000000000
92 182 92 2 0.00101000000000000
92 182 92 2 0.00100500000000000
92 182 92 2 0.00101500000000000
92 182 92 2 0.00101200000000000
92 182 92 2 0.00080300000000000
93 184 93 2 0.00082600000000000
92 182 92 2 0.00100600000000000
92 182 92 2 0.00100800000000000
92 182 92 2 0.00097200000000000
92 182 92 2 0.00099900000000000
93 184 93 2 0.00079000000000000
93 184 93 2 0.00076300000000000
93 184 93 2 0.00103200000000000
93 184 93 2 0.00095300000000000
93 184 93 2 0.00083800000000000
93 184 93 2 0.00099300000000000
93 184 93 2 0.00103000000000000
94 186 94 2 0.00083800000000000
93 184 93 2 0.00103100000000000
93 184 93 2 0.00103000000000000
94 186 94 2 0.00104800000000000
94 186 94 2 0.00104400000000000
94 186 94 2 0.00104300000000000
94 186 94 2 0.00105000000000000
94 186 94 2 0.00104300000000000
94 186 94 2 0.00105200000000000
94 186 94 2 0.00083400000000000
95 188 95 2 0.00086100000000000
94 186 94 2 0.00105100000000000
94 186 94 2 0.00104600000000000
95 188 95 2 0.00086600000000000
95 188 95 2 0.00086100000000000
95 188 95 2 0.00107100000000000
95 188 95 2 0.00107800000000000
95 188 95 2 0.00107800000000000
95 188 95 2 0.00087500000000000
95 188 95 2 0.00107400000000000
95 188 95 2 0.00107700000000000
96 190 96 2 0.00087200000000000
96 190 96 2 0.00105700000000000
95 188 95 2 0.00107300000000000
96 190 96 2 0.00109300000000000
96 190 96 2 0.00105700000000000
96 190 96 2 0.00109100000000000
96 190 96 2 0.00109000000000000
97 192 97 2 0.00086400000000000
97 192 97 2 0.00086600000000000
96 190 96 2 0.00108800000000000
96 190 96 2 0.00109000000000000
96 190 96 2 0.00109100000000000
96 190 96 2 0.00108900000000000
97 192 97 2 0.00111400000000000
97 192 97 2 0.00087100000000000
97 192 97 2 0.00089600000000000
97 192 97 2 0.00112000000000000
98 194 98 2 0.00091400000000000
97 192 97 2 0.00108700000000000
97 192 97 2 0.00107100000000000
98 194 98 2 0.00090600000000000
97 192 97 2 0.00112100000000000
97 192 97 2 0.00112000000000000
98 194 98 2 0.00112800000000000
98 194 98 2 0.00113400000000000
98 194 98 2 0.00113700000000000
98 194 98 2 0.00113500000000000
98 194 98 2 0.00113200000000000
98 194 98 2 0.00113700000000000
99 196 99 2 0.00094600000000000
99 196 99 2 0.00094100000000000
98 194 98 2 0.00113100000000000
98 194 98 2 0.00113400000000000
99 196 99 2 0.00095100000000000
99 196 99 2 0.00118000000000000
99 196 99 2 0.00096700000000000
99 196 99 2 0.00118300000000000
99 196 99 2 0.00119200000000000
99 196 99 2 0.00120100000000000
100 198 100 2 0.00097000000000000
99 196 99 2 0.00118900000000000
100 198 100 2 0.00094600000000000
99 196 99 2 0.00119200000000000
100 198 100 2 0.00114500000000000
100 198 100 2 0.00118800000000000
100 198 100 2 0.00118300000000000
100 198 100 2 0.00118600000000000
100 198 100 2 0.00118000000000000
100 198 100 2 0.00118100000000000
100 198 100 2 0.00118600000000000
100 198 100 2 0.00118300000000000
105 208 105 2 0.00103300000000000
105 208 105 2 0.00103500000000000
105 208 105 2 0.00129600000000000
105 208 105 2 0.00103200000000000
105 208 105 2 0.00129800000000000
105 208 105 2 0.00103500000000000
105 208 105 2 0.00128800000000000
105 208 105 2 0.00128700000000000
105 208 105 2 0.00125000000000000
110 218 110 2 0.00112400000000000
105 208 105 2 0.00128900000000000
110 218 110 2 0.00113800000000000
110 218 110 2 0.00142300000000000
110 218 110 2 0.00144200000000000
110 218 110 2 0.00142400000000000
110 218 110 2 0.00143700000000000
110 218 110 2 0.00143600000000000
110 218 110 2 0.00142300000000000
110 218 110 2 0.00142500000000000
110 218 110 2 0.00144100000000000
115 228 115 2 0.00125800000000000
115 228 115 2 0.00125600000000000
115 228 115 2 0.00156300000000000
115 228 115 2 0.00156800000000000
115 228 115 2 0.00125700000000000
115 228 115 2 0.00125100000000000
115 228 115 2 0.00156100000000000
115 228 115 2 0.00157800000000000
115 228 115 2 0.00154900000000000
120 238 120 2 0.00130900000000000
115 228 115 2 0.00156900000000000
120 238 120 2 0.00130600000000000
120 238 120 2 0.00166800000000000
120 238 120 2 0.00167500000000000
120 238 120 2 0.00169800000000000
120 238 120 2 0.00167200000000000
120 238 120 2 0.00167600000000000
120 238 120 2 0.00168000000000000
120 238 120 2 0.00167800000000000
120 238 120 2 0.00170600000000000
125 248 125 2 0.00147700000000000
125 248 125 2 0.00147700000000000
125 248 125 2 0.00185600000000000
125 248 125 2 0.00184800000000000
125 248 125 2 0.00179900000000000
125 248 125 2 0.00148000000000000
125 248 125 2 0.00147600000000000
125 248 125 2 0.00186200000000000
125 248 125 2 0.00179200000000000
125 248 125 2 0.00185000000000000
130 258 130 2 0.00165900000000000
130 258 130 2 0.00161500000000000
130 258 130 2 0.00202200000000000
130 258 130 2 0.00200300000000000
130 258 130 2 0.00204000000000000
130 258 130 2 0.00202600000000000
130 258 130 2 0.00202500000000000
130 258 130 2 0.00201500000000000
130 258 130 2 0.00201700000000000
130 258 130 2 0.00202300000000000
135 268 135 2 0.00193500000000000
135 268 135 2 0.00194000000000000
135 268 135 2 0.00241200000000000
135 268 135 2 0.00242300000000000
135 268 135 2 0.00242100000000000
135 268 135 2 0.00194000000000000
135 268 135 2 0.00244400000000000
140 278 140 2 0.00210200000000000
135 268 135 2 0.00243500000000000
135 268 135 2 0.00242800000000000
135 268 135 2 0.00242800000000000
140 278 140 2 0.00216600000000000
140 278 140 2 0.00220100000000000
140 278 140 2 0.00271800000000000
140 278 140 2 0.00270800000000000
140 278 140 2 0.00271500000000000
140 278 140 2 0.00272200000000000
140 278 140 2 0.00274000000000000
140 278 140 2 0.00272300000000000
140 278 140 2 0.00273800000000000
145 288 145 2 0.00291600000000000
145 288 145 2 0.00292300000000000
145 288 145 2 0.00233800000000000
145 288 145 2 0.00235100000000000
145 288 145 2 0.00293000000000000
145 288 145 2 0.00293900000000000
145 288 145 2 0.00236900000000000
145 288 145 2 0.00290800000000000
150 298 150 2 0.00256400000000000
145 288 145 2 0.00295700000000000
145 288 145 2 0.00297300000000000
150 298 150 2 0.00320500000000000
150 298 150 2 0.00260200000000000
150 298 150 2 0.00263300000000000
150 298 150 2 0.00324400000000000
150 298 150 2 0.00326600000000000
150 298 150 2 0.00325900000000000
150 298 150 2 0.00324800000000000
150 298 150 2 0.00323900000000000
150 298 150 2 0.00324300000000000
155 308 155 2 0.00350100000000000
155 308 155 2 0.00351600000000000
155 308 155 2 0.00276700000000000
155 308 155 2 0.00279400000000000
155 308 155 2 0.00349700000000000
155 308 155 2 0.00346000000000000
155 308 155 2 0.00344900000000000
160 318 160 2 0.00300100000000000
155 308 155 2 0.00351500000000000
155 308 155 2 0.00347800000000000
155 308 155 2 0.00352100000000000
160 318 160 2 0.00299900000000000
160 318 160 2 0.00298800000000000
160 318 160 2 0.00303800000000000
160 318 160 2 0.00381600000000000
160 318 160 2 0.00377700000000000
160 318 160 2 0.00374000000000000
160 318 160 2 0.00379700000000000
160 318 160 2 0.00368100000000000
160 318 160 2 0.00362900000000000
165 328 165 2 0.00395000000000000
165 328 165 2 0.00401900000000000
165 328 165 2 0.00321500000000000
165 328 165 2 0.00401700000000000
165 328 165 2 0.00323200000000000
165 328 165 2 0.00399800000000000
170 338 170 2 0.00332000000000000
165 328 165 2 0.00390400000000000
165 328 165 2 0.00383400000000000
165 328 165 2 0.00406900000000000
165 328 165 2 0.00399300000000000
170 338 170 2 0.00332200000000000
170 338 170 2 0.00409600000000000
170 338 170 2 0.00327000000000000
170 338 170 2 0.00412000000000000
170 338 170 2 0.00328500000000000
170 338 170 2 0.00416600000000000
170 338 170 2 0.00412700000000000
170 338 170 2 0.00414600000000000
170 338 170 2 0.00415100000000000
175 348 175 2 0.00442500000000000
175 348 175 2 0.00444400000000000
175 348 175 2 0.00440300000000000
175 348 175 2 0.00350000000000000
175 348 175 2 0.00443500000000000
175 348 175 2 0.00350200000000000
175 348 175 2 0.00443600000000000
180 358 180 2 0.00366400000000000
175 348 175 2 0.00442400000000000
175 348 175 2 0.00443200000000000
175 348 175 2 0.00444000000000000
180 358 180 2 0.00357000000000000
180 358 180 2 0.00366800000000000
180 358 180 2 0.00459600000000000
180 358 180 2 0.00465800000000000
180 358 180 2 0.00376700000000000
180 358 180 2 0.00459600000000000
180 358 180 2 0.00466600000000000
180 358 180 2 0.00466000000000000
180 358 180 2 0.00469000000000000
185 368 185 2 0.00484800000000000
185 368 185 2 0.00494200000000000
185 368 185 2 0.00495200000000000
185 368 185 2 0.00493900000000000
185 368 185 2 0.00393500000000000
185 368 185 2 0.00387900000000000
185 368 185 2 0.00494800000000000
190 378 190 2 0.00409100000000000
185 368 185 2 0.00498900000000000
185 368 185 2 0.00486800000000000
185 368 185 2 0.00493500000000000
190 378 190 2 0.00416300000000000
190 378 190 2 0.00520400000000000
190 378 190 2 0.00410000000000000
190 378 190 2 0.00516300000000000
190 378 190 2 0.00422700000000000
190 378 190 2 0.00517400000000000
190 378 190 2 0.00519300000000000
190 378 190 2 0.00523400000000000
190 378 190 2 0.00525900000000000
195 388 195 2 0.00548700000000000
195 388 195 2 0.00547500000000000
195 388 195 2 0.00544100000000000
195 388 195 2 0.00544500000000000
195 388 195 2 0.00543700000000000
195 388 195 2 0.00439600000000000
195 388 195 2 0.00439300000000000
195 388 195 2 0.00549200000000000
200 398 200 2 0.00454800000000000
195 388 195 2 0.00549900000000000
195 388 195 2 0.00550800000000000
200 398 200 2 0.00451800000000000
200 398 200 2 0.00579200000000000
200 398 200 2 0.00454500000000000
200 398 200 2 0.00572200000000000
200 398 200 2 0.00568600000000000
200 398 200 2 0.00453400000000000
200 398 200 2 0.00579200000000000
200 398 200 2 0.00581900000000000
200 398 200 2 0.00569000000000000
205 408 205 2 0.00601900000000000
205 408 205 2 0.00596700000000000
205 408 205 2 0.00597700000000000
205 408 205 2 0.00595800000000000
205 408 205 2 0.00479200000000000
205 408 205 2 0.00587000000000000
205 408 205 2 0.00571100000000000
205 408 205 2 0.00596300000000000
210 418 210 2 0.00496300000000000
205 408 205 2 0.00583900000000000
210 418 210 2 0.00497400000000000
205 408 205 2 0.00598700000000000
210 418 210 2 0.00495100000000000
210 418 210 2 0.00623400000000000
210 418 210 2 0.00499500000000000
210 418 210 2 0.00620000000000000
210 418 210 2 0.00621800000000000
215 428 215 2 0.00532400000000000
210 418 210 2 0.00621600000000000
210 418 210 2 0.00634400000000000
210 418 210 2 0.00634800000000000
215 428 215 2 0.00654700000000000
215 428 215 2 0.00651900000000000
215 428 215 2 0.00651600000000000
215 428 215 2 0.00517400000000000
215 428 215 2 0.00649200000000000
215 428 215 2 0.00656000000000000
220 438 220 2 0.00553100000000000
215 428 215 2 0.00646600000000000
215 428 215 2 0.00651100000000000
220 438 220 2 0.00546900000000000
215 428 215 2 0.00648100000000000
220 438 220 2 0.00546000000000000
220 438 220 2 0.00697000000000000
220 438 220 2 0.00691600000000000
220 438 220 2 0.00552300000000000
220 438 220 2 0.00678700000000000
220 438 220 2 0.00680900000000000
220 438 220 2 0.00684300000000000
225 448 225 2 0.00564100000000000
220 438 220 2 0.00683800000000000
225 448 225 2 0.00707700000000000
225 448 225 2 0.00706400000000000
225 448 225 2 0.00563600000000000
225 448 225 2 0.00707700000000000
225 448 225 2 0.00707400000000000
225 448 225 2 0.00714100000000000
225 448 225 2 0.00710900000000000
225 448 225 2 0.00708100000000000
230 458 230 2 0.00597900000000000
230 458 230 2 0.00595900000000000
230 458 230 2 0.00590800000000000
225 448 225 2 0.00708500000000000
230 458 230 2 0.00744200000000000
230 458 230 2 0.00597200000000000
230 458 230 2 0.00743300000000000
230 458 230 2 0.00740900000000000
230 458 230 2 0.00743700000000000
230 458 230 2 0.00740900000000000
235 468 235 2 0.00619200000000000
230 458 230 2 0.00743900000000000
235 468 235 2 0.00769800000000000
235 468 235 2 0.00771700000000000
235 468 235 2 0.00777900000000000
235 468 235 2 0.00769700000000000
235 468 235 2 0.00617100000000000
235 468 235 2 0.00773000000000000
235 468 235 2 0.00773100000000000
240 478 240 2 0.00636200000000000
240 478 240 2 0.00627900000000000
235 468 235 2 0.00773500000000000
235 468 235 2 0.00781100000000000
240 478 240 2 0.00635900000000000
240 478 240 2 0.00791300000000000
240 478 240 2 0.00799900000000000
240 478 240 2 0.00637000000000000
240 478 240 2 0.00800100000000000
240 478 240 2 0.00795700000000000
240 478 240 2 0.00800500000000000
240 478 240 2 0.00801500000000000
245 488 245 2 0.00691000000000000
245 488 245 2 0.00862800000000000
245 488 245 2 0.00859400000000000
245 488 245 2 0.00846900000000000
245 488 245 2 0.00862200000000000
245 488 245 2 0.00856000000000000
245 488 245 2 0.00685200000000000
245 488 245 2 0.00848600000000000
245 488 245 2 0.00867600000000000
245 488 245 2 0.00849900000000000
250 498 250 2 0.00723600000000000
250 498 250 2 0.00720900000000000
250 498 250 2 0.00899900000000000
250 498 250 2 0.00720500000000000
250 498 250 2 0.00900500000000000
250 498 250 2 0.00708200000000000
250 498 250 2 0.00902700000000000
250 498 250 2 0.00903100000000000
250 498 250 2 0.00917600000000000
250 498 250 2 0.00915800000000000
260 518 260 2 0.00782800000000000
260 518 260 2 0.00994300000000000
260 518 260 2 0.00982000000000000
260 518 260 2 0.01000100000000000
260 518 260 2 0.00996300000000000
260 518 260 2 0.00976600000000000
260 518 260 2 0.00989000000000000
260 518 260 2 0.00994000000000000
270 538 270 2 0.00945600000000000
260 518 260 2 0.00989500000000000
260 518 260 2 0.00994200000000000
270 538 270 2 0.00947800000000000
270 538 270 2 0.00947300000000000
270 538 270 2 0.00952000000000000
270 538 270 2 0.01187800000000000
270 538 270 2 0.00959100000000000
270 538 270 2 0.01193800000000000
270 538 270 2 0.01187900000000000
270 538 270 2 0.01193300000000000
270 538 270 2 0.01183900000000000
280 558 280 2 0.01050500000000000
280 558 280 2 0.01322000000000000
280 558 280 2 0.01317800000000000
280 558 280 2 0.01326800000000000
280 558 280 2 0.01301700000000000
280 558 280 2 0.01319000000000000
280 558 280 2 0.01314800000000000
290 578 290 2 0.01120900000000000
280 558 280 2 0.01304200000000000
280 558 280 2 0.01326400000000000
280 558 280 2 0.01328500000000000
290 578 290 2 0.01120700000000000
290 578 290 2 0.01118200000000000
290 578 290 2 0.01408100000000000
290 578 290 2 0.01122500000000000
290 578 290 2 0.01398400000000000
290 578 290 2 0.01409300000000000
290 578 290 2 0.01126900000000000
290 578 290 2 0.01400800000000000
290 578 290 2 0.01402400000000000
300 598 300 2 0.01205500000000000
300 598 300 2 0.01509600000000000
300 598 300 2 0.01531400000000000
300 598 300 2 0.01531500000000000
300 598 300 2 0.01525300000000000
300 598 300 2 0.01506800000000000
300 598 300 2 0.01524700000000000
300 598 300 2 0.01510500000000000
300 598 300 2 0.01538100000000000
310 618 310 2 0.01280800000000000
300 598 300 2 0.01509200000000000
310 618 310 2 0.01281200000000000
310 618 310 2 0.01271400000000000
310 618 310 2 0.01605700000000000
310 618 310 2 0.01274400000000000
310 618 310 2 0.01607000000000000
310 618 310 2 0.01601100000000000
310 618 310 2 0.01605900000000000
320 638 320 2 0.01379200000000000
310 618 310 2 0.01596300000000000
310 618 310 2 0.01598000000000000
320 638 320 2 0.01682000000000000
320 638 320 2 0.01698800000000000
320 638 320 2 0.01362800000000000
320 638 320 2 0.01700200000000000
320 638 320 2 0.01705600000000000
320 638 320 2 0.01711800000000000
320 638 320 2 0.01703000000000000
320 638 320 2 0.01680700000000000
330 658 330 2 0.01473300000000000
320 638 320 2 0.01710000000000000
330 658 330 2 0.01478500000000000
330 658 330 2 0.01479100000000000
330 658 330 2 0.01481700000000000
330 658 330 2 0.01863100000000000
330 658 330 2 0.01868300000000000
330 658 330 2 0.01863300000000000
330 658 330 2 0.01861500000000000
340 678 340 2 0.01539000000000000
330 658 330 2 0.01857300000000000
330 658 330 2 0.01856200000000000
340 678 340 2 0.01928200000000000
340 678 340 2 0.01573400000000000
340 678 340 2 0.01978200000000000
340 678 340 2 0.01966900000000000
340 678 340 2 0.01967800000000000
340 678 340 2 0.01943700000000000
340 678 340 2 0.01941900000000000
340 678 340 2 0.01944600000000000
350 698 350 2 0.01641700000000000
340 678 340 2 0.01955500000000000
350 698 350 2 0.02056800000000000
350 698 350 2 0.01639300000000000
350 698 350 2 0.01633000000000000
350 698 350 2 0.02051600000000000
350 698 350 2 0.01641500000000000
350 698 350 2 0.02067300000000000
350 698 350 2 0.02059200000000000
360 718 360 2 0.01784400000000000
350 698 350 2 0.02073100000000000
350 698 350 2 0.02061900000000000
360 718 360 2 0.02162300000000000
360 718 360 2 0.02178900000000000
360 718 360 2 0.01742000000000000
360 718 360 2 0.02425400000000000
360 718 360 2 0.02431500000000000
360 718 360 2 0.02394500000000000
360 718 360 2 0.02387000000000000
360 718 360 2 0.02358000000000000
360 718 360 2 0.02327200000000000
370 738 370 2 0.02459800000000000
370 738 370 2 0.02457300000000000
370 738 370 2 0.02161300000000000
370 738 370 2 0.02426200000000000
370 738 370 2 0.02177000000000000
370 738 370 2 0.02168900000000000
370 738 370 2 0.02377500000000000
370 738 370 2 0.02170600000000000
370 738 370 2 0.02359800000000000
370 738 370 2 0.02325100000000000
380 758 380 2 0.02436500000000000
380 758 380 2 0.02249100000000000
380 758 380 2 0.02396100000000000
380 758 380 2 0.02348800000000000
380 758 380 2 0.02349900000000000
380 758 380 2 0.02325200000000000
380 758 380 2 0.02300900000000000
380 758 380 2 0.02288100000000000
380 758 380 2 0.02008500000000000
380 758 380 2 0.02007600000000000
390 778 390 2 0.02081600000000000
390 778 390 2 0.02080400000000000
390 778 390 2 0.02078800000000000
390 778 390 2 0.02078700000000000
390 778 390 2 0.02076300000000000
390 778 390 2 0.02082400000000000
390 778 390 2 0.02072700000000000
390 778 390 2 0.02072200000000000
390 778 390 2 0.02081500000000000
390 778 390 2 0.02077100000000000
400 798 400 2 0.02205500000000000
400 798 400 2 0.02206200000000000
400 798 400 2 0.02201800000000000
400 798 400 2 0.02203100000000000
400 798 400 2 0.02204700000000000
400 798 400 2 0.02243700000000000
400 798 400 2 0.02183000000000000
400 798 400 2 0.02201000000000000
400 798 400 2 0.02212900000000000
400 798 400 2 0.02194500000000000
410 818 410 2 0.02355300000000000
410 818 410 2 0.02354200000000000
410 818 410 2 0.02353700000000000
410 818 410 2 0.02351100000000000
410 818 410 2 0.02354900000000000
410 818 410 2 0.02354900000000000
410 818 410 2 0.02348400000000000
410 818 410 2 0.02353100000000000
410 818 410 2 0.02352900000000000
410 818 410 2 0.02354200000000000
420 838 420 2 0.02493100000000000
420 838 420 2 0.02443600000000000
420 838 420 2 0.02501500000000000
420 838 420 2 0.02488500000000000
420 838 420 2 0.02494600000000000
420 838 420 2 0.02490200000000000
420 838 420 2 0.02489900000000000
420 838 420 2 0.02497700000000000
420 838 420 2 0.02474400000000000
420 838 420 2 0.02450100000000000
430 858 430 2 0.02585200000000000
430 858 430 2 0.02583900000000000
430 858 430 2 0.02582200000000000
430 858 430 2 0.02586100000000000
430 858 430 2 0.02583200000000000
430 858 430 2 0.02585800000000000
430 858 430 2 0.02586000000000000
430 858 430 2 0.02584400000000000
430 858 430 2 0.02594100000000000
430 858 430 2 0.02593900000000000
440 878 440 2 0.02727600000000000
440 878 440 2 0.02726000000000000
440 878 440 2 0.02730100000000000
440 878 440 2 0.02700500000000000
440 878 440 2 0.02729700000000000
440 878 440 2 0.02720900000000000
440 878 440 2 0.02732000000000000
440 878 440 2 0.02736700000000000
440 878 440 2 0.02728500000000000
440 878 440 2 0.02713100000000000
450 898 450 2 0.02866700000000000
450 898 450 2 0.02869400000000000
450 898 450 2 0.02867200000000000
450 898 450 2 0.02909100000000000
450 898 450 2 0.02869000000000000
450 898 450 2 0.02875400000000000
450 898 450 2 0.02878200000000000
450 898 450 2 0.02863200000000000
450 898 450 2 0.02876200000000000
450 898 450 2 0.02855700000000000
460 918 460 2 0.03042100000000000
460 918 460 2 0.03008600000000000
460 918 460 2 0.03046500000000000
460 918 460 2 0.03042100000000000
460 918 460 2 0.03043500000000000
460 918 460 2 0.03016300000000000
460 918 460 2 0.03017700000000000
460 918 460 2 0.03013900000000000
460 918 460 2 0.03033600000000000
460 918 460 2 0.03041300000000000
470 938 470 2 0.03197700000000000
470 938 470 2 0.03201000000000000
470 938 470 2 0.03189100000000000
470 938 470 2 0.03393700000000000
470 938 470 2 0.03195600000000000
470 938 470 2 0.03191300000000000
470 938 470 2 0.03192400000000000
470 938 470 2 0.03142800000000000
470 938 470 2 0.03190800000000000
470 938 470 2 0.03197000000000000
480 958 480 2 0.03287500000000000
480 958 480 2 0.03293500000000000
480 958 480 2 0.03289500000000000
480 958 480 2 0.03287600000000000
480 958 480 2 0.03286500000000000
480 958 480 2 0.03292200000000000
480 958 480 2 0.03293700000000000
480 958 480 2 0.03266900000000000
480 958 480 2 0.03294800000000000
480 958 480 2 0.03287800000000000
490 978 490 2 0.03467600000000000
490 978 490 2 0.03472600000000000
490 978 490 2 0.03467800000000000
490 978 490 2 0.03466500000000000
490 978 490 2 0.03464800000000000
490 978 490 2 0.03483000000000000
490 978 490 2 0.03476000000000000
490 978 490 2 0.03468400000000000
490 978 490 2 0.03468800000000000
490 978 490 2 0.03491200000000000
500 998 500 2 0.03665800000000000
500 998 500 2 0.03623700000000000
500 998 500 2 0.03674500000000000
500 998 500 2 0.03680600000000000
500 998 500 2 0.03658100000000000
500 998 500 2 0.03687600000000000
500 998 500 2 0.03679800000000000
500 998 500 2 0.03652500000000000
500 998 500 2 0.03680700000000000
500 998 500 2 0.03690600000000000
525 1048 525 2 0.04332900000000000
525 1048 525 2 0.04335000000000000
525 1048 525 2 0.04282500000000000
525 1048 525 2 0.04317400000000000
525 1048 525 2 0.04294100000000000
525 1048 525 2 0.04325900000000000
525 1048 525 2 0.04328100000000000
525 1048 525 2 0.04337400000000000
525 1048 525 2 0.04331200000000000
525 1048 525 2 0.04324500000000000
550 1098 550 2 0.05171200000000000
550 1098 550 2 0.05161900000000000
550 1098 550 2 0.05168000000000000
550 1098 550 2 0.05161900000000000
550 1098 550 2 0.05166900000000000
550 1098 550 2 0.05227500000000000
550 1098 550 2 0.05171200000000000
550 1098 550 2 0.05184200000000000
550 1098 550 2 0.05193100000000000
550 1098 550 2 0.05190100000000000
575 1148 575 2 0.05736100000000000
575 1148 575 2 0.05732800000000000
575 1148 575 2 0.05695100000000000
575 1148 575 2 0.05718600000000000
575 1148 575 2 0.05711100000000000
575 1148 575 2 0.05717300000000000
575 1148 575 2 0.05713700000000000
575 1148 575 2 0.05705700000000000
575 1148 575 2 0.05703300000000000
575 1148 575 2 0.05730700000000000
600 1198 600 2 0.06301300000000000
600 1198 600 2 0.06286799999999999
600 1198 600 2 0.06276400000000000
600 1198 600 2 0.06304600000000000
600 1198 600 2 0.06554800000000000
600 1198 600 2 0.06551000000000000
600 1198 600 2 0.06542900000000000
600 1198 600 2 0.06553000000000000
600 1198 600 2 0.06508899999999999
600 1198 600 2 0.06642700000000000
625 1248 625 2 0.07053000000000000
625 1248 625 2 0.07091900000000000
625 1248 625 2 0.07110700000000000
625 1248 625 2 0.07096800000000000
625 1248 625 2 0.07015900000000000
625 1248 625 2 0.07076399999999999
625 1248 625 2 0.07069100000000000
625 1248 625 2 0.07119700000000000
625 1248 625 2 0.07089900000000000
625 1248 625 2 0.07092600000000000
650 1298 650 2 0.07647200000000000
650 1298 650 2 0.07659600000000000
650 1298 650 2 0.07644200000000000
650 1298 650 2 0.07661500000000000
650 1298 650 2 0.07669400000000000
650 1298 650 2 0.07654500000000000
650 1298 650 2 0.07660000000000000
650 1298 650 2 0.07671300000000000
650 1298 650 2 0.07401000000000001
650 1298 650 2 0.07398800000000000
675 1348 675 2 0.07976600000000000
675 1348 675 2 0.07977099999999999
675 1348 675 2 0.07980900000000000
675 1348 675 2 0.08081800000000000
675 1348 675 2 0.08005200000000000
675 1348 675 2 0.07997899999999999
675 1348 675 2 0.08010500000000000
675 1348 675 2 0.08007200000000000
675 1348 675 2 0.07994999999999999
675 1348 675 2 0.08003300000000001
700 1398 700 2 0.08606000000000000
700 1398 700 2 0.08602100000000000
700 1398 700 2 0.08548600000000001
700 1398 700 2 0.08604000000000001
700 1398 700 2 0.08604199999999999
700 1398 700 2 0.08538600000000000
700 1398 700 2 0.08556999999999999
700 1398 700 2 0.08600200000000000
700 1398 700 2 0.08593099999999999
700 1398 700 2 0.08617200000000000
725 1448 725 2 0.09353000000000000
725 1448 725 2 0.09411899999999999
725 1448 725 2 0.09325300000000000
725 1448 725 2 0.09330100000000000
725 1448 725 2 0.09401100000000000
725 1448 725 2 0.09393400000000000
725 1448 725 2 0.09328200000000000
725 1448 725 2 0.09395299999999999
725 1448 725 2 0.09358900000000001
725 1448 725 2 0.09431000000000000
750 1498 750 2 0.10044000000000000
750 1498 750 2 0.10045999999999999
750 1498 750 2 0.10042700000000000
750 1498 750 2 0.10031500000000000
750 1498 750 2 0.10036100000000001
750 1498 750 2 0.10058200000000000
750 1498 750 2 0.10035100000000000
750 1498 750 2 0.10068800000000000
750 1498 750 2 0.10053600000000000
750 1498 750 2 0.10085700000000000
800 1598 800 2 0.11522200000000000
800 1598 800 2 0.11502300000000000
800 1598 800 2 0.11776200000000001
800 1598 800 2 0.11827699999999999
800 1598 800 2 0.11758100000000000
800 1598 800 2 0.11826399999999999
800 1598 800 2 0.11969800000000000
800 1598 800 2 0.12006900000000000
800 1598 800 2 0.11972099999999999
800 1598 800 2 0.12034200000000000
850 1698 850 2 0.13651500000000000
850 1698 850 2 0.13744200000000001
850 1698 850 2 0.13685300000000000
850 1698 850 2 0.13691800000000001
850 1698 850 2 0.13713800000000001
850 1698 850 2 0.13684600000000000
850 1698 850 2 0.13713900000000001
850 1698 850 2 0.13655600000000001
850 1698 850 2 0.13667699999999999
850 1698 850 2 0.13655400000000001
900 1798 900 2 0.15164300000000000
900 1798 900 2 0.15305299999999999
900 1798 900 2 0.15289000000000000
900 1798 900 2 0.15267100000000000
900 1798 900 2 0.15293399999999999
900 1798 900 2 0.15234400000000001
900 1798 900 2 0.14983900000000000
900 1798 900 2 0.14928400000000000
900 1798 900 2 0.15039500000000000
900 1798 900 2 0.15000200000000000
950 1898 950 2 0.16754600000000000
950 1898 950 2 0.16721500000000000
950 1898 950 2 0.16758100000000001
950 1898 950 2 0.16713000000000000
950 1898 950 2 0.16750599999999999
950 1898 950 2 0.16796000000000000
950 1898 950 2 0.16780300000000001
950 1898 950 2 0.16785200000000000
950 1898 950 2 0.16810700000000001
950 1898 950 2 0.16804200000000000
1000 1998 1000 2 0.18966500000000000
1000 1998 1000 2 0.18980800000000000
1000 1998 1000 2 0.18923100000000001
1000 1998 1000 2 0.18967100000000001
1000 1998 1000 2 0.19002200000000000
1000 1998 1000 2 0.18925900000000001
1000 1998 1000 2 0.19039400000000001
1000 1998 1000 2 0.18966400000000000
1000 1998 1000 2 0.18948499999999999
1000 1998 1000 2 0.19116600000000000
1100 2198 1100 2 0.26447900000000002
1100 2198 1100 2 0.26399899999999998
1100 2198 1100 2 0.26476699999999997
1100 2198 1100 2 0.26506800000000003
1100 2198 1100 2 0.26413999999999999
1100 2198 1100 2 0.26315400000000000
1100 2198 1100 2 0.26422299999999999
1100 2198 1100 2 0.26564900000000002
1100 2198 1100 2 0.26484999999999997
1100 2198 1100 2 0.26514700000000002
1200 2398 1200 2 0.31997100000000001
1200 2398 1200 2 0.32156200000000001
1200 2398 1200 2 0.32137800000000000
1200 2398 1200 2 0.32327000000000000
1200 2398 1200 2 0.31992900000000002
1200 2398 1200 2 0.31720599999999999
1200 2398 1200 2 0.31779499999999999
1200 2398 1200 2 0.32861600000000002
1200 2398 1200 2 0.31875799999999999
1200 2398 1200 2 0.31962600000000002
1300 2598 1300 2 0.37797100000000000
1300 2598 1300 2 0.37721100000000002
1300 2598 1300 2 0.37658799999999998
1300 2598 1300 2 0.37783600000000001
1300 2598 1300 2 0.37764300000000001
1300 2598 1300 2 0.38962000000000002
1300 2598 1300 2 0.38101299999999999
1300 2598 1300 2 0.38171100000000002
1300 2598 1300 2 0.38177299999999997
1300 2598 1300 2 0.41632000000000002
1400 2798 1400 2 0.44655800000000001
1400 2798 1400 2 0.45046000000000003
1400 2798 1400 2 0.45017299999999999
1400 2798 1400 2 0.45236700000000002
1400 2798 1400 2 0.44670799999999999
1400 2798 1400 2 0.44845099999999999
1400 2798 1400 2 0.44691999999999998
1400 2798 1400 2 0.44819599999999998
1400 2798 1400 2 0.45060499999999998
1400 2798 1400 2 0.45034700000000000
1500 2998 1500 2 0.52852299999999997
1500 2998 1500 2 0.52920299999999998
1500 2998 1500 2 0.52584699999999995
1500 2998 1500 2 0.52792899999999998
1500 2998 1500 2 0.52773199999999998
1500 2998 1500 2 0.52724499999999996
1500 2998 1500 2 0.52769200000000005
1500 2998 1500 2 0.52926799999999996
1500 2998 1500 2 0.52706699999999995
1500 2998 1500 2 0.52603999999999995
1600 3198 1600 2 0.61917299999999997
1600 3198 1600 2 0.61887099999999995
1600 3198 1600 2 0.61823200000000000
1600 3198 1600 2 0.61846699999999999
1600 3198 1600 2 0.61741900000000005
1600 3198 1600 2 0.62053899999999995
1600 3198 1600 2 0.62026400000000004
1600 3198 1600 2 0.62251800000000002
1600 3198 1600 2 0.62400400000000000
1600 3198 1600 2 0.62156000000000000
1700 3398 1700 2 0.72043500000000005
1700 3398 1700 2 0.72509500000000005
1700 3398 1700 2 0.72184700000000002
1700 3398 1700 2 0.72181899999999999
1700 3398 1700 2 0.71733800000000003
1700 3398 1700 2 0.72056799999999999
1700 3398 1700 2 0.71666900000000000
1700 3398 1700 2 0.71799599999999997
1700 3398 1700 2 0.72064399999999995
1700 3398 1700 2 0.72078299999999995
1800 3598 1800 2 0.82444200000000001
1800 3598 1800 2 0.82584599999999997
1800 3598 1800 2 0.82958299999999996
1800 3598 1800 2 0.84292199999999995
1800 3598 1800 2 0.82396100000000005
1800 3598 1800 2 0.82364899999999996
1800 3598 1800 2 0.82680200000000004
1800 3598 1800 2 0.82635800000000004
1800 3598 1800 2 0.82292900000000002
1800 3598 1800 2 0.82611500000000004
1900 3798 1900 2 0.94045000000000001
1900 3798 1900 2 0.94497699999999996
1900 3798 1900 2 0.93490499999999999
1900 3798 1900 2 0.93962199999999996
1900 3798 1900 2 0.94193600000000000
1900 3798 1900 2 0.94126299999999996
1900 3798 1900 2 0.93819100000000000
1900 3798 1900 2 0.94189400000000001
1900 3798 1900 2 0.94370100000000001
1900 3798 1900 2 0.97266600000000003
2000 3998 2000 2 1.06360600000000005
2000 3998 2000 2 1.06337100000000007
2000 3998 2000 2 1.06495800000000007
2000 3998 2000 2 1.06329399999999996
2000 3998 2000 2 1.06422499999999998
2000 3998 2000 2 1.06583699999999992
2000 3998 2000 2 1.05809500000000001
2000 3998 2000 2 1.06413300000000000
2000 3998 2000 2 1.06669999999999998
2000 3998 2000 2 1.06459600000000010
2250 4498 2250 2 1.54443400000000008
2250 4498 2250 2 1.54951599999999989
2250 4498 2250 2 1.54679300000000008
2250 4498 2250 2 1.54976200000000008
2250 4498 2250 2 1.55063200000000001
2250 4498 2250 2 1.55634099999999997
2250 4498 2250 2 1.55032199999999998
2250 4498 2250 2 1.55272100000000002
2250 4498 2250 2 1.55312999999999990
2250 4498 2250 2 1.55626899999999990
2500 4998 2500 2 1.96488799999999997
2500 4998 2500 2 1.96865700000000010
2500 4998 2500 2 1.96043799999999990
2500 4998 2500 2 2.01423100000000010
2500 4998 2500 2 1.96704600000000007
2500 4998 2500 2 1.97868800000000000
2500 4998 2500 2 1.96530899999999997
2500 4998 2500 2 1.96618200000000010
2500 4998 2500 2 1.96807799999999999
2500 4998 2500 2 1.97042800000000007
2750 5498 2750 2 2.44084000000000012
2750 5498 2750 2 2.43472499999999981
2750 5498 2750 2 2.45117500000000010
2750 5498 2750 2 2.44455400000000012
2750 5498 2750 2 2.44562200000000018
2750 5498 2750 2 2.44734000000000007
2750 5498 2750 2 2.43036200000000013
2750 5498 2750 2 2.44240000000000013
2750 5498 2750 2 2.43778600000000001
2750 5498 2750 2 2.44390999999999980
3000 5998 3000 2 2.96368099999999979
3000 5998 3000 2 2.98303299999999982
3000 5998 3000 2 2.96058200000000005
3000 5998 3000 2 2.96510600000000002
3000 5998 3000 2 2.92109199999999980
3000 5998 3000 2 2.95447699999999980
3000 5998 3000 2 2.96699400000000013
3000 5998 3000 2 2.96432200000000012
3000 5998 3000 2 2.96531900000000004
3000 5998 3000 2 2.97759799999999997
