Nodos Aristas Frontera |CMF| Segundos
17 31 18 4 0.00012300000000000
19 33 19 4 0.00004500000000000
17 31 18 4 0.00004300000000000
17 31 18 4 0.00200500000000000
17 31 18 4 0.00012500000000000
18 32 19 4 0.00005600000000000
17 31 18 4 0.00011500000000000
19 33 19 4 0.00003400000000000
17 31 18 4 0.00172800000000000
19 33 19 4 0.00006400000000000
17 31 18 4 0.00004400000000000
18 32 19 4 0.00007000000000000
19 33 19 4 0.00003700000000000
19 33 19 4 0.00004800000000000
20 34 20 4 0.00004000000000000
17 31 18 4 0.00004900000000000
19 33 19 4 0.00003900000000000
20 34 20 4 0.00003900000000000
20 34 20 4 0.00003500000000000
20 34 20 4 0.00004200000000000
17 31 18 4 0.00012200000000000
17 31 18 4 0.00003300000000000
21 46 27 5 0.00004500000000000
18 32 19 4 0.00007800000000000
18 32 19 4 0.00005000000000000
21 46 27 5 0.00004500000000000
20 34 20 4 0.00005700000000000
21 46 27 5 0.00004600000000000
18 32 19 4 0.00004800000000000
21 46 27 5 0.00005800000000000
21 46 27 5 0.00004500000000000
18 32 19 4 0.00005800000000000
19 33 19 4 0.00004400000000000
20 34 20 4 0.00005200000000000
21 46 27 5 0.00004300000000000
19 33 19 4 0.00004300000000000
19 33 19 4 0.00004100000000000
18 32 19 4 0.00004500000000000
21 46 27 5 0.00004400000000000
22 47 28 5 0.00006000000000000
22 47 28 5 0.00005200000000000
22 47 28 5 0.00006000000000000
22 47 28 5 0.00004700000000000
22 47 28 5 0.00006900000000000
18 32 19 4 0.00005400000000000
23 48 28 5 0.00005000000000000
22 47 28 5 0.00006100000000000
21 46 27 5 0.00004400000000000
23 48 28 5 0.00006300000000000
18 32 19 4 0.00004700000000000
23 48 28 5 0.00006300000000000
20 34 20 4 0.00005000000000000
22 47 28 5 0.00006000000000000
18 32 19 4 0.00004900000000000
20 34 20 4 0.00005100000000000
24 49 29 5 0.00005800000000000
23 48 28 5 0.00006200000000000
24 49 29 5 0.00007200000000000
23 48 28 5 0.00005500000000000
22 47 28 5 0.00006600000000000
23 48 28 5 0.00004800000000000
23 48 28 5 0.00006200000000000
24 49 29 5 0.00005100000000000
21 46 27 5 0.00005800000000000
23 48 28 5 0.00005300000000000
23 48 28 5 0.00006600000000000
20 34 20 4 0.00005200000000000
25 64 38 6 0.00007300000000000
22 47 28 5 0.00006200000000000
25 64 38 6 0.00006100000000000
24 49 29 5 0.00007100000000000
25 64 38 6 0.00006100000000000
25 64 38 6 0.00007800000000000
24 49 29 5 0.00007600000000000
26 65 39 6 0.00006500000000000
24 49 29 5 0.00007500000000000
23 48 28 5 0.00005000000000000
24 49 29 5 0.00007200000000000
26 65 39 6 0.00006300000000000
25 64 38 6 0.00006100000000000
26 65 39 6 0.00007900000000000
26 65 39 6 0.00006300000000000
26 65 39 6 0.00007900000000000
26 65 39 6 0.00006300000000000
22 47 28 5 0.00004700000000000
26 65 39 6 0.00007900000000000
27 66 39 6 0.00006700000000000
24 49 29 5 0.00007400000000000
25 64 38 6 0.00007900000000000
27 66 39 6 0.00008300000000000
25 64 38 6 0.00007700000000000
25 64 38 6 0.00008300000000000
26 65 39 6 0.00007900000000000
27 66 39 6 0.00007200000000000
27 66 39 6 0.00008300000000000
27 66 39 6 0.00006600000000000
24 49 29 5 0.00007500000000000
28 67 40 6 0.00009000000000000
27 66 39 6 0.00006700000000000
27 66 39 6 0.00008200000000000
25 64 38 6 0.00007700000000000
28 67 40 6 0.00008800000000000
28 67 40 6 0.00007500000000000
24 49 29 5 0.00007600000000000
28 67 40 6 0.00007100000000000
27 66 39 6 0.00006600000000000
27 66 39 6 0.00006600000000000
28 67 40 6 0.00009000000000000
28 67 40 6 0.00007000000000000
29 85 51 7 0.00009400000000000
29 85 51 7 0.00013500000000000
28 67 40 6 0.00008800000000000
27 66 39 6 0.00008400000000000
29 85 51 7 0.00008800000000000
28 67 40 6 0.00010000000000000
29 85 51 7 0.00009200000000000
20 34 20 4 0.00005100000000000
30 86 52 7 0.00009000000000000
29 85 51 7 0.00009200000000000
26 65 39 6 0.00008100000000000
26 65 39 6 0.00008300000000000
29 85 51 7 0.00011700000000000
30 86 52 7 0.00008900000000000
30 86 52 7 0.00009300000000000
29 85 51 7 0.00011300000000000
30 86 52 7 0.00008900000000000
28 67 40 6 0.00008900000000000
31 87 52 7 0.00009400000000000
30 86 52 7 0.00011300000000000
28 67 40 6 0.00008900000000000
25 64 38 6 0.00007700000000000
31 87 52 7 0.00009300000000000
31 87 52 7 0.00011700000000000
29 85 51 7 0.00011800000000000
30 86 52 7 0.00011100000000000
31 87 52 7 0.00011600000000000
30 86 52 7 0.00011100000000000
31 87 52 7 0.00009300000000000
30 86 52 7 0.00011200000000000
31 87 52 7 0.00009200000000000
32 88 53 7 0.00012400000000000
30 86 52 7 0.00028400000000000
32 88 53 7 0.00012100000000000
32 88 53 7 0.00012100000000000
21 46 27 5 0.00005900000000000
32 88 53 7 0.00009600000000000
29 85 51 7 0.00011700000000000
32 88 53 7 0.00012100000000000
32 88 53 7 0.00009800000000000
32 88 53 7 0.00012100000000000
32 88 53 7 0.00012000000000000
31 87 52 7 0.00009300000000000
33 109 66 8 0.00011700000000000
33 109 66 8 0.00012200000000000
19 33 19 4 0.00004300000000000
33 109 66 8 0.00014700000000000
30 86 52 7 0.00011200000000000
33 109 66 8 0.00014800000000000
33 109 66 8 0.00014900000000000
33 109 66 8 0.00011800000000000
33 109 66 8 0.00014700000000000
33 109 66 8 0.00014600000000000
34 110 67 8 0.00011600000000000
31 87 52 7 0.00028400000000000
32 88 53 7 0.00012300000000000
34 110 67 8 0.00011600000000000
31 87 52 7 0.00011600000000000
34 110 67 8 0.00011500000000000
34 110 67 8 0.00011500000000000
34 110 67 8 0.00014500000000000
34 110 67 8 0.00014400000000000
33 109 66 8 0.00014800000000000
34 110 67 8 0.00014500000000000
33 109 66 8 0.00020000000000000
29 85 51 7 0.00011300000000000
35 111 67 8 0.00012000000000000
34 110 67 8 0.00014700000000000
35 111 67 8 0.00012000000000000
35 111 67 8 0.00015000000000000
35 111 67 8 0.00012000000000000
31 87 52 7 0.00011700000000000
36 112 68 8 0.00013200000000000
35 111 67 8 0.00015500000000000
35 111 67 8 0.00015200000000000
32 88 53 7 0.00012400000000000
36 112 68 8 0.00012700000000000
36 112 68 8 0.00015900000000000
35 111 67 8 0.00015800000000000
36 112 68 8 0.00016000000000000
36 112 68 8 0.00015900000000000
36 112 68 8 0.00013200000000000
36 112 68 8 0.00016400000000000
36 112 68 8 0.00016200000000000
34 110 67 8 0.00014500000000000
36 112 68 8 0.00015900000000000
37 136 83 9 0.00017000000000000
35 111 67 8 0.00015000000000000
35 111 67 8 0.00015700000000000
37 136 83 9 0.00017000000000000
37 136 83 9 0.00021200000000000
34 110 67 8 0.00014600000000000
37 136 83 9 0.00017300000000000
37 136 83 9 0.00021300000000000
37 136 83 9 0.00017100000000000
36 112 68 8 0.00016500000000000
37 136 83 9 0.00020900000000000
38 137 84 9 0.00021400000000000
37 136 83 9 0.00021100000000000
37 136 83 9 0.00021000000000000
38 137 84 9 0.00021400000000000
38 137 84 9 0.00017000000000000
38 137 84 9 0.00021600000000000
38 137 84 9 0.00021300000000000
38 137 84 9 0.00017000000000000
38 137 84 9 0.00021300000000000
38 137 84 9 0.00021300000000000
38 137 84 9 0.00021300000000000
38 137 84 9 0.00021300000000000
35 111 67 8 0.00038200000000000
39 138 84 9 0.00017200000000000
39 138 84 9 0.00021500000000000
39 138 84 9 0.00021600000000000
39 138 84 9 0.00017100000000000
39 138 84 9 0.00021400000000000
39 138 84 9 0.00017200000000000
39 138 84 9 0.00021600000000000
39 138 84 9 0.00021600000000000
39 138 84 9 0.00021600000000000
37 136 83 9 0.00042200000000000
39 138 84 9 0.00021400000000000
40 139 85 9 0.00018400000000000
40 139 85 9 0.00023100000000000
40 139 85 9 0.00018500000000000
40 139 85 9 0.00023100000000000
40 139 85 9 0.00023100000000000
40 139 85 9 0.00023000000000000
40 139 85 9 0.00023200000000000
40 139 85 9 0.00023400000000000
40 139 85 9 0.00023200000000000
41 166 102 10 0.00020100000000000
40 139 85 9 0.00023500000000000
41 166 102 10 0.00025300000000000
41 166 102 10 0.00025400000000000
41 166 102 10 0.00025300000000000
41 166 102 10 0.00025700000000000
41 166 102 10 0.00020800000000000
41 166 102 10 0.00020500000000000
41 166 102 10 0.00025500000000000
41 166 102 10 0.00025600000000000
42 167 103 10 0.00027200000000000
42 167 103 10 0.00021600000000000
42 167 103 10 0.00027100000000000
42 167 103 10 0.00021500000000000
42 167 103 10 0.00026700000000000
42 167 103 10 0.00027000000000000
42 167 103 10 0.00026700000000000
42 167 103 10 0.00026500000000000
42 167 103 10 0.00026900000000000
43 168 103 10 0.00026800000000000
43 168 103 10 0.00021600000000000
42 167 103 10 0.00026600000000000
43 168 103 10 0.00026500000000000
43 168 103 10 0.00026300000000000
43 168 103 10 0.00026400000000000
43 168 103 10 0.00026700000000000
44 169 104 10 0.00022400000000000
43 168 103 10 0.00026500000000000
43 168 103 10 0.00021200000000000
43 168 103 10 0.00026600000000000
44 169 104 10 0.00027900000000000
44 169 104 10 0.00022600000000000
44 169 104 10 0.00027900000000000
44 169 104 10 0.00022400000000000
44 169 104 10 0.00028100000000000
44 169 104 10 0.00028200000000000
44 169 104 10 0.00028100000000000
44 169 104 10 0.00028300000000000
45 199 123 11 0.00025600000000000
44 169 104 10 0.00028000000000000
45 199 123 11 0.00032000000000000
45 199 123 11 0.00032000000000000
41 166 102 10 0.00048900000000000
45 199 123 11 0.00032000000000000
45 199 123 11 0.00031900000000000
45 199 123 11 0.00031900000000000
45 199 123 11 0.00032000000000000
45 199 123 11 0.00025600000000000
45 199 123 11 0.00032000000000000
46 200 124 11 0.00027700000000000
45 199 123 11 0.00032000000000000
46 200 124 11 0.00033300000000000
46 200 124 11 0.00026300000000000
46 200 124 11 0.00032900000000000
46 200 124 11 0.00032900000000000
46 200 124 11 0.00032800000000000
43 168 103 10 0.00066500000000000
46 200 124 11 0.00026300000000000
46 200 124 11 0.00033300000000000
46 200 124 11 0.00032900000000000
47 201 124 11 0.00027000000000000
46 200 124 11 0.00033600000000000
47 201 124 11 0.00033600000000000
47 201 124 11 0.00034400000000000
47 201 124 11 0.00034400000000000
48 202 125 11 0.00029900000000000
47 201 124 11 0.00033900000000000
47 201 124 11 0.00033700000000000
47 201 124 11 0.00034300000000000
47 201 124 11 0.00034300000000000
47 201 124 11 0.00033800000000000
48 202 125 11 0.00028000000000000
48 202 125 11 0.00034900000000000
48 202 125 11 0.00028400000000000
48 202 125 11 0.00034700000000000
48 202 125 11 0.00034800000000000
48 202 125 11 0.00028400000000000
48 202 125 11 0.00034800000000000
48 202 125 11 0.00034700000000000
48 202 125 11 0.00035700000000000
49 235 146 12 0.00041000000000000
49 235 146 12 0.00032600000000000
49 235 146 12 0.00041000000000000
49 235 146 12 0.00041100000000000
49 235 146 12 0.00040900000000000
49 235 146 12 0.00041100000000000
49 235 146 12 0.00032700000000000
49 235 146 12 0.00040900000000000
50 236 147 12 0.00034600000000000
50 236 147 12 0.00033500000000000
50 236 147 12 0.00033400000000000
50 236 147 12 0.00042700000000000
50 236 147 12 0.00041900000000000
50 236 147 12 0.00041800000000000
50 236 147 12 0.00042100000000000
49 235 146 12 0.00041400000000000
50 236 147 12 0.00042400000000000
50 236 147 12 0.00042300000000000
50 236 147 12 0.00042200000000000
55 276 172 13 0.00052100000000000
55 276 172 13 0.00041500000000000
55 276 172 13 0.00051800000000000
55 276 172 13 0.00051800000000000
55 276 172 13 0.00051900000000000
47 201 124 11 0.00060300000000000
55 276 172 13 0.00041300000000000
55 276 172 13 0.00051600000000000
55 276 172 13 0.00051600000000000
55 276 172 13 0.00051500000000000
55 276 172 13 0.00052300000000000
60 319 200 14 0.00051800000000000
60 319 200 14 0.00051900000000000
49 235 146 12 0.00084600000000000
60 319 200 14 0.00064300000000000
60 319 200 14 0.00052000000000000
60 319 200 14 0.00065300000000000
60 319 200 14 0.00064600000000000
60 319 200 14 0.00065000000000000
60 319 200 14 0.00064700000000000
60 319 200 14 0.00064600000000000
65 409 258 16 0.00068800000000000
60 319 200 14 0.00065300000000000
65 409 258 16 0.00068700000000000
65 409 258 16 0.00086300000000000
65 409 258 16 0.00086200000000000
65 409 258 16 0.00086500000000000
65 409 258 16 0.00086200000000000
65 409 258 16 0.00085700000000000
65 409 258 16 0.00085800000000000
65 409 258 16 0.00085500000000000
70 461 292 17 0.00086600000000000
65 409 258 16 0.00085700000000000
70 461 292 17 0.00086000000000000
70 461 292 17 0.00086200000000000
70 461 292 17 0.00108500000000000
70 461 292 17 0.00107500000000000
70 461 292 17 0.00108800000000000
70 461 292 17 0.00108600000000000
70 461 292 17 0.00107900000000000
75 516 327 18 0.00099500000000000
70 461 292 17 0.00108200000000000
75 516 327 18 0.00098800000000000
75 516 327 18 0.00123600000000000
75 516 327 18 0.00124100000000000
75 516 327 18 0.00124400000000000
75 516 327 18 0.00123900000000000
80 574 365 19 0.00120000000000000
75 516 327 18 0.00124500000000000
75 516 327 18 0.00125100000000000
75 516 327 18 0.00124300000000000
75 516 327 18 0.00168200000000000
80 574 365 19 0.00150300000000000
80 574 365 19 0.00119300000000000
80 574 365 19 0.00118400000000000
80 574 365 19 0.00149600000000000
80 574 365 19 0.00150800000000000
80 574 365 19 0.00149600000000000
80 574 365 19 0.00148100000000000
80 574 365 19 0.00148200000000000
80 574 365 19 0.00148000000000000
70 461 292 17 0.00190200000000000
85 694 443 21 0.00144800000000000
85 694 443 21 0.00144600000000000
85 694 443 21 0.00182800000000000
85 694 443 21 0.00181200000000000
85 694 443 21 0.00145300000000000
85 694 443 21 0.00182200000000000
85 694 443 21 0.00180100000000000
85 694 443 21 0.00180200000000000
85 694 443 21 0.00180200000000000
85 694 443 21 0.00181000000000000
90 761 487 22 0.00160100000000000
90 761 487 22 0.00160800000000000
90 761 487 22 0.00201300000000000
90 761 487 22 0.00200900000000000
90 761 487 22 0.00201400000000000
90 761 487 22 0.00200800000000000
90 761 487 22 0.00202000000000000
90 761 487 22 0.00201100000000000
90 761 487 22 0.00201000000000000
95 831 532 23 0.00184000000000000
95 831 532 23 0.00183200000000000
95 831 532 23 0.00229400000000000
95 831 532 23 0.00184400000000000
95 831 532 23 0.00229900000000000
95 831 532 23 0.00230100000000000
95 831 532 23 0.00231400000000000
95 831 532 23 0.00230200000000000
95 831 532 23 0.00232600000000000
100 904 580 24 0.00261200000000000
100 904 580 24 0.00261200000000000
100 904 580 24 0.00209200000000000
100 904 580 24 0.00262100000000000
100 904 580 24 0.00210500000000000
100 904 580 24 0.00262300000000000
90 761 487 22 0.00290500000000000
100 904 580 24 0.00265200000000000
100 904 580 24 0.00266300000000000
100 904 580 24 0.00266600000000000
100 904 580 24 0.00266000000000000
110 1136 732 27 0.00372700000000000
110 1136 732 27 0.00305500000000000
110 1136 732 27 0.00307400000000000
110 1136 732 27 0.00372800000000000
110 1136 732 27 0.00305400000000000
110 1136 732 27 0.00376100000000000
110 1136 732 27 0.00380600000000000
95 831 532 23 0.00518900000000000
110 1136 732 27 0.00383500000000000
110 1136 732 27 0.00384100000000000
110 1136 732 27 0.00383600000000000
120 1309 845 29 0.00454700000000000
120 1309 845 29 0.00457400000000000
120 1309 845 29 0.00381700000000000
120 1309 845 29 0.00371100000000000
120 1309 845 29 0.00479500000000000
120 1309 845 29 0.00479700000000000
120 1309 845 29 0.00477400000000000
120 1309 845 29 0.00490400000000000
120 1309 845 29 0.00480800000000000
130 1586 1027 32 0.00596800000000000
130 1586 1027 32 0.00597200000000000
130 1586 1027 32 0.00593300000000000
130 1586 1027 32 0.00485400000000000
130 1586 1027 32 0.00494400000000000
130 1586 1027 32 0.00477000000000000
130 1586 1027 32 0.00608800000000000
130 1586 1027 32 0.00597500000000000
130 1586 1027 32 0.00600800000000000
120 1309 845 29 0.00774000000000000
130 1586 1027 32 0.00600200000000000
140 1789 1160 34 0.00597200000000000
140 1789 1160 34 0.00589200000000000
140 1789 1160 34 0.00758600000000000
140 1789 1160 34 0.00759800000000000
140 1789 1160 34 0.00748400000000000
140 1789 1160 34 0.00753600000000000
140 1789 1160 34 0.00748900000000000
140 1789 1160 34 0.00746800000000000
140 1789 1160 34 0.00744400000000000
150 2111 1372 37 0.00937700000000000
150 2111 1372 37 0.00751500000000000
150 2111 1372 37 0.00937000000000000
150 2111 1372 37 0.00946200000000000
150 2111 1372 37 0.00745900000000000
140 1789 1160 34 0.01066800000000000
150 2111 1372 37 0.00746300000000000
150 2111 1372 37 0.00939800000000000
150 2111 1372 37 0.00943300000000000
150 2111 1372 37 0.00925000000000000
150 2111 1372 37 0.00934500000000000
160 2344 1525 39 0.00827000000000000
160 2344 1525 39 0.00842300000000000
160 2344 1525 39 0.01053600000000000
160 2344 1525 39 0.01056500000000000
160 2344 1525 39 0.01057100000000000
160 2344 1525 39 0.01072400000000000
160 2344 1525 39 0.01069200000000000
160 2344 1525 39 0.01051400000000000
160 2344 1525 39 0.01315400000000000
160 2344 1525 39 0.01052800000000000
170 2711 1767 42 0.01327400000000000
170 2711 1767 42 0.01312000000000000
170 2711 1767 42 0.01324200000000000
170 2711 1767 42 0.01073500000000000
170 2711 1767 42 0.01076700000000000
170 2711 1767 42 0.01065000000000000
170 2711 1767 42 0.01328100000000000
170 2711 1767 42 0.01338200000000000
170 2711 1767 42 0.01325900000000000
180 2974 1940 44 0.01143700000000000
180 2974 1940 44 0.01155400000000000
180 2974 1940 44 0.01453000000000000
180 2974 1940 44 0.01455100000000000
180 2974 1940 44 0.01460100000000000
180 2974 1940 44 0.01459900000000000
180 2974 1940 44 0.01446500000000000
180 2974 1940 44 0.01453800000000000
180 2974 1940 44 0.01447400000000000
170 2711 1767 42 0.01700600000000000
180 2974 1940 44 0.01465600000000000
190 3386 2212 47 0.01769600000000000
190 3386 2212 47 0.01761400000000000
190 3386 2212 47 0.01758800000000000
190 3386 2212 47 0.01407000000000000
190 3386 2212 47 0.01410400000000000
190 3386 2212 47 0.01409300000000000
190 3386 2212 47 0.01773700000000000
190 3386 2212 47 0.01975900000000000
190 3386 2212 47 0.01787800000000000
190 3386 2212 47 0.01792700000000000
200 3679 2405 49 0.01647900000000000
200 3679 2405 49 0.01690000000000000
200 3679 2405 49 0.02120500000000000
200 3679 2405 49 0.02106700000000000
200 3679 2405 49 0.02119600000000000
200 3679 2405 49 0.02095500000000000
200 3679 2405 49 0.02110700000000000
200 3679 2405 49 0.02133800000000000
200 3679 2405 49 0.02097400000000000
200 3679 2405 49 0.02078800000000000
225 4789 3138 56 0.02933700000000000
225 4789 3138 56 0.02946000000000000
225 4789 3138 56 0.02951700000000000
225 4789 3138 56 0.02337400000000000
225 4789 3138 56 0.02347000000000000
225 4789 3138 56 0.02342000000000000
225 4789 3138 56 0.02954900000000000
225 4789 3138 56 0.02932400000000000
225 4789 3138 56 0.02953600000000000
225 4789 3138 56 0.03881600000000000
250 5861 3847 62 0.03320800000000000
250 5861 3847 62 0.03370100000000000
250 5861 3847 62 0.04244300000000000
250 5861 3847 62 0.04239200000000000
250 5861 3847 62 0.04235200000000000
250 5861 3847 62 0.04191800000000000
250 5861 3847 62 0.04240700000000000
250 5861 3847 62 0.04213800000000000
250 5861 3847 62 0.04494000000000000
250 5861 3847 62 0.04466100000000000
275 7041 4627 68 0.05256400000000000
275 7041 4627 68 0.05295700000000000
275 7041 4627 68 0.05337500000000000
275 7041 4627 68 0.05330700000000000
275 7041 4627 68 0.04560800000000000
275 7041 4627 68 0.04537000000000000
275 7041 4627 68 0.04519900000000000
275 7041 4627 68 0.05068200000000000
275 7041 4627 68 0.05675100000000000
275 7041 4627 68 0.05679900000000000
300 8329 5480 74 0.05804800000000000
300 8329 5480 74 0.05867300000000000
300 8329 5480 74 0.07297099999999999
300 8329 5480 74 0.07246200000000000
300 8329 5480 74 0.06023600000000000
300 8329 5480 74 0.07267500000000000
300 8329 5480 74 0.05951400000000000
300 8329 5480 74 0.07263500000000001
300 8329 5480 74 0.07291900000000000
300 8329 5480 74 0.07230200000000001
325 9964 6563 81 0.07462400000000000
325 9964 6563 81 0.07525300000000000
325 9964 6563 81 0.07452300000000001
325 9964 6563 81 0.07472700000000000
325 9964 6563 81 0.07410799999999999
325 9964 6563 81 0.07436500000000000
325 9964 6563 81 0.07484900000000000
325 9964 6563 81 0.07478799999999999
325 9964 6563 81 0.07408700000000000
325 9964 6563 81 0.07427000000000000
350 11486 7572 87 0.08981200000000000
350 11486 7572 87 0.08998600000000000
350 11486 7572 87 0.08898200000000001
350 11486 7572 87 0.08930600000000000
350 11486 7572 87 0.11187900000000001
350 11486 7572 87 0.11150599999999999
350 11486 7572 87 0.08913400000000000
350 11486 7572 87 0.11129000000000000
350 11486 7572 87 0.11199900000000000
350 11486 7572 87 0.11130100000000000
375 13116 8652 93 0.10935300000000001
375 13116 8652 93 0.10967300000000001
375 13116 8652 93 0.10970500000000000
375 13116 8652 93 0.10935300000000001
375 13116 8652 93 0.10956100000000001
375 13116 8652 93 0.13628899999999999
375 13116 8652 93 0.10920199999999999
375 13116 8652 93 0.13756199999999999
375 13116 8652 93 0.10980600000000000
375 13116 8652 93 0.13861399999999999
400 14854 9805 99 0.13470699999999999
400 14854 9805 99 0.13544700000000001
400 14854 9805 99 0.13497400000000001
400 14854 9805 99 0.13509900000000000
400 14854 9805 99 0.13518300000000000
400 14854 9805 99 0.13513100000000000
400 14854 9805 99 0.13751400000000000
400 14854 9805 99 0.13791900000000001
400 14854 9805 99 0.16143299999999999
400 14854 9805 99 0.16088900000000000
425 17014 11238 106 0.16753699999999999
425 17014 11238 106 0.16669000000000000
425 17014 11238 106 0.18498600000000001
425 17014 11238 106 0.18527800000000000
425 17014 11238 106 0.16686100000000001
425 17014 11238 106 0.16667399999999999
425 17014 11238 106 0.18441399999999999
425 17014 11238 106 0.16599800000000001
425 17014 11238 106 0.16661899999999999
425 17014 11238 106 0.18684999999999999
450 18986 12547 112 0.19431699999999999
450 18986 12547 112 0.19491700000000001
450 18986 12547 112 0.20470900000000000
450 18986 12547 112 0.21931899999999999
450 18986 12547 112 0.19525600000000001
450 18986 12547 112 0.19538300000000000
450 18986 12547 112 0.19460600000000000
450 18986 12547 112 0.19518600000000000
450 18986 12547 112 0.19416400000000000
450 18986 12547 112 0.19471600000000000
475 21066 13927 118 0.22668700000000000
475 21066 13927 118 0.22820499999999999
475 21066 13927 118 0.23088300000000000
475 21066 13927 118 0.23161699999999999
475 21066 13927 118 0.23097899999999999
475 21066 13927 118 0.23169699999999999
475 21066 13927 118 0.23152200000000001
475 21066 13927 118 0.23230999999999999
475 21066 13927 118 0.23154400000000000
475 21066 13927 118 0.23210900000000001
500 23254 15380 124 0.27715000000000001
500 23254 15380 124 0.27660499999999999
500 23254 15380 124 0.27644099999999999
500 23254 15380 124 0.27660200000000001
500 23254 15380 124 0.27798699999999998
500 23254 15380 124 0.30117699999999997
500 23254 15380 124 0.27871499999999999
500 23254 15380 124 0.27971200000000002
500 23254 15380 124 0.27982899999999999
500 23254 15380 124 0.30611400000000000
550 28361 18772 137 0.38635399999999998
550 28361 18772 137 0.38796900000000001
550 28361 18772 137 0.38690200000000002
550 28361 18772 137 0.38680900000000001
550 28361 18772 137 0.38792100000000002
550 28361 18772 137 0.39095500000000000
550 28361 18772 137 0.38697599999999999
550 28361 18772 137 0.38675300000000001
550 28361 18772 137 0.38749000000000000
550 28361 18772 137 0.38811699999999999
600 33529 22205 149 0.51592700000000002
600 33529 22205 149 0.51250600000000002
600 33529 22205 149 0.51558800000000005
600 33529 22205 149 0.51168400000000003
600 33529 22205 149 0.51209000000000005
600 33529 22205 149 0.51187899999999997
600 33529 22205 149 0.51317100000000004
600 33529 22205 149 0.51076900000000003
600 33529 22205 149 0.51121700000000003
600 33529 22205 149 0.56804699999999997
650 39611 26247 162 0.65611399999999998
650 39611 26247 162 0.65517000000000003
650 39611 26247 162 0.65792600000000001
650 39611 26247 162 0.72567400000000004
650 39611 26247 162 0.64739800000000003
650 39611 26247 162 0.65063000000000004
650 39611 26247 162 0.65067399999999997
650 39611 26247 162 0.65031399999999995
650 39611 26247 162 0.65130800000000000
650 39611 26247 162 0.65521300000000005
700 45679 30280 174 0.77682099999999998
700 45679 30280 174 0.77650200000000003
700 45679 30280 174 0.77742500000000003
700 45679 30280 174 0.77680000000000005
700 45679 30280 174 0.78061599999999998
700 45679 30280 174 0.77923699999999996
700 45679 30280 174 0.78081000000000000
700 45679 30280 174 0.78333299999999995
700 45679 30280 174 0.78381999999999996
700 45679 30280 174 0.78096200000000005
750 52736 34972 187 1.01971100000000003
750 52736 34972 187 1.02807599999999999
750 52736 34972 187 1.02985400000000005
750 52736 34972 187 1.02838399999999996
750 52736 34972 187 1.03397399999999995
750 52736 34972 187 1.02874700000000008
750 52736 34972 187 1.15612200000000009
750 52736 34972 187 1.02899000000000007
750 52736 34972 187 1.03538200000000002
750 52736 34972 187 1.16671499999999995
850 67736 44947 212 1.46785900000000002
850 67736 44947 212 1.47366799999999998
850 67736 44947 212 1.46355700000000000
850 67736 44947 212 1.47097600000000006
850 67736 44947 212 1.46168399999999998
850 67736 44947 212 1.46881700000000004
850 67736 44947 212 1.46859600000000001
850 67736 44947 212 1.46867299999999990
850 67736 44947 212 1.47019000000000011
850 67736 44947 212 1.46888299999999994
950 84611 56172 237 2.16711400000000021
950 84611 56172 237 2.17809199999999992
950 84611 56172 237 2.16628199999999982
950 84611 56172 237 2.16061699999999979
950 84611 56172 237 2.16452599999999995
950 84611 56172 237 2.16269899999999993
950 84611 56172 237 2.16441699999999981
950 84611 56172 237 2.16759600000000008
950 84611 56172 237 2.18347200000000008
950 84611 56172 237 2.17118000000000011
1050 103361 68647 262 2.95852499999999985
1050 103361 68647 262 2.96305299999999994
1050 103361 68647 262 3.49106899999999998
1050 103361 68647 262 2.96051699999999984
1050 103361 68647 262 2.95528600000000008
1050 103361 68647 262 2.96378299999999983
1050 103361 68647 262 2.96703599999999978
1050 103361 68647 262 3.48722799999999999
1050 103361 68647 262 2.94686599999999999
1050 103361 68647 262 2.95445799999999981
1150 123986 82372 287 4.05756199999999989
1150 123986 82372 287 4.06606000000000023
1150 123986 82372 287 4.06435999999999975
1150 123986 82372 287 4.09102299999999985
1150 123986 82372 287 4.07575399999999988
1150 123986 82372 287 4.07194099999999981
1150 123986 82372 287 4.07223399999999991
1150 123986 82372 287 4.08746899999999957
1150 123986 82372 287 4.09111799999999981
1150 123986 82372 287 4.09179899999999996
1250 146486 97347 312 5.17296099999999992
1250 146486 97347 312 5.19096099999999971
1250 146486 97347 312 5.21577300000000044
1250 146486 97347 312 5.23200199999999960
1250 146486 97347 312 5.19577199999999984
1250 146486 97347 312 5.19786199999999976
1250 146486 97347 312 5.21359900000000032
1250 146486 97347 312 5.16801499999999958
1250 146486 97347 312 5.20533800000000024
1250 146486 97347 312 6.15967199999999959
1500 210379 139880 374 9.65542199999999973
1500 210379 139880 374 9.63093300000000063
1500 210379 139880 374 9.66413099999999936
1500 210379 139880 374 9.63875700000000002
1500 210379 139880 374 9.69472599999999929
1500 210379 139880 374 9.63373499999999972
1500 210379 139880 374 9.68010800000000060
1500 210379 139880 374 11.02749200000000052
1500 210379 139880 374 9.66376900000000028
1500 210379 139880 374 9.67634100000000075
1750 287111 190972 437 16.41665800000000175
1750 287111 190972 437 16.51068700000000078
1750 287111 190972 437 16.51969800000000177
1750 287111 190972 437 16.55492800000000031
1750 287111 190972 437 16.53882000000000119
1750 287111 190972 437 16.47753600000000063
1750 287111 190972 437 16.57114599999999882
1750 287111 190972 437 16.58718999999999966
1750 287111 190972 437 16.49391299999999916
1750 287111 190972 437 16.62093600000000038
2000 374254 249005 499 25.84739700000000084
2000 374254 249005 499 25.85325399999999973
2000 374254 249005 499 25.83517799999999909
2000 374254 249005 499 27.78973999999999833
2000 374254 249005 499 25.92442499999999939
2000 374254 249005 499 25.77343700000000126
2000 374254 249005 499 25.91051900000000074
2000 374254 249005 499 25.94219700000000017
2000 374254 249005 499 26.04221000000000075
2000 374254 249005 499 25.95937400000000039
2500 585004 389380 624 53.98372599999999721
2500 585004 389380 624 53.84633999999999787
2500 585004 389380 624 54.02980300000000113
2500 585004 389380 624 57.76906799999999720
2500 585004 389380 624 54.03563199999999966
2500 585004 389380 624 54.02478399999999681
2500 585004 389380 624 53.91991199999999651
2500 585004 389380 624 54.18160999999999916
2500 585004 389380 624 53.97053600000000273
2500 585004 389380 624 53.89395499999999828
3000 842629 561005 749 98.63303000000000509
3000 842629 561005 749 98.92718100000000447
3000 842629 561005 749 99.07582499999999470
3000 842629 561005 749 99.00312300000000221
3000 842629 561005 749 98.29809799999999598
3000 842629 561005 749 98.78373200000000054
3000 842629 561005 749 99.10732299999999384
3000 842629 561005 749 98.68533700000000408
3000 842629 561005 749 98.75377400000000705
3000 842629 561005 749 101.22604599999999664
