Nodos Aristas Frontera |CMF| Segundos
17 16 5 2 0.00082800000000000
15 14 6 2 0.00000900000000000
15 14 6 2 0.00002100000000000
16 15 6 2 0.00001600000000000
16 15 5 2 0.00001400000000000
17 16 5 1 0.00001200000000000
17 16 6 2 0.00000700000000000
15 14 6 2 0.00000700000000000
17 16 6 2 0.00000500000000000
17 16 5 2 0.00016800000000000
16 15 6 2 0.00003700000000000
15 14 6 2 0.00002600000000000
17 16 6 2 0.00000500000000000
15 14 5 2 0.00000700000000000
15 14 6 2 0.00000600000000000
17 16 6 2 0.00001900000000000
15 14 6 2 0.00000700000000000
18 17 6 2 0.00000500000000000
15 14 6 2 0.00000700000000000
18 17 6 2 0.00000500000000000
18 17 6 2 0.00000500000000000
18 17 6 2 0.00000600000000000
18 17 6 2 0.00000700000000000
17 16 6 2 0.00000500000000000
17 16 5 1 0.00000500000000000
19 18 5 2 0.00000600000000000
17 16 5 1 0.00000700000000000
19 18 5 2 0.00000500000000000
16 15 6 2 0.00001200000000000
16 15 6 2 0.00003700000000000
19 18 6 2 0.00000500000000000
18 17 6 2 0.00000700000000000
19 18 5 2 0.00000500000000000
15 14 5 1 0.00000800000000000
19 18 6 2 0.00000600000000000
15 14 5 2 0.00001300000000000
19 18 6 2 0.00000600000000000
18 17 6 2 0.00000500000000000
20 19 6 2 0.00000600000000000
16 15 6 2 0.00001700000000000
21 20 5 2 0.00000600000000000
20 19 5 2 0.00000900000000000
20 19 5 2 0.00001000000000000
16 15 6 2 0.00001500000000000
20 19 6 2 0.00000500000000000
19 18 5 2 0.00000500000000000
21 20 6 2 0.00000600000000000
21 20 6 2 0.00001200000000000
18 17 5 2 0.00000700000000000
21 20 6 2 0.00001100000000000
21 20 6 2 0.00001500000000000
21 20 6 2 0.00001500000000000
20 19 5 1 0.00000700000000000
19 18 5 2 0.00000600000000000
20 19 5 2 0.00000500000000000
22 21 5 1 0.00000600000000000
18 17 5 2 0.00000600000000000
21 20 6 2 0.00001200000000000
18 17 5 1 0.00000600000000000
22 21 6 2 0.00000600000000000
23 22 5 2 0.00000800000000000
21 20 6 2 0.00000600000000000
19 18 6 2 0.00000700000000000
22 21 5 2 0.00000800000000000
16 15 5 2 0.00001300000000000
23 22 5 2 0.00000600000000000
22 21 5 2 0.00000600000000000
23 22 6 2 0.00001000000000000
22 21 5 1 0.00000600000000000
20 19 6 2 0.00000600000000000
23 22 5 2 0.00000600000000000
23 22 6 2 0.00000800000000000
23 22 5 1 0.00000700000000000
21 20 5 1 0.00001200000000000
22 21 6 2 0.00000500000000000
22 21 6 2 0.00000700000000000
24 23 5 2 0.00000600000000000
22 21 5 2 0.00000500000000000
24 23 6 2 0.00000700000000000
24 23 6 2 0.00000600000000000
20 19 6 2 0.00000700000000000
19 18 5 2 0.00000600000000000
25 24 5 1 0.00000600000000000
25 24 5 2 0.00000600000000000
25 24 5 2 0.00000600000000000
22 21 5 2 0.00001100000000000
24 23 6 2 0.00000800000000000
25 24 6 2 0.00001100000000000
23 22 5 1 0.00000600000000000
25 24 5 2 0.00000700000000000
24 23 5 1 0.00000600000000000
26 25 6 2 0.00000600000000000
25 24 6 2 0.00001200000000000
16 15 6 2 0.00001400000000000
25 24 5 1 0.00000600000000000
23 22 6 2 0.00000600000000000
26 25 5 2 0.00000800000000000
25 24 5 2 0.00000800000000000
25 24 6 2 0.00000600000000000
26 25 5 1 0.00001600000000000
23 22 5 2 0.00000700000000000
26 25 5 2 0.00001000000000000
27 26 6 2 0.00001200000000000
20 19 6 2 0.00000700000000000
27 26 5 1 0.00000700000000000
26 25 5 1 0.00000700000000000
27 26 5 1 0.00000600000000000
27 26 6 2 0.00000600000000000
24 23 6 2 0.00000700000000000
24 23 5 1 0.00000800000000000
26 25 5 2 0.00001200000000000
26 25 6 2 0.00001100000000000
25 24 5 1 0.00000800000000000
27 26 6 2 0.00000600000000000
22 21 6 2 0.00000700000000000
27 26 6 2 0.00000700000000000
28 27 5 2 0.00000600000000000
28 27 5 1 0.00000900000000000
28 27 6 2 0.00000600000000000
28 27 5 2 0.00000800000000000
28 27 6 2 0.00000700000000000
27 26 5 2 0.00001000000000000
21 20 5 1 0.00000700000000000
29 28 6 2 0.00000600000000000
28 27 6 2 0.00000600000000000
20 19 5 1 0.00000500000000000
26 25 5 2 0.00001400000000000
28 27 5 2 0.00000600000000000
29 28 5 1 0.00000700000000000
29 28 2 1 0.00000800000000000
27 26 5 1 0.00001600000000000
29 28 5 1 0.00000700000000000
30 29 6 2 0.00000600000000000
29 28 5 2 0.00000600000000000
29 28 6 2 0.00001000000000000
29 28 5 2 0.00000600000000000
30 29 5 2 0.00000700000000000
30 29 6 2 0.00000700000000000
29 28 6 2 0.00000800000000000
26 25 5 2 0.00001600000000000
23 22 5 2 0.00000700000000000
30 29 6 2 0.00000700000000000
31 30 6 2 0.00001300000000000
30 29 6 2 0.00000700000000000
30 29 5 1 0.00000900000000000
28 27 5 2 0.00000600000000000
31 30 5 1 0.00001800000000000
27 26 6 2 0.00001700000000000
31 30 5 1 0.00001400000000000
30 29 5 2 0.00001100000000000
31 30 6 2 0.00000600000000000
29 28 5 1 0.00000700000000000
31 30 5 2 0.00001300000000000
29 28 5 2 0.00000800000000000
32 31 5 1 0.00000700000000000
31 30 6 2 0.00001500000000000
31 30 5 1 0.00001200000000000
24 23 5 2 0.00000700000000000
32 31 5 2 0.00000700000000000
31 30 6 2 0.00001000000000000
28 27 6 2 0.00000800000000000
32 31 6 2 0.00001100000000000
31 30 5 2 0.00002300000000000
33 32 5 2 0.00001600000000000
31 30 5 2 0.00001200000000000
33 32 2 1 0.00000900000000000
32 31 5 2 0.00000700000000000
32 31 5 2 0.00001800000000000
33 32 5 1 0.00000700000000000
32 31 5 2 0.00001500000000000
34 33 5 2 0.00000700000000000
33 32 5 2 0.00001000000000000
33 32 2 1 0.00000600000000000
33 32 5 2 0.00000700000000000
34 33 5 2 0.00000800000000000
34 33 5 1 0.00000800000000000
33 32 5 2 0.00000700000000000
27 26 5 1 0.00000600000000000
32 31 5 2 0.00000900000000000
30 29 5 2 0.00000600000000000
34 33 5 2 0.00001000000000000
35 34 2 1 0.00001200000000000
34 33 5 2 0.00001000000000000
34 33 2 1 0.00000700000000000
35 34 6 2 0.00001100000000000
33 32 5 1 0.00001000000000000
34 33 5 2 0.00000800000000000
34 33 5 2 0.00000700000000000
32 31 5 2 0.00000900000000000
35 34 5 2 0.00001000000000000
35 34 5 2 0.00000800000000000
36 35 2 1 0.00001400000000000
35 34 2 1 0.00001200000000000
36 35 6 2 0.00000800000000000
35 34 5 2 0.00001800000000000
36 35 5 2 0.00000700000000000
36 35 6 2 0.00000700000000000
35 34 2 1 0.00000700000000000
36 35 5 2 0.00001000000000000
26 25 5 2 0.00001300000000000
37 36 5 1 0.00000900000000000
36 35 5 2 0.00000700000000000
35 34 5 1 0.00001700000000000
37 36 2 1 0.00000700000000000
37 36 5 1 0.00000900000000000
34 33 5 1 0.00001000000000000
36 35 2 1 0.00000800000000000
37 36 5 1 0.00000900000000000
37 36 5 2 0.00001100000000000
37 36 6 2 0.00000800000000000
35 34 6 2 0.00001600000000000
37 36 2 1 0.00000900000000000
33 32 2 1 0.00000600000000000
38 37 5 1 0.00001100000000000
37 36 5 2 0.00000900000000000
30 29 5 2 0.00000700000000000
38 37 5 1 0.00000800000000000
32 31 5 2 0.00000800000000000
24 23 6 2 0.00000800000000000
38 37 6 2 0.00000800000000000
33 32 5 2 0.00000900000000000
34 33 5 1 0.00000800000000000
30 29 5 2 0.00000900000000000
36 35 5 1 0.00000900000000000
38 37 2 1 0.00000700000000000
37 36 5 2 0.00001500000000000
39 38 5 2 0.00000800000000000
28 27 6 2 0.00000600000000000
39 38 5 2 0.00000800000000000
38 37 6 2 0.00000800000000000
39 38 2 1 0.00000700000000000
39 38 6 2 0.00000800000000000
38 37 6 2 0.00000900000000000
38 37 2 1 0.00001000000000000
24 23 5 2 0.00000700000000000
40 39 5 2 0.00001200000000000
40 39 5 1 0.00001800000000000
40 39 2 1 0.00001300000000000
39 38 2 1 0.00000900000000000
40 39 2 1 0.00001400000000000
37 36 6 2 0.00001400000000000
38 37 5 2 0.00000800000000000
40 39 5 1 0.00001700000000000
41 40 5 2 0.00000800000000000
40 39 5 2 0.00000700000000000
38 37 5 2 0.00000900000000000
41 40 5 2 0.00000900000000000
35 34 6 2 0.00001300000000000
40 39 6 2 0.00001200000000000
40 39 2 1 0.00001300000000000
38 37 5 2 0.00001100000000000
41 40 5 2 0.00000800000000000
41 40 5 2 0.00000900000000000
39 38 5 2 0.00001000000000000
41 40 6 2 0.00001100000000000
41 40 5 2 0.00001700000000000
42 41 6 2 0.00001600000000000
41 40 2 1 0.00001900000000000
42 41 5 2 0.00000700000000000
36 35 6 2 0.00001800000000000
42 41 6 2 0.00000900000000000
42 41 5 2 0.00000900000000000
42 41 5 2 0.00001000000000000
39 38 2 1 0.00000900000000000
42 41 5 2 0.00000800000000000
41 40 6 2 0.00001500000000000
42 41 5 2 0.00001100000000000
40 39 6 2 0.00001500000000000
39 38 5 1 0.00000900000000000
43 42 2 1 0.00000800000000000
43 42 2 1 0.00000800000000000
43 42 5 2 0.00001200000000000
43 42 6 2 0.00000900000000000
39 38 5 2 0.00000900000000000
44 43 5 2 0.00000900000000000
43 42 6 2 0.00000900000000000
44 43 5 2 0.00000900000000000
44 43 5 2 0.00000800000000000
41 40 6 2 0.00001400000000000
44 43 5 2 0.00000900000000000
44 43 2 1 0.00001000000000000
45 44 5 1 0.00001400000000000
43 42 6 2 0.00000900000000000
32 31 5 1 0.00001500000000000
44 43 5 2 0.00000900000000000
45 44 5 1 0.00002000000000000
44 43 5 2 0.00000800000000000
41 40 5 2 0.00001100000000000
43 42 2 1 0.00000800000000000
45 44 5 2 0.00001500000000000
44 43 5 2 0.00001100000000000
45 44 5 2 0.00002100000000000
43 42 6 2 0.00001200000000000
40 39 6 2 0.00002000000000000
39 38 5 1 0.00001100000000000
46 45 5 2 0.00000900000000000
45 44 5 2 0.00001600000000000
42 41 5 2 0.00001000000000000
36 35 5 2 0.00001400000000000
46 45 5 2 0.00001600000000000
46 45 5 2 0.00001000000000000
43 42 2 1 0.00000800000000000
45 44 2 1 0.00000900000000000
45 44 5 2 0.00001500000000000
46 45 5 2 0.00000900000000000
46 45 5 2 0.00001400000000000
47 46 2 1 0.00000800000000000
47 46 5 2 0.00000900000000000
47 46 5 2 0.00001600000000000
44 43 5 1 0.00001000000000000
47 46 6 2 0.00000900000000000
46 45 2 1 0.00001200000000000
46 45 5 2 0.00001400000000000
42 41 2 1 0.00001300000000000
48 47 5 1 0.00001000000000000
46 45 5 2 0.00002800000000000
46 45 5 2 0.00001300000000000
45 44 5 2 0.00001900000000000
48 47 5 2 0.00001000000000000
47 46 2 1 0.00000900000000000
44 43 6 2 0.00001100000000000
47 46 5 2 0.00001000000000000
47 46 5 2 0.00001200000000000
49 48 2 1 0.00000900000000000
47 46 6 2 0.00000900000000000
46 45 2 1 0.00001700000000000
47 46 6 2 0.00001000000000000
48 47 6 2 0.00000900000000000
49 48 6 2 0.00001000000000000
48 47 2 1 0.00001100000000000
48 47 5 2 0.00001000000000000
49 48 5 2 0.00000900000000000
49 48 5 2 0.00001000000000000
48 47 5 1 0.00001100000000000
50 49 5 2 0.00001800000000000
49 48 6 2 0.00001200000000000
50 49 6 2 0.00001700000000000
50 49 2 1 0.00001700000000000
49 48 5 2 0.00000900000000000
48 47 6 2 0.00001200000000000
50 49 2 1 0.00001400000000000
50 49 5 2 0.00001900000000000
55 54 2 1 0.00001800000000000
50 49 5 2 0.00001000000000000
50 49 2 1 0.00001900000000000
55 54 5 2 0.00001800000000000
49 48 5 2 0.00001300000000000
55 54 5 2 0.00001800000000000
50 49 6 2 0.00001100000000000
50 49 5 2 0.00001800000000000
55 54 5 2 0.00002000000000000
55 54 5 2 0.00002000000000000
49 48 5 2 0.00001100000000000
60 59 5 2 0.00001600000000000
42 41 5 2 0.00002000000000000
55 54 5 1 0.00001900000000000
55 54 6 2 0.00001800000000000
60 59 2 1 0.00001400000000000
55 54 6 2 0.00001100000000000
60 59 6 2 0.00001800000000000
48 47 5 2 0.00001100000000000
60 59 2 1 0.00001800000000000
60 59 5 2 0.00001100000000000
55 54 6 2 0.00001000000000000
60 59 2 1 0.00001700000000000
65 64 6 2 0.00001600000000000
65 64 2 1 0.00001600000000000
60 59 6 2 0.00001700000000000
60 59 2 1 0.00001400000000000
65 64 5 2 0.00002400000000000
60 59 5 2 0.00002200000000000
60 59 5 2 0.00001600000000000
65 64 5 2 0.00002200000000000
65 64 2 1 0.00001600000000000
70 69 2 1 0.00001600000000000
55 54 5 2 0.00001800000000000
70 69 5 2 0.00001900000000000
70 69 5 2 0.00001900000000000
65 64 5 2 0.00001200000000000
50 49 2 1 0.00001300000000000
65 64 2 1 0.00002000000000000
70 69 2 1 0.00001800000000000
65 64 5 2 0.00002100000000000
75 74 2 1 0.00001700000000000
43 42 5 2 0.00001200000000000
70 69 2 1 0.00001900000000000
47 46 2 1 0.00001100000000000
75 74 5 2 0.00001700000000000
70 69 2 1 0.00002100000000000
49 48 5 2 0.00001300000000000
65 64 6 2 0.00001700000000000
49 48 5 2 0.00001200000000000
75 74 2 1 0.00001400000000000
70 69 5 1 0.00001400000000000
75 74 5 2 0.00001800000000000
75 74 5 2 0.00001300000000000
65 64 5 2 0.00001600000000000
75 74 2 1 0.00001800000000000
70 69 2 1 0.00002100000000000
75 74 2 1 0.00002200000000000
80 79 5 2 0.00001800000000000
70 69 5 2 0.00002000000000000
80 79 5 2 0.00002500000000000
80 79 2 1 0.00001800000000000
75 74 5 2 0.00001900000000000
85 84 5 2 0.00002000000000000
80 79 2 1 0.00002100000000000
80 79 2 1 0.00002500000000000
85 84 5 2 0.00002500000000000
85 84 2 1 0.00001900000000000
85 84 2 1 0.00002200000000000
80 79 5 2 0.00002000000000000
45 44 2 1 0.00001000000000000
48 47 6 2 0.00001200000000000
85 84 5 2 0.00002100000000000
70 69 2 1 0.00002200000000000
80 79 5 2 0.00002300000000000
85 84 2 1 0.00001300000000000
80 79 5 2 0.00002500000000000
90 89 5 2 0.00002400000000000
85 84 5 2 0.00002200000000000
90 89 5 2 0.00003100000000000
85 84 2 1 0.00001600000000000
90 89 2 1 0.00002200000000000
90 89 5 2 0.00002400000000000
90 89 5 2 0.00002200000000000
95 94 5 2 0.00002100000000000
45 44 5 2 0.00001500000000000
85 84 2 1 0.00001800000000000
95 94 5 2 0.00002800000000000
95 94 2 1 0.00001700000000000
95 94 2 1 0.00002300000000000
95 94 2 1 0.00002500000000000
95 94 2 1 0.00002100000000000
75 74 2 1 0.00002100000000000
85 84 5 2 0.00002000000000000
95 94 5 2 0.00002800000000000
80 79 2 1 0.00002200000000000
100 99 5 2 0.00002200000000000
100 99 6 2 0.00003000000000000
48 47 5 1 0.00001100000000000
100 99 2 1 0.00003000000000000
95 94 5 2 0.00002100000000000
100 99 5 2 0.00002600000000000
95 94 2 1 0.00002100000000000
100 99 5 2 0.00001900000000000
90 89 2 1 0.00002300000000000
90 89 2 1 0.00002300000000000
100 99 2 1 0.00002500000000000
90 89 6 2 0.00002500000000000
100 99 5 2 0.00002800000000000
110 109 5 2 0.00002300000000000
95 94 5 2 0.00003000000000000
110 109 5 2 0.00002200000000000
110 109 5 2 0.00002600000000000
110 109 5 2 0.00002400000000000
110 109 2 1 0.00002100000000000
90 89 2 1 0.00002600000000000
110 109 2 1 0.00002600000000000
100 99 2 1 0.00003300000000000
110 109 2 1 0.00002000000000000
110 109 2 1 0.00001900000000000
110 109 2 1 0.00002200000000000
120 119 2 1 0.00002800000000000
120 119 5 2 0.00002700000000000
110 109 5 2 0.00002900000000000
100 99 5 1 0.00003300000000000
130 129 2 1 0.00002400000000000
120 119 5 1 0.00003100000000000
120 119 2 1 0.00002300000000000
120 119 5 2 0.00002900000000000
120 119 2 1 0.00003500000000000
120 119 2 1 0.00002600000000000
120 119 2 1 0.00003100000000000
120 119 2 1 0.00003200000000000
130 129 2 1 0.00003200000000000
130 129 5 2 0.00002600000000000
75 74 5 2 0.00002200000000000
16 15 6 2 0.00001200000000000
140 139 2 1 0.00002600000000000
130 129 2 1 0.00005000000000000
130 129 2 1 0.00002500000000000
140 139 2 1 0.00002500000000000
140 139 2 1 0.00002800000000000
140 139 5 2 0.00002800000000000
130 129 6 2 0.00003900000000000
130 129 2 1 0.00003600000000000
90 89 2 1 0.00002200000000000
140 139 2 1 0.00002800000000000
140 139 2 1 0.00003300000000000
140 139 2 1 0.00003900000000000
150 149 2 1 0.00003400000000000
140 139 2 1 0.00003300000000000
150 149 5 1 0.00003600000000000
80 79 2 1 0.00002200000000000
130 129 5 2 0.00003200000000000
150 149 5 2 0.00003400000000000
120 119 2 1 0.00002700000000000
140 139 2 1 0.00003200000000000
150 149 2 1 0.00003100000000000
150 149 2 1 0.00002900000000000
160 159 5 1 0.00004000000000000
140 139 5 2 0.00004000000000000
130 129 2 1 0.00007400000000000
100 99 2 1 0.00002900000000000
150 149 5 2 0.00009800000000000
150 149 5 2 0.00009900000000000
130 129 5 2 0.00003200000000000
150 149 5 2 0.00010200000000000
150 149 5 2 0.00015100000000000
150 149 2 1 0.00013200000000000
160 159 5 2 0.00024200000000000
160 159 6 2 0.00024300000000000
160 159 2 1 0.00027100000000000
160 159 2 1 0.00039400000000000
160 159 2 1 0.00034700000000000
170 169 5 2 0.00020800000000000
160 159 5 2 0.00040300000000000
160 159 2 1 0.00046600000000000
180 179 5 2 0.00029100000000000
160 159 2 1 0.00055000000000000
170 169 2 1 0.00057700000000000
170 169 2 1 0.00059100000000000
170 169 2 1 0.00055500000000000
170 169 5 2 0.00058300000000000
190 189 2 1 0.00029400000000000
190 189 5 2 0.00003600000000000
170 169 2 1 0.00053400000000000
170 169 2 1 0.00052000000000000
180 179 2 1 0.00054700000000000
180 179 2 1 0.00056500000000000
180 179 5 2 0.00054500000000000
180 179 5 2 0.00055800000000000
170 169 5 2 0.00053500000000000
180 179 5 2 0.00055000000000000
180 179 2 1 0.00056600000000000
180 179 5 2 0.00057000000000000
200 199 5 2 0.00026000000000000
180 179 5 2 0.00056800000000000
170 169 5 2 0.00056600000000000
160 159 5 2 0.00052600000000000
190 189 5 2 0.00051300000000000
190 189 5 2 0.00053400000000000
180 179 5 2 0.00053200000000000
190 189 5 2 0.00054500000000000
190 189 6 2 0.00053000000000000
190 189 5 2 0.00052100000000000
190 189 2 1 0.00054700000000000
190 189 5 2 0.00055900000000000
170 169 2 1 0.00051100000000000
225 224 2 1 0.00033300000000000
190 189 2 1 0.00058000000000000
200 199 5 2 0.00053300000000000
200 199 5 2 0.00055500000000000
200 199 2 1 0.00054000000000000
200 199 2 1 0.00057500000000000
200 199 2 1 0.00054700000000000
200 199 5 2 0.00055700000000000
200 199 5 2 0.00056000000000000
200 199 2 1 0.00055500000000000
250 249 5 2 0.00031700000000000
200 199 2 1 0.00054900000000000
275 274 5 2 0.00055300000000000
275 274 5 2 0.00005000000000000
225 224 5 2 0.00051400000000000
225 224 2 1 0.00050400000000000
225 224 5 2 0.00051600000000000
225 224 5 2 0.00053200000000000
225 224 5 1 0.00052100000000000
225 224 5 2 0.00051200000000000
275 274 2 1 0.00004700000000000
225 224 5 2 0.00054600000000000
225 224 2 1 0.00051000000000000
300 299 2 1 0.00056400000000000
300 299 5 2 0.00005900000000000
250 249 5 2 0.00103200000000000
300 299 5 2 0.00005800000000000
250 249 5 2 0.00099800000000000
250 249 5 2 0.00100000000000000
225 224 5 2 0.00051600000000000
250 249 5 2 0.00097500000000000
250 249 2 1 0.00097500000000000
250 249 5 2 0.00100100000000000
250 249 2 1 0.00099900000000000
250 249 5 2 0.00097200000000000
325 324 2 1 0.00035000000000000
325 324 2 1 0.00005500000000000
250 249 5 2 0.00107600000000000
275 274 5 2 0.00103800000000000
275 274 2 1 0.00102000000000000
275 274 2 1 0.00104600000000000
275 274 6 2 0.00103300000000000
275 274 5 2 0.00105600000000000
275 274 5 2 0.00102100000000000
275 274 5 2 0.00102500000000000
350 349 2 1 0.00058800000000000
350 349 2 1 0.00005800000000000
300 299 2 1 0.00062500000000000
300 299 5 2 0.00059700000000000
300 299 2 1 0.00059600000000000
300 299 5 2 0.00058600000000000
300 299 5 1 0.00055900000000000
375 374 5 1 0.00054600000000000
300 299 5 1 0.00052500000000000
375 374 5 2 0.00007100000000000
375 374 2 1 0.00006400000000000
300 299 5 2 0.00053400000000000
375 374 5 2 0.00006800000000000
325 324 5 1 0.00112300000000000
400 399 2 1 0.00059400000000000
325 324 5 2 0.00114100000000000
325 324 2 1 0.00112600000000000
325 324 5 2 0.00113500000000000
400 399 2 1 0.00006700000000000
325 324 2 1 0.00110600000000000
325 324 2 1 0.00107000000000000
400 399 2 1 0.00006600000000000
325 324 6 2 0.00102000000000000
350 349 2 1 0.00107000000000000
425 424 5 2 0.00061100000000000
350 349 5 2 0.00111800000000000
350 349 2 1 0.00112200000000000
350 349 2 1 0.00110200000000000
325 324 2 1 0.00110900000000000
425 424 2 1 0.00007000000000000
350 349 5 2 0.00107200000000000
350 349 2 1 0.00106000000000000
425 424 2 1 0.00007000000000000
350 349 5 2 0.00102900000000000
375 374 2 1 0.00105200000000000
350 349 5 2 0.00109000000000000
375 374 2 1 0.00102800000000000
375 374 2 1 0.00102100000000000
375 374 5 2 0.00102800000000000
375 374 2 1 0.00097600000000000
450 449 6 2 0.00050900000000000
375 374 2 1 0.00096300000000000
450 449 5 2 0.00009200000000000
400 399 2 1 0.00053200000000000
400 399 2 1 0.00055800000000000
400 399 5 2 0.00055900000000000
475 474 2 1 0.00056100000000000
400 399 5 2 0.00082800000000000
400 399 2 1 0.00078300000000000
400 399 2 1 0.00076500000000000
475 474 5 2 0.00008700000000000
475 474 2 1 0.00008100000000000
400 399 2 1 0.00073100000000000
425 424 5 2 0.00106500000000000
425 424 5 2 0.00107900000000000
425 424 5 2 0.00108600000000000
425 424 2 1 0.00106200000000000
500 499 2 1 0.00081300000000000
425 424 5 2 0.00102900000000000
425 424 5 2 0.00100600000000000
500 499 6 2 0.00008700000000000
500 499 2 1 0.00008400000000000
425 424 5 2 0.00110400000000000
450 449 2 1 0.00109600000000000
450 449 2 1 0.00111600000000000
450 449 5 2 0.00116000000000000
450 449 5 2 0.00114200000000000
450 449 2 1 0.00111500000000000
450 449 5 2 0.00110000000000000
550 549 5 2 0.00047800000000000
450 449 2 1 0.00100800000000000
550 549 2 1 0.00009000000000000
475 474 5 2 0.00104100000000000
450 449 5 2 0.00105600000000000
475 474 5 2 0.00108400000000000
475 474 5 2 0.00104500000000000
475 474 5 2 0.00105900000000000
475 474 2 1 0.00101900000000000
475 474 2 1 0.00101700000000000
475 474 2 1 0.00094000000000000
500 499 5 2 0.00153800000000000
600 599 2 1 0.00081000000000000
500 499 2 1 0.00152800000000000
500 499 5 2 0.00155300000000000
500 499 5 2 0.00154300000000000
500 499 5 2 0.00143000000000000
500 499 2 1 0.00143100000000000
500 499 5 2 0.00139300000000000
650 649 2 1 0.00081800000000000
650 649 5 2 0.00011600000000000
650 649 2 1 0.00010600000000000
550 549 2 1 0.00140500000000000
650 649 5 2 0.00011100000000000
550 549 5 2 0.00146900000000000
550 549 2 1 0.00143300000000000
550 549 5 2 0.00146700000000000
550 549 6 2 0.00142900000000000
550 549 2 1 0.00146600000000000
550 549 5 2 0.00142100000000000
550 549 2 1 0.00149800000000000
700 699 5 2 0.00088000000000000
700 699 5 2 0.00012000000000000
600 599 5 2 0.00162800000000000
600 599 5 2 0.00160800000000000
600 599 2 1 0.00162700000000000
600 599 2 1 0.00163800000000000
600 599 2 1 0.00163200000000000
600 599 5 2 0.00161400000000000
600 599 5 2 0.00162800000000000
600 599 2 1 0.00158800000000000
750 749 5 2 0.00104300000000000
600 599 5 2 0.00146600000000000
750 749 5 2 0.00013800000000000
650 649 2 1 0.00164500000000000
650 649 5 2 0.00164800000000000
650 649 2 1 0.00160300000000000
800 799 5 2 0.00111100000000000
650 649 2 1 0.00161100000000000
650 649 5 2 0.00161300000000000
650 649 2 1 0.00155700000000000
800 799 2 1 0.00013300000000000
800 799 2 1 0.00013300000000000
700 699 5 2 0.00163600000000000
700 699 5 2 0.00168700000000000
700 699 5 2 0.00173600000000000
700 699 2 1 0.00167100000000000
700 699 5 2 0.00171600000000000
700 699 2 1 0.00173700000000000
700 699 2 1 0.00168200000000000
850 849 2 1 0.00093200000000000
850 849 5 2 0.00014100000000000
700 699 5 2 0.00150800000000000
850 849 5 2 0.00015400000000000
750 749 2 1 0.00154900000000000
750 749 5 2 0.00160300000000000
900 899 2 1 0.00114000000000000
750 749 5 2 0.00161800000000000
750 749 5 2 0.00157800000000000
750 749 2 1 0.00156400000000000
750 749 5 2 0.00153300000000000
750 749 5 2 0.00151100000000000
750 749 2 1 0.00154900000000000
900 899 5 2 0.00017000000000000
950 949 5 2 0.00118600000000000
800 799 2 1 0.00159200000000000
800 799 5 2 0.00157400000000000
950 949 5 2 0.00016100000000000
800 799 2 1 0.00148500000000000
800 799 2 1 0.00156400000000000
800 799 5 2 0.00156700000000000
800 799 2 1 0.00153200000000000
950 949 2 1 0.00015600000000000
800 799 2 1 0.00151000000000000
950 949 5 2 0.00017200000000000
850 849 2 1 0.00206100000000000
850 849 2 1 0.00214200000000000
1000 999 2 1 0.00149400000000000
850 849 2 1 0.00220200000000000
850 849 2 1 0.00217900000000000
850 849 2 1 0.00218900000000000
850 849 2 1 0.00223100000000000
850 849 2 1 0.00210300000000000
1000 999 2 1 0.00016900000000000
900 899 2 1 0.00209000000000000
900 899 5 2 0.00209400000000000
900 899 2 1 0.00206700000000000
900 899 5 2 0.00209600000000000
900 899 5 2 0.00208100000000000
900 899 2 1 0.00210100000000000
900 899 5 2 0.00207100000000000
900 899 5 2 0.00187500000000000
1100 1099 2 1 0.00141100000000000
950 949 2 1 0.00218900000000000
950 949 2 1 0.00216100000000000
950 949 5 2 0.00214600000000000
950 949 5 2 0.00212500000000000
950 949 5 2 0.00210400000000000
950 949 5 2 0.00203100000000000
1200 1199 5 2 0.00119300000000000
1200 1199 5 2 0.00020700000000000
1000 999 2 1 0.00202400000000000
1200 1199 5 2 0.00021700000000000
1000 999 2 1 0.00221400000000000
1000 999 5 2 0.00246700000000000
1000 999 2 1 0.00236700000000000
1000 999 5 2 0.00242300000000000
1000 999 5 2 0.00234200000000000
1000 999 5 2 0.00239800000000000
1000 999 5 2 0.00215800000000000
1300 1299 5 2 0.00134300000000000
1300 1299 5 2 0.00024900000000000
1300 1299 5 2 0.00023100000000000
1100 1099 5 2 0.00176600000000000
1100 1099 5 2 0.00174700000000000
1100 1099 5 2 0.00198500000000000
1100 1099 5 2 0.00215400000000000
1100 1099 2 1 0.00212600000000000
1100 1099 5 2 0.00215100000000000
1100 1099 5 2 0.00206000000000000
1100 1099 2 1 0.00208700000000000
1100 1099 2 1 0.00255400000000000
1400 1399 2 1 0.00088400000000000
1200 1199 5 2 0.00191200000000000
1200 1199 2 1 0.00207600000000000
1200 1199 2 1 0.00205200000000000
1200 1199 2 1 0.00194500000000000
1200 1199 2 1 0.00198700000000000
1200 1199 2 1 0.00230000000000000
1500 1499 2 1 0.00035300000000000
1500 1499 5 2 0.00027000000000000
1500 1499 5 2 0.00024500000000000
1500 1499 2 1 0.00023900000000000
1600 1599 2 1 0.00112800000000000
1600 1599 2 1 0.00026500000000000
1600 1599 2 1 0.00026100000000000
1600 1599 5 2 0.00030200000000000
1600 1599 5 2 0.00030700000000000
1600 1599 2 1 0.00026000000000000
1600 1599 2 1 0.00026400000000000
1600 1599 5 2 0.00027100000000000
1200 1199 2 1 0.00215900000000000
1600 1599 5 2 0.00027300000000000
1700 1699 5 2 0.00183800000000000
1300 1299 5 2 0.00195000000000000
1700 1699 5 2 0.00031500000000000
1300 1299 2 1 0.00195000000000000
1300 1299 2 1 0.00195800000000000
1700 1699 5 2 0.00030300000000000
1300 1299 5 2 0.00209300000000000
1300 1299 2 1 0.00208500000000000
1700 1699 2 1 0.00028400000000000
1300 1299 5 2 0.00210300000000000
1700 1699 2 1 0.00027400000000000
1400 1399 5 2 0.00198900000000000
1300 1299 2 1 0.00197600000000000
1400 1399 5 2 0.00220900000000000
1400 1399 5 2 0.00238800000000000
1800 1799 5 2 0.00193200000000000
1400 1399 2 1 0.00229000000000000
1800 1799 5 2 0.00032500000000000
1400 1399 2 1 0.00215900000000000
1400 1399 5 2 0.00174700000000000
1800 1799 2 1 0.00029700000000000
1400 1399 2 1 0.00189200000000000
1400 1399 2 1 0.00190400000000000
1400 1399 2 1 0.00246300000000000
1900 1899 2 1 0.00161300000000000
1900 1899 5 2 0.00032500000000000
1900 1899 2 1 0.00031100000000000
1900 1899 5 2 0.00033700000000000
1500 1499 2 1 0.00180500000000000
1900 1899 5 2 0.00033400000000000
1900 1899 5 2 0.00030800000000000
1500 1499 5 2 0.00186400000000000
1500 1499 2 1 0.00221800000000000
2000 1999 2 1 0.00182800000000000
2000 1999 2 1 0.00030400000000000
2000 1999 2 1 0.00030700000000000
2000 1999 5 2 0.00032400000000000
2000 1999 2 1 0.00031900000000000
2000 1999 2 1 0.00032800000000000
1500 1499 2 1 0.00209700000000000
2000 1999 2 1 0.00032400000000000
1500 1499 5 2 0.00184700000000000
1500 1499 5 2 0.00204800000000000
2100 2099 2 1 0.00175300000000000
2100 2099 5 2 0.00035600000000000
2100 2099 6 2 0.00036400000000000
2100 2099 5 2 0.00038000000000000
2100 2099 2 1 0.00034800000000000
2100 2099 5 2 0.00037200000000000
2100 2099 5 2 0.00035900000000000
1600 1599 2 1 0.00246000000000000
2200 2199 2 1 0.00234200000000000
2200 2199 5 2 0.00040800000000000
2200 2199 5 2 0.00042100000000000
2200 2199 2 1 0.00036500000000000
2200 2199 5 2 0.00039400000000000
1700 1699 5 2 0.00577100000000000
2200 2199 2 1 0.00035500000000000
2200 2199 2 1 0.00037000000000000
1700 1699 5 2 0.00296200000000000
1700 1699 2 1 0.00301500000000000
1700 1699 5 2 0.00265200000000000
2200 2199 5 2 0.00038000000000000
1700 1699 2 1 0.00347700000000000
2300 2299 5 2 0.00227200000000000
1800 1799 2 1 0.00233000000000000
2300 2299 2 1 0.00038000000000000
2300 2299 5 2 0.00043500000000000
1800 1799 5 2 0.00216500000000000
1800 1799 5 2 0.00228400000000000
1800 1799 5 2 0.00214400000000000
1800 1799 2 1 0.00199500000000000
1800 1799 5 2 0.00268600000000000
2300 2299 5 2 0.00040000000000000
1800 1799 5 2 0.00222100000000000
2400 2399 2 1 0.00192800000000000
2400 2399 5 2 0.00044300000000000
2400 2399 5 2 0.00043200000000000
1900 1899 2 1 0.00212900000000000
1900 1899 5 2 0.00218700000000000
1900 1899 2 1 0.00200700000000000
2400 2399 5 2 0.00040200000000000
1900 1899 2 1 0.00218200000000000
2500 2499 2 1 0.00173900000000000
2500 2499 2 1 0.00042600000000000
2500 2499 5 2 0.00042300000000000
2500 2499 5 2 0.00048100000000000
2500 2499 2 1 0.00043300000000000
2500 2499 5 2 0.00044700000000000
2000 1999 2 1 0.00235500000000000
2500 2499 2 1 0.00041600000000000
2000 1999 2 1 0.00244200000000000
2600 2599 2 1 0.00214900000000000
2000 1999 5 2 0.00236800000000000
2600 2599 2 1 0.00043700000000000
2600 2599 2 1 0.00043500000000000
2600 2599 2 1 0.00043200000000000
2600 2599 2 1 0.00042900000000000
2600 2599 2 1 0.00043000000000000
2600 2599 2 1 0.00042200000000000
2100 2099 2 1 0.00230300000000000
2100 2099 5 2 0.00243900000000000
2100 2099 5 2 0.00339400000000000
2700 2699 5 2 0.00197200000000000
2700 2699 2 1 0.00046100000000000
2700 2699 2 1 0.00045800000000000
2700 2699 5 2 0.00049300000000000
2700 2699 5 2 0.00051000000000000
2700 2699 2 1 0.00045400000000000
2700 2699 2 1 0.00045800000000000
2800 2799 5 2 0.00210200000000000
2200 2199 5 2 0.00430400000000000
2800 2799 2 1 0.00049900000000000
2200 2199 2 1 0.00302300000000000
2800 2799 5 2 0.00046500000000000
2800 2799 5 1 0.00054400000000000
2800 2799 2 1 0.00048700000000000
2800 2799 5 2 0.00052300000000000
2800 2799 5 2 0.00050900000000000
2800 2799 5 2 0.00054000000000000
2300 2299 5 2 0.00284000000000000
2300 2299 5 2 0.00266600000000000
2300 2299 2 1 0.00271700000000000
2300 2299 2 1 0.00388900000000000
2300 2299 2 1 0.00265700000000000
2300 2299 5 2 0.00270400000000000
2900 2899 5 2 0.00230900000000000
2900 2899 2 1 0.00049400000000000
2900 2899 2 1 0.00049900000000000
2900 2899 5 2 0.00053900000000000
2400 2399 2 1 0.00271200000000000
2400 2399 5 2 0.00278400000000000
2400 2399 2 1 0.00264600000000000
2400 2399 2 1 0.00295100000000000
2400 2399 2 1 0.00217900000000000
2400 2399 2 1 0.00200800000000000
2500 2499 2 1 0.00308900000000000
2500 2499 5 2 0.00286900000000000
2500 2499 2 1 0.00264800000000000
2600 2599 5 2 0.00209700000000000
2600 2599 2 1 0.00198600000000000
2600 2599 5 2 0.00258700000000000
2700 2699 2 1 0.00216000000000000
2700 2699 2 1 0.00206300000000000
2700 2699 5 2 0.00185900000000000
2800 2799 5 2 0.00169200000000000
2800 2799 2 1 0.00236900000000000
2900 2899 5 2 0.00072400000000000
2900 2899 5 2 0.00069500000000000
2900 2899 2 1 0.00074700000000000
2900 2899 5 2 0.00086300000000000
2900 2899 5 2 0.00091200000000000
2900 2899 5 2 0.00057500000000000
