Nodos Aristas Frontera |CMF| Segundos
3 3 2 1 0.00079600000000000
2 1 1 1 0.00009900000000000
4 6 4 2 0.00000200000000000
2 1 1 1 0.00016400000000000
4 6 4 2 0.00000100000000000
2 1 1 1 0.00008700000000000
2 1 1 1 0.00001100000000000
2 1 1 1 0.00000400000000000
2 1 1 1 0.00008400000000000
3 3 2 1 0.00000200000000000
4 6 4 2 0.00000100000000000
3 3 2 1 0.00000100000000000
4 6 4 2 0.00000100000000000
4 6 4 2 0.00000100000000000
4 6 4 2 0.00000200000000000
5 8 5 2 0.00000500000000000
4 6 4 2 0.00000100000000000
3 3 2 1 0.00000300000000000
4 6 4 2 0.00000200000000000
2 1 1 1 0.00019600000000000
5 8 5 2 0.00001100000000000
5 8 5 2 0.00000300000000000
5 8 5 2 0.00000500000000000
4 6 4 2 0.00000100000000000
3 3 2 1 0.00000100000000000
6 10 6 2 0.00000800000000000
2 1 1 1 0.00009400000000000
6 10 6 2 0.00000500000000000
6 10 6 2 0.00001700000000000
6 10 6 2 0.00001000000000000
6 10 6 2 0.00001100000000000
7 12 7 2 0.00000400000000000
7 12 7 2 0.00000400000000000
3 3 2 1 0.00000200000000000
3 3 2 1 0.00000200000000000
5 8 5 2 0.00001400000000000
6 10 6 2 0.00000300000000000
3 3 2 1 0.00000200000000000
7 12 7 2 0.00000300000000000
5 8 5 2 0.00000900000000000
6 10 6 2 0.00001900000000000
5 8 5 2 0.00000700000000000
8 14 8 2 0.00000400000000000
7 12 7 2 0.00000400000000000
7 12 7 2 0.00000300000000000
7 12 7 2 0.00000800000000000
7 12 7 2 0.00000400000000000
5 8 5 2 0.00001600000000000
5 8 5 2 0.00000800000000000
8 14 8 2 0.00000500000000000
7 12 7 2 0.00000500000000000
6 10 6 2 0.00001100000000000
8 14 8 2 0.00000300000000000
9 16 9 2 0.00000700000000000
8 14 8 2 0.00000500000000000
2 1 1 1 0.00000900000000000
9 16 9 2 0.00000500000000000
8 14 8 2 0.00000400000000000
9 16 9 2 0.00000300000000000
8 14 8 2 0.00000400000000000
8 14 8 2 0.00000400000000000
4 6 4 2 0.00000200000000000
5 8 5 2 0.00001000000000000
9 16 9 2 0.00000500000000000
3 3 2 1 0.00000200000000000
10 18 10 2 0.00000600000000000
6 10 6 2 0.00001100000000000
9 16 9 2 0.00000500000000000
10 18 10 2 0.00001300000000000
10 18 10 2 0.00001300000000000
11 20 11 2 0.00000400000000000
10 18 10 2 0.00000900000000000
7 12 7 2 0.00000400000000000
11 20 11 2 0.00001200000000000
10 18 10 2 0.00000500000000000
11 20 11 2 0.00000600000000000
11 20 11 2 0.00000500000000000
10 18 10 2 0.00001600000000000
8 14 8 2 0.00000300000000000
11 20 11 2 0.00000600000000000
9 16 9 2 0.00000900000000000
11 20 11 2 0.00000600000000000
9 16 9 2 0.00000500000000000
12 22 12 2 0.00000500000000000
12 22 12 2 0.00000600000000000
8 14 8 2 0.00000500000000000
11 20 11 2 0.00001100000000000
6 10 6 2 0.00001400000000000
12 22 12 2 0.00000500000000000
11 20 11 2 0.00000600000000000
12 22 12 2 0.00000500000000000
11 20 11 2 0.00000500000000000
10 18 10 2 0.00000500000000000
12 22 12 2 0.00000600000000000
12 22 12 2 0.00000500000000000
8 14 8 2 0.00000500000000000
12 22 12 2 0.00000600000000000
10 18 10 2 0.00000500000000000
13 24 13 2 0.00000600000000000
14 26 14 2 0.00000600000000000
13 24 13 2 0.00000500000000000
13 24 13 2 0.00000700000000000
13 24 13 2 0.00001100000000000
14 26 14 2 0.00000700000000000
14 26 14 2 0.00000500000000000
10 18 10 2 0.00001900000000000
14 26 14 2 0.00000600000000000
9 16 9 2 0.00000400000000000
14 26 14 2 0.00000800000000000
14 26 14 2 0.00000600000000000
14 26 14 2 0.00000500000000000
15 28 15 2 0.00001400000000000
13 24 13 2 0.00000600000000000
15 28 15 2 0.00001100000000000
14 26 14 2 0.00000600000000000
13 24 13 2 0.00000500000000000
12 22 12 2 0.00000600000000000
13 24 13 2 0.00000600000000000
15 28 15 2 0.00002000000000000
15 28 15 2 0.00001300000000000
12 22 12 2 0.00000600000000000
9 16 9 2 0.00000400000000000
14 26 14 2 0.00000500000000000
16 30 16 2 0.00001500000000000
16 30 16 2 0.00000600000000000
10 18 10 2 0.00001400000000000
15 28 15 2 0.00001000000000000
9 16 9 2 0.00000500000000000
16 30 16 2 0.00000600000000000
15 28 15 2 0.00001300000000000
16 30 16 2 0.00001200000000000
7 12 7 2 0.00000400000000000
17 32 17 2 0.00001400000000000
13 24 13 2 0.00000700000000000
16 30 16 2 0.00001600000000000
15 28 15 2 0.00000800000000000
17 32 17 2 0.00001200000000000
13 24 13 2 0.00000600000000000
17 32 17 2 0.00000700000000000
17 32 17 2 0.00000900000000000
17 32 17 2 0.00000900000000000
11 20 11 2 0.00000900000000000
17 32 17 2 0.00000900000000000
18 34 18 2 0.00001700000000000
18 34 18 2 0.00001000000000000
18 34 18 2 0.00000900000000000
18 34 18 2 0.00001300000000000
17 32 17 2 0.00000700000000000
17 32 17 2 0.00001000000000000
15 28 15 2 0.00000600000000000
19 36 19 2 0.00001100000000000
18 34 18 2 0.00000800000000000
18 34 18 2 0.00001400000000000
19 36 19 2 0.00000900000000000
19 36 19 2 0.00001500000000000
15 28 15 2 0.00001600000000000
19 36 19 2 0.00000800000000000
13 24 13 2 0.00000600000000000
17 32 17 2 0.00000900000000000
18 34 18 2 0.00000900000000000
19 36 19 2 0.00001700000000000
20 38 20 2 0.00000800000000000
20 38 20 2 0.00001700000000000
20 38 20 2 0.00001000000000000
19 36 19 2 0.00001100000000000
19 36 19 2 0.00000900000000000
19 36 19 2 0.00001100000000000
12 22 12 2 0.00000600000000000
18 34 18 2 0.00000900000000000
20 38 20 2 0.00001200000000000
16 30 16 2 0.00000900000000000
16 30 16 2 0.00000800000000000
20 38 20 2 0.00001100000000000
15 28 15 2 0.00001600000000000
20 38 20 2 0.00002100000000000
14 26 14 2 0.00000700000000000
20 38 20 2 0.00001000000000000
17 32 17 2 0.00000900000000000
20 38 20 2 0.00000900000000000
21 40 21 2 0.00001300000000000
16 30 16 2 0.00001400000000000
21 40 21 2 0.00001000000000000
21 40 21 2 0.00001300000000000
18 34 18 2 0.00001600000000000
22 42 22 2 0.00001100000000000
21 40 21 2 0.00001500000000000
19 36 19 2 0.00000900000000000
2 1 1 1 0.00009700000000000
21 40 21 2 0.00001200000000000
18 34 18 2 0.00001200000000000
22 42 22 2 0.00001400000000000
22 42 22 2 0.00001400000000000
21 40 21 2 0.00001300000000000
22 42 22 2 0.00001100000000000
22 42 22 2 0.00001200000000000
20 38 20 2 0.00001300000000000
23 44 23 2 0.00001400000000000
23 44 23 2 0.00001000000000000
22 42 22 2 0.00001400000000000
22 42 22 2 0.00001000000000000
22 42 22 2 0.00001300000000000
23 44 23 2 0.00001700000000000
23 44 23 2 0.00001400000000000
3 3 2 1 0.00000100000000000
24 46 24 2 0.00001600000000000
24 46 24 2 0.00001700000000000
23 44 23 2 0.00001200000000000
23 44 23 2 0.00001100000000000
16 30 16 2 0.00001600000000000
24 46 24 2 0.00002200000000000
24 46 24 2 0.00001300000000000
24 46 24 2 0.00002100000000000
25 48 25 2 0.00001900000000000
16 30 16 2 0.00001000000000000
23 44 23 2 0.00001500000000000
24 46 24 2 0.00001100000000000
21 40 21 2 0.00001300000000000
19 36 19 2 0.00001500000000000
25 48 25 2 0.00001100000000000
22 42 22 2 0.00001300000000000
25 48 25 2 0.00001200000000000
26 50 26 2 0.00001500000000000
26 50 26 2 0.00001600000000000
26 50 26 2 0.00001200000000000
24 46 24 2 0.00002200000000000
25 48 25 2 0.00001200000000000
23 44 23 2 0.00002300000000000
24 46 24 2 0.00001100000000000
24 46 24 2 0.00001700000000000
22 42 22 2 0.00001400000000000
25 48 25 2 0.00001500000000000
26 50 26 2 0.00001200000000000
24 46 24 2 0.00002600000000000
26 50 26 2 0.00001000000000000
27 52 27 2 0.00001800000000000
27 52 27 2 0.00001300000000000
27 52 27 2 0.00001800000000000
27 52 27 2 0.00001400000000000
25 48 25 2 0.00001600000000000
26 50 26 2 0.00001400000000000
25 48 25 2 0.00002200000000000
27 52 27 2 0.00001200000000000
21 40 21 2 0.00001200000000000
23 44 23 2 0.00001100000000000
25 48 25 2 0.00001500000000000
28 54 28 2 0.00002100000000000
28 54 28 2 0.00001800000000000
25 48 25 2 0.00001600000000000
20 38 20 2 0.00001600000000000
21 40 21 2 0.00000900000000000
26 50 26 2 0.00001500000000000
28 54 28 2 0.00001400000000000
27 52 27 2 0.00001700000000000
27 52 27 2 0.00001700000000000
29 56 29 2 0.00001700000000000
29 56 29 2 0.00002700000000000
29 56 29 2 0.00002000000000000
28 54 28 2 0.00001800000000000
29 56 29 2 0.00002100000000000
28 54 28 2 0.00002500000000000
28 54 28 2 0.00001200000000000
29 56 29 2 0.00002900000000000
28 54 28 2 0.00002300000000000
30 58 30 2 0.00001500000000000
30 58 30 2 0.00001400000000000
26 50 26 2 0.00001500000000000
30 58 30 2 0.00001900000000000
29 56 29 2 0.00001800000000000
30 58 30 2 0.00002500000000000
30 58 30 2 0.00001400000000000
26 50 26 2 0.00001600000000000
29 56 29 2 0.00001500000000000
29 56 29 2 0.00002600000000000
31 60 31 2 0.00001600000000000
26 50 26 2 0.00001600000000000
29 56 29 2 0.00002100000000000
28 54 28 2 0.00001200000000000
31 60 31 2 0.00001800000000000
27 52 27 2 0.00001500000000000
31 60 31 2 0.00002100000000000
31 60 31 2 0.00001600000000000
30 58 30 2 0.00002300000000000
29 56 29 2 0.00002400000000000
31 60 31 2 0.00001700000000000
28 54 28 2 0.00001700000000000
30 58 30 2 0.00001800000000000
23 44 23 2 0.00001500000000000
32 62 32 2 0.00002000000000000
31 60 31 2 0.00002000000000000
32 62 32 2 0.00001700000000000
31 60 31 2 0.00002000000000000
32 62 32 2 0.00001500000000000
33 64 33 2 0.00002200000000000
32 62 32 2 0.00001700000000000
27 52 27 2 0.00001500000000000
33 64 33 2 0.00001700000000000
27 52 27 2 0.00001800000000000
31 60 31 2 0.00002100000000000
30 58 30 2 0.00002500000000000
33 64 33 2 0.00001800000000000
32 62 32 2 0.00001800000000000
31 60 31 2 0.00002000000000000
33 64 33 2 0.00001800000000000
33 64 33 2 0.00002300000000000
33 64 33 2 0.00001800000000000
31 60 31 2 0.00002000000000000
30 58 30 2 0.00001500000000000
30 58 30 2 0.00002500000000000
34 66 34 2 0.00003100000000000
34 66 34 2 0.00002400000000000
32 62 32 2 0.00002100000000000
32 62 32 2 0.00002100000000000
34 66 34 2 0.00003500000000000
34 66 34 2 0.00002900000000000
34 66 34 2 0.00002700000000000
34 66 34 2 0.00002400000000000
34 66 34 2 0.00002800000000000
34 66 34 2 0.00002600000000000
21 40 21 2 0.00001200000000000
35 68 35 2 0.00002000000000000
35 68 35 2 0.00002400000000000
28 54 28 2 0.00001700000000000
36 70 36 2 0.00002300000000000
32 62 32 2 0.00002200000000000
35 68 35 2 0.00003300000000000
36 70 36 2 0.00002300000000000
35 68 35 2 0.00002400000000000
35 68 35 2 0.00003200000000000
35 68 35 2 0.00002700000000000
36 70 36 2 0.00002200000000000
36 70 36 2 0.00002800000000000
36 70 36 2 0.00002200000000000
33 64 33 2 0.00002300000000000
35 68 35 2 0.00002200000000000
35 68 35 2 0.00003400000000000
33 64 33 2 0.00002300000000000
37 72 37 2 0.00002400000000000
37 72 37 2 0.00003000000000000
37 72 37 2 0.00002300000000000
33 64 33 2 0.00002300000000000
36 70 36 2 0.00002800000000000
37 72 37 2 0.00003100000000000
37 72 37 2 0.00003100000000000
37 72 37 2 0.00003100000000000
37 72 37 2 0.00003000000000000
38 74 38 2 0.00002400000000000
32 62 32 2 0.00002100000000000
36 70 36 2 0.00002800000000000
38 74 38 2 0.00002700000000000
37 72 37 2 0.00003000000000000
38 74 38 2 0.00003200000000000
38 74 38 2 0.00002500000000000
33 64 33 2 0.00002300000000000
37 72 37 2 0.00002400000000000
39 76 39 2 0.00004100000000000
39 76 39 2 0.00002900000000000
35 68 35 2 0.00003300000000000
39 76 39 2 0.00003000000000000
39 76 39 2 0.00003800000000000
39 76 39 2 0.00003100000000000
32 62 32 2 0.00002100000000000
38 74 38 2 0.00003200000000000
25 48 25 2 0.00002000000000000
39 76 39 2 0.00002600000000000
37 72 37 2 0.00003000000000000
35 68 35 2 0.00002300000000000
34 66 34 2 0.00003100000000000
39 76 39 2 0.00003100000000000
40 78 40 2 0.00002600000000000
38 74 38 2 0.00003000000000000
36 70 36 2 0.00002300000000000
38 74 38 2 0.00003100000000000
38 74 38 2 0.00003100000000000
40 78 40 2 0.00003300000000000
40 78 40 2 0.00002400000000000
39 76 39 2 0.00003600000000000
40 78 40 2 0.00003800000000000
38 74 38 2 0.00003200000000000
40 78 40 2 0.00003700000000000
41 80 41 2 0.00003300000000000
41 80 41 2 0.00003400000000000
41 80 41 2 0.00002500000000000
41 80 41 2 0.00002800000000000
41 80 41 2 0.00003400000000000
40 78 40 2 0.00004000000000000
39 76 39 2 0.00003800000000000
42 82 42 2 0.00003600000000000
42 82 42 2 0.00003300000000000
40 78 40 2 0.00003200000000000
36 70 36 2 0.00002900000000000
42 82 42 2 0.00002800000000000
40 78 40 2 0.00003900000000000
42 82 42 2 0.00002600000000000
34 66 34 2 0.00002900000000000
42 82 42 2 0.00003500000000000
42 82 42 2 0.00003200000000000
42 82 42 2 0.00002900000000000
41 80 41 2 0.00003500000000000
41 80 41 2 0.00002800000000000
42 82 42 2 0.00003300000000000
41 80 41 2 0.00003400000000000
36 70 36 2 0.00002800000000000
40 78 40 2 0.00003700000000000
42 82 42 2 0.00003800000000000
43 84 43 2 0.00004200000000000
41 80 41 2 0.00003700000000000
44 86 44 2 0.00003600000000000
43 84 43 2 0.00004400000000000
44 86 44 2 0.00004300000000000
42 82 42 2 0.00003400000000000
44 86 44 2 0.00004400000000000
43 84 43 2 0.00004200000000000
44 86 44 2 0.00004200000000000
44 86 44 2 0.00004800000000000
43 84 43 2 0.00003300000000000
44 86 44 2 0.00003800000000000
44 86 44 2 0.00004300000000000
43 84 43 2 0.00003500000000000
43 84 43 2 0.00004600000000000
45 88 45 2 0.00003200000000000
44 86 44 2 0.00004900000000000
43 84 43 2 0.00003900000000000
45 88 45 2 0.00003300000000000
44 86 44 2 0.00004600000000000
45 88 45 2 0.00003600000000000
41 80 41 2 0.00003500000000000
46 90 46 2 0.00003300000000000
46 90 46 2 0.00004000000000000
43 84 43 2 0.00004400000000000
44 86 44 2 0.00003300000000000
45 88 45 2 0.00003500000000000
45 88 45 2 0.00003700000000000
46 90 46 2 0.00003400000000000
45 88 45 2 0.00004000000000000
45 88 45 2 0.00003700000000000
47 92 47 2 0.00003400000000000
47 92 47 2 0.00003500000000000
45 88 45 2 0.00004000000000000
46 90 46 2 0.00004200000000000
46 90 46 2 0.00004100000000000
38 74 38 2 0.00002100000000000
47 92 47 2 0.00004200000000000
43 84 43 2 0.00004200000000000
47 92 47 2 0.00004000000000000
47 92 47 2 0.00004000000000000
47 92 47 2 0.00003400000000000
48 94 48 2 0.00004700000000000
40 78 40 2 0.00003300000000000
48 94 48 2 0.00005100000000000
47 92 47 2 0.00003500000000000
48 94 48 2 0.00004900000000000
46 90 46 2 0.00004200000000000
48 94 48 2 0.00004700000000000
43 84 43 2 0.00004500000000000
48 94 48 2 0.00003900000000000
45 88 45 2 0.00004000000000000
48 94 48 2 0.00003900000000000
47 92 47 2 0.00004300000000000
49 96 49 2 0.00004000000000000
49 96 49 2 0.00004500000000000
46 90 46 2 0.00003300000000000
49 96 49 2 0.00004500000000000
49 96 49 2 0.00004500000000000
49 96 49 2 0.00004000000000000
49 96 49 2 0.00004500000000000
48 94 48 2 0.00005000000000000
50 98 50 2 0.00003700000000000
49 96 49 2 0.00005500000000000
50 98 50 2 0.00004400000000000
50 98 50 2 0.00004400000000000
48 94 48 2 0.00004100000000000
45 88 45 2 0.00004000000000000
50 98 50 2 0.00003800000000000
47 92 47 2 0.00004300000000000
50 98 50 2 0.00003500000000000
47 92 47 2 0.00004700000000000
49 96 49 2 0.00005500000000000
50 98 50 2 0.00004700000000000
49 96 49 2 0.00004800000000000
50 98 50 2 0.00004700000000000
49 96 49 2 0.00005100000000000
51 100 51 2 0.00003900000000000
46 90 46 2 0.00004200000000000
48 94 48 2 0.00004700000000000
51 100 51 2 0.00004800000000000
39 76 39 2 0.00003800000000000
52 102 52 2 0.00005900000000000
52 102 52 2 0.00006100000000000
48 94 48 2 0.00003900000000000
52 102 52 2 0.00005100000000000
51 100 51 2 0.00004800000000000
52 102 52 2 0.00004600000000000
51 100 51 2 0.00004600000000000
51 100 51 2 0.00004900000000000
52 102 52 2 0.00005600000000000
46 90 46 2 0.00003900000000000
53 104 53 2 0.00005100000000000
53 104 53 2 0.00005100000000000
51 100 51 2 0.00004900000000000
53 104 53 2 0.00004900000000000
51 100 51 2 0.00003500000000000
46 90 46 2 0.00004000000000000
52 102 52 2 0.00005500000000000
52 102 52 2 0.00005300000000000
51 100 51 2 0.00004300000000000
53 104 53 2 0.00005100000000000
50 98 50 2 0.00003500000000000
53 104 53 2 0.00004600000000000
53 104 53 2 0.00004100000000000
54 106 54 2 0.00006400000000000
51 100 51 2 0.00003900000000000
53 104 53 2 0.00005600000000000
51 100 51 2 0.00004900000000000
54 106 54 2 0.00003700000000000
50 98 50 2 0.00004600000000000
55 108 55 2 0.00004300000000000
54 106 54 2 0.00004700000000000
54 106 54 2 0.00006000000000000
54 106 54 2 0.00005200000000000
50 98 50 2 0.00004300000000000
55 108 55 2 0.00005500000000000
54 106 54 2 0.00005200000000000
54 106 54 2 0.00004600000000000
55 108 55 2 0.00005500000000000
52 102 52 2 0.00005300000000000
54 106 54 2 0.00004800000000000
53 104 53 2 0.00006600000000000
55 108 55 2 0.00004200000000000
52 102 52 2 0.00005300000000000
53 104 53 2 0.00005600000000000
55 108 55 2 0.00005500000000000
56 110 56 2 0.00005300000000000
55 108 55 2 0.00005500000000000
55 108 55 2 0.00004400000000000
56 110 56 2 0.00005500000000000
56 110 56 2 0.00004800000000000
57 112 57 2 0.00006800000000000
57 112 57 2 0.00005300000000000
54 106 54 2 0.00005600000000000
56 110 56 2 0.00004400000000000
55 108 55 2 0.00004700000000000
55 108 55 2 0.00004300000000000
56 110 56 2 0.00005200000000000
57 112 57 2 0.00005600000000000
57 112 57 2 0.00006900000000000
57 112 57 2 0.00004900000000000
56 110 56 2 0.00005700000000000
52 102 52 2 0.00005900000000000
58 114 58 2 0.00004800000000000
56 110 56 2 0.00005500000000000
54 106 54 2 0.00005600000000000
58 114 58 2 0.00006000000000000
57 112 57 2 0.00006900000000000
58 114 58 2 0.00006100000000000
58 114 58 2 0.00004700000000000
57 112 57 2 0.00006100000000000
58 114 58 2 0.00005600000000000
58 114 58 2 0.00005400000000000
56 110 56 2 0.00005500000000000
58 114 58 2 0.00004800000000000
53 104 53 2 0.00005500000000000
59 116 59 2 0.00007700000000000
59 116 59 2 0.00006700000000000
59 116 59 2 0.00005000000000000
57 112 57 2 0.00006000000000000
59 116 59 2 0.00004900000000000
55 108 55 2 0.00005500000000000
59 116 59 2 0.00005000000000000
59 116 59 2 0.00006200000000000
60 118 60 2 0.00004900000000000
60 118 60 2 0.00005000000000000
60 118 60 2 0.00005800000000000
58 114 58 2 0.00005500000000000
60 118 60 2 0.00005000000000000
57 112 57 2 0.00006700000000000
59 116 59 2 0.00006100000000000
60 118 60 2 0.00005200000000000
60 118 60 2 0.00006200000000000
60 118 60 2 0.00006900000000000
58 114 58 2 0.00006000000000000
61 120 61 2 0.00005600000000000
58 114 58 2 0.00006400000000000
56 110 56 2 0.00005700000000000
56 110 56 2 0.00005500000000000
59 116 59 2 0.00006300000000000
61 120 61 2 0.00005400000000000
61 120 61 2 0.00006500000000000
60 118 60 2 0.00007000000000000
62 122 62 2 0.00005700000000000
62 122 62 2 0.00007800000000000
57 112 57 2 0.00007100000000000
61 120 61 2 0.00006500000000000
61 120 61 2 0.00005300000000000
61 120 61 2 0.00006200000000000
59 116 59 2 0.00006900000000000
62 122 62 2 0.00007000000000000
62 122 62 2 0.00005800000000000
61 120 61 2 0.00006800000000000
62 122 62 2 0.00006700000000000
62 122 62 2 0.00006800000000000
61 120 61 2 0.00005300000000000
63 124 63 2 0.00007400000000000
63 124 63 2 0.00007400000000000
60 118 60 2 0.00006500000000000
60 118 60 2 0.00005900000000000
63 124 63 2 0.00006800000000000
61 120 61 2 0.00005300000000000
59 116 59 2 0.00007300000000000
63 124 63 2 0.00005200000000000
63 124 63 2 0.00007500000000000
64 126 64 2 0.00005700000000000
61 120 61 2 0.00006500000000000
64 126 64 2 0.00005400000000000
63 124 63 2 0.00007600000000000
62 122 62 2 0.00007100000000000
62 122 62 2 0.00006700000000000
64 126 64 2 0.00006800000000000
63 124 63 2 0.00006500000000000
64 126 64 2 0.00006800000000000
65 128 65 2 0.00005900000000000
64 126 64 2 0.00006700000000000
62 122 62 2 0.00006000000000000
65 128 65 2 0.00006900000000000
63 124 63 2 0.00006800000000000
64 126 64 2 0.00006200000000000
65 128 65 2 0.00006300000000000
64 126 64 2 0.00006800000000000
64 126 64 2 0.00006700000000000
66 130 66 2 0.00006400000000000
65 128 65 2 0.00007400000000000
65 128 65 2 0.00005800000000000
65 128 65 2 0.00007200000000000
66 130 66 2 0.00007200000000000
66 130 66 2 0.00008500000000000
65 128 65 2 0.00005700000000000
66 130 66 2 0.00008000000000000
66 130 66 2 0.00008700000000000
66 130 66 2 0.00006200000000000
65 128 65 2 0.00007300000000000
67 132 67 2 0.00006600000000000
67 132 67 2 0.00008600000000000
66 130 66 2 0.00008700000000000
67 132 67 2 0.00006600000000000
67 132 67 2 0.00007400000000000
66 130 66 2 0.00006800000000000
65 128 65 2 0.00007100000000000
65 128 65 2 0.00006800000000000
67 132 67 2 0.00008000000000000
67 132 67 2 0.00009000000000000
67 132 67 2 0.00008200000000000
67 132 67 2 0.00007600000000000
66 130 66 2 0.00008200000000000
68 134 68 2 0.00006600000000000
68 134 68 2 0.00007600000000000
67 132 67 2 0.00008000000000000
68 134 68 2 0.00006900000000000
66 130 66 2 0.00008300000000000
68 134 68 2 0.00009500000000000
68 134 68 2 0.00006600000000000
68 134 68 2 0.00006900000000000
63 124 63 2 0.00007300000000000
69 136 69 2 0.00009300000000000
69 136 69 2 0.00007500000000000
69 136 69 2 0.00009200000000000
68 134 68 2 0.00008600000000000
68 134 68 2 0.00008900000000000
69 136 69 2 0.00007500000000000
68 134 68 2 0.00009100000000000
70 138 70 2 0.00007500000000000
69 136 69 2 0.00009400000000000
70 138 70 2 0.00007400000000000
69 136 69 2 0.00008500000000000
69 136 69 2 0.00009200000000000
69 136 69 2 0.00007500000000000
68 134 68 2 0.00008600000000000
62 122 62 2 0.00007000000000000
69 136 69 2 0.00007700000000000
70 138 70 2 0.00009300000000000
71 140 71 2 0.00008500000000000
70 138 70 2 0.00009200000000000
70 138 70 2 0.00007500000000000
69 136 69 2 0.00009300000000000
64 126 64 2 0.00006800000000000
71 140 71 2 0.00008600000000000
64 126 64 2 0.00006200000000000
71 140 71 2 0.00008500000000000
71 140 71 2 0.00009100000000000
71 140 71 2 0.00010600000000000
70 138 70 2 0.00009200000000000
71 140 71 2 0.00010500000000000
67 132 67 2 0.00008700000000000
70 138 70 2 0.00009300000000000
70 138 70 2 0.00009400000000000
72 142 72 2 0.00008100000000000
72 142 72 2 0.00010000000000000
72 142 72 2 0.00010400000000000
63 124 63 2 0.00007100000000000
72 142 72 2 0.00008600000000000
71 140 71 2 0.00010600000000000
72 142 72 2 0.00010000000000000
72 142 72 2 0.00007800000000000
72 142 72 2 0.00010400000000000
73 144 73 2 0.00010200000000000
73 144 73 2 0.00008100000000000
72 142 72 2 0.00007500000000000
73 144 73 2 0.00010900000000000
71 140 71 2 0.00010800000000000
72 142 72 2 0.00010200000000000
73 144 73 2 0.00010800000000000
73 144 73 2 0.00010700000000000
71 140 71 2 0.00010700000000000
73 144 73 2 0.00008300000000000
70 138 70 2 0.00009300000000000
72 142 72 2 0.00008000000000000
73 144 73 2 0.00010800000000000
74 146 74 2 0.00010600000000000
73 144 73 2 0.00010600000000000
70 138 70 2 0.00009400000000000
74 146 74 2 0.00008500000000000
73 144 73 2 0.00010500000000000
74 146 74 2 0.00010800000000000
74 146 74 2 0.00010500000000000
75 148 75 2 0.00010200000000000
75 148 75 2 0.00010500000000000
74 146 74 2 0.00008400000000000
74 146 74 2 0.00008400000000000
75 148 75 2 0.00009100000000000
74 146 74 2 0.00008300000000000
75 148 75 2 0.00010600000000000
75 148 75 2 0.00008700000000000
75 148 75 2 0.00010900000000000
74 146 74 2 0.00010100000000000
76 150 76 2 0.00009400000000000
75 148 75 2 0.00010700000000000
73 144 73 2 0.00010100000000000
75 148 75 2 0.00010600000000000
76 150 76 2 0.00011400000000000
76 150 76 2 0.00011500000000000
76 150 76 2 0.00010800000000000
76 150 76 2 0.00011300000000000
76 150 76 2 0.00010900000000000
75 148 75 2 0.00010700000000000
76 150 76 2 0.00011400000000000
76 150 76 2 0.00009900000000000
76 150 76 2 0.00009400000000000
74 146 74 2 0.00010500000000000
77 152 77 2 0.00009300000000000
75 148 75 2 0.00010700000000000
76 150 76 2 0.00010700000000000
77 152 77 2 0.00009700000000000
77 152 77 2 0.00011700000000000
77 152 77 2 0.00011600000000000
77 152 77 2 0.00009400000000000
77 152 77 2 0.00011200000000000
77 152 77 2 0.00008800000000000
78 154 78 2 0.00008600000000000
78 154 78 2 0.00008600000000000
78 154 78 2 0.00011100000000000
78 154 78 2 0.00011100000000000
77 152 77 2 0.00011600000000000
79 156 79 2 0.00009200000000000
78 154 78 2 0.00011100000000000
78 154 78 2 0.00011500000000000
78 154 78 2 0.00011100000000000
71 140 71 2 0.00010400000000000
79 156 79 2 0.00009500000000000
78 154 78 2 0.00011300000000000
78 154 78 2 0.00011000000000000
79 156 79 2 0.00011500000000000
79 156 79 2 0.00011400000000000
79 156 79 2 0.00009300000000000
79 156 79 2 0.00011600000000000
79 156 79 2 0.00009300000000000
78 154 78 2 0.00011600000000000
77 152 77 2 0.00011000000000000
79 156 79 2 0.00011600000000000
80 158 80 2 0.00012400000000000
79 156 79 2 0.00009300000000000
79 156 79 2 0.00011600000000000
80 158 80 2 0.00010500000000000
80 158 80 2 0.00010300000000000
80 158 80 2 0.00010400000000000
80 158 80 2 0.00012800000000000
80 158 80 2 0.00012400000000000
80 158 80 2 0.00012800000000000
81 160 81 2 0.00012600000000000
80 158 80 2 0.00012400000000000
81 160 81 2 0.00012500000000000
80 158 80 2 0.00012200000000000
81 160 81 2 0.00010300000000000
81 160 81 2 0.00013100000000000
81 160 81 2 0.00009700000000000
74 146 74 2 0.00010400000000000
81 160 81 2 0.00012000000000000
81 160 81 2 0.00012700000000000
81 160 81 2 0.00015400000000000
82 162 82 2 0.00012100000000000
82 162 82 2 0.00010100000000000
82 162 82 2 0.00012100000000000
77 152 77 2 0.00011200000000000
83 164 83 2 0.00012600000000000
82 162 82 2 0.00009400000000000
82 162 82 2 0.00009900000000000
82 162 82 2 0.00012200000000000
82 162 82 2 0.00012000000000000
83 164 83 2 0.00012600000000000
82 162 82 2 0.00012200000000000
82 162 82 2 0.00009700000000000
83 164 83 2 0.00010100000000000
83 164 83 2 0.00012200000000000
83 164 83 2 0.00012700000000000
83 164 83 2 0.00010000000000000
84 166 84 2 0.00010100000000000
82 162 82 2 0.00012200000000000
83 164 83 2 0.00012600000000000
81 160 81 2 0.00012800000000000
83 164 83 2 0.00012500000000000
83 164 83 2 0.00012000000000000
81 160 81 2 0.00012600000000000
83 164 83 2 0.00012500000000000
84 166 84 2 0.00010400000000000
84 166 84 2 0.00012100000000000
84 166 84 2 0.00009700000000000
85 168 85 2 0.00012200000000000
84 166 84 2 0.00012600000000000
85 168 85 2 0.00011400000000000
84 166 84 2 0.00012600000000000
80 158 80 2 0.00012900000000000
84 166 84 2 0.00012500000000000
84 166 84 2 0.00012200000000000
85 168 85 2 0.00011200000000000
85 168 85 2 0.00011500000000000
85 168 85 2 0.00014400000000000
85 168 85 2 0.00014200000000000
86 170 86 2 0.00013900000000000
85 168 85 2 0.00013400000000000
85 168 85 2 0.00014100000000000
86 170 86 2 0.00011600000000000
86 170 86 2 0.00013800000000000
85 168 85 2 0.00014000000000000
86 170 86 2 0.00012800000000000
86 170 86 2 0.00010600000000000
86 170 86 2 0.00014200000000000
87 172 87 2 0.00011300000000000
86 170 86 2 0.00010500000000000
87 172 87 2 0.00010800000000000
86 170 86 2 0.00015000000000000
86 170 86 2 0.00011800000000000
87 172 87 2 0.00014200000000000
87 172 87 2 0.00014600000000000
87 172 87 2 0.00013100000000000
87 172 87 2 0.00014600000000000
87 172 87 2 0.00013000000000000
85 168 85 2 0.00013700000000000
84 166 84 2 0.00012700000000000
88 174 88 2 0.00011100000000000
88 174 88 2 0.00014400000000000
84 166 84 2 0.00012600000000000
87 172 87 2 0.00013000000000000
86 170 86 2 0.00013600000000000
88 174 88 2 0.00013600000000000
88 174 88 2 0.00014100000000000
87 172 87 2 0.00013500000000000
88 174 88 2 0.00011300000000000
88 174 88 2 0.00011200000000000
88 174 88 2 0.00014200000000000
88 174 88 2 0.00011300000000000
88 174 88 2 0.00013700000000000
89 176 89 2 0.00014000000000000
88 174 88 2 0.00011300000000000
87 172 87 2 0.00014400000000000
89 176 89 2 0.00011600000000000
89 176 89 2 0.00013800000000000
89 176 89 2 0.00011200000000000
89 176 89 2 0.00014000000000000
89 176 89 2 0.00014000000000000
89 176 89 2 0.00014000000000000
89 176 89 2 0.00014100000000000
89 176 89 2 0.00013900000000000
90 178 90 2 0.00015200000000000
90 178 90 2 0.00012300000000000
89 176 89 2 0.00013900000000000
90 178 90 2 0.00012600000000000
90 178 90 2 0.00015300000000000
90 178 90 2 0.00014800000000000
91 180 91 2 0.00012500000000000
90 178 90 2 0.00015100000000000
91 180 91 2 0.00011500000000000
90 178 90 2 0.00015300000000000
91 180 91 2 0.00015400000000000
91 180 91 2 0.00012500000000000
91 180 91 2 0.00014700000000000
91 180 91 2 0.00012400000000000
92 182 92 2 0.00012400000000000
91 180 91 2 0.00015400000000000
90 178 90 2 0.00015500000000000
92 182 92 2 0.00011800000000000
92 182 92 2 0.00015400000000000
91 180 91 2 0.00015200000000000
91 180 91 2 0.00015200000000000
90 178 90 2 0.00015200000000000
91 180 91 2 0.00015800000000000
90 178 90 2 0.00015000000000000
93 184 93 2 0.00012900000000000
92 182 92 2 0.00015100000000000
92 182 92 2 0.00014300000000000
92 182 92 2 0.00016100000000000
93 184 93 2 0.00011800000000000
92 182 92 2 0.00014800000000000
93 184 93 2 0.00015200000000000
93 184 93 2 0.00014700000000000
92 182 92 2 0.00016400000000000
93 184 93 2 0.00012200000000000
92 182 92 2 0.00015400000000000
93 184 93 2 0.00015200000000000
93 184 93 2 0.00014700000000000
92 182 92 2 0.00012100000000000
94 186 94 2 0.00015900000000000
93 184 93 2 0.00011400000000000
93 184 93 2 0.00015300000000000
94 186 94 2 0.00013200000000000
94 186 94 2 0.00015500000000000
93 184 93 2 0.00015200000000000
94 186 94 2 0.00015800000000000
94 186 94 2 0.00015600000000000
94 186 94 2 0.00015700000000000
95 188 95 2 0.00012800000000000
95 188 95 2 0.00016700000000000
95 188 95 2 0.00016500000000000
95 188 95 2 0.00013400000000000
94 186 94 2 0.00015800000000000
95 188 95 2 0.00016300000000000
94 186 94 2 0.00012100000000000
96 190 96 2 0.00012700000000000
95 188 95 2 0.00016400000000000
96 190 96 2 0.00013300000000000
96 190 96 2 0.00013300000000000
95 188 95 2 0.00016400000000000
96 190 96 2 0.00016000000000000
95 188 95 2 0.00016400000000000
96 190 96 2 0.00015800000000000
96 190 96 2 0.00016500000000000
96 190 96 2 0.00016000000000000
96 190 96 2 0.00015900000000000
96 190 96 2 0.00015900000000000
95 188 95 2 0.00016600000000000
97 192 97 2 0.00013200000000000
95 188 95 2 0.00017100000000000
97 192 97 2 0.00015600000000000
97 192 97 2 0.00013800000000000
96 190 96 2 0.00015900000000000
94 186 94 2 0.00016000000000000
97 192 97 2 0.00016000000000000
98 194 98 2 0.00013200000000000
97 192 97 2 0.00015800000000000
97 192 97 2 0.00012500000000000
97 192 97 2 0.00013000000000000
97 192 97 2 0.00013500000000000
97 192 97 2 0.00016200000000000
98 194 98 2 0.00015900000000000
98 194 98 2 0.00016900000000000
94 186 94 2 0.00016100000000000
97 192 97 2 0.00015700000000000
98 194 98 2 0.00016800000000000
98 194 98 2 0.00016500000000000
98 194 98 2 0.00016900000000000
98 194 98 2 0.00016500000000000
99 196 99 2 0.00015000000000000
99 196 99 2 0.00014000000000000
99 196 99 2 0.00017800000000000
98 194 98 2 0.00016500000000000
99 196 99 2 0.00017800000000000
99 196 99 2 0.00017800000000000
98 194 98 2 0.00016500000000000
99 196 99 2 0.00017500000000000
98 194 98 2 0.00016500000000000
99 196 99 2 0.00014100000000000
99 196 99 2 0.00018000000000000
99 196 99 2 0.00017400000000000
100 198 100 2 0.00015100000000000
100 198 100 2 0.00014400000000000
99 196 99 2 0.00014700000000000
100 198 100 2 0.00017700000000000
105 208 105 2 0.00015900000000000
105 208 105 2 0.00015300000000000
105 208 105 2 0.00018800000000000
100 198 100 2 0.00017200000000000
100 198 100 2 0.00017700000000000
105 208 105 2 0.00018900000000000
100 198 100 2 0.00017600000000000
100 198 100 2 0.00017400000000000
100 198 100 2 0.00018000000000000
100 198 100 2 0.00017600000000000
100 198 100 2 0.00017700000000000
105 208 105 2 0.00019100000000000
105 208 105 2 0.00018400000000000
105 208 105 2 0.00019600000000000
105 208 105 2 0.00019900000000000
105 208 105 2 0.00019900000000000
110 218 110 2 0.00016700000000000
110 218 110 2 0.00020000000000000
110 218 110 2 0.00022500000000000
110 218 110 2 0.00016100000000000
105 208 105 2 0.00020800000000000
110 218 110 2 0.00016600000000000
110 218 110 2 0.00020800000000000
110 218 110 2 0.00018400000000000
110 218 110 2 0.00016400000000000
110 218 110 2 0.00016300000000000
115 228 115 2 0.00022300000000000
115 228 115 2 0.00023700000000000
110 218 110 2 0.00020400000000000
115 228 115 2 0.00023800000000000
115 228 115 2 0.00023400000000000
120 238 120 2 0.00019600000000000
115 228 115 2 0.00022000000000000
115 228 115 2 0.00023300000000000
115 228 115 2 0.00023100000000000
115 228 115 2 0.00023000000000000
115 228 115 2 0.00021300000000000
120 238 120 2 0.00024400000000000
115 228 115 2 0.00022600000000000
120 238 120 2 0.00024500000000000
120 238 120 2 0.00023900000000000
120 238 120 2 0.00024000000000000
125 248 125 2 0.00021400000000000
120 238 120 2 0.00023300000000000
120 238 120 2 0.00024100000000000
120 238 120 2 0.00019600000000000
120 238 120 2 0.00019400000000000
125 248 125 2 0.00021000000000000
125 248 125 2 0.00021000000000000
125 248 125 2 0.00026300000000000
120 238 120 2 0.00023900000000000
125 248 125 2 0.00026100000000000
125 248 125 2 0.00021300000000000
130 258 130 2 0.00023200000000000
130 258 130 2 0.00028500000000000
130 258 130 2 0.00028500000000000
125 248 125 2 0.00026300000000000
125 248 125 2 0.00025700000000000
125 248 125 2 0.00026600000000000
125 248 125 2 0.00026400000000000
130 258 130 2 0.00028200000000000
135 268 135 2 0.00033600000000000
130 258 130 2 0.00027400000000000
130 258 130 2 0.00028400000000000
130 258 130 2 0.00028100000000000
130 258 130 2 0.00028200000000000
135 268 135 2 0.00034300000000000
130 258 130 2 0.00028400000000000
130 258 130 2 0.00028600000000000
135 268 135 2 0.00028000000000000
135 268 135 2 0.00027600000000000
135 268 135 2 0.00027100000000000
135 268 135 2 0.00027200000000000
135 268 135 2 0.00027500000000000
135 268 135 2 0.00034400000000000
140 278 140 2 0.00029500000000000
135 268 135 2 0.00034100000000000
135 268 135 2 0.00034300000000000
140 278 140 2 0.00037900000000000
140 278 140 2 0.00037800000000000
140 278 140 2 0.00037400000000000
140 278 140 2 0.00037200000000000
140 278 140 2 0.00037700000000000
140 278 140 2 0.00037900000000000
140 278 140 2 0.00039000000000000
140 278 140 2 0.00038800000000000
140 278 140 2 0.00039500000000000
150 298 150 2 0.00038300000000000
145 288 145 2 0.00044900000000000
145 288 145 2 0.00041400000000000
150 298 150 2 0.00044600000000000
145 288 145 2 0.00034100000000000
145 288 145 2 0.00033700000000000
145 288 145 2 0.00047400000000000
145 288 145 2 0.00037000000000000
145 288 145 2 0.00042400000000000
145 288 145 2 0.00044900000000000
145 288 145 2 0.00042300000000000
145 288 145 2 0.00039100000000000
150 298 150 2 0.00047800000000000
150 298 150 2 0.00054300000000000
150 298 150 2 0.00052400000000000
150 298 150 2 0.00053400000000000
150 298 150 2 0.00059400000000000
150 298 150 2 0.00062700000000000
150 298 150 2 0.00066200000000000
155 308 155 2 0.00058100000000000
150 298 150 2 0.00070100000000000
155 308 155 2 0.00073000000000000
155 308 155 2 0.00078100000000000
155 308 155 2 0.00076800000000000
155 308 155 2 0.00081300000000000
155 308 155 2 0.00086900000000000
155 308 155 2 0.00086700000000000
160 318 160 2 0.00058900000000000
155 308 155 2 0.00094100000000000
155 308 155 2 0.00081700000000000
155 308 155 2 0.00080200000000000
160 318 160 2 0.00092400000000000
160 318 160 2 0.00088400000000000
160 318 160 2 0.00089300000000000
160 318 160 2 0.00086700000000000
160 318 160 2 0.00077500000000000
165 328 165 2 0.00080300000000000
160 318 160 2 0.00090800000000000
160 318 160 2 0.00088100000000000
160 318 160 2 0.00089300000000000
160 318 160 2 0.00088600000000000
165 328 165 2 0.00088200000000000
170 338 170 2 0.00079000000000000
165 328 165 2 0.00095400000000000
165 328 165 2 0.00077300000000000
165 328 165 2 0.00092100000000000
165 328 165 2 0.00091900000000000
165 328 165 2 0.00088900000000000
165 328 165 2 0.00091100000000000
165 328 165 2 0.00086300000000000
165 328 165 2 0.00084000000000000
170 338 170 2 0.00074900000000000
170 338 170 2 0.00081600000000000
170 338 170 2 0.00085800000000000
170 338 170 2 0.00079300000000000
170 338 170 2 0.00091400000000000
175 348 175 2 0.00066800000000000
170 338 170 2 0.00095200000000000
170 338 170 2 0.00081100000000000
170 338 170 2 0.00094400000000000
170 338 170 2 0.00091000000000000
175 348 175 2 0.00087500000000000
175 348 175 2 0.00098700000000000
175 348 175 2 0.00076500000000000
175 348 175 2 0.00091500000000000
175 348 175 2 0.00092000000000000
175 348 175 2 0.00093500000000000
175 348 175 2 0.00096100000000000
175 348 175 2 0.00096700000000000
175 348 175 2 0.00096900000000000
180 358 180 2 0.00082200000000000
185 368 185 2 0.00071200000000000
180 358 180 2 0.00097700000000000
180 358 180 2 0.00098400000000000
180 358 180 2 0.00083600000000000
180 358 180 2 0.00102400000000000
180 358 180 2 0.00103100000000000
180 358 180 2 0.00102800000000000
180 358 180 2 0.00102600000000000
180 358 180 2 0.00096400000000000
180 358 180 2 0.00095100000000000
185 368 185 2 0.00069900000000000
185 368 185 2 0.00070000000000000
185 368 185 2 0.00087300000000000
185 368 185 2 0.00074800000000000
185 368 185 2 0.00085600000000000
185 368 185 2 0.00088900000000000
190 378 190 2 0.00065800000000000
185 368 185 2 0.00092400000000000
185 368 185 2 0.00088500000000000
185 368 185 2 0.00085900000000000
190 378 190 2 0.00090600000000000
190 378 190 2 0.00109100000000000
190 378 190 2 0.00114600000000000
190 378 190 2 0.00100300000000000
190 378 190 2 0.00114700000000000
190 378 190 2 0.00112900000000000
190 378 190 2 0.00115900000000000
190 378 190 2 0.00106800000000000
190 378 190 2 0.00107200000000000
200 398 200 2 0.00077600000000000
195 388 195 2 0.00095300000000000
195 388 195 2 0.00094100000000000
195 388 195 2 0.00089500000000000
195 388 195 2 0.00109600000000000
195 388 195 2 0.00109500000000000
195 388 195 2 0.00112300000000000
195 388 195 2 0.00115500000000000
195 388 195 2 0.00113800000000000
195 388 195 2 0.00111000000000000
195 388 195 2 0.00111400000000000
200 398 200 2 0.00091300000000000
205 408 205 2 0.00082500000000000
200 398 200 2 0.00112700000000000
200 398 200 2 0.00111700000000000
200 398 200 2 0.00113500000000000
200 398 200 2 0.00110500000000000
200 398 200 2 0.00096000000000000
200 398 200 2 0.00114700000000000
200 398 200 2 0.00112900000000000
200 398 200 2 0.00109200000000000
205 408 205 2 0.00083100000000000
205 408 205 2 0.00087800000000000
205 408 205 2 0.00090300000000000
205 408 205 2 0.00103700000000000
205 408 205 2 0.00108500000000000
205 408 205 2 0.00106200000000000
210 418 210 2 0.00076100000000000
205 408 205 2 0.00106800000000000
205 408 205 2 0.00099400000000000
205 408 205 2 0.00111500000000000
210 418 210 2 0.00138100000000000
210 418 210 2 0.00153800000000000
210 418 210 2 0.00160600000000000
210 418 210 2 0.00161800000000000
210 418 210 2 0.00164200000000000
210 418 210 2 0.00170500000000000
210 418 210 2 0.00172400000000000
220 438 220 2 0.00092000000000000
210 418 210 2 0.00166800000000000
210 418 210 2 0.00166700000000000
215 428 215 2 0.00145100000000000
215 428 215 2 0.00143000000000000
215 428 215 2 0.00146900000000000
215 428 215 2 0.00144900000000000
215 428 215 2 0.00160300000000000
215 428 215 2 0.00155800000000000
215 428 215 2 0.00149400000000000
215 428 215 2 0.00159500000000000
215 428 215 2 0.00148500000000000
215 428 215 2 0.00145900000000000
220 438 220 2 0.00115200000000000
220 438 220 2 0.00134600000000000
220 438 220 2 0.00135100000000000
220 438 220 2 0.00122400000000000
225 448 225 2 0.00084200000000000
220 438 220 2 0.00130200000000000
220 438 220 2 0.00129700000000000
220 438 220 2 0.00126600000000000
220 438 220 2 0.00124800000000000
220 438 220 2 0.00121600000000000
225 448 225 2 0.00097400000000000
225 448 225 2 0.00085600000000000
225 448 225 2 0.00104100000000000
225 448 225 2 0.00087200000000000
225 448 225 2 0.00104100000000000
225 448 225 2 0.00089500000000000
225 448 225 2 0.00088600000000000
225 448 225 2 0.00099300000000000
225 448 225 2 0.00102200000000000
230 458 230 2 0.00101600000000000
230 458 230 2 0.00090300000000000
230 458 230 2 0.00091100000000000
230 458 230 2 0.00123500000000000
230 458 230 2 0.00124900000000000
230 458 230 2 0.00122100000000000
230 458 230 2 0.00122600000000000
230 458 230 2 0.00121100000000000
230 458 230 2 0.00121700000000000
230 458 230 2 0.00131200000000000
235 468 235 2 0.00118000000000000
235 468 235 2 0.00133600000000000
235 468 235 2 0.00134100000000000
235 468 235 2 0.00107800000000000
235 468 235 2 0.00140400000000000
235 468 235 2 0.00107800000000000
235 468 235 2 0.00138100000000000
235 468 235 2 0.00138700000000000
235 468 235 2 0.00137300000000000
240 478 240 2 0.00100700000000000
240 478 240 2 0.00101300000000000
235 468 235 2 0.00131300000000000
240 478 240 2 0.00101500000000000
240 478 240 2 0.00123300000000000
240 478 240 2 0.00125900000000000
240 478 240 2 0.00115300000000000
240 478 240 2 0.00117300000000000
240 478 240 2 0.00114200000000000
240 478 240 2 0.00112300000000000
240 478 240 2 0.00110200000000000
245 488 245 2 0.00089000000000000
245 488 245 2 0.00122600000000000
245 488 245 2 0.00123000000000000
245 488 245 2 0.00116900000000000
245 488 245 2 0.00113000000000000
245 488 245 2 0.00114900000000000
245 488 245 2 0.00119300000000000
245 488 245 2 0.00118700000000000
245 488 245 2 0.00111300000000000
245 488 245 2 0.00138400000000000
250 498 250 2 0.00132300000000000
250 498 250 2 0.00125700000000000
250 498 250 2 0.00148600000000000
250 498 250 2 0.00123800000000000
250 498 250 2 0.00149300000000000
250 498 250 2 0.00149200000000000
250 498 250 2 0.00156100000000000
250 498 250 2 0.00157700000000000
250 498 250 2 0.00159700000000000
250 498 250 2 0.00152900000000000
260 518 260 2 0.00167600000000000
260 518 260 2 0.00194200000000000
260 518 260 2 0.00199000000000000
260 518 260 2 0.00193300000000000
260 518 260 2 0.00199100000000000
260 518 260 2 0.00195300000000000
260 518 260 2 0.00194900000000000
260 518 260 2 0.00200500000000000
260 518 260 2 0.00200600000000000
260 518 260 2 0.00196500000000000
270 538 270 2 0.00133700000000000
270 538 270 2 0.00180100000000000
270 538 270 2 0.00184200000000000
270 538 270 2 0.00183300000000000
270 538 270 2 0.00178800000000000
270 538 270 2 0.00217700000000000
270 538 270 2 0.00213800000000000
270 538 270 2 0.00211000000000000
270 538 270 2 0.00212000000000000
270 538 270 2 0.00205200000000000
280 558 280 2 0.00195000000000000
290 578 290 2 0.00185800000000000
280 558 280 2 0.00241500000000000
280 558 280 2 0.00243700000000000
280 558 280 2 0.00243300000000000
280 558 280 2 0.00237800000000000
280 558 280 2 0.00240600000000000
280 558 280 2 0.00242800000000000
280 558 280 2 0.00231400000000000
280 558 280 2 0.00242800000000000
280 558 280 2 0.00235600000000000
290 578 290 2 0.00167500000000000
290 578 290 2 0.00168000000000000
290 578 290 2 0.00170500000000000
290 578 290 2 0.00167300000000000
290 578 290 2 0.00207300000000000
290 578 290 2 0.00203300000000000
290 578 290 2 0.00206800000000000
290 578 290 2 0.00203500000000000
290 578 290 2 0.00196900000000000
300 598 300 2 0.00166600000000000
300 598 300 2 0.00181300000000000
300 598 300 2 0.00225500000000000
300 598 300 2 0.00230500000000000
300 598 300 2 0.00219500000000000
300 598 300 2 0.00217100000000000
300 598 300 2 0.00215900000000000
300 598 300 2 0.00235600000000000
300 598 300 2 0.00246000000000000
300 598 300 2 0.00250800000000000
310 618 310 2 0.00282600000000000
310 618 310 2 0.00286800000000000
310 618 310 2 0.00256100000000000
310 618 310 2 0.00250000000000000
320 638 320 2 0.00224000000000000
310 618 310 2 0.00255500000000000
310 618 310 2 0.00251800000000000
310 618 310 2 0.00291600000000000
310 618 310 2 0.00296100000000000
320 638 320 2 0.00237300000000000
310 618 310 2 0.00294400000000000
310 618 310 2 0.00294200000000000
320 638 320 2 0.00273700000000000
320 638 320 2 0.00278000000000000
320 638 320 2 0.00279000000000000
320 638 320 2 0.00274000000000000
320 638 320 2 0.00276200000000000
320 638 320 2 0.00278500000000000
320 638 320 2 0.00277000000000000
320 638 320 2 0.00273600000000000
330 658 330 2 0.00240300000000000
330 658 330 2 0.00248200000000000
330 658 330 2 0.00243300000000000
330 658 330 2 0.00246700000000000
330 658 330 2 0.00237300000000000
330 658 330 2 0.00201300000000000
330 658 330 2 0.00194900000000000
330 658 330 2 0.00197400000000000
330 658 330 2 0.00196100000000000
340 678 340 2 0.00200900000000000
330 658 330 2 0.00253100000000000
340 678 340 2 0.00225300000000000
340 678 340 2 0.00279200000000000
340 678 340 2 0.00280200000000000
340 678 340 2 0.00291700000000000
340 678 340 2 0.00294800000000000
350 698 350 2 0.00248100000000000
340 678 340 2 0.00318200000000000
340 678 340 2 0.00325800000000000
340 678 340 2 0.00323800000000000
340 678 340 2 0.00323900000000000
360 718 360 2 0.00282200000000000
350 698 350 2 0.00324600000000000
350 698 350 2 0.00324600000000000
350 698 350 2 0.00322300000000000
360 718 360 2 0.00236200000000000
350 698 350 2 0.00324200000000000
350 698 350 2 0.00310700000000000
350 698 350 2 0.00325600000000000
360 718 360 2 0.00244100000000000
360 718 360 2 0.00244400000000000
350 698 350 2 0.00319000000000000
350 698 350 2 0.00314600000000000
350 698 350 2 0.00313900000000000
360 718 360 2 0.00249700000000000
360 718 360 2 0.00296200000000000
360 718 360 2 0.00289200000000000
360 718 360 2 0.00278400000000000
360 718 360 2 0.00270200000000000
360 718 360 2 0.00267900000000000
370 738 370 2 0.00226600000000000
370 738 370 2 0.00292600000000000
370 738 370 2 0.00233200000000000
370 738 370 2 0.00295900000000000
370 738 370 2 0.00233700000000000
370 738 370 2 0.00300100000000000
370 738 370 2 0.00299100000000000
370 738 370 2 0.00346100000000000
370 738 370 2 0.00358400000000000
380 758 380 2 0.00349200000000000
390 778 390 2 0.00295900000000000
370 738 370 2 0.00369800000000000
380 758 380 2 0.00355000000000000
380 758 380 2 0.00353400000000000
380 758 380 2 0.00406500000000000
380 758 380 2 0.00405000000000000
380 758 380 2 0.00411700000000000
380 758 380 2 0.00406300000000000
380 758 380 2 0.00404200000000000
380 758 380 2 0.00406900000000000
380 758 380 2 0.00405400000000000
390 778 390 2 0.00281500000000000
390 778 390 2 0.00270600000000000
390 778 390 2 0.00369000000000000
390 778 390 2 0.00366000000000000
390 778 390 2 0.00361000000000000
390 778 390 2 0.00368200000000000
390 778 390 2 0.00347800000000000
390 778 390 2 0.00346600000000000
390 778 390 2 0.00333000000000000
400 798 400 2 0.00332300000000000
400 798 400 2 0.00336500000000000
400 798 400 2 0.00270600000000000
400 798 400 2 0.00270600000000000
400 798 400 2 0.00335400000000000
400 798 400 2 0.00267500000000000
400 798 400 2 0.00269900000000000
400 798 400 2 0.00338900000000000
400 798 400 2 0.00375100000000000
400 798 400 2 0.00371200000000000
410 818 410 2 0.00378800000000000
410 818 410 2 0.00388500000000000
410 818 410 2 0.00449600000000000
420 838 420 2 0.00327000000000000
410 818 410 2 0.00462500000000000
410 818 410 2 0.00458800000000000
410 818 410 2 0.00452800000000000
410 818 410 2 0.00457000000000000
410 818 410 2 0.00452400000000000
410 818 410 2 0.00452700000000000
410 818 410 2 0.00447900000000000
420 838 420 2 0.00377500000000000
420 838 420 2 0.00360400000000000
430 858 430 2 0.00318900000000000
420 838 420 2 0.00458300000000000
420 838 420 2 0.00446400000000000
420 838 420 2 0.00456800000000000
420 838 420 2 0.00447300000000000
420 838 420 2 0.00449300000000000
420 838 420 2 0.00444800000000000
420 838 420 2 0.00441100000000000
430 858 430 2 0.00385000000000000
430 858 430 2 0.00305700000000000
430 858 430 2 0.00313200000000000
430 858 430 2 0.00401200000000000
430 858 430 2 0.00387200000000000
430 858 430 2 0.00323200000000000
430 858 430 2 0.00397500000000000
430 858 430 2 0.00407100000000000
430 858 430 2 0.00408800000000000
440 878 440 2 0.00375500000000000
440 878 440 2 0.00386200000000000
440 878 440 2 0.00386300000000000
440 878 440 2 0.00461700000000000
440 878 440 2 0.00462900000000000
440 878 440 2 0.00465900000000000
440 878 440 2 0.00467300000000000
440 878 440 2 0.00468000000000000
440 878 440 2 0.00460500000000000
440 878 440 2 0.00446900000000000
450 898 450 2 0.00373200000000000
450 898 450 2 0.00362100000000000
460 918 460 2 0.00368300000000000
450 898 450 2 0.00481800000000000
450 898 450 2 0.00483900000000000
450 898 450 2 0.00482300000000000
450 898 450 2 0.00479300000000000
450 898 450 2 0.00477600000000000
450 898 450 2 0.00477400000000000
450 898 450 2 0.00437100000000000
450 898 450 2 0.00441600000000000
460 918 460 2 0.00450800000000000
460 918 460 2 0.00367700000000000
460 918 460 2 0.00367400000000000
460 918 460 2 0.00365900000000000
460 918 460 2 0.00466700000000000
460 918 460 2 0.00465700000000000
460 918 460 2 0.00465500000000000
460 918 460 2 0.00467800000000000
460 918 460 2 0.00459600000000000
470 938 470 2 0.00380400000000000
470 938 470 2 0.00384200000000000
470 938 470 2 0.00489700000000000
470 938 470 2 0.00380300000000000
470 938 470 2 0.00489400000000000
470 938 470 2 0.00486600000000000
470 938 470 2 0.00486300000000000
470 938 470 2 0.00483200000000000
470 938 470 2 0.00481800000000000
470 938 470 2 0.00483400000000000
480 958 480 2 0.00440800000000000
480 958 480 2 0.00509100000000000
480 958 480 2 0.00420700000000000
480 958 480 2 0.00420700000000000
480 958 480 2 0.00531600000000000
480 958 480 2 0.00532200000000000
480 958 480 2 0.00541400000000000
480 958 480 2 0.00533500000000000
480 958 480 2 0.00543300000000000
480 958 480 2 0.00508500000000000
490 978 490 2 0.00508900000000000
490 978 490 2 0.00416600000000000
490 978 490 2 0.00416300000000000
490 978 490 2 0.00518000000000000
490 978 490 2 0.00410400000000000
490 978 490 2 0.00544500000000000
490 978 490 2 0.00535300000000000
490 978 490 2 0.00521100000000000
490 978 490 2 0.00514300000000000
490 978 490 2 0.00520300000000000
500 998 500 2 0.00552100000000000
500 998 500 2 0.00439300000000000
500 998 500 2 0.00552800000000000
500 998 500 2 0.00444300000000000
500 998 500 2 0.00443700000000000
500 998 500 2 0.00561100000000000
500 998 500 2 0.00553900000000000
500 998 500 2 0.00558100000000000
500 998 500 2 0.00558900000000000
500 998 500 2 0.00559400000000000
525 1048 525 2 0.00516400000000000
525 1048 525 2 0.00528700000000000
525 1048 525 2 0.00528000000000000
525 1048 525 2 0.00685700000000000
525 1048 525 2 0.00677800000000000
525 1048 525 2 0.00693300000000000
525 1048 525 2 0.00669800000000000
525 1048 525 2 0.00670700000000000
525 1048 525 2 0.00658500000000000
525 1048 525 2 0.00667400000000000
550 1098 550 2 0.00796200000000000
550 1098 550 2 0.00821600000000000
550 1098 550 2 0.00672700000000000
550 1098 550 2 0.00833500000000000
550 1098 550 2 0.00673900000000000
550 1098 550 2 0.00679400000000000
550 1098 550 2 0.00827300000000000
550 1098 550 2 0.00836700000000000
550 1098 550 2 0.00832900000000000
550 1098 550 2 0.00842300000000000
575 1148 575 2 0.00714600000000000
575 1148 575 2 0.00882000000000000
575 1148 575 2 0.00710100000000000
575 1148 575 2 0.00882000000000000
575 1148 575 2 0.00736600000000000
575 1148 575 2 0.00915300000000000
575 1148 575 2 0.00903300000000000
575 1148 575 2 0.00893200000000000
575 1148 575 2 0.00897200000000000
575 1148 575 2 0.00910400000000000
600 1198 600 2 0.01048100000000000
600 1198 600 2 0.01236600000000000
600 1198 600 2 0.01244200000000000
600 1198 600 2 0.01228200000000000
600 1198 600 2 0.01218700000000000
600 1198 600 2 0.01181400000000000
600 1198 600 2 0.01050900000000000
600 1198 600 2 0.01048300000000000
600 1198 600 2 0.01249400000000000
600 1198 600 2 0.01244200000000000
625 1248 625 2 0.01073100000000000
625 1248 625 2 0.01293000000000000
625 1248 625 2 0.01075800000000000
625 1248 625 2 0.01297100000000000
625 1248 625 2 0.01091500000000000
625 1248 625 2 0.01300300000000000
625 1248 625 2 0.01317500000000000
625 1248 625 2 0.01308600000000000
625 1248 625 2 0.01294200000000000
625 1248 625 2 0.01275700000000000
650 1298 650 2 0.00849600000000000
650 1298 650 2 0.01087600000000000
650 1298 650 2 0.01062600000000000
650 1298 650 2 0.01066600000000000
650 1298 650 2 0.01078000000000000
650 1298 650 2 0.01116500000000000
675 1348 675 2 0.00906100000000000
675 1348 675 2 0.00902400000000000
650 1298 650 2 0.01109200000000000
650 1298 650 2 0.01115600000000000
650 1298 650 2 0.01088400000000000
650 1298 650 2 0.01093800000000000
675 1348 675 2 0.00912100000000000
675 1348 675 2 0.00879300000000000
675 1348 675 2 0.01142600000000000
675 1348 675 2 0.01136400000000000
675 1348 675 2 0.00914200000000000
675 1348 675 2 0.01138800000000000
675 1348 675 2 0.01148700000000000
675 1348 675 2 0.01148000000000000
700 1398 700 2 0.00971200000000000
700 1398 700 2 0.01236600000000000
700 1398 700 2 0.01238700000000000
700 1398 700 2 0.01222900000000000
700 1398 700 2 0.01230200000000000
700 1398 700 2 0.01198300000000000
700 1398 700 2 0.01215900000000000
700 1398 700 2 0.01227400000000000
700 1398 700 2 0.01241200000000000
725 1448 725 2 0.01139600000000000
725 1448 725 2 0.01131300000000000
725 1448 725 2 0.01110000000000000
700 1398 700 2 0.01311500000000000
725 1448 725 2 0.01097800000000000
725 1448 725 2 0.01399800000000000
750 1498 750 2 0.01134100000000000
725 1448 725 2 0.01410500000000000
725 1448 725 2 0.01410400000000000
725 1448 725 2 0.01393300000000000
725 1448 725 2 0.01373300000000000
725 1448 725 2 0.01371500000000000
750 1498 750 2 0.01144800000000000
750 1498 750 2 0.01434300000000000
750 1498 750 2 0.01432100000000000
750 1498 750 2 0.01432700000000000
750 1498 750 2 0.01438000000000000
750 1498 750 2 0.01431100000000000
750 1498 750 2 0.01428400000000000
750 1498 750 2 0.01424300000000000
750 1498 750 2 0.01398500000000000
800 1598 800 2 0.01279600000000000
800 1598 800 2 0.01275000000000000
800 1598 800 2 0.01302600000000000
800 1598 800 2 0.01613200000000000
800 1598 800 2 0.01599000000000000
800 1598 800 2 0.01248900000000000
800 1598 800 2 0.01609200000000000
800 1598 800 2 0.01611400000000000
800 1598 800 2 0.01304400000000000
800 1598 800 2 0.01640600000000000
850 1698 850 2 0.01562100000000000
850 1698 850 2 0.01943800000000000
850 1698 850 2 0.01922000000000000
850 1698 850 2 0.01930300000000000
850 1698 850 2 0.01958600000000000
850 1698 850 2 0.01947100000000000
850 1698 850 2 0.01936600000000000
850 1698 850 2 0.01938400000000000
900 1798 900 2 0.01659900000000000
850 1698 850 2 0.01960000000000000
850 1698 850 2 0.01958000000000000
900 1798 900 2 0.01761900000000000
900 1798 900 2 0.01745400000000000
900 1798 900 2 0.01646100000000000
900 1798 900 2 0.02168100000000000
900 1798 900 2 0.02154500000000000
900 1798 900 2 0.02118400000000000
900 1798 900 2 0.02156400000000000
900 1798 900 2 0.02117300000000000
900 1798 900 2 0.02096200000000000
950 1898 950 2 0.01813700000000000
950 1898 950 2 0.01790900000000000
950 1898 950 2 0.02282900000000000
950 1898 950 2 0.02295300000000000
950 1898 950 2 0.02266200000000000
950 1898 950 2 0.02299300000000000
950 1898 950 2 0.02272700000000000
950 1898 950 2 0.02272200000000000
950 1898 950 2 0.02289800000000000
1000 1998 1000 2 0.02034700000000000
950 1898 950 2 0.02316300000000000
1000 1998 1000 2 0.02017600000000000
1000 1998 1000 2 0.02024600000000000
1000 1998 1000 2 0.01968500000000000
1000 1998 1000 2 0.02553400000000000
1000 1998 1000 2 0.02565000000000000
1000 1998 1000 2 0.02567200000000000
1000 1998 1000 2 0.02561600000000000
1000 1998 1000 2 0.02533800000000000
1000 1998 1000 2 0.02605700000000000
1100 2198 1100 2 0.02854200000000000
1100 2198 1100 2 0.02853000000000000
1100 2198 1100 2 0.03535700000000000
1100 2198 1100 2 0.03603500000000000
1100 2198 1100 2 0.03586500000000000
1100 2198 1100 2 0.03549400000000000
1100 2198 1100 2 0.03598900000000000
1100 2198 1100 2 0.03573200000000000
1100 2198 1100 2 0.03580800000000000
1200 2398 1200 2 0.03325600000000000
1100 2198 1100 2 0.03579300000000000
1200 2398 1200 2 0.04145300000000000
1200 2398 1200 2 0.04239300000000000
1200 2398 1200 2 0.04198900000000000
1200 2398 1200 2 0.04153400000000000
1200 2398 1200 2 0.03348500000000000
1200 2398 1200 2 0.03369600000000000
1200 2398 1200 2 0.03360200000000000
1200 2398 1200 2 0.04205700000000000
1200 2398 1200 2 0.04159000000000000
1300 2598 1300 2 0.04882500000000000
1300 2598 1300 2 0.04895500000000000
1300 2598 1300 2 0.03937200000000000
1300 2598 1300 2 0.03872200000000000
1300 2598 1300 2 0.04880500000000000
1400 2798 1400 2 0.04549900000000000
1300 2598 1300 2 0.04916800000000000
1300 2598 1300 2 0.04898100000000000
1300 2598 1300 2 0.04936800000000000
1300 2598 1300 2 0.04908300000000000
1300 2598 1300 2 0.04975900000000000
1400 2798 1400 2 0.05786700000000000
1400 2798 1400 2 0.05870800000000000
1400 2798 1400 2 0.05782300000000000
1400 2798 1400 2 0.04566100000000000
1400 2798 1400 2 0.05852400000000000
1400 2798 1400 2 0.05762700000000000
1400 2798 1400 2 0.05833200000000000
1400 2798 1400 2 0.05819500000000000
1500 2998 1500 2 0.05313900000000000
1400 2798 1400 2 0.05777200000000000
1500 2998 1500 2 0.05299500000000000
1500 2998 1500 2 0.05345700000000000
1500 2998 1500 2 0.05311400000000000
1500 2998 1500 2 0.05269900000000000
1500 2998 1500 2 0.06685800000000000
1500 2998 1500 2 0.06643499999999999
1500 2998 1500 2 0.06629800000000000
1500 2998 1500 2 0.06675600000000000
1500 2998 1500 2 0.06563800000000000
1600 3198 1600 2 0.07804800000000001
1600 3198 1600 2 0.07593300000000000
1600 3198 1600 2 0.06232300000000000
1600 3198 1600 2 0.07823200000000000
1600 3198 1600 2 0.07838600000000000
1600 3198 1600 2 0.07816300000000000
1600 3198 1600 2 0.07448700000000000
1600 3198 1600 2 0.07375300000000000
1600 3198 1600 2 0.07221100000000000
1600 3198 1600 2 0.07943699999999999
1700 3398 1700 2 0.07981900000000000
1700 3398 1700 2 0.07351600000000000
1700 3398 1700 2 0.07239000000000000
1700 3398 1700 2 0.07290199999999999
1700 3398 1700 2 0.07210100000000000
1700 3398 1700 2 0.07210100000000000
1700 3398 1700 2 0.07807400000000000
1700 3398 1700 2 0.07806900000000000
1700 3398 1700 2 0.07760400000000001
1800 3598 1800 2 0.08328700000000000
1700 3398 1700 2 0.09019600000000000
1800 3598 1800 2 0.08222000000000000
1800 3598 1800 2 0.07948000000000000
1800 3598 1800 2 0.07869600000000000
1800 3598 1800 2 0.07868200000000000
1800 3598 1800 2 0.07807799999999999
1800 3598 1800 2 0.09911200000000001
1800 3598 1800 2 0.09829200000000000
1900 3798 1900 2 0.08868600000000000
1900 3798 1900 2 0.08877599999999999
1800 3598 1800 2 0.09947900000000000
1900 3798 1900 2 0.08825600000000000
1800 3598 1800 2 0.09846400000000000
1900 3798 1900 2 0.08810000000000000
1900 3798 1900 2 0.08918400000000000
1900 3798 1900 2 0.08801700000000000
1900 3798 1900 2 0.08814400000000000
1900 3798 1900 2 0.08840900000000000
1900 3798 1900 2 0.08865800000000000
1900 3798 1900 2 0.11134200000000000
2000 3998 2000 2 0.09882400000000000
2000 3998 2000 2 0.09898200000000000
2000 3998 2000 2 0.09886100000000000
2000 3998 2000 2 0.09939000000000001
2000 3998 2000 2 0.09994400000000001
2000 3998 2000 2 0.09976100000000000
2000 3998 2000 2 0.09886499999999999
2000 3998 2000 2 0.09893299999999999
2000 3998 2000 2 0.09878600000000000
2000 3998 2000 2 0.12612999999999999
2250 4498 2250 2 0.14818700000000001
2250 4498 2250 2 0.18015000000000000
2250 4498 2250 2 0.14766000000000001
2250 4498 2250 2 0.14974100000000001
2250 4498 2250 2 0.14904400000000001
2250 4498 2250 2 0.17369100000000001
2250 4498 2250 2 0.14742100000000000
2250 4498 2250 2 0.14906500000000000
2250 4498 2250 2 0.16945099999999999
2250 4498 2250 2 0.16959199999999999
2500 4998 2500 2 0.18524700000000000
2500 4998 2500 2 0.18526400000000001
2500 4998 2500 2 0.18640000000000001
2500 4998 2500 2 0.18455400000000000
2500 4998 2500 2 0.18397800000000000
2500 4998 2500 2 0.18563700000000000
2500 4998 2500 2 0.19433700000000001
2500 4998 2500 2 0.18530300000000000
2500 4998 2500 2 0.18407100000000001
2500 4998 2500 2 0.18510599999999999
2750 5498 2750 2 0.21562600000000001
2750 5498 2750 2 0.21841800000000000
2750 5498 2750 2 0.21668599999999999
2750 5498 2750 2 0.21858700000000000
2750 5498 2750 2 0.21517300000000000
2750 5498 2750 2 0.21817000000000000
2750 5498 2750 2 0.21840799999999999
2750 5498 2750 2 0.21769400000000000
2750 5498 2750 2 0.21650700000000001
2750 5498 2750 2 0.21799399999999999
3000 5998 3000 2 0.25952199999999997
3000 5998 3000 2 0.26497900000000002
3000 5998 3000 2 0.25743500000000002
3000 5998 3000 2 0.25986599999999999
3000 5998 3000 2 0.26326899999999998
3000 5998 3000 2 0.26056600000000002
3000 5998 3000 2 0.26162400000000002
3000 5998 3000 2 0.25776500000000002
3000 5998 3000 2 0.25458500000000001
3000 5998 3000 2 0.25470799999999999
