Nodos Aristas Frontera |CMF| Segundos
2 1 1 1 0.00000000000000000
2 1 1 1 0.00000000000000000
3 3 2 1 0.00000000000000000
4 6 4 2 0.00000000000000000
2 1 1 1 0.00000000000000000
3 3 2 1 0.00000000000000000
4 6 4 2 0.00000000000000000
2 1 1 1 0.00000000000000000
3 3 2 1 0.00000000000000000
2 1 1 1 0.00000000000000000
4 6 4 2 0.00000000000000000
3 3 2 1 0.00000000000000000
2 1 1 1 0.00000000000000000
3 3 2 1 0.00000000000000000
5 8 5 2 0.00000000000000000
3 3 2 1 0.00000000000000000
4 6 4 2 0.00000000000000000
3 3 2 1 0.00000000000000000
2 1 1 1 0.00000000000000000
4 6 4 2 0.00000000000000000
4 6 4 2 0.00000000000000000
6 10 6 2 0.00000000000000000
5 8 5 2 0.00000000000000000
2 1 1 1 0.00000000000000000
4 6 4 2 0.00000000000000000
5 8 5 2 0.00000000000000000
5 8 5 2 0.00000000000000000
6 10 6 2 0.00000000000000000
5 8 5 2 0.00000000000000000
6 10 6 2 0.00000000000000000
6 10 6 2 0.00000000000000000
6 10 6 2 0.00000000000000000
7 12 7 2 0.00000000000000000
2 1 1 1 0.00000000000000000
7 12 7 2 0.00000000000000000
7 12 7 2 0.00000000000000000
5 8 5 2 0.00000000000000000
7 12 7 2 0.00000000000000000
5 8 5 2 0.00000000000000000
7 12 7 2 0.00000000000000000
8 14 8 2 0.00000000000000000
5 8 5 2 0.00000000000000000
3 3 2 1 0.00000000000000000
8 14 8 2 0.00000000000000000
8 14 8 2 0.00000000000000000
7 12 7 2 0.00000000000000000
7 12 7 2 0.00000000000000000
7 12 7 2 0.00000000000000000
7 12 7 2 0.00000000000000000
8 14 8 2 0.00000000000000000
8 14 8 2 0.00000000000000000
4 6 4 2 0.00000000000000000
6 10 6 2 0.00000000000000000
5 8 5 2 0.00000000000000000
8 14 8 2 0.00000000000000000
8 14 8 2 0.00000000000000000
6 10 6 2 0.00000000000000000
4 6 4 2 0.00000000000000000
3 3 2 1 0.00000000000000000
9 16 9 2 0.00000000000000000
10 18 10 2 0.00000000000000000
6 10 6 2 0.00000000000000000
6 10 6 2 0.00000000000000000
9 16 9 2 0.00000000000000000
8 14 8 2 0.00000000000000000
10 18 10 2 0.00000000000000000
9 16 9 2 0.00000000000000000
10 18 10 2 0.00000000000000000
10 18 10 2 0.00000000000000000
3 3 2 1 0.00000000000000000
10 18 10 2 0.00000000000000000
11 20 11 2 0.00000000000000000
10 18 10 2 0.00000000000000000
8 14 8 2 0.00000000000000000
11 20 11 2 0.00000000000000000
10 18 10 2 0.00000000000000000
11 20 11 2 0.00000000000000000
9 16 9 2 0.00000000000000000
11 20 11 2 0.00000000000000000
7 12 7 2 0.00000000000000000
10 18 10 2 0.00000000000000000
9 16 9 2 0.00000000000000000
9 16 9 2 0.00000000000000000
12 22 12 2 0.00000000000000000
5 8 5 2 0.00000000000000000
12 22 12 2 0.00000000000000000
12 22 12 2 0.00000000000000000
11 20 11 2 0.00000000000000000
11 20 11 2 0.00000000000000000
12 22 12 2 0.00000000000000000
2 1 1 1 0.00000000000000000
12 22 12 2 0.00000000000000000
9 16 9 2 0.00000000000000000
9 16 9 2 0.00000000000000000
13 24 13 2 0.00000000000000000
12 22 12 2 0.00000000000000000
12 22 12 2 0.00000000000000000
13 24 13 2 0.00000000000000000
13 24 13 2 0.00000000000000000
10 18 10 2 0.00000000000000000
13 24 13 2 0.00000000000000000
10 18 10 2 0.00000000000000000
14 26 14 2 0.00000000000000000
6 10 6 2 0.00000000000000000
14 26 14 2 0.00000000000000000
12 22 12 2 0.00000000000000000
13 24 13 2 0.00000000000000000
11 20 11 2 0.00000000000000000
13 24 13 2 0.00000000000000000
11 20 11 2 0.00000000000000000
14 26 14 2 0.00000000000000000
13 24 13 2 0.00000000000000000
14 26 14 2 0.00000000000000000
13 24 13 2 0.00000000000000000
14 26 14 2 0.00000000000000000
15 28 15 2 0.00000000000000000
11 20 11 2 0.00000000000000000
15 28 15 2 0.00000000000000000
15 28 15 2 0.00000000000000000
15 28 15 2 0.00000000000000000
9 16 9 2 0.00000000000000000
14 26 14 2 0.00000000000000000
15 28 15 2 0.00000000000000000
16 30 16 2 0.00000000000000000
8 14 8 2 0.00000000000000000
15 28 15 2 0.00000000000000000
13 24 13 2 0.00000000000000000
15 28 15 2 0.00000000000000000
16 30 16 2 0.00000000000000000
16 30 16 2 0.00000000000000000
12 22 12 2 0.00000000000000000
15 28 15 2 0.00000000000000000
16 30 16 2 0.00000000000000000
14 26 14 2 0.00000000000000000
17 32 17 2 0.00000000000000000
17 32 17 2 0.00000000000000000
17 32 17 2 0.00000000000000000
16 30 16 2 0.00000000000000000
17 32 17 2 0.00000000000000000
14 26 14 2 0.00000000000000000
17 32 17 2 0.00000000000000000
4 6 4 2 0.00000000000000000
18 34 18 2 0.00000000000000000
9 16 9 2 0.00000000000000000
16 30 16 2 0.00000000000000000
16 30 16 2 0.00000000000000000
17 32 17 2 0.00000000000000000
12 22 12 2 0.00000000000000000
16 30 16 2 0.00000000000000000
18 34 18 2 0.00000000000000000
13 24 13 2 0.00000000000000000
18 34 18 2 0.00000000000000000
17 32 17 2 0.00000000000000000
18 34 18 2 0.00000000000000000
18 34 18 2 0.00000000000000000
17 32 17 2 0.00000000000000000
19 36 19 2 0.00000000000000000
19 36 19 2 0.00000000000000000
16 30 16 2 0.00000000000000000
19 36 19 2 0.00000000000000000
19 36 19 2 0.00000000000000000
19 36 19 2 0.00000000000000000
15 28 15 2 0.00000000000000000
16 30 16 2 0.00000000000000000
20 38 20 2 0.00000000000000000
20 38 20 2 0.00000000000000000
20 38 20 2 0.00000000000000000
19 36 19 2 0.00000000000000000
18 34 18 2 0.00000000000000000
20 38 20 2 0.00000000000000000
20 38 20 2 0.00000000000000000
17 32 17 2 0.00000000000000000
21 40 21 2 0.00000000000000000
20 38 20 2 0.00000000000000000
20 38 20 2 0.00000000000000000
21 40 21 2 0.00000000000000000
21 40 21 2 0.00000000000000000
21 40 21 2 0.00000000000000000
19 36 19 2 0.00000000000000000
17 32 17 2 0.00000000000000000
20 38 20 2 0.00000000000000000
18 34 18 2 0.00000000000000000
21 40 21 2 0.00000000000000000
21 40 21 2 0.00000000000000000
21 40 21 2 0.00000100000000000
21 40 21 2 0.00000000000000000
19 36 19 2 0.00000000000000000
20 38 20 2 0.00000000000000000
22 42 22 2 0.00000000000000000
22 42 22 2 0.00000000000000000
22 42 22 2 0.00000000000000000
23 44 23 2 0.00000000000000000
23 44 23 2 0.00000000000000000
22 42 22 2 0.00000000000000000
19 36 19 2 0.00000000000000000
23 44 23 2 0.00000000000000000
23 44 23 2 0.00000000000000000
19 36 19 2 0.00000000000000000
23 44 23 2 0.00000000000000000
22 42 22 2 0.00000000000000000
18 34 18 2 0.00000000000000000
22 42 22 2 0.00000000000000000
24 46 24 2 0.00000000000000000
24 46 24 2 0.00000000000000000
23 44 23 2 0.00000000000000000
18 34 18 2 0.00000000000000000
24 46 24 2 0.00000000000000000
24 46 24 2 0.00000000000000000
24 46 24 2 0.00000000000000000
22 42 22 2 0.00000000000000000
15 28 15 2 0.00000000000000000
23 44 23 2 0.00000000000000000
24 46 24 2 0.00000000000000000
25 48 25 2 0.00000000000000000
25 48 25 2 0.00000000000000000
25 48 25 2 0.00000000000000000
22 42 22 2 0.00000000000000000
24 46 24 2 0.00000000000000000
21 40 21 2 0.00000000000000000
25 48 25 2 0.00000000000000000
24 46 24 2 0.00000000000000000
23 44 23 2 0.00000000000000000
26 50 26 2 0.00000000000000000
23 44 23 2 0.00000000000000000
26 50 26 2 0.00000000000000000
24 46 24 2 0.00000000000000000
25 48 25 2 0.00000000000000000
25 48 25 2 0.00000000000000000
25 48 25 2 0.00000000000000000
23 44 23 2 0.00000000000000000
26 50 26 2 0.00000000000000000
25 48 25 2 0.00000000000000000
27 52 27 2 0.00000000000000000
11 20 11 2 0.00000000000000000
25 48 25 2 0.00000000000000000
26 50 26 2 0.00000000000000000
27 52 27 2 0.00000000000000000
26 50 26 2 0.00000000000000000
27 52 27 2 0.00000000000000000
25 48 25 2 0.00000000000000000
27 52 27 2 0.00000000000000000
14 26 14 2 0.00000000000000000
28 54 28 2 0.00000000000000000
27 52 27 2 0.00000000000000000
26 50 26 2 0.00000000000000000
28 54 28 2 0.00000000000000000
27 52 27 2 0.00000000000000000
28 54 28 2 0.00000000000000000
28 54 28 2 0.00000000000000000
28 54 28 2 0.00000000000000000
29 56 29 2 0.00000000000000000
27 52 27 2 0.00000000000000000
24 46 24 2 0.00000000000000000
26 50 26 2 0.00000000000000000
29 56 29 2 0.00000000000000000
26 50 26 2 0.00000000000000000
28 54 28 2 0.00000000000000000
26 50 26 2 0.00000000000000000
20 38 20 2 0.00000000000000000
29 56 29 2 0.00000000000000000
27 52 27 2 0.00000000000000000
22 42 22 2 0.00000000000000000
29 56 29 2 0.00000000000000000
28 54 28 2 0.00000000000000000
29 56 29 2 0.00000000000000000
30 58 30 2 0.00000000000000000
29 56 29 2 0.00000000000000000
29 56 29 2 0.00000000000000000
30 58 30 2 0.00000000000000000
29 56 29 2 0.00000000000000000
28 54 28 2 0.00000000000000000
31 60 31 2 0.00000000000000000
30 58 30 2 0.00000000000000000
27 52 27 2 0.00000000000000000
30 58 30 2 0.00000000000000000
30 58 30 2 0.00000000000000000
31 60 31 2 0.00000000000000000
31 60 31 2 0.00000000000000000
29 56 29 2 0.00000000000000000
30 58 30 2 0.00000000000000000
32 62 32 2 0.00000000000000000
30 58 30 2 0.00000000000000000
31 60 31 2 0.00000000000000000
31 60 31 2 0.00000000000000000
32 62 32 2 0.00000000000000000
31 60 31 2 0.00000000000000000
30 58 30 2 0.00000000000000000
32 62 32 2 0.00000000000000000
32 62 32 2 0.00000000000000000
31 60 31 2 0.00000000000000000
30 58 30 2 0.00000000000000000
18 34 18 2 0.00000000000000000
32 62 32 2 0.00000000000000000
32 62 32 2 0.00000000000000000
33 64 33 2 0.00000000000000000
32 62 32 2 0.00000000000000000
32 62 32 2 0.00000000000000000
31 60 31 2 0.00000000000000000
33 64 33 2 0.00000000000000000
21 40 21 2 0.00000000000000000
33 64 33 2 0.00000000000000000
33 64 33 2 0.00000000000000000
34 66 34 2 0.00000000000000000
27 52 27 2 0.00000000000000000
34 66 34 2 0.00000000000000000
33 64 33 2 0.00000000000000000
34 66 34 2 0.00000000000000000
28 54 28 2 0.00000000000000000
31 60 31 2 0.00000000000000000
33 64 33 2 0.00000000000000000
33 64 33 2 0.00000000000000000
32 62 32 2 0.00000000000000000
35 68 35 2 0.00000000000000000
34 66 34 2 0.00000000000000000
35 68 35 2 0.00000000000000000
34 66 34 2 0.00000000000000000
35 68 35 2 0.00000000000000000
33 64 33 2 0.00000000000000000
35 68 35 2 0.00000000000000000
33 64 33 2 0.00000000000000000
34 66 34 2 0.00000000000000000
32 62 32 2 0.00000100000000000
35 68 35 2 0.00000100000000000
34 66 34 2 0.00000000000000000
29 56 29 2 0.00000000000000000
36 70 36 2 0.00000000000000000
35 68 35 2 0.00000000000000000
36 70 36 2 0.00000000000000000
36 70 36 2 0.00000000000000000
26 50 26 2 0.00000000000000000
36 70 36 2 0.00000000000000000
36 70 36 2 0.00000000000000000
37 72 37 2 0.00000000000000000
22 42 22 2 0.00000000000000000
37 72 37 2 0.00000000000000000
33 64 33 2 0.00000100000000000
14 26 14 2 0.00000000000000000
37 72 37 2 0.00000000000000000
37 72 37 2 0.00000000000000000
30 58 30 2 0.00000000000000000
34 66 34 2 0.00000000000000000
34 66 34 2 0.00000000000000000
37 72 37 2 0.00000000000000000
36 70 36 2 0.00000100000000000
37 72 37 2 0.00000000000000000
38 74 38 2 0.00000100000000000
37 72 37 2 0.00000000000000000
36 70 36 2 0.00000000000000000
38 74 38 2 0.00000000000000000
38 74 38 2 0.00000000000000000
36 70 36 2 0.00000000000000000
39 76 39 2 0.00000000000000000
38 74 38 2 0.00000000000000000
35 68 35 2 0.00000000000000000
39 76 39 2 0.00000000000000000
37 72 37 2 0.00000000000000000
39 76 39 2 0.00000000000000000
38 74 38 2 0.00000000000000000
39 76 39 2 0.00000000000000000
37 72 37 2 0.00000000000000000
39 76 39 2 0.00000000000000000
39 76 39 2 0.00000000000000000
39 76 39 2 0.00000000000000000
38 74 38 2 0.00000000000000000
39 76 39 2 0.00000000000000000
40 78 40 2 0.00000000000000000
35 68 35 2 0.00000000000000000
40 78 40 2 0.00000000000000000
40 78 40 2 0.00000000000000000
38 74 38 2 0.00000000000000000
36 70 36 2 0.00000000000000000
40 78 40 2 0.00000000000000000
38 74 38 2 0.00000000000000000
40 78 40 2 0.00000000000000000
41 80 41 2 0.00000100000000000
40 78 40 2 0.00000000000000000
35 68 35 2 0.00000000000000000
34 66 34 2 0.00000000000000000
41 80 41 2 0.00000000000000000
41 80 41 2 0.00000000000000000
41 80 41 2 0.00000000000000000
36 70 36 2 0.00000000000000000
42 82 42 2 0.00000000000000000
35 68 35 2 0.00000100000000000
42 82 42 2 0.00000000000000000
41 80 41 2 0.00000000000000000
37 72 37 2 0.00000000000000000
42 82 42 2 0.00000000000000000
40 78 40 2 0.00000000000000000
41 80 41 2 0.00000000000000000
40 78 40 2 0.00000000000000000
42 82 42 2 0.00000000000000000
40 78 40 2 0.00000000000000000
41 80 41 2 0.00000000000000000
43 84 43 2 0.00000000000000000
42 82 42 2 0.00000000000000000
42 82 42 2 0.00000000000000000
43 84 43 2 0.00000000000000000
41 80 41 2 0.00000100000000000
40 78 40 2 0.00000000000000000
39 76 39 2 0.00000100000000000
41 80 41 2 0.00000000000000000
38 74 38 2 0.00000000000000000
44 86 44 2 0.00000100000000000
43 84 43 2 0.00000000000000000
44 86 44 2 0.00000000000000000
44 86 44 2 0.00000000000000000
28 54 28 2 0.00000000000000000
43 84 43 2 0.00000000000000000
42 82 42 2 0.00000000000000000
44 86 44 2 0.00000000000000000
45 88 45 2 0.00000000000000000
44 86 44 2 0.00000000000000000
43 84 43 2 0.00000000000000000
44 86 44 2 0.00000000000000000
45 88 45 2 0.00000000000000000
43 84 43 2 0.00000100000000000
44 86 44 2 0.00000000000000000
44 86 44 2 0.00000000000000000
44 86 44 2 0.00000000000000000
39 76 39 2 0.00000000000000000
45 88 45 2 0.00000000000000000
42 82 42 2 0.00000000000000000
45 88 45 2 0.00000000000000000
45 88 45 2 0.00000000000000000
45 88 45 2 0.00000000000000000
44 86 44 2 0.00000000000000000
45 88 45 2 0.00000000000000000
31 60 31 2 0.00000000000000000
46 90 46 2 0.00000000000000000
43 84 43 2 0.00000100000000000
45 88 45 2 0.00000000000000000
46 90 46 2 0.00000100000000000
46 90 46 2 0.00000000000000000
43 84 43 2 0.00000000000000000
47 92 47 2 0.00000000000000000
46 90 46 2 0.00000000000000000
47 92 47 2 0.00000000000000000
47 92 47 2 0.00000000000000000
46 90 46 2 0.00000000000000000
47 92 47 2 0.00000000000000000
43 84 43 2 0.00000000000000000
43 84 43 2 0.00000000000000000
47 92 47 2 0.00000000000000000
46 90 46 2 0.00000000000000000
47 92 47 2 0.00000100000000000
48 94 48 2 0.00000000000000000
48 94 48 2 0.00000000000000000
47 92 47 2 0.00000100000000000
42 82 42 2 0.00000100000000000
48 94 48 2 0.00000000000000000
41 80 41 2 0.00000000000000000
46 90 46 2 0.00000000000000000
48 94 48 2 0.00000100000000000
48 94 48 2 0.00000000000000000
47 92 47 2 0.00000000000000000
49 96 49 2 0.00000100000000000
48 94 48 2 0.00000000000000000
49 96 49 2 0.00000000000000000
49 96 49 2 0.00000000000000000
48 94 48 2 0.00000000000000000
49 96 49 2 0.00000000000000000
38 74 38 2 0.00000000000000000
49 96 49 2 0.00000100000000000
48 94 48 2 0.00000000000000000
49 96 49 2 0.00000100000000000
50 98 50 2 0.00000000000000000
47 92 47 2 0.00000100000000000
50 98 50 2 0.00000100000000000
49 96 49 2 0.00000000000000000
48 94 48 2 0.00000100000000000
49 96 49 2 0.00000000000000000
49 96 49 2 0.00000000000000000
50 98 50 2 0.00000000000000000
46 90 46 2 0.00000000000000000
50 98 50 2 0.00000000000000000
50 98 50 2 0.00000100000000000
50 98 50 2 0.00000000000000000
45 88 45 2 0.00000000000000000
51 100 51 2 0.00000000000000000
50 98 50 2 0.00000000000000000
51 100 51 2 0.00000100000000000
48 94 48 2 0.00000100000000000
51 100 51 2 0.00000100000000000
50 98 50 2 0.00000000000000000
42 82 42 2 0.00000100000000000
50 98 50 2 0.00000100000000000
52 102 52 2 0.00000100000000000
52 102 52 2 0.00000000000000000
51 100 51 2 0.00000000000000000
50 98 50 2 0.00000100000000000
52 102 52 2 0.00000100000000000
52 102 52 2 0.00000000000000000
51 100 51 2 0.00000000000000000
51 100 51 2 0.00000000000000000
52 102 52 2 0.00000100000000000
46 90 46 2 0.00000000000000000
53 104 53 2 0.00000000000000000
53 104 53 2 0.00000000000000000
53 104 53 2 0.00000000000000000
53 104 53 2 0.00000000000000000
52 102 52 2 0.00000000000000000
49 96 49 2 0.00000100000000000
51 100 51 2 0.00000000000000000
52 102 52 2 0.00000100000000000
51 100 51 2 0.00000000000000000
54 106 54 2 0.00000000000000000
53 104 53 2 0.00000000000000000
54 106 54 2 0.00000000000000000
54 106 54 2 0.00000100000000000
53 104 53 2 0.00000000000000000
45 88 45 2 0.00000100000000000
51 100 51 2 0.00000000000000000
52 102 52 2 0.00000000000000000
55 108 55 2 0.00000000000000000
54 106 54 2 0.00000100000000000
53 104 53 2 0.00000100000000000
55 108 55 2 0.00000000000000000
53 104 53 2 0.00000100000000000
54 106 54 2 0.00000000000000000
55 108 55 2 0.00000000000000000
54 106 54 2 0.00000000000000000
55 108 55 2 0.00000100000000000
55 108 55 2 0.00000000000000000
53 104 53 2 0.00000000000000000
55 108 55 2 0.00000000000000000
54 106 54 2 0.00000100000000000
56 110 56 2 0.00000000000000000
54 106 54 2 0.00000100000000000
54 106 54 2 0.00000100000000000
56 110 56 2 0.00000000000000000
56 110 56 2 0.00000000000000000
56 110 56 2 0.00000100000000000
54 106 54 2 0.00000100000000000
53 104 53 2 0.00000100000000000
55 108 55 2 0.00000100000000000
56 110 56 2 0.00000000000000000
52 102 52 2 0.00000000000000000
56 110 56 2 0.00000000000000000
56 110 56 2 0.00000000000000000
51 100 51 2 0.00000100000000000
57 112 57 2 0.00000000000000000
57 112 57 2 0.00000100000000000
57 112 57 2 0.00000000000000000
55 108 55 2 0.00000100000000000
56 110 56 2 0.00000000000000000
58 114 58 2 0.00000100000000000
57 112 57 2 0.00000000000000000
55 108 55 2 0.00000100000000000
57 112 57 2 0.00000100000000000
58 114 58 2 0.00000000000000000
56 110 56 2 0.00000000000000000
47 92 47 2 0.00000000000000000
57 112 57 2 0.00000000000000000
58 114 58 2 0.00000000000000000
59 116 59 2 0.00000000000000000
59 116 59 2 0.00000000000000000
59 116 59 2 0.00000000000000000
59 116 59 2 0.00000000000000000
58 114 58 2 0.00000100000000000
59 116 59 2 0.00000000000000000
58 114 58 2 0.00000000000000000
57 112 57 2 0.00000100000000000
52 102 52 2 0.00000100000000000
58 114 58 2 0.00000100000000000
60 118 60 2 0.00000000000000000
60 118 60 2 0.00000100000000000
58 114 58 2 0.00000000000000000
59 116 59 2 0.00000000000000000
55 108 55 2 0.00000100000000000
59 116 59 2 0.00000100000000000
58 114 58 2 0.00000000000000000
58 114 58 2 0.00000100000000000
60 118 60 2 0.00000000000000000
60 118 60 2 0.00000100000000000
56 110 56 2 0.00000000000000000
60 118 60 2 0.00000100000000000
58 114 58 2 0.00000100000000000
61 120 61 2 0.00000100000000000
60 118 60 2 0.00000000000000000
61 120 61 2 0.00000000000000000
60 118 60 2 0.00000100000000000
60 118 60 2 0.00000000000000000
57 112 57 2 0.00000100000000000
61 120 61 2 0.00000000000000000
61 120 61 2 0.00000000000000000
59 116 59 2 0.00000100000000000
62 122 62 2 0.00000100000000000
60 118 60 2 0.00000000000000000
61 120 61 2 0.00000100000000000
61 120 61 2 0.00000100000000000
62 122 62 2 0.00000000000000000
62 122 62 2 0.00000000000000000
57 112 57 2 0.00000100000000000
62 122 62 2 0.00000100000000000
61 120 61 2 0.00000100000000000
62 122 62 2 0.00000000000000000
57 112 57 2 0.00000000000000000
63 124 63 2 0.00000100000000000
62 122 62 2 0.00000100000000000
62 122 62 2 0.00000000000000000
61 120 61 2 0.00000000000000000
59 116 59 2 0.00000100000000000
63 124 63 2 0.00000000000000000
46 90 46 2 0.00000100000000000
62 122 62 2 0.00000100000000000
64 126 64 2 0.00000000000000000
61 120 61 2 0.00000000000000000
64 126 64 2 0.00000000000000000
63 124 63 2 0.00000100000000000
64 126 64 2 0.00000100000000000
59 116 59 2 0.00000100000000000
63 124 63 2 0.00000100000000000
65 128 65 2 0.00000000000000000
63 124 63 2 0.00000100000000000
65 128 65 2 0.00000000000000000
64 126 64 2 0.00000100000000000
62 122 62 2 0.00000100000000000
64 126 64 2 0.00000000000000000
65 128 65 2 0.00000100000000000
65 128 65 2 0.00000000000000000
65 128 65 2 0.00000000000000000
60 118 60 2 0.00000100000000000
65 128 65 2 0.00000000000000000
63 124 63 2 0.00000100000000000
64 126 64 2 0.00000000000000000
63 124 63 2 0.00000100000000000
66 130 66 2 0.00000100000000000
66 130 66 2 0.00000100000000000
65 128 65 2 0.00000000000000000
66 130 66 2 0.00000000000000000
64 126 64 2 0.00000100000000000
66 130 66 2 0.00000000000000000
65 128 65 2 0.00000100000000000
64 126 64 2 0.00000100000000000
63 124 63 2 0.00000100000000000
61 120 61 2 0.00000100000000000
67 132 67 2 0.00000000000000000
65 128 65 2 0.00000100000000000
66 130 66 2 0.00000100000000000
67 132 67 2 0.00000100000000000
67 132 67 2 0.00000000000000000
64 126 64 2 0.00000100000000000
67 132 67 2 0.00000100000000000
62 122 62 2 0.00000100000000000
66 130 66 2 0.00000100000000000
66 130 66 2 0.00000000000000000
67 132 67 2 0.00000100000000000
66 130 66 2 0.00000100000000000
67 132 67 2 0.00000000000000000
64 126 64 2 0.00000100000000000
63 124 63 2 0.00000100000000000
66 130 66 2 0.00000100000000000
63 124 63 2 0.00000100000000000
67 132 67 2 0.00000100000000000
68 134 68 2 0.00000100000000000
68 134 68 2 0.00000000000000000
66 130 66 2 0.00000100000000000
68 134 68 2 0.00000100000000000
68 134 68 2 0.00000000000000000
67 132 67 2 0.00000100000000000
70 138 70 2 0.00000000000000000
68 134 68 2 0.00000100000000000
65 128 65 2 0.00000100000000000
69 136 69 2 0.00000100000000000
68 134 68 2 0.00000000000000000
69 136 69 2 0.00000100000000000
70 138 70 2 0.00000100000000000
69 136 69 2 0.00000100000000000
69 136 69 2 0.00000100000000000
69 136 69 2 0.00000100000000000
67 132 67 2 0.00000100000000000
69 136 69 2 0.00000000000000000
70 138 70 2 0.00000100000000000
70 138 70 2 0.00000100000000000
68 134 68 2 0.00000100000000000
69 136 69 2 0.00000100000000000
70 138 70 2 0.00000000000000000
71 140 71 2 0.00000100000000000
70 138 70 2 0.00000100000000000
71 140 71 2 0.00000100000000000
71 140 71 2 0.00000100000000000
71 140 71 2 0.00000100000000000
70 138 70 2 0.00000000000000000
71 140 71 2 0.00000000000000000
71 140 71 2 0.00000000000000000
71 140 71 2 0.00000100000000000
72 142 72 2 0.00000000000000000
69 136 69 2 0.00000000000000000
69 136 69 2 0.00000100000000000
71 140 71 2 0.00000100000000000
72 142 72 2 0.00000000000000000
72 142 72 2 0.00000100000000000
72 142 72 2 0.00000100000000000
72 142 72 2 0.00000000000000000
70 138 70 2 0.00000100000000000
71 140 71 2 0.00000100000000000
73 144 73 2 0.00000000000000000
72 142 72 2 0.00000100000000000
72 142 72 2 0.00000100000000000
73 144 73 2 0.00000100000000000
72 142 72 2 0.00000100000000000
73 144 73 2 0.00000000000000000
70 138 70 2 0.00000100000000000
71 140 71 2 0.00000100000000000
68 134 68 2 0.00000100000000000
73 144 73 2 0.00000100000000000
73 144 73 2 0.00000100000000000
73 144 73 2 0.00000100000000000
72 142 72 2 0.00000100000000000
74 146 74 2 0.00000100000000000
73 144 73 2 0.00000100000000000
69 136 69 2 0.00000100000000000
68 134 68 2 0.00000100000000000
70 138 70 2 0.00000100000000000
73 144 73 2 0.00000100000000000
72 142 72 2 0.00000000000000000
75 148 75 2 0.00000100000000000
75 148 75 2 0.00000100000000000
75 148 75 2 0.00000100000000000
67 132 67 2 0.00000100000000000
74 146 74 2 0.00000000000000000
74 146 74 2 0.00000100000000000
74 146 74 2 0.00000100000000000
76 150 76 2 0.00000000000000000
74 146 74 2 0.00000100000000000
74 146 74 2 0.00000100000000000
74 146 74 2 0.00000100000000000
75 148 75 2 0.00000100000000000
68 134 68 2 0.00000100000000000
73 144 73 2 0.00000100000000000
75 148 75 2 0.00000100000000000
76 150 76 2 0.00000000000000000
76 150 76 2 0.00000100000000000
74 146 74 2 0.00000000000000000
76 150 76 2 0.00000000000000000
76 150 76 2 0.00000100000000000
76 150 76 2 0.00000100000000000
77 152 77 2 0.00000100000000000
77 152 77 2 0.00000100000000000
76 150 76 2 0.00000100000000000
77 152 77 2 0.00000000000000000
75 148 75 2 0.00000100000000000
77 152 77 2 0.00000100000000000
76 150 76 2 0.00000100000000000
77 152 77 2 0.00000100000000000
78 154 78 2 0.00000100000000000
77 152 77 2 0.00000100000000000
76 150 76 2 0.00000100000000000
78 154 78 2 0.00000000000000000
77 152 77 2 0.00000100000000000
76 150 76 2 0.00000100000000000
77 152 77 2 0.00000100000000000
78 154 78 2 0.00000100000000000
78 154 78 2 0.00000100000000000
79 156 79 2 0.00000100000000000
73 144 73 2 0.00000100000000000
74 146 74 2 0.00000100000000000
79 156 79 2 0.00000100000000000
78 154 78 2 0.00000000000000000
78 154 78 2 0.00000000000000000
79 156 79 2 0.00000100000000000
77 152 77 2 0.00000100000000000
78 154 78 2 0.00000000000000000
78 154 78 2 0.00000000000000000
75 148 75 2 0.00000100000000000
79 156 79 2 0.00000000000000000
79 156 79 2 0.00000000000000000
79 156 79 2 0.00000000000000000
75 148 75 2 0.00000100000000000
79 156 79 2 0.00000100000000000
80 158 80 2 0.00000100000000000
74 146 74 2 0.00000000000000000
78 154 78 2 0.00000100000000000
79 156 79 2 0.00000100000000000
81 160 81 2 0.00000100000000000
80 158 80 2 0.00000000000000000
80 158 80 2 0.00000000000000000
80 158 80 2 0.00000100000000000
75 148 75 2 0.00000100000000000
80 158 80 2 0.00000000000000000
80 158 80 2 0.00000000000000000
81 160 81 2 0.00000100000000000
81 160 81 2 0.00000000000000000
81 160 81 2 0.00000100000000000
78 154 78 2 0.00000100000000000
81 160 81 2 0.00000000000000000
80 158 80 2 0.00000100000000000
82 162 82 2 0.00000000000000000
75 148 75 2 0.00000100000000000
82 162 82 2 0.00000000000000000
82 162 82 2 0.00000100000000000
80 158 80 2 0.00000100000000000
82 162 82 2 0.00000000000000000
83 164 83 2 0.00000000000000000
79 156 79 2 0.00000100000000000
79 156 79 2 0.00000100000000000
82 162 82 2 0.00000000000000000
83 164 83 2 0.00000000000000000
83 164 83 2 0.00000100000000000
82 162 82 2 0.00000100000000000
82 162 82 2 0.00000000000000000
81 160 81 2 0.00000100000000000
83 164 83 2 0.00000100000000000
83 164 83 2 0.00000000000000000
83 164 83 2 0.00000100000000000
82 162 82 2 0.00000000000000000
81 160 81 2 0.00000100000000000
82 162 82 2 0.00000100000000000
83 164 83 2 0.00000000000000000
80 158 80 2 0.00000100000000000
84 166 84 2 0.00000000000000000
83 164 83 2 0.00000100000000000
84 166 84 2 0.00000000000000000
84 166 84 2 0.00000000000000000
84 166 84 2 0.00000100000000000
84 166 84 2 0.00000000000000000
83 164 83 2 0.00000100000000000
84 166 84 2 0.00000000000000000
85 168 85 2 0.00000000000000000
85 168 85 2 0.00000000000000000
85 168 85 2 0.00000100000000000
85 168 85 2 0.00000100000000000
85 168 85 2 0.00000000000000000
85 168 85 2 0.00000100000000000
85 168 85 2 0.00000100000000000
85 168 85 2 0.00000100000000000
80 158 80 2 0.00000100000000000
82 162 82 2 0.00000100000000000
81 160 81 2 0.00000100000000000
84 166 84 2 0.00000100000000000
85 168 85 2 0.00000100000000000
81 160 81 2 0.00000100000000000
86 170 86 2 0.00000100000000000
86 170 86 2 0.00000000000000000
86 170 86 2 0.00000100000000000
86 170 86 2 0.00000000000000000
84 166 84 2 0.00000100000000000
85 168 85 2 0.00000100000000000
86 170 86 2 0.00000000000000000
86 170 86 2 0.00000100000000000
87 172 87 2 0.00000100000000000
87 172 87 2 0.00000000000000000
87 172 87 2 0.00000100000000000
83 164 83 2 0.00000100000000000
84 166 84 2 0.00000100000000000
87 172 87 2 0.00000100000000000
84 166 84 2 0.00000100000000000
81 160 81 2 0.00000000000000000
86 170 86 2 0.00000100000000000
86 170 86 2 0.00000100000000000
86 170 86 2 0.00000100000000000
88 174 88 2 0.00000000000000000
87 172 87 2 0.00000100000000000
86 170 86 2 0.00000100000000000
88 174 88 2 0.00000100000000000
89 176 89 2 0.00000100000000000
89 176 89 2 0.00000100000000000
88 174 88 2 0.00000100000000000
88 174 88 2 0.00000000000000000
88 174 88 2 0.00000100000000000
89 176 89 2 0.00000100000000000
89 176 89 2 0.00000100000000000
88 174 88 2 0.00000100000000000
77 152 77 2 0.00000100000000000
89 176 89 2 0.00000000000000000
88 174 88 2 0.00000100000000000
87 172 87 2 0.00000100000000000
87 172 87 2 0.00000100000000000
89 176 89 2 0.00000100000000000
89 176 89 2 0.00000100000000000
90 178 90 2 0.00000100000000000
87 172 87 2 0.00000100000000000
90 178 90 2 0.00000100000000000
87 172 87 2 0.00000100000000000
90 178 90 2 0.00000100000000000
89 176 89 2 0.00000100000000000
87 172 87 2 0.00000100000000000
89 176 89 2 0.00000100000000000
88 174 88 2 0.00000100000000000
91 180 91 2 0.00000100000000000
91 180 91 2 0.00000100000000000
90 178 90 2 0.00000100000000000
90 178 90 2 0.00000000000000000
91 180 91 2 0.00000100000000000
91 180 91 2 0.00000100000000000
90 178 90 2 0.00000100000000000
91 180 91 2 0.00000000000000000
89 176 89 2 0.00000000000000000
91 180 91 2 0.00000100000000000
88 174 88 2 0.00000100000000000
91 180 91 2 0.00000000000000000
92 182 92 2 0.00000100000000000
92 182 92 2 0.00000100000000000
92 182 92 2 0.00000100000000000
90 178 90 2 0.00000100000000000
90 178 90 2 0.00000100000000000
93 184 93 2 0.00000100000000000
90 178 90 2 0.00000100000000000
92 182 92 2 0.00000000000000000
92 182 92 2 0.00000100000000000
88 174 88 2 0.00000100000000000
92 182 92 2 0.00000100000000000
92 182 92 2 0.00000100000000000
91 180 91 2 0.00000100000000000
90 178 90 2 0.00000100000000000
93 184 93 2 0.00000100000000000
91 180 91 2 0.00000000000000000
93 184 93 2 0.00000100000000000
93 184 93 2 0.00000100000000000
93 184 93 2 0.00000100000000000
93 184 93 2 0.00000100000000000
92 182 92 2 0.00000100000000000
91 180 91 2 0.00000100000000000
92 182 92 2 0.00000100000000000
94 186 94 2 0.00000100000000000
93 184 93 2 0.00000100000000000
94 186 94 2 0.00000100000000000
94 186 94 2 0.00000100000000000
94 186 94 2 0.00000000000000000
95 188 95 2 0.00000100000000000
92 182 92 2 0.00000100000000000
95 188 95 2 0.00000000000000000
95 188 95 2 0.00000100000000000
94 186 94 2 0.00000100000000000
94 186 94 2 0.00000100000000000
95 188 95 2 0.00000100000000000
95 188 95 2 0.00000100000000000
94 186 94 2 0.00000100000000000
95 188 95 2 0.00000100000000000
96 190 96 2 0.00000100000000000
95 188 95 2 0.00000100000000000
96 190 96 2 0.00000100000000000
93 184 93 2 0.00000000000000000
95 188 95 2 0.00000100000000000
96 190 96 2 0.00000100000000000
96 190 96 2 0.00000000000000000
93 184 93 2 0.00000000000000000
97 192 97 2 0.00000100000000000
95 188 95 2 0.00000100000000000
95 188 95 2 0.00000100000000000
96 190 96 2 0.00000100000000000
97 192 97 2 0.00000100000000000
96 190 96 2 0.00000100000000000
97 192 97 2 0.00000000000000000
96 190 96 2 0.00000100000000000
98 194 98 2 0.00000100000000000
96 190 96 2 0.00000100000000000
97 192 97 2 0.00000100000000000
98 194 98 2 0.00000100000000000
97 192 97 2 0.00000100000000000
97 192 97 2 0.00000000000000000
98 194 98 2 0.00000100000000000
97 192 97 2 0.00000100000000000
97 192 97 2 0.00000100000000000
96 190 96 2 0.00000100000000000
98 194 98 2 0.00000100000000000
94 186 94 2 0.00000100000000000
98 194 98 2 0.00000000000000000
97 192 97 2 0.00000100000000000
98 194 98 2 0.00000100000000000
98 194 98 2 0.00000100000000000
98 194 98 2 0.00000100000000000
99 196 99 2 0.00000100000000000
94 186 94 2 0.00000100000000000
99 196 99 2 0.00000000000000000
98 194 98 2 0.00000100000000000
99 196 99 2 0.00000100000000000
99 196 99 2 0.00000100000000000
93 184 93 2 0.00000100000000000
97 192 97 2 0.00000100000000000
100 198 100 2 0.00000100000000000
99 196 99 2 0.00000000000000000
99 196 99 2 0.00000100000000000
98 194 98 2 0.00000100000000000
99 196 99 2 0.00000100000000000
96 190 96 2 0.00000100000000000
100 198 100 2 0.00000100000000000
105 208 105 2 0.00000100000000000
100 198 100 2 0.00000100000000000
100 198 100 2 0.00000100000000000
99 196 99 2 0.00000100000000000
100 198 100 2 0.00000100000000000
99 196 99 2 0.00000100000000000
100 198 100 2 0.00000000000000000
100 198 100 2 0.00000100000000000
105 208 105 2 0.00000100000000000
94 186 94 2 0.00000100000000000
105 208 105 2 0.00000100000000000
105 208 105 2 0.00000100000000000
110 218 110 2 0.00000000000000000
105 208 105 2 0.00000100000000000
110 218 110 2 0.00000100000000000
105 208 105 2 0.00000100000000000
110 218 110 2 0.00000100000000000
110 218 110 2 0.00000100000000000
100 198 100 2 0.00000100000000000
100 198 100 2 0.00000000000000000
99 196 99 2 0.00000100000000000
110 218 110 2 0.00000100000000000
105 208 105 2 0.00000000000000000
115 228 115 2 0.00000100000000000
105 208 105 2 0.00000100000000000
105 208 105 2 0.00000100000000000
110 218 110 2 0.00000100000000000
110 218 110 2 0.00000100000000000
110 218 110 2 0.00000100000000000
115 228 115 2 0.00000100000000000
115 228 115 2 0.00000100000000000
110 218 110 2 0.00000100000000000
120 238 120 2 0.00000100000000000
115 228 115 2 0.00000100000000000
120 238 120 2 0.00000100000000000
120 238 120 2 0.00000100000000000
115 228 115 2 0.00000100000000000
100 198 100 2 0.00000100000000000
115 228 115 2 0.00000100000000000
115 228 115 2 0.00000100000000000
120 238 120 2 0.00000100000000000
105 208 105 2 0.00000100000000000
125 248 125 2 0.00000100000000000
115 228 115 2 0.00000100000000000
120 238 120 2 0.00000100000000000
125 248 125 2 0.00000100000000000
125 248 125 2 0.00000100000000000
120 238 120 2 0.00000100000000000
120 238 120 2 0.00000100000000000
115 228 115 2 0.00000100000000000
125 248 125 2 0.00000100000000000
125 248 125 2 0.00000100000000000
130 258 130 2 0.00000100000000000
115 228 115 2 0.00000100000000000
125 248 125 2 0.00000100000000000
125 248 125 2 0.00000100000000000
125 248 125 2 0.00000100000000000
125 248 125 2 0.00000100000000000
130 258 130 2 0.00000100000000000
110 218 110 2 0.00000100000000000
130 258 130 2 0.00000100000000000
120 238 120 2 0.00000100000000000
125 248 125 2 0.00000100000000000
120 238 120 2 0.00000100000000000
130 258 130 2 0.00000100000000000
130 258 130 2 0.00000100000000000
130 258 130 2 0.00000100000000000
135 268 135 2 0.00000100000000000
135 268 135 2 0.00000100000000000
135 268 135 2 0.00000100000000000
130 258 130 2 0.00000100000000000
135 268 135 2 0.00000100000000000
130 258 130 2 0.00000100000000000
135 268 135 2 0.00000100000000000
120 238 120 2 0.00000100000000000
135 268 135 2 0.00000100000000000
140 278 140 2 0.00000100000000000
140 278 140 2 0.00000100000000000
135 268 135 2 0.00000100000000000
130 258 130 2 0.00000100000000000
135 268 135 2 0.00000100000000000
135 268 135 2 0.00000100000000000
145 288 145 2 0.00000100000000000
140 278 140 2 0.00000100000000000
130 258 130 2 0.00000100000000000
140 278 140 2 0.00000100000000000
140 278 140 2 0.00000100000000000
140 278 140 2 0.00000100000000000
140 278 140 2 0.00000100000000000
150 298 150 2 0.00000100000000000
140 278 140 2 0.00000100000000000
145 288 145 2 0.00000100000000000
145 288 145 2 0.00000100000000000
145 288 145 2 0.00000100000000000
145 288 145 2 0.00000100000000000
140 278 140 2 0.00000100000000000
135 268 135 2 0.00000100000000000
145 288 145 2 0.00000100000000000
145 288 145 2 0.00000100000000000
150 298 150 2 0.00000100000000000
150 298 150 2 0.00000100000000000
145 288 145 2 0.00000100000000000
150 298 150 2 0.00000100000000000
145 288 145 2 0.00000100000000000
150 298 150 2 0.00000100000000000
145 288 145 2 0.00000100000000000
150 298 150 2 0.00000100000000000
140 278 140 2 0.00000100000000000
150 298 150 2 0.00000100000000000
155 308 155 2 0.00000100000000000
150 298 150 2 0.00000100000000000
150 298 150 2 0.00000100000000000
150 298 150 2 0.00000100000000000
155 308 155 2 0.00000100000000000
155 308 155 2 0.00000100000000000
155 308 155 2 0.00000100000000000
155 308 155 2 0.00000200000000000
155 308 155 2 0.00000100000000000
155 308 155 2 0.00000100000000000
155 308 155 2 0.00000100000000000
155 308 155 2 0.00000100000000000
160 318 160 2 0.00000100000000000
160 318 160 2 0.00000200000000000
155 308 155 2 0.00000100000000000
165 328 165 2 0.00000200000000000
160 318 160 2 0.00000100000000000
160 318 160 2 0.00000100000000000
160 318 160 2 0.00000100000000000
160 318 160 2 0.00000100000000000
165 328 165 2 0.00000100000000000
160 318 160 2 0.00000100000000000
160 318 160 2 0.00000100000000000
160 318 160 2 0.00000100000000000
165 328 165 2 0.00000100000000000
165 328 165 2 0.00000100000000000
165 328 165 2 0.00000100000000000
170 338 170 2 0.00000200000000000
165 328 165 2 0.00000100000000000
160 318 160 2 0.00000100000000000
165 328 165 2 0.00000100000000000
165 328 165 2 0.00000200000000000
165 328 165 2 0.00000100000000000
165 328 165 2 0.00000200000000000
175 348 175 2 0.00000100000000000
170 338 170 2 0.00000100000000000
170 338 170 2 0.00000100000000000
170 338 170 2 0.00000100000000000
170 338 170 2 0.00000100000000000
170 338 170 2 0.00000100000000000
170 338 170 2 0.00000100000000000
170 338 170 2 0.00000200000000000
170 338 170 2 0.00000100000000000
180 358 180 2 0.00000100000000000
170 338 170 2 0.00000100000000000
175 348 175 2 0.00000200000000000
185 368 185 2 0.00000100000000000
175 348 175 2 0.00000200000000000
175 348 175 2 0.00000100000000000
175 348 175 2 0.00000200000000000
175 348 175 2 0.00000100000000000
185 368 185 2 0.00000100000000000
175 348 175 2 0.00000200000000000
175 348 175 2 0.00000100000000000
175 348 175 2 0.00000100000000000
175 348 175 2 0.00000100000000000
180 358 180 2 0.00000200000000000
180 358 180 2 0.00000200000000000
190 378 190 2 0.00000200000000000
180 358 180 2 0.00000200000000000
180 358 180 2 0.00000100000000000
180 358 180 2 0.00000200000000000
180 358 180 2 0.00000100000000000
180 358 180 2 0.00000200000000000
180 358 180 2 0.00000200000000000
190 378 190 2 0.00000100000000000
185 368 185 2 0.00000100000000000
185 368 185 2 0.00000200000000000
180 358 180 2 0.00000200000000000
185 368 185 2 0.00000100000000000
185 368 185 2 0.00000100000000000
185 368 185 2 0.00000200000000000
185 368 185 2 0.00000200000000000
185 368 185 2 0.00000100000000000
195 388 195 2 0.00000200000000000
185 368 185 2 0.00000200000000000
190 378 190 2 0.00000200000000000
190 378 190 2 0.00000100000000000
190 378 190 2 0.00000100000000000
190 378 190 2 0.00000200000000000
190 378 190 2 0.00000200000000000
190 378 190 2 0.00000200000000000
190 378 190 2 0.00000200000000000
200 398 200 2 0.00000100000000000
190 378 190 2 0.00000200000000000
205 408 205 2 0.00000200000000000
195 388 195 2 0.00000100000000000
205 408 205 2 0.00000100000000000
195 388 195 2 0.00000200000000000
195 388 195 2 0.00000200000000000
195 388 195 2 0.00000200000000000
205 408 205 2 0.00000100000000000
195 388 195 2 0.00000200000000000
195 388 195 2 0.00000200000000000
195 388 195 2 0.00000200000000000
195 388 195 2 0.00000200000000000
195 388 195 2 0.00000200000000000
200 398 200 2 0.00000200000000000
200 398 200 2 0.00000200000000000
210 418 210 2 0.00000100000000000
200 398 200 2 0.00000200000000000
200 398 200 2 0.00000200000000000
200 398 200 2 0.00000200000000000
200 398 200 2 0.00000200000000000
200 398 200 2 0.00000200000000000
200 398 200 2 0.00000200000000000
200 398 200 2 0.00000200000000000
205 408 205 2 0.00000200000000000
215 428 215 2 0.00000100000000000
205 408 205 2 0.00000200000000000
205 408 205 2 0.00000200000000000
205 408 205 2 0.00000100000000000
205 408 205 2 0.00000100000000000
215 428 215 2 0.00000100000000000
205 408 205 2 0.00000200000000000
205 408 205 2 0.00000200000000000
210 418 210 2 0.00000200000000000
210 418 210 2 0.00000200000000000
210 418 210 2 0.00000200000000000
210 418 210 2 0.00000200000000000
210 418 210 2 0.00000200000000000
220 438 220 2 0.00000100000000000
210 418 210 2 0.00000100000000000
210 418 210 2 0.00000200000000000
210 418 210 2 0.00000200000000000
210 418 210 2 0.00000200000000000
215 428 215 2 0.00000200000000000
215 428 215 2 0.00000200000000000
215 428 215 2 0.00000200000000000
215 428 215 2 0.00000200000000000
225 448 225 2 0.00000100000000000
215 428 215 2 0.00000200000000000
215 428 215 2 0.00000200000000000
215 428 215 2 0.00000200000000000
215 428 215 2 0.00000200000000000
220 438 220 2 0.00000200000000000
220 438 220 2 0.00000200000000000
220 438 220 2 0.00000100000000000
220 438 220 2 0.00000100000000000
220 438 220 2 0.00000100000000000
220 438 220 2 0.00000200000000000
220 438 220 2 0.00000200000000000
220 438 220 2 0.00000200000000000
220 438 220 2 0.00000200000000000
230 458 230 2 0.00000200000000000
225 448 225 2 0.00000100000000000
225 448 225 2 0.00000200000000000
225 448 225 2 0.00000200000000000
225 448 225 2 0.00000200000000000
225 448 225 2 0.00000200000000000
225 448 225 2 0.00000200000000000
235 468 235 2 0.00000200000000000
225 448 225 2 0.00000200000000000
225 448 225 2 0.00000200000000000
225 448 225 2 0.00000200000000000
230 458 230 2 0.00000200000000000
230 458 230 2 0.00000200000000000
230 458 230 2 0.00000200000000000
230 458 230 2 0.00000200000000000
230 458 230 2 0.00000200000000000
230 458 230 2 0.00000200000000000
230 458 230 2 0.00000200000000000
240 478 240 2 0.00000100000000000
230 458 230 2 0.00000200000000000
230 458 230 2 0.00000200000000000
235 468 235 2 0.00000100000000000
235 468 235 2 0.00000200000000000
235 468 235 2 0.00000200000000000
235 468 235 2 0.00000200000000000
245 488 245 2 0.00000200000000000
235 468 235 2 0.00000200000000000
235 468 235 2 0.00000200000000000
235 468 235 2 0.00000200000000000
235 468 235 2 0.00000200000000000
235 468 235 2 0.00000200000000000
240 478 240 2 0.00000200000000000
240 478 240 2 0.00000200000000000
240 478 240 2 0.00000200000000000
250 498 250 2 0.00000200000000000
240 478 240 2 0.00000200000000000
240 478 240 2 0.00000200000000000
240 478 240 2 0.00000200000000000
240 478 240 2 0.00000200000000000
240 478 240 2 0.00000200000000000
240 478 240 2 0.00000200000000000
245 488 245 2 0.00000200000000000
245 488 245 2 0.00000200000000000
250 498 250 2 0.00000200000000000
245 488 245 2 0.00000100000000000
245 488 245 2 0.00000200000000000
245 488 245 2 0.00000200000000000
245 488 245 2 0.00000200000000000
245 488 245 2 0.00000200000000000
245 488 245 2 0.00000200000000000
245 488 245 2 0.00000200000000000
250 498 250 2 0.00000200000000000
250 498 250 2 0.00000200000000000
250 498 250 2 0.00000200000000000
250 498 250 2 0.00000200000000000
250 498 250 2 0.00000200000000000
260 518 260 2 0.00000200000000000
250 498 250 2 0.00000200000000000
250 498 250 2 0.00000200000000000
250 498 250 2 0.00000200000000000
260 518 260 2 0.00000200000000000
260 518 260 2 0.00000200000000000
260 518 260 2 0.00000200000000000
260 518 260 2 0.00000200000000000
260 518 260 2 0.00000200000000000
260 518 260 2 0.00000300000000000
260 518 260 2 0.00000200000000000
260 518 260 2 0.00000200000000000
260 518 260 2 0.00000200000000000
280 558 280 2 0.00000200000000000
270 538 270 2 0.00000200000000000
270 538 270 2 0.00000200000000000
290 578 290 2 0.00000200000000000
270 538 270 2 0.00000200000000000
270 538 270 2 0.00000200000000000
270 538 270 2 0.00000200000000000
270 538 270 2 0.00000200000000000
270 538 270 2 0.00000200000000000
270 538 270 2 0.00000200000000000
270 538 270 2 0.00000200000000000
270 538 270 2 0.00000200000000000
290 578 290 2 0.00000200000000000
280 558 280 2 0.00000200000000000
280 558 280 2 0.00000200000000000
280 558 280 2 0.00000200000000000
280 558 280 2 0.00000200000000000
280 558 280 2 0.00000300000000000
280 558 280 2 0.00000200000000000
280 558 280 2 0.00000200000000000
300 598 300 2 0.00000200000000000
280 558 280 2 0.00000200000000000
280 558 280 2 0.00000200000000000
310 618 310 2 0.00000300000000000
290 578 290 2 0.00000300000000000
290 578 290 2 0.00000200000000000
290 578 290 2 0.00000300000000000
290 578 290 2 0.00000300000000000
290 578 290 2 0.00000200000000000
310 618 310 2 0.00000200000000000
290 578 290 2 0.00000200000000000
290 578 290 2 0.00000200000000000
290 578 290 2 0.00000300000000000
300 598 300 2 0.00000200000000000
300 598 300 2 0.00000200000000000
300 598 300 2 0.00000200000000000
300 598 300 2 0.00000200000000000
320 638 320 2 0.00000200000000000
300 598 300 2 0.00000300000000000
300 598 300 2 0.00000300000000000
300 598 300 2 0.00000300000000000
300 598 300 2 0.00000300000000000
300 598 300 2 0.00000300000000000
330 658 330 2 0.00000300000000000
310 618 310 2 0.00000200000000000
310 618 310 2 0.00000200000000000
310 618 310 2 0.00000300000000000
310 618 310 2 0.00000300000000000
330 658 330 2 0.00000200000000000
310 618 310 2 0.00000300000000000
310 618 310 2 0.00000300000000000
310 618 310 2 0.00000300000000000
310 618 310 2 0.00000300000000000
320 638 320 2 0.00000300000000000
320 638 320 2 0.00000300000000000
340 678 340 2 0.00000300000000000
320 638 320 2 0.00000200000000000
320 638 320 2 0.00000300000000000
340 678 340 2 0.00000200000000000
320 638 320 2 0.00000300000000000
320 638 320 2 0.00000300000000000
320 638 320 2 0.00000200000000000
320 638 320 2 0.00000300000000000
320 638 320 2 0.00000300000000000
350 698 350 2 0.00000300000000000
330 658 330 2 0.00000200000000000
350 698 350 2 0.00000200000000000
330 658 330 2 0.00000300000000000
330 658 330 2 0.00000200000000000
330 658 330 2 0.00000300000000000
330 658 330 2 0.00000300000000000
330 658 330 2 0.00000300000000000
330 658 330 2 0.00000300000000000
330 658 330 2 0.00000300000000000
360 718 360 2 0.00000300000000000
340 678 340 2 0.00000200000000000
340 678 340 2 0.00000200000000000
340 678 340 2 0.00000300000000000
360 718 360 2 0.00000200000000000
340 678 340 2 0.00000300000000000
340 678 340 2 0.00000300000000000
340 678 340 2 0.00000300000000000
340 678 340 2 0.00000300000000000
340 678 340 2 0.00000300000000000
370 738 370 2 0.00000300000000000
370 738 370 2 0.00000200000000000
350 698 350 2 0.00000200000000000
350 698 350 2 0.00000300000000000
350 698 350 2 0.00000300000000000
370 738 370 2 0.00000200000000000
350 698 350 2 0.00000300000000000
350 698 350 2 0.00000300000000000
350 698 350 2 0.00000300000000000
350 698 350 2 0.00000300000000000
350 698 350 2 0.00000300000000000
360 718 360 2 0.00000300000000000
360 718 360 2 0.00000300000000000
360 718 360 2 0.00000300000000000
360 718 360 2 0.00000300000000000
380 758 380 2 0.00000300000000000
360 718 360 2 0.00000300000000000
360 718 360 2 0.00000300000000000
360 718 360 2 0.00000300000000000
360 718 360 2 0.00000300000000000
370 738 370 2 0.00000300000000000
370 738 370 2 0.00000300000000000
390 778 390 2 0.00000300000000000
370 738 370 2 0.00000300000000000
370 738 370 2 0.00000300000000000
370 738 370 2 0.00000300000000000
370 738 370 2 0.00000300000000000
370 738 370 2 0.00000300000000000
380 758 380 2 0.00000300000000000
380 758 380 2 0.00000300000000000
400 798 400 2 0.00000300000000000
380 758 380 2 0.00000300000000000
380 758 380 2 0.00000300000000000
380 758 380 2 0.00000300000000000
380 758 380 2 0.00000300000000000
380 758 380 2 0.00000300000000000
400 798 400 2 0.00000300000000000
380 758 380 2 0.00000300000000000
380 758 380 2 0.00000300000000000
390 778 390 2 0.00000300000000000
410 818 410 2 0.00000300000000000
390 778 390 2 0.00000300000000000
390 778 390 2 0.00000300000000000
390 778 390 2 0.00000400000000000
390 778 390 2 0.00000300000000000
390 778 390 2 0.00000400000000000
390 778 390 2 0.00000400000000000
390 778 390 2 0.00000300000000000
390 778 390 2 0.00000400000000000
410 818 410 2 0.00000300000000000
400 798 400 2 0.00000300000000000
400 798 400 2 0.00000300000000000
400 798 400 2 0.00000400000000000
400 798 400 2 0.00000400000000000
400 798 400 2 0.00000400000000000
400 798 400 2 0.00000400000000000
400 798 400 2 0.00000400000000000
400 798 400 2 0.00000300000000000
420 838 420 2 0.00000400000000000
410 818 410 2 0.00000300000000000
410 818 410 2 0.00000400000000000
410 818 410 2 0.00000300000000000
410 818 410 2 0.00000300000000000
410 818 410 2 0.00000400000000000
430 858 430 2 0.00000300000000000
410 818 410 2 0.00000300000000000
410 818 410 2 0.00000400000000000
410 818 410 2 0.00000400000000000
420 838 420 2 0.00000400000000000
420 838 420 2 0.00000300000000000
420 838 420 2 0.00000300000000000
420 838 420 2 0.00000400000000000
420 838 420 2 0.00000400000000000
420 838 420 2 0.00000400000000000
440 878 440 2 0.00000300000000000
420 838 420 2 0.00000400000000000
420 838 420 2 0.00000400000000000
420 838 420 2 0.00000400000000000
430 858 430 2 0.00000400000000000
430 858 430 2 0.00000400000000000
430 858 430 2 0.00000400000000000
430 858 430 2 0.00000400000000000
430 858 430 2 0.00000400000000000
430 858 430 2 0.00000400000000000
430 858 430 2 0.00000300000000000
430 858 430 2 0.00000400000000000
430 858 430 2 0.00000400000000000
450 898 450 2 0.00000300000000000
460 918 460 2 0.00000400000000000
440 878 440 2 0.00000400000000000
440 878 440 2 0.00000300000000000
440 878 440 2 0.00000300000000000
440 878 440 2 0.00000400000000000
440 878 440 2 0.00000400000000000
440 878 440 2 0.00000400000000000
460 918 460 2 0.00000300000000000
440 878 440 2 0.00000400000000000
440 878 440 2 0.00000400000000000
440 878 440 2 0.00000400000000000
470 938 470 2 0.00000400000000000
470 938 470 2 0.00000300000000000
450 898 450 2 0.00000300000000000
450 898 450 2 0.00000400000000000
450 898 450 2 0.00000400000000000
450 898 450 2 0.00000400000000000
450 898 450 2 0.00000400000000000
470 938 470 2 0.00000300000000000
450 898 450 2 0.00000400000000000
450 898 450 2 0.00000400000000000
450 898 450 2 0.00000400000000000
450 898 450 2 0.00000400000000000
460 918 460 2 0.00000400000000000
460 918 460 2 0.00000400000000000
460 918 460 2 0.00000400000000000
460 918 460 2 0.00000400000000000
460 918 460 2 0.00000400000000000
460 918 460 2 0.00000400000000000
460 918 460 2 0.00000400000000000
460 918 460 2 0.00000400000000000
480 958 480 2 0.00000300000000000
470 938 470 2 0.00000300000000000
470 938 470 2 0.00000400000000000
470 938 470 2 0.00000400000000000
470 938 470 2 0.00000400000000000
470 938 470 2 0.00000400000000000
490 978 490 2 0.00000400000000000
470 938 470 2 0.00000400000000000
470 938 470 2 0.00000400000000000
480 958 480 2 0.00000400000000000
480 958 480 2 0.00000400000000000
480 958 480 2 0.00000500000000000
480 958 480 2 0.00000400000000000
480 958 480 2 0.00000400000000000
480 958 480 2 0.00000400000000000
480 958 480 2 0.00000400000000000
500 998 500 2 0.00000300000000000
480 958 480 2 0.00000400000000000
480 958 480 2 0.00000400000000000
490 978 490 2 0.00000400000000000
490 978 490 2 0.00000300000000000
490 978 490 2 0.00000300000000000
490 978 490 2 0.00000300000000000
490 978 490 2 0.00000400000000000
490 978 490 2 0.00000400000000000
490 978 490 2 0.00000500000000000
490 978 490 2 0.00000400000000000
490 978 490 2 0.00000400000000000
525 1048 525 2 0.00000500000000000
500 998 500 2 0.00000400000000000
500 998 500 2 0.00000500000000000
500 998 500 2 0.00000400000000000
500 998 500 2 0.00000400000000000
500 998 500 2 0.00000500000000000
500 998 500 2 0.00000400000000000
500 998 500 2 0.00000500000000000
500 998 500 2 0.00000400000000000
500 998 500 2 0.00000400000000000
550 1098 550 2 0.00000400000000000
525 1048 525 2 0.00000500000000000
525 1048 525 2 0.00000500000000000
525 1048 525 2 0.00000400000000000
525 1048 525 2 0.00000400000000000
525 1048 525 2 0.00000500000000000
525 1048 525 2 0.00000500000000000
525 1048 525 2 0.00000500000000000
525 1048 525 2 0.00000500000000000
525 1048 525 2 0.00000500000000000
575 1148 575 2 0.00000500000000000
550 1098 550 2 0.00000500000000000
550 1098 550 2 0.00000500000000000
550 1098 550 2 0.00000500000000000
550 1098 550 2 0.00000500000000000
550 1098 550 2 0.00000500000000000
550 1098 550 2 0.00000500000000000
550 1098 550 2 0.00000500000000000
600 1198 600 2 0.00000400000000000
550 1098 550 2 0.00000500000000000
550 1098 550 2 0.00000500000000000
625 1248 625 2 0.00000600000000000
575 1148 575 2 0.00000400000000000
575 1148 575 2 0.00000400000000000
575 1148 575 2 0.00000400000000000
575 1148 575 2 0.00000400000000000
625 1248 625 2 0.00000400000000000
575 1148 575 2 0.00000500000000000
575 1148 575 2 0.00000500000000000
575 1148 575 2 0.00000500000000000
575 1148 575 2 0.00000600000000000
575 1148 575 2 0.00000500000000000
650 1298 650 2 0.00000600000000000
650 1298 650 2 0.00000500000000000
650 1298 650 2 0.00000500000000000
600 1198 600 2 0.00000500000000000
600 1198 600 2 0.00000500000000000
600 1198 600 2 0.00000600000000000
650 1298 650 2 0.00000500000000000
600 1198 600 2 0.00000400000000000
600 1198 600 2 0.00000600000000000
600 1198 600 2 0.00000500000000000
600 1198 600 2 0.00000500000000000
600 1198 600 2 0.00000500000000000
600 1198 600 2 0.00000600000000000
675 1348 675 2 0.00000600000000000
625 1248 625 2 0.00000400000000000
625 1248 625 2 0.00000400000000000
625 1248 625 2 0.00000400000000000
625 1248 625 2 0.00000600000000000
625 1248 625 2 0.00000600000000000
625 1248 625 2 0.00000500000000000
625 1248 625 2 0.00000500000000000
625 1248 625 2 0.00000600000000000
700 1398 700 2 0.00000600000000000
650 1298 650 2 0.00000500000000000
700 1398 700 2 0.00000500000000000
650 1298 650 2 0.00000700000000000
650 1298 650 2 0.00000600000000000
650 1298 650 2 0.00000600000000000
650 1298 650 2 0.00000600000000000
650 1298 650 2 0.00000600000000000
725 1448 725 2 0.00000600000000000
675 1348 675 2 0.00000600000000000
675 1348 675 2 0.00000600000000000
675 1348 675 2 0.00000500000000000
675 1348 675 2 0.00000600000000000
675 1348 675 2 0.00000600000000000
725 1448 725 2 0.00000500000000000
675 1348 675 2 0.00000600000000000
675 1348 675 2 0.00000600000000000
675 1348 675 2 0.00000600000000000
675 1348 675 2 0.00000600000000000
750 1498 750 2 0.00000700000000000
700 1398 700 2 0.00000500000000000
700 1398 700 2 0.00000500000000000
700 1398 700 2 0.00000600000000000
750 1498 750 2 0.00000500000000000
700 1398 700 2 0.00000700000000000
700 1398 700 2 0.00000700000000000
700 1398 700 2 0.00000600000000000
700 1398 700 2 0.00000600000000000
700 1398 700 2 0.00000600000000000
725 1448 725 2 0.00000600000000000
800 1598 800 2 0.00000600000000000
725 1448 725 2 0.00000700000000000
725 1448 725 2 0.00000600000000000
725 1448 725 2 0.00000600000000000
725 1448 725 2 0.00000700000000000
725 1448 725 2 0.00000700000000000
725 1448 725 2 0.00000600000000000
725 1448 725 2 0.00000600000000000
800 1598 800 2 0.00000600000000000
750 1498 750 2 0.00000500000000000
750 1498 750 2 0.00000500000000000
750 1498 750 2 0.00000700000000000
750 1498 750 2 0.00000700000000000
750 1498 750 2 0.00000700000000000
750 1498 750 2 0.00000700000000000
750 1498 750 2 0.00000700000000000
750 1498 750 2 0.00000700000000000
850 1698 850 2 0.00000800000000000
800 1598 800 2 0.00000700000000000
800 1598 800 2 0.00000600000000000
800 1598 800 2 0.00000600000000000
900 1798 900 2 0.00000700000000000
800 1598 800 2 0.00000800000000000
800 1598 800 2 0.00000700000000000
800 1598 800 2 0.00000800000000000
800 1598 800 2 0.00000700000000000
800 1598 800 2 0.00000800000000000
950 1898 950 2 0.00000800000000000
950 1898 950 2 0.00000700000000000
950 1898 950 2 0.00000700000000000
950 1898 950 2 0.00000700000000000
850 1698 850 2 0.00000600000000000
850 1698 850 2 0.00000800000000000
850 1698 850 2 0.00000700000000000
850 1698 850 2 0.00000800000000000
850 1698 850 2 0.00000800000000000
850 1698 850 2 0.00000800000000000
850 1698 850 2 0.00000900000000000
850 1698 850 2 0.00000800000000000
850 1698 850 2 0.00000800000000000
950 1898 950 2 0.00000700000000000
900 1798 900 2 0.00000900000000000
900 1798 900 2 0.00000600000000000
900 1798 900 2 0.00000700000000000
1000 1998 1000 2 0.00000800000000000
900 1798 900 2 0.00000800000000000
900 1798 900 2 0.00000900000000000
900 1798 900 2 0.00000900000000000
900 1798 900 2 0.00000800000000000
900 1798 900 2 0.00000800000000000
900 1798 900 2 0.00000900000000000
950 1898 950 2 0.00000900000000000
950 1898 950 2 0.00000900000000000
950 1898 950 2 0.00000900000000000
950 1898 950 2 0.00000900000000000
950 1898 950 2 0.00000900000000000
1100 2198 1100 2 0.00000900000000000
1000 1998 1000 2 0.00000900000000000
1000 1998 1000 2 0.00000800000000000
1000 1998 1000 2 0.00001000000000000
1000 1998 1000 2 0.00001000000000000
1000 1998 1000 2 0.00000900000000000
1000 1998 1000 2 0.00000900000000000
1000 1998 1000 2 0.00000900000000000
1000 1998 1000 2 0.00000900000000000
1000 1998 1000 2 0.00000900000000000
1200 2398 1200 2 0.00001200000000000
1300 2598 1300 2 0.00001300000000000
1300 2598 1300 2 0.00001400000000000
1100 2198 1100 2 0.00001100000000000
1100 2198 1100 2 0.00001000000000000
1100 2198 1100 2 0.00001100000000000
1100 2198 1100 2 0.00001100000000000
1100 2198 1100 2 0.00001100000000000
1300 2598 1300 2 0.00001300000000000
1100 2198 1100 2 0.00001000000000000
1100 2198 1100 2 0.00001000000000000
1100 2198 1100 2 0.00001000000000000
1100 2198 1100 2 0.00001000000000000
1400 2798 1400 2 0.00001400000000000
1400 2798 1400 2 0.00001400000000000
1200 2398 1200 2 0.00001100000000000
1200 2398 1200 2 0.00001400000000000
1200 2398 1200 2 0.00001500000000000
1200 2398 1200 2 0.00001200000000000
1200 2398 1200 2 0.00001400000000000
1400 2798 1400 2 0.00001700000000000
1500 2998 1500 2 0.00001600000000000
1500 2998 1500 2 0.00001500000000000
1500 2998 1500 2 0.00001500000000000
1500 2998 1500 2 0.00001500000000000
1500 2998 1500 2 0.00001600000000000
1200 2398 1200 2 0.00001200000000000
1200 2398 1200 2 0.00001100000000000
1600 3198 1600 2 0.00001600000000000
1200 2398 1200 2 0.00001100000000000
1200 2398 1200 2 0.00001100000000000
1600 3198 1600 2 0.00001600000000000
1600 3198 1600 2 0.00001800000000000
1600 3198 1600 2 0.00001700000000000
1600 3198 1600 2 0.00001600000000000
1600 3198 1600 2 0.00001600000000000
1300 2598 1300 2 0.00001200000000000
1300 2598 1300 2 0.00001200000000000
1300 2598 1300 2 0.00001300000000000
1300 2598 1300 2 0.00001300000000000
1300 2598 1300 2 0.00001200000000000
1300 2598 1300 2 0.00001300000000000
1300 2598 1300 2 0.00001200000000000
1700 3398 1700 2 0.00001800000000000
1700 3398 1700 2 0.00001800000000000
1400 2798 1400 2 0.00001400000000000
1700 3398 1700 2 0.00001800000000000
1400 2798 1400 2 0.00001300000000000
1400 2798 1400 2 0.00001400000000000
1400 2798 1400 2 0.00001300000000000
1400 2798 1400 2 0.00001300000000000
1400 2798 1400 2 0.00001300000000000
1400 2798 1400 2 0.00001300000000000
1800 3598 1800 2 0.00001900000000000
1800 3598 1800 2 0.00001900000000000
1800 3598 1800 2 0.00001900000000000
1900 3798 1900 2 0.00002000000000000
1900 3798 1900 2 0.00002000000000000
1900 3798 1900 2 0.00002000000000000
1900 3798 1900 2 0.00002000000000000
1900 3798 1900 2 0.00002000000000000
1500 2998 1500 2 0.00001500000000000
1500 2998 1500 2 0.00001500000000000
1500 2998 1500 2 0.00001500000000000
1500 2998 1500 2 0.00001500000000000
1500 2998 1500 2 0.00001500000000000
1900 3798 1900 2 0.00002000000000000
1900 3798 1900 2 0.00002000000000000
2000 3998 2000 2 0.00002100000000000
2000 3998 2000 2 0.00002200000000000
2000 3998 2000 2 0.00002100000000000
2000 3998 2000 2 0.00002100000000000
2000 3998 2000 2 0.00002300000000000
2000 3998 2000 2 0.00002100000000000
1600 3198 1600 2 0.00001600000000000
2000 3998 2000 2 0.00002200000000000
1600 3198 1600 2 0.00001600000000000
1600 3198 1600 2 0.00001600000000000
1600 3198 1600 2 0.00001600000000000
1700 3398 1700 2 0.00001700000000000
1700 3398 1700 2 0.00001800000000000
1700 3398 1700 2 0.00001800000000000
2250 4498 2250 2 0.00002400000000000
1700 3398 1700 2 0.00001700000000000
1700 3398 1700 2 0.00001800000000000
1700 3398 1700 2 0.00001700000000000
1700 3398 1700 2 0.00001700000000000
2250 4498 2250 2 0.00002400000000000
1800 3598 1800 2 0.00001800000000000
1800 3598 1800 2 0.00001900000000000
1800 3598 1800 2 0.00001900000000000
1800 3598 1800 2 0.00001900000000000
2500 4998 2500 2 0.00002800000000000
1800 3598 1800 2 0.00001800000000000
1800 3598 1800 2 0.00001800000000000
2500 4998 2500 2 0.00002900000000000
1800 3598 1800 2 0.00001900000000000
2750 5498 2750 2 0.00003000000000000
2750 5498 2750 2 0.00003000000000000
2750 5498 2750 2 0.00003000000000000
2750 5498 2750 2 0.00003100000000000
2750 5498 2750 2 0.00003100000000000
1900 3798 1900 2 0.00002000000000000
1900 3798 1900 2 0.00002000000000000
1900 3798 1900 2 0.00002000000000000
2750 5498 2750 2 0.00003100000000000
2000 3998 2000 2 0.00002100000000000
2000 3998 2000 2 0.00002100000000000
3000 5998 3000 2 0.00003500000000000
2000 3998 2000 2 0.00002100000000000
3000 5998 3000 2 0.00003300000000000
3000 5998 3000 2 0.00003400000000000
3000 5998 3000 2 0.00003500000000000
3000 5998 3000 2 0.00003500000000000
3000 5998 3000 2 0.00003500000000000
3000 5998 3000 2 0.00003600000000000
2250 4498 2250 2 0.00002500000000000
2250 4498 2250 2 0.00002400000000000
2250 4498 2250 2 0.00002400000000000
2250 4498 2250 2 0.00002400000000000
2250 4498 2250 2 0.00002500000000000
2250 4498 2250 2 0.00002400000000000
2250 4498 2250 2 0.00002600000000000
2250 4498 2250 2 0.00002400000000000
2500 4998 2500 2 0.00002600000000000
2500 4998 2500 2 0.00002900000000000
2500 4998 2500 2 0.00002800000000000
2500 4998 2500 2 0.00002800000000000
2500 4998 2500 2 0.00002700000000000
2500 4998 2500 2 0.00002700000000000
2500 4998 2500 2 0.00002700000000000
2500 4998 2500 2 0.00002800000000000
2750 5498 2750 2 0.00003000000000000
2750 5498 2750 2 0.00003000000000000
2750 5498 2750 2 0.00003000000000000
2750 5498 2750 2 0.00003200000000000
3000 5998 3000 2 0.00003300000000000
3000 5998 3000 2 0.00003400000000000
3000 5998 3000 2 0.00003300000000000
