Nodos Aristas Frontera |CMF| Segundos
3500 1147129 3498 2 0.00004900000000000
3500 1147129 3498 2 0.00004800000000000
3500 1147129 3498 2 0.00004400000000000
3500 1147129 3498 2 0.00004500000000000
3500 1147129 3498 2 0.00026300000000000
4000 1498504 3998 2 0.00005200000000000
4000 1498504 3998 2 0.00005500000000000
4000 1498504 3998 2 0.00005200000000000
4000 1498504 3998 2 0.00005300000000000
4000 1498504 3998 2 0.00005200000000000
3500 1147129 3498 2 0.00004500000000000
3500 1147129 3498 2 0.00004500000000000
3500 1147129 3498 2 0.00004700000000000
3500 1147129 3498 2 0.00004500000000000
4500 1896754 4498 2 0.00006200000000000
4500 1896754 4498 2 0.00006100000000000
4500 1896754 4498 2 0.00006200000000000
4500 1896754 4498 2 0.00006000000000000
4500 1896754 4498 2 0.00006000000000000
3500 1147129 3498 2 0.00008400000000000
5000 2341879 4998 2 0.00034900000000000
5000 2341879 4998 2 0.00006900000000000
5000 2341879 4998 2 0.00006800000000000
5000 2341879 4998 2 0.00006800000000000
5000 2341879 4998 2 0.00006700000000000
5000 2341879 4998 2 0.00006700000000000
5000 2341879 4998 2 0.00006800000000000
5000 2341879 4998 2 0.00006700000000000
5000 2341879 4998 2 0.00006700000000000
4000 1498504 3998 2 0.00005400000000000
4000 1498504 3998 2 0.00005400000000000
4000 1498504 3998 2 0.00005500000000000
4000 1498504 3998 2 0.00005300000000000
4000 1498504 3998 2 0.00005400000000000
4500 1896754 4498 2 0.00006500000000000
4500 1896754 4498 2 0.00006200000000000
4500 1896754 4498 2 0.00006200000000000
4500 1896754 4498 2 0.00006100000000000
4500 1896754 4498 2 0.00005900000000000
5000 2341879 4998 2 0.00006600000000000
