Nodos Aristas Frontera |CMF| Segundos
3500 2440833 12945 9 0.00100300000000000
3500 2304885 10923 8 0.00051600000000000
4000 2901386 12179 8 0.00049100000000000
3500 3306381 25246 13 0.00049100000000000
4500 3503114 14455 9 0.00028100000000000
4000 3669004 20796 11 0.00068000000000000
4000 3519505 19757 11 0.00043000000000000
3500 3708229 32574 15 0.00039600000000000
3500 3787449 37741 17 0.00043900000000000
4000 3636176 20609 11 0.00036600000000000
4000 4420472 34013 15 0.00038500000000000
4500 5331278 29371 12 0.00027600000000000
4500 5494555 30210 12 0.00042000000000000
5000 5804579 26218 11 0.01276500000000000
5000 6295323 30957 12 0.00029000000000000
4500 6392292 52143 18 0.00034100000000000
4500 6535176 53437 18 0.00023900000000000
5000 7627871 49905 16 0.00028000000000000
5000 8035757 62226 19 0.00035700000000000
5000 8137920 56546 17 0.00033500000000000
